#
# There is insufficient memory for the Java Runtime Environment to continue.
# Native memory allocation (mmap) failed to map 234881024 bytes for G1 virtual space
# Possible reasons:
#   The system is out of physical RAM or swap space
#   The process is running with CompressedOops enabled, and the Java Heap may be blocking the growth of the native heap
# Possible solutions:
#   Reduce memory load on the system
#   Increase physical memory or swap space
#   Check if swap backing store is full
#   Decrease Java heap size (-Xmx/-Xms)
#   Decrease number of Java threads
#   Decrease Java thread stack sizes (-Xss)
#   Set larger code cache with -XX:ReservedCodeCacheSize=
#   JVM is running with Zero Based Compressed Oops mode in which the Java heap is
#     placed in the first 32GB address space. The Java Heap base address is the
#     maximum limit for the native heap growth. Please use -XX:HeapBaseMinAddress
#     to set the Java Heap base and to place the Java Heap above 32GB virtual address.
# This output file may be truncated or incomplete.
#
#  Out of Memory Error (os_windows.cpp:3600), pid=16776, tid=20352
#
# JRE version:  (21.0.2+13) (build )
# Java VM: OpenJDK 64-Bit Server VM (21.0.2+13-LTS, mixed mode, sharing, tiered, compressed oops, compressed class ptrs, g1 gc, windows-amd64)
# No core dump will be written. Minidumps are not enabled by default on client versions of Windows
#

---------------  S U M M A R Y ------------

Command Line: -Dclassworlds.conf=C:\Users\Cirilo\.m2\wrapper\dists\apache-maven-3.9.6\834f1afe40575b70b4b2527f4b12df8e\bin\m2.conf -Dmaven.home=C:\Users\Cirilo\.m2\wrapper\dists\apache-maven-3.9.6\834f1afe40575b70b4b2527f4b12df8e -Dlibrary.jansi.path=C:\Users\Cirilo\.m2\wrapper\dists\apache-maven-3.9.6\834f1afe40575b70b4b2527f4b12df8e\lib\jansi-native -Dmaven.multiModuleProjectDirectory=C:\Users\Cirilo\Documents\testes-automatizados org.codehaus.plexus.classworlds.launcher.Launcher compile

Host: AMD Ryzen 5 3550H with Radeon Vega Mobile Gfx  , 8 cores, 13G,  Windows 11 , 64 bit Build 22621 (10.0.22621.3958)
Time: Thu Oct 31 03:14:07 2024 Hora oficial do Brasil elapsed time: 0.058519 seconds (0d 0h 0m 0s)

---------------  T H R E A D  ---------------

Current thread (0x000001eba8931960):  JavaThread "Unknown thread" [_thread_in_vm, id=20352, stack(0x000000a0a7e00000,0x000000a0a7f00000) (1024K)]

Stack: [0x000000a0a7e00000,0x000000a0a7f00000]
Native frames: (J=compiled Java code, j=interpreted, Vv=VM code, C=native code)
V  [jvm.dll+0x6c94f9]
V  [jvm.dll+0x8a3c21]
V  [jvm.dll+0x8a614e]
V  [jvm.dll+0x8a6823]
V  [jvm.dll+0x27fa86]
V  [jvm.dll+0x6c5c75]
V  [jvm.dll+0x6ba96a]
V  [jvm.dll+0x35398a]
V  [jvm.dll+0x35b536]
V  [jvm.dll+0x3ac6be]
V  [jvm.dll+0x3ac968]
V  [jvm.dll+0x327bcc]
V  [jvm.dll+0x32872b]
V  [jvm.dll+0x86ccf9]
V  [jvm.dll+0x3b96c1]
V  [jvm.dll+0x854ec8]
V  [jvm.dll+0x44d44e]
V  [jvm.dll+0x44eed1]
C  [jli.dll+0x5278]
C  [ucrtbase.dll+0x29333]
C  [KERNEL32.DLL+0x1257d]
C  [ntdll.dll+0x5af08]


---------------  P R O C E S S  ---------------

Threads class SMR info:
_java_thread_list=0x00007ffafe25f088, length=0, elements={
}

Java Threads: ( => current thread )
Total: 0

Other Threads:
  0x000001eba8bc57a0 WorkerThread "GC Thread#0"                     [id=41052, stack(0x000000a0a7f00000,0x000000a0a8000000) (1024K)]
  0x000001eba8bd4ea0 ConcurrentGCThread "G1 Main Marker"            [id=1280, stack(0x000000a0a8000000,0x000000a0a8100000) (1024K)]
  0x000001eba8bd59a0 WorkerThread "G1 Conc#0"                       [id=8084, stack(0x000000a0a8100000,0x000000a0a8200000) (1024K)]

[error occurred during error reporting (printing all threads), id 0xc0000005, EXCEPTION_ACCESS_VIOLATION (0xc0000005) at pc=0x00007ffafd96a4f7]
VM state: not at safepoint (not fully initialized)

VM Mutex/Monitor currently owned by a thread:  ([mutex/lock_event])
[0x00007ffafe2d3298] Heap_lock - owner thread: 0x000001eba8931960

Heap address: 0x0000000720e00000, size: 3570 MB, Compressed Oops mode: Zero based, Oop shift amount: 3

CDS archive(s) mapped at: [0x0000000000000000-0x0000000000000000-0x0000000000000000), size 0, SharedBaseAddress: 0x0000000800000000, ArchiveRelocationMode: 1.
Narrow klass base: 0x0000000000000000, Narrow klass shift: 0, Narrow klass range: 0x0

GC Precious Log:
 CardTable entry size: 512
 Card Set container configuration: InlinePtr #cards 4 size 8 Array Of Cards #cards 16 size 48 Howl #buckets 8 coarsen threshold 3686 Howl Bitmap #cards 512 size 80 coarsen threshold 460 Card regions per heap region 1 cards per card region 4096

Heap:
 garbage-first heap   total 0K, used 0K [0x0000000720e00000, 0x0000000800000000)
  region size 2048K, 0 young (0K), 0 survivors (0K)

[error occurred during error reporting (printing heap information), id 0xc0000005, EXCEPTION_ACCESS_VIOLATION (0xc0000005) at pc=0x00007ffafdd523c9]
GC Heap History (0 events):
No events

Dll operation events (1 events):
Event: 0.033 Loaded shared library C:\Program Files\Eclipse Adoptium\jdk-21.0.2.13-hotspot\bin\java.dll

Deoptimization events (0 events):
No events

Classes loaded (0 events):
No events

Classes unloaded (0 events):
No events

Classes redefined (0 events):
No events

Internal exceptions (0 events):
No events

ZGC Phase Switch (0 events):
No events

VM Operations (0 events):
No events

Events (0 events):
No events


Dynamic libraries:
0x00007ff786d30000 - 0x00007ff786d3e000 	C:\Program Files\Eclipse Adoptium\jdk-21.0.2.13-hotspot\bin\java.exe
0x00007ffb90710000 - 0x00007ffb90927000 	C:\Windows\SYSTEM32\ntdll.dll
0x00007ffb8f5e0000 - 0x00007ffb8f6a4000 	C:\Windows\System32\KERNEL32.DLL
0x00007ffb8dc30000 - 0x00007ffb8dfe7000 	C:\Windows\System32\KERNELBASE.dll
0x00007ffb8e090000 - 0x00007ffb8e1a1000 	C:\Windows\System32\ucrtbase.dll
0x00007ffb88920000 - 0x00007ffb88938000 	C:\Program Files\Eclipse Adoptium\jdk-21.0.2.13-hotspot\bin\jli.dll
0x00007ffb8f0b0000 - 0x00007ffb8f25f000 	C:\Windows\System32\USER32.dll
0x00007ffb8dc00000 - 0x00007ffb8dc26000 	C:\Windows\System32\win32u.dll
0x00007ffb90590000 - 0x00007ffb905b9000 	C:\Windows\System32\GDI32.dll
0x00007ffb89200000 - 0x00007ffb8921b000 	C:\Program Files\Eclipse Adoptium\jdk-21.0.2.13-hotspot\bin\VCRUNTIME140.dll
0x00007ffb8e320000 - 0x00007ffb8e438000 	C:\Windows\System32\gdi32full.dll
0x00007ffb8dff0000 - 0x00007ffb8e08a000 	C:\Windows\System32\msvcp_win.dll
0x00007ffb7b540000 - 0x00007ffb7b7d3000 	C:\Windows\WinSxS\amd64_microsoft.windows.common-controls_6595b64144ccf1df_6.0.22621.3672_none_2713b9d173822955\COMCTL32.dll
0x00007ffb90140000 - 0x00007ffb901e7000 	C:\Windows\System32\msvcrt.dll
0x00007ffb8efe0000 - 0x00007ffb8f011000 	C:\Windows\System32\IMM32.DLL
0x00007ffb88910000 - 0x00007ffb8891c000 	C:\Program Files\Eclipse Adoptium\jdk-21.0.2.13-hotspot\bin\vcruntime140_1.dll
0x00007ffb88880000 - 0x00007ffb8890e000 	C:\Program Files\Eclipse Adoptium\jdk-21.0.2.13-hotspot\bin\msvcp140.dll
0x00007ffafd630000 - 0x00007ffafe3b3000 	C:\Program Files\Eclipse Adoptium\jdk-21.0.2.13-hotspot\bin\server\jvm.dll
0x00007ffb8ea50000 - 0x00007ffb8eb02000 	C:\Windows\System32\ADVAPI32.dll
0x00007ffb8e440000 - 0x00007ffb8e4e8000 	C:\Windows\System32\sechost.dll
0x00007ffb8e1b0000 - 0x00007ffb8e1d8000 	C:\Windows\System32\bcrypt.dll
0x00007ffb8f4a0000 - 0x00007ffb8f5b4000 	C:\Windows\System32\RPCRT4.dll
0x00007ffb8ff30000 - 0x00007ffb8ffa1000 	C:\Windows\System32\WS2_32.dll
0x00007ffb8c890000 - 0x00007ffb8c8dd000 	C:\Windows\SYSTEM32\POWRPROF.dll
0x00007ffb88540000 - 0x00007ffb88574000 	C:\Windows\SYSTEM32\WINMM.dll
0x00007ffb842c0000 - 0x00007ffb842ca000 	C:\Windows\SYSTEM32\VERSION.dll
0x00007ffb8c870000 - 0x00007ffb8c883000 	C:\Windows\SYSTEM32\UMPDC.dll
0x00007ffb8cb20000 - 0x00007ffb8cb38000 	C:\Windows\SYSTEM32\kernel.appcore.dll
0x00007ffb88870000 - 0x00007ffb8887a000 	C:\Program Files\Eclipse Adoptium\jdk-21.0.2.13-hotspot\bin\jimage.dll
0x00007ffb83480000 - 0x00007ffb836b2000 	C:\Windows\SYSTEM32\DBGHELP.DLL
0x00007ffb8e4f0000 - 0x00007ffb8e87e000 	C:\Windows\System32\combase.dll
0x00007ffb904b0000 - 0x00007ffb90587000 	C:\Windows\System32\OLEAUT32.dll
0x00007ffb73f30000 - 0x00007ffb73f62000 	C:\Windows\SYSTEM32\dbgcore.DLL
0x00007ffb8e1e0000 - 0x00007ffb8e25b000 	C:\Windows\System32\bcryptPrimitives.dll
0x00007ffb88850000 - 0x00007ffb8886f000 	C:\Program Files\Eclipse Adoptium\jdk-21.0.2.13-hotspot\bin\java.dll

dbghelp: loaded successfully - version: 4.0.5 - missing functions: none
symbol engine: initialized successfully - sym options: 0x614 - pdb path: .;C:\Program Files\Eclipse Adoptium\jdk-21.0.2.13-hotspot\bin;C:\Windows\SYSTEM32;C:\Windows\WinSxS\amd64_microsoft.windows.common-controls_6595b64144ccf1df_6.0.22621.3672_none_2713b9d173822955;C:\Program Files\Eclipse Adoptium\jdk-21.0.2.13-hotspot\bin\server

VM Arguments:
jvm_args: -Dclassworlds.conf=C:\Users\Cirilo\.m2\wrapper\dists\apache-maven-3.9.6\834f1afe40575b70b4b2527f4b12df8e\bin\m2.conf -Dmaven.home=C:\Users\Cirilo\.m2\wrapper\dists\apache-maven-3.9.6\834f1afe40575b70b4b2527f4b12df8e -Dlibrary.jansi.path=C:\Users\Cirilo\.m2\wrapper\dists\apache-maven-3.9.6\834f1afe40575b70b4b2527f4b12df8e\lib\jansi-native -Dmaven.multiModuleProjectDirectory=C:\Users\Cirilo\Documents\testes-automatizados 
java_command: org.codehaus.plexus.classworlds.launcher.Launcher compile
java_class_path (initial): C:\Users\Cirilo\.m2\wrapper\dists\apache-maven-3.9.6\834f1afe40575b70b4b2527f4b12df8e\boot\plexus-classworlds-2.7.0.jar
Launcher Type: SUN_STANDARD

[Global flags]
     intx CICompilerCount                          = 4                                         {product} {ergonomic}
     uint ConcGCThreads                            = 2                                         {product} {ergonomic}
     uint G1ConcRefinementThreads                  = 8                                         {product} {ergonomic}
   size_t G1HeapRegionSize                         = 2097152                                   {product} {ergonomic}
    uintx GCDrainStackTargetSize                   = 64                                        {product} {ergonomic}
   size_t InitialHeapSize                          = 234881024                                 {product} {ergonomic}
   size_t MarkStackSize                            = 4194304                                   {product} {ergonomic}
   size_t MaxHeapSize                              = 3743416320                                {product} {ergonomic}
   size_t MinHeapDeltaBytes                        = 2097152                                   {product} {ergonomic}
   size_t MinHeapSize                              = 8388608                                   {product} {ergonomic}
    uintx NonNMethodCodeHeapSize                   = 5839372                                {pd product} {ergonomic}
    uintx NonProfiledCodeHeapSize                  = 122909434                              {pd product} {ergonomic}
    uintx ProfiledCodeHeapSize                     = 122909434                              {pd product} {ergonomic}
    uintx ReservedCodeCacheSize                    = 251658240                              {pd product} {ergonomic}
     bool SegmentedCodeCache                       = true                                      {product} {ergonomic}
   size_t SoftMaxHeapSize                          = 3743416320                             {manageable} {ergonomic}
     bool UseCompressedOops                        = true                           {product lp64_product} {ergonomic}
     bool UseG1GC                                  = true                                      {product} {ergonomic}
     bool UseLargePagesIndividualAllocation        = false                                  {pd product} {ergonomic}

Logging:
Log output configuration:
 #0: stdout all=warning uptime,level,tags foldmultilines=false
 #1: stderr all=off uptime,level,tags foldmultilines=false

Environment Variables:
JAVA_HOME=C:\Program Files\Eclipse Adoptium\jdk-21.0.2.13-hotspot\
PATH=C:\Program Files\Eclipse Adoptium\jdk-21.0.2.13-hotspot\bin;C:\Windows\system32;C:\Windows;C:\Windows\System32\Wbem;C:\Windows\System32\WindowsPowerShell\v1.0\;C:\Windows\System32\OpenSSH\;C:\Program Files\Git\cmd;C:\Program Files\Docker\Docker\resources\bin;C:\Program Files\nodejs\;C:\Program Files\NVIDIA Corporation\NVIDIA NvDLISR;C:\Users\Cirilo\Downloads\apache-maven-3.9.6\bin;C:\Program Files\dotnet\;C:\Program Files\Microsoft SQL Server\150\Tools\Binn\;C:\Program Files\Microsoft SQL Server\Client SDK\ODBC\170\Tools\Binn\;C:\Program Files\GitHub CLI\;C:\Program Files (x86)\NVIDIA Corporation\PhysX\Common;C:\ProgramData\chocolatey\bin;C:\Program Files\PuTTY\;C:\Users\Cirilo\AppData\Local\Microsoft\WindowsApps;C:\Users\Cirilo\AppData\Local\GitHubDesktop\bin;C:\Users\Cirilo\AppData\Local\Programs\Microsoft VS Code\bin;C:\Users\Cirilo\AppData\Roaming\npm;C:\Users\Cirilo\.dotnet\tools
USERNAME=Cirilo
OS=Windows_NT
PROCESSOR_IDENTIFIER=AMD64 Family 23 Model 24 Stepping 1, AuthenticAMD
TMP=C:\Users\Cirilo\AppData\Local\Temp
TEMP=C:\Users\Cirilo\AppData\Local\Temp




Periodic native trim disabled

---------------  S Y S T E M  ---------------

OS:
 Windows 11 , 64 bit Build 22621 (10.0.22621.3958)
OS uptime: 16 days 13:44 hours
Hyper-V role detected

CPU: total 8 (initial active 8) (8 cores per cpu, 2 threads per core) family 23 model 24 stepping 1 microcode 0x0, cx8, cmov, fxsr, ht, mmx, 3dnowpref, sse, sse2, sse3, ssse3, sse4a, sse4.1, sse4.2, popcnt, lzcnt, tsc, tscinvbit, avx, avx2, aes, clmul, bmi1, bmi2, adx, sha, fma, vzeroupper, clflush, clflushopt, hv, rdtscp, f16c
Processor Information for all 8 processors :
  Max Mhz: 2100, Current Mhz: 2100, Mhz Limit: 2100

Memory: 4k page, system-wide physical 14274M (470M free)
TotalPageFile size 57282M (AvailPageFile size 68M)
current process WorkingSet (physical memory assigned to process): 11M, peak: 11M
current process commit charge ("private bytes"): 60M, peak: 284M

vm_info: OpenJDK 64-Bit Server VM (21.0.2+13-LTS) for windows-amd64 JRE (21.0.2+13-LTS), built on 2024-01-16T00:00:00Z by "admin" with unknown MS VC++:1937

END.
