#
# There is insufficient memory for the Java Runtime Environment to continue.
# Native memory allocation (malloc) failed to allocate 309376 bytes for Chunk::new
# Possible reasons:
#   The system is out of physical RAM or swap space
#   The process is running with CompressedOops enabled, and the Java Heap may be blocking the growth of the native heap
# Possible solutions:
#   Reduce memory load on the system
#   Increase physical memory or swap space
#   Check if swap backing store is full
#   Decrease Java heap size (-Xmx/-Xms)
#   Decrease number of Java threads
#   Decrease Java thread stack sizes (-Xss)
#   Set larger code cache with -XX:ReservedCodeCacheSize=
#   JVM is running with Zero Based Compressed Oops mode in which the Java heap is
#     placed in the first 32GB address space. The Java Heap base address is the
#     maximum limit for the native heap growth. Please use -XX:HeapBaseMinAddress
#     to set the Java Heap base and to place the Java Heap above 32GB virtual address.
# This output file may be truncated or incomplete.
#
#  Out of Memory Error (arena.cpp:168), pid=39492, tid=34364
#
# JRE version: OpenJDK Runtime Environment Temurin-21.0.2+13 (21.0.2+13) (build 21.0.2+13-LTS)
# Java VM: OpenJDK 64-Bit Server VM Temurin-21.0.2+13 (21.0.2+13-LTS, mixed mode, sharing, tiered, compressed oops, compressed class ptrs, g1 gc, windows-amd64)
# No core dump will be written. Minidumps are not enabled by default on client versions of Windows
#

---------------  S U M M A R Y ------------

Command Line: -Dclassworlds.conf=C:\Users\Cirilo\.m2\wrapper\dists\apache-maven-3.9.6\834f1afe40575b70b4b2527f4b12df8e\bin\m2.conf -Dmaven.home=C:\Users\Cirilo\.m2\wrapper\dists\apache-maven-3.9.6\834f1afe40575b70b4b2527f4b12df8e -Dlibrary.jansi.path=C:\Users\Cirilo\.m2\wrapper\dists\apache-maven-3.9.6\834f1afe40575b70b4b2527f4b12df8e\lib\jansi-native -Dmaven.multiModuleProjectDirectory=C:\Users\Cirilo\Documents\testes-automatizados org.codehaus.plexus.classworlds.launcher.Launcher test

Host: AMD Ryzen 5 3550H with Radeon Vega Mobile Gfx  , 8 cores, 13G,  Windows 11 , 64 bit Build 22621 (10.0.22621.3958)
Time: Thu Oct 31 03:20:01 2024 Hora oficial do Brasil elapsed time: 9.586560 seconds (0d 0h 0m 9s)

---------------  T H R E A D  ---------------

Current thread (0x000001e2d42ab3d0):  JavaThread "C2 CompilerThread0" daemon [_thread_in_native, id=34364, stack(0x0000002c10500000,0x0000002c10600000) (1024K)]


Current CompileTask:
C2:   9586 2845       4       org.codehaus.plexus.util.xml.pull.MXParser::parseStartTag (1190 bytes)

Stack: [0x0000002c10500000,0x0000002c10600000]
Native frames: (J=compiled Java code, j=interpreted, Vv=VM code, C=native code)
V  [jvm.dll+0x6c94f9]
V  [jvm.dll+0x8a3c21]
V  [jvm.dll+0x8a614e]
V  [jvm.dll+0x8a6823]
V  [jvm.dll+0x27fa86]
V  [jvm.dll+0xc4a2d]
V  [jvm.dll+0xc4f63]
V  [jvm.dll+0x2f278f]
V  [jvm.dll+0x5f2c9a]
V  [jvm.dll+0x25112f]
V  [jvm.dll+0x24962e]
V  [jvm.dll+0x24747b]
V  [jvm.dll+0x1c847e]
V  [jvm.dll+0x256db9]
V  [jvm.dll+0x25538a]
V  [jvm.dll+0x3ed0d6]
V  [jvm.dll+0x84cb3b]
V  [jvm.dll+0x6c7c2d]
C  [ucrtbase.dll+0x29333]
C  [KERNEL32.DLL+0x1257d]
C  [ntdll.dll+0x5af08]


---------------  P R O C E S S  ---------------

Threads class SMR info:
_java_thread_list=0x000001e31a7ebeb0, length=12, elements={
0x000001e2b354fd60, 0x000001e2d4298170, 0x000001e2d4298ca0, 0x000001e2d429f6a0,
0x000001e2d42a1d20, 0x000001e2d42a2390, 0x000001e2d42a8a20, 0x000001e2d42ab3d0,
0x000001e2d42ad5c0, 0x000001e2d4510d90, 0x000001e2d4511fe0, 0x000001e31a7f24e0
}

Java Threads: ( => current thread )
  0x000001e2b354fd60 JavaThread "main"                              [_thread_in_Java, id=20652, stack(0x0000002c0f700000,0x0000002c0f800000) (1024K)]
  0x000001e2d4298170 JavaThread "Reference Handler"          daemon [_thread_blocked, id=41664, stack(0x0000002c0ff00000,0x0000002c10000000) (1024K)]
  0x000001e2d4298ca0 JavaThread "Finalizer"                  daemon [_thread_blocked, id=16712, stack(0x0000002c10000000,0x0000002c10100000) (1024K)]
  0x000001e2d429f6a0 JavaThread "Signal Dispatcher"          daemon [_thread_blocked, id=41016, stack(0x0000002c10100000,0x0000002c10200000) (1024K)]
  0x000001e2d42a1d20 JavaThread "Attach Listener"            daemon [_thread_blocked, id=35204, stack(0x0000002c10200000,0x0000002c10300000) (1024K)]
  0x000001e2d42a2390 JavaThread "Service Thread"             daemon [_thread_blocked, id=24724, stack(0x0000002c10300000,0x0000002c10400000) (1024K)]
  0x000001e2d42a8a20 JavaThread "Monitor Deflation Thread"   daemon [_thread_blocked, id=39236, stack(0x0000002c10400000,0x0000002c10500000) (1024K)]
=>0x000001e2d42ab3d0 JavaThread "C2 CompilerThread0"         daemon [_thread_in_native, id=34364, stack(0x0000002c10500000,0x0000002c10600000) (1024K)]
  0x000001e2d42ad5c0 JavaThread "C1 CompilerThread0"         daemon [_thread_in_native, id=24020, stack(0x0000002c10600000,0x0000002c10700000) (1024K)]
  0x000001e2d4510d90 JavaThread "Notification Thread"        daemon [_thread_blocked, id=39020, stack(0x0000002c10700000,0x0000002c10800000) (1024K)]
  0x000001e2d4511fe0 JavaThread "Common-Cleaner"             daemon [_thread_blocked, id=42844, stack(0x0000002c10800000,0x0000002c10900000) (1024K)]
  0x000001e31a7f24e0 JavaThread "C2 CompilerThread1"         daemon [_thread_in_native, id=352, stack(0x0000002c10900000,0x0000002c10a00000) (1024K)]
Total: 12

Other Threads:
  0x000001e2d427e360 VMThread "VM Thread"                           [id=42684, stack(0x0000002c0fe00000,0x0000002c0ff00000) (1024K)]
  0x000001e2d4266500 WatcherThread "VM Periodic Task Thread"        [id=37880, stack(0x0000002c0fd00000,0x0000002c0fe00000) (1024K)]
  0x000001e2b58e4920 WorkerThread "GC Thread#0"                     [id=33052, stack(0x0000002c0f800000,0x0000002c0f900000) (1024K)]
  0x000001e31aadfa30 WorkerThread "GC Thread#1"                     [id=39896, stack(0x0000002c10b00000,0x0000002c10c00000) (1024K)]
  0x000001e31aadfdd0 WorkerThread "GC Thread#2"                     [id=35596, stack(0x0000002c10c00000,0x0000002c10d00000) (1024K)]
  0x000001e31a94ed30 WorkerThread "GC Thread#3"                     [id=16980, stack(0x0000002c10d00000,0x0000002c10e00000) (1024K)]
  0x000001e31a94f0d0 WorkerThread "GC Thread#4"                     [id=9472, stack(0x0000002c10e00000,0x0000002c10f00000) (1024K)]
  0x000001e31afcc010 WorkerThread "GC Thread#5"                     [id=42952, stack(0x0000002c10f00000,0x0000002c11000000) (1024K)]
  0x000001e31afcc7b0 WorkerThread "GC Thread#6"                     [id=36820, stack(0x0000002c11000000,0x0000002c11100000) (1024K)]
  0x000001e31afccb50 WorkerThread "GC Thread#7"                     [id=27424, stack(0x0000002c11100000,0x0000002c11200000) (1024K)]
  0x000001e2b58f41d0 ConcurrentGCThread "G1 Main Marker"            [id=4520, stack(0x0000002c0f900000,0x0000002c0fa00000) (1024K)]
  0x000001e2b58f4cd0 WorkerThread "G1 Conc#0"                       [id=19492, stack(0x0000002c0fa00000,0x0000002c0fb00000) (1024K)]
  0x000001e2d4139440 ConcurrentGCThread "G1 Refine#0"               [id=2736, stack(0x0000002c0fb00000,0x0000002c0fc00000) (1024K)]
  0x000001e2b594e530 ConcurrentGCThread "G1 Service"                [id=22768, stack(0x0000002c0fc00000,0x0000002c0fd00000) (1024K)]
Total: 14

Threads with active compile tasks:
C2 CompilerThread0     9641 2845       4       org.codehaus.plexus.util.xml.pull.MXParser::parseStartTag (1190 bytes)
C1 CompilerThread0     9641 2891       3       org.apache.maven.model.ConfigurationContainer::setLocation (156 bytes)
C2 CompilerThread1     9641 2859       4       org.codehaus.plexus.util.xml.pull.MXParser::nextImpl (1203 bytes)
Total: 3

VM state: not at safepoint (normal execution)

VM Mutex/Monitor currently owned by a thread: None

Heap address: 0x0000000720e00000, size: 3570 MB, Compressed Oops mode: Zero based, Oop shift amount: 3

CDS archive(s) mapped at: [0x000001e2d5000000-0x000001e2d5c90000-0x000001e2d5c90000), size 13172736, SharedBaseAddress: 0x000001e2d5000000, ArchiveRelocationMode: 1.
Compressed class space mapped at: 0x000001e2d6000000-0x000001e316000000, reserved size: 1073741824
Narrow klass base: 0x000001e2d5000000, Narrow klass shift: 0, Narrow klass range: 0x100000000

GC Precious Log:
 CardTable entry size: 512
 Card Set container configuration: InlinePtr #cards 4 size 8 Array Of Cards #cards 16 size 48 Howl #buckets 8 coarsen threshold 3686 Howl Bitmap #cards 512 size 80 coarsen threshold 460 Card regions per heap region 1 cards per card region 4096
 CPUs: 8 total, 8 available
 Memory: 14274M
 Large Page Support: Disabled
 NUMA Support: Disabled
 Compressed Oops: Enabled (Zero based)
 Heap Region Size: 2M
 Heap Min Capacity: 8M
 Heap Initial Capacity: 224M
 Heap Max Capacity: 3570M
 Pre-touch: Disabled
 Parallel Workers: 8
 Concurrent Workers: 2
 Concurrent Refinement Workers: 8
 Periodic GC: Disabled

Heap:
 garbage-first heap   total 229376K, used 28215K [0x0000000720e00000, 0x0000000800000000)
  region size 2048K, 13 young (26624K), 1 survivors (2048K)
 Metaspace       used 15374K, committed 15616K, reserved 1114112K
  class space    used 1808K, committed 1920K, reserved 1048576K

Heap Regions: E=young(eden), S=young(survivor), O=old, HS=humongous(starts), HC=humongous(continues), CS=collection set, F=free, TAMS=top-at-mark-start, PB=parsable bottom
|   0|0x0000000720e00000, 0x0000000721000000, 0x0000000721000000|100%| O|  |TAMS 0x0000000720e00000| PB 0x0000000720e00000| Untracked 
|   1|0x0000000721000000, 0x00000007211958c0, 0x0000000721200000| 79%| O|  |TAMS 0x0000000721000000| PB 0x0000000721000000| Untracked 
|   2|0x0000000721200000, 0x0000000721200000, 0x0000000721400000|  0%| F|  |TAMS 0x0000000721200000| PB 0x0000000721200000| Untracked 
|   3|0x0000000721400000, 0x0000000721400000, 0x0000000721600000|  0%| F|  |TAMS 0x0000000721400000| PB 0x0000000721400000| Untracked 
|   4|0x0000000721600000, 0x0000000721600000, 0x0000000721800000|  0%| F|  |TAMS 0x0000000721600000| PB 0x0000000721600000| Untracked 
|   5|0x0000000721800000, 0x0000000721800000, 0x0000000721a00000|  0%| F|  |TAMS 0x0000000721800000| PB 0x0000000721800000| Untracked 
|   6|0x0000000721a00000, 0x0000000721a00000, 0x0000000721c00000|  0%| F|  |TAMS 0x0000000721a00000| PB 0x0000000721a00000| Untracked 
|   7|0x0000000721c00000, 0x0000000721c00000, 0x0000000721e00000|  0%| F|  |TAMS 0x0000000721c00000| PB 0x0000000721c00000| Untracked 
|   8|0x0000000721e00000, 0x0000000721e00000, 0x0000000722000000|  0%| F|  |TAMS 0x0000000721e00000| PB 0x0000000721e00000| Untracked 
|   9|0x0000000722000000, 0x0000000722000000, 0x0000000722200000|  0%| F|  |TAMS 0x0000000722000000| PB 0x0000000722000000| Untracked 
|  10|0x0000000722200000, 0x0000000722200000, 0x0000000722400000|  0%| F|  |TAMS 0x0000000722200000| PB 0x0000000722200000| Untracked 
|  11|0x0000000722400000, 0x0000000722400000, 0x0000000722600000|  0%| F|  |TAMS 0x0000000722400000| PB 0x0000000722400000| Untracked 
|  12|0x0000000722600000, 0x0000000722600000, 0x0000000722800000|  0%| F|  |TAMS 0x0000000722600000| PB 0x0000000722600000| Untracked 
|  13|0x0000000722800000, 0x0000000722800000, 0x0000000722a00000|  0%| F|  |TAMS 0x0000000722800000| PB 0x0000000722800000| Untracked 
|  14|0x0000000722a00000, 0x0000000722a00000, 0x0000000722c00000|  0%| F|  |TAMS 0x0000000722a00000| PB 0x0000000722a00000| Untracked 
|  15|0x0000000722c00000, 0x0000000722c00000, 0x0000000722e00000|  0%| F|  |TAMS 0x0000000722c00000| PB 0x0000000722c00000| Untracked 
|  16|0x0000000722e00000, 0x0000000722e00000, 0x0000000723000000|  0%| F|  |TAMS 0x0000000722e00000| PB 0x0000000722e00000| Untracked 
|  17|0x0000000723000000, 0x0000000723000000, 0x0000000723200000|  0%| F|  |TAMS 0x0000000723000000| PB 0x0000000723000000| Untracked 
|  18|0x0000000723200000, 0x0000000723200000, 0x0000000723400000|  0%| F|  |TAMS 0x0000000723200000| PB 0x0000000723200000| Untracked 
|  19|0x0000000723400000, 0x0000000723400000, 0x0000000723600000|  0%| F|  |TAMS 0x0000000723400000| PB 0x0000000723400000| Untracked 
|  20|0x0000000723600000, 0x0000000723600000, 0x0000000723800000|  0%| F|  |TAMS 0x0000000723600000| PB 0x0000000723600000| Untracked 
|  21|0x0000000723800000, 0x0000000723800000, 0x0000000723a00000|  0%| F|  |TAMS 0x0000000723800000| PB 0x0000000723800000| Untracked 
|  22|0x0000000723a00000, 0x0000000723a00000, 0x0000000723c00000|  0%| F|  |TAMS 0x0000000723a00000| PB 0x0000000723a00000| Untracked 
|  23|0x0000000723c00000, 0x0000000723c00000, 0x0000000723e00000|  0%| F|  |TAMS 0x0000000723c00000| PB 0x0000000723c00000| Untracked 
|  24|0x0000000723e00000, 0x0000000723e00000, 0x0000000724000000|  0%| F|  |TAMS 0x0000000723e00000| PB 0x0000000723e00000| Untracked 
|  25|0x0000000724000000, 0x0000000724000000, 0x0000000724200000|  0%| F|  |TAMS 0x0000000724000000| PB 0x0000000724000000| Untracked 
|  26|0x0000000724200000, 0x0000000724200000, 0x0000000724400000|  0%| F|  |TAMS 0x0000000724200000| PB 0x0000000724200000| Untracked 
|  27|0x0000000724400000, 0x0000000724400000, 0x0000000724600000|  0%| F|  |TAMS 0x0000000724400000| PB 0x0000000724400000| Untracked 
|  28|0x0000000724600000, 0x0000000724600000, 0x0000000724800000|  0%| F|  |TAMS 0x0000000724600000| PB 0x0000000724600000| Untracked 
|  29|0x0000000724800000, 0x0000000724800000, 0x0000000724a00000|  0%| F|  |TAMS 0x0000000724800000| PB 0x0000000724800000| Untracked 
|  30|0x0000000724a00000, 0x0000000724a00000, 0x0000000724c00000|  0%| F|  |TAMS 0x0000000724a00000| PB 0x0000000724a00000| Untracked 
|  31|0x0000000724c00000, 0x0000000724c00000, 0x0000000724e00000|  0%| F|  |TAMS 0x0000000724c00000| PB 0x0000000724c00000| Untracked 
|  32|0x0000000724e00000, 0x0000000724e00000, 0x0000000725000000|  0%| F|  |TAMS 0x0000000724e00000| PB 0x0000000724e00000| Untracked 
|  33|0x0000000725000000, 0x0000000725000000, 0x0000000725200000|  0%| F|  |TAMS 0x0000000725000000| PB 0x0000000725000000| Untracked 
|  34|0x0000000725200000, 0x0000000725200000, 0x0000000725400000|  0%| F|  |TAMS 0x0000000725200000| PB 0x0000000725200000| Untracked 
|  35|0x0000000725400000, 0x0000000725400000, 0x0000000725600000|  0%| F|  |TAMS 0x0000000725400000| PB 0x0000000725400000| Untracked 
|  36|0x0000000725600000, 0x0000000725600000, 0x0000000725800000|  0%| F|  |TAMS 0x0000000725600000| PB 0x0000000725600000| Untracked 
|  37|0x0000000725800000, 0x0000000725800000, 0x0000000725a00000|  0%| F|  |TAMS 0x0000000725800000| PB 0x0000000725800000| Untracked 
|  38|0x0000000725a00000, 0x0000000725a00000, 0x0000000725c00000|  0%| F|  |TAMS 0x0000000725a00000| PB 0x0000000725a00000| Untracked 
|  39|0x0000000725c00000, 0x0000000725c00000, 0x0000000725e00000|  0%| F|  |TAMS 0x0000000725c00000| PB 0x0000000725c00000| Untracked 
|  40|0x0000000725e00000, 0x0000000725e00000, 0x0000000726000000|  0%| F|  |TAMS 0x0000000725e00000| PB 0x0000000725e00000| Untracked 
|  41|0x0000000726000000, 0x0000000726000000, 0x0000000726200000|  0%| F|  |TAMS 0x0000000726000000| PB 0x0000000726000000| Untracked 
|  42|0x0000000726200000, 0x0000000726200000, 0x0000000726400000|  0%| F|  |TAMS 0x0000000726200000| PB 0x0000000726200000| Untracked 
|  43|0x0000000726400000, 0x0000000726400000, 0x0000000726600000|  0%| F|  |TAMS 0x0000000726400000| PB 0x0000000726400000| Untracked 
|  44|0x0000000726600000, 0x0000000726600000, 0x0000000726800000|  0%| F|  |TAMS 0x0000000726600000| PB 0x0000000726600000| Untracked 
|  45|0x0000000726800000, 0x0000000726800000, 0x0000000726a00000|  0%| F|  |TAMS 0x0000000726800000| PB 0x0000000726800000| Untracked 
|  46|0x0000000726a00000, 0x0000000726a00000, 0x0000000726c00000|  0%| F|  |TAMS 0x0000000726a00000| PB 0x0000000726a00000| Untracked 
|  47|0x0000000726c00000, 0x0000000726c00000, 0x0000000726e00000|  0%| F|  |TAMS 0x0000000726c00000| PB 0x0000000726c00000| Untracked 
|  48|0x0000000726e00000, 0x0000000726e00000, 0x0000000727000000|  0%| F|  |TAMS 0x0000000726e00000| PB 0x0000000726e00000| Untracked 
|  49|0x0000000727000000, 0x0000000727000000, 0x0000000727200000|  0%| F|  |TAMS 0x0000000727000000| PB 0x0000000727000000| Untracked 
|  50|0x0000000727200000, 0x0000000727200000, 0x0000000727400000|  0%| F|  |TAMS 0x0000000727200000| PB 0x0000000727200000| Untracked 
|  51|0x0000000727400000, 0x0000000727400000, 0x0000000727600000|  0%| F|  |TAMS 0x0000000727400000| PB 0x0000000727400000| Untracked 
|  52|0x0000000727600000, 0x0000000727600000, 0x0000000727800000|  0%| F|  |TAMS 0x0000000727600000| PB 0x0000000727600000| Untracked 
|  53|0x0000000727800000, 0x0000000727800000, 0x0000000727a00000|  0%| F|  |TAMS 0x0000000727800000| PB 0x0000000727800000| Untracked 
|  54|0x0000000727a00000, 0x0000000727a00000, 0x0000000727c00000|  0%| F|  |TAMS 0x0000000727a00000| PB 0x0000000727a00000| Untracked 
|  55|0x0000000727c00000, 0x0000000727c00000, 0x0000000727e00000|  0%| F|  |TAMS 0x0000000727c00000| PB 0x0000000727c00000| Untracked 
|  56|0x0000000727e00000, 0x0000000727e00000, 0x0000000728000000|  0%| F|  |TAMS 0x0000000727e00000| PB 0x0000000727e00000| Untracked 
|  57|0x0000000728000000, 0x0000000728000000, 0x0000000728200000|  0%| F|  |TAMS 0x0000000728000000| PB 0x0000000728000000| Untracked 
|  58|0x0000000728200000, 0x0000000728200000, 0x0000000728400000|  0%| F|  |TAMS 0x0000000728200000| PB 0x0000000728200000| Untracked 
|  59|0x0000000728400000, 0x0000000728400000, 0x0000000728600000|  0%| F|  |TAMS 0x0000000728400000| PB 0x0000000728400000| Untracked 
|  60|0x0000000728600000, 0x0000000728600000, 0x0000000728800000|  0%| F|  |TAMS 0x0000000728600000| PB 0x0000000728600000| Untracked 
|  61|0x0000000728800000, 0x0000000728800000, 0x0000000728a00000|  0%| F|  |TAMS 0x0000000728800000| PB 0x0000000728800000| Untracked 
|  62|0x0000000728a00000, 0x0000000728a00000, 0x0000000728c00000|  0%| F|  |TAMS 0x0000000728a00000| PB 0x0000000728a00000| Untracked 
|  63|0x0000000728c00000, 0x0000000728c00000, 0x0000000728e00000|  0%| F|  |TAMS 0x0000000728c00000| PB 0x0000000728c00000| Untracked 
|  64|0x0000000728e00000, 0x0000000728e00000, 0x0000000729000000|  0%| F|  |TAMS 0x0000000728e00000| PB 0x0000000728e00000| Untracked 
|  65|0x0000000729000000, 0x0000000729000000, 0x0000000729200000|  0%| F|  |TAMS 0x0000000729000000| PB 0x0000000729000000| Untracked 
|  66|0x0000000729200000, 0x0000000729200000, 0x0000000729400000|  0%| F|  |TAMS 0x0000000729200000| PB 0x0000000729200000| Untracked 
|  67|0x0000000729400000, 0x0000000729400000, 0x0000000729600000|  0%| F|  |TAMS 0x0000000729400000| PB 0x0000000729400000| Untracked 
|  68|0x0000000729600000, 0x0000000729600000, 0x0000000729800000|  0%| F|  |TAMS 0x0000000729600000| PB 0x0000000729600000| Untracked 
|  69|0x0000000729800000, 0x0000000729800000, 0x0000000729a00000|  0%| F|  |TAMS 0x0000000729800000| PB 0x0000000729800000| Untracked 
|  70|0x0000000729a00000, 0x0000000729a00000, 0x0000000729c00000|  0%| F|  |TAMS 0x0000000729a00000| PB 0x0000000729a00000| Untracked 
|  71|0x0000000729c00000, 0x0000000729c00000, 0x0000000729e00000|  0%| F|  |TAMS 0x0000000729c00000| PB 0x0000000729c00000| Untracked 
|  72|0x0000000729e00000, 0x0000000729e00000, 0x000000072a000000|  0%| F|  |TAMS 0x0000000729e00000| PB 0x0000000729e00000| Untracked 
|  73|0x000000072a000000, 0x000000072a000000, 0x000000072a200000|  0%| F|  |TAMS 0x000000072a000000| PB 0x000000072a000000| Untracked 
|  74|0x000000072a200000, 0x000000072a200000, 0x000000072a400000|  0%| F|  |TAMS 0x000000072a200000| PB 0x000000072a200000| Untracked 
|  75|0x000000072a400000, 0x000000072a400000, 0x000000072a600000|  0%| F|  |TAMS 0x000000072a400000| PB 0x000000072a400000| Untracked 
|  76|0x000000072a600000, 0x000000072a600000, 0x000000072a800000|  0%| F|  |TAMS 0x000000072a600000| PB 0x000000072a600000| Untracked 
|  77|0x000000072a800000, 0x000000072a800000, 0x000000072aa00000|  0%| F|  |TAMS 0x000000072a800000| PB 0x000000072a800000| Untracked 
|  78|0x000000072aa00000, 0x000000072aa00000, 0x000000072ac00000|  0%| F|  |TAMS 0x000000072aa00000| PB 0x000000072aa00000| Untracked 
|  79|0x000000072ac00000, 0x000000072ac00000, 0x000000072ae00000|  0%| F|  |TAMS 0x000000072ac00000| PB 0x000000072ac00000| Untracked 
|  80|0x000000072ae00000, 0x000000072ae00000, 0x000000072b000000|  0%| F|  |TAMS 0x000000072ae00000| PB 0x000000072ae00000| Untracked 
|  81|0x000000072b000000, 0x000000072b000000, 0x000000072b200000|  0%| F|  |TAMS 0x000000072b000000| PB 0x000000072b000000| Untracked 
|  82|0x000000072b200000, 0x000000072b200000, 0x000000072b400000|  0%| F|  |TAMS 0x000000072b200000| PB 0x000000072b200000| Untracked 
|  83|0x000000072b400000, 0x000000072b400000, 0x000000072b600000|  0%| F|  |TAMS 0x000000072b400000| PB 0x000000072b400000| Untracked 
|  84|0x000000072b600000, 0x000000072b600000, 0x000000072b800000|  0%| F|  |TAMS 0x000000072b600000| PB 0x000000072b600000| Untracked 
|  85|0x000000072b800000, 0x000000072b800000, 0x000000072ba00000|  0%| F|  |TAMS 0x000000072b800000| PB 0x000000072b800000| Untracked 
|  86|0x000000072ba00000, 0x000000072ba00000, 0x000000072bc00000|  0%| F|  |TAMS 0x000000072ba00000| PB 0x000000072ba00000| Untracked 
|  87|0x000000072bc00000, 0x000000072bc00000, 0x000000072be00000|  0%| F|  |TAMS 0x000000072bc00000| PB 0x000000072bc00000| Untracked 
|  88|0x000000072be00000, 0x000000072be00000, 0x000000072c000000|  0%| F|  |TAMS 0x000000072be00000| PB 0x000000072be00000| Untracked 
|  89|0x000000072c000000, 0x000000072c000000, 0x000000072c200000|  0%| F|  |TAMS 0x000000072c000000| PB 0x000000072c000000| Untracked 
|  90|0x000000072c200000, 0x000000072c200000, 0x000000072c400000|  0%| F|  |TAMS 0x000000072c200000| PB 0x000000072c200000| Untracked 
|  91|0x000000072c400000, 0x000000072c400000, 0x000000072c600000|  0%| F|  |TAMS 0x000000072c400000| PB 0x000000072c400000| Untracked 
|  92|0x000000072c600000, 0x000000072c600000, 0x000000072c800000|  0%| F|  |TAMS 0x000000072c600000| PB 0x000000072c600000| Untracked 
|  93|0x000000072c800000, 0x000000072c800000, 0x000000072ca00000|  0%| F|  |TAMS 0x000000072c800000| PB 0x000000072c800000| Untracked 
|  94|0x000000072ca00000, 0x000000072cbf8480, 0x000000072cc00000| 98%| S|CS|TAMS 0x000000072ca00000| PB 0x000000072ca00000| Complete 
|  95|0x000000072cc00000, 0x000000072cc00000, 0x000000072ce00000|  0%| F|  |TAMS 0x000000072cc00000| PB 0x000000072cc00000| Untracked 
|  96|0x000000072ce00000, 0x000000072ce00000, 0x000000072d000000|  0%| F|  |TAMS 0x000000072ce00000| PB 0x000000072ce00000| Untracked 
|  97|0x000000072d000000, 0x000000072d000000, 0x000000072d200000|  0%| F|  |TAMS 0x000000072d000000| PB 0x000000072d000000| Untracked 
|  98|0x000000072d200000, 0x000000072d200000, 0x000000072d400000|  0%| F|  |TAMS 0x000000072d200000| PB 0x000000072d200000| Untracked 
|  99|0x000000072d400000, 0x000000072d400000, 0x000000072d600000|  0%| F|  |TAMS 0x000000072d400000| PB 0x000000072d400000| Untracked 
| 100|0x000000072d600000, 0x000000072d800000, 0x000000072d800000|100%| E|  |TAMS 0x000000072d600000| PB 0x000000072d600000| Complete 
| 101|0x000000072d800000, 0x000000072da00000, 0x000000072da00000|100%| E|CS|TAMS 0x000000072d800000| PB 0x000000072d800000| Complete 
| 102|0x000000072da00000, 0x000000072dc00000, 0x000000072dc00000|100%| E|CS|TAMS 0x000000072da00000| PB 0x000000072da00000| Complete 
| 103|0x000000072dc00000, 0x000000072de00000, 0x000000072de00000|100%| E|CS|TAMS 0x000000072dc00000| PB 0x000000072dc00000| Complete 
| 104|0x000000072de00000, 0x000000072e000000, 0x000000072e000000|100%| E|CS|TAMS 0x000000072de00000| PB 0x000000072de00000| Complete 
| 105|0x000000072e000000, 0x000000072e200000, 0x000000072e200000|100%| E|CS|TAMS 0x000000072e000000| PB 0x000000072e000000| Complete 
| 106|0x000000072e200000, 0x000000072e400000, 0x000000072e400000|100%| E|CS|TAMS 0x000000072e200000| PB 0x000000072e200000| Complete 
| 107|0x000000072e400000, 0x000000072e600000, 0x000000072e600000|100%| E|CS|TAMS 0x000000072e400000| PB 0x000000072e400000| Complete 
| 108|0x000000072e600000, 0x000000072e800000, 0x000000072e800000|100%| E|CS|TAMS 0x000000072e600000| PB 0x000000072e600000| Complete 
| 109|0x000000072e800000, 0x000000072ea00000, 0x000000072ea00000|100%| E|CS|TAMS 0x000000072e800000| PB 0x000000072e800000| Complete 
| 110|0x000000072ea00000, 0x000000072ec00000, 0x000000072ec00000|100%| E|CS|TAMS 0x000000072ea00000| PB 0x000000072ea00000| Complete 
| 111|0x000000072ec00000, 0x000000072ee00000, 0x000000072ee00000|100%| E|CS|TAMS 0x000000072ec00000| PB 0x000000072ec00000| Complete 

Card table byte_map: [0x000001e2cd9a0000,0x000001e2ce0a0000] _byte_map_base: 0x000001e2ca099000

Marking Bits: (CMBitMap*) 0x000001e2b58e5830
 Bits: [0x000001e2ce0a0000, 0x000001e2d1868000)

Polling page: 0x000001e2b3810000

Metaspace:

Usage:
  Non-class:     13.27 MB used.
      Class:      1.77 MB used.
       Both:     15.04 MB used.

Virtual space:
  Non-class space:       64.00 MB reserved,      13.38 MB ( 21%) committed,  1 nodes.
      Class space:        1.00 GB reserved,       1.88 MB ( <1%) committed,  1 nodes.
             Both:        1.06 GB reserved,      15.25 MB (  1%) committed. 

Chunk freelists:
   Non-Class:  2.14 MB
       Class:  13.97 MB
        Both:  16.11 MB

MaxMetaspaceSize: unlimited
CompressedClassSpaceSize: 1.00 GB
Initial GC threshold: 21.00 MB
Current GC threshold: 21.00 MB
CDS: on
 - commit_granule_bytes: 65536.
 - commit_granule_words: 8192.
 - virtual_space_node_default_size: 8388608.
 - enlarge_chunks_in_place: 1.
 - use_allocation_guard: 0.


Internal statistics:

num_allocs_failed_limit: 0.
num_arena_births: 152.
num_arena_deaths: 0.
num_vsnodes_births: 2.
num_vsnodes_deaths: 0.
num_space_committed: 244.
num_space_uncommitted: 0.
num_chunks_returned_to_freelist: 0.
num_chunks_taken_from_freelist: 655.
num_chunk_merges: 0.
num_chunk_splits: 457.
num_chunks_enlarged: 382.
num_inconsistent_stats: 0.

CodeHeap 'non-profiled nmethods': size=120000Kb used=1157Kb max_used=1157Kb free=118842Kb
 bounds [0x000001e2c5a30000, 0x000001e2c5ca0000, 0x000001e2ccf60000]
CodeHeap 'profiled nmethods': size=120000Kb used=5931Kb max_used=5931Kb free=114069Kb
 bounds [0x000001e2bdf60000, 0x000001e2be530000, 0x000001e2c5490000]
CodeHeap 'non-nmethods': size=5760Kb used=1389Kb max_used=1413Kb free=4370Kb
 bounds [0x000001e2c5490000, 0x000001e2c5700000, 0x000001e2c5a30000]
 total_blobs=3388 nmethods=2902 adapters=390
 compilation: enabled
              stopped_count=0, restarted_count=0
 full_count=0

Compilation events (20 events):
Event: 9.558 Thread 0x000001e2d42ad5c0 nmethod 2842 0x000001e2be509c90 code [0x000001e2be509e80, 0x000001e2be50a298]
Event: 9.560 Thread 0x000001e2d42ad5c0 2843       3       org.apache.maven.model.io.xpp3.MavenXpp3Reader::checkFieldWithDuplicate (75 bytes)
Event: 9.560 Thread 0x000001e31a7f24e0 2844       4       org.codehaus.plexus.util.xml.pull.MXParser::next (10 bytes)
Event: 9.561 Thread 0x000001e2d42ad5c0 nmethod 2843 0x000001e2be50a390 code [0x000001e2be50a640, 0x000001e2be50b058]
Event: 9.561 Thread 0x000001e2d42ab3d0 2845       4       org.codehaus.plexus.util.xml.pull.MXParser::parseStartTag (1190 bytes)
Event: 9.561 Thread 0x000001e2d42ad5c0 2846       3       java.util.ArrayList::remove (26 bytes)
Event: 9.561 Thread 0x000001e2d42ad5c0 nmethod 2846 0x000001e2be50b490 code [0x000001e2be50b660, 0x000001e2be50b890]
Event: 9.562 Thread 0x000001e31a7f24e0 nmethod 2844 0x000001e2c5b4b810 code [0x000001e2c5b4b9a0, 0x000001e2c5b4ba58]
Event: 9.562 Thread 0x000001e2d42ad5c0 2847       3       java.util.ArrayList::fastRemove (44 bytes)
Event: 9.562 Thread 0x000001e2d42ad5c0 nmethod 2847 0x000001e2be50ba10 code [0x000001e2be50bbe0, 0x000001e2be50bfe0]
Event: 9.562 Thread 0x000001e2d42ad5c0 2848   !   3       com.google.inject.internal.FactoryProxy::get (29 bytes)
Event: 9.563 Thread 0x000001e2d42ad5c0 nmethod 2848 0x000001e2be50c110 code [0x000001e2be50c2e0, 0x000001e2be50c5c0]
Event: 9.576 Thread 0x000001e31a7f24e0 2849       4       java.lang.invoke.Invokers$Holder::linkToTargetMethod (10 bytes)
Event: 9.577 Thread 0x000001e31a7f24e0 nmethod 2849 0x000001e2c5b4bb10 code [0x000001e2c5b4bca0, 0x000001e2c5b4bd98]
Event: 9.580 Thread 0x000001e2d42ad5c0 2850       3       org.eclipse.sisu.inject.RankedSequence::iterator (9 bytes)
Event: 9.581 Thread 0x000001e2d42ad5c0 nmethod 2850 0x000001e2be50c710 code [0x000001e2be50c8c0, 0x000001e2be50cb68]
Event: 9.581 Thread 0x000001e2d42ad5c0 2851       3       org.eclipse.sisu.inject.RankedSequence$Itr::<init> (22 bytes)
Event: 9.581 Thread 0x000001e2d42ad5c0 nmethod 2851 0x000001e2be50cc90 code [0x000001e2be50ce40, 0x000001e2be50d020]
Event: 9.581 Thread 0x000001e2d42ad5c0 2852       3       org.eclipse.sisu.inject.LocatedBeans::iterator (9 bytes)
Event: 9.582 Thread 0x000001e2d42ad5c0 nmethod 2852 0x000001e2be50d110 code [0x000001e2be50d2c0, 0x000001e2be50d468]

GC Heap History (4 events):
Event: 3.559 GC heap before
{Heap before GC invocations=0 (full 0):
 garbage-first heap   total 229376K, used 22528K [0x0000000720e00000, 0x0000000800000000)
  region size 2048K, 11 young (22528K), 0 survivors (0K)
 Metaspace       used 5731K, committed 5952K, reserved 1114112K
  class space    used 657K, committed 768K, reserved 1048576K
}
Event: 3.610 GC heap after
{Heap after GC invocations=1 (full 0):
 garbage-first heap   total 229376K, used 3950K [0x0000000720e00000, 0x0000000800000000)
  region size 2048K, 2 young (4096K), 2 survivors (4096K)
 Metaspace       used 5731K, committed 5952K, reserved 1114112K
  class space    used 657K, committed 768K, reserved 1048576K
}
Event: 6.671 GC heap before
{Heap before GC invocations=1 (full 0):
 garbage-first heap   total 229376K, used 34670K [0x0000000720e00000, 0x0000000800000000)
  region size 2048K, 17 young (34816K), 2 survivors (4096K)
 Metaspace       used 10162K, committed 10304K, reserved 1114112K
  class space    used 1204K, committed 1280K, reserved 1048576K
}
Event: 6.692 GC heap after
{Heap after GC invocations=2 (full 0):
 garbage-first heap   total 229376K, used 5687K [0x0000000720e00000, 0x0000000800000000)
  region size 2048K, 1 young (2048K), 1 survivors (2048K)
 Metaspace       used 10162K, committed 10304K, reserved 1114112K
  class space    used 1204K, committed 1280K, reserved 1048576K
}

Dll operation events (8 events):
Event: 0.035 Loaded shared library C:\Program Files\Eclipse Adoptium\jdk-21.0.2.13-hotspot\bin\java.dll
Event: 0.356 Loaded shared library C:\Program Files\Eclipse Adoptium\jdk-21.0.2.13-hotspot\bin\jsvml.dll
Event: 0.431 Loaded shared library C:\Program Files\Eclipse Adoptium\jdk-21.0.2.13-hotspot\bin\net.dll
Event: 0.444 Loaded shared library C:\Program Files\Eclipse Adoptium\jdk-21.0.2.13-hotspot\bin\nio.dll
Event: 0.457 Loaded shared library C:\Program Files\Eclipse Adoptium\jdk-21.0.2.13-hotspot\bin\zip.dll
Event: 1.366 Loaded shared library C:\Program Files\Eclipse Adoptium\jdk-21.0.2.13-hotspot\bin\jimage.dll
Event: 1.405 Loaded shared library C:\Users\Cirilo\.m2\wrapper\dists\apache-maven-3.9.6\834f1afe40575b70b4b2527f4b12df8e\lib\jansi-native\Windows\x86_64\jansi.dll
Event: 1.453 Loaded shared library C:\Program Files\Eclipse Adoptium\jdk-21.0.2.13-hotspot\bin\verify.dll

Deoptimization events (20 events):
Event: 9.264 Thread 0x000001e2b354fd60 Uncommon trap: trap_request=0xffffff45 fr.pc=0x000001e2c5a98964 relative=0x00000000000000c4
Event: 9.264 Thread 0x000001e2b354fd60 Uncommon trap: reason=unstable_if action=reinterpret pc=0x000001e2c5a98964 method=java.nio.Buffer.limit(I)Ljava/nio/Buffer; @ 42 c2
Event: 9.264 Thread 0x000001e2b354fd60 DEOPT PACKING pc=0x000001e2c5a98964 sp=0x0000002c0f7fcfa0
Event: 9.264 Thread 0x000001e2b354fd60 DEOPT UNPACKING pc=0x000001e2c54e46a2 sp=0x0000002c0f7fcf28 mode 2
Event: 9.264 Thread 0x000001e2b354fd60 Uncommon trap: trap_request=0xffffffc6 fr.pc=0x000001e2c5a98ff8 relative=0x0000000000000398
Event: 9.264 Thread 0x000001e2b354fd60 Uncommon trap: reason=bimorphic_or_optimized_type_check action=maybe_recompile pc=0x000001e2c5a98ff8 method=java.nio.Buffer.<init>(IIIILjava/lang/foreign/MemorySegment;)V @ 39 c2
Event: 9.264 Thread 0x000001e2b354fd60 DEOPT PACKING pc=0x000001e2c5a98ff8 sp=0x0000002c0f7fcc60
Event: 9.264 Thread 0x000001e2b354fd60 DEOPT UNPACKING pc=0x000001e2c54e46a2 sp=0x0000002c0f7fcc08 mode 2
Event: 9.328 Thread 0x000001e2b354fd60 Uncommon trap: trap_request=0xffffff45 fr.pc=0x000001e2c5ab9034 relative=0x0000000000000654
Event: 9.328 Thread 0x000001e2b354fd60 Uncommon trap: reason=unstable_if action=reinterpret pc=0x000001e2c5ab9034 method=java.lang.String.replace(CC)Ljava/lang/String; @ 2 c2
Event: 9.328 Thread 0x000001e2b354fd60 DEOPT PACKING pc=0x000001e2c5ab9034 sp=0x0000002c0f7fde20
Event: 9.328 Thread 0x000001e2b354fd60 DEOPT UNPACKING pc=0x000001e2c54e46a2 sp=0x0000002c0f7fdde0 mode 2
Event: 9.392 Thread 0x000001e2b354fd60 Uncommon trap: trap_request=0xffffffde fr.pc=0x000001e2c5b215c4 relative=0x0000000000000884
Event: 9.392 Thread 0x000001e2b354fd60 Uncommon trap: reason=class_check action=maybe_recompile pc=0x000001e2c5b215c4 method=java.util.HashMap.putVal(ILjava/lang/Object;Ljava/lang/Object;ZZ)Ljava/lang/Object; @ 203 c2
Event: 9.392 Thread 0x000001e2b354fd60 DEOPT PACKING pc=0x000001e2c5b215c4 sp=0x0000002c0f7fc0c0
Event: 9.392 Thread 0x000001e2b354fd60 DEOPT UNPACKING pc=0x000001e2c54e46a2 sp=0x0000002c0f7fbfe0 mode 2
Event: 9.541 Thread 0x000001e2b354fd60 Uncommon trap: trap_request=0xffffff45 fr.pc=0x000001e2c5ab7d64 relative=0x0000000000000344
Event: 9.541 Thread 0x000001e2b354fd60 Uncommon trap: reason=unstable_if action=reinterpret pc=0x000001e2c5ab7d64 method=java.lang.String.<init>([CIILjava/lang/Void;)V @ 5 c2
Event: 9.541 Thread 0x000001e2b354fd60 DEOPT PACKING pc=0x000001e2c5ab7d64 sp=0x0000002c0f7fd5e0
Event: 9.541 Thread 0x000001e2b354fd60 DEOPT UNPACKING pc=0x000001e2c54e46a2 sp=0x0000002c0f7fd5a0 mode 2

Classes loaded (20 events):
Event: 9.536 Loading class sun/nio/fs/WindowsFileSystemProvider$1
Event: 9.536 Loading class sun/nio/fs/WindowsFileSystemProvider$1 done
Event: 9.540 Loading class sun/nio/ch/FileLockImpl
Event: 9.540 Loading class sun/nio/ch/FileLockImpl done
Event: 9.540 Loading class sun/nio/ch/FileLockTable
Event: 9.540 Loading class sun/nio/ch/FileLockTable done
Event: 9.540 Loading class sun/nio/ch/FileKey
Event: 9.540 Loading class sun/nio/ch/FileKey done
Event: 9.541 Loading class sun/nio/ch/FileLockTable$FileLockReference
Event: 9.541 Loading class sun/nio/ch/FileLockTable$FileLockReference done
Event: 9.541 Loading class java/nio/channels/spi/AbstractInterruptibleChannel$1
Event: 9.541 Loading class sun/nio/ch/Interruptible
Event: 9.541 Loading class sun/nio/ch/Interruptible done
Event: 9.541 Loading class java/nio/channels/spi/AbstractInterruptibleChannel$1 done
Event: 9.542 Loading class java/util/AbstractMap$2
Event: 9.542 Loading class java/util/AbstractMap$2 done
Event: 9.542 Loading class java/util/AbstractMap$2$1
Event: 9.542 Loading class java/util/AbstractMap$2$1 done
Event: 9.566 Loading class java/util/Formatter$FixedString
Event: 9.567 Loading class java/util/Formatter$FixedString done

Classes unloaded (0 events):
No events

Classes redefined (0 events):
No events

Internal exceptions (20 events):
Event: 2.988 Thread 0x000001e2b354fd60 Exception <a 'java/lang/NoSuchMethodError'{0x000000072df77a80}: 'int java.lang.invoke.DirectMethodHandle$Holder.invokeSpecialIFC(java.lang.Object, java.lang.Object, java.lang.Object, java.lang.Object, java.lang.Object)'> (0x000000072df77a80) 
thrown [s\src\hotspot\share\interpreter\linkResolver.cpp, line 773]
Event: 3.180 Thread 0x000001e2b354fd60 Exception <a 'java/lang/NoSuchMethodError'{0x000000072dcf6768}: 'java.lang.Object java.lang.invoke.DirectMethodHandle$Holder.newInvokeSpecial(java.lang.Object, java.lang.Object, java.lang.Object, java.lang.Object, java.lang.Object)'> (0x000000072dcf6768) 
thrown [s\src\hotspot\share\interpreter\linkResolver.cpp, line 773]
Event: 3.330 Thread 0x000001e2b354fd60 Exception <a 'java/lang/NoSuchMethodError'{0x000000072ddefdb8}: 'int java.lang.invoke.DirectMethodHandle$Holder.invokeStaticInit(java.lang.Object, java.lang.Object)'> (0x000000072ddefdb8) 
thrown [s\src\hotspot\share\interpreter\linkResolver.cpp, line 773]
Event: 3.360 Thread 0x000001e2b354fd60 Exception <a 'java/lang/NoClassDefFoundError'{0x000000072da24d10}: javax/enterprise/inject/Typed> (0x000000072da24d10) 
thrown [s\src\hotspot\share\classfile\systemDictionary.cpp, line 301]
Event: 6.932 Thread 0x000001e2b354fd60 Exception <a 'java/lang/NoSuchMethodError'{0x000000072eac4f60}: 'void java.lang.invoke.DirectMethodHandle$Holder.invokeStaticInit(java.lang.Object, java.lang.Object, java.lang.Object)'> (0x000000072eac4f60) 
thrown [s\src\hotspot\share\interpreter\linkResolver.cpp, line 773]
Event: 6.947 Thread 0x000001e2b354fd60 Exception <a 'java/lang/ExceptionInInitializerError'{0x000000072eaed6b0}> (0x000000072eaed6b0) 
thrown [s\src\hotspot\share\oops\instanceKlass.cpp, line 1180]
Event: 7.068 Thread 0x000001e2b354fd60 Exception <a 'java/lang/NoSuchMethodError'{0x000000072ebf8eb0}: 'long java.lang.invoke.DirectMethodHandle$Holder.invokeStatic(java.lang.Object, java.lang.Object, int)'> (0x000000072ebf8eb0) 
thrown [s\src\hotspot\share\interpreter\linkResolver.cpp, line 773]
Event: 7.072 Thread 0x000001e2b354fd60 Exception <a 'java/lang/NoSuchMethodError'{0x000000072e80c3f0}: 'java.lang.Object java.lang.invoke.DirectMethodHandle$Holder.invokeStatic(java.lang.Object, java.lang.Object, java.lang.Object, java.lang.Object, int)'> (0x000000072e80c3f0) 
thrown [s\src\hotspot\share\interpreter\linkResolver.cpp, line 773]
Event: 7.075 Thread 0x000001e2b354fd60 Exception <a 'java/lang/NoSuchMethodError'{0x000000072e814308}: 'java.lang.Object java.lang.invoke.DirectMethodHandle$Holder.invokeSpecial(java.lang.Object, java.lang.Object, java.lang.Object, java.lang.Object, long)'> (0x000000072e814308) 
thrown [s\src\hotspot\share\interpreter\linkResolver.cpp, line 773]
Event: 7.081 Thread 0x000001e2b354fd60 Exception <a 'java/lang/NoSuchMethodError'{0x000000072e81fdf8}: 'java.lang.Object java.lang.invoke.DirectMethodHandle$Holder.invokeSpecial(java.lang.Object, java.lang.Object, java.lang.Object, int, java.lang.Object)'> (0x000000072e81fdf8) 
thrown [s\src\hotspot\share\interpreter\linkResolver.cpp, line 773]
Event: 7.091 Thread 0x000001e2b354fd60 Exception <a 'java/lang/NoSuchMethodError'{0x000000072e827f18}: 'int java.lang.invoke.DirectMethodHandle$Holder.invokeSpecial(java.lang.Object, java.lang.Object, java.lang.Object, int)'> (0x000000072e827f18) 
thrown [s\src\hotspot\share\interpreter\linkResolver.cpp, line 773]
Event: 7.118 Thread 0x000001e2b354fd60 Implicit null exception at 0x000001e2c5ab9f5d to 0x000001e2c5aba150
Event: 7.123 Thread 0x000001e2b354fd60 Exception <a 'java/lang/NoSuchMethodError'{0x000000072e84c2e8}: 'java.lang.Object java.lang.invoke.Invokers$Holder.invokeExact_MT(java.lang.Object, int, java.lang.Object)'> (0x000000072e84c2e8) 
thrown [s\src\hotspot\share\interpreter\linkResolver.cpp, line 773]
Event: 7.155 Thread 0x000001e2b354fd60 Exception <a 'java/lang/NoSuchMethodError'{0x000000072e8ae810}: 'void java.lang.invoke.DirectMethodHandle$Holder.invokeStatic(java.lang.Object, java.lang.Object)'> (0x000000072e8ae810) 
thrown [s\src\hotspot\share\interpreter\linkResolver.cpp, line 773]
Event: 8.131 Thread 0x000001e2b354fd60 Exception <a 'java/lang/NoSuchMethodError'{0x000000072e025620}: 'void java.lang.invoke.Invokers$Holder.invokeExact_MT(java.lang.Object, java.lang.Object, java.lang.Object, java.lang.Object)'> (0x000000072e025620) 
thrown [s\src\hotspot\share\interpreter\linkResolver.cpp, line 773]
Event: 8.182 Thread 0x000001e2b354fd60 Exception <a 'java/lang/NoClassDefFoundError'{0x000000072e0b1118}: com/google/inject/servlet/ServletModuleTargetVisitor> (0x000000072e0b1118) 
thrown [s\src\hotspot\share\classfile\systemDictionary.cpp, line 301]
Event: 8.404 Thread 0x000001e2b354fd60 Exception <a 'java/lang/NoSuchMethodError'{0x000000072de716b8}: 'void java.lang.invoke.DirectMethodHandle$Holder.invokeVirtual(java.lang.Object, java.lang.Object)'> (0x000000072de716b8) 
thrown [s\src\hotspot\share\interpreter\linkResolver.cpp, line 773]
Event: 8.562 Thread 0x000001e2b354fd60 Exception <a 'java/lang/NoSuchMethodError'{0x000000072def03b0}: 'java.lang.Object java.lang.invoke.DirectMethodHandle$Holder.invokeStaticInit(java.lang.Object, int, int, int, int)'> (0x000000072def03b0) 
thrown [s\src\hotspot\share\interpreter\linkResolver.cpp, line 773]
Event: 9.377 Thread 0x000001e2b354fd60 Exception <a 'java/lang/NoSuchMethodError'{0x000000072d88ccf0}: 'void java.lang.invoke.DirectMethodHandle$Holder.invokeVirtual(java.lang.Object, java.lang.Object, int)'> (0x000000072d88ccf0) 
thrown [s\src\hotspot\share\interpreter\linkResolver.cpp, line 773]
Event: 9.379 Thread 0x000001e2b354fd60 Exception <a 'java/lang/NoSuchMethodError'{0x000000072d893cc0}: 'void java.lang.invoke.DelegatingMethodHandle$Holder.reinvoke_L(java.lang.Object, java.lang.Object, int)'> (0x000000072d893cc0) 
thrown [s\src\hotspot\share\interpreter\linkResolver.cpp, line 773]

ZGC Phase Switch (0 events):
No events

VM Operations (20 events):
Event: 7.404 Executing VM operation: HandshakeAllThreads (Deoptimize)
Event: 7.404 Executing VM operation: HandshakeAllThreads (Deoptimize) done
Event: 7.411 Executing VM operation: HandshakeAllThreads (Deoptimize)
Event: 7.411 Executing VM operation: HandshakeAllThreads (Deoptimize) done
Event: 7.699 Executing VM operation: HandshakeAllThreads (Deoptimize)
Event: 7.700 Executing VM operation: HandshakeAllThreads (Deoptimize) done
Event: 7.700 Executing VM operation: Cleanup
Event: 7.700 Executing VM operation: Cleanup done
Event: 8.113 Executing VM operation: HandshakeAllThreads (Deoptimize)
Event: 8.113 Executing VM operation: HandshakeAllThreads (Deoptimize) done
Event: 8.478 Executing VM operation: HandshakeAllThreads (Deoptimize)
Event: 8.478 Executing VM operation: HandshakeAllThreads (Deoptimize) done
Event: 8.626 Executing VM operation: HandshakeAllThreads (Deoptimize)
Event: 8.626 Executing VM operation: HandshakeAllThreads (Deoptimize) done
Event: 8.674 Executing VM operation: ICBufferFull
Event: 8.674 Executing VM operation: ICBufferFull done
Event: 8.710 Executing VM operation: HandshakeAllThreads (Deoptimize)
Event: 8.710 Executing VM operation: HandshakeAllThreads (Deoptimize) done
Event: 8.967 Executing VM operation: HandshakeAllThreads (Deoptimize)
Event: 8.968 Executing VM operation: HandshakeAllThreads (Deoptimize) done

Events (16 events):
Event: 0.088 Thread 0x000001e2b354fd60 Thread added: 0x000001e2b354fd60
Event: 0.188 Thread 0x000001e2d4298170 Thread added: 0x000001e2d4298170
Event: 0.188 Thread 0x000001e2d4298ca0 Thread added: 0x000001e2d4298ca0
Event: 0.189 Thread 0x000001e2d429f6a0 Thread added: 0x000001e2d429f6a0
Event: 0.189 Thread 0x000001e2d42a1d20 Thread added: 0x000001e2d42a1d20
Event: 0.189 Thread 0x000001e2d42a2390 Thread added: 0x000001e2d42a2390
Event: 0.190 Thread 0x000001e2d42a8a20 Thread added: 0x000001e2d42a8a20
Event: 0.190 Thread 0x000001e2d42ab3d0 Thread added: 0x000001e2d42ab3d0
Event: 0.271 Thread 0x000001e2d42ad5c0 Thread added: 0x000001e2d42ad5c0
Event: 0.417 Thread 0x000001e2d4510d90 Thread added: 0x000001e2d4510d90
Event: 0.422 Thread 0x000001e2d4511fe0 Thread added: 0x000001e2d4511fe0
Event: 3.408 Thread 0x000001e31a648c70 Thread added: 0x000001e31a648c70
Event: 3.439 Thread 0x000001e31a8f1160 Thread added: 0x000001e31a8f1160
Event: 4.327 Thread 0x000001e31a8f1160 Thread exited: 0x000001e31a8f1160
Event: 4.336 Thread 0x000001e31a648c70 Thread exited: 0x000001e31a648c70
Event: 8.138 Thread 0x000001e31a7f24e0 Thread added: 0x000001e31a7f24e0


Dynamic libraries:
0x00007ff786d30000 - 0x00007ff786d3e000 	C:\Program Files\Eclipse Adoptium\jdk-21.0.2.13-hotspot\bin\java.exe
0x00007ffb90710000 - 0x00007ffb90927000 	C:\Windows\SYSTEM32\ntdll.dll
0x00007ffb8f5e0000 - 0x00007ffb8f6a4000 	C:\Windows\System32\KERNEL32.DLL
0x00007ffb8dc30000 - 0x00007ffb8dfe7000 	C:\Windows\System32\KERNELBASE.dll
0x00007ffb8e090000 - 0x00007ffb8e1a1000 	C:\Windows\System32\ucrtbase.dll
0x00007ffb89200000 - 0x00007ffb8921b000 	C:\Program Files\Eclipse Adoptium\jdk-21.0.2.13-hotspot\bin\VCRUNTIME140.dll
0x00007ffb88920000 - 0x00007ffb88938000 	C:\Program Files\Eclipse Adoptium\jdk-21.0.2.13-hotspot\bin\jli.dll
0x00007ffb8f0b0000 - 0x00007ffb8f25f000 	C:\Windows\System32\USER32.dll
0x00007ffb8dc00000 - 0x00007ffb8dc26000 	C:\Windows\System32\win32u.dll
0x00007ffb7b540000 - 0x00007ffb7b7d3000 	C:\Windows\WinSxS\amd64_microsoft.windows.common-controls_6595b64144ccf1df_6.0.22621.3672_none_2713b9d173822955\COMCTL32.dll
0x00007ffb90590000 - 0x00007ffb905b9000 	C:\Windows\System32\GDI32.dll
0x00007ffb90140000 - 0x00007ffb901e7000 	C:\Windows\System32\msvcrt.dll
0x00007ffb8e320000 - 0x00007ffb8e438000 	C:\Windows\System32\gdi32full.dll
0x00007ffb8dff0000 - 0x00007ffb8e08a000 	C:\Windows\System32\msvcp_win.dll
0x00007ffb8efe0000 - 0x00007ffb8f011000 	C:\Windows\System32\IMM32.DLL
0x00007ffb88910000 - 0x00007ffb8891c000 	C:\Program Files\Eclipse Adoptium\jdk-21.0.2.13-hotspot\bin\vcruntime140_1.dll
0x00007ffb88880000 - 0x00007ffb8890e000 	C:\Program Files\Eclipse Adoptium\jdk-21.0.2.13-hotspot\bin\msvcp140.dll
0x00007ffafd630000 - 0x00007ffafe3b3000 	C:\Program Files\Eclipse Adoptium\jdk-21.0.2.13-hotspot\bin\server\jvm.dll
0x00007ffb8ea50000 - 0x00007ffb8eb02000 	C:\Windows\System32\ADVAPI32.dll
0x00007ffb8e440000 - 0x00007ffb8e4e8000 	C:\Windows\System32\sechost.dll
0x00007ffb8e1b0000 - 0x00007ffb8e1d8000 	C:\Windows\System32\bcrypt.dll
0x00007ffb8f4a0000 - 0x00007ffb8f5b4000 	C:\Windows\System32\RPCRT4.dll
0x00007ffb8ff30000 - 0x00007ffb8ffa1000 	C:\Windows\System32\WS2_32.dll
0x00007ffb8c890000 - 0x00007ffb8c8dd000 	C:\Windows\SYSTEM32\POWRPROF.dll
0x00007ffb88540000 - 0x00007ffb88574000 	C:\Windows\SYSTEM32\WINMM.dll
0x00007ffb842c0000 - 0x00007ffb842ca000 	C:\Windows\SYSTEM32\VERSION.dll
0x00007ffb8c870000 - 0x00007ffb8c883000 	C:\Windows\SYSTEM32\UMPDC.dll
0x00007ffb8cb20000 - 0x00007ffb8cb38000 	C:\Windows\SYSTEM32\kernel.appcore.dll
0x00007ffb88870000 - 0x00007ffb8887a000 	C:\Program Files\Eclipse Adoptium\jdk-21.0.2.13-hotspot\bin\jimage.dll
0x00007ffb83480000 - 0x00007ffb836b2000 	C:\Windows\SYSTEM32\DBGHELP.DLL
0x00007ffb8e4f0000 - 0x00007ffb8e87e000 	C:\Windows\System32\combase.dll
0x00007ffb904b0000 - 0x00007ffb90587000 	C:\Windows\System32\OLEAUT32.dll
0x00007ffb73f30000 - 0x00007ffb73f62000 	C:\Windows\SYSTEM32\dbgcore.DLL
0x00007ffb8e1e0000 - 0x00007ffb8e25b000 	C:\Windows\System32\bcryptPrimitives.dll
0x00007ffb88850000 - 0x00007ffb8886f000 	C:\Program Files\Eclipse Adoptium\jdk-21.0.2.13-hotspot\bin\java.dll
0x00007ffb8f6c0000 - 0x00007ffb8ff29000 	C:\Windows\System32\SHELL32.dll
0x00007ffb8b950000 - 0x00007ffb8c24f000 	C:\Windows\SYSTEM32\windows.storage.dll
0x00007ffb8b810000 - 0x00007ffb8b94f000 	C:\Windows\SYSTEM32\wintypes.dll
0x00007ffb8e8f0000 - 0x00007ffb8e9e9000 	C:\Windows\System32\SHCORE.dll
0x00007ffb8e890000 - 0x00007ffb8e8ee000 	C:\Windows\System32\shlwapi.dll
0x00007ffb8d950000 - 0x00007ffb8d977000 	C:\Windows\SYSTEM32\profapi.dll
0x00007ffb2c5d0000 - 0x00007ffb2c6a7000 	C:\Program Files\Eclipse Adoptium\jdk-21.0.2.13-hotspot\bin\jsvml.dll
0x00007ffb7ba10000 - 0x00007ffb7ba20000 	C:\Program Files\Eclipse Adoptium\jdk-21.0.2.13-hotspot\bin\net.dll
0x00007ffb88ce0000 - 0x00007ffb88e16000 	C:\Windows\SYSTEM32\WINHTTP.dll
0x00007ffb8cf90000 - 0x00007ffb8cff9000 	C:\Windows\system32\mswsock.dll
0x00007ffb76b20000 - 0x00007ffb76b36000 	C:\Program Files\Eclipse Adoptium\jdk-21.0.2.13-hotspot\bin\nio.dll
0x00007ffb72e10000 - 0x00007ffb72e28000 	C:\Program Files\Eclipse Adoptium\jdk-21.0.2.13-hotspot\bin\zip.dll
0x0000000069ac0000 - 0x0000000069ae4000 	C:\Users\Cirilo\.m2\wrapper\dists\apache-maven-3.9.6\834f1afe40575b70b4b2527f4b12df8e\lib\jansi-native\Windows\x86_64\jansi.dll
0x00007ffb88830000 - 0x00007ffb88840000 	C:\Program Files\Eclipse Adoptium\jdk-21.0.2.13-hotspot\bin\verify.dll

dbghelp: loaded successfully - version: 4.0.5 - missing functions: none
symbol engine: initialized successfully - sym options: 0x614 - pdb path: .;C:\Program Files\Eclipse Adoptium\jdk-21.0.2.13-hotspot\bin;C:\Windows\SYSTEM32;C:\Windows\WinSxS\amd64_microsoft.windows.common-controls_6595b64144ccf1df_6.0.22621.3672_none_2713b9d173822955;C:\Program Files\Eclipse Adoptium\jdk-21.0.2.13-hotspot\bin\server;C:\Users\Cirilo\.m2\wrapper\dists\apache-maven-3.9.6\834f1afe40575b70b4b2527f4b12df8e\lib\jansi-native\Windows\x86_64

VM Arguments:
jvm_args: -Dclassworlds.conf=C:\Users\Cirilo\.m2\wrapper\dists\apache-maven-3.9.6\834f1afe40575b70b4b2527f4b12df8e\bin\m2.conf -Dmaven.home=C:\Users\Cirilo\.m2\wrapper\dists\apache-maven-3.9.6\834f1afe40575b70b4b2527f4b12df8e -Dlibrary.jansi.path=C:\Users\Cirilo\.m2\wrapper\dists\apache-maven-3.9.6\834f1afe40575b70b4b2527f4b12df8e\lib\jansi-native -Dmaven.multiModuleProjectDirectory=C:\Users\Cirilo\Documents\testes-automatizados 
java_command: org.codehaus.plexus.classworlds.launcher.Launcher test
java_class_path (initial): C:\Users\Cirilo\.m2\wrapper\dists\apache-maven-3.9.6\834f1afe40575b70b4b2527f4b12df8e\boot\plexus-classworlds-2.7.0.jar
Launcher Type: SUN_STANDARD

[Global flags]
     intx CICompilerCount                          = 4                                         {product} {ergonomic}
     uint ConcGCThreads                            = 2                                         {product} {ergonomic}
     uint G1ConcRefinementThreads                  = 8                                         {product} {ergonomic}
   size_t G1HeapRegionSize                         = 2097152                                   {product} {ergonomic}
    uintx GCDrainStackTargetSize                   = 64                                        {product} {ergonomic}
   size_t InitialHeapSize                          = 234881024                                 {product} {ergonomic}
   size_t MarkStackSize                            = 4194304                                   {product} {ergonomic}
   size_t MaxHeapSize                              = 3743416320                                {product} {ergonomic}
   size_t MaxNewSize                               = 2246049792                                {product} {ergonomic}
   size_t MinHeapDeltaBytes                        = 2097152                                   {product} {ergonomic}
   size_t MinHeapSize                              = 8388608                                   {product} {ergonomic}
    uintx NonNMethodCodeHeapSize                   = 5839372                                {pd product} {ergonomic}
    uintx NonProfiledCodeHeapSize                  = 122909434                              {pd product} {ergonomic}
    uintx ProfiledCodeHeapSize                     = 122909434                              {pd product} {ergonomic}
    uintx ReservedCodeCacheSize                    = 251658240                              {pd product} {ergonomic}
     bool SegmentedCodeCache                       = true                                      {product} {ergonomic}
   size_t SoftMaxHeapSize                          = 3743416320                             {manageable} {ergonomic}
     bool UseCompressedOops                        = true                           {product lp64_product} {ergonomic}
     bool UseG1GC                                  = true                                      {product} {ergonomic}
     bool UseLargePagesIndividualAllocation        = false                                  {pd product} {ergonomic}

Logging:
Log output configuration:
 #0: stdout all=warning uptime,level,tags foldmultilines=false
 #1: stderr all=off uptime,level,tags foldmultilines=false

Environment Variables:
JAVA_HOME=C:\Program Files\Eclipse Adoptium\jdk-21.0.2.13-hotspot\
PATH=C:\Program Files\Eclipse Adoptium\jdk-21.0.2.13-hotspot\bin;C:\Windows\system32;C:\Windows;C:\Windows\System32\Wbem;C:\Windows\System32\WindowsPowerShell\v1.0\;C:\Windows\System32\OpenSSH\;C:\Program Files\Git\cmd;C:\Program Files\Docker\Docker\resources\bin;C:\Program Files\nodejs\;C:\Program Files\NVIDIA Corporation\NVIDIA NvDLISR;C:\Users\Cirilo\Downloads\apache-maven-3.9.6\bin;C:\Program Files\dotnet\;C:\Program Files\Microsoft SQL Server\150\Tools\Binn\;C:\Program Files\Microsoft SQL Server\Client SDK\ODBC\170\Tools\Binn\;C:\Program Files\GitHub CLI\;C:\Program Files (x86)\NVIDIA Corporation\PhysX\Common;C:\ProgramData\chocolatey\bin;C:\Program Files\PuTTY\;C:\Users\Cirilo\AppData\Local\Microsoft\WindowsApps;C:\Users\Cirilo\AppData\Local\GitHubDesktop\bin;C:\Users\Cirilo\AppData\Local\Programs\Microsoft VS Code\bin;C:\Users\Cirilo\AppData\Roaming\npm;C:\Users\Cirilo\.dotnet\tools
USERNAME=Cirilo
OS=Windows_NT
PROCESSOR_IDENTIFIER=AMD64 Family 23 Model 24 Stepping 1, AuthenticAMD
TMP=C:\Users\Cirilo\AppData\Local\Temp
TEMP=C:\Users\Cirilo\AppData\Local\Temp




Periodic native trim disabled

---------------  S Y S T E M  ---------------

OS:
 Windows 11 , 64 bit Build 22621 (10.0.22621.3958)
OS uptime: 16 days 13:50 hours
Hyper-V role detected

CPU: total 8 (initial active 8) (8 cores per cpu, 2 threads per core) family 23 model 24 stepping 1 microcode 0x0, cx8, cmov, fxsr, ht, mmx, 3dnowpref, sse, sse2, sse3, ssse3, sse4a, sse4.1, sse4.2, popcnt, lzcnt, tsc, tscinvbit, avx, avx2, aes, clmul, bmi1, bmi2, adx, sha, fma, vzeroupper, clflush, clflushopt, hv, rdtscp, f16c
Processor Information for all 8 processors :
  Max Mhz: 2100, Current Mhz: 2100, Mhz Limit: 2100

Memory: 4k page, system-wide physical 14274M (1449M free)
TotalPageFile size 57282M (AvailPageFile size 7M)
current process WorkingSet (physical memory assigned to process): 116M, peak: 116M
current process commit charge ("private bytes"): 344M, peak: 345M

vm_info: OpenJDK 64-Bit Server VM (21.0.2+13-LTS) for windows-amd64 JRE (21.0.2+13-LTS), built on 2024-01-16T00:00:00Z by "admin" with unknown MS VC++:1937

END.
