#
# There is insufficient memory for the Java Runtime Environment to continue.
# Native memory allocation (malloc) failed to allocate 380352 bytes for Chunk::new
# Possible reasons:
#   The system is out of physical RAM or swap space
#   The process is running with CompressedOops enabled, and the Java Heap may be blocking the growth of the native heap
# Possible solutions:
#   Reduce memory load on the system
#   Increase physical memory or swap space
#   Check if swap backing store is full
#   Decrease Java heap size (-Xmx/-Xms)
#   Decrease number of Java threads
#   Decrease Java thread stack sizes (-Xss)
#   Set larger code cache with -XX:ReservedCodeCacheSize=
#   JVM is running with Zero Based Compressed Oops mode in which the Java heap is
#     placed in the first 32GB address space. The Java Heap base address is the
#     maximum limit for the native heap growth. Please use -XX:HeapBaseMinAddress
#     to set the Java Heap base and to place the Java Heap above 32GB virtual address.
# This output file may be truncated or incomplete.
#
#  Out of Memory Error (arena.cpp:168), pid=37856, tid=21372
#
# JRE version: OpenJDK Runtime Environment Temurin-21.0.2+13 (21.0.2+13) (build 21.0.2+13-LTS)
# Java VM: OpenJDK 64-Bit Server VM Temurin-21.0.2+13 (21.0.2+13-LTS, mixed mode, sharing, tiered, compressed oops, compressed class ptrs, g1 gc, windows-amd64)
# No core dump will be written. Minidumps are not enabled by default on client versions of Windows
#

---------------  S U M M A R Y ------------

Command Line: -Dclassworlds.conf=C:\Users\Cirilo\.m2\wrapper\dists\apache-maven-3.9.6\834f1afe40575b70b4b2527f4b12df8e\bin\m2.conf -Dmaven.home=C:\Users\Cirilo\.m2\wrapper\dists\apache-maven-3.9.6\834f1afe40575b70b4b2527f4b12df8e -Dlibrary.jansi.path=C:\Users\Cirilo\.m2\wrapper\dists\apache-maven-3.9.6\834f1afe40575b70b4b2527f4b12df8e\lib\jansi-native -Dmaven.multiModuleProjectDirectory=C:\Users\Cirilo\Documents\testes-automatizados org.codehaus.plexus.classworlds.launcher.Launcher install

Host: AMD Ryzen 5 3550H with Radeon Vega Mobile Gfx  , 8 cores, 13G,  Windows 11 , 64 bit Build 22621 (10.0.22621.3958)
Time: Thu Oct 31 03:06:33 2024 Hora oficial do Brasil elapsed time: 32.694919 seconds (0d 0h 0m 32s)

---------------  T H R E A D  ---------------

Current thread (0x000001cc47d6e010):  JavaThread "C2 CompilerThread1" daemon [_thread_in_native, id=21372, stack(0x0000007549f00000,0x000000754a000000) (1024K)]


Current CompileTask:
C2:  32695 7364       4       org.codehaus.plexus.util.xml.Xpp3DomBuilder::build (413 bytes)

Stack: [0x0000007549f00000,0x000000754a000000]
Native frames: (J=compiled Java code, j=interpreted, Vv=VM code, C=native code)
V  [jvm.dll+0x6c94f9]
V  [jvm.dll+0x8a3c21]
V  [jvm.dll+0x8a614e]
V  [jvm.dll+0x8a6823]
V  [jvm.dll+0x27fa86]
V  [jvm.dll+0xc4a2d]
V  [jvm.dll+0xc4f63]
V  [jvm.dll+0x3b3b5c]
V  [jvm.dll+0x1e0b9a]
V  [jvm.dll+0x2480f2]
V  [jvm.dll+0x24757f]
V  [jvm.dll+0x1c847e]
V  [jvm.dll+0x256db9]
V  [jvm.dll+0x25538a]
V  [jvm.dll+0x3ed0d6]
V  [jvm.dll+0x84cb3b]
V  [jvm.dll+0x6c7c2d]
C  [ucrtbase.dll+0x29333]
C  [KERNEL32.DLL+0x1257d]
C  [ntdll.dll+0x5af08]


---------------  P R O C E S S  ---------------

Threads class SMR info:
_java_thread_list=0x000001cc46545fd0, length=16, elements={
0x000001cc5d51aea0, 0x000001cc7e1aa200, 0x000001cc7e1aaee0, 0x000001cc7e1b0a80,
0x000001cc7e1b43c0, 0x000001cc7e1b6a40, 0x000001cc7e1b70b0, 0x000001cc7e1b7a50,
0x000001cc7e1bce70, 0x000001cc7e42d510, 0x000001cc7e431da0, 0x000001cc47d6e010,
0x000001cc464e9e30, 0x000001cc486e2580, 0x000001cc48495010, 0x000001cc45748bf0
}

Java Threads: ( => current thread )
  0x000001cc5d51aea0 JavaThread "main"                              [_thread_in_Java, id=28976, stack(0x0000007548b00000,0x0000007548c00000) (1024K)]
  0x000001cc7e1aa200 JavaThread "Reference Handler"          daemon [_thread_blocked, id=35356, stack(0x0000007549400000,0x0000007549500000) (1024K)]
  0x000001cc7e1aaee0 JavaThread "Finalizer"                  daemon [_thread_blocked, id=33364, stack(0x0000007549500000,0x0000007549600000) (1024K)]
  0x000001cc7e1b0a80 JavaThread "Signal Dispatcher"          daemon [_thread_blocked, id=38784, stack(0x0000007549600000,0x0000007549700000) (1024K)]
  0x000001cc7e1b43c0 JavaThread "Attach Listener"            daemon [_thread_blocked, id=37880, stack(0x0000007549700000,0x0000007549800000) (1024K)]
  0x000001cc7e1b6a40 JavaThread "Service Thread"             daemon [_thread_blocked, id=36320, stack(0x0000007549800000,0x0000007549900000) (1024K)]
  0x000001cc7e1b70b0 JavaThread "Monitor Deflation Thread"   daemon [_thread_blocked, id=37784, stack(0x0000007549900000,0x0000007549a00000) (1024K)]
  0x000001cc7e1b7a50 JavaThread "C2 CompilerThread0"         daemon [_thread_in_native, id=37776, stack(0x0000007549a00000,0x0000007549b00000) (1024K)]
  0x000001cc7e1bce70 JavaThread "C1 CompilerThread0"         daemon [_thread_in_native, id=37780, stack(0x0000007549b00000,0x0000007549c00000) (1024K)]
  0x000001cc7e42d510 JavaThread "Notification Thread"        daemon [_thread_blocked, id=37796, stack(0x0000007549c00000,0x0000007549d00000) (1024K)]
  0x000001cc7e431da0 JavaThread "Common-Cleaner"             daemon [_thread_blocked, id=37788, stack(0x0000007549d00000,0x0000007549e00000) (1024K)]
=>0x000001cc47d6e010 JavaThread "C2 CompilerThread1"         daemon [_thread_in_native, id=21372, stack(0x0000007549f00000,0x000000754a000000) (1024K)]
  0x000001cc464e9e30 JavaThread "resolver-1"                 daemon [_thread_blocked, id=41088, stack(0x000000754a700000,0x000000754a800000) (1024K)]
  0x000001cc486e2580 JavaThread "resolver-2"                 daemon [_thread_blocked, id=41092, stack(0x000000754a800000,0x000000754a900000) (1024K)]
  0x000001cc48495010 JavaThread "resolver-3"                 daemon [_thread_blocked, id=41096, stack(0x000000754a900000,0x000000754aa00000) (1024K)]
  0x000001cc45748bf0 JavaThread "resolver-4"                 daemon [_thread_blocked, id=41100, stack(0x000000754aa00000,0x000000754ab00000) (1024K)]
Total: 16

Other Threads:
  0x000001cc7e18faf0 VMThread "VM Thread"                           [id=39604, stack(0x0000007549300000,0x0000007549400000) (1024K)]
  0x000001cc7e175330 WatcherThread "VM Periodic Task Thread"        [id=14056, stack(0x0000007549200000,0x0000007549300000) (1024K)]
  0x000001cc5f7f54a0 WorkerThread "GC Thread#0"                     [id=39216, stack(0x0000007548d00000,0x0000007548e00000) (1024K)]
  0x000001cc7f370890 WorkerThread "GC Thread#1"                     [id=40376, stack(0x000000754a000000,0x000000754a100000) (1024K)]
  0x000001cc7f370c30 WorkerThread "GC Thread#2"                     [id=40388, stack(0x000000754a100000,0x000000754a200000) (1024K)]
  0x000001cc7f3713e0 WorkerThread "GC Thread#3"                     [id=40372, stack(0x000000754a200000,0x000000754a300000) (1024K)]
  0x000001cc7f371780 WorkerThread "GC Thread#4"                     [id=40312, stack(0x000000754a300000,0x000000754a400000) (1024K)]
  0x000001cc7f5f0c30 WorkerThread "GC Thread#5"                     [id=40308, stack(0x000000754a400000,0x000000754a500000) (1024K)]
  0x000001cc7f81d9b0 WorkerThread "GC Thread#6"                     [id=40304, stack(0x000000754a500000,0x000000754a600000) (1024K)]
  0x000001cc7f38e000 WorkerThread "GC Thread#7"                     [id=40348, stack(0x000000754a600000,0x000000754a700000) (1024K)]
  0x000001cc5f804d50 ConcurrentGCThread "G1 Main Marker"            [id=36016, stack(0x0000007548e00000,0x0000007548f00000) (1024K)]
  0x000001cc5f8061a0 WorkerThread "G1 Conc#0"                       [id=33608, stack(0x0000007548f00000,0x0000007549000000) (1024K)]
  0x000001cc7eb5c0b0 WorkerThread "G1 Conc#1"                       [id=36344, stack(0x0000007549e00000,0x0000007549f00000) (1024K)]
  0x000001cc5f85e140 ConcurrentGCThread "G1 Refine#0"               [id=37036, stack(0x0000007549000000,0x0000007549100000) (1024K)]
  0x000001cc7e045890 ConcurrentGCThread "G1 Service"                [id=33908, stack(0x0000007549100000,0x0000007549200000) (1024K)]
Total: 15

Threads with active compile tasks:
C2 CompilerThread0    32746 7517   !   4       org.apache.maven.model.PluginContainer::clone (137 bytes)
C2 CompilerThread1    32747 7364       4       org.codehaus.plexus.util.xml.Xpp3DomBuilder::build (413 bytes)
Total: 2

VM state: not at safepoint (normal execution)

VM Mutex/Monitor currently owned by a thread: None

Heap address: 0x0000000720e00000, size: 3570 MB, Compressed Oops mode: Zero based, Oop shift amount: 3

CDS archive(s) mapped at: [0x000001cc00000000-0x000001cc00c90000-0x000001cc00c90000), size 13172736, SharedBaseAddress: 0x000001cc00000000, ArchiveRelocationMode: 1.
Compressed class space mapped at: 0x000001cc01000000-0x000001cc41000000, reserved size: 1073741824
Narrow klass base: 0x000001cc00000000, Narrow klass shift: 0, Narrow klass range: 0x100000000

GC Precious Log:
 CardTable entry size: 512
 Card Set container configuration: InlinePtr #cards 4 size 8 Array Of Cards #cards 16 size 48 Howl #buckets 8 coarsen threshold 3686 Howl Bitmap #cards 512 size 80 coarsen threshold 460 Card regions per heap region 1 cards per card region 4096
 CPUs: 8 total, 8 available
 Memory: 14274M
 Large Page Support: Disabled
 NUMA Support: Disabled
 Compressed Oops: Enabled (Zero based)
 Heap Region Size: 2M
 Heap Min Capacity: 8M
 Heap Initial Capacity: 224M
 Heap Max Capacity: 3570M
 Pre-touch: Disabled
 Parallel Workers: 8
 Concurrent Workers: 2
 Concurrent Refinement Workers: 8
 Periodic GC: Disabled

Heap:
 garbage-first heap   total 77824K, used 45202K [0x0000000720e00000, 0x0000000800000000)
  region size 2048K, 11 young (22528K), 3 survivors (6144K)
 Metaspace       used 32319K, committed 32832K, reserved 1114112K
  class space    used 3626K, committed 3904K, reserved 1048576K

Heap Regions: E=young(eden), S=young(survivor), O=old, HS=humongous(starts), HC=humongous(continues), CS=collection set, F=free, TAMS=top-at-mark-start, PB=parsable bottom
|   0|0x0000000720e00000, 0x0000000721000000, 0x0000000721000000|100%| O|  |TAMS 0x0000000720e00000| PB 0x0000000720e00000| Untracked 
|   1|0x0000000721000000, 0x00000007211ccc90, 0x0000000721200000| 89%| O|  |TAMS 0x0000000721000000| PB 0x0000000721000000| Untracked 
|   2|0x0000000721200000, 0x0000000721400000, 0x0000000721400000|100%| O|  |TAMS 0x0000000721200000| PB 0x0000000721200000| Untracked 
|   3|0x0000000721400000, 0x0000000721600000, 0x0000000721600000|100%| O|  |TAMS 0x0000000721400000| PB 0x0000000721400000| Untracked 
|   4|0x0000000721600000, 0x0000000721800000, 0x0000000721800000|100%| O|  |TAMS 0x0000000721600000| PB 0x0000000721600000| Untracked 
|   5|0x0000000721800000, 0x0000000721a00000, 0x0000000721a00000|100%| O|  |TAMS 0x0000000721800000| PB 0x0000000721800000| Untracked 
|   6|0x0000000721a00000, 0x0000000721c00000, 0x0000000721c00000|100%| O|  |TAMS 0x0000000721a00000| PB 0x0000000721a00000| Untracked 
|   7|0x0000000721c00000, 0x0000000721e00000, 0x0000000721e00000|100%| O|  |TAMS 0x0000000721c00000| PB 0x0000000721c00000| Untracked 
|   8|0x0000000721e00000, 0x0000000722000000, 0x0000000722000000|100%| O|  |TAMS 0x0000000721e00000| PB 0x0000000721e00000| Untracked 
|   9|0x0000000722000000, 0x0000000722200000, 0x0000000722200000|100%| O|  |TAMS 0x0000000722000000| PB 0x0000000722000000| Untracked 
|  10|0x0000000722200000, 0x0000000722400000, 0x0000000722400000|100%| O|  |TAMS 0x0000000722200000| PB 0x0000000722200000| Untracked 
|  11|0x0000000722400000, 0x0000000722400000, 0x0000000722600000|  0%| F|  |TAMS 0x0000000722400000| PB 0x0000000722400000| Untracked 
|  12|0x0000000722600000, 0x0000000722600000, 0x0000000722800000|  0%| F|  |TAMS 0x0000000722600000| PB 0x0000000722600000| Untracked 
|  13|0x0000000722800000, 0x0000000722800000, 0x0000000722a00000|  0%| F|  |TAMS 0x0000000722800000| PB 0x0000000722800000| Untracked 
|  14|0x0000000722a00000, 0x0000000722a57c68, 0x0000000722c00000| 17%| S|CS|TAMS 0x0000000722a00000| PB 0x0000000722a00000| Complete 
|  15|0x0000000722c00000, 0x0000000722e00000, 0x0000000722e00000|100%| S|CS|TAMS 0x0000000722c00000| PB 0x0000000722c00000| Complete 
|  16|0x0000000722e00000, 0x0000000723000000, 0x0000000723000000|100%| S|CS|TAMS 0x0000000722e00000| PB 0x0000000722e00000| Complete 
|  17|0x0000000723000000, 0x0000000723000000, 0x0000000723200000|  0%| F|  |TAMS 0x0000000723000000| PB 0x0000000723000000| Untracked 
|  18|0x0000000723200000, 0x0000000723200000, 0x0000000723400000|  0%| F|  |TAMS 0x0000000723200000| PB 0x0000000723200000| Untracked 
|  19|0x0000000723400000, 0x0000000723400000, 0x0000000723600000|  0%| F|  |TAMS 0x0000000723400000| PB 0x0000000723400000| Untracked 
|  20|0x0000000723600000, 0x0000000723600000, 0x0000000723800000|  0%| F|  |TAMS 0x0000000723600000| PB 0x0000000723600000| Untracked 
|  21|0x0000000723800000, 0x0000000723800000, 0x0000000723a00000|  0%| F|  |TAMS 0x0000000723800000| PB 0x0000000723800000| Untracked 
|  22|0x0000000723a00000, 0x0000000723a00000, 0x0000000723c00000|  0%| F|  |TAMS 0x0000000723a00000| PB 0x0000000723a00000| Untracked 
|  23|0x0000000723c00000, 0x0000000723c00000, 0x0000000723e00000|  0%| F|  |TAMS 0x0000000723c00000| PB 0x0000000723c00000| Untracked 
|  24|0x0000000723e00000, 0x0000000723e00000, 0x0000000724000000|  0%| F|  |TAMS 0x0000000723e00000| PB 0x0000000723e00000| Untracked 
|  25|0x0000000724000000, 0x0000000724000000, 0x0000000724200000|  0%| F|  |TAMS 0x0000000724000000| PB 0x0000000724000000| Untracked 
|  26|0x0000000724200000, 0x0000000724200000, 0x0000000724400000|  0%| F|  |TAMS 0x0000000724200000| PB 0x0000000724200000| Untracked 
|  27|0x0000000724400000, 0x0000000724400000, 0x0000000724600000|  0%| F|  |TAMS 0x0000000724400000| PB 0x0000000724400000| Untracked 
|  28|0x0000000724600000, 0x00000007247df268, 0x0000000724800000| 93%| E|  |TAMS 0x0000000724600000| PB 0x0000000724600000| Complete 
|  29|0x0000000724800000, 0x0000000724a00000, 0x0000000724a00000|100%| E|CS|TAMS 0x0000000724800000| PB 0x0000000724800000| Complete 
|  55|0x0000000727c00000, 0x0000000727e00000, 0x0000000727e00000|100%| E|CS|TAMS 0x0000000727c00000| PB 0x0000000727c00000| Complete 
|  56|0x0000000727e00000, 0x0000000728000000, 0x0000000728000000|100%| E|CS|TAMS 0x0000000727e00000| PB 0x0000000727e00000| Complete 
|  57|0x0000000728000000, 0x0000000728200000, 0x0000000728200000|100%| E|CS|TAMS 0x0000000728000000| PB 0x0000000728000000| Complete 
|  58|0x0000000728200000, 0x0000000728400000, 0x0000000728400000|100%| E|CS|TAMS 0x0000000728200000| PB 0x0000000728200000| Complete 
|  59|0x0000000728400000, 0x0000000728600000, 0x0000000728600000|100%| E|CS|TAMS 0x0000000728400000| PB 0x0000000728400000| Complete 
| 111|0x000000072ec00000, 0x000000072ee00000, 0x000000072ee00000|100%| E|CS|TAMS 0x000000072ec00000| PB 0x000000072ec00000| Complete 
|1783|0x00000007ffc00000, 0x00000007ffe00000, 0x00000007ffe00000|100%| O|  |TAMS 0x00000007ffc00000| PB 0x00000007ffc00000| Untracked 
|1784|0x00000007ffe00000, 0x0000000800000000, 0x0000000800000000|100%| O|  |TAMS 0x00000007ffe00000| PB 0x00000007ffe00000| Untracked 

Card table byte_map: [0x000001cc778a0000,0x000001cc77fa0000] _byte_map_base: 0x000001cc73f99000

Marking Bits: (CMBitMap*) 0x000001cc5f7f63b0
 Bits: [0x000001cc77fa0000, 0x000001cc7b768000)

Polling page: 0x000001cc5ef60000

Metaspace:

Usage:
  Non-class:     28.02 MB used.
      Class:      3.54 MB used.
       Both:     31.56 MB used.

Virtual space:
  Non-class space:       64.00 MB reserved,      28.25 MB ( 44%) committed,  1 nodes.
      Class space:        1.00 GB reserved,       3.81 MB ( <1%) committed,  1 nodes.
             Both:        1.06 GB reserved,      32.06 MB (  3%) committed. 

Chunk freelists:
   Non-Class:  3.75 MB
       Class:  12.22 MB
        Both:  15.97 MB

MaxMetaspaceSize: unlimited
CompressedClassSpaceSize: 1.00 GB
Initial GC threshold: 21.00 MB
Current GC threshold: 35.31 MB
CDS: on
 - commit_granule_bytes: 65536.
 - commit_granule_words: 8192.
 - virtual_space_node_default_size: 8388608.
 - enlarge_chunks_in_place: 1.
 - use_allocation_guard: 0.


Internal statistics:

num_allocs_failed_limit: 3.
num_arena_births: 496.
num_arena_deaths: 0.
num_vsnodes_births: 2.
num_vsnodes_deaths: 0.
num_space_committed: 513.
num_space_uncommitted: 0.
num_chunks_returned_to_freelist: 3.
num_chunks_taken_from_freelist: 1691.
num_chunk_merges: 3.
num_chunk_splits: 1172.
num_chunks_enlarged: 882.
num_inconsistent_stats: 0.

CodeHeap 'non-profiled nmethods': size=120000Kb used=4347Kb max_used=4347Kb free=115652Kb
 bounds [0x000001cc6f940000, 0x000001cc6fd80000, 0x000001cc76e70000]
CodeHeap 'profiled nmethods': size=120000Kb used=17083Kb max_used=17083Kb free=102916Kb
 bounds [0x000001cc67e70000, 0x000001cc68f20000, 0x000001cc6f3a0000]
CodeHeap 'non-nmethods': size=5760Kb used=1489Kb max_used=1552Kb free=4270Kb
 bounds [0x000001cc6f3a0000, 0x000001cc6f610000, 0x000001cc6f940000]
 total_blobs=8087 nmethods=7519 adapters=472
 compilation: enabled
              stopped_count=0, restarted_count=0
 full_count=0

Compilation events (20 events):
Event: 32.644 Thread 0x000001cc7e1bce70 nmethod 7497 0x000001cc68f05f10 code [0x000001cc68f067c0, 0x000001cc68f0b3f8]
Event: 32.646 Thread 0x000001cc7e1bce70 7499       3       org.apache.maven.project.MavenProject::getDistributionManagement (8 bytes)
Event: 32.646 Thread 0x000001cc7e1bce70 nmethod 7499 0x000001cc68f0d010 code [0x000001cc68f0d1c0, 0x000001cc68f0d3a0]
Event: 32.673 Thread 0x000001cc7e1bce70 7500       1       org.apache.maven.artifact.resolver.ResolutionNode::getArtifact (5 bytes)
Event: 32.673 Thread 0x000001cc7e1bce70 nmethod 7500 0x000001cc6fd7bd90 code [0x000001cc6fd7bf20, 0x000001cc6fd7bff0]
Event: 32.674 Thread 0x000001cc7e1bce70 7501       3       java.util.AbstractList::listIterator (6 bytes)
Event: 32.674 Thread 0x000001cc7e1bce70 nmethod 7501 0x000001cc68f0d490 code [0x000001cc68f0d640, 0x000001cc68f0d818]
Event: 32.677 Thread 0x000001cc7e1b7a50 nmethod 7498 0x000001cc6fd7c090 code [0x000001cc6fd7c2e0, 0x000001cc6fd7cfc8]
Event: 32.678 Thread 0x000001cc7e1b7a50 7479       4       java.util.stream.Sink$ChainedReference::end (10 bytes)
Event: 32.679 Thread 0x000001cc7e1b7a50 nmethod 7479 0x000001cc6fd7d990 code [0x000001cc6fd7db20, 0x000001cc6fd7dbd8]
Event: 32.679 Thread 0x000001cc7e1b7a50 7477       4       java.util.LinkedHashMap::values (5 bytes)
Event: 32.683 Thread 0x000001cc7e1b7a50 nmethod 7477 0x000001cc6fd7dc90 code [0x000001cc6fd7de20, 0x000001cc6fd7e038]
Event: 32.684 Thread 0x000001cc7e1bce70 7502       3       org.eclipse.aether.named.support.ReadWriteLockNamedLock::doUnlock (86 bytes)
Event: 32.686 Thread 0x000001cc7e1bce70 nmethod 7502 0x000001cc68f0d890 code [0x000001cc68f0db40, 0x000001cc68f0ea70]
Event: 32.686 Thread 0x000001cc7e1bce70 7503       3       java.io.BufferedInputStream::close (44 bytes)
Event: 32.686 Thread 0x000001cc7e1bce70 nmethod 7503 0x000001cc68f0ee90 code [0x000001cc68f0f060, 0x000001cc68f0f478]
Event: 32.687 Thread 0x000001cc7e1bce70 7504       1       org.apache.maven.project.DefaultProjectBuildingRequest::getRepositoryMerging (5 bytes)
Event: 32.687 Thread 0x000001cc7e1bce70 nmethod 7504 0x000001cc6fd7e110 code [0x000001cc6fd7e2a0, 0x000001cc6fd7e370]
Event: 32.687 Thread 0x000001cc7e1bce70 7505       3       org.apache.maven.RepositoryUtils$$Lambda/0x000001cc011a5208::apply (8 bytes)
Event: 32.688 Thread 0x000001cc7e1bce70 nmethod 7505 0x000001cc68f0f590 code [0x000001cc68f0f740, 0x000001cc68f0f988]

GC Heap History (14 events):
Event: 2.999 GC heap before
{Heap before GC invocations=0 (full 0):
 garbage-first heap   total 229376K, used 22528K [0x0000000720e00000, 0x0000000800000000)
  region size 2048K, 11 young (22528K), 0 survivors (0K)
 Metaspace       used 5730K, committed 5952K, reserved 1114112K
  class space    used 657K, committed 768K, reserved 1048576K
}
Event: 3.032 GC heap after
{Heap after GC invocations=1 (full 0):
 garbage-first heap   total 229376K, used 3891K [0x0000000720e00000, 0x0000000800000000)
  region size 2048K, 2 young (4096K), 2 survivors (4096K)
 Metaspace       used 5730K, committed 5952K, reserved 1114112K
  class space    used 657K, committed 768K, reserved 1048576K
}
Event: 7.844 GC heap before
{Heap before GC invocations=1 (full 0):
 garbage-first heap   total 229376K, used 34611K [0x0000000720e00000, 0x0000000800000000)
  region size 2048K, 17 young (34816K), 2 survivors (4096K)
 Metaspace       used 10159K, committed 10304K, reserved 1114112K
  class space    used 1203K, committed 1280K, reserved 1048576K
}
Event: 7.853 GC heap after
{Heap after GC invocations=2 (full 0):
 garbage-first heap   total 229376K, used 5718K [0x0000000720e00000, 0x0000000800000000)
  region size 2048K, 1 young (2048K), 1 survivors (2048K)
 Metaspace       used 10159K, committed 10304K, reserved 1114112K
  class space    used 1203K, committed 1280K, reserved 1048576K
}
Event: 19.077 GC heap before
{Heap before GC invocations=2 (full 0):
 garbage-first heap   total 229376K, used 106070K [0x0000000720e00000, 0x0000000800000000)
  region size 2048K, 52 young (106496K), 1 survivors (2048K)
 Metaspace       used 21147K, committed 21504K, reserved 1114112K
  class space    used 2433K, committed 2624K, reserved 1048576K
}
Event: 19.093 GC heap after
{Heap after GC invocations=3 (full 0):
 garbage-first heap   total 229376K, used 13950K [0x0000000720e00000, 0x0000000800000000)
  region size 2048K, 5 young (10240K), 5 survivors (10240K)
 Metaspace       used 21147K, committed 21504K, reserved 1114112K
  class space    used 2433K, committed 2624K, reserved 1048576K
}
Event: 23.287 GC heap before
{Heap before GC invocations=4 (full 0):
 garbage-first heap   total 55296K, used 54910K [0x0000000720e00000, 0x0000000800000000)
  region size 2048K, 25 young (51200K), 5 survivors (10240K)
 Metaspace       used 26307K, committed 26688K, reserved 1114112K
  class space    used 2979K, committed 3136K, reserved 1048576K
}
Event: 23.324 GC heap after
{Heap after GC invocations=5 (full 0):
 garbage-first heap   total 77824K, used 24469K [0x0000000720e00000, 0x0000000800000000)
  region size 2048K, 9 young (18432K), 9 survivors (18432K)
 Metaspace       used 26307K, committed 26688K, reserved 1114112K
  class space    used 2979K, committed 3136K, reserved 1048576K
}
Event: 26.833 GC heap before
{Heap before GC invocations=5 (full 0):
 garbage-first heap   total 77824K, used 51093K [0x0000000720e00000, 0x0000000800000000)
  region size 2048K, 22 young (45056K), 9 survivors (18432K)
 Metaspace       used 27799K, committed 28160K, reserved 1114112K
  class space    used 3153K, committed 3328K, reserved 1048576K
}
Event: 26.867 GC heap after
{Heap after GC invocations=6 (full 0):
 garbage-first heap   total 77824K, used 27279K [0x0000000720e00000, 0x0000000800000000)
  region size 2048K, 2 young (4096K), 2 survivors (4096K)
 Metaspace       used 27799K, committed 28160K, reserved 1114112K
  class space    used 3153K, committed 3328K, reserved 1048576K
}
Event: 30.164 GC heap before
{Heap before GC invocations=6 (full 0):
 garbage-first heap   total 77824K, used 60047K [0x0000000720e00000, 0x0000000800000000)
  region size 2048K, 18 young (36864K), 2 survivors (4096K)
 Metaspace       used 30325K, committed 30848K, reserved 1114112K
  class space    used 3459K, committed 3712K, reserved 1048576K
}
Event: 30.177 GC heap after
{Heap after GC invocations=7 (full 0):
 garbage-first heap   total 77824K, used 28303K [0x0000000720e00000, 0x0000000800000000)
  region size 2048K, 2 young (4096K), 2 survivors (4096K)
 Metaspace       used 30325K, committed 30848K, reserved 1114112K
  class space    used 3459K, committed 3712K, reserved 1048576K
}
Event: 32.128 GC heap before
{Heap before GC invocations=7 (full 0):
 garbage-first heap   total 77824K, used 63119K [0x0000000720e00000, 0x0000000800000000)
  region size 2048K, 19 young (38912K), 2 survivors (4096K)
 Metaspace       used 32103K, committed 32704K, reserved 1114112K
  class space    used 3616K, committed 3904K, reserved 1048576K
}
Event: 32.143 GC heap after
{Heap after GC invocations=8 (full 0):
 garbage-first heap   total 77824K, used 30866K [0x0000000720e00000, 0x0000000800000000)
  region size 2048K, 3 young (6144K), 3 survivors (6144K)
 Metaspace       used 32103K, committed 32704K, reserved 1114112K
  class space    used 3616K, committed 3904K, reserved 1048576K
}

Dll operation events (8 events):
Event: 0.071 Loaded shared library C:\Program Files\Eclipse Adoptium\jdk-21.0.2.13-hotspot\bin\java.dll
Event: 0.264 Loaded shared library C:\Program Files\Eclipse Adoptium\jdk-21.0.2.13-hotspot\bin\jsvml.dll
Event: 0.352 Loaded shared library C:\Program Files\Eclipse Adoptium\jdk-21.0.2.13-hotspot\bin\net.dll
Event: 0.360 Loaded shared library C:\Program Files\Eclipse Adoptium\jdk-21.0.2.13-hotspot\bin\nio.dll
Event: 0.389 Loaded shared library C:\Program Files\Eclipse Adoptium\jdk-21.0.2.13-hotspot\bin\zip.dll
Event: 1.021 Loaded shared library C:\Program Files\Eclipse Adoptium\jdk-21.0.2.13-hotspot\bin\jimage.dll
Event: 1.054 Loaded shared library C:\Users\Cirilo\.m2\wrapper\dists\apache-maven-3.9.6\834f1afe40575b70b4b2527f4b12df8e\lib\jansi-native\Windows\x86_64\jansi.dll
Event: 1.090 Loaded shared library C:\Program Files\Eclipse Adoptium\jdk-21.0.2.13-hotspot\bin\verify.dll

Deoptimization events (20 events):
Event: 31.575 Thread 0x000001cc5d51aea0 Uncommon trap: trap_request=0xffffff45 fr.pc=0x000001cc6fb58298 relative=0x0000000000000838
Event: 31.575 Thread 0x000001cc5d51aea0 Uncommon trap: reason=unstable_if action=reinterpret pc=0x000001cc6fb58298 method=org.codehaus.plexus.classworlds.realm.Entry.matches(Ljava/lang/String;)Z @ 20 c2
Event: 31.575 Thread 0x000001cc5d51aea0 DEOPT PACKING pc=0x000001cc6fb58298 sp=0x0000007548bfdd40
Event: 31.575 Thread 0x000001cc5d51aea0 DEOPT UNPACKING pc=0x000001cc6f3f46a2 sp=0x0000007548bfdcf8 mode 2
Event: 31.684 Thread 0x000001cc5d51aea0 Uncommon trap: trap_request=0xffffff45 fr.pc=0x000001cc6fb42480 relative=0x0000000000000940
Event: 31.684 Thread 0x000001cc5d51aea0 Uncommon trap: reason=unstable_if action=reinterpret pc=0x000001cc6fb42480 method=org.apache.maven.model.ConfigurationContainer.setLocation(Ljava/lang/Object;Lorg/apache/maven/model/InputLocation;)V @ 96 c2
Event: 31.684 Thread 0x000001cc5d51aea0 DEOPT PACKING pc=0x000001cc6fb42480 sp=0x0000007548bfd350
Event: 31.684 Thread 0x000001cc5d51aea0 DEOPT UNPACKING pc=0x000001cc6f3f46a2 sp=0x0000007548bfd320 mode 2
Event: 31.714 Thread 0x000001cc5d51aea0 Uncommon trap: trap_request=0xffffff45 fr.pc=0x000001cc6fd28f04 relative=0x0000000000000b44
Event: 31.714 Thread 0x000001cc5d51aea0 Uncommon trap: reason=unstable_if action=reinterpret pc=0x000001cc6fd28f04 method=org.apache.maven.model.Contributor.clone()Lorg/apache/maven/model/Contributor; @ 65 c2
Event: 31.714 Thread 0x000001cc5d51aea0 DEOPT PACKING pc=0x000001cc6fd28f04 sp=0x0000007548bfd050
Event: 31.714 Thread 0x000001cc5d51aea0 DEOPT UNPACKING pc=0x000001cc6f3f46a2 sp=0x0000007548bfd040 mode 2
Event: 31.838 Thread 0x000001cc5d51aea0 DEOPT PACKING pc=0x000001cc68794a02 sp=0x0000007548bfcfe0
Event: 31.838 Thread 0x000001cc5d51aea0 DEOPT UNPACKING pc=0x000001cc6f3f4e42 sp=0x0000007548bfc4a0 mode 0
Event: 32.207 Thread 0x000001cc48495010 Uncommon trap: trap_request=0xffffff45 fr.pc=0x000001cc6fa9042c relative=0x000000000000016c
Event: 32.207 Thread 0x000001cc48495010 Uncommon trap: reason=unstable_if action=reinterpret pc=0x000001cc6fa9042c method=java.util.concurrent.ConcurrentHashMap.addCount(JI)V @ 34 c2
Event: 32.208 Thread 0x000001cc48495010 DEOPT PACKING pc=0x000001cc6fa9042c sp=0x000000754a9febc0
Event: 32.208 Thread 0x000001cc48495010 DEOPT UNPACKING pc=0x000001cc6f3f46a2 sp=0x000000754a9feb00 mode 2
Event: 32.553 Thread 0x000001cc5d51aea0 DEOPT PACKING pc=0x000001cc687ef986 sp=0x0000007548bfc6d0
Event: 32.553 Thread 0x000001cc5d51aea0 DEOPT UNPACKING pc=0x000001cc6f3f4e42 sp=0x0000007548bfbc50 mode 0

Classes loaded (20 events):
Event: 31.584 Loading class sun/security/provider/NativeSeedGenerator
Event: 31.584 Loading class sun/security/provider/NativeSeedGenerator done
Event: 31.591 Loading class sun/security/provider/SeedGenerator$1
Event: 31.591 Loading class sun/security/provider/SeedGenerator$1 done
Event: 31.604 Loading class java/net/NetworkInterface$1
Event: 31.604 Loading class java/net/NetworkInterface$1 done
Event: 31.659 Loading class sun/security/provider/AbstractDrbg$NonceProvider
Event: 31.659 Loading class sun/security/provider/AbstractDrbg$NonceProvider done
Event: 31.659 Loading class sun/security/provider/SHA2$SHA256
Event: 31.660 Loading class sun/security/provider/SHA2
Event: 31.660 Loading class sun/security/provider/SHA2 done
Event: 31.660 Loading class sun/security/provider/SHA2$SHA256 done
Event: 32.198 Loading class java/util/concurrent/CountDownLatch
Event: 32.198 Loading class java/util/concurrent/CountDownLatch done
Event: 32.198 Loading class java/util/concurrent/CountDownLatch$Sync
Event: 32.198 Loading class java/util/concurrent/CountDownLatch$Sync done
Event: 32.201 Loading class java/util/concurrent/ThreadPoolExecutor$Worker
Event: 32.201 Loading class java/util/concurrent/ThreadPoolExecutor$Worker done
Event: 32.204 Loading class java/util/concurrent/locks/AbstractQueuedSynchronizer$SharedNode
Event: 32.204 Loading class java/util/concurrent/locks/AbstractQueuedSynchronizer$SharedNode done

Classes unloaded (0 events):
No events

Classes redefined (0 events):
No events

Internal exceptions (20 events):
Event: 30.147 Thread 0x000001cc5d51aea0 Exception <a 'sun/nio/fs/WindowsException'{0x00000007237ce410}> (0x00000007237ce410) 
thrown [s\src\hotspot\share\prims\jni.cpp, line 520]
Event: 30.150 Thread 0x000001cc5d51aea0 Exception <a 'sun/nio/fs/WindowsException'{0x00000007237cf2f8}> (0x00000007237cf2f8) 
thrown [s\src\hotspot\share\prims\jni.cpp, line 520]
Event: 30.150 Thread 0x000001cc5d51aea0 Exception <a 'sun/nio/fs/WindowsException'{0x00000007237d27b0}> (0x00000007237d27b0) 
thrown [s\src\hotspot\share\prims\jni.cpp, line 520]
Event: 30.151 Thread 0x000001cc5d51aea0 Exception <a 'sun/nio/fs/WindowsException'{0x00000007237d9080}> (0x00000007237d9080) 
thrown [s\src\hotspot\share\prims\jni.cpp, line 520]
Event: 30.151 Thread 0x000001cc5d51aea0 Exception <a 'sun/nio/fs/WindowsException'{0x00000007237da028}> (0x00000007237da028) 
thrown [s\src\hotspot\share\prims\jni.cpp, line 520]
Event: 31.346 Thread 0x000001cc5d51aea0 Exception <a 'java/lang/NoClassDefFoundError'{0x00000007242190b8}: org/sonatype/aether/metadata/Metadata> (0x00000007242190b8) 
thrown [s\src\hotspot\share\classfile\systemDictionary.cpp, line 301]
Event: 31.350 Thread 0x000001cc5d51aea0 Exception <a 'java/lang/NoClassDefFoundError'{0x00000007242347c0}: org/sonatype/aether/artifact/ArtifactType> (0x00000007242347c0) 
thrown [s\src\hotspot\share\classfile\systemDictionary.cpp, line 301]
Event: 31.360 Thread 0x000001cc5d51aea0 Exception <a 'java/lang/NoClassDefFoundError'{0x0000000724267968}: org/sonatype/aether/deployment/DeploymentException> (0x0000000724267968) 
thrown [s\src\hotspot\share\classfile\systemDictionary.cpp, line 301]
Event: 31.364 Thread 0x000001cc5d51aea0 Exception <a 'java/lang/NoClassDefFoundError'{0x0000000724285b40}: org/sonatype/aether/installation/InstallationException> (0x0000000724285b40) 
thrown [s\src\hotspot\share\classfile\systemDictionary.cpp, line 301]
Event: 31.368 Thread 0x000001cc5d51aea0 Exception <a 'java/lang/NoClassDefFoundError'{0x000000072429a9c0}: org/sonatype/aether/metadata/Metadata> (0x000000072429a9c0) 
thrown [s\src\hotspot\share\classfile\systemDictionary.cpp, line 301]
Event: 31.379 Thread 0x000001cc5d51aea0 Exception <a 'java/lang/NoClassDefFoundError'{0x00000007242d8728}: org/sonatype/aether/resolution/ArtifactDescriptorException> (0x00000007242d8728) 
thrown [s\src\hotspot\share\classfile\systemDictionary.cpp, line 301]
Event: 31.380 Thread 0x000001cc5d51aea0 Exception <a 'java/lang/NoClassDefFoundError'{0x00000007242e6698}: org/sonatype/aether/artifact/Artifact> (0x00000007242e6698) 
thrown [s\src\hotspot\share\classfile\systemDictionary.cpp, line 301]
Event: 31.446 Thread 0x000001cc47d6e010 Exception <a 'java/lang/NoSuchMethodError'{0x00000007240bfc00}: 'java.lang.Object java.lang.invoke.DirectMethodHandle$Holder.invokeStatic(java.lang.Object, long, java.lang.Object)'> (0x00000007240bfc00) 
thrown [s\src\hotspot\share\interpreter\linkResolver.cpp, line 773]
Event: 31.447 Thread 0x000001cc47d6e010 Exception <a 'java/lang/NoSuchMethodError'{0x00000007240c2fa8}: 'java.lang.Object java.lang.invoke.DirectMethodHandle$Holder.invokeStaticInit(java.lang.Object, long, java.lang.Object)'> (0x00000007240c2fa8) 
thrown [s\src\hotspot\share\interpreter\linkResolver.cpp, line 773]
Event: 31.448 Thread 0x000001cc47d6e010 Exception <a 'java/lang/NoSuchMethodError'{0x00000007240c83a0}: 'java.lang.Object java.lang.invoke.DirectMethodHandle$Holder.newInvokeSpecial(java.lang.Object, long)'> (0x00000007240c83a0) 
thrown [s\src\hotspot\share\interpreter\linkResolver.cpp, line 773]
Event: 31.451 Thread 0x000001cc47d6e010 Exception <a 'java/lang/NoSuchMethodError'{0x00000007240ccb28}: 'long java.lang.invoke.DirectMethodHandle$Holder.invokeInterface(java.lang.Object, java.lang.Object)'> (0x00000007240ccb28) 
thrown [s\src\hotspot\share\interpreter\linkResolver.cpp, line 773]
Event: 31.452 Thread 0x000001cc47d6e010 Exception <a 'java/lang/NoSuchMethodError'{0x00000007240cffe0}: 'long java.lang.invoke.DelegatingMethodHandle$Holder.reinvoke_L(java.lang.Object, java.lang.Object)'> (0x00000007240cffe0) 
thrown [s\src\hotspot\share\interpreter\linkResolver.cpp, line 773]
Event: 31.501 Thread 0x000001cc5d51aea0 Implicit null exception at 0x000001cc6fd3fdfb to 0x000001cc6fd3ff2c
Event: 31.656 Thread 0x000001cc5d51aea0 Exception <a 'java/lang/NoSuchMethodError'{0x0000000723c21148}: 'java.lang.Object java.lang.invoke.DirectMethodHandle$Holder.invokeStaticInit(java.lang.Object, java.lang.Object, int, int, int, int)'> (0x0000000723c21148) 
thrown [s\src\hotspot\share\interpreter\linkResolver.cpp, line 773]
Event: 31.751 Thread 0x000001cc5d51aea0 Exception <a 'java/lang/NoSuchMethodError'{0x0000000723a855f8}: 'int java.lang.invoke.DirectMethodHandle$Holder.invokeSpecialIFC(java.lang.Object, java.lang.Object, java.lang.Object, java.lang.Object)'> (0x0000000723a855f8) 
thrown [s\src\hotspot\share\interpreter\linkResolver.cpp, line 773]

ZGC Phase Switch (0 events):
No events

VM Operations (20 events):
Event: 29.725 Executing VM operation: ICBufferFull
Event: 29.725 Executing VM operation: ICBufferFull done
Event: 29.753 Executing VM operation: HandshakeAllThreads (Deoptimize)
Event: 29.753 Executing VM operation: HandshakeAllThreads (Deoptimize) done
Event: 29.810 Executing VM operation: HandshakeAllThreads (Deoptimize)
Event: 29.810 Executing VM operation: HandshakeAllThreads (Deoptimize) done
Event: 29.992 Executing VM operation: ICBufferFull
Event: 29.992 Executing VM operation: ICBufferFull done
Event: 30.164 Executing VM operation: G1CollectForAllocation (G1 Evacuation Pause)
Event: 30.177 Executing VM operation: G1CollectForAllocation (G1 Evacuation Pause) done
Event: 30.555 Executing VM operation: ICBufferFull
Event: 30.555 Executing VM operation: ICBufferFull done
Event: 31.424 Executing VM operation: HandshakeAllThreads (Deoptimize)
Event: 31.424 Executing VM operation: HandshakeAllThreads (Deoptimize) done
Event: 31.597 Executing VM operation: HandshakeAllThreads (Deoptimize)
Event: 31.597 Executing VM operation: HandshakeAllThreads (Deoptimize) done
Event: 31.597 Executing VM operation: Cleanup
Event: 31.597 Executing VM operation: Cleanup done
Event: 32.128 Executing VM operation: G1CollectForAllocation (G1 Evacuation Pause)
Event: 32.143 Executing VM operation: G1CollectForAllocation (G1 Evacuation Pause) done

Events (20 events):
Event: 20.999 Thread 0x000001cc7f19ec90 Thread exited: 0x000001cc7f19ec90
Event: 21.153 Thread 0x000001cc7f19ec90 Thread added: 0x000001cc7f19ec90
Event: 21.207 Thread 0x000001cc7f406da0 Thread added: 0x000001cc7f406da0
Event: 22.173 Thread 0x000001cc7f406da0 Thread exited: 0x000001cc7f406da0
Event: 22.173 Thread 0x000001cc7f19ec90 Thread exited: 0x000001cc7f19ec90
Event: 22.434 Thread 0x000001cc7f406da0 Thread added: 0x000001cc7f406da0
Event: 22.824 Thread 0x000001cc456158c0 Thread added: 0x000001cc456158c0
Event: 23.765 Thread 0x000001cc456158c0 Thread exited: 0x000001cc456158c0
Event: 24.076 Thread 0x000001cc7f406da0 Thread exited: 0x000001cc7f406da0
Event: 28.530 Thread 0x000001cc7f6837e0 Thread added: 0x000001cc7f6837e0
Event: 28.777 Thread 0x000001cc460bb0f0 Thread added: 0x000001cc460bb0f0
Event: 30.525 Thread 0x000001cc460bb0f0 Thread exited: 0x000001cc460bb0f0
Event: 31.427 Thread 0x000001cc47d6e010 Thread added: 0x000001cc47d6e010
Event: 31.449 Thread 0x000001cc7f6837e0 Thread exited: 0x000001cc7f6837e0
Event: 31.454 Thread 0x000001cc47d6e010 Thread exited: 0x000001cc47d6e010
Event: 31.459 Thread 0x000001cc47d6e010 Thread added: 0x000001cc47d6e010
Event: 32.202 Thread 0x000001cc464e9e30 Thread added: 0x000001cc464e9e30
Event: 32.202 Thread 0x000001cc486e2580 Thread added: 0x000001cc486e2580
Event: 32.203 Thread 0x000001cc48495010 Thread added: 0x000001cc48495010
Event: 32.204 Thread 0x000001cc45748bf0 Thread added: 0x000001cc45748bf0


Dynamic libraries:
0x00007ff786d30000 - 0x00007ff786d3e000 	C:\Program Files\Eclipse Adoptium\jdk-21.0.2.13-hotspot\bin\java.exe
0x00007ffb90710000 - 0x00007ffb90927000 	C:\Windows\SYSTEM32\ntdll.dll
0x00007ffb8f5e0000 - 0x00007ffb8f6a4000 	C:\Windows\System32\KERNEL32.DLL
0x00007ffb8dc30000 - 0x00007ffb8dfe7000 	C:\Windows\System32\KERNELBASE.dll
0x00007ffb8e090000 - 0x00007ffb8e1a1000 	C:\Windows\System32\ucrtbase.dll
0x00007ffb88920000 - 0x00007ffb88938000 	C:\Program Files\Eclipse Adoptium\jdk-21.0.2.13-hotspot\bin\jli.dll
0x00007ffb8f0b0000 - 0x00007ffb8f25f000 	C:\Windows\System32\USER32.dll
0x00007ffb8dc00000 - 0x00007ffb8dc26000 	C:\Windows\System32\win32u.dll
0x00007ffb90590000 - 0x00007ffb905b9000 	C:\Windows\System32\GDI32.dll
0x00007ffb8e320000 - 0x00007ffb8e438000 	C:\Windows\System32\gdi32full.dll
0x00007ffb8dff0000 - 0x00007ffb8e08a000 	C:\Windows\System32\msvcp_win.dll
0x00007ffb89200000 - 0x00007ffb8921b000 	C:\Program Files\Eclipse Adoptium\jdk-21.0.2.13-hotspot\bin\VCRUNTIME140.dll
0x00007ffb7b540000 - 0x00007ffb7b7d3000 	C:\Windows\WinSxS\amd64_microsoft.windows.common-controls_6595b64144ccf1df_6.0.22621.3672_none_2713b9d173822955\COMCTL32.dll
0x00007ffb90140000 - 0x00007ffb901e7000 	C:\Windows\System32\msvcrt.dll
0x00007ffb8efe0000 - 0x00007ffb8f011000 	C:\Windows\System32\IMM32.DLL
0x00007ffb88910000 - 0x00007ffb8891c000 	C:\Program Files\Eclipse Adoptium\jdk-21.0.2.13-hotspot\bin\vcruntime140_1.dll
0x00007ffb88880000 - 0x00007ffb8890e000 	C:\Program Files\Eclipse Adoptium\jdk-21.0.2.13-hotspot\bin\msvcp140.dll
0x00007ffafd630000 - 0x00007ffafe3b3000 	C:\Program Files\Eclipse Adoptium\jdk-21.0.2.13-hotspot\bin\server\jvm.dll
0x00007ffb8ea50000 - 0x00007ffb8eb02000 	C:\Windows\System32\ADVAPI32.dll
0x00007ffb8e440000 - 0x00007ffb8e4e8000 	C:\Windows\System32\sechost.dll
0x00007ffb8e1b0000 - 0x00007ffb8e1d8000 	C:\Windows\System32\bcrypt.dll
0x00007ffb8f4a0000 - 0x00007ffb8f5b4000 	C:\Windows\System32\RPCRT4.dll
0x00007ffb8ff30000 - 0x00007ffb8ffa1000 	C:\Windows\System32\WS2_32.dll
0x00007ffb8c890000 - 0x00007ffb8c8dd000 	C:\Windows\SYSTEM32\POWRPROF.dll
0x00007ffb88540000 - 0x00007ffb88574000 	C:\Windows\SYSTEM32\WINMM.dll
0x00007ffb842c0000 - 0x00007ffb842ca000 	C:\Windows\SYSTEM32\VERSION.dll
0x00007ffb8c870000 - 0x00007ffb8c883000 	C:\Windows\SYSTEM32\UMPDC.dll
0x00007ffb8cb20000 - 0x00007ffb8cb38000 	C:\Windows\SYSTEM32\kernel.appcore.dll
0x00007ffb88870000 - 0x00007ffb8887a000 	C:\Program Files\Eclipse Adoptium\jdk-21.0.2.13-hotspot\bin\jimage.dll
0x00007ffb83480000 - 0x00007ffb836b2000 	C:\Windows\SYSTEM32\DBGHELP.DLL
0x00007ffb8e4f0000 - 0x00007ffb8e87e000 	C:\Windows\System32\combase.dll
0x00007ffb904b0000 - 0x00007ffb90587000 	C:\Windows\System32\OLEAUT32.dll
0x00007ffb73f30000 - 0x00007ffb73f62000 	C:\Windows\SYSTEM32\dbgcore.DLL
0x00007ffb8e1e0000 - 0x00007ffb8e25b000 	C:\Windows\System32\bcryptPrimitives.dll
0x00007ffb88850000 - 0x00007ffb8886f000 	C:\Program Files\Eclipse Adoptium\jdk-21.0.2.13-hotspot\bin\java.dll
0x00007ffb8f6c0000 - 0x00007ffb8ff29000 	C:\Windows\System32\SHELL32.dll
0x00007ffb8b950000 - 0x00007ffb8c24f000 	C:\Windows\SYSTEM32\windows.storage.dll
0x00007ffb8b810000 - 0x00007ffb8b94f000 	C:\Windows\SYSTEM32\wintypes.dll
0x00007ffb8e8f0000 - 0x00007ffb8e9e9000 	C:\Windows\System32\SHCORE.dll
0x00007ffb8e890000 - 0x00007ffb8e8ee000 	C:\Windows\System32\shlwapi.dll
0x00007ffb8d950000 - 0x00007ffb8d977000 	C:\Windows\SYSTEM32\profapi.dll
0x00007ffb2c5d0000 - 0x00007ffb2c6a7000 	C:\Program Files\Eclipse Adoptium\jdk-21.0.2.13-hotspot\bin\jsvml.dll
0x00007ffb7ba10000 - 0x00007ffb7ba20000 	C:\Program Files\Eclipse Adoptium\jdk-21.0.2.13-hotspot\bin\net.dll
0x00007ffb88ce0000 - 0x00007ffb88e16000 	C:\Windows\SYSTEM32\WINHTTP.dll
0x00007ffb8cf90000 - 0x00007ffb8cff9000 	C:\Windows\system32\mswsock.dll
0x00007ffb76b20000 - 0x00007ffb76b36000 	C:\Program Files\Eclipse Adoptium\jdk-21.0.2.13-hotspot\bin\nio.dll
0x00007ffb72e10000 - 0x00007ffb72e28000 	C:\Program Files\Eclipse Adoptium\jdk-21.0.2.13-hotspot\bin\zip.dll
0x0000000069ac0000 - 0x0000000069ae4000 	C:\Users\Cirilo\.m2\wrapper\dists\apache-maven-3.9.6\834f1afe40575b70b4b2527f4b12df8e\lib\jansi-native\Windows\x86_64\jansi.dll
0x00007ffb88830000 - 0x00007ffb88840000 	C:\Program Files\Eclipse Adoptium\jdk-21.0.2.13-hotspot\bin\verify.dll
0x00007ffb8d200000 - 0x00007ffb8d21b000 	C:\Windows\SYSTEM32\CRYPTSP.dll
0x00007ffb8ca80000 - 0x00007ffb8cab5000 	C:\Windows\system32\rsaenh.dll
0x00007ffb8d070000 - 0x00007ffb8d098000 	C:\Windows\SYSTEM32\USERENV.dll
0x00007ffb8d220000 - 0x00007ffb8d22c000 	C:\Windows\SYSTEM32\CRYPTBASE.dll
0x00007ffb8c520000 - 0x00007ffb8c54d000 	C:\Windows\SYSTEM32\IPHLPAPI.DLL
0x00007ffb8f6b0000 - 0x00007ffb8f6b9000 	C:\Windows\System32\NSI.dll

dbghelp: loaded successfully - version: 4.0.5 - missing functions: none
symbol engine: initialized successfully - sym options: 0x614 - pdb path: .;C:\Program Files\Eclipse Adoptium\jdk-21.0.2.13-hotspot\bin;C:\Windows\SYSTEM32;C:\Windows\WinSxS\amd64_microsoft.windows.common-controls_6595b64144ccf1df_6.0.22621.3672_none_2713b9d173822955;C:\Program Files\Eclipse Adoptium\jdk-21.0.2.13-hotspot\bin\server;C:\Users\Cirilo\.m2\wrapper\dists\apache-maven-3.9.6\834f1afe40575b70b4b2527f4b12df8e\lib\jansi-native\Windows\x86_64

VM Arguments:
jvm_args: -Dclassworlds.conf=C:\Users\Cirilo\.m2\wrapper\dists\apache-maven-3.9.6\834f1afe40575b70b4b2527f4b12df8e\bin\m2.conf -Dmaven.home=C:\Users\Cirilo\.m2\wrapper\dists\apache-maven-3.9.6\834f1afe40575b70b4b2527f4b12df8e -Dlibrary.jansi.path=C:\Users\Cirilo\.m2\wrapper\dists\apache-maven-3.9.6\834f1afe40575b70b4b2527f4b12df8e\lib\jansi-native -Dmaven.multiModuleProjectDirectory=C:\Users\Cirilo\Documents\testes-automatizados 
java_command: org.codehaus.plexus.classworlds.launcher.Launcher install
java_class_path (initial): C:\Users\Cirilo\.m2\wrapper\dists\apache-maven-3.9.6\834f1afe40575b70b4b2527f4b12df8e\boot\plexus-classworlds-2.7.0.jar
Launcher Type: SUN_STANDARD

[Global flags]
     intx CICompilerCount                          = 4                                         {product} {ergonomic}
     uint ConcGCThreads                            = 2                                         {product} {ergonomic}
     uint G1ConcRefinementThreads                  = 8                                         {product} {ergonomic}
   size_t G1HeapRegionSize                         = 2097152                                   {product} {ergonomic}
    uintx GCDrainStackTargetSize                   = 64                                        {product} {ergonomic}
   size_t InitialHeapSize                          = 234881024                                 {product} {ergonomic}
   size_t MarkStackSize                            = 4194304                                   {product} {ergonomic}
   size_t MaxHeapSize                              = 3743416320                                {product} {ergonomic}
   size_t MaxNewSize                               = 2246049792                                {product} {ergonomic}
   size_t MinHeapDeltaBytes                        = 2097152                                   {product} {ergonomic}
   size_t MinHeapSize                              = 8388608                                   {product} {ergonomic}
    uintx NonNMethodCodeHeapSize                   = 5839372                                {pd product} {ergonomic}
    uintx NonProfiledCodeHeapSize                  = 122909434                              {pd product} {ergonomic}
    uintx ProfiledCodeHeapSize                     = 122909434                              {pd product} {ergonomic}
    uintx ReservedCodeCacheSize                    = 251658240                              {pd product} {ergonomic}
     bool SegmentedCodeCache                       = true                                      {product} {ergonomic}
   size_t SoftMaxHeapSize                          = 3743416320                             {manageable} {ergonomic}
     bool UseCompressedOops                        = true                           {product lp64_product} {ergonomic}
     bool UseG1GC                                  = true                                      {product} {ergonomic}
     bool UseLargePagesIndividualAllocation        = false                                  {pd product} {ergonomic}

Logging:
Log output configuration:
 #0: stdout all=warning uptime,level,tags foldmultilines=false
 #1: stderr all=off uptime,level,tags foldmultilines=false

Environment Variables:
JAVA_HOME=C:\Program Files\Eclipse Adoptium\jdk-21.0.2.13-hotspot\
PATH=C:\Program Files\Eclipse Adoptium\jdk-21.0.2.13-hotspot\bin;C:\Windows\system32;C:\Windows;C:\Windows\System32\Wbem;C:\Windows\System32\WindowsPowerShell\v1.0\;C:\Windows\System32\OpenSSH\;C:\Program Files\Git\cmd;C:\Program Files\Docker\Docker\resources\bin;C:\Program Files\nodejs\;C:\Program Files\NVIDIA Corporation\NVIDIA NvDLISR;C:\Users\Cirilo\Downloads\apache-maven-3.9.6\bin;C:\Program Files\dotnet\;C:\Program Files\Microsoft SQL Server\150\Tools\Binn\;C:\Program Files\Microsoft SQL Server\Client SDK\ODBC\170\Tools\Binn\;C:\Program Files\GitHub CLI\;C:\Program Files (x86)\NVIDIA Corporation\PhysX\Common;C:\ProgramData\chocolatey\bin;C:\Program Files\PuTTY\;C:\Users\Cirilo\AppData\Local\Microsoft\WindowsApps;C:\Users\Cirilo\AppData\Local\GitHubDesktop\bin;C:\Users\Cirilo\AppData\Local\Programs\Microsoft VS Code\bin;C:\Users\Cirilo\AppData\Roaming\npm;C:\Users\Cirilo\.dotnet\tools
USERNAME=Cirilo
OS=Windows_NT
PROCESSOR_IDENTIFIER=AMD64 Family 23 Model 24 Stepping 1, AuthenticAMD
TMP=C:\Users\Cirilo\AppData\Local\Temp
TEMP=C:\Users\Cirilo\AppData\Local\Temp




Periodic native trim disabled

---------------  S Y S T E M  ---------------

OS:
 Windows 11 , 64 bit Build 22621 (10.0.22621.3958)
OS uptime: 16 days 13:37 hours
Hyper-V role detected

CPU: total 8 (initial active 8) (8 cores per cpu, 2 threads per core) family 23 model 24 stepping 1 microcode 0x0, cx8, cmov, fxsr, ht, mmx, 3dnowpref, sse, sse2, sse3, ssse3, sse4a, sse4.1, sse4.2, popcnt, lzcnt, tsc, tscinvbit, avx, avx2, aes, clmul, bmi1, bmi2, adx, sha, fma, vzeroupper, clflush, clflushopt, hv, rdtscp, f16c
Processor Information for all 8 processors :
  Max Mhz: 2100, Current Mhz: 2100, Mhz Limit: 2100

Memory: 4k page, system-wide physical 14274M (1415M free)
TotalPageFile size 57282M (AvailPageFile size 59M)
current process WorkingSet (physical memory assigned to process): 225M, peak: 266M
current process commit charge ("private bytes"): 256M, peak: 361M

vm_info: OpenJDK 64-Bit Server VM (21.0.2+13-LTS) for windows-amd64 JRE (21.0.2+13-LTS), built on 2024-01-16T00:00:00Z by "admin" with unknown MS VC++:1937

END.
