#
# There is insufficient memory for the Java Runtime Environment to continue.
# Native memory allocation (malloc) failed to allocate 32744 bytes for Chunk::new
# Possible reasons:
#   The system is out of physical RAM or swap space
#   The process is running with CompressedOops enabled, and the Java Heap may be blocking the growth of the native heap
# Possible solutions:
#   Reduce memory load on the system
#   Increase physical memory or swap space
#   Check if swap backing store is full
#   Decrease Java heap size (-Xmx/-Xms)
#   Decrease number of Java threads
#   Decrease Java thread stack sizes (-Xss)
#   Set larger code cache with -XX:ReservedCodeCacheSize=
#   JVM is running with Zero Based Compressed Oops mode in which the Java heap is
#     placed in the first 32GB address space. The Java Heap base address is the
#     maximum limit for the native heap growth. Please use -XX:HeapBaseMinAddress
#     to set the Java Heap base and to place the Java Heap above 32GB virtual address.
# This output file may be truncated or incomplete.
#
#  Out of Memory Error (arena.cpp:168), pid=40744, tid=40704
#
# JRE version: OpenJDK Runtime Environment Temurin-21.0.2+13 (21.0.2+13) (build 21.0.2+13-LTS)
# Java VM: OpenJDK 64-Bit Server VM Temurin-21.0.2+13 (21.0.2+13-LTS, mixed mode, sharing, tiered, compressed oops, compressed class ptrs, g1 gc, windows-amd64)
# No core dump will be written. Minidumps are not enabled by default on client versions of Windows
#

---------------  S U M M A R Y ------------

Command Line: -Dclassworlds.conf=C:\Users\Cirilo\.m2\wrapper\dists\apache-maven-3.9.6\834f1afe40575b70b4b2527f4b12df8e\bin\m2.conf -Dmaven.home=C:\Users\Cirilo\.m2\wrapper\dists\apache-maven-3.9.6\834f1afe40575b70b4b2527f4b12df8e -Dlibrary.jansi.path=C:\Users\Cirilo\.m2\wrapper\dists\apache-maven-3.9.6\834f1afe40575b70b4b2527f4b12df8e\lib\jansi-native -Dmaven.multiModuleProjectDirectory=C:\Users\Cirilo\Documents\testes-automatizados org.codehaus.plexus.classworlds.launcher.Launcher test

Host: AMD Ryzen 5 3550H with Radeon Vega Mobile Gfx  , 8 cores, 13G,  Windows 11 , 64 bit Build 22621 (10.0.22621.3958)
Time: Thu Oct 31 03:09:13 2024 Hora oficial do Brasil elapsed time: 31.811552 seconds (0d 0h 0m 31s)

---------------  T H R E A D  ---------------

Current thread (0x0000025d25fabf80):  JavaThread "C2 CompilerThread0" daemon [_thread_in_native, id=40704, stack(0x000000b60e700000,0x000000b60e800000) (1024K)]


Current CompileTask:
C2:  31811 7628   !   4       java.lang.ClassLoader::loadClass (121 bytes)

Stack: [0x000000b60e700000,0x000000b60e800000]
Native frames: (J=compiled Java code, j=interpreted, Vv=VM code, C=native code)
V  [jvm.dll+0x6c94f9]
V  [jvm.dll+0x8a3c21]
V  [jvm.dll+0x8a614e]
V  [jvm.dll+0x8a6823]
V  [jvm.dll+0x27fa86]
V  [jvm.dll+0xc4a2d]
V  [jvm.dll+0xc4f63]
V  [jvm.dll+0x3b8cf5]
V  [jvm.dll+0x3b3b8e]
V  [jvm.dll+0x1e0f19]
V  [jvm.dll+0x2480f2]
V  [jvm.dll+0x24757f]
V  [jvm.dll+0x1c847e]
V  [jvm.dll+0x256db9]
V  [jvm.dll+0x25538a]
V  [jvm.dll+0x3ed0d6]
V  [jvm.dll+0x84cb3b]
V  [jvm.dll+0x6c7c2d]
C  [ucrtbase.dll+0x29333]
C  [KERNEL32.DLL+0x1257d]
C  [ntdll.dll+0x5af08]


---------------  P R O C E S S  ---------------

Threads class SMR info:
_java_thread_list=0x0000025d6bb08070, length=22, elements={
0x0000025d053cdc20, 0x0000025d25f9c4e0, 0x0000025d25f9d300, 0x0000025d25f9faf0,
0x0000025d25fa3570, 0x0000025d25fa3fd0, 0x0000025d25fa6b70, 0x0000025d25fabf80,
0x0000025d25fb0a30, 0x0000025d6b26a050, 0x0000025d6b26bae0, 0x0000025d6bfa4c50,
0x0000025d6bfa52c0, 0x0000025d6bfa5930, 0x0000025d6bfa5fa0, 0x0000025d6b51b6b0,
0x0000025d6bc53b40, 0x0000025d6ca7c640, 0x0000025d6c689130, 0x0000025d6c6876f0,
0x0000025d6c687d80, 0x0000025d6c688410
}

Java Threads: ( => current thread )
  0x0000025d053cdc20 JavaThread "main"                              [_thread_in_native, id=41752, stack(0x000000b60d900000,0x000000b60da00000) (1024K)]
  0x0000025d25f9c4e0 JavaThread "Reference Handler"          daemon [_thread_blocked, id=41832, stack(0x000000b60e100000,0x000000b60e200000) (1024K)]
  0x0000025d25f9d300 JavaThread "Finalizer"                  daemon [_thread_blocked, id=32180, stack(0x000000b60e200000,0x000000b60e300000) (1024K)]
  0x0000025d25f9faf0 JavaThread "Signal Dispatcher"          daemon [_thread_blocked, id=39324, stack(0x000000b60e300000,0x000000b60e400000) (1024K)]
  0x0000025d25fa3570 JavaThread "Attach Listener"            daemon [_thread_blocked, id=22604, stack(0x000000b60e400000,0x000000b60e500000) (1024K)]
  0x0000025d25fa3fd0 JavaThread "Service Thread"             daemon [_thread_blocked, id=36384, stack(0x000000b60e500000,0x000000b60e600000) (1024K)]
  0x0000025d25fa6b70 JavaThread "Monitor Deflation Thread"   daemon [_thread_blocked, id=40696, stack(0x000000b60e600000,0x000000b60e700000) (1024K)]
=>0x0000025d25fabf80 JavaThread "C2 CompilerThread0"         daemon [_thread_in_native, id=40704, stack(0x000000b60e700000,0x000000b60e800000) (1024K)]
  0x0000025d25fb0a30 JavaThread "C1 CompilerThread0"         daemon [_thread_blocked, id=928, stack(0x000000b60e800000,0x000000b60e900000) (1024K)]
  0x0000025d6b26a050 JavaThread "Notification Thread"        daemon [_thread_blocked, id=33592, stack(0x000000b60e900000,0x000000b60ea00000) (1024K)]
  0x0000025d6b26bae0 JavaThread "Common-Cleaner"             daemon [_thread_blocked, id=41616, stack(0x000000b60ea00000,0x000000b60eb00000) (1024K)]
  0x0000025d6bfa4c50 JavaThread "resolver-1"                 daemon [_thread_blocked, id=39084, stack(0x000000b60ec00000,0x000000b60ed00000) (1024K)]
  0x0000025d6bfa52c0 JavaThread "resolver-2"                 daemon [_thread_blocked, id=40860, stack(0x000000b60f400000,0x000000b60f500000) (1024K)]
  0x0000025d6bfa5930 JavaThread "resolver-3"                 daemon [_thread_blocked, id=18824, stack(0x000000b60f500000,0x000000b60f600000) (1024K)]
  0x0000025d6bfa5fa0 JavaThread "resolver-4"                 daemon [_thread_blocked, id=2976, stack(0x000000b60f600000,0x000000b60f700000) (1024K)]
  0x0000025d6b51b6b0 JavaThread "resolver-5"                 daemon [_thread_blocked, id=40736, stack(0x000000b60f800000,0x000000b60f900000) (1024K)]
  0x0000025d6bc53b40 JavaThread "timeout-check-timer"        daemon [_thread_blocked, id=41688, stack(0x000000b60f700000,0x000000b60f800000) (1024K)]
  0x0000025d6ca7c640 JavaThread "ping-timer-10s"             daemon [_thread_blocked, id=38140, stack(0x000000b60f900000,0x000000b60fa00000) (1024K)]
  0x0000025d6c689130 JavaThread "ThreadedStreamConsumer"     daemon [_thread_blocked, id=41504, stack(0x000000b60fb00000,0x000000b60fc00000) (1024K)]
  0x0000025d6c6876f0 JavaThread "std-in-fork-1"              daemon [_thread_blocked, id=41624, stack(0x000000b60fd00000,0x000000b60fe00000) (1024K)]
  0x0000025d6c687d80 JavaThread "fork-1-event-thread"        daemon [_thread_in_native, id=41764, stack(0x000000b60fe00000,0x000000b60ff00000) (1024K)]
  0x0000025d6c688410 JavaThread "fork-1-err-thread"          daemon [_thread_in_native, id=39892, stack(0x000000b60ff00000,0x000000b610000000) (1024K)]
Total: 22

Other Threads:
  0x0000025d25f83660 VMThread "VM Thread"                           [id=21220, stack(0x000000b60e000000,0x000000b60e100000) (1024K)]
  0x0000025d25f6a280 WatcherThread "VM Periodic Task Thread"        [id=41328, stack(0x000000b60df00000,0x000000b60e000000) (1024K)]
  0x0000025d075f6570 WorkerThread "GC Thread#0"                     [id=16744, stack(0x000000b60da00000,0x000000b60db00000) (1024K)]
  0x0000025d6bdbecb0 WorkerThread "GC Thread#1"                     [id=41552, stack(0x000000b60ed00000,0x000000b60ee00000) (1024K)]
  0x0000025d6befa440 WorkerThread "GC Thread#2"                     [id=41540, stack(0x000000b60ee00000,0x000000b60ef00000) (1024K)]
  0x0000025d6bd12300 WorkerThread "GC Thread#3"                     [id=11776, stack(0x000000b60ef00000,0x000000b60f000000) (1024K)]
  0x0000025d6c4f25c0 WorkerThread "GC Thread#4"                     [id=33668, stack(0x000000b60f000000,0x000000b60f100000) (1024K)]
  0x0000025d6c697f90 WorkerThread "GC Thread#5"                     [id=32592, stack(0x000000b60f100000,0x000000b60f200000) (1024K)]
  0x0000025d6c698330 WorkerThread "GC Thread#6"                     [id=41088, stack(0x000000b60f200000,0x000000b60f300000) (1024K)]
  0x0000025d6c6986d0 WorkerThread "GC Thread#7"                     [id=28928, stack(0x000000b60f300000,0x000000b60f400000) (1024K)]
  0x0000025d07605e20 ConcurrentGCThread "G1 Main Marker"            [id=41680, stack(0x000000b60db00000,0x000000b60dc00000) (1024K)]
  0x0000025d076070c0 WorkerThread "G1 Conc#0"                       [id=39396, stack(0x000000b60dc00000,0x000000b60dd00000) (1024K)]
  0x0000025d6c3b68f0 WorkerThread "G1 Conc#1"                       [id=39200, stack(0x000000b60eb00000,0x000000b60ec00000) (1024K)]
  0x0000025d25e39510 ConcurrentGCThread "G1 Refine#0"               [id=40212, stack(0x000000b60dd00000,0x000000b60de00000) (1024K)]
  0x0000025d0765e520 ConcurrentGCThread "G1 Service"                [id=41068, stack(0x000000b60de00000,0x000000b60df00000) (1024K)]
Total: 15

Threads with active compile tasks:
C2 CompilerThread0    31869 7628   !   4       java.lang.ClassLoader::loadClass (121 bytes)
Total: 1

VM state: not at safepoint (normal execution)

VM Mutex/Monitor currently owned by a thread: None

Heap address: 0x0000000720e00000, size: 3570 MB, Compressed Oops mode: Zero based, Oop shift amount: 3

CDS archive(s) mapped at: [0x0000025d26000000-0x0000025d26c90000-0x0000025d26c90000), size 13172736, SharedBaseAddress: 0x0000025d26000000, ArchiveRelocationMode: 1.
Compressed class space mapped at: 0x0000025d27000000-0x0000025d67000000, reserved size: 1073741824
Narrow klass base: 0x0000025d26000000, Narrow klass shift: 0, Narrow klass range: 0x100000000

GC Precious Log:
 CardTable entry size: 512
 Card Set container configuration: InlinePtr #cards 4 size 8 Array Of Cards #cards 16 size 48 Howl #buckets 8 coarsen threshold 3686 Howl Bitmap #cards 512 size 80 coarsen threshold 460 Card regions per heap region 1 cards per card region 4096
 CPUs: 8 total, 8 available
 Memory: 14274M
 Large Page Support: Disabled
 NUMA Support: Disabled
 Compressed Oops: Enabled (Zero based)
 Heap Region Size: 2M
 Heap Min Capacity: 8M
 Heap Initial Capacity: 224M
 Heap Max Capacity: 3570M
 Pre-touch: Disabled
 Parallel Workers: 8
 Concurrent Workers: 2
 Concurrent Refinement Workers: 8
 Periodic GC: Disabled

Heap:
 garbage-first heap   total 77824K, used 50525K [0x0000000720e00000, 0x0000000800000000)
  region size 2048K, 13 young (26624K), 3 survivors (6144K)
 Metaspace       used 35300K, committed 35904K, reserved 1114112K
  class space    used 3984K, committed 4288K, reserved 1048576K

Heap Regions: E=young(eden), S=young(survivor), O=old, HS=humongous(starts), HC=humongous(continues), CS=collection set, F=free, TAMS=top-at-mark-start, PB=parsable bottom
|   0|0x0000000720e00000, 0x0000000721000000, 0x0000000721000000|100%| O|  |TAMS 0x0000000720e00000| PB 0x0000000720e00000| Untracked 
|   1|0x0000000721000000, 0x0000000721200000, 0x0000000721200000|100%| O|  |TAMS 0x0000000721000000| PB 0x0000000721000000| Untracked 
|   2|0x0000000721200000, 0x0000000721400000, 0x0000000721400000|100%| O|  |TAMS 0x0000000721200000| PB 0x0000000721200000| Untracked 
|   3|0x0000000721400000, 0x0000000721600000, 0x0000000721600000|100%| O|  |TAMS 0x0000000721400000| PB 0x0000000721400000| Untracked 
|   4|0x0000000721600000, 0x0000000721800000, 0x0000000721800000|100%| O|  |TAMS 0x0000000721600000| PB 0x0000000721600000| Untracked 
|   5|0x0000000721800000, 0x0000000721a00000, 0x0000000721a00000|100%| O|  |TAMS 0x0000000721800000| PB 0x0000000721800000| Untracked 
|   6|0x0000000721a00000, 0x0000000721c00000, 0x0000000721c00000|100%| O|  |TAMS 0x0000000721a00000| PB 0x0000000721a00000| Untracked 
|   7|0x0000000721c00000, 0x0000000721e00000, 0x0000000721e00000|100%| O|  |TAMS 0x0000000721c00000| PB 0x0000000721c00000| Untracked 
|   8|0x0000000721e00000, 0x0000000722000000, 0x0000000722000000|100%| O|  |TAMS 0x0000000721e00000| PB 0x0000000721e00000| Untracked 
|   9|0x0000000722000000, 0x0000000722200000, 0x0000000722200000|100%| O|  |TAMS 0x0000000722000000| PB 0x0000000722000000| Untracked 
|  10|0x0000000722200000, 0x0000000722400000, 0x0000000722400000|100%| O|  |TAMS 0x0000000722200000| PB 0x0000000722200000| Untracked 
|  11|0x0000000722400000, 0x0000000722600000, 0x0000000722600000|100%| O|  |TAMS 0x0000000722400000| PB 0x0000000722400000| Untracked 
|  12|0x0000000722600000, 0x00000007226e8b30, 0x0000000722800000| 45%| O|  |TAMS 0x0000000722600000| PB 0x0000000722600000| Untracked 
|  13|0x0000000722800000, 0x0000000722800000, 0x0000000722a00000|  0%| F|  |TAMS 0x0000000722800000| PB 0x0000000722800000| Untracked 
|  14|0x0000000722a00000, 0x0000000722a00000, 0x0000000722c00000|  0%| F|  |TAMS 0x0000000722a00000| PB 0x0000000722a00000| Untracked 
|  15|0x0000000722c00000, 0x0000000722c00000, 0x0000000722e00000|  0%| F|  |TAMS 0x0000000722c00000| PB 0x0000000722c00000| Untracked 
|  16|0x0000000722e00000, 0x0000000722e00000, 0x0000000723000000|  0%| F|  |TAMS 0x0000000722e00000| PB 0x0000000722e00000| Untracked 
|  17|0x0000000723000000, 0x000000072306e8f0, 0x0000000723200000| 21%| S|CS|TAMS 0x0000000723000000| PB 0x0000000723000000| Complete 
|  18|0x0000000723200000, 0x0000000723400000, 0x0000000723400000|100%| S|CS|TAMS 0x0000000723200000| PB 0x0000000723200000| Complete 
|  19|0x0000000723400000, 0x0000000723400000, 0x0000000723600000|  0%| F|  |TAMS 0x0000000723400000| PB 0x0000000723400000| Untracked 
|  20|0x0000000723600000, 0x0000000723800000, 0x0000000723800000|100%| S|CS|TAMS 0x0000000723600000| PB 0x0000000723600000| Complete 
|  21|0x0000000723800000, 0x0000000723800000, 0x0000000723a00000|  0%| F|  |TAMS 0x0000000723800000| PB 0x0000000723800000| Untracked 
|  22|0x0000000723a00000, 0x0000000723a00000, 0x0000000723c00000|  0%| F|  |TAMS 0x0000000723a00000| PB 0x0000000723a00000| Untracked 
|  23|0x0000000723c00000, 0x0000000723c00000, 0x0000000723e00000|  0%| F|  |TAMS 0x0000000723c00000| PB 0x0000000723c00000| Untracked 
|  24|0x0000000723e00000, 0x0000000723e00000, 0x0000000724000000|  0%| F|  |TAMS 0x0000000723e00000| PB 0x0000000723e00000| Untracked 
|  25|0x0000000724000000, 0x0000000724000000, 0x0000000724200000|  0%| F|  |TAMS 0x0000000724000000| PB 0x0000000724000000| Untracked 
|  26|0x0000000724200000, 0x0000000724200000, 0x0000000724400000|  0%| F|  |TAMS 0x0000000724200000| PB 0x0000000724200000| Untracked 
|  27|0x0000000724400000, 0x00000007244e9ff8, 0x0000000724600000| 45%| E|  |TAMS 0x0000000724400000| PB 0x0000000724400000| Complete 
|  28|0x0000000724600000, 0x0000000724800000, 0x0000000724800000|100%| E|CS|TAMS 0x0000000724600000| PB 0x0000000724600000| Complete 
|  29|0x0000000724800000, 0x0000000724a00000, 0x0000000724a00000|100%| E|CS|TAMS 0x0000000724800000| PB 0x0000000724800000| Complete 
|  58|0x0000000728200000, 0x0000000728400000, 0x0000000728400000|100%| E|CS|TAMS 0x0000000728200000| PB 0x0000000728200000| Complete 
|  59|0x0000000728400000, 0x0000000728600000, 0x0000000728600000|100%| E|CS|TAMS 0x0000000728400000| PB 0x0000000728400000| Complete 
|  60|0x0000000728600000, 0x0000000728800000, 0x0000000728800000|100%| E|CS|TAMS 0x0000000728600000| PB 0x0000000728600000| Complete 
|  61|0x0000000728800000, 0x0000000728a00000, 0x0000000728a00000|100%| E|CS|TAMS 0x0000000728800000| PB 0x0000000728800000| Complete 
|  62|0x0000000728a00000, 0x0000000728c00000, 0x0000000728c00000|100%| E|CS|TAMS 0x0000000728a00000| PB 0x0000000728a00000| Complete 
| 110|0x000000072ea00000, 0x000000072ec00000, 0x000000072ec00000|100%| E|CS|TAMS 0x000000072ea00000| PB 0x000000072ea00000| Complete 
| 111|0x000000072ec00000, 0x000000072ee00000, 0x000000072ee00000|100%| E|CS|TAMS 0x000000072ec00000| PB 0x000000072ec00000| Complete 
|1784|0x00000007ffe00000, 0x0000000800000000, 0x0000000800000000|100%| O|  |TAMS 0x00000007ffe00000| PB 0x00000007ffe00000| Untracked 

Card table byte_map: [0x0000025d1f6b0000,0x0000025d1fdb0000] _byte_map_base: 0x0000025d1bda9000

Marking Bits: (CMBitMap*) 0x0000025d075f6c70
 Bits: [0x0000025d1fdb0000, 0x0000025d23578000)

Polling page: 0x0000025d05540000

Metaspace:

Usage:
  Non-class:     30.58 MB used.
      Class:      3.89 MB used.
       Both:     34.47 MB used.

Virtual space:
  Non-class space:       64.00 MB reserved,      30.88 MB ( 48%) committed,  1 nodes.
      Class space:        1.00 GB reserved,       4.19 MB ( <1%) committed,  1 nodes.
             Both:        1.06 GB reserved,      35.06 MB (  3%) committed. 

Chunk freelists:
   Non-Class:  224.00 KB
       Class:  11.66 MB
        Both:  11.88 MB

MaxMetaspaceSize: unlimited
CompressedClassSpaceSize: 1.00 GB
Initial GC threshold: 21.00 MB
Current GC threshold: 35.12 MB
CDS: on
 - commit_granule_bytes: 65536.
 - commit_granule_words: 8192.
 - virtual_space_node_default_size: 8388608.
 - enlarge_chunks_in_place: 1.
 - use_allocation_guard: 0.


Internal statistics:

num_allocs_failed_limit: 3.
num_arena_births: 522.
num_arena_deaths: 0.
num_vsnodes_births: 2.
num_vsnodes_deaths: 0.
num_space_committed: 561.
num_space_uncommitted: 0.
num_chunks_returned_to_freelist: 3.
num_chunks_taken_from_freelist: 1814.
num_chunk_merges: 3.
num_chunk_splits: 1270.
num_chunks_enlarged: 959.
num_inconsistent_stats: 0.

CodeHeap 'non-profiled nmethods': size=120000Kb used=4597Kb max_used=4597Kb free=115402Kb
 bounds [0x0000025d17740000, 0x0000025d17bc0000, 0x0000025d1ec70000]
CodeHeap 'profiled nmethods': size=120000Kb used=17246Kb max_used=17246Kb free=102753Kb
 bounds [0x0000025d0fc70000, 0x0000025d10d50000, 0x0000025d171a0000]
CodeHeap 'non-nmethods': size=5760Kb used=1512Kb max_used=1529Kb free=4247Kb
 bounds [0x0000025d171a0000, 0x0000025d17410000, 0x0000025d17740000]
 total_blobs=8256 nmethods=7670 adapters=489
 compilation: enabled
              stopped_count=0, restarted_count=0
 full_count=0

Compilation events (20 events):
Event: 29.688 Thread 0x0000025d25fae150 7640       4       java.util.BitSet::get (69 bytes)
Event: 29.690 Thread 0x0000025d25fae150 nmethod 7640 0x0000025d17bbc490 code [0x0000025d17bbc620, 0x0000025d17bbc750]
Event: 29.690 Thread 0x0000025d25fae150 7630       4       java.nio.HeapByteBuffer::ix (7 bytes)
Event: 29.690 Thread 0x0000025d25fae150 nmethod 7630 0x0000025d17bbc890 code [0x0000025d17bbca20, 0x0000025d17bbcab0]
Event: 29.691 Thread 0x0000025d25fae150 7658       4       jdk.internal.misc.VM::isJavaLangInvokeInited (4 bytes)
Event: 29.691 Thread 0x0000025d25fae150 nmethod 7658 0x0000025d17bbcb90 code [0x0000025d17bbcd00, 0x0000025d17bbcd70]
Event: 29.730 Thread 0x0000025d25fb0a30 7668   !   3       java.util.ArrayList$Itr::remove (68 bytes)
Event: 29.730 Thread 0x0000025d25fb0a30 nmethod 7668 0x0000025d10d44d90 code [0x0000025d10d44fa0, 0x0000025d10d45528]
Event: 29.730 Thread 0x0000025d25fb0a30 7669       1       java.util.logging.Logger::getName (5 bytes)
Event: 29.730 Thread 0x0000025d25fb0a30 nmethod 7669 0x0000025d17bbd190 code [0x0000025d17bbd320, 0x0000025d17bbd3f0]
Event: 31.325 Thread 0x0000025d25fb0a30 7670       3       java.lang.AbstractStringBuilder::append (45 bytes)
Event: 31.325 Thread 0x0000025d25fb0a30 nmethod 7670 0x0000025d10d45790 code [0x0000025d10d459a0, 0x0000025d10d45ee0]
Event: 31.328 Thread 0x0000025d25fb0a30 7671       3       java.lang.String::getBytes (44 bytes)
Event: 31.328 Thread 0x0000025d25fb0a30 nmethod 7671 0x0000025d10d46110 code [0x0000025d10d462e0, 0x0000025d10d465f0]
Event: 31.391 Thread 0x0000025d25fb0a30 7672       3       java.util.zip.CRC32::update (38 bytes)
Event: 31.391 Thread 0x0000025d25fb0a30 nmethod 7672 0x0000025d10d46710 code [0x0000025d10d46900, 0x0000025d10d46d38]
Event: 31.392 Thread 0x0000025d25fb0a30 7673       3       java.util.ArrayList::subList (20 bytes)
Event: 31.393 Thread 0x0000025d25fb0a30 nmethod 7673 0x0000025d10d46f10 code [0x0000025d10d470e0, 0x0000025d10d474a8]
Event: 31.393 Thread 0x0000025d25fb0a30 7674       3       java.lang.StringBuilder::append (8 bytes)
Event: 31.393 Thread 0x0000025d25fb0a30 nmethod 7674 0x0000025d10d47610 code [0x0000025d10d477c0, 0x0000025d10d47910]

GC Heap History (16 events):
Event: 2.068 GC heap before
{Heap before GC invocations=0 (full 0):
 garbage-first heap   total 229376K, used 22528K [0x0000000720e00000, 0x0000000800000000)
  region size 2048K, 11 young (22528K), 0 survivors (0K)
 Metaspace       used 5723K, committed 5952K, reserved 1114112K
  class space    used 657K, committed 768K, reserved 1048576K
}
Event: 2.091 GC heap after
{Heap after GC invocations=1 (full 0):
 garbage-first heap   total 229376K, used 3788K [0x0000000720e00000, 0x0000000800000000)
  region size 2048K, 2 young (4096K), 2 survivors (4096K)
 Metaspace       used 5723K, committed 5952K, reserved 1114112K
  class space    used 657K, committed 768K, reserved 1048576K
}
Event: 4.590 GC heap before
{Heap before GC invocations=1 (full 0):
 garbage-first heap   total 229376K, used 36556K [0x0000000720e00000, 0x0000000800000000)
  region size 2048K, 18 young (36864K), 2 survivors (4096K)
 Metaspace       used 10585K, committed 10752K, reserved 1114112K
  class space    used 1259K, committed 1344K, reserved 1048576K
}
Event: 4.598 GC heap after
{Heap after GC invocations=2 (full 0):
 garbage-first heap   total 229376K, used 5907K [0x0000000720e00000, 0x0000000800000000)
  region size 2048K, 2 young (4096K), 2 survivors (4096K)
 Metaspace       used 10585K, committed 10752K, reserved 1114112K
  class space    used 1259K, committed 1344K, reserved 1048576K
}
Event: 12.196 GC heap before
{Heap before GC invocations=2 (full 0):
 garbage-first heap   total 229376K, used 98067K [0x0000000720e00000, 0x0000000800000000)
  region size 2048K, 49 young (100352K), 2 survivors (4096K)
 Metaspace       used 21227K, committed 21504K, reserved 1114112K
  class space    used 2470K, committed 2624K, reserved 1048576K
}
Event: 12.211 GC heap after
{Heap after GC invocations=3 (full 0):
 garbage-first heap   total 229376K, used 13967K [0x0000000720e00000, 0x0000000800000000)
  region size 2048K, 5 young (10240K), 5 survivors (10240K)
 Metaspace       used 21227K, committed 21504K, reserved 1114112K
  class space    used 2470K, committed 2624K, reserved 1048576K
}
Event: 16.338 GC heap before
{Heap before GC invocations=4 (full 0):
 garbage-first heap   total 61440K, used 61071K [0x0000000720e00000, 0x0000000800000000)
  region size 2048K, 28 young (57344K), 5 survivors (10240K)
 Metaspace       used 28236K, committed 28544K, reserved 1114112K
  class space    used 3236K, committed 3392K, reserved 1048576K
}
Event: 16.365 GC heap after
{Heap after GC invocations=5 (full 0):
 garbage-first heap   total 77824K, used 18343K [0x0000000720e00000, 0x0000000800000000)
  region size 2048K, 7 young (14336K), 7 survivors (14336K)
 Metaspace       used 28236K, committed 28544K, reserved 1114112K
  class space    used 3236K, committed 3392K, reserved 1048576K
}
Event: 18.818 GC heap before
{Heap before GC invocations=5 (full 0):
 garbage-first heap   total 77824K, used 49063K [0x0000000720e00000, 0x0000000800000000)
  region size 2048K, 22 young (45056K), 7 survivors (14336K)
 Metaspace       used 28571K, committed 28928K, reserved 1114112K
  class space    used 3260K, committed 3456K, reserved 1048576K
}
Event: 18.851 GC heap after
{Heap after GC invocations=6 (full 0):
 garbage-first heap   total 77824K, used 24576K [0x0000000720e00000, 0x0000000800000000)
  region size 2048K, 3 young (6144K), 3 survivors (6144K)
 Metaspace       used 28571K, committed 28928K, reserved 1114112K
  class space    used 3260K, committed 3456K, reserved 1048576K
}
Event: 21.575 GC heap before
{Heap before GC invocations=6 (full 0):
 garbage-first heap   total 77824K, used 61440K [0x0000000720e00000, 0x0000000800000000)
  region size 2048K, 21 young (43008K), 3 survivors (6144K)
 Metaspace       used 29996K, committed 30400K, reserved 1114112K
  class space    used 3411K, committed 3584K, reserved 1048576K
}
Event: 21.588 GC heap after
{Heap after GC invocations=7 (full 0):
 garbage-first heap   total 77824K, used 27870K [0x0000000720e00000, 0x0000000800000000)
  region size 2048K, 2 young (4096K), 2 survivors (4096K)
 Metaspace       used 29996K, committed 30400K, reserved 1114112K
  class space    used 3411K, committed 3584K, reserved 1048576K
}
Event: 25.605 GC heap before
{Heap before GC invocations=7 (full 0):
 garbage-first heap   total 77824K, used 62686K [0x0000000720e00000, 0x0000000800000000)
  region size 2048K, 19 young (38912K), 2 survivors (4096K)
 Metaspace       used 31964K, committed 32512K, reserved 1114112K
  class space    used 3644K, committed 3904K, reserved 1048576K
}
Event: 25.625 GC heap after
{Heap after GC invocations=8 (full 0):
 garbage-first heap   total 77824K, used 30697K [0x0000000720e00000, 0x0000000800000000)
  region size 2048K, 3 young (6144K), 3 survivors (6144K)
 Metaspace       used 31964K, committed 32512K, reserved 1114112K
  class space    used 3644K, committed 3904K, reserved 1048576K
}
Event: 28.092 GC heap before
{Heap before GC invocations=8 (full 0):
 garbage-first heap   total 77824K, used 63465K [0x0000000720e00000, 0x0000000800000000)
  region size 2048K, 19 young (38912K), 3 survivors (6144K)
 Metaspace       used 33623K, committed 34240K, reserved 1114112K
  class space    used 3796K, committed 4096K, reserved 1048576K
}
Event: 28.109 GC heap after
{Heap after GC invocations=9 (full 0):
 garbage-first heap   total 77824K, used 32093K [0x0000000720e00000, 0x0000000800000000)
  region size 2048K, 3 young (6144K), 3 survivors (6144K)
 Metaspace       used 33623K, committed 34240K, reserved 1114112K
  class space    used 3796K, committed 4096K, reserved 1048576K
}

Dll operation events (8 events):
Event: 0.029 Loaded shared library C:\Program Files\Eclipse Adoptium\jdk-21.0.2.13-hotspot\bin\java.dll
Event: 0.111 Loaded shared library C:\Program Files\Eclipse Adoptium\jdk-21.0.2.13-hotspot\bin\jsvml.dll
Event: 0.152 Loaded shared library C:\Program Files\Eclipse Adoptium\jdk-21.0.2.13-hotspot\bin\net.dll
Event: 0.157 Loaded shared library C:\Program Files\Eclipse Adoptium\jdk-21.0.2.13-hotspot\bin\nio.dll
Event: 0.164 Loaded shared library C:\Program Files\Eclipse Adoptium\jdk-21.0.2.13-hotspot\bin\zip.dll
Event: 0.577 Loaded shared library C:\Program Files\Eclipse Adoptium\jdk-21.0.2.13-hotspot\bin\jimage.dll
Event: 0.609 Loaded shared library C:\Users\Cirilo\.m2\wrapper\dists\apache-maven-3.9.6\834f1afe40575b70b4b2527f4b12df8e\lib\jansi-native\Windows\x86_64\jansi.dll
Event: 0.641 Loaded shared library C:\Program Files\Eclipse Adoptium\jdk-21.0.2.13-hotspot\bin\verify.dll

Deoptimization events (20 events):
Event: 29.781 Thread 0x0000025d6c688410 Uncommon trap: trap_request=0xffffff45 fr.pc=0x0000025d1777c058 relative=0x0000000000000578
Event: 29.781 Thread 0x0000025d6c688410 Uncommon trap: reason=unstable_if action=reinterpret pc=0x0000025d1777c058 method=java.lang.AbstractStringBuilder.inflateIfNeededFor(Ljava/lang/String;)V @ 14 c2
Event: 29.781 Thread 0x0000025d6c688410 DEOPT PACKING pc=0x0000025d1777c058 sp=0x000000b60ffff270
Event: 29.781 Thread 0x0000025d6c688410 DEOPT UNPACKING pc=0x0000025d171f46a2 sp=0x000000b60ffff178 mode 2
Event: 29.781 Thread 0x0000025d6c688410 Uncommon trap: trap_request=0xffffff45 fr.pc=0x0000025d17779910 relative=0x00000000000000f0
Event: 29.781 Thread 0x0000025d6c688410 Uncommon trap: reason=unstable_if action=reinterpret pc=0x0000025d17779910 method=java.lang.String.getBytes([BIB)V @ 5 c2
Event: 29.781 Thread 0x0000025d6c688410 DEOPT PACKING pc=0x0000025d17779910 sp=0x000000b60ffff1a0
Event: 29.781 Thread 0x0000025d6c688410 DEOPT UNPACKING pc=0x0000025d171f46a2 sp=0x000000b60ffff168 mode 2
Event: 29.781 Thread 0x0000025d6c688410 Uncommon trap: trap_request=0xffffff45 fr.pc=0x0000025d177cd4d4 relative=0x0000000000000514
Event: 29.781 Thread 0x0000025d6c688410 Uncommon trap: reason=unstable_if action=reinterpret pc=0x0000025d177cd4d4 method=java.lang.String.<init>(Ljava/lang/AbstractStringBuilder;Ljava/lang/Void;)V @ 19 c2
Event: 29.781 Thread 0x0000025d6c688410 DEOPT PACKING pc=0x0000025d177cd4d4 sp=0x000000b60ffff2e0
Event: 29.781 Thread 0x0000025d6c688410 DEOPT UNPACKING pc=0x0000025d171f46a2 sp=0x000000b60ffff1d8 mode 2
Event: 29.781 Thread 0x0000025d6c688410 Uncommon trap: trap_request=0xffffff45 fr.pc=0x0000025d1791fde8 relative=0x00000000000000c8
Event: 29.781 Thread 0x0000025d6c688410 Uncommon trap: reason=unstable_if action=reinterpret pc=0x0000025d1791fde8 method=java.lang.String.codePointAt(I)I @ 4 c2
Event: 29.781 Thread 0x0000025d6c688410 DEOPT PACKING pc=0x0000025d1791fde8 sp=0x000000b60ffff260
Event: 29.781 Thread 0x0000025d6c688410 DEOPT UNPACKING pc=0x0000025d171f46a2 sp=0x000000b60ffff1e8 mode 2
Event: 29.782 Thread 0x0000025d6c688410 Uncommon trap: trap_request=0xffffffde fr.pc=0x0000025d1779dbe8 relative=0x0000000000000388
Event: 29.782 Thread 0x0000025d6c688410 Uncommon trap: reason=class_check action=maybe_recompile pc=0x0000025d1779dbe8 method=sun.nio.cs.StreamDecoder.read([CII)I @ 8 c2
Event: 29.782 Thread 0x0000025d6c688410 DEOPT PACKING pc=0x0000025d1779dbe8 sp=0x000000b60ffff2e0
Event: 29.782 Thread 0x0000025d6c688410 DEOPT UNPACKING pc=0x0000025d171f46a2 sp=0x000000b60ffff298 mode 2

Classes loaded (20 events):
Event: 29.729 Loading class jdk/internal/logger/LoggerFinderLoader$TemporaryLoggerFinder
Event: 29.729 Loading class jdk/internal/logger/LoggerFinderLoader$TemporaryLoggerFinder done
Event: 29.730 Loading class sun/util/logging/internal/LoggingProviderImpl$JULWrapper
Event: 29.730 Loading class sun/util/logging/PlatformLogger$ConfigurableBridge$LoggerConfiguration
Event: 29.730 Loading class sun/util/logging/PlatformLogger$ConfigurableBridge$LoggerConfiguration done
Event: 29.730 Loading class sun/util/logging/internal/LoggingProviderImpl$JULWrapper done
Event: 29.730 Loading class java/lang/System$Logger$Level
Event: 29.730 Loading class java/lang/System$Logger$Level done
Event: 29.732 Loading class java/nio/channels/ClosedChannelException
Event: 29.733 Loading class java/nio/channels/ClosedChannelException done
Event: 29.737 Loading class java/nio/channels/NonReadableChannelException
Event: 29.737 Loading class java/nio/channels/NonReadableChannelException done
Event: 29.739 Loading class java/nio/channels/NonWritableChannelException
Event: 29.739 Loading class java/nio/channels/NonWritableChannelException done
Event: 29.775 Loading class java/util/Scanner
Event: 29.777 Loading class java/util/Scanner done
Event: 29.779 Loading class java/util/Scanner$PatternLRUCache
Event: 29.780 Loading class java/util/Scanner$PatternLRUCache done
Event: 31.367 Loading class java/io/SequenceInputStream
Event: 31.367 Loading class java/io/SequenceInputStream done

Classes unloaded (0 events):
No events

Classes redefined (0 events):
No events

Internal exceptions (20 events):
Event: 24.854 Thread 0x0000025d053cdc20 Exception <a 'sun/nio/fs/WindowsException'{0x0000000723b587a0}> (0x0000000723b587a0) 
thrown [s\src\hotspot\share\prims\jni.cpp, line 520]
Event: 24.854 Thread 0x0000025d053cdc20 Exception <a 'sun/nio/fs/WindowsException'{0x0000000723b58ec0}> (0x0000000723b58ec0) 
thrown [s\src\hotspot\share\prims\jni.cpp, line 520]
Event: 24.889 Thread 0x0000025d053cdc20 Exception <a 'sun/nio/fs/WindowsException'{0x0000000723b8c670}> (0x0000000723b8c670) 
thrown [s\src\hotspot\share\prims\jni.cpp, line 520]
Event: 24.889 Thread 0x0000025d053cdc20 Exception <a 'sun/nio/fs/WindowsException'{0x0000000723b8cd20}> (0x0000000723b8cd20) 
thrown [s\src\hotspot\share\prims\jni.cpp, line 520]
Event: 24.889 Thread 0x0000025d053cdc20 Exception <a 'sun/nio/fs/WindowsException'{0x0000000723b8d510}> (0x0000000723b8d510) 
thrown [s\src\hotspot\share\prims\jni.cpp, line 520]
Event: 26.775 Thread 0x0000025d053cdc20 Exception <a 'java/lang/NoClassDefFoundError'{0x00000007282b11f8}: org/sonatype/aether/artifact/ArtifactType> (0x00000007282b11f8) 
thrown [s\src\hotspot\share\classfile\systemDictionary.cpp, line 301]
Event: 26.781 Thread 0x0000025d053cdc20 Exception <a 'java/lang/NoClassDefFoundError'{0x00000007282ca810}: org/sonatype/aether/resolution/ArtifactDescriptorException> (0x00000007282ca810) 
thrown [s\src\hotspot\share\classfile\systemDictionary.cpp, line 301]
Event: 26.783 Thread 0x0000025d053cdc20 Exception <a 'java/lang/NoClassDefFoundError'{0x00000007282d6428}: org/sonatype/aether/deployment/DeploymentException> (0x00000007282d6428) 
thrown [s\src\hotspot\share\classfile\systemDictionary.cpp, line 301]
Event: 26.789 Thread 0x0000025d053cdc20 Exception <a 'java/lang/NoClassDefFoundError'{0x00000007282f4040}: org/sonatype/aether/installation/InstallationException> (0x00000007282f4040) 
thrown [s\src\hotspot\share\classfile\systemDictionary.cpp, line 301]
Event: 26.792 Thread 0x0000025d053cdc20 Exception <a 'java/lang/NoClassDefFoundError'{0x0000000728306000}: org/sonatype/aether/artifact/Artifact> (0x0000000728306000) 
thrown [s\src\hotspot\share\classfile\systemDictionary.cpp, line 301]
Event: 26.796 Thread 0x0000025d053cdc20 Exception <a 'java/lang/NoClassDefFoundError'{0x00000007283158b8}: org/sonatype/aether/artifact/Artifact> (0x00000007283158b8) 
thrown [s\src\hotspot\share\classfile\systemDictionary.cpp, line 301]
Event: 26.797 Thread 0x0000025d053cdc20 Exception <a 'java/lang/NoClassDefFoundError'{0x0000000728323728}: org/sonatype/aether/artifact/Artifact> (0x0000000728323728) 
thrown [s\src\hotspot\share\classfile\systemDictionary.cpp, line 301]
Event: 27.002 Thread 0x0000025d6dde73f0 Exception <a 'java/lang/NoSuchMethodError'{0x0000000724981b50}: 'java.lang.Object java.lang.invoke.DirectMethodHandle$Holder.invokeStatic(java.lang.Object, long, java.lang.Object)'> (0x0000000724981b50) 
thrown [s\src\hotspot\share\interpreter\linkResolver.cpp, line 773]
Event: 27.003 Thread 0x0000025d6dde73f0 Exception <a 'java/lang/NoSuchMethodError'{0x0000000724984ef8}: 'java.lang.Object java.lang.invoke.DirectMethodHandle$Holder.invokeStaticInit(java.lang.Object, long, java.lang.Object)'> (0x0000000724984ef8) 
thrown [s\src\hotspot\share\interpreter\linkResolver.cpp, line 773]
Event: 27.004 Thread 0x0000025d6dde73f0 Exception <a 'java/lang/NoSuchMethodError'{0x000000072498a2f0}: 'java.lang.Object java.lang.invoke.DirectMethodHandle$Holder.newInvokeSpecial(java.lang.Object, long)'> (0x000000072498a2f0) 
thrown [s\src\hotspot\share\interpreter\linkResolver.cpp, line 773]
Event: 27.014 Thread 0x0000025d6dde73f0 Exception <a 'java/lang/NoSuchMethodError'{0x000000072498ea78}: 'long java.lang.invoke.DirectMethodHandle$Holder.invokeInterface(java.lang.Object, java.lang.Object)'> (0x000000072498ea78) 
thrown [s\src\hotspot\share\interpreter\linkResolver.cpp, line 773]
Event: 27.014 Thread 0x0000025d6dde73f0 Exception <a 'java/lang/NoSuchMethodError'{0x0000000724991f30}: 'long java.lang.invoke.DelegatingMethodHandle$Holder.reinvoke_L(java.lang.Object, java.lang.Object)'> (0x0000000724991f30) 
thrown [s\src\hotspot\share\interpreter\linkResolver.cpp, line 773]
Event: 27.172 Thread 0x0000025d053cdc20 Exception <a 'java/lang/NoSuchMethodError'{0x0000000724410a98}: 'java.lang.Object java.lang.invoke.DirectMethodHandle$Holder.invokeStaticInit(java.lang.Object, java.lang.Object, int, int, int, int)'> (0x0000000724410a98) 
thrown [s\src\hotspot\share\interpreter\linkResolver.cpp, line 773]
Event: 27.362 Thread 0x0000025d053cdc20 Exception <a 'java/lang/NoSuchMethodError'{0x00000007242713a8}: 'int java.lang.invoke.DirectMethodHandle$Holder.invokeSpecialIFC(java.lang.Object, java.lang.Object, java.lang.Object, java.lang.Object)'> (0x00000007242713a8) 
thrown [s\src\hotspot\share\interpreter\linkResolver.cpp, line 773]
Event: 29.720 Thread 0x0000025d053cdc20 Exception <a 'java/lang/NoSuchMethodError'{0x00000007246ea568}: 'void java.lang.invoke.DirectMethodHandle$Holder.invokeStatic(java.lang.Object, long)'> (0x00000007246ea568) 
thrown [s\src\hotspot\share\interpreter\linkResolver.cpp, line 773]

ZGC Phase Switch (0 events):
No events

VM Operations (20 events):
Event: 27.123 Executing VM operation: HandshakeAllThreads (Deoptimize)
Event: 27.123 Executing VM operation: HandshakeAllThreads (Deoptimize) done
Event: 28.091 Executing VM operation: G1CollectForAllocation (G1 Evacuation Pause)
Event: 28.109 Executing VM operation: G1CollectForAllocation (G1 Evacuation Pause) done
Event: 29.116 Executing VM operation: Cleanup
Event: 29.116 Executing VM operation: Cleanup done
Event: 29.391 Executing VM operation: HandshakeAllThreads (Deoptimize)
Event: 29.391 Executing VM operation: HandshakeAllThreads (Deoptimize) done
Event: 29.533 Executing VM operation: HandshakeAllThreads (Deoptimize)
Event: 29.533 Executing VM operation: HandshakeAllThreads (Deoptimize) done
Event: 29.541 Executing VM operation: HandshakeAllThreads (Deoptimize)
Event: 29.541 Executing VM operation: HandshakeAllThreads (Deoptimize) done
Event: 29.543 Executing VM operation: HandshakeAllThreads (Deoptimize)
Event: 29.543 Executing VM operation: HandshakeAllThreads (Deoptimize) done
Event: 29.725 Executing VM operation: HandshakeAllThreads (Deoptimize)
Event: 29.725 Executing VM operation: HandshakeAllThreads (Deoptimize) done
Event: 30.735 Executing VM operation: Cleanup
Event: 30.735 Executing VM operation: Cleanup done
Event: 31.751 Executing VM operation: Cleanup
Event: 31.751 Executing VM operation: Cleanup done

Events (20 events):
Event: 26.961 Thread 0x0000025d25fb0360 Thread exited: 0x0000025d25fb0360
Event: 26.982 Thread 0x0000025d25faeef0 Thread exited: 0x0000025d25faeef0
Event: 27.019 Thread 0x0000025d6dde73f0 Thread exited: 0x0000025d6dde73f0
Event: 27.950 Thread 0x0000025d6bfa4c50 Thread added: 0x0000025d6bfa4c50
Event: 27.950 Thread 0x0000025d6bfa52c0 Thread added: 0x0000025d6bfa52c0
Event: 27.950 Thread 0x0000025d6bfa5930 Thread added: 0x0000025d6bfa5930
Event: 27.951 Thread 0x0000025d6bfa5fa0 Thread added: 0x0000025d6bfa5fa0
Event: 29.066 Thread 0x0000025d25faf5c0 Thread added: 0x0000025d25faf5c0
Event: 29.257 Thread 0x0000025d6b51b6b0 Thread added: 0x0000025d6b51b6b0
Event: 29.283 Thread 0x0000025d25faf5c0 Thread exited: 0x0000025d25faf5c0
Event: 29.350 Thread 0x0000025d6bc53b40 Thread added: 0x0000025d6bc53b40
Event: 29.368 Thread 0x0000025d6ca7c640 Thread added: 0x0000025d6ca7c640
Event: 29.588 Thread 0x0000025d25fae150 Thread added: 0x0000025d25fae150
Event: 29.649 Thread 0x0000025d6c689130 Thread added: 0x0000025d6c689130
Event: 29.671 Thread 0x0000025d25faeef0 Thread added: 0x0000025d25faeef0
Event: 29.741 Thread 0x0000025d6c6876f0 Thread added: 0x0000025d6c6876f0
Event: 29.772 Thread 0x0000025d6c687d80 Thread added: 0x0000025d6c687d80
Event: 29.773 Thread 0x0000025d6c688410 Thread added: 0x0000025d6c688410
Event: 31.325 Thread 0x0000025d25faeef0 Thread exited: 0x0000025d25faeef0
Event: 31.328 Thread 0x0000025d25fae150 Thread exited: 0x0000025d25fae150


Dynamic libraries:
0x00007ff786d30000 - 0x00007ff786d3e000 	C:\Program Files\Eclipse Adoptium\jdk-21.0.2.13-hotspot\bin\java.exe
0x00007ffb90710000 - 0x00007ffb90927000 	C:\Windows\SYSTEM32\ntdll.dll
0x00007ffb8f5e0000 - 0x00007ffb8f6a4000 	C:\Windows\System32\KERNEL32.DLL
0x00007ffb8dc30000 - 0x00007ffb8dfe7000 	C:\Windows\System32\KERNELBASE.dll
0x00007ffb8e090000 - 0x00007ffb8e1a1000 	C:\Windows\System32\ucrtbase.dll
0x00007ffb88920000 - 0x00007ffb88938000 	C:\Program Files\Eclipse Adoptium\jdk-21.0.2.13-hotspot\bin\jli.dll
0x00007ffb89200000 - 0x00007ffb8921b000 	C:\Program Files\Eclipse Adoptium\jdk-21.0.2.13-hotspot\bin\VCRUNTIME140.dll
0x00007ffb8f0b0000 - 0x00007ffb8f25f000 	C:\Windows\System32\USER32.dll
0x00007ffb8dc00000 - 0x00007ffb8dc26000 	C:\Windows\System32\win32u.dll
0x00007ffb90590000 - 0x00007ffb905b9000 	C:\Windows\System32\GDI32.dll
0x00007ffb7b540000 - 0x00007ffb7b7d3000 	C:\Windows\WinSxS\amd64_microsoft.windows.common-controls_6595b64144ccf1df_6.0.22621.3672_none_2713b9d173822955\COMCTL32.dll
0x00007ffb8e320000 - 0x00007ffb8e438000 	C:\Windows\System32\gdi32full.dll
0x00007ffb90140000 - 0x00007ffb901e7000 	C:\Windows\System32\msvcrt.dll
0x00007ffb8dff0000 - 0x00007ffb8e08a000 	C:\Windows\System32\msvcp_win.dll
0x00007ffb8efe0000 - 0x00007ffb8f011000 	C:\Windows\System32\IMM32.DLL
0x00007ffb88910000 - 0x00007ffb8891c000 	C:\Program Files\Eclipse Adoptium\jdk-21.0.2.13-hotspot\bin\vcruntime140_1.dll
0x00007ffb88880000 - 0x00007ffb8890e000 	C:\Program Files\Eclipse Adoptium\jdk-21.0.2.13-hotspot\bin\msvcp140.dll
0x00007ffafd630000 - 0x00007ffafe3b3000 	C:\Program Files\Eclipse Adoptium\jdk-21.0.2.13-hotspot\bin\server\jvm.dll
0x00007ffb8ea50000 - 0x00007ffb8eb02000 	C:\Windows\System32\ADVAPI32.dll
0x00007ffb8e440000 - 0x00007ffb8e4e8000 	C:\Windows\System32\sechost.dll
0x00007ffb8e1b0000 - 0x00007ffb8e1d8000 	C:\Windows\System32\bcrypt.dll
0x00007ffb8f4a0000 - 0x00007ffb8f5b4000 	C:\Windows\System32\RPCRT4.dll
0x00007ffb8ff30000 - 0x00007ffb8ffa1000 	C:\Windows\System32\WS2_32.dll
0x00007ffb88540000 - 0x00007ffb88574000 	C:\Windows\SYSTEM32\WINMM.dll
0x00007ffb8c890000 - 0x00007ffb8c8dd000 	C:\Windows\SYSTEM32\POWRPROF.dll
0x00007ffb842c0000 - 0x00007ffb842ca000 	C:\Windows\SYSTEM32\VERSION.dll
0x00007ffb8c870000 - 0x00007ffb8c883000 	C:\Windows\SYSTEM32\UMPDC.dll
0x00007ffb8cb20000 - 0x00007ffb8cb38000 	C:\Windows\SYSTEM32\kernel.appcore.dll
0x00007ffb88870000 - 0x00007ffb8887a000 	C:\Program Files\Eclipse Adoptium\jdk-21.0.2.13-hotspot\bin\jimage.dll
0x00007ffb83480000 - 0x00007ffb836b2000 	C:\Windows\SYSTEM32\DBGHELP.DLL
0x00007ffb8e4f0000 - 0x00007ffb8e87e000 	C:\Windows\System32\combase.dll
0x00007ffb904b0000 - 0x00007ffb90587000 	C:\Windows\System32\OLEAUT32.dll
0x00007ffb73f30000 - 0x00007ffb73f62000 	C:\Windows\SYSTEM32\dbgcore.DLL
0x00007ffb8e1e0000 - 0x00007ffb8e25b000 	C:\Windows\System32\bcryptPrimitives.dll
0x00007ffb88850000 - 0x00007ffb8886f000 	C:\Program Files\Eclipse Adoptium\jdk-21.0.2.13-hotspot\bin\java.dll
0x00007ffb8f6c0000 - 0x00007ffb8ff29000 	C:\Windows\System32\SHELL32.dll
0x00007ffb8b950000 - 0x00007ffb8c24f000 	C:\Windows\SYSTEM32\windows.storage.dll
0x00007ffb8b810000 - 0x00007ffb8b94f000 	C:\Windows\SYSTEM32\wintypes.dll
0x00007ffb8e8f0000 - 0x00007ffb8e9e9000 	C:\Windows\System32\SHCORE.dll
0x00007ffb8e890000 - 0x00007ffb8e8ee000 	C:\Windows\System32\shlwapi.dll
0x00007ffb8d950000 - 0x00007ffb8d977000 	C:\Windows\SYSTEM32\profapi.dll
0x00007ffb2c5d0000 - 0x00007ffb2c6a7000 	C:\Program Files\Eclipse Adoptium\jdk-21.0.2.13-hotspot\bin\jsvml.dll
0x00007ffb7ba10000 - 0x00007ffb7ba20000 	C:\Program Files\Eclipse Adoptium\jdk-21.0.2.13-hotspot\bin\net.dll
0x00007ffb88ce0000 - 0x00007ffb88e16000 	C:\Windows\SYSTEM32\WINHTTP.dll
0x00007ffb8cf90000 - 0x00007ffb8cff9000 	C:\Windows\system32\mswsock.dll
0x00007ffb76b20000 - 0x00007ffb76b36000 	C:\Program Files\Eclipse Adoptium\jdk-21.0.2.13-hotspot\bin\nio.dll
0x00007ffb72e10000 - 0x00007ffb72e28000 	C:\Program Files\Eclipse Adoptium\jdk-21.0.2.13-hotspot\bin\zip.dll
0x0000000069ac0000 - 0x0000000069ae4000 	C:\Users\Cirilo\.m2\wrapper\dists\apache-maven-3.9.6\834f1afe40575b70b4b2527f4b12df8e\lib\jansi-native\Windows\x86_64\jansi.dll
0x00007ffb88830000 - 0x00007ffb88840000 	C:\Program Files\Eclipse Adoptium\jdk-21.0.2.13-hotspot\bin\verify.dll
0x00007ffb8cc40000 - 0x00007ffb8cc74000 	C:\Windows\SYSTEM32\ntmarta.dll
0x00007ffb8d200000 - 0x00007ffb8d21b000 	C:\Windows\SYSTEM32\CRYPTSP.dll
0x00007ffb8ca80000 - 0x00007ffb8cab5000 	C:\Windows\system32\rsaenh.dll
0x00007ffb8d070000 - 0x00007ffb8d098000 	C:\Windows\SYSTEM32\USERENV.dll
0x00007ffb8d220000 - 0x00007ffb8d22c000 	C:\Windows\SYSTEM32\CRYPTBASE.dll
0x00007ffb8c520000 - 0x00007ffb8c54d000 	C:\Windows\SYSTEM32\IPHLPAPI.DLL
0x00007ffb8f6b0000 - 0x00007ffb8f6b9000 	C:\Windows\System32\NSI.dll

dbghelp: loaded successfully - version: 4.0.5 - missing functions: none
symbol engine: initialized successfully - sym options: 0x614 - pdb path: .;C:\Program Files\Eclipse Adoptium\jdk-21.0.2.13-hotspot\bin;C:\Windows\SYSTEM32;C:\Windows\WinSxS\amd64_microsoft.windows.common-controls_6595b64144ccf1df_6.0.22621.3672_none_2713b9d173822955;C:\Program Files\Eclipse Adoptium\jdk-21.0.2.13-hotspot\bin\server;C:\Users\Cirilo\.m2\wrapper\dists\apache-maven-3.9.6\834f1afe40575b70b4b2527f4b12df8e\lib\jansi-native\Windows\x86_64

VM Arguments:
jvm_args: -Dclassworlds.conf=C:\Users\Cirilo\.m2\wrapper\dists\apache-maven-3.9.6\834f1afe40575b70b4b2527f4b12df8e\bin\m2.conf -Dmaven.home=C:\Users\Cirilo\.m2\wrapper\dists\apache-maven-3.9.6\834f1afe40575b70b4b2527f4b12df8e -Dlibrary.jansi.path=C:\Users\Cirilo\.m2\wrapper\dists\apache-maven-3.9.6\834f1afe40575b70b4b2527f4b12df8e\lib\jansi-native -Dmaven.multiModuleProjectDirectory=C:\Users\Cirilo\Documents\testes-automatizados 
java_command: org.codehaus.plexus.classworlds.launcher.Launcher test
java_class_path (initial): C:\Users\Cirilo\.m2\wrapper\dists\apache-maven-3.9.6\834f1afe40575b70b4b2527f4b12df8e\boot\plexus-classworlds-2.7.0.jar
Launcher Type: SUN_STANDARD

[Global flags]
     intx CICompilerCount                          = 4                                         {product} {ergonomic}
     uint ConcGCThreads                            = 2                                         {product} {ergonomic}
     uint G1ConcRefinementThreads                  = 8                                         {product} {ergonomic}
   size_t G1HeapRegionSize                         = 2097152                                   {product} {ergonomic}
    uintx GCDrainStackTargetSize                   = 64                                        {product} {ergonomic}
   size_t InitialHeapSize                          = 234881024                                 {product} {ergonomic}
   size_t MarkStackSize                            = 4194304                                   {product} {ergonomic}
   size_t MaxHeapSize                              = 3743416320                                {product} {ergonomic}
   size_t MaxNewSize                               = 2246049792                                {product} {ergonomic}
   size_t MinHeapDeltaBytes                        = 2097152                                   {product} {ergonomic}
   size_t MinHeapSize                              = 8388608                                   {product} {ergonomic}
    uintx NonNMethodCodeHeapSize                   = 5839372                                {pd product} {ergonomic}
    uintx NonProfiledCodeHeapSize                  = 122909434                              {pd product} {ergonomic}
    uintx ProfiledCodeHeapSize                     = 122909434                              {pd product} {ergonomic}
    uintx ReservedCodeCacheSize                    = 251658240                              {pd product} {ergonomic}
     bool SegmentedCodeCache                       = true                                      {product} {ergonomic}
   size_t SoftMaxHeapSize                          = 3743416320                             {manageable} {ergonomic}
     bool UseCompressedOops                        = true                           {product lp64_product} {ergonomic}
     bool UseG1GC                                  = true                                      {product} {ergonomic}
     bool UseLargePagesIndividualAllocation        = false                                  {pd product} {ergonomic}

Logging:
Log output configuration:
 #0: stdout all=warning uptime,level,tags foldmultilines=false
 #1: stderr all=off uptime,level,tags foldmultilines=false

Environment Variables:
JAVA_HOME=C:\Program Files\Eclipse Adoptium\jdk-21.0.2.13-hotspot\
PATH=C:\Program Files\Eclipse Adoptium\jdk-21.0.2.13-hotspot\bin;C:\Windows\system32;C:\Windows;C:\Windows\System32\Wbem;C:\Windows\System32\WindowsPowerShell\v1.0\;C:\Windows\System32\OpenSSH\;C:\Program Files\Git\cmd;C:\Program Files\Docker\Docker\resources\bin;C:\Program Files\nodejs\;C:\Program Files\NVIDIA Corporation\NVIDIA NvDLISR;C:\Users\Cirilo\Downloads\apache-maven-3.9.6\bin;C:\Program Files\dotnet\;C:\Program Files\Microsoft SQL Server\150\Tools\Binn\;C:\Program Files\Microsoft SQL Server\Client SDK\ODBC\170\Tools\Binn\;C:\Program Files\GitHub CLI\;C:\Program Files (x86)\NVIDIA Corporation\PhysX\Common;C:\ProgramData\chocolatey\bin;C:\Program Files\PuTTY\;C:\Users\Cirilo\AppData\Local\Microsoft\WindowsApps;C:\Users\Cirilo\AppData\Local\GitHubDesktop\bin;C:\Users\Cirilo\AppData\Local\Programs\Microsoft VS Code\bin;C:\Users\Cirilo\AppData\Roaming\npm;C:\Users\Cirilo\.dotnet\tools
USERNAME=Cirilo
OS=Windows_NT
PROCESSOR_IDENTIFIER=AMD64 Family 23 Model 24 Stepping 1, AuthenticAMD
TMP=C:\Users\Cirilo\AppData\Local\Temp
TEMP=C:\Users\Cirilo\AppData\Local\Temp




Periodic native trim disabled

---------------  S Y S T E M  ---------------

OS:
 Windows 11 , 64 bit Build 22621 (10.0.22621.3958)
OS uptime: 16 days 13:39 hours
Hyper-V role detected

CPU: total 8 (initial active 8) (8 cores per cpu, 2 threads per core) family 23 model 24 stepping 1 microcode 0x0, cx8, cmov, fxsr, ht, mmx, 3dnowpref, sse, sse2, sse3, ssse3, sse4a, sse4.1, sse4.2, popcnt, lzcnt, tsc, tscinvbit, avx, avx2, aes, clmul, bmi1, bmi2, adx, sha, fma, vzeroupper, clflush, clflushopt, hv, rdtscp, f16c
Processor Information for all 8 processors :
  Max Mhz: 2100, Current Mhz: 2100, Mhz Limit: 2100

Memory: 4k page, system-wide physical 14274M (982M free)
TotalPageFile size 57282M (AvailPageFile size 1M)
current process WorkingSet (physical memory assigned to process): 300M, peak: 300M
current process commit charge ("private bytes"): 331M, peak: 367M

vm_info: OpenJDK 64-Bit Server VM (21.0.2+13-LTS) for windows-amd64 JRE (21.0.2+13-LTS), built on 2024-01-16T00:00:00Z by "admin" with unknown MS VC++:1937

END.
