#
# There is insufficient memory for the Java Runtime Environment to continue.
# Native memory allocation (malloc) failed to allocate 564336 bytes for Chunk::new
# Possible reasons:
#   The system is out of physical RAM or swap space
#   The process is running with CompressedOops enabled, and the Java Heap may be blocking the growth of the native heap
# Possible solutions:
#   Reduce memory load on the system
#   Increase physical memory or swap space
#   Check if swap backing store is full
#   Decrease Java heap size (-Xmx/-Xms)
#   Decrease number of Java threads
#   Decrease Java thread stack sizes (-Xss)
#   Set larger code cache with -XX:ReservedCodeCacheSize=
#   JVM is running with Zero Based Compressed Oops mode in which the Java heap is
#     placed in the first 32GB address space. The Java Heap base address is the
#     maximum limit for the native heap growth. Please use -XX:HeapBaseMinAddress
#     to set the Java Heap base and to place the Java Heap above 32GB virtual address.
# This output file may be truncated or incomplete.
#
#  Out of Memory Error (arena.cpp:168), pid=5652, tid=39404
#
# JRE version: OpenJDK Runtime Environment Temurin-21.0.2+13 (21.0.2+13) (build 21.0.2+13-LTS)
# Java VM: OpenJDK 64-Bit Server VM Temurin-21.0.2+13 (21.0.2+13-LTS, mixed mode, sharing, tiered, compressed oops, compressed class ptrs, g1 gc, windows-amd64)
# No core dump will be written. Minidumps are not enabled by default on client versions of Windows
#

---------------  S U M M A R Y ------------

Command Line: -Dclassworlds.conf=C:\Users\Cirilo\.m2\wrapper\dists\apache-maven-3.9.6\834f1afe40575b70b4b2527f4b12df8e\bin\m2.conf -Dmaven.home=C:\Users\Cirilo\.m2\wrapper\dists\apache-maven-3.9.6\834f1afe40575b70b4b2527f4b12df8e -Dlibrary.jansi.path=C:\Users\Cirilo\.m2\wrapper\dists\apache-maven-3.9.6\834f1afe40575b70b4b2527f4b12df8e\lib\jansi-native -Dmaven.multiModuleProjectDirectory=C:\Users\Cirilo\Documents\testes-automatizados org.codehaus.plexus.classworlds.launcher.Launcher test

Host: AMD Ryzen 5 3550H with Radeon Vega Mobile Gfx  , 8 cores, 13G,  Windows 11 , 64 bit Build 22621 (10.0.22621.3958)
Time: Thu Oct 31 03:19:29 2024 Hora oficial do Brasil elapsed time: 14.267133 seconds (0d 0h 0m 14s)

---------------  T H R E A D  ---------------

Current thread (0x000001f40a10cbb0):  JavaThread "C2 CompilerThread1" daemon [_thread_in_native, id=39404, stack(0x0000009ee7f00000,0x0000009ee8000000) (1024K)]


Current CompileTask:
C2:  14267 4437       4       org.eclipse.sisu.inject.LocatedBeans$Itr::hasNext (169 bytes)

Stack: [0x0000009ee7f00000,0x0000009ee8000000]
Native frames: (J=compiled Java code, j=interpreted, Vv=VM code, C=native code)
V  [jvm.dll+0x6c94f9]
V  [jvm.dll+0x8a3c21]
V  [jvm.dll+0x8a614e]
V  [jvm.dll+0x8a6823]
V  [jvm.dll+0x27fa86]
V  [jvm.dll+0xc4a2d]
V  [jvm.dll+0xc4f63]
V  [jvm.dll+0x3b3b22]
V  [jvm.dll+0x380575]
V  [jvm.dll+0x37f9da]
V  [jvm.dll+0x247fa0]
V  [jvm.dll+0x24757f]
V  [jvm.dll+0x1c847e]
V  [jvm.dll+0x256db9]
V  [jvm.dll+0x25538a]
V  [jvm.dll+0x3ed0d6]
V  [jvm.dll+0x84cb3b]
V  [jvm.dll+0x6c7c2d]
C  [ucrtbase.dll+0x29333]
C  [KERNEL32.DLL+0x1257d]
C  [ntdll.dll+0x5af08]


---------------  P R O C E S S  ---------------

Threads class SMR info:
_java_thread_list=0x000001f40ab6a930, length=12, elements={
0x000001f3a49698b0, 0x000001f3c3368180, 0x000001f3c3369250, 0x000001f3c3370800,
0x000001f3c3373270, 0x000001f3c33740e0, 0x000001f3c3376b50, 0x000001f3c33778e0,
0x000001f3c3379b30, 0x000001f3c35e50b0, 0x000001f3c35e78f0, 0x000001f40a10cbb0
}

Java Threads: ( => current thread )
  0x000001f3a49698b0 JavaThread "main"                              [_thread_in_native, id=42616, stack(0x0000009ee6d00000,0x0000009ee6e00000) (1024K)]
  0x000001f3c3368180 JavaThread "Reference Handler"          daemon [_thread_blocked, id=42624, stack(0x0000009ee7500000,0x0000009ee7600000) (1024K)]
  0x000001f3c3369250 JavaThread "Finalizer"                  daemon [_thread_blocked, id=42628, stack(0x0000009ee7600000,0x0000009ee7700000) (1024K)]
  0x000001f3c3370800 JavaThread "Signal Dispatcher"          daemon [_thread_blocked, id=42756, stack(0x0000009ee7700000,0x0000009ee7800000) (1024K)]
  0x000001f3c3373270 JavaThread "Attach Listener"            daemon [_thread_blocked, id=42864, stack(0x0000009ee7800000,0x0000009ee7900000) (1024K)]
  0x000001f3c33740e0 JavaThread "Service Thread"             daemon [_thread_blocked, id=4064, stack(0x0000009ee7900000,0x0000009ee7a00000) (1024K)]
  0x000001f3c3376b50 JavaThread "Monitor Deflation Thread"   daemon [_thread_blocked, id=36408, stack(0x0000009ee7a00000,0x0000009ee7b00000) (1024K)]
  0x000001f3c33778e0 JavaThread "C2 CompilerThread0"         daemon [_thread_in_native, id=35848, stack(0x0000009ee7b00000,0x0000009ee7c00000) (1024K)]
  0x000001f3c3379b30 JavaThread "C1 CompilerThread0"         daemon [_thread_blocked, id=41964, stack(0x0000009ee7c00000,0x0000009ee7d00000) (1024K)]
  0x000001f3c35e50b0 JavaThread "Notification Thread"        daemon [_thread_blocked, id=42528, stack(0x0000009ee7d00000,0x0000009ee7e00000) (1024K)]
  0x000001f3c35e78f0 JavaThread "Common-Cleaner"             daemon [_thread_blocked, id=42772, stack(0x0000009ee7e00000,0x0000009ee7f00000) (1024K)]
=>0x000001f40a10cbb0 JavaThread "C2 CompilerThread1"         daemon [_thread_in_native, id=39404, stack(0x0000009ee7f00000,0x0000009ee8000000) (1024K)]
Total: 12

Other Threads:
  0x000001f3c334e210 VMThread "VM Thread"                           [id=42912, stack(0x0000009ee7400000,0x0000009ee7500000) (1024K)]
  0x000001f3c3335a20 WatcherThread "VM Periodic Task Thread"        [id=42820, stack(0x0000009ee7300000,0x0000009ee7400000) (1024K)]
  0x000001f3a49c4110 WorkerThread "GC Thread#0"                     [id=40888, stack(0x0000009ee6e00000,0x0000009ee6f00000) (1024K)]
  0x000001f4097293e0 WorkerThread "GC Thread#1"                     [id=28920, stack(0x0000009ee8100000,0x0000009ee8200000) (1024K)]
  0x000001f409a71810 WorkerThread "GC Thread#2"                     [id=30796, stack(0x0000009ee8200000,0x0000009ee8300000) (1024K)]
  0x000001f409a71bb0 WorkerThread "GC Thread#3"                     [id=17084, stack(0x0000009ee8300000,0x0000009ee8400000) (1024K)]
  0x000001f409a71f50 WorkerThread "GC Thread#4"                     [id=5976, stack(0x0000009ee8400000,0x0000009ee8500000) (1024K)]
  0x000001f409a72a00 WorkerThread "GC Thread#5"                     [id=38612, stack(0x0000009ee8500000,0x0000009ee8600000) (1024K)]
  0x000001f409caf6d0 WorkerThread "GC Thread#6"                     [id=39052, stack(0x0000009ee8600000,0x0000009ee8700000) (1024K)]
  0x000001f409cafa70 WorkerThread "GC Thread#7"                     [id=41024, stack(0x0000009ee8700000,0x0000009ee8800000) (1024K)]
  0x000001f3a49d3810 ConcurrentGCThread "G1 Main Marker"            [id=42324, stack(0x0000009ee6f00000,0x0000009ee7000000) (1024K)]
  0x000001f3a49d4310 WorkerThread "G1 Conc#0"                       [id=42832, stack(0x0000009ee7000000,0x0000009ee7100000) (1024K)]
  0x000001f3a4a2ea70 ConcurrentGCThread "G1 Refine#0"               [id=4440, stack(0x0000009ee7100000,0x0000009ee7200000) (1024K)]
  0x000001f3c3208b40 ConcurrentGCThread "G1 Service"                [id=42856, stack(0x0000009ee7200000,0x0000009ee7300000) (1024K)]
Total: 14

Threads with active compile tasks:
C2 CompilerThread0    14319 4370       4       org.codehaus.plexus.util.xml.Xpp3DomBuilder::build (413 bytes)
C2 CompilerThread1    14320 4437       4       org.eclipse.sisu.inject.LocatedBeans$Itr::hasNext (169 bytes)
Total: 2

VM state: not at safepoint (normal execution)

VM Mutex/Monitor currently owned by a thread: None

Heap address: 0x0000000720e00000, size: 3570 MB, Compressed Oops mode: Zero based, Oop shift amount: 3

CDS archive(s) mapped at: [0x000001f3c4000000-0x000001f3c4c90000-0x000001f3c4c90000), size 13172736, SharedBaseAddress: 0x000001f3c4000000, ArchiveRelocationMode: 1.
Compressed class space mapped at: 0x000001f3c5000000-0x000001f405000000, reserved size: 1073741824
Narrow klass base: 0x000001f3c4000000, Narrow klass shift: 0, Narrow klass range: 0x100000000

GC Precious Log:
 CardTable entry size: 512
 Card Set container configuration: InlinePtr #cards 4 size 8 Array Of Cards #cards 16 size 48 Howl #buckets 8 coarsen threshold 3686 Howl Bitmap #cards 512 size 80 coarsen threshold 460 Card regions per heap region 1 cards per card region 4096
 CPUs: 8 total, 8 available
 Memory: 14274M
 Large Page Support: Disabled
 NUMA Support: Disabled
 Compressed Oops: Enabled (Zero based)
 Heap Region Size: 2M
 Heap Min Capacity: 8M
 Heap Initial Capacity: 224M
 Heap Max Capacity: 3570M
 Pre-touch: Disabled
 Parallel Workers: 8
 Concurrent Workers: 2
 Concurrent Refinement Workers: 8
 Periodic GC: Disabled

Heap:
 garbage-first heap   total 229376K, used 108239K [0x0000000720e00000, 0x0000000800000000)
  region size 2048K, 52 young (106496K), 1 survivors (2048K)
 Metaspace       used 18176K, committed 18368K, reserved 1114112K
  class space    used 2028K, committed 2112K, reserved 1048576K

Heap Regions: E=young(eden), S=young(survivor), O=old, HS=humongous(starts), HC=humongous(continues), CS=collection set, F=free, TAMS=top-at-mark-start, PB=parsable bottom
|   0|0x0000000720e00000, 0x0000000721000000, 0x0000000721000000|100%| O|  |TAMS 0x0000000720e00000| PB 0x0000000720e00000| Untracked 
|   1|0x0000000721000000, 0x00000007211c20a0, 0x0000000721200000| 87%| O|  |TAMS 0x0000000721000000| PB 0x0000000721000000| Untracked 
|   2|0x0000000721200000, 0x0000000721200000, 0x0000000721400000|  0%| F|  |TAMS 0x0000000721200000| PB 0x0000000721200000| Untracked 
|   3|0x0000000721400000, 0x0000000721400000, 0x0000000721600000|  0%| F|  |TAMS 0x0000000721400000| PB 0x0000000721400000| Untracked 
|   4|0x0000000721600000, 0x0000000721600000, 0x0000000721800000|  0%| F|  |TAMS 0x0000000721600000| PB 0x0000000721600000| Untracked 
|   5|0x0000000721800000, 0x0000000721800000, 0x0000000721a00000|  0%| F|  |TAMS 0x0000000721800000| PB 0x0000000721800000| Untracked 
|   6|0x0000000721a00000, 0x0000000721a00000, 0x0000000721c00000|  0%| F|  |TAMS 0x0000000721a00000| PB 0x0000000721a00000| Untracked 
|   7|0x0000000721c00000, 0x0000000721c00000, 0x0000000721e00000|  0%| F|  |TAMS 0x0000000721c00000| PB 0x0000000721c00000| Untracked 
|   8|0x0000000721e00000, 0x0000000721e00000, 0x0000000722000000|  0%| F|  |TAMS 0x0000000721e00000| PB 0x0000000721e00000| Untracked 
|   9|0x0000000722000000, 0x0000000722000000, 0x0000000722200000|  0%| F|  |TAMS 0x0000000722000000| PB 0x0000000722000000| Untracked 
|  10|0x0000000722200000, 0x0000000722200000, 0x0000000722400000|  0%| F|  |TAMS 0x0000000722200000| PB 0x0000000722200000| Untracked 
|  11|0x0000000722400000, 0x0000000722400000, 0x0000000722600000|  0%| F|  |TAMS 0x0000000722400000| PB 0x0000000722400000| Untracked 
|  12|0x0000000722600000, 0x0000000722600000, 0x0000000722800000|  0%| F|  |TAMS 0x0000000722600000| PB 0x0000000722600000| Untracked 
|  13|0x0000000722800000, 0x0000000722800000, 0x0000000722a00000|  0%| F|  |TAMS 0x0000000722800000| PB 0x0000000722800000| Untracked 
|  14|0x0000000722a00000, 0x0000000722a00000, 0x0000000722c00000|  0%| F|  |TAMS 0x0000000722a00000| PB 0x0000000722a00000| Untracked 
|  15|0x0000000722c00000, 0x0000000722c00000, 0x0000000722e00000|  0%| F|  |TAMS 0x0000000722c00000| PB 0x0000000722c00000| Untracked 
|  16|0x0000000722e00000, 0x0000000722e00000, 0x0000000723000000|  0%| F|  |TAMS 0x0000000722e00000| PB 0x0000000722e00000| Untracked 
|  17|0x0000000723000000, 0x0000000723000000, 0x0000000723200000|  0%| F|  |TAMS 0x0000000723000000| PB 0x0000000723000000| Untracked 
|  18|0x0000000723200000, 0x0000000723200000, 0x0000000723400000|  0%| F|  |TAMS 0x0000000723200000| PB 0x0000000723200000| Untracked 
|  19|0x0000000723400000, 0x0000000723400000, 0x0000000723600000|  0%| F|  |TAMS 0x0000000723400000| PB 0x0000000723400000| Untracked 
|  20|0x0000000723600000, 0x0000000723600000, 0x0000000723800000|  0%| F|  |TAMS 0x0000000723600000| PB 0x0000000723600000| Untracked 
|  21|0x0000000723800000, 0x0000000723800000, 0x0000000723a00000|  0%| F|  |TAMS 0x0000000723800000| PB 0x0000000723800000| Untracked 
|  22|0x0000000723a00000, 0x0000000723a00000, 0x0000000723c00000|  0%| F|  |TAMS 0x0000000723a00000| PB 0x0000000723a00000| Untracked 
|  23|0x0000000723c00000, 0x0000000723c00000, 0x0000000723e00000|  0%| F|  |TAMS 0x0000000723c00000| PB 0x0000000723c00000| Untracked 
|  24|0x0000000723e00000, 0x0000000723e00000, 0x0000000724000000|  0%| F|  |TAMS 0x0000000723e00000| PB 0x0000000723e00000| Untracked 
|  25|0x0000000724000000, 0x0000000724000000, 0x0000000724200000|  0%| F|  |TAMS 0x0000000724000000| PB 0x0000000724000000| Untracked 
|  26|0x0000000724200000, 0x0000000724200000, 0x0000000724400000|  0%| F|  |TAMS 0x0000000724200000| PB 0x0000000724200000| Untracked 
|  27|0x0000000724400000, 0x0000000724400000, 0x0000000724600000|  0%| F|  |TAMS 0x0000000724400000| PB 0x0000000724400000| Untracked 
|  28|0x0000000724600000, 0x0000000724600000, 0x0000000724800000|  0%| F|  |TAMS 0x0000000724600000| PB 0x0000000724600000| Untracked 
|  29|0x0000000724800000, 0x0000000724800000, 0x0000000724a00000|  0%| F|  |TAMS 0x0000000724800000| PB 0x0000000724800000| Untracked 
|  30|0x0000000724a00000, 0x0000000724a00000, 0x0000000724c00000|  0%| F|  |TAMS 0x0000000724a00000| PB 0x0000000724a00000| Untracked 
|  31|0x0000000724c00000, 0x0000000724c00000, 0x0000000724e00000|  0%| F|  |TAMS 0x0000000724c00000| PB 0x0000000724c00000| Untracked 
|  32|0x0000000724e00000, 0x0000000724e00000, 0x0000000725000000|  0%| F|  |TAMS 0x0000000724e00000| PB 0x0000000724e00000| Untracked 
|  33|0x0000000725000000, 0x0000000725000000, 0x0000000725200000|  0%| F|  |TAMS 0x0000000725000000| PB 0x0000000725000000| Untracked 
|  34|0x0000000725200000, 0x0000000725200000, 0x0000000725400000|  0%| F|  |TAMS 0x0000000725200000| PB 0x0000000725200000| Untracked 
|  35|0x0000000725400000, 0x0000000725400000, 0x0000000725600000|  0%| F|  |TAMS 0x0000000725400000| PB 0x0000000725400000| Untracked 
|  36|0x0000000725600000, 0x0000000725600000, 0x0000000725800000|  0%| F|  |TAMS 0x0000000725600000| PB 0x0000000725600000| Untracked 
|  37|0x0000000725800000, 0x0000000725800000, 0x0000000725a00000|  0%| F|  |TAMS 0x0000000725800000| PB 0x0000000725800000| Untracked 
|  38|0x0000000725a00000, 0x0000000725a00000, 0x0000000725c00000|  0%| F|  |TAMS 0x0000000725a00000| PB 0x0000000725a00000| Untracked 
|  39|0x0000000725c00000, 0x0000000725c00000, 0x0000000725e00000|  0%| F|  |TAMS 0x0000000725c00000| PB 0x0000000725c00000| Untracked 
|  40|0x0000000725e00000, 0x0000000725e00000, 0x0000000726000000|  0%| F|  |TAMS 0x0000000725e00000| PB 0x0000000725e00000| Untracked 
|  41|0x0000000726000000, 0x0000000726000000, 0x0000000726200000|  0%| F|  |TAMS 0x0000000726000000| PB 0x0000000726000000| Untracked 
|  42|0x0000000726200000, 0x0000000726200000, 0x0000000726400000|  0%| F|  |TAMS 0x0000000726200000| PB 0x0000000726200000| Untracked 
|  43|0x0000000726400000, 0x0000000726400000, 0x0000000726600000|  0%| F|  |TAMS 0x0000000726400000| PB 0x0000000726400000| Untracked 
|  44|0x0000000726600000, 0x0000000726600000, 0x0000000726800000|  0%| F|  |TAMS 0x0000000726600000| PB 0x0000000726600000| Untracked 
|  45|0x0000000726800000, 0x0000000726800000, 0x0000000726a00000|  0%| F|  |TAMS 0x0000000726800000| PB 0x0000000726800000| Untracked 
|  46|0x0000000726a00000, 0x0000000726a00000, 0x0000000726c00000|  0%| F|  |TAMS 0x0000000726a00000| PB 0x0000000726a00000| Untracked 
|  47|0x0000000726c00000, 0x0000000726c00000, 0x0000000726e00000|  0%| F|  |TAMS 0x0000000726c00000| PB 0x0000000726c00000| Untracked 
|  48|0x0000000726e00000, 0x0000000726e00000, 0x0000000727000000|  0%| F|  |TAMS 0x0000000726e00000| PB 0x0000000726e00000| Untracked 
|  49|0x0000000727000000, 0x0000000727000000, 0x0000000727200000|  0%| F|  |TAMS 0x0000000727000000| PB 0x0000000727000000| Untracked 
|  50|0x0000000727200000, 0x0000000727200000, 0x0000000727400000|  0%| F|  |TAMS 0x0000000727200000| PB 0x0000000727200000| Untracked 
|  51|0x0000000727400000, 0x0000000727400000, 0x0000000727600000|  0%| F|  |TAMS 0x0000000727400000| PB 0x0000000727400000| Untracked 
|  52|0x0000000727600000, 0x0000000727600000, 0x0000000727800000|  0%| F|  |TAMS 0x0000000727600000| PB 0x0000000727600000| Untracked 
|  53|0x0000000727800000, 0x0000000727800000, 0x0000000727a00000|  0%| F|  |TAMS 0x0000000727800000| PB 0x0000000727800000| Untracked 
|  54|0x0000000727a00000, 0x0000000727a00000, 0x0000000727c00000|  0%| F|  |TAMS 0x0000000727a00000| PB 0x0000000727a00000| Untracked 
|  55|0x0000000727c00000, 0x0000000727c00000, 0x0000000727e00000|  0%| F|  |TAMS 0x0000000727c00000| PB 0x0000000727c00000| Untracked 
|  56|0x0000000727e00000, 0x0000000727e00000, 0x0000000728000000|  0%| F|  |TAMS 0x0000000727e00000| PB 0x0000000727e00000| Untracked 
|  57|0x0000000728000000, 0x0000000728000000, 0x0000000728200000|  0%| F|  |TAMS 0x0000000728000000| PB 0x0000000728000000| Untracked 
|  58|0x0000000728200000, 0x0000000728200000, 0x0000000728400000|  0%| F|  |TAMS 0x0000000728200000| PB 0x0000000728200000| Untracked 
|  59|0x0000000728400000, 0x0000000728400000, 0x0000000728600000|  0%| F|  |TAMS 0x0000000728400000| PB 0x0000000728400000| Untracked 
|  60|0x0000000728600000, 0x000000072873c658, 0x0000000728800000| 61%| E|  |TAMS 0x0000000728600000| PB 0x0000000728600000| Complete 
|  61|0x0000000728800000, 0x0000000728a00000, 0x0000000728a00000|100%| E|CS|TAMS 0x0000000728800000| PB 0x0000000728800000| Complete 
|  62|0x0000000728a00000, 0x0000000728c00000, 0x0000000728c00000|100%| E|CS|TAMS 0x0000000728a00000| PB 0x0000000728a00000| Complete 
|  63|0x0000000728c00000, 0x0000000728e00000, 0x0000000728e00000|100%| E|CS|TAMS 0x0000000728c00000| PB 0x0000000728c00000| Complete 
|  64|0x0000000728e00000, 0x0000000729000000, 0x0000000729000000|100%| E|CS|TAMS 0x0000000728e00000| PB 0x0000000728e00000| Complete 
|  65|0x0000000729000000, 0x0000000729200000, 0x0000000729200000|100%| E|CS|TAMS 0x0000000729000000| PB 0x0000000729000000| Complete 
|  66|0x0000000729200000, 0x0000000729400000, 0x0000000729400000|100%| E|CS|TAMS 0x0000000729200000| PB 0x0000000729200000| Complete 
|  67|0x0000000729400000, 0x0000000729600000, 0x0000000729600000|100%| E|CS|TAMS 0x0000000729400000| PB 0x0000000729400000| Complete 
|  68|0x0000000729600000, 0x0000000729800000, 0x0000000729800000|100%| E|CS|TAMS 0x0000000729600000| PB 0x0000000729600000| Complete 
|  69|0x0000000729800000, 0x0000000729a00000, 0x0000000729a00000|100%| E|CS|TAMS 0x0000000729800000| PB 0x0000000729800000| Complete 
|  70|0x0000000729a00000, 0x0000000729c00000, 0x0000000729c00000|100%| E|CS|TAMS 0x0000000729a00000| PB 0x0000000729a00000| Complete 
|  71|0x0000000729c00000, 0x0000000729e00000, 0x0000000729e00000|100%| E|CS|TAMS 0x0000000729c00000| PB 0x0000000729c00000| Complete 
|  72|0x0000000729e00000, 0x000000072a000000, 0x000000072a000000|100%| E|CS|TAMS 0x0000000729e00000| PB 0x0000000729e00000| Complete 
|  73|0x000000072a000000, 0x000000072a200000, 0x000000072a200000|100%| E|CS|TAMS 0x000000072a000000| PB 0x000000072a000000| Complete 
|  74|0x000000072a200000, 0x000000072a400000, 0x000000072a400000|100%| E|CS|TAMS 0x000000072a200000| PB 0x000000072a200000| Complete 
|  75|0x000000072a400000, 0x000000072a600000, 0x000000072a600000|100%| E|CS|TAMS 0x000000072a400000| PB 0x000000072a400000| Complete 
|  76|0x000000072a600000, 0x000000072a800000, 0x000000072a800000|100%| E|CS|TAMS 0x000000072a600000| PB 0x000000072a600000| Complete 
|  77|0x000000072a800000, 0x000000072aa00000, 0x000000072aa00000|100%| E|CS|TAMS 0x000000072a800000| PB 0x000000072a800000| Complete 
|  78|0x000000072aa00000, 0x000000072ac00000, 0x000000072ac00000|100%| E|CS|TAMS 0x000000072aa00000| PB 0x000000072aa00000| Complete 
|  79|0x000000072ac00000, 0x000000072ae00000, 0x000000072ae00000|100%| E|CS|TAMS 0x000000072ac00000| PB 0x000000072ac00000| Complete 
|  80|0x000000072ae00000, 0x000000072b000000, 0x000000072b000000|100%| E|CS|TAMS 0x000000072ae00000| PB 0x000000072ae00000| Complete 
|  81|0x000000072b000000, 0x000000072b200000, 0x000000072b200000|100%| E|CS|TAMS 0x000000072b000000| PB 0x000000072b000000| Complete 
|  82|0x000000072b200000, 0x000000072b400000, 0x000000072b400000|100%| E|CS|TAMS 0x000000072b200000| PB 0x000000072b200000| Complete 
|  83|0x000000072b400000, 0x000000072b600000, 0x000000072b600000|100%| E|CS|TAMS 0x000000072b400000| PB 0x000000072b400000| Complete 
|  84|0x000000072b600000, 0x000000072b800000, 0x000000072b800000|100%| E|CS|TAMS 0x000000072b600000| PB 0x000000072b600000| Complete 
|  85|0x000000072b800000, 0x000000072ba00000, 0x000000072ba00000|100%| E|CS|TAMS 0x000000072b800000| PB 0x000000072b800000| Complete 
|  86|0x000000072ba00000, 0x000000072bc00000, 0x000000072bc00000|100%| E|CS|TAMS 0x000000072ba00000| PB 0x000000072ba00000| Complete 
|  87|0x000000072bc00000, 0x000000072be00000, 0x000000072be00000|100%| E|CS|TAMS 0x000000072bc00000| PB 0x000000072bc00000| Complete 
|  88|0x000000072be00000, 0x000000072c000000, 0x000000072c000000|100%| E|CS|TAMS 0x000000072be00000| PB 0x000000072be00000| Complete 
|  89|0x000000072c000000, 0x000000072c200000, 0x000000072c200000|100%| E|CS|TAMS 0x000000072c000000| PB 0x000000072c000000| Complete 
|  90|0x000000072c200000, 0x000000072c400000, 0x000000072c400000|100%| E|CS|TAMS 0x000000072c200000| PB 0x000000072c200000| Complete 
|  91|0x000000072c400000, 0x000000072c600000, 0x000000072c600000|100%| E|CS|TAMS 0x000000072c400000| PB 0x000000072c400000| Complete 
|  92|0x000000072c600000, 0x000000072c800000, 0x000000072c800000|100%| E|CS|TAMS 0x000000072c600000| PB 0x000000072c600000| Complete 
|  93|0x000000072c800000, 0x000000072ca00000, 0x000000072ca00000|100%| E|CS|TAMS 0x000000072c800000| PB 0x000000072c800000| Complete 
|  94|0x000000072ca00000, 0x000000072cbf1e00, 0x000000072cc00000| 97%| S|CS|TAMS 0x000000072ca00000| PB 0x000000072ca00000| Complete 
|  95|0x000000072cc00000, 0x000000072ce00000, 0x000000072ce00000|100%| E|CS|TAMS 0x000000072cc00000| PB 0x000000072cc00000| Complete 
|  96|0x000000072ce00000, 0x000000072d000000, 0x000000072d000000|100%| E|CS|TAMS 0x000000072ce00000| PB 0x000000072ce00000| Complete 
|  97|0x000000072d000000, 0x000000072d200000, 0x000000072d200000|100%| E|CS|TAMS 0x000000072d000000| PB 0x000000072d000000| Complete 
|  98|0x000000072d200000, 0x000000072d400000, 0x000000072d400000|100%| E|CS|TAMS 0x000000072d200000| PB 0x000000072d200000| Complete 
|  99|0x000000072d400000, 0x000000072d600000, 0x000000072d600000|100%| E|CS|TAMS 0x000000072d400000| PB 0x000000072d400000| Complete 
| 100|0x000000072d600000, 0x000000072d800000, 0x000000072d800000|100%| E|CS|TAMS 0x000000072d600000| PB 0x000000072d600000| Complete 
| 101|0x000000072d800000, 0x000000072da00000, 0x000000072da00000|100%| E|CS|TAMS 0x000000072d800000| PB 0x000000072d800000| Complete 
| 102|0x000000072da00000, 0x000000072dc00000, 0x000000072dc00000|100%| E|CS|TAMS 0x000000072da00000| PB 0x000000072da00000| Complete 
| 103|0x000000072dc00000, 0x000000072de00000, 0x000000072de00000|100%| E|CS|TAMS 0x000000072dc00000| PB 0x000000072dc00000| Complete 
| 104|0x000000072de00000, 0x000000072e000000, 0x000000072e000000|100%| E|CS|TAMS 0x000000072de00000| PB 0x000000072de00000| Complete 
| 105|0x000000072e000000, 0x000000072e200000, 0x000000072e200000|100%| E|CS|TAMS 0x000000072e000000| PB 0x000000072e000000| Complete 
| 106|0x000000072e200000, 0x000000072e400000, 0x000000072e400000|100%| E|CS|TAMS 0x000000072e200000| PB 0x000000072e200000| Complete 
| 107|0x000000072e400000, 0x000000072e600000, 0x000000072e600000|100%| E|CS|TAMS 0x000000072e400000| PB 0x000000072e400000| Complete 
| 108|0x000000072e600000, 0x000000072e800000, 0x000000072e800000|100%| E|CS|TAMS 0x000000072e600000| PB 0x000000072e600000| Complete 
| 109|0x000000072e800000, 0x000000072ea00000, 0x000000072ea00000|100%| E|CS|TAMS 0x000000072e800000| PB 0x000000072e800000| Complete 
| 110|0x000000072ea00000, 0x000000072ec00000, 0x000000072ec00000|100%| E|CS|TAMS 0x000000072ea00000| PB 0x000000072ea00000| Complete 
| 111|0x000000072ec00000, 0x000000072ee00000, 0x000000072ee00000|100%| E|CS|TAMS 0x000000072ec00000| PB 0x000000072ec00000| Complete 

Card table byte_map: [0x000001f3bca80000,0x000001f3bd180000] _byte_map_base: 0x000001f3b9179000

Marking Bits: (CMBitMap*) 0x000001f3a49c5020
 Bits: [0x000001f3bd180000, 0x000001f3c0948000)

Polling page: 0x000001f3a4130000

Metaspace:

Usage:
  Non-class:     15.77 MB used.
      Class:      1.98 MB used.
       Both:     17.75 MB used.

Virtual space:
  Non-class space:       64.00 MB reserved,      15.88 MB ( 25%) committed,  1 nodes.
      Class space:        1.00 GB reserved,       2.06 MB ( <1%) committed,  1 nodes.
             Both:        1.06 GB reserved,      17.94 MB (  2%) committed. 

Chunk freelists:
   Non-Class:  64.00 KB
       Class:  13.75 MB
        Both:  13.81 MB

MaxMetaspaceSize: unlimited
CompressedClassSpaceSize: 1.00 GB
Initial GC threshold: 21.00 MB
Current GC threshold: 21.00 MB
CDS: on
 - commit_granule_bytes: 65536.
 - commit_granule_words: 8192.
 - virtual_space_node_default_size: 8388608.
 - enlarge_chunks_in_place: 1.
 - use_allocation_guard: 0.


Internal statistics:

num_allocs_failed_limit: 0.
num_arena_births: 178.
num_arena_deaths: 0.
num_vsnodes_births: 2.
num_vsnodes_deaths: 0.
num_space_committed: 287.
num_space_uncommitted: 0.
num_chunks_returned_to_freelist: 0.
num_chunks_taken_from_freelist: 798.
num_chunk_merges: 0.
num_chunk_splits: 560.
num_chunks_enlarged: 457.
num_inconsistent_stats: 0.

CodeHeap 'non-profiled nmethods': size=120000Kb used=2325Kb max_used=2325Kb free=117674Kb
 bounds [0x000001f3b4b10000, 0x000001f3b4d80000, 0x000001f3bc040000]
CodeHeap 'profiled nmethods': size=120000Kb used=9160Kb max_used=9160Kb free=110840Kb
 bounds [0x000001f3ad040000, 0x000001f3ad940000, 0x000001f3b4570000]
CodeHeap 'non-nmethods': size=5760Kb used=1402Kb max_used=1447Kb free=4357Kb
 bounds [0x000001f3b4570000, 0x000001f3b47e0000, 0x000001f3b4b10000]
 total_blobs=4946 nmethods=4450 adapters=400
 compilation: enabled
              stopped_count=0, restarted_count=0
 full_count=0

Compilation events (20 events):
Event: 14.184 Thread 0x000001f3c3379b30 4434       3       org.eclipse.aether.internal.impl.DefaultArtifactResolver::isLocallyInstalled (54 bytes)
Event: 14.185 Thread 0x000001f3c3379b30 nmethod 4434 0x000001f3ad924710 code [0x000001f3ad924900, 0x000001f3ad924e18]
Event: 14.188 Thread 0x000001f3c3379b30 4435       3       org.apache.maven.model.building.ModelData::<init> (32 bytes)
Event: 14.188 Thread 0x000001f3c3379b30 nmethod 4435 0x000001f3ad924f90 code [0x000001f3ad925160, 0x000001f3ad925528]
Event: 14.189 Thread 0x000001f3c3379b30 4436   !   3       org.apache.maven.model.ReportSet::clone (83 bytes)
Event: 14.190 Thread 0x000001f3c3379b30 nmethod 4436 0x000001f3ad925610 code [0x000001f3ad9258e0, 0x000001f3ad9266d0]
Event: 14.191 Thread 0x000001f40a10cbb0 nmethod 4400 0x000001f3b4d53090 code [0x000001f3b4d53340, 0x000001f3b4d53fd0]
Event: 14.191 Thread 0x000001f3c3379b30 4438       3       org.apache.maven.model.interpolation.StringVisitorModelInterpolator$ModelVisitor::visit (84 bytes)
Event: 14.193 Thread 0x000001f40a10cbb0 4437       4       org.eclipse.sisu.inject.LocatedBeans$Itr::hasNext (169 bytes)
Event: 14.193 Thread 0x000001f3c3379b30 nmethod 4438 0x000001f3ad926c10 code [0x000001f3ad926ec0, 0x000001f3ad927ef0]
Event: 14.193 Thread 0x000001f3c3379b30 4440       3       org.eclipse.aether.artifact.AbstractArtifact::copyProperties (29 bytes)
Event: 14.194 Thread 0x000001f3c3379b30 nmethod 4440 0x000001f3ad928390 code [0x000001f3ad9285a0, 0x000001f3ad928d38]
Event: 14.194 Thread 0x000001f3c3379b30 4439       1       org.apache.maven.model.Site::getUrl (5 bytes)
Event: 14.195 Thread 0x000001f3c3379b30 nmethod 4439 0x000001f3b4d54890 code [0x000001f3b4d54a20, 0x000001f3b4d54af0]
Event: 14.197 Thread 0x000001f3c3379b30 4441       3       java.util.AbstractMap$2$1::next (18 bytes)
Event: 14.197 Thread 0x000001f3c3379b30 nmethod 4441 0x000001f3ad928f90 code [0x000001f3ad929160, 0x000001f3ad929510]
Event: 14.200 Thread 0x000001f3c3379b30 4442       1       org.apache.maven.model.building.ModelCacheTag$1::getType (3 bytes)
Event: 14.200 Thread 0x000001f3c3379b30 nmethod 4442 0x000001f3b4d54b90 code [0x000001f3b4d54d20, 0x000001f3b4d54df0]
Event: 14.201 Thread 0x000001f3c3379b30 4443       1       org.apache.maven.model.Site::getId (5 bytes)
Event: 14.201 Thread 0x000001f3c3379b30 nmethod 4443 0x000001f3b4d54e90 code [0x000001f3b4d55020, 0x000001f3b4d550f0]

GC Heap History (4 events):
Event: 2.148 GC heap before
{Heap before GC invocations=0 (full 0):
 garbage-first heap   total 229376K, used 22528K [0x0000000720e00000, 0x0000000800000000)
  region size 2048K, 11 young (22528K), 0 survivors (0K)
 Metaspace       used 5722K, committed 5952K, reserved 1114112K
  class space    used 657K, committed 768K, reserved 1048576K
}
Event: 2.158 GC heap after
{Heap after GC invocations=1 (full 0):
 garbage-first heap   total 229376K, used 3948K [0x0000000720e00000, 0x0000000800000000)
  region size 2048K, 2 young (4096K), 2 survivors (4096K)
 Metaspace       used 5722K, committed 5952K, reserved 1114112K
  class space    used 657K, committed 768K, reserved 1048576K
}
Event: 4.931 GC heap before
{Heap before GC invocations=1 (full 0):
 garbage-first heap   total 229376K, used 34668K [0x0000000720e00000, 0x0000000800000000)
  region size 2048K, 17 young (34816K), 2 survivors (4096K)
 Metaspace       used 10179K, committed 10304K, reserved 1114112K
  class space    used 1205K, committed 1280K, reserved 1048576K
}
Event: 4.940 GC heap after
{Heap after GC invocations=2 (full 0):
 garbage-first heap   total 229376K, used 5839K [0x0000000720e00000, 0x0000000800000000)
  region size 2048K, 1 young (2048K), 1 survivors (2048K)
 Metaspace       used 10179K, committed 10304K, reserved 1114112K
  class space    used 1205K, committed 1280K, reserved 1048576K
}

Dll operation events (8 events):
Event: 0.025 Loaded shared library C:\Program Files\Eclipse Adoptium\jdk-21.0.2.13-hotspot\bin\java.dll
Event: 0.217 Loaded shared library C:\Program Files\Eclipse Adoptium\jdk-21.0.2.13-hotspot\bin\jsvml.dll
Event: 0.302 Loaded shared library C:\Program Files\Eclipse Adoptium\jdk-21.0.2.13-hotspot\bin\net.dll
Event: 0.309 Loaded shared library C:\Program Files\Eclipse Adoptium\jdk-21.0.2.13-hotspot\bin\nio.dll
Event: 0.317 Loaded shared library C:\Program Files\Eclipse Adoptium\jdk-21.0.2.13-hotspot\bin\zip.dll
Event: 0.731 Loaded shared library C:\Program Files\Eclipse Adoptium\jdk-21.0.2.13-hotspot\bin\jimage.dll
Event: 0.757 Loaded shared library C:\Users\Cirilo\.m2\wrapper\dists\apache-maven-3.9.6\834f1afe40575b70b4b2527f4b12df8e\lib\jansi-native\Windows\x86_64\jansi.dll
Event: 0.791 Loaded shared library C:\Program Files\Eclipse Adoptium\jdk-21.0.2.13-hotspot\bin\verify.dll

Deoptimization events (20 events):
Event: 13.442 Thread 0x000001f3a49698b0 DEOPT PACKING pc=0x000001f3b4b8866c sp=0x0000009ee6df8730
Event: 13.442 Thread 0x000001f3a49698b0 DEOPT UNPACKING pc=0x000001f3b45c46a2 sp=0x0000009ee6df86d8 mode 2
Event: 13.442 Thread 0x000001f3a49698b0 Uncommon trap: trap_request=0xffffffc6 fr.pc=0x000001f3b4b8866c relative=0x000000000000038c
Event: 13.442 Thread 0x000001f3a49698b0 Uncommon trap: reason=bimorphic_or_optimized_type_check action=maybe_recompile pc=0x000001f3b4b8866c method=java.nio.Buffer.<init>(IIIILjava/lang/foreign/MemorySegment;)V @ 39 c2
Event: 13.442 Thread 0x000001f3a49698b0 DEOPT PACKING pc=0x000001f3b4b8866c sp=0x0000009ee6df8730
Event: 13.442 Thread 0x000001f3a49698b0 DEOPT UNPACKING pc=0x000001f3b45c46a2 sp=0x0000009ee6df86d8 mode 2
Event: 13.963 Thread 0x000001f3a49698b0 Uncommon trap: trap_request=0xffffff45 fr.pc=0x000001f3b4b19ddc relative=0x00000000000001bc
Event: 13.963 Thread 0x000001f3a49698b0 Uncommon trap: reason=unstable_if action=reinterpret pc=0x000001f3b4b19ddc method=java.lang.String.indexOf(II)I @ 4 c2
Event: 13.963 Thread 0x000001f3a49698b0 DEOPT PACKING pc=0x000001f3b4b19ddc sp=0x0000009ee6dfc580
Event: 13.963 Thread 0x000001f3a49698b0 DEOPT UNPACKING pc=0x000001f3b45c46a2 sp=0x0000009ee6dfc4b0 mode 2
Event: 13.963 Thread 0x000001f3a49698b0 Uncommon trap: trap_request=0xffffff45 fr.pc=0x000001f3b4b42278 relative=0x0000000000000618
Event: 13.963 Thread 0x000001f3a49698b0 Uncommon trap: reason=unstable_if action=reinterpret pc=0x000001f3b4b42278 method=java.lang.String.substring(II)Ljava/lang/String; @ 31 c2
Event: 13.963 Thread 0x000001f3a49698b0 DEOPT PACKING pc=0x000001f3b4b42278 sp=0x0000009ee6dfc520
Event: 13.963 Thread 0x000001f3a49698b0 DEOPT UNPACKING pc=0x000001f3b45c46a2 sp=0x0000009ee6dfc4f0 mode 2
Event: 13.987 Thread 0x000001f3a49698b0 DEOPT PACKING pc=0x000001f3ad2a0ffe sp=0x0000009ee6dfbdc0
Event: 13.987 Thread 0x000001f3a49698b0 DEOPT UNPACKING pc=0x000001f3b45c4e42 sp=0x0000009ee6dfb340 mode 0
Event: 14.164 Thread 0x000001f3a49698b0 Uncommon trap: trap_request=0xfffffff4 fr.pc=0x000001f3b4ccaefc relative=0x000000000000173c
Event: 14.164 Thread 0x000001f3a49698b0 Uncommon trap: reason=null_check action=make_not_entrant pc=0x000001f3b4ccaefc method=org.eclipse.sisu.inject.LocatedBeans$Itr.hasNext()Z @ 48 c2
Event: 14.164 Thread 0x000001f3a49698b0 DEOPT PACKING pc=0x000001f3b4ccaefc sp=0x0000009ee6dfcc40
Event: 14.164 Thread 0x000001f3a49698b0 DEOPT UNPACKING pc=0x000001f3b45c46a2 sp=0x0000009ee6dfcc08 mode 2

Classes loaded (20 events):
Event: 12.180 Loading class org/w3c/dom/Element
Event: 12.180 Loading class org/w3c/dom/Element done
Event: 12.320 Loading class java/net/URISyntaxException
Event: 12.320 Loading class java/net/URISyntaxException done
Event: 12.346 Loading class jdk/internal/reflect/MethodHandleBooleanFieldAccessorImpl
Event: 12.346 Loading class jdk/internal/reflect/MethodHandleBooleanFieldAccessorImpl done
Event: 13.432 Loading class java/io/FileWriter
Event: 13.433 Loading class java/io/FileWriter done
Event: 13.494 Loading class jdk/internal/reflect/MethodHandleIntegerFieldAccessorImpl
Event: 13.494 Loading class jdk/internal/reflect/MethodHandleIntegerFieldAccessorImpl done
Event: 13.506 Loading class java/util/ServiceConfigurationError
Event: 13.506 Loading class java/util/ServiceConfigurationError done
Event: 13.588 Loading class sun/nio/fs/WindowsChannelFactory$2
Event: 13.588 Loading class sun/nio/fs/WindowsChannelFactory$2 done
Event: 13.606 Loading class sun/nio/ch/ChannelOutputStream
Event: 13.606 Loading class sun/nio/ch/ChannelOutputStream done
Event: 13.681 Loading class java/nio/file/NoSuchFileException
Event: 13.681 Loading class java/nio/file/NoSuchFileException done
Event: 13.682 Loading class java/nio/file/attribute/PosixFileAttributes
Event: 13.682 Loading class java/nio/file/attribute/PosixFileAttributes done

Classes unloaded (0 events):
No events

Classes redefined (0 events):
No events

Internal exceptions (20 events):
Event: 5.387 Thread 0x000001f3a49698b0 Exception <a 'java/lang/NoSuchMethodError'{0x000000072e8248a8}: 'java.lang.Object java.lang.invoke.DirectMethodHandle$Holder.invokeSpecial(java.lang.Object, java.lang.Object, java.lang.Object, int, java.lang.Object)'> (0x000000072e8248a8) 
thrown [s\src\hotspot\share\interpreter\linkResolver.cpp, line 773]
Event: 5.389 Thread 0x000001f3a49698b0 Exception <a 'java/lang/NoSuchMethodError'{0x000000072e82c9c8}: 'int java.lang.invoke.DirectMethodHandle$Holder.invokeSpecial(java.lang.Object, java.lang.Object, java.lang.Object, int)'> (0x000000072e82c9c8) 
thrown [s\src\hotspot\share\interpreter\linkResolver.cpp, line 773]
Event: 5.398 Thread 0x000001f3a49698b0 Implicit null exception at 0x000001f3b4bb78dd to 0x000001f3b4bb7ad0
Event: 5.402 Thread 0x000001f3a49698b0 Exception <a 'java/lang/NoSuchMethodError'{0x000000072e850d98}: 'java.lang.Object java.lang.invoke.Invokers$Holder.invokeExact_MT(java.lang.Object, int, java.lang.Object)'> (0x000000072e850d98) 
thrown [s\src\hotspot\share\interpreter\linkResolver.cpp, line 773]
Event: 5.423 Thread 0x000001f3a49698b0 Exception <a 'java/lang/NoSuchMethodError'{0x000000072e8b32b0}: 'void java.lang.invoke.DirectMethodHandle$Holder.invokeStatic(java.lang.Object, java.lang.Object)'> (0x000000072e8b32b0) 
thrown [s\src\hotspot\share\interpreter\linkResolver.cpp, line 773]
Event: 6.172 Thread 0x000001f3a49698b0 Exception <a 'java/lang/NoSuchMethodError'{0x000000072e02b3a8}: 'void java.lang.invoke.Invokers$Holder.invokeExact_MT(java.lang.Object, java.lang.Object, java.lang.Object, java.lang.Object)'> (0x000000072e02b3a8) 
thrown [s\src\hotspot\share\interpreter\linkResolver.cpp, line 773]
Event: 6.229 Thread 0x000001f3a49698b0 Exception <a 'java/lang/NoClassDefFoundError'{0x000000072e0b75a8}: com/google/inject/servlet/ServletModuleTargetVisitor> (0x000000072e0b75a8) 
thrown [s\src\hotspot\share\classfile\systemDictionary.cpp, line 301]
Event: 6.399 Thread 0x000001f3a49698b0 Exception <a 'java/lang/NoSuchMethodError'{0x000000072de77e98}: 'void java.lang.invoke.DirectMethodHandle$Holder.invokeVirtual(java.lang.Object, java.lang.Object)'> (0x000000072de77e98) 
thrown [s\src\hotspot\share\interpreter\linkResolver.cpp, line 773]
Event: 6.492 Thread 0x000001f3a49698b0 Exception <a 'java/lang/NoSuchMethodError'{0x000000072def6c80}: 'java.lang.Object java.lang.invoke.DirectMethodHandle$Holder.invokeStaticInit(java.lang.Object, int, int, int, int)'> (0x000000072def6c80) 
thrown [s\src\hotspot\share\interpreter\linkResolver.cpp, line 773]
Event: 7.068 Thread 0x000001f3a49698b0 Exception <a 'java/lang/NoSuchMethodError'{0x000000072d898ae8}: 'void java.lang.invoke.DirectMethodHandle$Holder.invokeVirtual(java.lang.Object, java.lang.Object, int)'> (0x000000072d898ae8) 
thrown [s\src\hotspot\share\interpreter\linkResolver.cpp, line 773]
Event: 7.070 Thread 0x000001f3a49698b0 Exception <a 'java/lang/NoSuchMethodError'{0x000000072d89fcf8}: 'void java.lang.invoke.DelegatingMethodHandle$Holder.reinvoke_L(java.lang.Object, java.lang.Object, int)'> (0x000000072d89fcf8) 
thrown [s\src\hotspot\share\interpreter\linkResolver.cpp, line 773]
Event: 10.648 Thread 0x000001f3a49698b0 Implicit null exception at 0x000001f3b4c4909d to 0x000001f3b4c492b4
Event: 10.649 Thread 0x000001f3a49698b0 Implicit null exception at 0x000001f3b4c07f1d to 0x000001f3b4c08138
Event: 10.649 Thread 0x000001f3a49698b0 Implicit null exception at 0x000001f3b4bc1ebd to 0x000001f3b4bc1f41
Event: 11.308 Thread 0x000001f3a49698b0 Exception <a 'java/lang/NoSuchMethodError'{0x000000072a6e5770}: 'java.lang.Object java.lang.invoke.DirectMethodHandle$Holder.newInvokeSpecial(java.lang.Object, java.lang.Object, java.lang.Object, java.lang.Object, java.lang.Object, java.lang.Object, java.lang.Object)'> (0x000000072a6e5770) 
thrown [s\src\hotspot\share\interpreter\linkResolver.cpp, line 773]
Event: 12.255 Thread 0x000001f3a49698b0 Implicit null exception at 0x000001f3b4d148f3 to 0x000001f3b4d150c4
Event: 12.273 Thread 0x000001f3a49698b0 Exception <a 'java/lang/NoSuchMethodError'{0x0000000729c15118}: 'java.lang.Object java.lang.invoke.DirectMethodHandle$Holder.invokeVirtual(java.lang.Object, java.lang.Object, java.lang.Object)'> (0x0000000729c15118) 
thrown [s\src\hotspot\share\interpreter\linkResolver.cpp, line 773]
Event: 12.274 Thread 0x000001f3a49698b0 Exception <a 'java/lang/NoSuchMethodError'{0x0000000729c1b990}: 'void java.lang.invoke.DirectMethodHandle$Holder.invokeSpecial(java.lang.Object, java.lang.Object, java.lang.Object, java.lang.Object, java.lang.Object, java.lang.Object)'> (0x0000000729c1b990) 
thrown [s\src\hotspot\share\interpreter\linkResolver.cpp, line 773]
Event: 12.277 Thread 0x000001f3a49698b0 Exception <a 'java/lang/NoSuchMethodError'{0x0000000729c25b30}: 'int java.lang.invoke.DirectMethodHandle$Holder.invokeVirtual(java.lang.Object, java.lang.Object)'> (0x0000000729c25b30) 
thrown [s\src\hotspot\share\interpreter\linkResolver.cpp, line 773]
Event: 12.347 Thread 0x000001f3a49698b0 Exception <a 'java/lang/NoSuchMethodError'{0x0000000729cf2c78}: 'void java.lang.invoke.Invokers$Holder.invokeExact_MT(java.lang.Object, java.lang.Object, int, java.lang.Object)'> (0x0000000729cf2c78) 
thrown [s\src\hotspot\share\interpreter\linkResolver.cpp, line 773]

ZGC Phase Switch (0 events):
No events

VM Operations (20 events):
Event: 6.629 Executing VM operation: HandshakeAllThreads (Deoptimize)
Event: 6.629 Executing VM operation: HandshakeAllThreads (Deoptimize) done
Event: 6.802 Executing VM operation: HandshakeAllThreads (Deoptimize)
Event: 6.802 Executing VM operation: HandshakeAllThreads (Deoptimize) done
Event: 7.135 Executing VM operation: ICBufferFull
Event: 7.136 Executing VM operation: ICBufferFull done
Event: 8.142 Executing VM operation: Cleanup
Event: 8.142 Executing VM operation: Cleanup done
Event: 9.156 Executing VM operation: Cleanup
Event: 9.157 Executing VM operation: Cleanup done
Event: 10.166 Executing VM operation: Cleanup
Event: 10.167 Executing VM operation: Cleanup done
Event: 11.175 Executing VM operation: Cleanup
Event: 11.175 Executing VM operation: Cleanup done
Event: 12.186 Executing VM operation: Cleanup
Event: 12.203 Executing VM operation: Cleanup done
Event: 13.207 Executing VM operation: Cleanup
Event: 13.209 Executing VM operation: Cleanup done
Event: 14.213 Executing VM operation: Cleanup
Event: 14.213 Executing VM operation: Cleanup done

Events (20 events):
Event: 0.202 Thread 0x000001f3c3376b50 Thread added: 0x000001f3c3376b50
Event: 0.203 Thread 0x000001f3c33778e0 Thread added: 0x000001f3c33778e0
Event: 0.207 Thread 0x000001f3c3379b30 Thread added: 0x000001f3c3379b30
Event: 0.271 Thread 0x000001f3c35e50b0 Thread added: 0x000001f3c35e50b0
Event: 0.280 Thread 0x000001f3c35e78f0 Thread added: 0x000001f3c35e78f0
Event: 2.045 Thread 0x000001f4097516d0 Thread added: 0x000001f4097516d0
Event: 2.074 Thread 0x000001f409728b30 Thread added: 0x000001f409728b30
Event: 3.529 Thread 0x000001f409728b30 Thread exited: 0x000001f409728b30
Event: 3.529 Thread 0x000001f4097516d0 Thread exited: 0x000001f4097516d0
Event: 5.579 Thread 0x000001f409a97f50 Thread added: 0x000001f409a97f50
Event: 5.757 Thread 0x000001f409a97f50 Thread exited: 0x000001f409a97f50
Event: 6.939 Thread 0x000001f4093a7ad0 Thread added: 0x000001f4093a7ad0
Event: 7.321 Thread 0x000001f4093a7ad0 Thread exited: 0x000001f4093a7ad0
Event: 7.584 Thread 0x000001f409e82620 Thread added: 0x000001f409e82620
Event: 8.922 Thread 0x000001f409e82620 Thread exited: 0x000001f409e82620
Event: 9.205 Thread 0x000001f40a216ac0 Thread added: 0x000001f40a216ac0
Event: 12.227 Thread 0x000001f40a216ac0 Thread exited: 0x000001f40a216ac0
Event: 13.757 Thread 0x000001f40ad8b6c0 Thread added: 0x000001f40ad8b6c0
Event: 13.933 Thread 0x000001f40ad8b6c0 Thread exited: 0x000001f40ad8b6c0
Event: 14.158 Thread 0x000001f40a10cbb0 Thread added: 0x000001f40a10cbb0


Dynamic libraries:
0x00007ff786d30000 - 0x00007ff786d3e000 	C:\Program Files\Eclipse Adoptium\jdk-21.0.2.13-hotspot\bin\java.exe
0x00007ffb90710000 - 0x00007ffb90927000 	C:\Windows\SYSTEM32\ntdll.dll
0x00007ffb8f5e0000 - 0x00007ffb8f6a4000 	C:\Windows\System32\KERNEL32.DLL
0x00007ffb8dc30000 - 0x00007ffb8dfe7000 	C:\Windows\System32\KERNELBASE.dll
0x00007ffb8e090000 - 0x00007ffb8e1a1000 	C:\Windows\System32\ucrtbase.dll
0x00007ffb88920000 - 0x00007ffb88938000 	C:\Program Files\Eclipse Adoptium\jdk-21.0.2.13-hotspot\bin\jli.dll
0x00007ffb8f0b0000 - 0x00007ffb8f25f000 	C:\Windows\System32\USER32.dll
0x00007ffb8dc00000 - 0x00007ffb8dc26000 	C:\Windows\System32\win32u.dll
0x00007ffb90590000 - 0x00007ffb905b9000 	C:\Windows\System32\GDI32.dll
0x00007ffb8e320000 - 0x00007ffb8e438000 	C:\Windows\System32\gdi32full.dll
0x00007ffb8dff0000 - 0x00007ffb8e08a000 	C:\Windows\System32\msvcp_win.dll
0x00007ffb89200000 - 0x00007ffb8921b000 	C:\Program Files\Eclipse Adoptium\jdk-21.0.2.13-hotspot\bin\VCRUNTIME140.dll
0x00007ffb7b540000 - 0x00007ffb7b7d3000 	C:\Windows\WinSxS\amd64_microsoft.windows.common-controls_6595b64144ccf1df_6.0.22621.3672_none_2713b9d173822955\COMCTL32.dll
0x00007ffb90140000 - 0x00007ffb901e7000 	C:\Windows\System32\msvcrt.dll
0x00007ffb8efe0000 - 0x00007ffb8f011000 	C:\Windows\System32\IMM32.DLL
0x00007ffb88910000 - 0x00007ffb8891c000 	C:\Program Files\Eclipse Adoptium\jdk-21.0.2.13-hotspot\bin\vcruntime140_1.dll
0x00007ffb88880000 - 0x00007ffb8890e000 	C:\Program Files\Eclipse Adoptium\jdk-21.0.2.13-hotspot\bin\msvcp140.dll
0x00007ffafd630000 - 0x00007ffafe3b3000 	C:\Program Files\Eclipse Adoptium\jdk-21.0.2.13-hotspot\bin\server\jvm.dll
0x00007ffb8ea50000 - 0x00007ffb8eb02000 	C:\Windows\System32\ADVAPI32.dll
0x00007ffb8e440000 - 0x00007ffb8e4e8000 	C:\Windows\System32\sechost.dll
0x00007ffb8e1b0000 - 0x00007ffb8e1d8000 	C:\Windows\System32\bcrypt.dll
0x00007ffb8f4a0000 - 0x00007ffb8f5b4000 	C:\Windows\System32\RPCRT4.dll
0x00007ffb8ff30000 - 0x00007ffb8ffa1000 	C:\Windows\System32\WS2_32.dll
0x00007ffb8c890000 - 0x00007ffb8c8dd000 	C:\Windows\SYSTEM32\POWRPROF.dll
0x00007ffb88540000 - 0x00007ffb88574000 	C:\Windows\SYSTEM32\WINMM.dll
0x00007ffb842c0000 - 0x00007ffb842ca000 	C:\Windows\SYSTEM32\VERSION.dll
0x00007ffb8c870000 - 0x00007ffb8c883000 	C:\Windows\SYSTEM32\UMPDC.dll
0x00007ffb8cb20000 - 0x00007ffb8cb38000 	C:\Windows\SYSTEM32\kernel.appcore.dll
0x00007ffb88870000 - 0x00007ffb8887a000 	C:\Program Files\Eclipse Adoptium\jdk-21.0.2.13-hotspot\bin\jimage.dll
0x00007ffb83480000 - 0x00007ffb836b2000 	C:\Windows\SYSTEM32\DBGHELP.DLL
0x00007ffb8e4f0000 - 0x00007ffb8e87e000 	C:\Windows\System32\combase.dll
0x00007ffb904b0000 - 0x00007ffb90587000 	C:\Windows\System32\OLEAUT32.dll
0x00007ffb73f30000 - 0x00007ffb73f62000 	C:\Windows\SYSTEM32\dbgcore.DLL
0x00007ffb8e1e0000 - 0x00007ffb8e25b000 	C:\Windows\System32\bcryptPrimitives.dll
0x00007ffb88850000 - 0x00007ffb8886f000 	C:\Program Files\Eclipse Adoptium\jdk-21.0.2.13-hotspot\bin\java.dll
0x00007ffb8f6c0000 - 0x00007ffb8ff29000 	C:\Windows\System32\SHELL32.dll
0x00007ffb8b950000 - 0x00007ffb8c24f000 	C:\Windows\SYSTEM32\windows.storage.dll
0x00007ffb8b810000 - 0x00007ffb8b94f000 	C:\Windows\SYSTEM32\wintypes.dll
0x00007ffb8e8f0000 - 0x00007ffb8e9e9000 	C:\Windows\System32\SHCORE.dll
0x00007ffb8e890000 - 0x00007ffb8e8ee000 	C:\Windows\System32\shlwapi.dll
0x00007ffb8d950000 - 0x00007ffb8d977000 	C:\Windows\SYSTEM32\profapi.dll
0x00007ffb2c5d0000 - 0x00007ffb2c6a7000 	C:\Program Files\Eclipse Adoptium\jdk-21.0.2.13-hotspot\bin\jsvml.dll
0x00007ffb7ba10000 - 0x00007ffb7ba20000 	C:\Program Files\Eclipse Adoptium\jdk-21.0.2.13-hotspot\bin\net.dll
0x00007ffb88ce0000 - 0x00007ffb88e16000 	C:\Windows\SYSTEM32\WINHTTP.dll
0x00007ffb8cf90000 - 0x00007ffb8cff9000 	C:\Windows\system32\mswsock.dll
0x00007ffb76b20000 - 0x00007ffb76b36000 	C:\Program Files\Eclipse Adoptium\jdk-21.0.2.13-hotspot\bin\nio.dll
0x00007ffb72e10000 - 0x00007ffb72e28000 	C:\Program Files\Eclipse Adoptium\jdk-21.0.2.13-hotspot\bin\zip.dll
0x0000000069ac0000 - 0x0000000069ae4000 	C:\Users\Cirilo\.m2\wrapper\dists\apache-maven-3.9.6\834f1afe40575b70b4b2527f4b12df8e\lib\jansi-native\Windows\x86_64\jansi.dll
0x00007ffb88830000 - 0x00007ffb88840000 	C:\Program Files\Eclipse Adoptium\jdk-21.0.2.13-hotspot\bin\verify.dll

dbghelp: loaded successfully - version: 4.0.5 - missing functions: none
symbol engine: initialized successfully - sym options: 0x614 - pdb path: .;C:\Program Files\Eclipse Adoptium\jdk-21.0.2.13-hotspot\bin;C:\Windows\SYSTEM32;C:\Windows\WinSxS\amd64_microsoft.windows.common-controls_6595b64144ccf1df_6.0.22621.3672_none_2713b9d173822955;C:\Program Files\Eclipse Adoptium\jdk-21.0.2.13-hotspot\bin\server;C:\Users\Cirilo\.m2\wrapper\dists\apache-maven-3.9.6\834f1afe40575b70b4b2527f4b12df8e\lib\jansi-native\Windows\x86_64

VM Arguments:
jvm_args: -Dclassworlds.conf=C:\Users\Cirilo\.m2\wrapper\dists\apache-maven-3.9.6\834f1afe40575b70b4b2527f4b12df8e\bin\m2.conf -Dmaven.home=C:\Users\Cirilo\.m2\wrapper\dists\apache-maven-3.9.6\834f1afe40575b70b4b2527f4b12df8e -Dlibrary.jansi.path=C:\Users\Cirilo\.m2\wrapper\dists\apache-maven-3.9.6\834f1afe40575b70b4b2527f4b12df8e\lib\jansi-native -Dmaven.multiModuleProjectDirectory=C:\Users\Cirilo\Documents\testes-automatizados 
java_command: org.codehaus.plexus.classworlds.launcher.Launcher test
java_class_path (initial): C:\Users\Cirilo\.m2\wrapper\dists\apache-maven-3.9.6\834f1afe40575b70b4b2527f4b12df8e\boot\plexus-classworlds-2.7.0.jar
Launcher Type: SUN_STANDARD

[Global flags]
     intx CICompilerCount                          = 4                                         {product} {ergonomic}
     uint ConcGCThreads                            = 2                                         {product} {ergonomic}
     uint G1ConcRefinementThreads                  = 8                                         {product} {ergonomic}
   size_t G1HeapRegionSize                         = 2097152                                   {product} {ergonomic}
    uintx GCDrainStackTargetSize                   = 64                                        {product} {ergonomic}
   size_t InitialHeapSize                          = 234881024                                 {product} {ergonomic}
   size_t MarkStackSize                            = 4194304                                   {product} {ergonomic}
   size_t MaxHeapSize                              = 3743416320                                {product} {ergonomic}
   size_t MaxNewSize                               = 2246049792                                {product} {ergonomic}
   size_t MinHeapDeltaBytes                        = 2097152                                   {product} {ergonomic}
   size_t MinHeapSize                              = 8388608                                   {product} {ergonomic}
    uintx NonNMethodCodeHeapSize                   = 5839372                                {pd product} {ergonomic}
    uintx NonProfiledCodeHeapSize                  = 122909434                              {pd product} {ergonomic}
    uintx ProfiledCodeHeapSize                     = 122909434                              {pd product} {ergonomic}
    uintx ReservedCodeCacheSize                    = 251658240                              {pd product} {ergonomic}
     bool SegmentedCodeCache                       = true                                      {product} {ergonomic}
   size_t SoftMaxHeapSize                          = 3743416320                             {manageable} {ergonomic}
     bool UseCompressedOops                        = true                           {product lp64_product} {ergonomic}
     bool UseG1GC                                  = true                                      {product} {ergonomic}
     bool UseLargePagesIndividualAllocation        = false                                  {pd product} {ergonomic}

Logging:
Log output configuration:
 #0: stdout all=warning uptime,level,tags foldmultilines=false
 #1: stderr all=off uptime,level,tags foldmultilines=false

Environment Variables:
JAVA_HOME=C:\Program Files\Eclipse Adoptium\jdk-21.0.2.13-hotspot\
PATH=C:\Program Files\Eclipse Adoptium\jdk-21.0.2.13-hotspot\bin;C:\Windows\system32;C:\Windows;C:\Windows\System32\Wbem;C:\Windows\System32\WindowsPowerShell\v1.0\;C:\Windows\System32\OpenSSH\;C:\Program Files\Git\cmd;C:\Program Files\Docker\Docker\resources\bin;C:\Program Files\nodejs\;C:\Program Files\NVIDIA Corporation\NVIDIA NvDLISR;C:\Users\Cirilo\Downloads\apache-maven-3.9.6\bin;C:\Program Files\dotnet\;C:\Program Files\Microsoft SQL Server\150\Tools\Binn\;C:\Program Files\Microsoft SQL Server\Client SDK\ODBC\170\Tools\Binn\;C:\Program Files\GitHub CLI\;C:\Program Files (x86)\NVIDIA Corporation\PhysX\Common;C:\ProgramData\chocolatey\bin;C:\Program Files\PuTTY\;C:\Users\Cirilo\AppData\Local\Microsoft\WindowsApps;C:\Users\Cirilo\AppData\Local\GitHubDesktop\bin;C:\Users\Cirilo\AppData\Local\Programs\Microsoft VS Code\bin;C:\Users\Cirilo\AppData\Roaming\npm;C:\Users\Cirilo\.dotnet\tools
USERNAME=Cirilo
OS=Windows_NT
PROCESSOR_IDENTIFIER=AMD64 Family 23 Model 24 Stepping 1, AuthenticAMD
TMP=C:\Users\Cirilo\AppData\Local\Temp
TEMP=C:\Users\Cirilo\AppData\Local\Temp




Periodic native trim disabled

---------------  S Y S T E M  ---------------

OS:
 Windows 11 , 64 bit Build 22621 (10.0.22621.3958)
OS uptime: 16 days 13:50 hours
Hyper-V role detected

CPU: total 8 (initial active 8) (8 cores per cpu, 2 threads per core) family 23 model 24 stepping 1 microcode 0x0, cx8, cmov, fxsr, ht, mmx, 3dnowpref, sse, sse2, sse3, ssse3, sse4a, sse4.1, sse4.2, popcnt, lzcnt, tsc, tscinvbit, avx, avx2, aes, clmul, bmi1, bmi2, adx, sha, fma, vzeroupper, clflush, clflushopt, hv, rdtscp, f16c
Processor Information for all 8 processors :
  Max Mhz: 2100, Current Mhz: 2100, Mhz Limit: 2100

Memory: 4k page, system-wide physical 14274M (1650M free)
TotalPageFile size 57282M (AvailPageFile size 300M)
current process WorkingSet (physical memory assigned to process): 204M, peak: 204M
current process commit charge ("private bytes"): 363M, peak: 365M

vm_info: OpenJDK 64-Bit Server VM (21.0.2+13-LTS) for windows-amd64 JRE (21.0.2+13-LTS), built on 2024-01-16T00:00:00Z by "admin" with unknown MS VC++:1937

END.
