#
# There is insufficient memory for the Java Runtime Environment to continue.
# Native memory allocation (malloc) failed to allocate 1765648 bytes for Chunk::new
# Possible reasons:
#   The system is out of physical RAM or swap space
#   The process is running with CompressedOops enabled, and the Java Heap may be blocking the growth of the native heap
# Possible solutions:
#   Reduce memory load on the system
#   Increase physical memory or swap space
#   Check if swap backing store is full
#   Decrease Java heap size (-Xmx/-Xms)
#   Decrease number of Java threads
#   Decrease Java thread stack sizes (-Xss)
#   Set larger code cache with -XX:ReservedCodeCacheSize=
#   JVM is running with Zero Based Compressed Oops mode in which the Java heap is
#     placed in the first 32GB address space. The Java Heap base address is the
#     maximum limit for the native heap growth. Please use -XX:HeapBaseMinAddress
#     to set the Java Heap base and to place the Java Heap above 32GB virtual address.
# This output file may be truncated or incomplete.
#
#  Out of Memory Error (arena.cpp:168), pid=12320, tid=1624
#
# JRE version: OpenJDK Runtime Environment Temurin-21.0.2+13 (21.0.2+13) (build 21.0.2+13-LTS)
# Java VM: OpenJDK 64-Bit Server VM Temurin-21.0.2+13 (21.0.2+13-LTS, mixed mode, sharing, tiered, compressed oops, compressed class ptrs, g1 gc, windows-amd64)
# No core dump will be written. Minidumps are not enabled by default on client versions of Windows
#

---------------  S U M M A R Y ------------

Command Line: -Dclassworlds.conf=C:\Users\Cirilo\.m2\wrapper\dists\apache-maven-3.9.6\834f1afe40575b70b4b2527f4b12df8e\bin\m2.conf -Dmaven.home=C:\Users\Cirilo\.m2\wrapper\dists\apache-maven-3.9.6\834f1afe40575b70b4b2527f4b12df8e -Dlibrary.jansi.path=C:\Users\Cirilo\.m2\wrapper\dists\apache-maven-3.9.6\834f1afe40575b70b4b2527f4b12df8e\lib\jansi-native -Dmaven.multiModuleProjectDirectory=C:\Users\Cirilo\Documents\testes-automatizados org.codehaus.plexus.classworlds.launcher.Launcher test

Host: AMD Ryzen 5 3550H with Radeon Vega Mobile Gfx  , 8 cores, 13G,  Windows 11 , 64 bit Build 22621 (10.0.22621.3958)
Time: Thu Oct 31 03:15:33 2024 Hora oficial do Brasil elapsed time: 18.756564 seconds (0d 0h 0m 18s)

---------------  T H R E A D  ---------------

Current thread (0x000001f0decb9a00):  JavaThread "C2 CompilerThread0" daemon [_thread_in_native, id=1624, stack(0x000000cbdce00000,0x000000cbdcf00000) (1024K)]


Current CompileTask:
C2:  18756 4963       4       org.codehaus.plexus.interpolation.PrefixedValueSourceWrapper::getValue (39 bytes)

Stack: [0x000000cbdce00000,0x000000cbdcf00000]
Native frames: (J=compiled Java code, j=interpreted, Vv=VM code, C=native code)
V  [jvm.dll+0x6c94f9]
V  [jvm.dll+0x8a3c21]
V  [jvm.dll+0x8a614e]
V  [jvm.dll+0x8a6823]
V  [jvm.dll+0x27fa86]
V  [jvm.dll+0xc4a2d]
V  [jvm.dll+0xc4f63]
V  [jvm.dll+0x3b3b5c]
V  [jvm.dll+0x380575]
V  [jvm.dll+0x37f9da]
V  [jvm.dll+0x247fa0]
V  [jvm.dll+0x24757f]
V  [jvm.dll+0x1c847e]
V  [jvm.dll+0x256db9]
V  [jvm.dll+0x25538a]
V  [jvm.dll+0x3ed0d6]
V  [jvm.dll+0x84cb3b]
V  [jvm.dll+0x6c7c2d]
C  [ucrtbase.dll+0x29333]
C  [KERNEL32.DLL+0x1257d]
C  [ntdll.dll+0x5af08]


---------------  P R O C E S S  ---------------

Threads class SMR info:
_java_thread_list=0x000001f124bac610, length=16, elements={
0x000001f0c02b9800, 0x000001f0decaa3d0, 0x000001f0decab4a0, 0x000001f0decb1430,
0x000001f0decb50b0, 0x000001f0decb7b20, 0x000001f0decb8580, 0x000001f0decb9a00,
0x000001f0decba9b0, 0x000001f1240e2e00, 0x000001f1240e3470, 0x000001f125c1f940,
0x000001f124d27fb0, 0x000001f124749cd0, 0x000001f12474a340, 0x000001f125b7dac0
}

Java Threads: ( => current thread )
  0x000001f0c02b9800 JavaThread "main"                              [_thread_blocked, id=41392, stack(0x000000cbdc000000,0x000000cbdc100000) (1024K)]
  0x000001f0decaa3d0 JavaThread "Reference Handler"          daemon [_thread_blocked, id=40744, stack(0x000000cbdc800000,0x000000cbdc900000) (1024K)]
  0x000001f0decab4a0 JavaThread "Finalizer"                  daemon [_thread_blocked, id=12500, stack(0x000000cbdc900000,0x000000cbdca00000) (1024K)]
  0x000001f0decb1430 JavaThread "Signal Dispatcher"          daemon [_thread_blocked, id=33356, stack(0x000000cbdca00000,0x000000cbdcb00000) (1024K)]
  0x000001f0decb50b0 JavaThread "Attach Listener"            daemon [_thread_blocked, id=40352, stack(0x000000cbdcb00000,0x000000cbdcc00000) (1024K)]
  0x000001f0decb7b20 JavaThread "Service Thread"             daemon [_thread_blocked, id=17844, stack(0x000000cbdcc00000,0x000000cbdcd00000) (1024K)]
  0x000001f0decb8580 JavaThread "Monitor Deflation Thread"   daemon [_thread_blocked, id=18040, stack(0x000000cbdcd00000,0x000000cbdce00000) (1024K)]
=>0x000001f0decb9a00 JavaThread "C2 CompilerThread0"         daemon [_thread_in_native, id=1624, stack(0x000000cbdce00000,0x000000cbdcf00000) (1024K)]
  0x000001f0decba9b0 JavaThread "C1 CompilerThread0"         daemon [_thread_blocked, id=11976, stack(0x000000cbdcf00000,0x000000cbdd000000) (1024K)]
  0x000001f1240e2e00 JavaThread "Notification Thread"        daemon [_thread_blocked, id=5976, stack(0x000000cbdd000000,0x000000cbdd100000) (1024K)]
  0x000001f1240e3470 JavaThread "Common-Cleaner"             daemon [_thread_blocked, id=15976, stack(0x000000cbdd100000,0x000000cbdd200000) (1024K)]
  0x000001f125c1f940 JavaThread "resolver-1"                 daemon [_thread_blocked, id=40904, stack(0x000000cbdd200000,0x000000cbdd300000) (1024K)]
  0x000001f124d27fb0 JavaThread "resolver-2"                 daemon [_thread_blocked, id=21944, stack(0x000000cbdda00000,0x000000cbddb00000) (1024K)]
  0x000001f124749cd0 JavaThread "resolver-3"                 daemon [_thread_blocked, id=31812, stack(0x000000cbddb00000,0x000000cbddc00000) (1024K)]
  0x000001f12474a340 JavaThread "resolver-4"                 daemon [_thread_blocked, id=37120, stack(0x000000cbddc00000,0x000000cbddd00000) (1024K)]
  0x000001f125b7dac0 JavaThread "resolver-5"                 daemon [_thread_blocked, id=23712, stack(0x000000cbddd00000,0x000000cbdde00000) (1024K)]
Total: 16

Other Threads:
  0x000001f0dec90460 VMThread "VM Thread"                           [id=38988, stack(0x000000cbdc700000,0x000000cbdc800000) (1024K)]
  0x000001f0dec77c70 WatcherThread "VM Periodic Task Thread"        [id=32808, stack(0x000000cbdc600000,0x000000cbdc700000) (1024K)]
  0x000001f0c03155f0 WorkerThread "GC Thread#0"                     [id=38248, stack(0x000000cbdc100000,0x000000cbdc200000) (1024K)]
  0x000001f124dcdf40 WorkerThread "GC Thread#1"                     [id=39156, stack(0x000000cbdd300000,0x000000cbdd400000) (1024K)]
  0x000001f124c7d460 WorkerThread "GC Thread#2"                     [id=41864, stack(0x000000cbdd400000,0x000000cbdd500000) (1024K)]
  0x000001f124c7dc00 WorkerThread "GC Thread#3"                     [id=21532, stack(0x000000cbdd500000,0x000000cbdd600000) (1024K)]
  0x000001f124fbd2a0 WorkerThread "GC Thread#4"                     [id=40576, stack(0x000000cbdd600000,0x000000cbdd700000) (1024K)]
  0x000001f124e799e0 WorkerThread "GC Thread#5"                     [id=32508, stack(0x000000cbdd700000,0x000000cbdd800000) (1024K)]
  0x000001f124c57f90 WorkerThread "GC Thread#6"                     [id=37688, stack(0x000000cbdd800000,0x000000cbdd900000) (1024K)]
  0x000001f124dab200 WorkerThread "GC Thread#7"                     [id=37812, stack(0x000000cbdd900000,0x000000cbdda00000) (1024K)]
  0x000001f0c0324cf0 ConcurrentGCThread "G1 Main Marker"            [id=41120, stack(0x000000cbdc200000,0x000000cbdc300000) (1024K)]
  0x000001f0c03259a0 WorkerThread "G1 Conc#0"                       [id=37516, stack(0x000000cbdc300000,0x000000cbdc400000) (1024K)]
  0x000001f0deb434e0 ConcurrentGCThread "G1 Refine#0"               [id=21284, stack(0x000000cbdc400000,0x000000cbdc500000) (1024K)]
  0x000001f0deb43e60 ConcurrentGCThread "G1 Service"                [id=13120, stack(0x000000cbdc500000,0x000000cbdc600000) (1024K)]
Total: 14

Threads with active compile tasks:
C2 CompilerThread0    18923 4963       4       org.codehaus.plexus.interpolation.PrefixedValueSourceWrapper::getValue (39 bytes)
Total: 1

VM state: not at safepoint (normal execution)

VM Mutex/Monitor currently owned by a thread: None

Heap address: 0x0000000720e00000, size: 3570 MB, Compressed Oops mode: Zero based, Oop shift amount: 3

CDS archive(s) mapped at: [0x000001f0df000000-0x000001f0dfc90000-0x000001f0dfc90000), size 13172736, SharedBaseAddress: 0x000001f0df000000, ArchiveRelocationMode: 1.
Compressed class space mapped at: 0x000001f0e0000000-0x000001f120000000, reserved size: 1073741824
Narrow klass base: 0x000001f0df000000, Narrow klass shift: 0, Narrow klass range: 0x100000000

GC Precious Log:
 CardTable entry size: 512
 Card Set container configuration: InlinePtr #cards 4 size 8 Array Of Cards #cards 16 size 48 Howl #buckets 8 coarsen threshold 3686 Howl Bitmap #cards 512 size 80 coarsen threshold 460 Card regions per heap region 1 cards per card region 4096
 CPUs: 8 total, 8 available
 Memory: 14274M
 Large Page Support: Disabled
 NUMA Support: Disabled
 Compressed Oops: Enabled (Zero based)
 Heap Region Size: 2M
 Heap Min Capacity: 8M
 Heap Initial Capacity: 224M
 Heap Max Capacity: 3570M
 Pre-touch: Disabled
 Parallel Workers: 8
 Concurrent Workers: 2
 Concurrent Refinement Workers: 8
 Periodic GC: Disabled

Heap:
 garbage-first heap   total 229376K, used 26987K [0x0000000720e00000, 0x0000000800000000)
  region size 2048K, 13 young (26624K), 6 survivors (12288K)
 Metaspace       used 19941K, committed 20224K, reserved 1114112K
  class space    used 2187K, committed 2304K, reserved 1048576K

Heap Regions: E=young(eden), S=young(survivor), O=old, HS=humongous(starts), HC=humongous(continues), CS=collection set, F=free, TAMS=top-at-mark-start, PB=parsable bottom
|   0|0x0000000720e00000, 0x0000000721000000, 0x0000000721000000|100%| O|  |TAMS 0x0000000720e00000| PB 0x0000000720e00000| Untracked 
|   1|0x0000000721000000, 0x00000007211b8f48, 0x0000000721200000| 86%| O|  |TAMS 0x0000000721000000| PB 0x0000000721000000| Untracked 
|   2|0x0000000721200000, 0x0000000721200000, 0x0000000721400000|  0%| F|  |TAMS 0x0000000721200000| PB 0x0000000721200000| Untracked 
|   3|0x0000000721400000, 0x0000000721400000, 0x0000000721600000|  0%| F|  |TAMS 0x0000000721400000| PB 0x0000000721400000| Untracked 
|   4|0x0000000721600000, 0x0000000721600000, 0x0000000721800000|  0%| F|  |TAMS 0x0000000721600000| PB 0x0000000721600000| Untracked 
|   5|0x0000000721800000, 0x0000000721800000, 0x0000000721a00000|  0%| F|  |TAMS 0x0000000721800000| PB 0x0000000721800000| Untracked 
|   6|0x0000000721a00000, 0x0000000721a00000, 0x0000000721c00000|  0%| F|  |TAMS 0x0000000721a00000| PB 0x0000000721a00000| Untracked 
|   7|0x0000000721c00000, 0x0000000721c00000, 0x0000000721e00000|  0%| F|  |TAMS 0x0000000721c00000| PB 0x0000000721c00000| Untracked 
|   8|0x0000000721e00000, 0x0000000721e00000, 0x0000000722000000|  0%| F|  |TAMS 0x0000000721e00000| PB 0x0000000721e00000| Untracked 
|   9|0x0000000722000000, 0x0000000722000000, 0x0000000722200000|  0%| F|  |TAMS 0x0000000722000000| PB 0x0000000722000000| Untracked 
|  10|0x0000000722200000, 0x0000000722200000, 0x0000000722400000|  0%| F|  |TAMS 0x0000000722200000| PB 0x0000000722200000| Untracked 
|  11|0x0000000722400000, 0x0000000722400000, 0x0000000722600000|  0%| F|  |TAMS 0x0000000722400000| PB 0x0000000722400000| Untracked 
|  12|0x0000000722600000, 0x0000000722600000, 0x0000000722800000|  0%| F|  |TAMS 0x0000000722600000| PB 0x0000000722600000| Untracked 
|  13|0x0000000722800000, 0x0000000722800000, 0x0000000722a00000|  0%| F|  |TAMS 0x0000000722800000| PB 0x0000000722800000| Untracked 
|  14|0x0000000722a00000, 0x0000000722a00000, 0x0000000722c00000|  0%| F|  |TAMS 0x0000000722a00000| PB 0x0000000722a00000| Untracked 
|  15|0x0000000722c00000, 0x0000000722c00000, 0x0000000722e00000|  0%| F|  |TAMS 0x0000000722c00000| PB 0x0000000722c00000| Untracked 
|  16|0x0000000722e00000, 0x0000000722e00000, 0x0000000723000000|  0%| F|  |TAMS 0x0000000722e00000| PB 0x0000000722e00000| Untracked 
|  17|0x0000000723000000, 0x0000000723000000, 0x0000000723200000|  0%| F|  |TAMS 0x0000000723000000| PB 0x0000000723000000| Untracked 
|  18|0x0000000723200000, 0x0000000723200000, 0x0000000723400000|  0%| F|  |TAMS 0x0000000723200000| PB 0x0000000723200000| Untracked 
|  19|0x0000000723400000, 0x0000000723400000, 0x0000000723600000|  0%| F|  |TAMS 0x0000000723400000| PB 0x0000000723400000| Untracked 
|  20|0x0000000723600000, 0x0000000723600000, 0x0000000723800000|  0%| F|  |TAMS 0x0000000723600000| PB 0x0000000723600000| Untracked 
|  21|0x0000000723800000, 0x0000000723800000, 0x0000000723a00000|  0%| F|  |TAMS 0x0000000723800000| PB 0x0000000723800000| Untracked 
|  22|0x0000000723a00000, 0x0000000723a00000, 0x0000000723c00000|  0%| F|  |TAMS 0x0000000723a00000| PB 0x0000000723a00000| Untracked 
|  23|0x0000000723c00000, 0x0000000723c00000, 0x0000000723e00000|  0%| F|  |TAMS 0x0000000723c00000| PB 0x0000000723c00000| Untracked 
|  24|0x0000000723e00000, 0x0000000723e00000, 0x0000000724000000|  0%| F|  |TAMS 0x0000000723e00000| PB 0x0000000723e00000| Untracked 
|  25|0x0000000724000000, 0x0000000724000000, 0x0000000724200000|  0%| F|  |TAMS 0x0000000724000000| PB 0x0000000724000000| Untracked 
|  26|0x0000000724200000, 0x0000000724200000, 0x0000000724400000|  0%| F|  |TAMS 0x0000000724200000| PB 0x0000000724200000| Untracked 
|  27|0x0000000724400000, 0x0000000724400000, 0x0000000724600000|  0%| F|  |TAMS 0x0000000724400000| PB 0x0000000724400000| Untracked 
|  28|0x0000000724600000, 0x0000000724600000, 0x0000000724800000|  0%| F|  |TAMS 0x0000000724600000| PB 0x0000000724600000| Untracked 
|  29|0x0000000724800000, 0x0000000724800000, 0x0000000724a00000|  0%| F|  |TAMS 0x0000000724800000| PB 0x0000000724800000| Untracked 
|  30|0x0000000724a00000, 0x0000000724a00000, 0x0000000724c00000|  0%| F|  |TAMS 0x0000000724a00000| PB 0x0000000724a00000| Untracked 
|  31|0x0000000724c00000, 0x0000000724c00000, 0x0000000724e00000|  0%| F|  |TAMS 0x0000000724c00000| PB 0x0000000724c00000| Untracked 
|  32|0x0000000724e00000, 0x0000000724e00000, 0x0000000725000000|  0%| F|  |TAMS 0x0000000724e00000| PB 0x0000000724e00000| Untracked 
|  33|0x0000000725000000, 0x0000000725000000, 0x0000000725200000|  0%| F|  |TAMS 0x0000000725000000| PB 0x0000000725000000| Untracked 
|  34|0x0000000725200000, 0x0000000725200000, 0x0000000725400000|  0%| F|  |TAMS 0x0000000725200000| PB 0x0000000725200000| Untracked 
|  35|0x0000000725400000, 0x0000000725400000, 0x0000000725600000|  0%| F|  |TAMS 0x0000000725400000| PB 0x0000000725400000| Untracked 
|  36|0x0000000725600000, 0x0000000725600000, 0x0000000725800000|  0%| F|  |TAMS 0x0000000725600000| PB 0x0000000725600000| Untracked 
|  37|0x0000000725800000, 0x0000000725800000, 0x0000000725a00000|  0%| F|  |TAMS 0x0000000725800000| PB 0x0000000725800000| Untracked 
|  38|0x0000000725a00000, 0x0000000725a00000, 0x0000000725c00000|  0%| F|  |TAMS 0x0000000725a00000| PB 0x0000000725a00000| Untracked 
|  39|0x0000000725c00000, 0x0000000725ca1d80, 0x0000000725e00000| 31%| S|CS|TAMS 0x0000000725c00000| PB 0x0000000725c00000| Complete 
|  40|0x0000000725e00000, 0x0000000726000000, 0x0000000726000000|100%| S|CS|TAMS 0x0000000725e00000| PB 0x0000000725e00000| Complete 
|  41|0x0000000726000000, 0x0000000726200000, 0x0000000726200000|100%| S|CS|TAMS 0x0000000726000000| PB 0x0000000726000000| Complete 
|  42|0x0000000726200000, 0x0000000726400000, 0x0000000726400000|100%| S|CS|TAMS 0x0000000726200000| PB 0x0000000726200000| Complete 
|  43|0x0000000726400000, 0x0000000726600000, 0x0000000726600000|100%| S|CS|TAMS 0x0000000726400000| PB 0x0000000726400000| Complete 
|  44|0x0000000726600000, 0x0000000726800000, 0x0000000726800000|100%| S|CS|TAMS 0x0000000726600000| PB 0x0000000726600000| Complete 
|  45|0x0000000726800000, 0x0000000726800000, 0x0000000726a00000|  0%| F|  |TAMS 0x0000000726800000| PB 0x0000000726800000| Untracked 
|  46|0x0000000726a00000, 0x0000000726a00000, 0x0000000726c00000|  0%| F|  |TAMS 0x0000000726a00000| PB 0x0000000726a00000| Untracked 
|  47|0x0000000726c00000, 0x0000000726c00000, 0x0000000726e00000|  0%| F|  |TAMS 0x0000000726c00000| PB 0x0000000726c00000| Untracked 
|  48|0x0000000726e00000, 0x0000000726e00000, 0x0000000727000000|  0%| F|  |TAMS 0x0000000726e00000| PB 0x0000000726e00000| Untracked 
|  49|0x0000000727000000, 0x0000000727000000, 0x0000000727200000|  0%| F|  |TAMS 0x0000000727000000| PB 0x0000000727000000| Untracked 
|  50|0x0000000727200000, 0x0000000727200000, 0x0000000727400000|  0%| F|  |TAMS 0x0000000727200000| PB 0x0000000727200000| Untracked 
|  51|0x0000000727400000, 0x0000000727400000, 0x0000000727600000|  0%| F|  |TAMS 0x0000000727400000| PB 0x0000000727400000| Untracked 
|  52|0x0000000727600000, 0x0000000727600000, 0x0000000727800000|  0%| F|  |TAMS 0x0000000727600000| PB 0x0000000727600000| Untracked 
|  53|0x0000000727800000, 0x0000000727800000, 0x0000000727a00000|  0%| F|  |TAMS 0x0000000727800000| PB 0x0000000727800000| Untracked 
|  54|0x0000000727a00000, 0x0000000727a00000, 0x0000000727c00000|  0%| F|  |TAMS 0x0000000727a00000| PB 0x0000000727a00000| Untracked 
|  55|0x0000000727c00000, 0x0000000727c00000, 0x0000000727e00000|  0%| F|  |TAMS 0x0000000727c00000| PB 0x0000000727c00000| Untracked 
|  56|0x0000000727e00000, 0x0000000727e00000, 0x0000000728000000|  0%| F|  |TAMS 0x0000000727e00000| PB 0x0000000727e00000| Untracked 
|  57|0x0000000728000000, 0x0000000728000000, 0x0000000728200000|  0%| F|  |TAMS 0x0000000728000000| PB 0x0000000728000000| Untracked 
|  58|0x0000000728200000, 0x0000000728200000, 0x0000000728400000|  0%| F|  |TAMS 0x0000000728200000| PB 0x0000000728200000| Untracked 
|  59|0x0000000728400000, 0x0000000728400000, 0x0000000728600000|  0%| F|  |TAMS 0x0000000728400000| PB 0x0000000728400000| Untracked 
|  60|0x0000000728600000, 0x0000000728600000, 0x0000000728800000|  0%| F|  |TAMS 0x0000000728600000| PB 0x0000000728600000| Untracked 
|  61|0x0000000728800000, 0x0000000728800000, 0x0000000728a00000|  0%| F|  |TAMS 0x0000000728800000| PB 0x0000000728800000| Untracked 
|  62|0x0000000728a00000, 0x0000000728a00000, 0x0000000728c00000|  0%| F|  |TAMS 0x0000000728a00000| PB 0x0000000728a00000| Untracked 
|  63|0x0000000728c00000, 0x0000000728c00000, 0x0000000728e00000|  0%| F|  |TAMS 0x0000000728c00000| PB 0x0000000728c00000| Untracked 
|  64|0x0000000728e00000, 0x0000000728e00000, 0x0000000729000000|  0%| F|  |TAMS 0x0000000728e00000| PB 0x0000000728e00000| Untracked 
|  65|0x0000000729000000, 0x0000000729000000, 0x0000000729200000|  0%| F|  |TAMS 0x0000000729000000| PB 0x0000000729000000| Untracked 
|  66|0x0000000729200000, 0x0000000729200000, 0x0000000729400000|  0%| F|  |TAMS 0x0000000729200000| PB 0x0000000729200000| Untracked 
|  67|0x0000000729400000, 0x0000000729400000, 0x0000000729600000|  0%| F|  |TAMS 0x0000000729400000| PB 0x0000000729400000| Untracked 
|  68|0x0000000729600000, 0x0000000729600000, 0x0000000729800000|  0%| F|  |TAMS 0x0000000729600000| PB 0x0000000729600000| Untracked 
|  69|0x0000000729800000, 0x0000000729800000, 0x0000000729a00000|  0%| F|  |TAMS 0x0000000729800000| PB 0x0000000729800000| Untracked 
|  70|0x0000000729a00000, 0x0000000729a00000, 0x0000000729c00000|  0%| F|  |TAMS 0x0000000729a00000| PB 0x0000000729a00000| Untracked 
|  71|0x0000000729c00000, 0x0000000729c00000, 0x0000000729e00000|  0%| F|  |TAMS 0x0000000729c00000| PB 0x0000000729c00000| Untracked 
|  72|0x0000000729e00000, 0x0000000729e00000, 0x000000072a000000|  0%| F|  |TAMS 0x0000000729e00000| PB 0x0000000729e00000| Untracked 
|  73|0x000000072a000000, 0x000000072a000000, 0x000000072a200000|  0%| F|  |TAMS 0x000000072a000000| PB 0x000000072a000000| Untracked 
|  74|0x000000072a200000, 0x000000072a200000, 0x000000072a400000|  0%| F|  |TAMS 0x000000072a200000| PB 0x000000072a200000| Untracked 
|  75|0x000000072a400000, 0x000000072a400000, 0x000000072a600000|  0%| F|  |TAMS 0x000000072a400000| PB 0x000000072a400000| Untracked 
|  76|0x000000072a600000, 0x000000072a600000, 0x000000072a800000|  0%| F|  |TAMS 0x000000072a600000| PB 0x000000072a600000| Untracked 
|  77|0x000000072a800000, 0x000000072a800000, 0x000000072aa00000|  0%| F|  |TAMS 0x000000072a800000| PB 0x000000072a800000| Untracked 
|  78|0x000000072aa00000, 0x000000072aa00000, 0x000000072ac00000|  0%| F|  |TAMS 0x000000072aa00000| PB 0x000000072aa00000| Untracked 
|  79|0x000000072ac00000, 0x000000072ac00000, 0x000000072ae00000|  0%| F|  |TAMS 0x000000072ac00000| PB 0x000000072ac00000| Untracked 
|  80|0x000000072ae00000, 0x000000072ae00000, 0x000000072b000000|  0%| F|  |TAMS 0x000000072ae00000| PB 0x000000072ae00000| Untracked 
|  81|0x000000072b000000, 0x000000072b000000, 0x000000072b200000|  0%| F|  |TAMS 0x000000072b000000| PB 0x000000072b000000| Untracked 
|  82|0x000000072b200000, 0x000000072b200000, 0x000000072b400000|  0%| F|  |TAMS 0x000000072b200000| PB 0x000000072b200000| Untracked 
|  83|0x000000072b400000, 0x000000072b400000, 0x000000072b600000|  0%| F|  |TAMS 0x000000072b400000| PB 0x000000072b400000| Untracked 
|  84|0x000000072b600000, 0x000000072b600000, 0x000000072b800000|  0%| F|  |TAMS 0x000000072b600000| PB 0x000000072b600000| Untracked 
|  85|0x000000072b800000, 0x000000072b800000, 0x000000072ba00000|  0%| F|  |TAMS 0x000000072b800000| PB 0x000000072b800000| Untracked 
|  86|0x000000072ba00000, 0x000000072ba00000, 0x000000072bc00000|  0%| F|  |TAMS 0x000000072ba00000| PB 0x000000072ba00000| Untracked 
|  87|0x000000072bc00000, 0x000000072bc00000, 0x000000072be00000|  0%| F|  |TAMS 0x000000072bc00000| PB 0x000000072bc00000| Untracked 
|  88|0x000000072be00000, 0x000000072be00000, 0x000000072c000000|  0%| F|  |TAMS 0x000000072be00000| PB 0x000000072be00000| Untracked 
|  89|0x000000072c000000, 0x000000072c000000, 0x000000072c200000|  0%| F|  |TAMS 0x000000072c000000| PB 0x000000072c000000| Untracked 
|  90|0x000000072c200000, 0x000000072c200000, 0x000000072c400000|  0%| F|  |TAMS 0x000000072c200000| PB 0x000000072c200000| Untracked 
|  91|0x000000072c400000, 0x000000072c400000, 0x000000072c600000|  0%| F|  |TAMS 0x000000072c400000| PB 0x000000072c400000| Untracked 
|  92|0x000000072c600000, 0x000000072c600000, 0x000000072c800000|  0%| F|  |TAMS 0x000000072c600000| PB 0x000000072c600000| Untracked 
|  93|0x000000072c800000, 0x000000072c800000, 0x000000072ca00000|  0%| F|  |TAMS 0x000000072c800000| PB 0x000000072c800000| Untracked 
|  94|0x000000072ca00000, 0x000000072ca00000, 0x000000072cc00000|  0%| F|  |TAMS 0x000000072ca00000| PB 0x000000072ca00000| Untracked 
|  95|0x000000072cc00000, 0x000000072cc00000, 0x000000072ce00000|  0%| F|  |TAMS 0x000000072cc00000| PB 0x000000072cc00000| Untracked 
|  96|0x000000072ce00000, 0x000000072ce00000, 0x000000072d000000|  0%| F|  |TAMS 0x000000072ce00000| PB 0x000000072ce00000| Untracked 
|  97|0x000000072d000000, 0x000000072d000000, 0x000000072d200000|  0%| F|  |TAMS 0x000000072d000000| PB 0x000000072d000000| Untracked 
|  98|0x000000072d200000, 0x000000072d200000, 0x000000072d400000|  0%| F|  |TAMS 0x000000072d200000| PB 0x000000072d200000| Untracked 
|  99|0x000000072d400000, 0x000000072d400000, 0x000000072d600000|  0%| F|  |TAMS 0x000000072d400000| PB 0x000000072d400000| Untracked 
| 100|0x000000072d600000, 0x000000072d600000, 0x000000072d800000|  0%| F|  |TAMS 0x000000072d600000| PB 0x000000072d600000| Untracked 
| 101|0x000000072d800000, 0x000000072d800000, 0x000000072da00000|  0%| F|  |TAMS 0x000000072d800000| PB 0x000000072d800000| Untracked 
| 102|0x000000072da00000, 0x000000072da00000, 0x000000072dc00000|  0%| F|  |TAMS 0x000000072da00000| PB 0x000000072da00000| Untracked 
| 103|0x000000072dc00000, 0x000000072dc00000, 0x000000072de00000|  0%| F|  |TAMS 0x000000072dc00000| PB 0x000000072dc00000| Untracked 
| 104|0x000000072de00000, 0x000000072de00000, 0x000000072e000000|  0%| F|  |TAMS 0x000000072de00000| PB 0x000000072de00000| Untracked 
| 105|0x000000072e000000, 0x000000072e08be70, 0x000000072e200000| 27%| E|  |TAMS 0x000000072e000000| PB 0x000000072e000000| Complete 
| 106|0x000000072e200000, 0x000000072e400000, 0x000000072e400000|100%| E|CS|TAMS 0x000000072e200000| PB 0x000000072e200000| Complete 
| 107|0x000000072e400000, 0x000000072e600000, 0x000000072e600000|100%| E|CS|TAMS 0x000000072e400000| PB 0x000000072e400000| Complete 
| 108|0x000000072e600000, 0x000000072e800000, 0x000000072e800000|100%| E|CS|TAMS 0x000000072e600000| PB 0x000000072e600000| Complete 
| 109|0x000000072e800000, 0x000000072ea00000, 0x000000072ea00000|100%| E|CS|TAMS 0x000000072e800000| PB 0x000000072e800000| Complete 
| 110|0x000000072ea00000, 0x000000072ec00000, 0x000000072ec00000|100%| E|CS|TAMS 0x000000072ea00000| PB 0x000000072ea00000| Complete 
| 111|0x000000072ec00000, 0x000000072ee00000, 0x000000072ee00000|100%| E|CS|TAMS 0x000000072ec00000| PB 0x000000072ec00000| Complete 

Card table byte_map: [0x000001f0d83c0000,0x000001f0d8ac0000] _byte_map_base: 0x000001f0d4ab9000

Marking Bits: (CMBitMap*) 0x000001f0c0316500
 Bits: [0x000001f0d8ac0000, 0x000001f0dc288000)

Polling page: 0x000001f0be290000

Metaspace:

Usage:
  Non-class:     17.41 MB used.
      Class:      2.14 MB used.
       Both:     19.55 MB used.

Virtual space:
  Non-class space:       64.00 MB reserved,      17.56 MB ( 27%) committed,  1 nodes.
      Class space:        1.00 GB reserved,       2.25 MB ( <1%) committed,  1 nodes.
             Both:        1.06 GB reserved,      19.81 MB (  2%) committed. 

Chunk freelists:
   Non-Class:  13.81 MB
       Class:  13.63 MB
        Both:  27.44 MB

MaxMetaspaceSize: unlimited
CompressedClassSpaceSize: 1.00 GB
Initial GC threshold: 21.00 MB
Current GC threshold: 21.00 MB
CDS: on
 - commit_granule_bytes: 65536.
 - commit_granule_words: 8192.
 - virtual_space_node_default_size: 8388608.
 - enlarge_chunks_in_place: 1.
 - use_allocation_guard: 0.


Internal statistics:

num_allocs_failed_limit: 0.
num_arena_births: 204.
num_arena_deaths: 0.
num_vsnodes_births: 2.
num_vsnodes_deaths: 0.
num_space_committed: 317.
num_space_uncommitted: 0.
num_chunks_returned_to_freelist: 0.
num_chunks_taken_from_freelist: 887.
num_chunk_merges: 0.
num_chunk_splits: 621.
num_chunks_enlarged: 505.
num_inconsistent_stats: 0.

CodeHeap 'non-profiled nmethods': size=120000Kb used=2622Kb max_used=2622Kb free=117377Kb
 bounds [0x000001f0d0460000, 0x000001f0d06f0000, 0x000001f0d7990000]
CodeHeap 'profiled nmethods': size=120000Kb used=10711Kb max_used=10711Kb free=109288Kb
 bounds [0x000001f0c8990000, 0x000001f0c9410000, 0x000001f0cfec0000]
CodeHeap 'non-nmethods': size=5760Kb used=1435Kb max_used=1469Kb free=4324Kb
 bounds [0x000001f0cfec0000, 0x000001f0d0130000, 0x000001f0d0460000]
 total_blobs=5514 nmethods=4992 adapters=426
 compilation: enabled
              stopped_count=0, restarted_count=0
 full_count=0

Compilation events (20 events):
Event: 18.652 Thread 0x000001f0decba9b0 4991       3       org.apache.maven.bridge.MavenRepositorySystem::createArtifactX (148 bytes)
Event: 18.653 Thread 0x000001f0decba9b0 nmethod 4991 0x000001f0c93fe990 code [0x000001f0c93febe0, 0x000001f0c93ff2d0]
Event: 18.653 Thread 0x000001f0decba9b0 4990       1       org.apache.maven.project.MavenProject::getFile (5 bytes)
Event: 18.654 Thread 0x000001f0decba9b0 nmethod 4990 0x000001f0d06ef710 code [0x000001f0d06ef8a0, 0x000001f0d06ef970]
Event: 18.661 Thread 0x000001f0decba9b0 4992       3       sun.nio.cs.UTF_8::newDecoder (9 bytes)
Event: 18.661 Thread 0x000001f0decba9b0 nmethod 4992 0x000001f0c93ff590 code [0x000001f0c93ff780, 0x000001f0c93ff998]
Event: 18.661 Thread 0x000001f0decba9b0 4993       3       sun.nio.cs.UTF_8$Decoder::<init> (8 bytes)
Event: 18.662 Thread 0x000001f0decba9b0 nmethod 4993 0x000001f0c93ffa90 code [0x000001f0c93ffc60, 0x000001f0c93ffda8]
Event: 18.662 Thread 0x000001f0decba9b0 4994       3       org.codehaus.plexus.util.xml.pull.MXParser::<init> (111 bytes)
Event: 18.664 Thread 0x000001f0decba9b0 nmethod 4994 0x000001f0c93ffe90 code [0x000001f0c94000c0, 0x000001f0c94007c0]
Event: 18.665 Thread 0x000001f0decba9b0 4995       3       org.apache.maven.model.building.DefaultModelBuilder::getCache (50 bytes)
Event: 18.667 Thread 0x000001f0decba9b0 nmethod 4995 0x000001f0c9400990 code [0x000001f0c9400bc0, 0x000001f0c9401298]
Event: 18.732 Thread 0x000001f0decba9b0 4997       3       org.apache.maven.model.interpolation.StringVisitorModelInterpolator$ModelVisitor::visit (210 bytes)
Event: 18.736 Thread 0x000001f0decba9b0 nmethod 4997 0x000001f0c9401510 code [0x000001f0c9401940, 0x000001f0c9404048]
Event: 18.737 Thread 0x000001f0decba9b0 4998       3       org.apache.maven.artifact.ArtifactUtils::copyList (33 bytes)
Event: 18.737 Thread 0x000001f0decba9b0 nmethod 4998 0x000001f0c9404990 code [0x000001f0c9404b80, 0x000001f0c94050d8]
Event: 18.737 Thread 0x000001f0decba9b0 4996       3       java.io.BufferedInputStream::close (44 bytes)
Event: 18.738 Thread 0x000001f0decba9b0 nmethod 4996 0x000001f0c9405290 code [0x000001f0c9405460, 0x000001f0c9405878]
Event: 18.739 Thread 0x000001f0decba9b0 4999       3       java.util.TreeSet::iterator (15 bytes)
Event: 18.740 Thread 0x000001f0decba9b0 nmethod 4999 0x000001f0c9405990 code [0x000001f0c9405b60, 0x000001f0c9405e00]

GC Heap History (6 events):
Event: 2.857 GC heap before
{Heap before GC invocations=0 (full 0):
 garbage-first heap   total 229376K, used 22528K [0x0000000720e00000, 0x0000000800000000)
  region size 2048K, 11 young (22528K), 0 survivors (0K)
 Metaspace       used 5739K, committed 5952K, reserved 1114112K
  class space    used 658K, committed 768K, reserved 1048576K
}
Event: 2.946 GC heap after
{Heap after GC invocations=1 (full 0):
 garbage-first heap   total 229376K, used 4095K [0x0000000720e00000, 0x0000000800000000)
  region size 2048K, 2 young (4096K), 2 survivors (4096K)
 Metaspace       used 5739K, committed 5952K, reserved 1114112K
  class space    used 658K, committed 768K, reserved 1048576K
}
Event: 5.199 GC heap before
{Heap before GC invocations=1 (full 0):
 garbage-first heap   total 229376K, used 34815K [0x0000000720e00000, 0x0000000800000000)
  region size 2048K, 17 young (34816K), 2 survivors (4096K)
 Metaspace       used 10149K, committed 10304K, reserved 1114112K
  class space    used 1203K, committed 1280K, reserved 1048576K
}
Event: 5.207 GC heap after
{Heap after GC invocations=2 (full 0):
 garbage-first heap   total 229376K, used 5729K [0x0000000720e00000, 0x0000000800000000)
  region size 2048K, 1 young (2048K), 1 survivors (2048K)
 Metaspace       used 10149K, committed 10304K, reserved 1114112K
  class space    used 1203K, committed 1280K, reserved 1048576K
}
Event: 18.018 GC heap before
{Heap before GC invocations=2 (full 0):
 garbage-first heap   total 229376K, used 138849K [0x0000000720e00000, 0x0000000800000000)
  region size 2048K, 67 young (137216K), 1 survivors (2048K)
 Metaspace       used 19862K, committed 20160K, reserved 1114112K
  class space    used 2186K, committed 2304K, reserved 1048576K
}
Event: 18.037 GC heap after
{Heap after GC invocations=3 (full 0):
 garbage-first heap   total 229376K, used 14699K [0x0000000720e00000, 0x0000000800000000)
  region size 2048K, 6 young (12288K), 6 survivors (12288K)
 Metaspace       used 19862K, committed 20160K, reserved 1114112K
  class space    used 2186K, committed 2304K, reserved 1048576K
}

Dll operation events (8 events):
Event: 0.058 Loaded shared library C:\Program Files\Eclipse Adoptium\jdk-21.0.2.13-hotspot\bin\java.dll
Event: 0.180 Loaded shared library C:\Program Files\Eclipse Adoptium\jdk-21.0.2.13-hotspot\bin\jsvml.dll
Event: 0.308 Loaded shared library C:\Program Files\Eclipse Adoptium\jdk-21.0.2.13-hotspot\bin\net.dll
Event: 0.314 Loaded shared library C:\Program Files\Eclipse Adoptium\jdk-21.0.2.13-hotspot\bin\nio.dll
Event: 0.323 Loaded shared library C:\Program Files\Eclipse Adoptium\jdk-21.0.2.13-hotspot\bin\zip.dll
Event: 0.892 Loaded shared library C:\Program Files\Eclipse Adoptium\jdk-21.0.2.13-hotspot\bin\jimage.dll
Event: 0.937 Loaded shared library C:\Users\Cirilo\.m2\wrapper\dists\apache-maven-3.9.6\834f1afe40575b70b4b2527f4b12df8e\lib\jansi-native\Windows\x86_64\jansi.dll
Event: 0.984 Loaded shared library C:\Program Files\Eclipse Adoptium\jdk-21.0.2.13-hotspot\bin\verify.dll

Deoptimization events (20 events):
Event: 17.157 Thread 0x000001f0c02b9800 Uncommon trap: trap_request=0xffffff45 fr.pc=0x000001f0d064db00 relative=0x0000000000000940
Event: 17.157 Thread 0x000001f0c02b9800 Uncommon trap: reason=unstable_if action=reinterpret pc=0x000001f0d064db00 method=org.apache.maven.model.ConfigurationContainer.setLocation(Ljava/lang/Object;Lorg/apache/maven/model/InputLocation;)V @ 96 c2
Event: 17.157 Thread 0x000001f0c02b9800 DEOPT PACKING pc=0x000001f0d064db00 sp=0x000000cbdc0fd690
Event: 17.157 Thread 0x000001f0c02b9800 DEOPT UNPACKING pc=0x000001f0cff146a2 sp=0x000000cbdc0fd660 mode 2
Event: 17.157 Thread 0x000001f0c02b9800 Uncommon trap: trap_request=0xffffff45 fr.pc=0x000001f0d068ff74 relative=0x00000000000039d4
Event: 17.157 Thread 0x000001f0c02b9800 Uncommon trap: reason=unstable_if action=reinterpret pc=0x000001f0d068ff74 method=org.codehaus.plexus.util.xml.Xpp3DomBuilder.build(Lorg/codehaus/plexus/util/xml/pull/XmlPullParser;ZLorg/codehaus/plexus/util/xml/Xpp3DomBuilder$InputLocationBuilder;)Lorg/c
Event: 17.157 Thread 0x000001f0c02b9800 DEOPT PACKING pc=0x000001f0d068ff74 sp=0x000000cbdc0fd5d0
Event: 17.157 Thread 0x000001f0c02b9800 DEOPT UNPACKING pc=0x000001f0cff146a2 sp=0x000000cbdc0fd608 mode 2
Event: 17.334 Thread 0x000001f0c02b9800 Uncommon trap: trap_request=0xffffff45 fr.pc=0x000001f0d06ca904 relative=0x0000000000000b44
Event: 17.335 Thread 0x000001f0c02b9800 Uncommon trap: reason=unstable_if action=reinterpret pc=0x000001f0d06ca904 method=org.apache.maven.model.Contributor.clone()Lorg/apache/maven/model/Contributor; @ 65 c2
Event: 17.335 Thread 0x000001f0c02b9800 DEOPT PACKING pc=0x000001f0d06ca904 sp=0x000000cbdc0fd390
Event: 17.335 Thread 0x000001f0c02b9800 DEOPT UNPACKING pc=0x000001f0cff146a2 sp=0x000000cbdc0fd380 mode 2
Event: 17.466 Thread 0x000001f0c02b9800 Uncommon trap: trap_request=0xffffff45 fr.pc=0x000001f0d0468a14 relative=0x00000000000001f4
Event: 17.466 Thread 0x000001f0c02b9800 Uncommon trap: reason=unstable_if action=reinterpret pc=0x000001f0d0468a14 method=java.lang.String.indexOf(II)I @ 4 c2
Event: 17.466 Thread 0x000001f0c02b9800 DEOPT PACKING pc=0x000001f0d0468a14 sp=0x000000cbdc0fd4c0
Event: 17.466 Thread 0x000001f0c02b9800 DEOPT UNPACKING pc=0x000001f0cff146a2 sp=0x000000cbdc0fd448 mode 2
Event: 18.039 Thread 0x000001f0c02b9800 Uncommon trap: trap_request=0xfffffff4 fr.pc=0x000001f0d06a38a8 relative=0x0000000000006cc8
Event: 18.039 Thread 0x000001f0c02b9800 Uncommon trap: reason=null_check action=make_not_entrant pc=0x000001f0d06a38a8 method=org.codehaus.plexus.interpolation.reflection.ReflectionValueExtractor.getClassMap(Ljava/lang/Class;)Lorg/codehaus/plexus/interpolation/reflection/ClassMap; @ 21 c2
Event: 18.039 Thread 0x000001f0c02b9800 DEOPT PACKING pc=0x000001f0d06a38a8 sp=0x000000cbdc0fcee0
Event: 18.039 Thread 0x000001f0c02b9800 DEOPT UNPACKING pc=0x000001f0cff146a2 sp=0x000000cbdc0fcca8 mode 2

Classes loaded (20 events):
Event: 17.092 Loading class sun/nio/fs/WindowsDirectoryStream$WindowsDirectoryIterator
Event: 17.093 Loading class sun/nio/fs/WindowsDirectoryStream$WindowsDirectoryIterator done
Event: 17.093 Loading class sun/nio/fs/WindowsPath$WindowsPathWithAttributes
Event: 17.093 Loading class sun/nio/fs/BasicFileAttributesHolder
Event: 17.093 Loading class sun/nio/fs/BasicFileAttributesHolder done
Event: 17.094 Loading class sun/nio/fs/WindowsPath$WindowsPathWithAttributes done
Event: 17.122 Loading class sun/security/provider/AbstractDrbg$NonceProvider
Event: 17.123 Loading class sun/security/provider/AbstractDrbg$NonceProvider done
Event: 17.123 Loading class sun/security/provider/SHA2$SHA256
Event: 17.123 Loading class sun/security/provider/SHA2
Event: 17.124 Loading class sun/security/provider/SHA2 done
Event: 17.124 Loading class sun/security/provider/SHA2$SHA256 done
Event: 17.754 Loading class java/util/concurrent/CountDownLatch
Event: 17.754 Loading class java/util/concurrent/CountDownLatch done
Event: 17.755 Loading class java/util/concurrent/CountDownLatch$Sync
Event: 17.755 Loading class java/util/concurrent/CountDownLatch$Sync done
Event: 17.766 Loading class java/util/concurrent/ThreadPoolExecutor$Worker
Event: 17.766 Loading class java/util/concurrent/ThreadPoolExecutor$Worker done
Event: 17.768 Loading class java/util/concurrent/locks/AbstractQueuedSynchronizer$SharedNode
Event: 17.768 Loading class java/util/concurrent/locks/AbstractQueuedSynchronizer$SharedNode done

Classes unloaded (0 events):
No events

Classes redefined (0 events):
No events

Internal exceptions (20 events):
Event: 12.915 Thread 0x000001f0c02b9800 Exception <a 'java/lang/NoSuchMethodError'{0x000000072a694990}: 'java.lang.Object java.lang.invoke.DirectMethodHandle$Holder.newInvokeSpecial(java.lang.Object, java.lang.Object, java.lang.Object, java.lang.Object, java.lang.Object, java.lang.Object, java.lang.Object)'> (0x000000072a694990) 
thrown [s\src\hotspot\share\interpreter\linkResolver.cpp, line 773]
Event: 13.811 Thread 0x000001f0c02b9800 Exception <a 'java/lang/NoSuchMethodError'{0x0000000729fc40a8}: 'java.lang.Object java.lang.invoke.DirectMethodHandle$Holder.invokeVirtual(java.lang.Object, java.lang.Object, java.lang.Object)'> (0x0000000729fc40a8) 
thrown [s\src\hotspot\share\interpreter\linkResolver.cpp, line 773]
Event: 13.814 Thread 0x000001f0c02b9800 Exception <a 'java/lang/NoSuchMethodError'{0x0000000729fca920}: 'void java.lang.invoke.DirectMethodHandle$Holder.invokeSpecial(java.lang.Object, java.lang.Object, java.lang.Object, java.lang.Object, java.lang.Object, java.lang.Object)'> (0x0000000729fca920) 
thrown [s\src\hotspot\share\interpreter\linkResolver.cpp, line 773]
Event: 13.818 Thread 0x000001f0c02b9800 Exception <a 'java/lang/NoSuchMethodError'{0x0000000729fd4ac0}: 'int java.lang.invoke.DirectMethodHandle$Holder.invokeVirtual(java.lang.Object, java.lang.Object)'> (0x0000000729fd4ac0) 
thrown [s\src\hotspot\share\interpreter\linkResolver.cpp, line 773]
Event: 13.927 Thread 0x000001f0c02b9800 Exception <a 'java/lang/NoSuchMethodError'{0x0000000729ca24b8}: 'void java.lang.invoke.Invokers$Holder.invokeExact_MT(java.lang.Object, java.lang.Object, int, java.lang.Object)'> (0x0000000729ca24b8) 
thrown [s\src\hotspot\share\interpreter\linkResolver.cpp, line 773]
Event: 16.547 Thread 0x000001f0c02b9800 Exception <a 'java/lang/NoClassDefFoundError'{0x0000000727e5c340}: org/sonatype/aether/artifact/Artifact> (0x0000000727e5c340) 
thrown [s\src\hotspot\share\classfile\systemDictionary.cpp, line 301]
Event: 16.549 Thread 0x000001f0c02b9800 Exception <a 'java/lang/NoClassDefFoundError'{0x0000000727e6c3e0}: org/sonatype/aether/artifact/ArtifactType> (0x0000000727e6c3e0) 
thrown [s\src\hotspot\share\classfile\systemDictionary.cpp, line 301]
Event: 16.557 Thread 0x000001f0c02b9800 Exception <a 'java/lang/NoClassDefFoundError'{0x0000000727e84fe0}: org/sonatype/aether/deployment/DeploymentException> (0x0000000727e84fe0) 
thrown [s\src\hotspot\share\classfile\systemDictionary.cpp, line 301]
Event: 16.559 Thread 0x000001f0c02b9800 Exception <a 'java/lang/NoClassDefFoundError'{0x0000000727e90200}: org/sonatype/aether/resolution/ArtifactDescriptorException> (0x0000000727e90200) 
thrown [s\src\hotspot\share\classfile\systemDictionary.cpp, line 301]
Event: 16.591 Thread 0x000001f0c02b9800 Exception <a 'java/lang/NoClassDefFoundError'{0x0000000727edf390}: org/sonatype/aether/artifact/Artifact> (0x0000000727edf390) 
thrown [s\src\hotspot\share\classfile\systemDictionary.cpp, line 301]
Event: 16.598 Thread 0x000001f0c02b9800 Exception <a 'java/lang/NoClassDefFoundError'{0x0000000727efd838}: org/sonatype/aether/installation/InstallationException> (0x0000000727efd838) 
thrown [s\src\hotspot\share\classfile\systemDictionary.cpp, line 301]
Event: 16.606 Thread 0x000001f0c02b9800 Exception <a 'java/lang/NoClassDefFoundError'{0x0000000727f1b6d8}: org/sonatype/aether/artifact/Artifact> (0x0000000727f1b6d8) 
thrown [s\src\hotspot\share\classfile\systemDictionary.cpp, line 301]
Event: 16.797 Thread 0x000001f124773020 Exception <a 'java/lang/NoSuchMethodError'{0x0000000727ce05f0}: 'java.lang.Object java.lang.invoke.DirectMethodHandle$Holder.invokeStatic(java.lang.Object, long, java.lang.Object)'> (0x0000000727ce05f0) 
thrown [s\src\hotspot\share\interpreter\linkResolver.cpp, line 773]
Event: 16.798 Thread 0x000001f124773020 Exception <a 'java/lang/NoSuchMethodError'{0x0000000727ce3ac8}: 'java.lang.Object java.lang.invoke.DirectMethodHandle$Holder.invokeStaticInit(java.lang.Object, long, java.lang.Object)'> (0x0000000727ce3ac8) 
thrown [s\src\hotspot\share\interpreter\linkResolver.cpp, line 773]
Event: 16.799 Thread 0x000001f124773020 Exception <a 'java/lang/NoSuchMethodError'{0x0000000727ce8ec0}: 'java.lang.Object java.lang.invoke.DirectMethodHandle$Holder.newInvokeSpecial(java.lang.Object, long)'> (0x0000000727ce8ec0) 
thrown [s\src\hotspot\share\interpreter\linkResolver.cpp, line 773]
Event: 16.820 Thread 0x000001f124773020 Exception <a 'java/lang/NoSuchMethodError'{0x0000000727ced550}: 'long java.lang.invoke.DirectMethodHandle$Holder.invokeInterface(java.lang.Object, java.lang.Object)'> (0x0000000727ced550) 
thrown [s\src\hotspot\share\interpreter\linkResolver.cpp, line 773]
Event: 16.822 Thread 0x000001f124773020 Exception <a 'java/lang/NoSuchMethodError'{0x0000000727cf0a08}: 'long java.lang.invoke.DelegatingMethodHandle$Holder.reinvoke_L(java.lang.Object, java.lang.Object)'> (0x0000000727cf0a08) 
thrown [s\src\hotspot\share\interpreter\linkResolver.cpp, line 773]
Event: 17.119 Thread 0x000001f0c02b9800 Exception <a 'java/lang/NoSuchMethodError'{0x00000007278a9198}: 'java.lang.Object java.lang.invoke.DirectMethodHandle$Holder.invokeStaticInit(java.lang.Object, java.lang.Object, int, int, int, int)'> (0x00000007278a9198) 
thrown [s\src\hotspot\share\interpreter\linkResolver.cpp, line 773]
Event: 17.357 Thread 0x000001f0c02b9800 Exception <a 'java/lang/NoSuchMethodError'{0x0000000727708ff8}: 'int java.lang.invoke.DirectMethodHandle$Holder.invokeSpecialIFC(java.lang.Object, java.lang.Object, java.lang.Object, java.lang.Object)'> (0x0000000727708ff8) 
thrown [s\src\hotspot\share\interpreter\linkResolver.cpp, line 773]
Event: 18.039 Thread 0x000001f0c02b9800 Implicit null exception at 0x000001f0d069db2c to 0x000001f0d06a386c

ZGC Phase Switch (0 events):
No events

VM Operations (20 events):
Event: 11.853 Executing VM operation: Cleanup
Event: 11.853 Executing VM operation: Cleanup done
Event: 12.864 Executing VM operation: Cleanup
Event: 12.864 Executing VM operation: Cleanup done
Event: 13.801 Executing VM operation: ICBufferFull
Event: 13.801 Executing VM operation: ICBufferFull done
Event: 14.807 Executing VM operation: Cleanup
Event: 14.807 Executing VM operation: Cleanup done
Event: 15.820 Executing VM operation: Cleanup
Event: 15.821 Executing VM operation: Cleanup done
Event: 16.744 Executing VM operation: HandshakeAllThreads (Deoptimize)
Event: 16.744 Executing VM operation: HandshakeAllThreads (Deoptimize) done
Event: 17.076 Executing VM operation: HandshakeAllThreads (Deoptimize)
Event: 17.076 Executing VM operation: HandshakeAllThreads (Deoptimize) done
Event: 17.076 Executing VM operation: Cleanup
Event: 17.076 Executing VM operation: Cleanup done
Event: 17.095 Executing VM operation: HandshakeAllThreads (Deoptimize)
Event: 17.095 Executing VM operation: HandshakeAllThreads (Deoptimize) done
Event: 18.018 Executing VM operation: G1CollectForAllocation (G1 Evacuation Pause)
Event: 18.037 Executing VM operation: G1CollectForAllocation (G1 Evacuation Pause) done

Events (20 events):
Event: 8.186 Thread 0x000001f1243f8710 Thread exited: 0x000001f1243f8710
Event: 8.907 Thread 0x000001f124368590 Thread added: 0x000001f124368590
Event: 9.389 Thread 0x000001f124368590 Thread exited: 0x000001f124368590
Event: 9.419 Thread 0x000001f124a856f0 Thread added: 0x000001f124a856f0
Event: 10.141 Thread 0x000001f124a856f0 Thread exited: 0x000001f124a856f0
Event: 10.625 Thread 0x000001f1253f44b0 Thread added: 0x000001f1253f44b0
Event: 13.537 Thread 0x000001f1253f44b0 Thread exited: 0x000001f1253f44b0
Event: 14.579 Thread 0x000001f12499be20 Thread added: 0x000001f12499be20
Event: 14.834 Thread 0x000001f12499be20 Thread exited: 0x000001f12499be20
Event: 15.322 Thread 0x000001f125936430 Thread added: 0x000001f125936430
Event: 16.143 Thread 0x000001f125936430 Thread exited: 0x000001f125936430
Event: 16.752 Thread 0x000001f124773020 Thread added: 0x000001f124773020
Event: 16.827 Thread 0x000001f124773020 Thread exited: 0x000001f124773020
Event: 16.911 Thread 0x000001f124aef130 Thread added: 0x000001f124aef130
Event: 17.737 Thread 0x000001f124aef130 Thread exited: 0x000001f124aef130
Event: 17.767 Thread 0x000001f125c1f940 Thread added: 0x000001f125c1f940
Event: 17.767 Thread 0x000001f124d27fb0 Thread added: 0x000001f124d27fb0
Event: 17.768 Thread 0x000001f124749cd0 Thread added: 0x000001f124749cd0
Event: 17.768 Thread 0x000001f12474a340 Thread added: 0x000001f12474a340
Event: 18.734 Thread 0x000001f125b7dac0 Thread added: 0x000001f125b7dac0


Dynamic libraries:
0x00007ff786d30000 - 0x00007ff786d3e000 	C:\Program Files\Eclipse Adoptium\jdk-21.0.2.13-hotspot\bin\java.exe
0x00007ffb90710000 - 0x00007ffb90927000 	C:\Windows\SYSTEM32\ntdll.dll
0x00007ffb8f5e0000 - 0x00007ffb8f6a4000 	C:\Windows\System32\KERNEL32.DLL
0x00007ffb8dc30000 - 0x00007ffb8dfe7000 	C:\Windows\System32\KERNELBASE.dll
0x00007ffb8e090000 - 0x00007ffb8e1a1000 	C:\Windows\System32\ucrtbase.dll
0x00007ffb88920000 - 0x00007ffb88938000 	C:\Program Files\Eclipse Adoptium\jdk-21.0.2.13-hotspot\bin\jli.dll
0x00007ffb8f0b0000 - 0x00007ffb8f25f000 	C:\Windows\System32\USER32.dll
0x00007ffb8dc00000 - 0x00007ffb8dc26000 	C:\Windows\System32\win32u.dll
0x00007ffb90590000 - 0x00007ffb905b9000 	C:\Windows\System32\GDI32.dll
0x00007ffb8e320000 - 0x00007ffb8e438000 	C:\Windows\System32\gdi32full.dll
0x00007ffb89200000 - 0x00007ffb8921b000 	C:\Program Files\Eclipse Adoptium\jdk-21.0.2.13-hotspot\bin\VCRUNTIME140.dll
0x00007ffb8dff0000 - 0x00007ffb8e08a000 	C:\Windows\System32\msvcp_win.dll
0x00007ffb7b540000 - 0x00007ffb7b7d3000 	C:\Windows\WinSxS\amd64_microsoft.windows.common-controls_6595b64144ccf1df_6.0.22621.3672_none_2713b9d173822955\COMCTL32.dll
0x00007ffb90140000 - 0x00007ffb901e7000 	C:\Windows\System32\msvcrt.dll
0x00007ffb8efe0000 - 0x00007ffb8f011000 	C:\Windows\System32\IMM32.DLL
0x00007ffb88910000 - 0x00007ffb8891c000 	C:\Program Files\Eclipse Adoptium\jdk-21.0.2.13-hotspot\bin\vcruntime140_1.dll
0x00007ffb88880000 - 0x00007ffb8890e000 	C:\Program Files\Eclipse Adoptium\jdk-21.0.2.13-hotspot\bin\msvcp140.dll
0x00007ffafd630000 - 0x00007ffafe3b3000 	C:\Program Files\Eclipse Adoptium\jdk-21.0.2.13-hotspot\bin\server\jvm.dll
0x00007ffb8ea50000 - 0x00007ffb8eb02000 	C:\Windows\System32\ADVAPI32.dll
0x00007ffb8e440000 - 0x00007ffb8e4e8000 	C:\Windows\System32\sechost.dll
0x00007ffb8e1b0000 - 0x00007ffb8e1d8000 	C:\Windows\System32\bcrypt.dll
0x00007ffb8f4a0000 - 0x00007ffb8f5b4000 	C:\Windows\System32\RPCRT4.dll
0x00007ffb8ff30000 - 0x00007ffb8ffa1000 	C:\Windows\System32\WS2_32.dll
0x00007ffb8c890000 - 0x00007ffb8c8dd000 	C:\Windows\SYSTEM32\POWRPROF.dll
0x00007ffb88540000 - 0x00007ffb88574000 	C:\Windows\SYSTEM32\WINMM.dll
0x00007ffb842c0000 - 0x00007ffb842ca000 	C:\Windows\SYSTEM32\VERSION.dll
0x00007ffb8c870000 - 0x00007ffb8c883000 	C:\Windows\SYSTEM32\UMPDC.dll
0x00007ffb8cb20000 - 0x00007ffb8cb38000 	C:\Windows\SYSTEM32\kernel.appcore.dll
0x00007ffb88870000 - 0x00007ffb8887a000 	C:\Program Files\Eclipse Adoptium\jdk-21.0.2.13-hotspot\bin\jimage.dll
0x00007ffb83480000 - 0x00007ffb836b2000 	C:\Windows\SYSTEM32\DBGHELP.DLL
0x00007ffb8e4f0000 - 0x00007ffb8e87e000 	C:\Windows\System32\combase.dll
0x00007ffb904b0000 - 0x00007ffb90587000 	C:\Windows\System32\OLEAUT32.dll
0x00007ffb73f30000 - 0x00007ffb73f62000 	C:\Windows\SYSTEM32\dbgcore.DLL
0x00007ffb8e1e0000 - 0x00007ffb8e25b000 	C:\Windows\System32\bcryptPrimitives.dll
0x00007ffb88850000 - 0x00007ffb8886f000 	C:\Program Files\Eclipse Adoptium\jdk-21.0.2.13-hotspot\bin\java.dll
0x00007ffb8f6c0000 - 0x00007ffb8ff29000 	C:\Windows\System32\SHELL32.dll
0x00007ffb8b950000 - 0x00007ffb8c24f000 	C:\Windows\SYSTEM32\windows.storage.dll
0x00007ffb8b810000 - 0x00007ffb8b94f000 	C:\Windows\SYSTEM32\wintypes.dll
0x00007ffb8e8f0000 - 0x00007ffb8e9e9000 	C:\Windows\System32\SHCORE.dll
0x00007ffb8e890000 - 0x00007ffb8e8ee000 	C:\Windows\System32\shlwapi.dll
0x00007ffb8d950000 - 0x00007ffb8d977000 	C:\Windows\SYSTEM32\profapi.dll
0x00007ffb2c5d0000 - 0x00007ffb2c6a7000 	C:\Program Files\Eclipse Adoptium\jdk-21.0.2.13-hotspot\bin\jsvml.dll
0x00007ffb7ba10000 - 0x00007ffb7ba20000 	C:\Program Files\Eclipse Adoptium\jdk-21.0.2.13-hotspot\bin\net.dll
0x00007ffb88ce0000 - 0x00007ffb88e16000 	C:\Windows\SYSTEM32\WINHTTP.dll
0x00007ffb8cf90000 - 0x00007ffb8cff9000 	C:\Windows\system32\mswsock.dll
0x00007ffb76b20000 - 0x00007ffb76b36000 	C:\Program Files\Eclipse Adoptium\jdk-21.0.2.13-hotspot\bin\nio.dll
0x00007ffb72e10000 - 0x00007ffb72e28000 	C:\Program Files\Eclipse Adoptium\jdk-21.0.2.13-hotspot\bin\zip.dll
0x0000000069ac0000 - 0x0000000069ae4000 	C:\Users\Cirilo\.m2\wrapper\dists\apache-maven-3.9.6\834f1afe40575b70b4b2527f4b12df8e\lib\jansi-native\Windows\x86_64\jansi.dll
0x00007ffb88830000 - 0x00007ffb88840000 	C:\Program Files\Eclipse Adoptium\jdk-21.0.2.13-hotspot\bin\verify.dll
0x00007ffb8d200000 - 0x00007ffb8d21b000 	C:\Windows\SYSTEM32\CRYPTSP.dll
0x00007ffb8ca80000 - 0x00007ffb8cab5000 	C:\Windows\system32\rsaenh.dll
0x00007ffb8d070000 - 0x00007ffb8d098000 	C:\Windows\SYSTEM32\USERENV.dll
0x00007ffb8d220000 - 0x00007ffb8d22c000 	C:\Windows\SYSTEM32\CRYPTBASE.dll
0x00007ffb8c520000 - 0x00007ffb8c54d000 	C:\Windows\SYSTEM32\IPHLPAPI.DLL
0x00007ffb8f6b0000 - 0x00007ffb8f6b9000 	C:\Windows\System32\NSI.dll

dbghelp: loaded successfully - version: 4.0.5 - missing functions: none
symbol engine: initialized successfully - sym options: 0x614 - pdb path: .;C:\Program Files\Eclipse Adoptium\jdk-21.0.2.13-hotspot\bin;C:\Windows\SYSTEM32;C:\Windows\WinSxS\amd64_microsoft.windows.common-controls_6595b64144ccf1df_6.0.22621.3672_none_2713b9d173822955;C:\Program Files\Eclipse Adoptium\jdk-21.0.2.13-hotspot\bin\server;C:\Users\Cirilo\.m2\wrapper\dists\apache-maven-3.9.6\834f1afe40575b70b4b2527f4b12df8e\lib\jansi-native\Windows\x86_64

VM Arguments:
jvm_args: -Dclassworlds.conf=C:\Users\Cirilo\.m2\wrapper\dists\apache-maven-3.9.6\834f1afe40575b70b4b2527f4b12df8e\bin\m2.conf -Dmaven.home=C:\Users\Cirilo\.m2\wrapper\dists\apache-maven-3.9.6\834f1afe40575b70b4b2527f4b12df8e -Dlibrary.jansi.path=C:\Users\Cirilo\.m2\wrapper\dists\apache-maven-3.9.6\834f1afe40575b70b4b2527f4b12df8e\lib\jansi-native -Dmaven.multiModuleProjectDirectory=C:\Users\Cirilo\Documents\testes-automatizados 
java_command: org.codehaus.plexus.classworlds.launcher.Launcher test
java_class_path (initial): C:\Users\Cirilo\.m2\wrapper\dists\apache-maven-3.9.6\834f1afe40575b70b4b2527f4b12df8e\boot\plexus-classworlds-2.7.0.jar
Launcher Type: SUN_STANDARD

[Global flags]
     intx CICompilerCount                          = 4                                         {product} {ergonomic}
     uint ConcGCThreads                            = 2                                         {product} {ergonomic}
     uint G1ConcRefinementThreads                  = 8                                         {product} {ergonomic}
   size_t G1HeapRegionSize                         = 2097152                                   {product} {ergonomic}
    uintx GCDrainStackTargetSize                   = 64                                        {product} {ergonomic}
   size_t InitialHeapSize                          = 234881024                                 {product} {ergonomic}
   size_t MarkStackSize                            = 4194304                                   {product} {ergonomic}
   size_t MaxHeapSize                              = 3743416320                                {product} {ergonomic}
   size_t MaxNewSize                               = 2246049792                                {product} {ergonomic}
   size_t MinHeapDeltaBytes                        = 2097152                                   {product} {ergonomic}
   size_t MinHeapSize                              = 8388608                                   {product} {ergonomic}
    uintx NonNMethodCodeHeapSize                   = 5839372                                {pd product} {ergonomic}
    uintx NonProfiledCodeHeapSize                  = 122909434                              {pd product} {ergonomic}
    uintx ProfiledCodeHeapSize                     = 122909434                              {pd product} {ergonomic}
    uintx ReservedCodeCacheSize                    = 251658240                              {pd product} {ergonomic}
     bool SegmentedCodeCache                       = true                                      {product} {ergonomic}
   size_t SoftMaxHeapSize                          = 3743416320                             {manageable} {ergonomic}
     bool UseCompressedOops                        = true                           {product lp64_product} {ergonomic}
     bool UseG1GC                                  = true                                      {product} {ergonomic}
     bool UseLargePagesIndividualAllocation        = false                                  {pd product} {ergonomic}

Logging:
Log output configuration:
 #0: stdout all=warning uptime,level,tags foldmultilines=false
 #1: stderr all=off uptime,level,tags foldmultilines=false

Environment Variables:
JAVA_HOME=C:\Program Files\Eclipse Adoptium\jdk-21.0.2.13-hotspot\
PATH=C:\Program Files\Eclipse Adoptium\jdk-21.0.2.13-hotspot\bin;C:\Windows\system32;C:\Windows;C:\Windows\System32\Wbem;C:\Windows\System32\WindowsPowerShell\v1.0\;C:\Windows\System32\OpenSSH\;C:\Program Files\Git\cmd;C:\Program Files\Docker\Docker\resources\bin;C:\Program Files\nodejs\;C:\Program Files\NVIDIA Corporation\NVIDIA NvDLISR;C:\Users\Cirilo\Downloads\apache-maven-3.9.6\bin;C:\Program Files\dotnet\;C:\Program Files\Microsoft SQL Server\150\Tools\Binn\;C:\Program Files\Microsoft SQL Server\Client SDK\ODBC\170\Tools\Binn\;C:\Program Files\GitHub CLI\;C:\Program Files (x86)\NVIDIA Corporation\PhysX\Common;C:\ProgramData\chocolatey\bin;C:\Program Files\PuTTY\;C:\Users\Cirilo\AppData\Local\Microsoft\WindowsApps;C:\Users\Cirilo\AppData\Local\GitHubDesktop\bin;C:\Users\Cirilo\AppData\Local\Programs\Microsoft VS Code\bin;C:\Users\Cirilo\AppData\Roaming\npm;C:\Users\Cirilo\.dotnet\tools
USERNAME=Cirilo
OS=Windows_NT
PROCESSOR_IDENTIFIER=AMD64 Family 23 Model 24 Stepping 1, AuthenticAMD
TMP=C:\Users\Cirilo\AppData\Local\Temp
TEMP=C:\Users\Cirilo\AppData\Local\Temp




Periodic native trim disabled

---------------  S Y S T E M  ---------------

OS:
 Windows 11 , 64 bit Build 22621 (10.0.22621.3958)
OS uptime: 16 days 13:46 hours
Hyper-V role detected

CPU: total 8 (initial active 8) (8 cores per cpu, 2 threads per core) family 23 model 24 stepping 1 microcode 0x0, cx8, cmov, fxsr, ht, mmx, 3dnowpref, sse, sse2, sse3, ssse3, sse4a, sse4.1, sse4.2, popcnt, lzcnt, tsc, tscinvbit, avx, avx2, aes, clmul, bmi1, bmi2, adx, sha, fma, vzeroupper, clflush, clflushopt, hv, rdtscp, f16c
Processor Information for all 8 processors :
  Max Mhz: 2100, Current Mhz: 2100, Mhz Limit: 2100

Memory: 4k page, system-wide physical 14274M (416M free)
TotalPageFile size 57282M (AvailPageFile size 18M)
current process WorkingSet (physical memory assigned to process): 248M, peak: 248M
current process commit charge ("private bytes"): 369M, peak: 370M

vm_info: OpenJDK 64-Bit Server VM (21.0.2+13-LTS) for windows-amd64 JRE (21.0.2+13-LTS), built on 2024-01-16T00:00:00Z by "admin" with unknown MS VC++:1937

END.
