#
# There is insufficient memory for the Java Runtime Environment to continue.
# Native memory allocation (malloc) failed to allocate 957936 bytes for Chunk::new
# Possible reasons:
#   The system is out of physical RAM or swap space
#   The process is running with CompressedOops enabled, and the Java Heap may be blocking the growth of the native heap
# Possible solutions:
#   Reduce memory load on the system
#   Increase physical memory or swap space
#   Check if swap backing store is full
#   Decrease Java heap size (-Xmx/-Xms)
#   Decrease number of Java threads
#   Decrease Java thread stack sizes (-Xss)
#   Set larger code cache with -XX:ReservedCodeCacheSize=
#   JVM is running with Zero Based Compressed Oops mode in which the Java heap is
#     placed in the first 32GB address space. The Java Heap base address is the
#     maximum limit for the native heap growth. Please use -XX:HeapBaseMinAddress
#     to set the Java Heap base and to place the Java Heap above 32GB virtual address.
# This output file may be truncated or incomplete.
#
#  Out of Memory Error (arena.cpp:168), pid=40220, tid=7220
#
# JRE version: OpenJDK Runtime Environment Temurin-21.0.2+13 (21.0.2+13) (build 21.0.2+13-LTS)
# Java VM: OpenJDK 64-Bit Server VM Temurin-21.0.2+13 (21.0.2+13-LTS, mixed mode, sharing, tiered, compressed oops, compressed class ptrs, g1 gc, windows-amd64)
# No core dump will be written. Minidumps are not enabled by default on client versions of Windows
#

---------------  S U M M A R Y ------------

Command Line: -Dclassworlds.conf=C:\Users\Cirilo\.m2\wrapper\dists\apache-maven-3.9.6\834f1afe40575b70b4b2527f4b12df8e\bin\m2.conf -Dmaven.home=C:\Users\Cirilo\.m2\wrapper\dists\apache-maven-3.9.6\834f1afe40575b70b4b2527f4b12df8e -Dlibrary.jansi.path=C:\Users\Cirilo\.m2\wrapper\dists\apache-maven-3.9.6\834f1afe40575b70b4b2527f4b12df8e\lib\jansi-native -Dmaven.multiModuleProjectDirectory=C:\Users\Cirilo\Documents\testes-automatizados org.codehaus.plexus.classworlds.launcher.Launcher test

Host: AMD Ryzen 5 3550H with Radeon Vega Mobile Gfx  , 8 cores, 13G,  Windows 11 , 64 bit Build 22621 (10.0.22621.3958)
Time: Thu Oct 31 03:18:35 2024 Hora oficial do Brasil elapsed time: 8.168937 seconds (0d 0h 0m 8s)

---------------  T H R E A D  ---------------

Current thread (0x00000251dcd87d70):  JavaThread "C2 CompilerThread0" daemon [_thread_in_native, id=7220, stack(0x000000d079600000,0x000000d079700000) (1024K)]


Current CompileTask:
C2:   8169 3291       4       org.codehaus.plexus.util.xml.Xpp3Dom::<init> (125 bytes)

Stack: [0x000000d079600000,0x000000d079700000]
Native frames: (J=compiled Java code, j=interpreted, Vv=VM code, C=native code)
V  [jvm.dll+0x6c94f9]
V  [jvm.dll+0x8a3c21]
V  [jvm.dll+0x8a614e]
V  [jvm.dll+0x8a6823]
V  [jvm.dll+0x27fa86]
V  [jvm.dll+0xc4a2d]
V  [jvm.dll+0xc4f63]
V  [jvm.dll+0x3b3b22]
V  [jvm.dll+0x380575]
V  [jvm.dll+0x37f9da]
V  [jvm.dll+0x247fa0]
V  [jvm.dll+0x24757f]
V  [jvm.dll+0x1c847e]
V  [jvm.dll+0x256db9]
V  [jvm.dll+0x25538a]
V  [jvm.dll+0x3ed0d6]
V  [jvm.dll+0x84cb3b]
V  [jvm.dll+0x6c7c2d]
C  [ucrtbase.dll+0x29333]
C  [KERNEL32.DLL+0x1257d]
C  [ntdll.dll+0x5af08]


---------------  P R O C E S S  ---------------

Threads class SMR info:
_java_thread_list=0x0000025222c18890, length=11, elements={
0x00000251bc23e6b0, 0x00000251dcd794f0, 0x00000251dcd7a410, 0x00000251dcd80090,
0x00000251dcd83b10, 0x00000251dcd84570, 0x00000251dcd86fe0, 0x00000251dcd87d70,
0x00000251dcd8d230, 0x00000252221311d0, 0x0000025222133e20
}

Java Threads: ( => current thread )
  0x00000251bc23e6b0 JavaThread "main"                              [_thread_in_Java, id=40708, stack(0x000000d078800000,0x000000d078900000) (1024K)]
  0x00000251dcd794f0 JavaThread "Reference Handler"          daemon [_thread_blocked, id=27424, stack(0x000000d079000000,0x000000d079100000) (1024K)]
  0x00000251dcd7a410 JavaThread "Finalizer"                  daemon [_thread_blocked, id=37460, stack(0x000000d079100000,0x000000d079200000) (1024K)]
  0x00000251dcd80090 JavaThread "Signal Dispatcher"          daemon [_thread_blocked, id=41420, stack(0x000000d079200000,0x000000d079300000) (1024K)]
  0x00000251dcd83b10 JavaThread "Attach Listener"            daemon [_thread_blocked, id=36344, stack(0x000000d079300000,0x000000d079400000) (1024K)]
  0x00000251dcd84570 JavaThread "Service Thread"             daemon [_thread_blocked, id=42068, stack(0x000000d079400000,0x000000d079500000) (1024K)]
  0x00000251dcd86fe0 JavaThread "Monitor Deflation Thread"   daemon [_thread_blocked, id=42412, stack(0x000000d079500000,0x000000d079600000) (1024K)]
=>0x00000251dcd87d70 JavaThread "C2 CompilerThread0"         daemon [_thread_in_native, id=7220, stack(0x000000d079600000,0x000000d079700000) (1024K)]
  0x00000251dcd8d230 JavaThread "C1 CompilerThread0"         daemon [_thread_in_native, id=42680, stack(0x000000d079700000,0x000000d079800000) (1024K)]
  0x00000252221311d0 JavaThread "Notification Thread"        daemon [_thread_blocked, id=41852, stack(0x000000d079800000,0x000000d079900000) (1024K)]
  0x0000025222133e20 JavaThread "Common-Cleaner"             daemon [_thread_blocked, id=42320, stack(0x000000d079900000,0x000000d079a00000) (1024K)]
Total: 11

Other Threads:
  0x00000251bc455870 VMThread "VM Thread"                           [id=42012, stack(0x000000d078f00000,0x000000d079000000) (1024K)]
  0x00000251dcd466c0 WatcherThread "VM Periodic Task Thread"        [id=40384, stack(0x000000d078e00000,0x000000d078f00000) (1024K)]
  0x00000251bc455130 WorkerThread "GC Thread#0"                     [id=42848, stack(0x000000d078900000,0x000000d078a00000) (1024K)]
  0x00000251bc455c10 WorkerThread "GC Thread#1"                     [id=37920, stack(0x000000d079b00000,0x000000d079c00000) (1024K)]
  0x00000251bc456350 WorkerThread "GC Thread#2"                     [id=26172, stack(0x000000d079c00000,0x000000d079d00000) (1024K)]
  0x00000251bc454d90 WorkerThread "GC Thread#3"                     [id=37012, stack(0x000000d079d00000,0x000000d079e00000) (1024K)]
  0x00000251bc4549f0 WorkerThread "GC Thread#4"                     [id=6812, stack(0x000000d079e00000,0x000000d079f00000) (1024K)]
  0x00000252233fd3b0 WorkerThread "GC Thread#5"                     [id=40712, stack(0x000000d079f00000,0x000000d07a000000) (1024K)]
  0x00000252233fb310 WorkerThread "GC Thread#6"                     [id=35340, stack(0x000000d07a000000,0x000000d07a100000) (1024K)]
  0x00000252233fc530 WorkerThread "GC Thread#7"                     [id=39268, stack(0x000000d07a100000,0x000000d07a200000) (1024K)]
  0x00000251bc465d10 ConcurrentGCThread "G1 Main Marker"            [id=42836, stack(0x000000d078a00000,0x000000d078b00000) (1024K)]
  0x00000251bc455fb0 WorkerThread "G1 Conc#0"                       [id=42792, stack(0x000000d078b00000,0x000000d078c00000) (1024K)]
  0x00000251dcc164f0 ConcurrentGCThread "G1 Refine#0"               [id=42788, stack(0x000000d078c00000,0x000000d078d00000) (1024K)]
  0x00000251bc4be3d0 ConcurrentGCThread "G1 Service"                [id=23772, stack(0x000000d078d00000,0x000000d078e00000) (1024K)]
Total: 14

Threads with active compile tasks:
C2 CompilerThread0     8220 3291       4       org.codehaus.plexus.util.xml.Xpp3Dom::<init> (125 bytes)
C1 CompilerThread0     8220 3336       3       org.apache.maven.model.merge.ModelMerger$MergingList::size (27 bytes)
Total: 2

VM state: not at safepoint (normal execution)

VM Mutex/Monitor currently owned by a thread: None

Heap address: 0x0000000720e00000, size: 3570 MB, Compressed Oops mode: Zero based, Oop shift amount: 3

CDS archive(s) mapped at: [0x00000251dd000000-0x00000251ddc90000-0x00000251ddc90000), size 13172736, SharedBaseAddress: 0x00000251dd000000, ArchiveRelocationMode: 1.
Compressed class space mapped at: 0x00000251de000000-0x000002521e000000, reserved size: 1073741824
Narrow klass base: 0x00000251dd000000, Narrow klass shift: 0, Narrow klass range: 0x100000000

GC Precious Log:
 CardTable entry size: 512
 Card Set container configuration: InlinePtr #cards 4 size 8 Array Of Cards #cards 16 size 48 Howl #buckets 8 coarsen threshold 3686 Howl Bitmap #cards 512 size 80 coarsen threshold 460 Card regions per heap region 1 cards per card region 4096
 CPUs: 8 total, 8 available
 Memory: 14274M
 Large Page Support: Disabled
 NUMA Support: Disabled
 Compressed Oops: Enabled (Zero based)
 Heap Region Size: 2M
 Heap Min Capacity: 8M
 Heap Initial Capacity: 224M
 Heap Max Capacity: 3570M
 Pre-touch: Disabled
 Parallel Workers: 8
 Concurrent Workers: 2
 Concurrent Refinement Workers: 8
 Periodic GC: Disabled

Heap:
 garbage-first heap   total 229376K, used 44724K [0x0000000720e00000, 0x0000000800000000)
  region size 2048K, 22 young (45056K), 2 survivors (4096K)
 Metaspace       used 15953K, committed 16192K, reserved 1114112K
  class space    used 1858K, committed 1984K, reserved 1048576K

Heap Regions: E=young(eden), S=young(survivor), O=old, HS=humongous(starts), HC=humongous(continues), CS=collection set, F=free, TAMS=top-at-mark-start, PB=parsable bottom
|   0|0x0000000720e00000, 0x0000000721000000, 0x0000000721000000|100%| O|  |TAMS 0x0000000720e00000| PB 0x0000000720e00000| Untracked 
|   1|0x0000000721000000, 0x000000072118c8d0, 0x0000000721200000| 77%| O|  |TAMS 0x0000000721000000| PB 0x0000000721000000| Untracked 
|   2|0x0000000721200000, 0x0000000721200000, 0x0000000721400000|  0%| F|  |TAMS 0x0000000721200000| PB 0x0000000721200000| Untracked 
|   3|0x0000000721400000, 0x0000000721400000, 0x0000000721600000|  0%| F|  |TAMS 0x0000000721400000| PB 0x0000000721400000| Untracked 
|   4|0x0000000721600000, 0x0000000721600000, 0x0000000721800000|  0%| F|  |TAMS 0x0000000721600000| PB 0x0000000721600000| Untracked 
|   5|0x0000000721800000, 0x0000000721800000, 0x0000000721a00000|  0%| F|  |TAMS 0x0000000721800000| PB 0x0000000721800000| Untracked 
|   6|0x0000000721a00000, 0x0000000721a00000, 0x0000000721c00000|  0%| F|  |TAMS 0x0000000721a00000| PB 0x0000000721a00000| Untracked 
|   7|0x0000000721c00000, 0x0000000721c00000, 0x0000000721e00000|  0%| F|  |TAMS 0x0000000721c00000| PB 0x0000000721c00000| Untracked 
|   8|0x0000000721e00000, 0x0000000721e00000, 0x0000000722000000|  0%| F|  |TAMS 0x0000000721e00000| PB 0x0000000721e00000| Untracked 
|   9|0x0000000722000000, 0x0000000722000000, 0x0000000722200000|  0%| F|  |TAMS 0x0000000722000000| PB 0x0000000722000000| Untracked 
|  10|0x0000000722200000, 0x0000000722200000, 0x0000000722400000|  0%| F|  |TAMS 0x0000000722200000| PB 0x0000000722200000| Untracked 
|  11|0x0000000722400000, 0x0000000722400000, 0x0000000722600000|  0%| F|  |TAMS 0x0000000722400000| PB 0x0000000722400000| Untracked 
|  12|0x0000000722600000, 0x0000000722600000, 0x0000000722800000|  0%| F|  |TAMS 0x0000000722600000| PB 0x0000000722600000| Untracked 
|  13|0x0000000722800000, 0x0000000722800000, 0x0000000722a00000|  0%| F|  |TAMS 0x0000000722800000| PB 0x0000000722800000| Untracked 
|  14|0x0000000722a00000, 0x0000000722a00000, 0x0000000722c00000|  0%| F|  |TAMS 0x0000000722a00000| PB 0x0000000722a00000| Untracked 
|  15|0x0000000722c00000, 0x0000000722c00000, 0x0000000722e00000|  0%| F|  |TAMS 0x0000000722c00000| PB 0x0000000722c00000| Untracked 
|  16|0x0000000722e00000, 0x0000000722e00000, 0x0000000723000000|  0%| F|  |TAMS 0x0000000722e00000| PB 0x0000000722e00000| Untracked 
|  17|0x0000000723000000, 0x0000000723000000, 0x0000000723200000|  0%| F|  |TAMS 0x0000000723000000| PB 0x0000000723000000| Untracked 
|  18|0x0000000723200000, 0x0000000723200000, 0x0000000723400000|  0%| F|  |TAMS 0x0000000723200000| PB 0x0000000723200000| Untracked 
|  19|0x0000000723400000, 0x0000000723400000, 0x0000000723600000|  0%| F|  |TAMS 0x0000000723400000| PB 0x0000000723400000| Untracked 
|  20|0x0000000723600000, 0x0000000723600000, 0x0000000723800000|  0%| F|  |TAMS 0x0000000723600000| PB 0x0000000723600000| Untracked 
|  21|0x0000000723800000, 0x0000000723800000, 0x0000000723a00000|  0%| F|  |TAMS 0x0000000723800000| PB 0x0000000723800000| Untracked 
|  22|0x0000000723a00000, 0x0000000723a00000, 0x0000000723c00000|  0%| F|  |TAMS 0x0000000723a00000| PB 0x0000000723a00000| Untracked 
|  23|0x0000000723c00000, 0x0000000723c00000, 0x0000000723e00000|  0%| F|  |TAMS 0x0000000723c00000| PB 0x0000000723c00000| Untracked 
|  24|0x0000000723e00000, 0x0000000723e00000, 0x0000000724000000|  0%| F|  |TAMS 0x0000000723e00000| PB 0x0000000723e00000| Untracked 
|  25|0x0000000724000000, 0x0000000724000000, 0x0000000724200000|  0%| F|  |TAMS 0x0000000724000000| PB 0x0000000724000000| Untracked 
|  26|0x0000000724200000, 0x0000000724200000, 0x0000000724400000|  0%| F|  |TAMS 0x0000000724200000| PB 0x0000000724200000| Untracked 
|  27|0x0000000724400000, 0x0000000724400000, 0x0000000724600000|  0%| F|  |TAMS 0x0000000724400000| PB 0x0000000724400000| Untracked 
|  28|0x0000000724600000, 0x0000000724600000, 0x0000000724800000|  0%| F|  |TAMS 0x0000000724600000| PB 0x0000000724600000| Untracked 
|  29|0x0000000724800000, 0x0000000724800000, 0x0000000724a00000|  0%| F|  |TAMS 0x0000000724800000| PB 0x0000000724800000| Untracked 
|  30|0x0000000724a00000, 0x0000000724a00000, 0x0000000724c00000|  0%| F|  |TAMS 0x0000000724a00000| PB 0x0000000724a00000| Untracked 
|  31|0x0000000724c00000, 0x0000000724c00000, 0x0000000724e00000|  0%| F|  |TAMS 0x0000000724c00000| PB 0x0000000724c00000| Untracked 
|  32|0x0000000724e00000, 0x0000000724e00000, 0x0000000725000000|  0%| F|  |TAMS 0x0000000724e00000| PB 0x0000000724e00000| Untracked 
|  33|0x0000000725000000, 0x0000000725000000, 0x0000000725200000|  0%| F|  |TAMS 0x0000000725000000| PB 0x0000000725000000| Untracked 
|  34|0x0000000725200000, 0x0000000725200000, 0x0000000725400000|  0%| F|  |TAMS 0x0000000725200000| PB 0x0000000725200000| Untracked 
|  35|0x0000000725400000, 0x0000000725400000, 0x0000000725600000|  0%| F|  |TAMS 0x0000000725400000| PB 0x0000000725400000| Untracked 
|  36|0x0000000725600000, 0x0000000725600000, 0x0000000725800000|  0%| F|  |TAMS 0x0000000725600000| PB 0x0000000725600000| Untracked 
|  37|0x0000000725800000, 0x0000000725800000, 0x0000000725a00000|  0%| F|  |TAMS 0x0000000725800000| PB 0x0000000725800000| Untracked 
|  38|0x0000000725a00000, 0x0000000725a00000, 0x0000000725c00000|  0%| F|  |TAMS 0x0000000725a00000| PB 0x0000000725a00000| Untracked 
|  39|0x0000000725c00000, 0x0000000725c00000, 0x0000000725e00000|  0%| F|  |TAMS 0x0000000725c00000| PB 0x0000000725c00000| Untracked 
|  40|0x0000000725e00000, 0x0000000725e00000, 0x0000000726000000|  0%| F|  |TAMS 0x0000000725e00000| PB 0x0000000725e00000| Untracked 
|  41|0x0000000726000000, 0x0000000726000000, 0x0000000726200000|  0%| F|  |TAMS 0x0000000726000000| PB 0x0000000726000000| Untracked 
|  42|0x0000000726200000, 0x0000000726200000, 0x0000000726400000|  0%| F|  |TAMS 0x0000000726200000| PB 0x0000000726200000| Untracked 
|  43|0x0000000726400000, 0x0000000726400000, 0x0000000726600000|  0%| F|  |TAMS 0x0000000726400000| PB 0x0000000726400000| Untracked 
|  44|0x0000000726600000, 0x0000000726600000, 0x0000000726800000|  0%| F|  |TAMS 0x0000000726600000| PB 0x0000000726600000| Untracked 
|  45|0x0000000726800000, 0x0000000726800000, 0x0000000726a00000|  0%| F|  |TAMS 0x0000000726800000| PB 0x0000000726800000| Untracked 
|  46|0x0000000726a00000, 0x0000000726a00000, 0x0000000726c00000|  0%| F|  |TAMS 0x0000000726a00000| PB 0x0000000726a00000| Untracked 
|  47|0x0000000726c00000, 0x0000000726c00000, 0x0000000726e00000|  0%| F|  |TAMS 0x0000000726c00000| PB 0x0000000726c00000| Untracked 
|  48|0x0000000726e00000, 0x0000000726e00000, 0x0000000727000000|  0%| F|  |TAMS 0x0000000726e00000| PB 0x0000000726e00000| Untracked 
|  49|0x0000000727000000, 0x0000000727000000, 0x0000000727200000|  0%| F|  |TAMS 0x0000000727000000| PB 0x0000000727000000| Untracked 
|  50|0x0000000727200000, 0x0000000727200000, 0x0000000727400000|  0%| F|  |TAMS 0x0000000727200000| PB 0x0000000727200000| Untracked 
|  51|0x0000000727400000, 0x0000000727400000, 0x0000000727600000|  0%| F|  |TAMS 0x0000000727400000| PB 0x0000000727400000| Untracked 
|  52|0x0000000727600000, 0x0000000727600000, 0x0000000727800000|  0%| F|  |TAMS 0x0000000727600000| PB 0x0000000727600000| Untracked 
|  53|0x0000000727800000, 0x0000000727800000, 0x0000000727a00000|  0%| F|  |TAMS 0x0000000727800000| PB 0x0000000727800000| Untracked 
|  54|0x0000000727a00000, 0x0000000727a00000, 0x0000000727c00000|  0%| F|  |TAMS 0x0000000727a00000| PB 0x0000000727a00000| Untracked 
|  55|0x0000000727c00000, 0x0000000727c00000, 0x0000000727e00000|  0%| F|  |TAMS 0x0000000727c00000| PB 0x0000000727c00000| Untracked 
|  56|0x0000000727e00000, 0x0000000727e00000, 0x0000000728000000|  0%| F|  |TAMS 0x0000000727e00000| PB 0x0000000727e00000| Untracked 
|  57|0x0000000728000000, 0x0000000728000000, 0x0000000728200000|  0%| F|  |TAMS 0x0000000728000000| PB 0x0000000728000000| Untracked 
|  58|0x0000000728200000, 0x0000000728200000, 0x0000000728400000|  0%| F|  |TAMS 0x0000000728200000| PB 0x0000000728200000| Untracked 
|  59|0x0000000728400000, 0x0000000728400000, 0x0000000728600000|  0%| F|  |TAMS 0x0000000728400000| PB 0x0000000728400000| Untracked 
|  60|0x0000000728600000, 0x0000000728600000, 0x0000000728800000|  0%| F|  |TAMS 0x0000000728600000| PB 0x0000000728600000| Untracked 
|  61|0x0000000728800000, 0x0000000728800000, 0x0000000728a00000|  0%| F|  |TAMS 0x0000000728800000| PB 0x0000000728800000| Untracked 
|  62|0x0000000728a00000, 0x0000000728a00000, 0x0000000728c00000|  0%| F|  |TAMS 0x0000000728a00000| PB 0x0000000728a00000| Untracked 
|  63|0x0000000728c00000, 0x0000000728c00000, 0x0000000728e00000|  0%| F|  |TAMS 0x0000000728c00000| PB 0x0000000728c00000| Untracked 
|  64|0x0000000728e00000, 0x0000000728e00000, 0x0000000729000000|  0%| F|  |TAMS 0x0000000728e00000| PB 0x0000000728e00000| Untracked 
|  65|0x0000000729000000, 0x0000000729000000, 0x0000000729200000|  0%| F|  |TAMS 0x0000000729000000| PB 0x0000000729000000| Untracked 
|  66|0x0000000729200000, 0x0000000729200000, 0x0000000729400000|  0%| F|  |TAMS 0x0000000729200000| PB 0x0000000729200000| Untracked 
|  67|0x0000000729400000, 0x0000000729400000, 0x0000000729600000|  0%| F|  |TAMS 0x0000000729400000| PB 0x0000000729400000| Untracked 
|  68|0x0000000729600000, 0x0000000729600000, 0x0000000729800000|  0%| F|  |TAMS 0x0000000729600000| PB 0x0000000729600000| Untracked 
|  69|0x0000000729800000, 0x0000000729800000, 0x0000000729a00000|  0%| F|  |TAMS 0x0000000729800000| PB 0x0000000729800000| Untracked 
|  70|0x0000000729a00000, 0x0000000729a00000, 0x0000000729c00000|  0%| F|  |TAMS 0x0000000729a00000| PB 0x0000000729a00000| Untracked 
|  71|0x0000000729c00000, 0x0000000729c00000, 0x0000000729e00000|  0%| F|  |TAMS 0x0000000729c00000| PB 0x0000000729c00000| Untracked 
|  72|0x0000000729e00000, 0x0000000729e00000, 0x000000072a000000|  0%| F|  |TAMS 0x0000000729e00000| PB 0x0000000729e00000| Untracked 
|  73|0x000000072a000000, 0x000000072a000000, 0x000000072a200000|  0%| F|  |TAMS 0x000000072a000000| PB 0x000000072a000000| Untracked 
|  74|0x000000072a200000, 0x000000072a200000, 0x000000072a400000|  0%| F|  |TAMS 0x000000072a200000| PB 0x000000072a200000| Untracked 
|  75|0x000000072a400000, 0x000000072a400000, 0x000000072a600000|  0%| F|  |TAMS 0x000000072a400000| PB 0x000000072a400000| Untracked 
|  76|0x000000072a600000, 0x000000072a600000, 0x000000072a800000|  0%| F|  |TAMS 0x000000072a600000| PB 0x000000072a600000| Untracked 
|  77|0x000000072a800000, 0x000000072a800000, 0x000000072aa00000|  0%| F|  |TAMS 0x000000072a800000| PB 0x000000072a800000| Untracked 
|  78|0x000000072aa00000, 0x000000072aa00000, 0x000000072ac00000|  0%| F|  |TAMS 0x000000072aa00000| PB 0x000000072aa00000| Untracked 
|  79|0x000000072ac00000, 0x000000072ac00000, 0x000000072ae00000|  0%| F|  |TAMS 0x000000072ac00000| PB 0x000000072ac00000| Untracked 
|  80|0x000000072ae00000, 0x000000072ae00000, 0x000000072b000000|  0%| F|  |TAMS 0x000000072ae00000| PB 0x000000072ae00000| Untracked 
|  81|0x000000072b000000, 0x000000072b000000, 0x000000072b200000|  0%| F|  |TAMS 0x000000072b000000| PB 0x000000072b000000| Untracked 
|  82|0x000000072b200000, 0x000000072b200000, 0x000000072b400000|  0%| F|  |TAMS 0x000000072b200000| PB 0x000000072b200000| Untracked 
|  83|0x000000072b400000, 0x000000072b400000, 0x000000072b600000|  0%| F|  |TAMS 0x000000072b400000| PB 0x000000072b400000| Untracked 
|  84|0x000000072b600000, 0x000000072b600000, 0x000000072b800000|  0%| F|  |TAMS 0x000000072b600000| PB 0x000000072b600000| Untracked 
|  85|0x000000072b800000, 0x000000072b800000, 0x000000072ba00000|  0%| F|  |TAMS 0x000000072b800000| PB 0x000000072b800000| Untracked 
|  86|0x000000072ba00000, 0x000000072ba00000, 0x000000072bc00000|  0%| F|  |TAMS 0x000000072ba00000| PB 0x000000072ba00000| Untracked 
|  87|0x000000072bc00000, 0x000000072bc00000, 0x000000072be00000|  0%| F|  |TAMS 0x000000072bc00000| PB 0x000000072bc00000| Untracked 
|  88|0x000000072be00000, 0x000000072be00000, 0x000000072c000000|  0%| F|  |TAMS 0x000000072be00000| PB 0x000000072be00000| Untracked 
|  89|0x000000072c000000, 0x000000072c000000, 0x000000072c200000|  0%| F|  |TAMS 0x000000072c000000| PB 0x000000072c000000| Untracked 
|  90|0x000000072c200000, 0x000000072c3de710, 0x000000072c400000| 93%| E|  |TAMS 0x000000072c200000| PB 0x000000072c200000| Complete 
|  91|0x000000072c400000, 0x000000072c600000, 0x000000072c600000|100%| E|CS|TAMS 0x000000072c400000| PB 0x000000072c400000| Complete 
|  92|0x000000072c600000, 0x000000072c620a78, 0x000000072c800000|  6%| S|CS|TAMS 0x000000072c600000| PB 0x000000072c600000| Complete 
|  93|0x000000072c800000, 0x000000072ca00000, 0x000000072ca00000|100%| S|CS|TAMS 0x000000072c800000| PB 0x000000072c800000| Complete 
|  94|0x000000072ca00000, 0x000000072cc00000, 0x000000072cc00000|100%| E|CS|TAMS 0x000000072ca00000| PB 0x000000072ca00000| Complete 
|  95|0x000000072cc00000, 0x000000072ce00000, 0x000000072ce00000|100%| E|CS|TAMS 0x000000072cc00000| PB 0x000000072cc00000| Complete 
|  96|0x000000072ce00000, 0x000000072d000000, 0x000000072d000000|100%| E|CS|TAMS 0x000000072ce00000| PB 0x000000072ce00000| Complete 
|  97|0x000000072d000000, 0x000000072d200000, 0x000000072d200000|100%| E|CS|TAMS 0x000000072d000000| PB 0x000000072d000000| Complete 
|  98|0x000000072d200000, 0x000000072d400000, 0x000000072d400000|100%| E|CS|TAMS 0x000000072d200000| PB 0x000000072d200000| Complete 
|  99|0x000000072d400000, 0x000000072d600000, 0x000000072d600000|100%| E|CS|TAMS 0x000000072d400000| PB 0x000000072d400000| Complete 
| 100|0x000000072d600000, 0x000000072d800000, 0x000000072d800000|100%| E|CS|TAMS 0x000000072d600000| PB 0x000000072d600000| Complete 
| 101|0x000000072d800000, 0x000000072da00000, 0x000000072da00000|100%| E|CS|TAMS 0x000000072d800000| PB 0x000000072d800000| Complete 
| 102|0x000000072da00000, 0x000000072dc00000, 0x000000072dc00000|100%| E|CS|TAMS 0x000000072da00000| PB 0x000000072da00000| Complete 
| 103|0x000000072dc00000, 0x000000072de00000, 0x000000072de00000|100%| E|CS|TAMS 0x000000072dc00000| PB 0x000000072dc00000| Complete 
| 104|0x000000072de00000, 0x000000072e000000, 0x000000072e000000|100%| E|CS|TAMS 0x000000072de00000| PB 0x000000072de00000| Complete 
| 105|0x000000072e000000, 0x000000072e200000, 0x000000072e200000|100%| E|CS|TAMS 0x000000072e000000| PB 0x000000072e000000| Complete 
| 106|0x000000072e200000, 0x000000072e400000, 0x000000072e400000|100%| E|CS|TAMS 0x000000072e200000| PB 0x000000072e200000| Complete 
| 107|0x000000072e400000, 0x000000072e600000, 0x000000072e600000|100%| E|CS|TAMS 0x000000072e400000| PB 0x000000072e400000| Complete 
| 108|0x000000072e600000, 0x000000072e800000, 0x000000072e800000|100%| E|CS|TAMS 0x000000072e600000| PB 0x000000072e600000| Complete 
| 109|0x000000072e800000, 0x000000072ea00000, 0x000000072ea00000|100%| E|CS|TAMS 0x000000072e800000| PB 0x000000072e800000| Complete 
| 110|0x000000072ea00000, 0x000000072ec00000, 0x000000072ec00000|100%| E|CS|TAMS 0x000000072ea00000| PB 0x000000072ea00000| Complete 
| 111|0x000000072ec00000, 0x000000072ee00000, 0x000000072ee00000|100%| E|CS|TAMS 0x000000072ec00000| PB 0x000000072ec00000| Complete 

Card table byte_map: [0x00000251d6410000,0x00000251d6b10000] _byte_map_base: 0x00000251d2b09000

Marking Bits: (CMBitMap*) 0x00000251bc457520
 Bits: [0x00000251d6b10000, 0x00000251da2d8000)

Polling page: 0x00000251bc4c0000

Metaspace:

Usage:
  Non-class:     13.77 MB used.
      Class:      1.81 MB used.
       Both:     15.58 MB used.

Virtual space:
  Non-class space:       64.00 MB reserved,      13.88 MB ( 22%) committed,  1 nodes.
      Class space:        1.00 GB reserved,       1.94 MB ( <1%) committed,  1 nodes.
             Both:        1.06 GB reserved,      15.81 MB (  1%) committed. 

Chunk freelists:
   Non-Class:  1.78 MB
       Class:  13.94 MB
        Both:  15.71 MB

MaxMetaspaceSize: unlimited
CompressedClassSpaceSize: 1.00 GB
Initial GC threshold: 21.00 MB
Current GC threshold: 21.00 MB
CDS: on
 - commit_granule_bytes: 65536.
 - commit_granule_words: 8192.
 - virtual_space_node_default_size: 8388608.
 - enlarge_chunks_in_place: 1.
 - use_allocation_guard: 0.


Internal statistics:

num_allocs_failed_limit: 0.
num_arena_births: 156.
num_arena_deaths: 0.
num_vsnodes_births: 2.
num_vsnodes_deaths: 0.
num_space_committed: 253.
num_space_uncommitted: 0.
num_chunks_returned_to_freelist: 0.
num_chunks_taken_from_freelist: 674.
num_chunk_merges: 0.
num_chunk_splits: 476.
num_chunks_enlarged: 397.
num_inconsistent_stats: 0.

CodeHeap 'non-profiled nmethods': size=120000Kb used=1303Kb max_used=1303Kb free=118696Kb
 bounds [0x00000251cdd80000, 0x00000251cdff0000, 0x00000251d52b0000]
CodeHeap 'profiled nmethods': size=120000Kb used=6779Kb max_used=6779Kb free=113220Kb
 bounds [0x00000251c62b0000, 0x00000251c6950000, 0x00000251cd7e0000]
CodeHeap 'non-nmethods': size=5760Kb used=1394Kb max_used=1420Kb free=4366Kb
 bounds [0x00000251cd7e0000, 0x00000251cda50000, 0x00000251cdd80000]
 total_blobs=3817 nmethods=3328 adapters=393
 compilation: enabled
              stopped_count=0, restarted_count=0
 full_count=0

Compilation events (20 events):
Event: 8.112 Thread 0x00000251dcd8d230 3313       3       org.apache.maven.model.merge.ModelMerger::mergePlugin_Extensions (43 bytes)
Event: 8.113 Thread 0x00000251dcd8d230 nmethod 3313 0x00000251c6941d90 code [0x00000251c6941f60, 0x00000251c6942368]
Event: 8.113 Thread 0x00000251dcd8d230 3314       3       org.apache.maven.model.merge.ModelMerger::mergePlugin_Dependencies (26 bytes)
Event: 8.114 Thread 0x00000251dcd8d230 nmethod 3314 0x00000251c6942490 code [0x00000251c69426e0, 0x00000251c6943140]
Event: 8.114 Thread 0x00000251dcd8d230 3308       1       org.apache.maven.model.Scm::getConnection (5 bytes)
Event: 8.115 Thread 0x00000251dcd8d230 nmethod 3308 0x00000251cdec3890 code [0x00000251cdec3a20, 0x00000251cdec3af0]
Event: 8.115 Thread 0x00000251dcd8d230 3309       1       org.apache.maven.model.Scm::getDeveloperConnection (5 bytes)
Event: 8.115 Thread 0x00000251dcd8d230 nmethod 3309 0x00000251cdec3b90 code [0x00000251cdec3d20, 0x00000251cdec3df0]
Event: 8.117 Thread 0x00000251dcd8d230 3315       3       org.apache.maven.model.interpolation.AbstractStringBasedModelInterpolator$3::getValue (32 bytes)
Event: 8.118 Thread 0x00000251dcd8d230 nmethod 3315 0x00000251c6943510 code [0x00000251c6943760, 0x00000251c6943fa0]
Event: 8.121 Thread 0x00000251dcd8d230 3316       3       java.nio.file.Files::provider (10 bytes)
Event: 8.121 Thread 0x00000251dcd8d230 nmethod 3316 0x00000251c6944310 code [0x00000251c69444c0, 0x00000251c69446c0]
Event: 8.139 Thread 0x00000251dcd8d230 3317       3       java.lang.reflect.Method::isCallerSensitive (38 bytes)
Event: 8.141 Thread 0x00000251dcd8d230 nmethod 3317 0x00000251c6944810 code [0x00000251c6944a60, 0x00000251c69453f0]
Event: 8.141 Thread 0x00000251dcd8d230 3318       3       sun.nio.fs.WindowsPath::getPathForWin32Calls (6 bytes)
Event: 8.141 Thread 0x00000251dcd8d230 nmethod 3318 0x00000251c6945710 code [0x00000251c69458c0, 0x00000251c6945a00]
Event: 8.142 Thread 0x00000251dcd8d230 3319   !   3       sun.nio.fs.WindowsPath::getPathForWin32Calls (147 bytes)
Event: 8.144 Thread 0x00000251dcd8d230 nmethod 3319 0x00000251c6945a90 code [0x00000251c6945d40, 0x00000251c6946c58]
Event: 8.154 Thread 0x00000251dcd8d230 3320       1       org.apache.maven.model.RepositoryBase::setUrl (6 bytes)
Event: 8.155 Thread 0x00000251dcd8d230 nmethod 3320 0x00000251cdec3e90 code [0x00000251cdec4020, 0x00000251cdec4138]

GC Heap History (4 events):
Event: 2.323 GC heap before
{Heap before GC invocations=0 (full 0):
 garbage-first heap   total 229376K, used 22528K [0x0000000720e00000, 0x0000000800000000)
  region size 2048K, 11 young (22528K), 0 survivors (0K)
 Metaspace       used 5738K, committed 5952K, reserved 1114112K
  class space    used 658K, committed 768K, reserved 1048576K
}
Event: 2.366 GC heap after
{Heap after GC invocations=1 (full 0):
 garbage-first heap   total 229376K, used 3891K [0x0000000720e00000, 0x0000000800000000)
  region size 2048K, 2 young (4096K), 2 survivors (4096K)
 Metaspace       used 5738K, committed 5952K, reserved 1114112K
  class space    used 658K, committed 768K, reserved 1048576K
}
Event: 4.911 GC heap before
{Heap before GC invocations=1 (full 0):
 garbage-first heap   total 229376K, used 36659K [0x0000000720e00000, 0x0000000800000000)
  region size 2048K, 18 young (36864K), 2 survivors (4096K)
 Metaspace       used 10583K, committed 10752K, reserved 1114112K
  class space    used 1259K, committed 1344K, reserved 1048576K
}
Event: 4.920 GC heap after
{Heap after GC invocations=2 (full 0):
 garbage-first heap   total 229376K, used 5812K [0x0000000720e00000, 0x0000000800000000)
  region size 2048K, 2 young (4096K), 2 survivors (4096K)
 Metaspace       used 10583K, committed 10752K, reserved 1114112K
  class space    used 1259K, committed 1344K, reserved 1048576K
}

Dll operation events (8 events):
Event: 0.028 Loaded shared library C:\Program Files\Eclipse Adoptium\jdk-21.0.2.13-hotspot\bin\java.dll
Event: 0.124 Loaded shared library C:\Program Files\Eclipse Adoptium\jdk-21.0.2.13-hotspot\bin\jsvml.dll
Event: 0.162 Loaded shared library C:\Program Files\Eclipse Adoptium\jdk-21.0.2.13-hotspot\bin\net.dll
Event: 0.167 Loaded shared library C:\Program Files\Eclipse Adoptium\jdk-21.0.2.13-hotspot\bin\nio.dll
Event: 0.176 Loaded shared library C:\Program Files\Eclipse Adoptium\jdk-21.0.2.13-hotspot\bin\zip.dll
Event: 0.588 Loaded shared library C:\Program Files\Eclipse Adoptium\jdk-21.0.2.13-hotspot\bin\jimage.dll
Event: 0.613 Loaded shared library C:\Users\Cirilo\.m2\wrapper\dists\apache-maven-3.9.6\834f1afe40575b70b4b2527f4b12df8e\lib\jansi-native\Windows\x86_64\jansi.dll
Event: 0.640 Loaded shared library C:\Program Files\Eclipse Adoptium\jdk-21.0.2.13-hotspot\bin\verify.dll

Deoptimization events (20 events):
Event: 7.249 Thread 0x00000251bc23e6b0 Uncommon trap: trap_request=0xffffff45 fr.pc=0x00000251cdde4544 relative=0x00000000000002a4
Event: 7.249 Thread 0x00000251bc23e6b0 Uncommon trap: reason=unstable_if action=reinterpret pc=0x00000251cdde4544 method=java.lang.String.decodeASCII([BI[CII)I @ 13 c2
Event: 7.249 Thread 0x00000251bc23e6b0 DEOPT PACKING pc=0x00000251cdde4544 sp=0x000000d0788fd0f0
Event: 7.249 Thread 0x00000251bc23e6b0 DEOPT UNPACKING pc=0x00000251cd8346a2 sp=0x000000d0788fd0a0 mode 2
Event: 7.250 Thread 0x00000251bc23e6b0 Uncommon trap: trap_request=0xffffff45 fr.pc=0x00000251cddaa8f4 relative=0x00000000000001d4
Event: 7.250 Thread 0x00000251bc23e6b0 Uncommon trap: reason=unstable_if action=reinterpret pc=0x00000251cddaa8f4 method=java.lang.StringUTF16.compress([CI[BII)I @ 20 c2
Event: 7.250 Thread 0x00000251bc23e6b0 DEOPT PACKING pc=0x00000251cddaa8f4 sp=0x000000d0788fd520
Event: 7.250 Thread 0x00000251bc23e6b0 DEOPT UNPACKING pc=0x00000251cd8346a2 sp=0x000000d0788fd490 mode 2
Event: 7.282 Thread 0x00000251bc23e6b0 Uncommon trap: trap_request=0xffffff3d fr.pc=0x00000251cde2a2bc relative=0x000000000000027c
Event: 7.282 Thread 0x00000251bc23e6b0 Uncommon trap: reason=unstable_fused_if action=reinterpret pc=0x00000251cde2a2bc method=java.lang.CharacterDataLatin1.equalsIgnoreCase(BB)Z @ 16 c2
Event: 7.282 Thread 0x00000251bc23e6b0 DEOPT PACKING pc=0x00000251cde2a2bc sp=0x000000d0788fdbe0
Event: 7.282 Thread 0x00000251bc23e6b0 DEOPT UNPACKING pc=0x00000251cd8346a2 sp=0x000000d0788fda68 mode 2
Event: 7.282 Thread 0x00000251bc23e6b0 Uncommon trap: trap_request=0xffffff3d fr.pc=0x00000251cde29d04 relative=0x0000000000000164
Event: 7.282 Thread 0x00000251bc23e6b0 Uncommon trap: reason=unstable_fused_if action=reinterpret pc=0x00000251cde29d04 method=java.lang.CharacterDataLatin1.equalsIgnoreCase(BB)Z @ 16 c2
Event: 7.282 Thread 0x00000251bc23e6b0 DEOPT PACKING pc=0x00000251cde29d04 sp=0x000000d0788fdb40
Event: 7.283 Thread 0x00000251bc23e6b0 DEOPT UNPACKING pc=0x00000251cd8346a2 sp=0x000000d0788fda60 mode 2
Event: 7.283 Thread 0x00000251bc23e6b0 Uncommon trap: trap_request=0xffffff3d fr.pc=0x00000251cde29308 relative=0x0000000000000068
Event: 7.283 Thread 0x00000251bc23e6b0 Uncommon trap: reason=unstable_fused_if action=reinterpret pc=0x00000251cde29308 method=java.lang.CharacterDataLatin1.equalsIgnoreCase(BB)Z @ 16 c2
Event: 7.284 Thread 0x00000251bc23e6b0 DEOPT PACKING pc=0x00000251cde29308 sp=0x000000d0788fdad0
Event: 7.284 Thread 0x00000251bc23e6b0 DEOPT UNPACKING pc=0x00000251cd8346a2 sp=0x000000d0788fda60 mode 2

Classes loaded (20 events):
Event: 6.942 Loading class java/util/AbstractMap$2
Event: 6.942 Loading class java/util/AbstractMap$2 done
Event: 6.942 Loading class java/util/AbstractMap$2$1
Event: 6.943 Loading class java/util/AbstractMap$2$1 done
Event: 6.972 Loading class java/util/Formatter$FixedString
Event: 6.972 Loading class java/util/Formatter$FixedString done
Event: 7.108 Loading class java/util/stream/MatchOps$MatchKind
Event: 7.108 Loading class java/util/stream/MatchOps$MatchKind done
Event: 7.108 Loading class java/util/stream/MatchOps
Event: 7.109 Loading class java/util/stream/MatchOps done
Event: 7.109 Loading class java/util/stream/MatchOps$MatchOp
Event: 7.109 Loading class java/util/stream/MatchOps$MatchOp done
Event: 7.110 Loading class java/util/stream/MatchOps$BooleanTerminalSink
Event: 7.110 Loading class java/util/stream/MatchOps$BooleanTerminalSink done
Event: 7.110 Loading class java/util/stream/MatchOps$1MatchSink
Event: 7.111 Loading class java/util/stream/MatchOps$1MatchSink done
Event: 7.311 Loading class java/util/LinkedList$LLSpliterator
Event: 7.312 Loading class java/util/LinkedList$LLSpliterator done
Event: 7.787 Loading class java/util/ComparableTimSort
Event: 7.787 Loading class java/util/ComparableTimSort done

Classes unloaded (0 events):
No events

Classes redefined (0 events):
No events

Internal exceptions (20 events):
Event: 1.852 Thread 0x00000251bc23e6b0 Exception <a 'java/lang/NoSuchMethodError'{0x000000072df752e0}: 'int java.lang.invoke.DirectMethodHandle$Holder.invokeSpecialIFC(java.lang.Object, java.lang.Object, java.lang.Object, java.lang.Object, java.lang.Object)'> (0x000000072df752e0) 
thrown [s\src\hotspot\share\interpreter\linkResolver.cpp, line 773]
Event: 2.019 Thread 0x00000251bc23e6b0 Exception <a 'java/lang/NoSuchMethodError'{0x000000072dcf4310}: 'java.lang.Object java.lang.invoke.DirectMethodHandle$Holder.newInvokeSpecial(java.lang.Object, java.lang.Object, java.lang.Object, java.lang.Object, java.lang.Object)'> (0x000000072dcf4310) 
thrown [s\src\hotspot\share\interpreter\linkResolver.cpp, line 773]
Event: 2.110 Thread 0x00000251bc23e6b0 Exception <a 'java/lang/NoSuchMethodError'{0x000000072ddedb88}: 'int java.lang.invoke.DirectMethodHandle$Holder.invokeStaticInit(java.lang.Object, java.lang.Object)'> (0x000000072ddedb88) 
thrown [s\src\hotspot\share\interpreter\linkResolver.cpp, line 773]
Event: 2.134 Thread 0x00000251bc23e6b0 Exception <a 'java/lang/NoClassDefFoundError'{0x000000072da22cd8}: javax/enterprise/inject/Typed> (0x000000072da22cd8) 
thrown [s\src\hotspot\share\classfile\systemDictionary.cpp, line 301]
Event: 4.946 Thread 0x00000251bc23e6b0 Exception <a 'java/lang/NoSuchMethodError'{0x000000072ec99768}: 'void java.lang.invoke.DirectMethodHandle$Holder.invokeStaticInit(java.lang.Object, java.lang.Object, java.lang.Object)'> (0x000000072ec99768) 
thrown [s\src\hotspot\share\interpreter\linkResolver.cpp, line 773]
Event: 4.958 Thread 0x00000251bc23e6b0 Exception <a 'java/lang/ExceptionInInitializerError'{0x000000072ecc1eb8}> (0x000000072ecc1eb8) 
thrown [s\src\hotspot\share\oops\instanceKlass.cpp, line 1180]
Event: 5.032 Thread 0x00000251bc23e6b0 Exception <a 'java/lang/NoSuchMethodError'{0x000000072ea02bd0}: 'long java.lang.invoke.DirectMethodHandle$Holder.invokeStatic(java.lang.Object, java.lang.Object, int)'> (0x000000072ea02bd0) 
thrown [s\src\hotspot\share\interpreter\linkResolver.cpp, line 773]
Event: 5.035 Thread 0x00000251bc23e6b0 Exception <a 'java/lang/NoSuchMethodError'{0x000000072ea15c68}: 'java.lang.Object java.lang.invoke.DirectMethodHandle$Holder.invokeStatic(java.lang.Object, java.lang.Object, java.lang.Object, java.lang.Object, int)'> (0x000000072ea15c68) 
thrown [s\src\hotspot\share\interpreter\linkResolver.cpp, line 773]
Event: 5.037 Thread 0x00000251bc23e6b0 Exception <a 'java/lang/NoSuchMethodError'{0x000000072ea1db80}: 'java.lang.Object java.lang.invoke.DirectMethodHandle$Holder.invokeSpecial(java.lang.Object, java.lang.Object, java.lang.Object, java.lang.Object, long)'> (0x000000072ea1db80) 
thrown [s\src\hotspot\share\interpreter\linkResolver.cpp, line 773]
Event: 5.040 Thread 0x00000251bc23e6b0 Exception <a 'java/lang/NoSuchMethodError'{0x000000072ea29670}: 'java.lang.Object java.lang.invoke.DirectMethodHandle$Holder.invokeSpecial(java.lang.Object, java.lang.Object, java.lang.Object, int, java.lang.Object)'> (0x000000072ea29670) 
thrown [s\src\hotspot\share\interpreter\linkResolver.cpp, line 773]
Event: 5.042 Thread 0x00000251bc23e6b0 Exception <a 'java/lang/NoSuchMethodError'{0x000000072ea31790}: 'int java.lang.invoke.DirectMethodHandle$Holder.invokeSpecial(java.lang.Object, java.lang.Object, java.lang.Object, int)'> (0x000000072ea31790) 
thrown [s\src\hotspot\share\interpreter\linkResolver.cpp, line 773]
Event: 5.053 Thread 0x00000251bc23e6b0 Implicit null exception at 0x00000251cddff2dd to 0x00000251cddff4d0
Event: 5.056 Thread 0x00000251bc23e6b0 Exception <a 'java/lang/NoSuchMethodError'{0x000000072ea55dc8}: 'java.lang.Object java.lang.invoke.Invokers$Holder.invokeExact_MT(java.lang.Object, int, java.lang.Object)'> (0x000000072ea55dc8) 
thrown [s\src\hotspot\share\interpreter\linkResolver.cpp, line 773]
Event: 5.076 Thread 0x00000251bc23e6b0 Exception <a 'java/lang/NoSuchMethodError'{0x000000072eab8330}: 'void java.lang.invoke.DirectMethodHandle$Holder.invokeStatic(java.lang.Object, java.lang.Object)'> (0x000000072eab8330) 
thrown [s\src\hotspot\share\interpreter\linkResolver.cpp, line 773]
Event: 6.010 Thread 0x00000251bc23e6b0 Exception <a 'java/lang/NoSuchMethodError'{0x000000072e232200}: 'void java.lang.invoke.Invokers$Holder.invokeExact_MT(java.lang.Object, java.lang.Object, java.lang.Object, java.lang.Object)'> (0x000000072e232200) 
thrown [s\src\hotspot\share\interpreter\linkResolver.cpp, line 773]
Event: 6.074 Thread 0x00000251bc23e6b0 Exception <a 'java/lang/NoClassDefFoundError'{0x000000072e2bdbc0}: com/google/inject/servlet/ServletModuleTargetVisitor> (0x000000072e2bdbc0) 
thrown [s\src\hotspot\share\classfile\systemDictionary.cpp, line 301]
Event: 6.218 Thread 0x00000251bc23e6b0 Exception <a 'java/lang/NoSuchMethodError'{0x000000072e07e618}: 'void java.lang.invoke.DirectMethodHandle$Holder.invokeVirtual(java.lang.Object, java.lang.Object)'> (0x000000072e07e618) 
thrown [s\src\hotspot\share\interpreter\linkResolver.cpp, line 773]
Event: 6.303 Thread 0x00000251bc23e6b0 Exception <a 'java/lang/NoSuchMethodError'{0x000000072e0fd468}: 'java.lang.Object java.lang.invoke.DirectMethodHandle$Holder.invokeStaticInit(java.lang.Object, int, int, int, int)'> (0x000000072e0fd468) 
thrown [s\src\hotspot\share\interpreter\linkResolver.cpp, line 773]
Event: 6.790 Thread 0x00000251bc23e6b0 Exception <a 'java/lang/NoSuchMethodError'{0x000000072daa3208}: 'void java.lang.invoke.DirectMethodHandle$Holder.invokeVirtual(java.lang.Object, java.lang.Object, int)'> (0x000000072daa3208) 
thrown [s\src\hotspot\share\interpreter\linkResolver.cpp, line 773]
Event: 6.792 Thread 0x00000251bc23e6b0 Exception <a 'java/lang/NoSuchMethodError'{0x000000072daaa1d8}: 'void java.lang.invoke.DelegatingMethodHandle$Holder.reinvoke_L(java.lang.Object, java.lang.Object, int)'> (0x000000072daaa1d8) 
thrown [s\src\hotspot\share\interpreter\linkResolver.cpp, line 773]

ZGC Phase Switch (0 events):
No events

VM Operations (20 events):
Event: 5.549 Executing VM operation: HandshakeAllThreads (Deoptimize)
Event: 5.549 Executing VM operation: HandshakeAllThreads (Deoptimize) done
Event: 5.986 Executing VM operation: HandshakeAllThreads (Deoptimize)
Event: 5.986 Executing VM operation: HandshakeAllThreads (Deoptimize) done
Event: 5.986 Executing VM operation: Cleanup
Event: 5.986 Executing VM operation: Cleanup done
Event: 6.237 Executing VM operation: HandshakeAllThreads (Deoptimize)
Event: 6.237 Executing VM operation: HandshakeAllThreads (Deoptimize) done
Event: 6.340 Executing VM operation: HandshakeAllThreads (Deoptimize)
Event: 6.340 Executing VM operation: HandshakeAllThreads (Deoptimize) done
Event: 6.432 Executing VM operation: HandshakeAllThreads (Deoptimize)
Event: 6.432 Executing VM operation: HandshakeAllThreads (Deoptimize) done
Event: 6.573 Executing VM operation: HandshakeAllThreads (Deoptimize)
Event: 6.573 Executing VM operation: HandshakeAllThreads (Deoptimize) done
Event: 6.575 Executing VM operation: HandshakeAllThreads (Deoptimize)
Event: 6.575 Executing VM operation: HandshakeAllThreads (Deoptimize) done
Event: 6.802 Executing VM operation: ICBufferFull
Event: 6.803 Executing VM operation: ICBufferFull done
Event: 7.819 Executing VM operation: Cleanup
Event: 7.820 Executing VM operation: Cleanup done

Events (15 events):
Event: 0.068 Thread 0x00000251bc23e6b0 Thread added: 0x00000251bc23e6b0
Event: 0.105 Thread 0x00000251dcd794f0 Thread added: 0x00000251dcd794f0
Event: 0.106 Thread 0x00000251dcd7a410 Thread added: 0x00000251dcd7a410
Event: 0.107 Thread 0x00000251dcd80090 Thread added: 0x00000251dcd80090
Event: 0.107 Thread 0x00000251dcd83b10 Thread added: 0x00000251dcd83b10
Event: 0.107 Thread 0x00000251dcd84570 Thread added: 0x00000251dcd84570
Event: 0.108 Thread 0x00000251dcd86fe0 Thread added: 0x00000251dcd86fe0
Event: 0.108 Thread 0x00000251dcd87d70 Thread added: 0x00000251dcd87d70
Event: 0.109 Thread 0x00000251dcd8d230 Thread added: 0x00000251dcd8d230
Event: 0.152 Thread 0x00000252221311d0 Thread added: 0x00000252221311d0
Event: 0.156 Thread 0x0000025222133e20 Thread added: 0x0000025222133e20
Event: 1.181 Thread 0x000002522253d300 Thread added: 0x000002522253d300
Event: 1.553 Thread 0x000002522253d300 Thread exited: 0x000002522253d300
Event: 2.202 Thread 0x00000252227a6890 Thread added: 0x00000252227a6890
Event: 3.881 Thread 0x00000252227a6890 Thread exited: 0x00000252227a6890


Dynamic libraries:
0x00007ff786d30000 - 0x00007ff786d3e000 	C:\Program Files\Eclipse Adoptium\jdk-21.0.2.13-hotspot\bin\java.exe
0x00007ffb90710000 - 0x00007ffb90927000 	C:\Windows\SYSTEM32\ntdll.dll
0x00007ffb8f5e0000 - 0x00007ffb8f6a4000 	C:\Windows\System32\KERNEL32.DLL
0x00007ffb8dc30000 - 0x00007ffb8dfe7000 	C:\Windows\System32\KERNELBASE.dll
0x00007ffb8e090000 - 0x00007ffb8e1a1000 	C:\Windows\System32\ucrtbase.dll
0x00007ffb88920000 - 0x00007ffb88938000 	C:\Program Files\Eclipse Adoptium\jdk-21.0.2.13-hotspot\bin\jli.dll
0x00007ffb8f0b0000 - 0x00007ffb8f25f000 	C:\Windows\System32\USER32.dll
0x00007ffb8dc00000 - 0x00007ffb8dc26000 	C:\Windows\System32\win32u.dll
0x00007ffb90590000 - 0x00007ffb905b9000 	C:\Windows\System32\GDI32.dll
0x00007ffb8e320000 - 0x00007ffb8e438000 	C:\Windows\System32\gdi32full.dll
0x00007ffb8dff0000 - 0x00007ffb8e08a000 	C:\Windows\System32\msvcp_win.dll
0x00007ffb89200000 - 0x00007ffb8921b000 	C:\Program Files\Eclipse Adoptium\jdk-21.0.2.13-hotspot\bin\VCRUNTIME140.dll
0x00007ffb7b540000 - 0x00007ffb7b7d3000 	C:\Windows\WinSxS\amd64_microsoft.windows.common-controls_6595b64144ccf1df_6.0.22621.3672_none_2713b9d173822955\COMCTL32.dll
0x00007ffb90140000 - 0x00007ffb901e7000 	C:\Windows\System32\msvcrt.dll
0x00007ffb8efe0000 - 0x00007ffb8f011000 	C:\Windows\System32\IMM32.DLL
0x00007ffb88910000 - 0x00007ffb8891c000 	C:\Program Files\Eclipse Adoptium\jdk-21.0.2.13-hotspot\bin\vcruntime140_1.dll
0x00007ffb88880000 - 0x00007ffb8890e000 	C:\Program Files\Eclipse Adoptium\jdk-21.0.2.13-hotspot\bin\msvcp140.dll
0x00007ffafd630000 - 0x00007ffafe3b3000 	C:\Program Files\Eclipse Adoptium\jdk-21.0.2.13-hotspot\bin\server\jvm.dll
0x00007ffb8ea50000 - 0x00007ffb8eb02000 	C:\Windows\System32\ADVAPI32.dll
0x00007ffb8e440000 - 0x00007ffb8e4e8000 	C:\Windows\System32\sechost.dll
0x00007ffb8e1b0000 - 0x00007ffb8e1d8000 	C:\Windows\System32\bcrypt.dll
0x00007ffb8f4a0000 - 0x00007ffb8f5b4000 	C:\Windows\System32\RPCRT4.dll
0x00007ffb8ff30000 - 0x00007ffb8ffa1000 	C:\Windows\System32\WS2_32.dll
0x00007ffb8c890000 - 0x00007ffb8c8dd000 	C:\Windows\SYSTEM32\POWRPROF.dll
0x00007ffb88540000 - 0x00007ffb88574000 	C:\Windows\SYSTEM32\WINMM.dll
0x00007ffb842c0000 - 0x00007ffb842ca000 	C:\Windows\SYSTEM32\VERSION.dll
0x00007ffb8c870000 - 0x00007ffb8c883000 	C:\Windows\SYSTEM32\UMPDC.dll
0x00007ffb8cb20000 - 0x00007ffb8cb38000 	C:\Windows\SYSTEM32\kernel.appcore.dll
0x00007ffb88870000 - 0x00007ffb8887a000 	C:\Program Files\Eclipse Adoptium\jdk-21.0.2.13-hotspot\bin\jimage.dll
0x00007ffb83480000 - 0x00007ffb836b2000 	C:\Windows\SYSTEM32\DBGHELP.DLL
0x00007ffb8e4f0000 - 0x00007ffb8e87e000 	C:\Windows\System32\combase.dll
0x00007ffb904b0000 - 0x00007ffb90587000 	C:\Windows\System32\OLEAUT32.dll
0x00007ffb73f30000 - 0x00007ffb73f62000 	C:\Windows\SYSTEM32\dbgcore.DLL
0x00007ffb8e1e0000 - 0x00007ffb8e25b000 	C:\Windows\System32\bcryptPrimitives.dll
0x00007ffb88850000 - 0x00007ffb8886f000 	C:\Program Files\Eclipse Adoptium\jdk-21.0.2.13-hotspot\bin\java.dll
0x00007ffb8f6c0000 - 0x00007ffb8ff29000 	C:\Windows\System32\SHELL32.dll
0x00007ffb8b950000 - 0x00007ffb8c24f000 	C:\Windows\SYSTEM32\windows.storage.dll
0x00007ffb8b810000 - 0x00007ffb8b94f000 	C:\Windows\SYSTEM32\wintypes.dll
0x00007ffb8e8f0000 - 0x00007ffb8e9e9000 	C:\Windows\System32\SHCORE.dll
0x00007ffb8e890000 - 0x00007ffb8e8ee000 	C:\Windows\System32\shlwapi.dll
0x00007ffb8d950000 - 0x00007ffb8d977000 	C:\Windows\SYSTEM32\profapi.dll
0x00007ffb2c5d0000 - 0x00007ffb2c6a7000 	C:\Program Files\Eclipse Adoptium\jdk-21.0.2.13-hotspot\bin\jsvml.dll
0x00007ffb7ba10000 - 0x00007ffb7ba20000 	C:\Program Files\Eclipse Adoptium\jdk-21.0.2.13-hotspot\bin\net.dll
0x00007ffb88ce0000 - 0x00007ffb88e16000 	C:\Windows\SYSTEM32\WINHTTP.dll
0x00007ffb8cf90000 - 0x00007ffb8cff9000 	C:\Windows\system32\mswsock.dll
0x00007ffb76b20000 - 0x00007ffb76b36000 	C:\Program Files\Eclipse Adoptium\jdk-21.0.2.13-hotspot\bin\nio.dll
0x00007ffb72e10000 - 0x00007ffb72e28000 	C:\Program Files\Eclipse Adoptium\jdk-21.0.2.13-hotspot\bin\zip.dll
0x0000000069ac0000 - 0x0000000069ae4000 	C:\Users\Cirilo\.m2\wrapper\dists\apache-maven-3.9.6\834f1afe40575b70b4b2527f4b12df8e\lib\jansi-native\Windows\x86_64\jansi.dll
0x00007ffb88830000 - 0x00007ffb88840000 	C:\Program Files\Eclipse Adoptium\jdk-21.0.2.13-hotspot\bin\verify.dll

dbghelp: loaded successfully - version: 4.0.5 - missing functions: none
symbol engine: initialized successfully - sym options: 0x614 - pdb path: .;C:\Program Files\Eclipse Adoptium\jdk-21.0.2.13-hotspot\bin;C:\Windows\SYSTEM32;C:\Windows\WinSxS\amd64_microsoft.windows.common-controls_6595b64144ccf1df_6.0.22621.3672_none_2713b9d173822955;C:\Program Files\Eclipse Adoptium\jdk-21.0.2.13-hotspot\bin\server;C:\Users\Cirilo\.m2\wrapper\dists\apache-maven-3.9.6\834f1afe40575b70b4b2527f4b12df8e\lib\jansi-native\Windows\x86_64

VM Arguments:
jvm_args: -Dclassworlds.conf=C:\Users\Cirilo\.m2\wrapper\dists\apache-maven-3.9.6\834f1afe40575b70b4b2527f4b12df8e\bin\m2.conf -Dmaven.home=C:\Users\Cirilo\.m2\wrapper\dists\apache-maven-3.9.6\834f1afe40575b70b4b2527f4b12df8e -Dlibrary.jansi.path=C:\Users\Cirilo\.m2\wrapper\dists\apache-maven-3.9.6\834f1afe40575b70b4b2527f4b12df8e\lib\jansi-native -Dmaven.multiModuleProjectDirectory=C:\Users\Cirilo\Documents\testes-automatizados 
java_command: org.codehaus.plexus.classworlds.launcher.Launcher test
java_class_path (initial): C:\Users\Cirilo\.m2\wrapper\dists\apache-maven-3.9.6\834f1afe40575b70b4b2527f4b12df8e\boot\plexus-classworlds-2.7.0.jar
Launcher Type: SUN_STANDARD

[Global flags]
     intx CICompilerCount                          = 4                                         {product} {ergonomic}
     uint ConcGCThreads                            = 2                                         {product} {ergonomic}
     uint G1ConcRefinementThreads                  = 8                                         {product} {ergonomic}
   size_t G1HeapRegionSize                         = 2097152                                   {product} {ergonomic}
    uintx GCDrainStackTargetSize                   = 64                                        {product} {ergonomic}
   size_t InitialHeapSize                          = 234881024                                 {product} {ergonomic}
   size_t MarkStackSize                            = 4194304                                   {product} {ergonomic}
   size_t MaxHeapSize                              = 3743416320                                {product} {ergonomic}
   size_t MaxNewSize                               = 2246049792                                {product} {ergonomic}
   size_t MinHeapDeltaBytes                        = 2097152                                   {product} {ergonomic}
   size_t MinHeapSize                              = 8388608                                   {product} {ergonomic}
    uintx NonNMethodCodeHeapSize                   = 5839372                                {pd product} {ergonomic}
    uintx NonProfiledCodeHeapSize                  = 122909434                              {pd product} {ergonomic}
    uintx ProfiledCodeHeapSize                     = 122909434                              {pd product} {ergonomic}
    uintx ReservedCodeCacheSize                    = 251658240                              {pd product} {ergonomic}
     bool SegmentedCodeCache                       = true                                      {product} {ergonomic}
   size_t SoftMaxHeapSize                          = 3743416320                             {manageable} {ergonomic}
     bool UseCompressedOops                        = true                           {product lp64_product} {ergonomic}
     bool UseG1GC                                  = true                                      {product} {ergonomic}
     bool UseLargePagesIndividualAllocation        = false                                  {pd product} {ergonomic}

Logging:
Log output configuration:
 #0: stdout all=warning uptime,level,tags foldmultilines=false
 #1: stderr all=off uptime,level,tags foldmultilines=false

Environment Variables:
JAVA_HOME=C:\Program Files\Eclipse Adoptium\jdk-21.0.2.13-hotspot\
PATH=C:\Program Files\Eclipse Adoptium\jdk-21.0.2.13-hotspot\bin;C:\Windows\system32;C:\Windows;C:\Windows\System32\Wbem;C:\Windows\System32\WindowsPowerShell\v1.0\;C:\Windows\System32\OpenSSH\;C:\Program Files\Git\cmd;C:\Program Files\Docker\Docker\resources\bin;C:\Program Files\nodejs\;C:\Program Files\NVIDIA Corporation\NVIDIA NvDLISR;C:\Users\Cirilo\Downloads\apache-maven-3.9.6\bin;C:\Program Files\dotnet\;C:\Program Files\Microsoft SQL Server\150\Tools\Binn\;C:\Program Files\Microsoft SQL Server\Client SDK\ODBC\170\Tools\Binn\;C:\Program Files\GitHub CLI\;C:\Program Files (x86)\NVIDIA Corporation\PhysX\Common;C:\ProgramData\chocolatey\bin;C:\Program Files\PuTTY\;C:\Users\Cirilo\AppData\Local\Microsoft\WindowsApps;C:\Users\Cirilo\AppData\Local\GitHubDesktop\bin;C:\Users\Cirilo\AppData\Local\Programs\Microsoft VS Code\bin;C:\Users\Cirilo\AppData\Roaming\npm;C:\Users\Cirilo\.dotnet\tools
USERNAME=Cirilo
OS=Windows_NT
PROCESSOR_IDENTIFIER=AMD64 Family 23 Model 24 Stepping 1, AuthenticAMD
TMP=C:\Users\Cirilo\AppData\Local\Temp
TEMP=C:\Users\Cirilo\AppData\Local\Temp




Periodic native trim disabled

---------------  S Y S T E M  ---------------

OS:
 Windows 11 , 64 bit Build 22621 (10.0.22621.3958)
OS uptime: 16 days 13:49 hours
Hyper-V role detected

CPU: total 8 (initial active 8) (8 cores per cpu, 2 threads per core) family 23 model 24 stepping 1 microcode 0x0, cx8, cmov, fxsr, ht, mmx, 3dnowpref, sse, sse2, sse3, ssse3, sse4a, sse4.1, sse4.2, popcnt, lzcnt, tsc, tscinvbit, avx, avx2, aes, clmul, bmi1, bmi2, adx, sha, fma, vzeroupper, clflush, clflushopt, hv, rdtscp, f16c
Processor Information for all 8 processors :
  Max Mhz: 2100, Current Mhz: 2100, Mhz Limit: 2100

Memory: 4k page, system-wide physical 14274M (254M free)
TotalPageFile size 57282M (AvailPageFile size 1M)
current process WorkingSet (physical memory assigned to process): 124M, peak: 124M
current process commit charge ("private bytes"): 345M, peak: 346M

vm_info: OpenJDK 64-Bit Server VM (21.0.2+13-LTS) for windows-amd64 JRE (21.0.2+13-LTS), built on 2024-01-16T00:00:00Z by "admin" with unknown MS VC++:1937

END.
