#
# There is insufficient memory for the Java Runtime Environment to continue.
# Native memory allocation (malloc) failed to allocate 1597216 bytes for Chunk::new
# Possible reasons:
#   The system is out of physical RAM or swap space
#   The process is running with CompressedOops enabled, and the Java Heap may be blocking the growth of the native heap
# Possible solutions:
#   Reduce memory load on the system
#   Increase physical memory or swap space
#   Check if swap backing store is full
#   Decrease Java heap size (-Xmx/-Xms)
#   Decrease number of Java threads
#   Decrease Java thread stack sizes (-Xss)
#   Set larger code cache with -XX:ReservedCodeCacheSize=
#   JVM is running with Zero Based Compressed Oops mode in which the Java heap is
#     placed in the first 32GB address space. The Java Heap base address is the
#     maximum limit for the native heap growth. Please use -XX:HeapBaseMinAddress
#     to set the Java Heap base and to place the Java Heap above 32GB virtual address.
# This output file may be truncated or incomplete.
#
#  Out of Memory Error (arena.cpp:168), pid=40656, tid=41840
#
# JRE version: OpenJDK Runtime Environment Temurin-21.0.2+13 (21.0.2+13) (build 21.0.2+13-LTS)
# Java VM: OpenJDK 64-Bit Server VM Temurin-21.0.2+13 (21.0.2+13-LTS, mixed mode, sharing, tiered, compressed oops, compressed class ptrs, g1 gc, windows-amd64)
# No core dump will be written. Minidumps are not enabled by default on client versions of Windows
#

---------------  S U M M A R Y ------------

Command Line: -Dclassworlds.conf=C:\Users\Cirilo\.m2\wrapper\dists\apache-maven-3.9.6\834f1afe40575b70b4b2527f4b12df8e\bin\m2.conf -Dmaven.home=C:\Users\Cirilo\.m2\wrapper\dists\apache-maven-3.9.6\834f1afe40575b70b4b2527f4b12df8e -Dlibrary.jansi.path=C:\Users\Cirilo\.m2\wrapper\dists\apache-maven-3.9.6\834f1afe40575b70b4b2527f4b12df8e\lib\jansi-native -Dmaven.multiModuleProjectDirectory=C:\Users\Cirilo\Documents\testes-automatizados org.codehaus.plexus.classworlds.launcher.Launcher compile

Host: AMD Ryzen 5 3550H with Radeon Vega Mobile Gfx  , 8 cores, 13G,  Windows 11 , 64 bit Build 22621 (10.0.22621.3958)
Time: Thu Oct 31 03:11:51 2024 Hora oficial do Brasil elapsed time: 9.195190 seconds (0d 0h 0m 9s)

---------------  T H R E A D  ---------------

Current thread (0x000001e77d638b10):  JavaThread "C2 CompilerThread0" daemon [_thread_in_native, id=41840, stack(0x0000006ab4500000,0x0000006ab4600000) (1024K)]


Current CompileTask:
C2:   9195 3824   !   4       org.codehaus.plexus.interpolation.StringSearchInterpolator::interpolate (668 bytes)

Stack: [0x0000006ab4500000,0x0000006ab4600000]
Native frames: (J=compiled Java code, j=interpreted, Vv=VM code, C=native code)
V  [jvm.dll+0x6c94f9]
V  [jvm.dll+0x8a3c21]
V  [jvm.dll+0x8a614e]
V  [jvm.dll+0x8a6823]
V  [jvm.dll+0x27fa86]
V  [jvm.dll+0xc4a2d]
V  [jvm.dll+0xc4f63]
V  [jvm.dll+0x3b3b5c]
V  [jvm.dll+0x380575]
V  [jvm.dll+0x37f9da]
V  [jvm.dll+0x247fa0]
V  [jvm.dll+0x24757f]
V  [jvm.dll+0x1c847e]
V  [jvm.dll+0x256db9]
V  [jvm.dll+0x25538a]
V  [jvm.dll+0x3ed0d6]
V  [jvm.dll+0x84cb3b]
V  [jvm.dll+0x6c7c2d]
C  [ucrtbase.dll+0x29333]
C  [KERNEL32.DLL+0x1257d]
C  [ntdll.dll+0x5af08]


---------------  P R O C E S S  ---------------

Threads class SMR info:
_java_thread_list=0x000001e77ed0e070, length=12, elements={
0x000001e76b97be30, 0x000001e77d61b8d0, 0x000001e77d61c7f0, 0x000001e77d622930,
0x000001e77d626b10, 0x000001e77d627570, 0x000001e77d627fd0, 0x000001e77d638b10,
0x000001e77d63b5c0, 0x000001e77d8d8420, 0x000001e77d8db280, 0x000001e77d853070
}

Java Threads: ( => current thread )
  0x000001e76b97be30 JavaThread "main"                              [_thread_in_Java, id=40876, stack(0x0000006ab3700000,0x0000006ab3800000) (1024K)]
  0x000001e77d61b8d0 JavaThread "Reference Handler"          daemon [_thread_blocked, id=41908, stack(0x0000006ab3f00000,0x0000006ab4000000) (1024K)]
  0x000001e77d61c7f0 JavaThread "Finalizer"                  daemon [_thread_blocked, id=13992, stack(0x0000006ab4000000,0x0000006ab4100000) (1024K)]
  0x000001e77d622930 JavaThread "Signal Dispatcher"          daemon [_thread_blocked, id=41464, stack(0x0000006ab4100000,0x0000006ab4200000) (1024K)]
  0x000001e77d626b10 JavaThread "Attach Listener"            daemon [_thread_blocked, id=32512, stack(0x0000006ab4200000,0x0000006ab4300000) (1024K)]
  0x000001e77d627570 JavaThread "Service Thread"             daemon [_thread_blocked, id=38092, stack(0x0000006ab4300000,0x0000006ab4400000) (1024K)]
  0x000001e77d627fd0 JavaThread "Monitor Deflation Thread"   daemon [_thread_blocked, id=35352, stack(0x0000006ab4400000,0x0000006ab4500000) (1024K)]
=>0x000001e77d638b10 JavaThread "C2 CompilerThread0"         daemon [_thread_in_native, id=41840, stack(0x0000006ab4500000,0x0000006ab4600000) (1024K)]
  0x000001e77d63b5c0 JavaThread "C1 CompilerThread0"         daemon [_thread_blocked, id=25880, stack(0x0000006ab4600000,0x0000006ab4700000) (1024K)]
  0x000001e77d8d8420 JavaThread "Notification Thread"        daemon [_thread_blocked, id=41224, stack(0x0000006ab4700000,0x0000006ab4800000) (1024K)]
  0x000001e77d8db280 JavaThread "Common-Cleaner"             daemon [_thread_blocked, id=41640, stack(0x0000006ab4800000,0x0000006ab4900000) (1024K)]
  0x000001e77d853070 JavaThread "C2 CompilerThread1"         daemon [_thread_in_native, id=40540, stack(0x0000006ab4900000,0x0000006ab4a00000) (1024K)]
Total: 12

Other Threads:
  0x000001e77d600a20 VMThread "VM Thread"                           [id=2808, stack(0x0000006ab3e00000,0x0000006ab3f00000) (1024K)]
  0x000001e77d5e8b50 WatcherThread "VM Periodic Task Thread"        [id=36204, stack(0x0000006ab3d00000,0x0000006ab3e00000) (1024K)]
  0x000001e76dc858d0 WorkerThread "GC Thread#0"                     [id=16984, stack(0x0000006ab3800000,0x0000006ab3900000) (1024K)]
  0x000001e77e316d40 WorkerThread "GC Thread#1"                     [id=41888, stack(0x0000006ab4b00000,0x0000006ab4c00000) (1024K)]
  0x000001e77ed581a0 WorkerThread "GC Thread#2"                     [id=40204, stack(0x0000006ab4c00000,0x0000006ab4d00000) (1024K)]
  0x000001e77ed58540 WorkerThread "GC Thread#3"                     [id=41116, stack(0x0000006ab4d00000,0x0000006ab4e00000) (1024K)]
  0x000001e77ed588e0 WorkerThread "GC Thread#4"                     [id=26044, stack(0x0000006ab4e00000,0x0000006ab4f00000) (1024K)]
  0x000001e77e4eaff0 WorkerThread "GC Thread#5"                     [id=38476, stack(0x0000006ab4f00000,0x0000006ab5000000) (1024K)]
  0x000001e77e598f50 WorkerThread "GC Thread#6"                     [id=40080, stack(0x0000006ab5000000,0x0000006ab5100000) (1024K)]
  0x000001e77e50a460 WorkerThread "GC Thread#7"                     [id=40556, stack(0x0000006ab5100000,0x0000006ab5200000) (1024K)]
  0x000001e76dc95930 ConcurrentGCThread "G1 Main Marker"            [id=39876, stack(0x0000006ab3900000,0x0000006ab3a00000) (1024K)]
  0x000001e76dc965e0 WorkerThread "G1 Conc#0"                       [id=34528, stack(0x0000006ab3a00000,0x0000006ab3b00000) (1024K)]
  0x000001e77d4ba120 ConcurrentGCThread "G1 Refine#0"               [id=14172, stack(0x0000006ab3b00000,0x0000006ab3c00000) (1024K)]
  0x000001e77d4baaa0 ConcurrentGCThread "G1 Service"                [id=39312, stack(0x0000006ab3c00000,0x0000006ab3d00000) (1024K)]
Total: 14

Threads with active compile tasks:
C2 CompilerThread0     9266 3824   !   4       org.codehaus.plexus.interpolation.StringSearchInterpolator::interpolate (668 bytes)
C1 CompilerThread0     9266 3940       3       java.util.ArrayDeque::push (6 bytes)
C2 CompilerThread1     9267 3928       4       java.util.concurrent.ConcurrentHashMap::putAll (63 bytes)
Total: 3

VM state: not at safepoint (normal execution)

VM Mutex/Monitor currently owned by a thread: None

Heap address: 0x0000000720e00000, size: 3570 MB, Compressed Oops mode: Zero based, Oop shift amount: 3

CDS archive(s) mapped at: [0x000001e70f000000-0x000001e70fc90000-0x000001e70fc90000), size 13172736, SharedBaseAddress: 0x000001e70f000000, ArchiveRelocationMode: 1.
Compressed class space mapped at: 0x000001e710000000-0x000001e750000000, reserved size: 1073741824
Narrow klass base: 0x000001e70f000000, Narrow klass shift: 0, Narrow klass range: 0x100000000

GC Precious Log:
 CardTable entry size: 512
 Card Set container configuration: InlinePtr #cards 4 size 8 Array Of Cards #cards 16 size 48 Howl #buckets 8 coarsen threshold 3686 Howl Bitmap #cards 512 size 80 coarsen threshold 460 Card regions per heap region 1 cards per card region 4096
 CPUs: 8 total, 8 available
 Memory: 14274M
 Large Page Support: Disabled
 NUMA Support: Disabled
 Compressed Oops: Enabled (Zero based)
 Heap Region Size: 2M
 Heap Min Capacity: 8M
 Heap Initial Capacity: 224M
 Heap Max Capacity: 3570M
 Pre-touch: Disabled
 Parallel Workers: 8
 Concurrent Workers: 2
 Concurrent Refinement Workers: 8
 Periodic GC: Disabled

Heap:
 garbage-first heap   total 229376K, used 75511K [0x0000000720e00000, 0x0000000800000000)
  region size 2048K, 36 young (73728K), 1 survivors (2048K)
 Metaspace       used 16414K, committed 16640K, reserved 1114112K
  class space    used 1876K, committed 1984K, reserved 1048576K

Heap Regions: E=young(eden), S=young(survivor), O=old, HS=humongous(starts), HC=humongous(continues), CS=collection set, F=free, TAMS=top-at-mark-start, PB=parsable bottom
|   0|0x0000000720e00000, 0x0000000721000000, 0x0000000721000000|100%| O|  |TAMS 0x0000000720e00000| PB 0x0000000720e00000| Untracked 
|   1|0x0000000721000000, 0x00000007211cd250, 0x0000000721200000| 90%| O|  |TAMS 0x0000000721000000| PB 0x0000000721000000| Untracked 
|   2|0x0000000721200000, 0x0000000721200000, 0x0000000721400000|  0%| F|  |TAMS 0x0000000721200000| PB 0x0000000721200000| Untracked 
|   3|0x0000000721400000, 0x0000000721400000, 0x0000000721600000|  0%| F|  |TAMS 0x0000000721400000| PB 0x0000000721400000| Untracked 
|   4|0x0000000721600000, 0x0000000721600000, 0x0000000721800000|  0%| F|  |TAMS 0x0000000721600000| PB 0x0000000721600000| Untracked 
|   5|0x0000000721800000, 0x0000000721800000, 0x0000000721a00000|  0%| F|  |TAMS 0x0000000721800000| PB 0x0000000721800000| Untracked 
|   6|0x0000000721a00000, 0x0000000721a00000, 0x0000000721c00000|  0%| F|  |TAMS 0x0000000721a00000| PB 0x0000000721a00000| Untracked 
|   7|0x0000000721c00000, 0x0000000721c00000, 0x0000000721e00000|  0%| F|  |TAMS 0x0000000721c00000| PB 0x0000000721c00000| Untracked 
|   8|0x0000000721e00000, 0x0000000721e00000, 0x0000000722000000|  0%| F|  |TAMS 0x0000000721e00000| PB 0x0000000721e00000| Untracked 
|   9|0x0000000722000000, 0x0000000722000000, 0x0000000722200000|  0%| F|  |TAMS 0x0000000722000000| PB 0x0000000722000000| Untracked 
|  10|0x0000000722200000, 0x0000000722200000, 0x0000000722400000|  0%| F|  |TAMS 0x0000000722200000| PB 0x0000000722200000| Untracked 
|  11|0x0000000722400000, 0x0000000722400000, 0x0000000722600000|  0%| F|  |TAMS 0x0000000722400000| PB 0x0000000722400000| Untracked 
|  12|0x0000000722600000, 0x0000000722600000, 0x0000000722800000|  0%| F|  |TAMS 0x0000000722600000| PB 0x0000000722600000| Untracked 
|  13|0x0000000722800000, 0x0000000722800000, 0x0000000722a00000|  0%| F|  |TAMS 0x0000000722800000| PB 0x0000000722800000| Untracked 
|  14|0x0000000722a00000, 0x0000000722a00000, 0x0000000722c00000|  0%| F|  |TAMS 0x0000000722a00000| PB 0x0000000722a00000| Untracked 
|  15|0x0000000722c00000, 0x0000000722c00000, 0x0000000722e00000|  0%| F|  |TAMS 0x0000000722c00000| PB 0x0000000722c00000| Untracked 
|  16|0x0000000722e00000, 0x0000000722e00000, 0x0000000723000000|  0%| F|  |TAMS 0x0000000722e00000| PB 0x0000000722e00000| Untracked 
|  17|0x0000000723000000, 0x0000000723000000, 0x0000000723200000|  0%| F|  |TAMS 0x0000000723000000| PB 0x0000000723000000| Untracked 
|  18|0x0000000723200000, 0x0000000723200000, 0x0000000723400000|  0%| F|  |TAMS 0x0000000723200000| PB 0x0000000723200000| Untracked 
|  19|0x0000000723400000, 0x0000000723400000, 0x0000000723600000|  0%| F|  |TAMS 0x0000000723400000| PB 0x0000000723400000| Untracked 
|  20|0x0000000723600000, 0x0000000723600000, 0x0000000723800000|  0%| F|  |TAMS 0x0000000723600000| PB 0x0000000723600000| Untracked 
|  21|0x0000000723800000, 0x0000000723800000, 0x0000000723a00000|  0%| F|  |TAMS 0x0000000723800000| PB 0x0000000723800000| Untracked 
|  22|0x0000000723a00000, 0x0000000723a00000, 0x0000000723c00000|  0%| F|  |TAMS 0x0000000723a00000| PB 0x0000000723a00000| Untracked 
|  23|0x0000000723c00000, 0x0000000723c00000, 0x0000000723e00000|  0%| F|  |TAMS 0x0000000723c00000| PB 0x0000000723c00000| Untracked 
|  24|0x0000000723e00000, 0x0000000723e00000, 0x0000000724000000|  0%| F|  |TAMS 0x0000000723e00000| PB 0x0000000723e00000| Untracked 
|  25|0x0000000724000000, 0x0000000724000000, 0x0000000724200000|  0%| F|  |TAMS 0x0000000724000000| PB 0x0000000724000000| Untracked 
|  26|0x0000000724200000, 0x0000000724200000, 0x0000000724400000|  0%| F|  |TAMS 0x0000000724200000| PB 0x0000000724200000| Untracked 
|  27|0x0000000724400000, 0x0000000724400000, 0x0000000724600000|  0%| F|  |TAMS 0x0000000724400000| PB 0x0000000724400000| Untracked 
|  28|0x0000000724600000, 0x0000000724600000, 0x0000000724800000|  0%| F|  |TAMS 0x0000000724600000| PB 0x0000000724600000| Untracked 
|  29|0x0000000724800000, 0x0000000724800000, 0x0000000724a00000|  0%| F|  |TAMS 0x0000000724800000| PB 0x0000000724800000| Untracked 
|  30|0x0000000724a00000, 0x0000000724a00000, 0x0000000724c00000|  0%| F|  |TAMS 0x0000000724a00000| PB 0x0000000724a00000| Untracked 
|  31|0x0000000724c00000, 0x0000000724c00000, 0x0000000724e00000|  0%| F|  |TAMS 0x0000000724c00000| PB 0x0000000724c00000| Untracked 
|  32|0x0000000724e00000, 0x0000000724e00000, 0x0000000725000000|  0%| F|  |TAMS 0x0000000724e00000| PB 0x0000000724e00000| Untracked 
|  33|0x0000000725000000, 0x0000000725000000, 0x0000000725200000|  0%| F|  |TAMS 0x0000000725000000| PB 0x0000000725000000| Untracked 
|  34|0x0000000725200000, 0x0000000725200000, 0x0000000725400000|  0%| F|  |TAMS 0x0000000725200000| PB 0x0000000725200000| Untracked 
|  35|0x0000000725400000, 0x0000000725400000, 0x0000000725600000|  0%| F|  |TAMS 0x0000000725400000| PB 0x0000000725400000| Untracked 
|  36|0x0000000725600000, 0x0000000725600000, 0x0000000725800000|  0%| F|  |TAMS 0x0000000725600000| PB 0x0000000725600000| Untracked 
|  37|0x0000000725800000, 0x0000000725800000, 0x0000000725a00000|  0%| F|  |TAMS 0x0000000725800000| PB 0x0000000725800000| Untracked 
|  38|0x0000000725a00000, 0x0000000725a00000, 0x0000000725c00000|  0%| F|  |TAMS 0x0000000725a00000| PB 0x0000000725a00000| Untracked 
|  39|0x0000000725c00000, 0x0000000725c00000, 0x0000000725e00000|  0%| F|  |TAMS 0x0000000725c00000| PB 0x0000000725c00000| Untracked 
|  40|0x0000000725e00000, 0x0000000725e00000, 0x0000000726000000|  0%| F|  |TAMS 0x0000000725e00000| PB 0x0000000725e00000| Untracked 
|  41|0x0000000726000000, 0x0000000726000000, 0x0000000726200000|  0%| F|  |TAMS 0x0000000726000000| PB 0x0000000726000000| Untracked 
|  42|0x0000000726200000, 0x0000000726200000, 0x0000000726400000|  0%| F|  |TAMS 0x0000000726200000| PB 0x0000000726200000| Untracked 
|  43|0x0000000726400000, 0x0000000726400000, 0x0000000726600000|  0%| F|  |TAMS 0x0000000726400000| PB 0x0000000726400000| Untracked 
|  44|0x0000000726600000, 0x0000000726600000, 0x0000000726800000|  0%| F|  |TAMS 0x0000000726600000| PB 0x0000000726600000| Untracked 
|  45|0x0000000726800000, 0x0000000726800000, 0x0000000726a00000|  0%| F|  |TAMS 0x0000000726800000| PB 0x0000000726800000| Untracked 
|  46|0x0000000726a00000, 0x0000000726a00000, 0x0000000726c00000|  0%| F|  |TAMS 0x0000000726a00000| PB 0x0000000726a00000| Untracked 
|  47|0x0000000726c00000, 0x0000000726c00000, 0x0000000726e00000|  0%| F|  |TAMS 0x0000000726c00000| PB 0x0000000726c00000| Untracked 
|  48|0x0000000726e00000, 0x0000000726e00000, 0x0000000727000000|  0%| F|  |TAMS 0x0000000726e00000| PB 0x0000000726e00000| Untracked 
|  49|0x0000000727000000, 0x0000000727000000, 0x0000000727200000|  0%| F|  |TAMS 0x0000000727000000| PB 0x0000000727000000| Untracked 
|  50|0x0000000727200000, 0x0000000727200000, 0x0000000727400000|  0%| F|  |TAMS 0x0000000727200000| PB 0x0000000727200000| Untracked 
|  51|0x0000000727400000, 0x0000000727400000, 0x0000000727600000|  0%| F|  |TAMS 0x0000000727400000| PB 0x0000000727400000| Untracked 
|  52|0x0000000727600000, 0x0000000727600000, 0x0000000727800000|  0%| F|  |TAMS 0x0000000727600000| PB 0x0000000727600000| Untracked 
|  53|0x0000000727800000, 0x0000000727800000, 0x0000000727a00000|  0%| F|  |TAMS 0x0000000727800000| PB 0x0000000727800000| Untracked 
|  54|0x0000000727a00000, 0x0000000727a00000, 0x0000000727c00000|  0%| F|  |TAMS 0x0000000727a00000| PB 0x0000000727a00000| Untracked 
|  55|0x0000000727c00000, 0x0000000727c00000, 0x0000000727e00000|  0%| F|  |TAMS 0x0000000727c00000| PB 0x0000000727c00000| Untracked 
|  56|0x0000000727e00000, 0x0000000727e00000, 0x0000000728000000|  0%| F|  |TAMS 0x0000000727e00000| PB 0x0000000727e00000| Untracked 
|  57|0x0000000728000000, 0x0000000728000000, 0x0000000728200000|  0%| F|  |TAMS 0x0000000728000000| PB 0x0000000728000000| Untracked 
|  58|0x0000000728200000, 0x0000000728200000, 0x0000000728400000|  0%| F|  |TAMS 0x0000000728200000| PB 0x0000000728200000| Untracked 
|  59|0x0000000728400000, 0x0000000728400000, 0x0000000728600000|  0%| F|  |TAMS 0x0000000728400000| PB 0x0000000728400000| Untracked 
|  60|0x0000000728600000, 0x0000000728600000, 0x0000000728800000|  0%| F|  |TAMS 0x0000000728600000| PB 0x0000000728600000| Untracked 
|  61|0x0000000728800000, 0x0000000728800000, 0x0000000728a00000|  0%| F|  |TAMS 0x0000000728800000| PB 0x0000000728800000| Untracked 
|  62|0x0000000728a00000, 0x0000000728a00000, 0x0000000728c00000|  0%| F|  |TAMS 0x0000000728a00000| PB 0x0000000728a00000| Untracked 
|  63|0x0000000728c00000, 0x0000000728c00000, 0x0000000728e00000|  0%| F|  |TAMS 0x0000000728c00000| PB 0x0000000728c00000| Untracked 
|  64|0x0000000728e00000, 0x0000000728e00000, 0x0000000729000000|  0%| F|  |TAMS 0x0000000728e00000| PB 0x0000000728e00000| Untracked 
|  65|0x0000000729000000, 0x0000000729000000, 0x0000000729200000|  0%| F|  |TAMS 0x0000000729000000| PB 0x0000000729000000| Untracked 
|  66|0x0000000729200000, 0x0000000729200000, 0x0000000729400000|  0%| F|  |TAMS 0x0000000729200000| PB 0x0000000729200000| Untracked 
|  67|0x0000000729400000, 0x0000000729400000, 0x0000000729600000|  0%| F|  |TAMS 0x0000000729400000| PB 0x0000000729400000| Untracked 
|  68|0x0000000729600000, 0x0000000729600000, 0x0000000729800000|  0%| F|  |TAMS 0x0000000729600000| PB 0x0000000729600000| Untracked 
|  69|0x0000000729800000, 0x0000000729800000, 0x0000000729a00000|  0%| F|  |TAMS 0x0000000729800000| PB 0x0000000729800000| Untracked 
|  70|0x0000000729a00000, 0x0000000729a00000, 0x0000000729c00000|  0%| F|  |TAMS 0x0000000729a00000| PB 0x0000000729a00000| Untracked 
|  71|0x0000000729c00000, 0x0000000729c00000, 0x0000000729e00000|  0%| F|  |TAMS 0x0000000729c00000| PB 0x0000000729c00000| Untracked 
|  72|0x0000000729e00000, 0x0000000729e00000, 0x000000072a000000|  0%| F|  |TAMS 0x0000000729e00000| PB 0x0000000729e00000| Untracked 
|  73|0x000000072a000000, 0x000000072a000000, 0x000000072a200000|  0%| F|  |TAMS 0x000000072a000000| PB 0x000000072a000000| Untracked 
|  74|0x000000072a200000, 0x000000072a200000, 0x000000072a400000|  0%| F|  |TAMS 0x000000072a200000| PB 0x000000072a200000| Untracked 
|  75|0x000000072a400000, 0x000000072a49ee78, 0x000000072a600000| 31%| E|  |TAMS 0x000000072a400000| PB 0x000000072a400000| Complete 
|  76|0x000000072a600000, 0x000000072a800000, 0x000000072a800000|100%| E|CS|TAMS 0x000000072a600000| PB 0x000000072a600000| Complete 
|  77|0x000000072a800000, 0x000000072aa00000, 0x000000072aa00000|100%| E|CS|TAMS 0x000000072a800000| PB 0x000000072a800000| Complete 
|  78|0x000000072aa00000, 0x000000072ac00000, 0x000000072ac00000|100%| E|CS|TAMS 0x000000072aa00000| PB 0x000000072aa00000| Complete 
|  79|0x000000072ac00000, 0x000000072ae00000, 0x000000072ae00000|100%| E|CS|TAMS 0x000000072ac00000| PB 0x000000072ac00000| Complete 
|  80|0x000000072ae00000, 0x000000072b000000, 0x000000072b000000|100%| E|CS|TAMS 0x000000072ae00000| PB 0x000000072ae00000| Complete 
|  81|0x000000072b000000, 0x000000072b200000, 0x000000072b200000|100%| E|CS|TAMS 0x000000072b000000| PB 0x000000072b000000| Complete 
|  82|0x000000072b200000, 0x000000072b400000, 0x000000072b400000|100%| E|CS|TAMS 0x000000072b200000| PB 0x000000072b200000| Complete 
|  83|0x000000072b400000, 0x000000072b600000, 0x000000072b600000|100%| E|CS|TAMS 0x000000072b400000| PB 0x000000072b400000| Complete 
|  84|0x000000072b600000, 0x000000072b800000, 0x000000072b800000|100%| E|CS|TAMS 0x000000072b600000| PB 0x000000072b600000| Complete 
|  85|0x000000072b800000, 0x000000072ba00000, 0x000000072ba00000|100%| E|CS|TAMS 0x000000072b800000| PB 0x000000072b800000| Complete 
|  86|0x000000072ba00000, 0x000000072bc00000, 0x000000072bc00000|100%| E|CS|TAMS 0x000000072ba00000| PB 0x000000072ba00000| Complete 
|  87|0x000000072bc00000, 0x000000072be00000, 0x000000072be00000|100%| E|CS|TAMS 0x000000072bc00000| PB 0x000000072bc00000| Complete 
|  88|0x000000072be00000, 0x000000072c000000, 0x000000072c000000|100%| E|CS|TAMS 0x000000072be00000| PB 0x000000072be00000| Complete 
|  89|0x000000072c000000, 0x000000072c200000, 0x000000072c200000|100%| E|CS|TAMS 0x000000072c000000| PB 0x000000072c000000| Complete 
|  90|0x000000072c200000, 0x000000072c400000, 0x000000072c400000|100%| E|CS|TAMS 0x000000072c200000| PB 0x000000072c200000| Complete 
|  91|0x000000072c400000, 0x000000072c600000, 0x000000072c600000|100%| E|CS|TAMS 0x000000072c400000| PB 0x000000072c400000| Complete 
|  92|0x000000072c600000, 0x000000072c800000, 0x000000072c800000|100%| E|CS|TAMS 0x000000072c600000| PB 0x000000072c600000| Complete 
|  93|0x000000072c800000, 0x000000072ca00000, 0x000000072ca00000|100%| E|CS|TAMS 0x000000072c800000| PB 0x000000072c800000| Complete 
|  94|0x000000072ca00000, 0x000000072cbf0ce0, 0x000000072cc00000| 97%| S|CS|TAMS 0x000000072ca00000| PB 0x000000072ca00000| Complete 
|  95|0x000000072cc00000, 0x000000072ce00000, 0x000000072ce00000|100%| E|CS|TAMS 0x000000072cc00000| PB 0x000000072cc00000| Complete 
|  96|0x000000072ce00000, 0x000000072d000000, 0x000000072d000000|100%| E|CS|TAMS 0x000000072ce00000| PB 0x000000072ce00000| Complete 
|  97|0x000000072d000000, 0x000000072d200000, 0x000000072d200000|100%| E|CS|TAMS 0x000000072d000000| PB 0x000000072d000000| Complete 
|  98|0x000000072d200000, 0x000000072d400000, 0x000000072d400000|100%| E|CS|TAMS 0x000000072d200000| PB 0x000000072d200000| Complete 
|  99|0x000000072d400000, 0x000000072d600000, 0x000000072d600000|100%| E|CS|TAMS 0x000000072d400000| PB 0x000000072d400000| Complete 
| 100|0x000000072d600000, 0x000000072d800000, 0x000000072d800000|100%| E|CS|TAMS 0x000000072d600000| PB 0x000000072d600000| Complete 
| 101|0x000000072d800000, 0x000000072da00000, 0x000000072da00000|100%| E|CS|TAMS 0x000000072d800000| PB 0x000000072d800000| Complete 
| 102|0x000000072da00000, 0x000000072dc00000, 0x000000072dc00000|100%| E|CS|TAMS 0x000000072da00000| PB 0x000000072da00000| Complete 
| 103|0x000000072dc00000, 0x000000072de00000, 0x000000072de00000|100%| E|CS|TAMS 0x000000072dc00000| PB 0x000000072dc00000| Complete 
| 104|0x000000072de00000, 0x000000072e000000, 0x000000072e000000|100%| E|CS|TAMS 0x000000072de00000| PB 0x000000072de00000| Complete 
| 105|0x000000072e000000, 0x000000072e200000, 0x000000072e200000|100%| E|CS|TAMS 0x000000072e000000| PB 0x000000072e000000| Complete 
| 106|0x000000072e200000, 0x000000072e400000, 0x000000072e400000|100%| E|CS|TAMS 0x000000072e200000| PB 0x000000072e200000| Complete 
| 107|0x000000072e400000, 0x000000072e600000, 0x000000072e600000|100%| E|CS|TAMS 0x000000072e400000| PB 0x000000072e400000| Complete 
| 108|0x000000072e600000, 0x000000072e800000, 0x000000072e800000|100%| E|CS|TAMS 0x000000072e600000| PB 0x000000072e600000| Complete 
| 109|0x000000072e800000, 0x000000072ea00000, 0x000000072ea00000|100%| E|CS|TAMS 0x000000072e800000| PB 0x000000072e800000| Complete 
| 110|0x000000072ea00000, 0x000000072ec00000, 0x000000072ec00000|100%| E|CS|TAMS 0x000000072ea00000| PB 0x000000072ea00000| Complete 
| 111|0x000000072ec00000, 0x000000072ee00000, 0x000000072ee00000|100%| E|CS|TAMS 0x000000072ec00000| PB 0x000000072ec00000| Complete 

Card table byte_map: [0x000001e776d30000,0x000001e777430000] _byte_map_base: 0x000001e773429000

Marking Bits: (CMBitMap*) 0x000001e76dc85fe0
 Bits: [0x000001e777430000, 0x000001e77abf8000)

Polling page: 0x000001e76d3f0000

Metaspace:

Usage:
  Non-class:     14.20 MB used.
      Class:      1.83 MB used.
       Both:     16.03 MB used.

Virtual space:
  Non-class space:       64.00 MB reserved,      14.31 MB ( 22%) committed,  1 nodes.
      Class space:        1.00 GB reserved,       1.94 MB ( <1%) committed,  1 nodes.
             Both:        1.06 GB reserved,      16.25 MB (  1%) committed. 

Chunk freelists:
   Non-Class:  1.45 MB
       Class:  13.92 MB
        Both:  15.37 MB

MaxMetaspaceSize: unlimited
CompressedClassSpaceSize: 1.00 GB
Initial GC threshold: 21.00 MB
Current GC threshold: 21.00 MB
CDS: on
 - commit_granule_bytes: 65536.
 - commit_granule_words: 8192.
 - virtual_space_node_default_size: 8388608.
 - enlarge_chunks_in_place: 1.
 - use_allocation_guard: 0.


Internal statistics:

num_allocs_failed_limit: 0.
num_arena_births: 162.
num_arena_deaths: 0.
num_vsnodes_births: 2.
num_vsnodes_deaths: 0.
num_space_committed: 260.
num_space_uncommitted: 0.
num_chunks_returned_to_freelist: 0.
num_chunks_taken_from_freelist: 702.
num_chunk_merges: 0.
num_chunk_splits: 494.
num_chunks_enlarged: 407.
num_inconsistent_stats: 0.

CodeHeap 'non-profiled nmethods': size=120000Kb used=1883Kb max_used=1883Kb free=118116Kb
 bounds [0x000001e707ad0000, 0x000001e707d40000, 0x000001e70f000000]
CodeHeap 'profiled nmethods': size=120000Kb used=8076Kb max_used=8076Kb free=111923Kb
 bounds [0x000001e700000000, 0x000001e7007f0000, 0x000001e707530000]
CodeHeap 'non-nmethods': size=5760Kb used=1395Kb max_used=1444Kb free=4365Kb
 bounds [0x000001e707530000, 0x000001e7077a0000, 0x000001e707ad0000]
 total_blobs=4431 nmethods=3942 adapters=393
 compilation: enabled
              stopped_count=0, restarted_count=0
 full_count=0

Compilation events (20 events):
Event: 9.080 Thread 0x000001e77d63b5c0 nmethod 3925 0x000001e707ca5790 code [0x000001e707ca5920, 0x000001e707ca5a40]
Event: 9.083 Thread 0x000001e77d63b5c0 3926       3       java.io.File::<init> (20 bytes)
Event: 9.084 Thread 0x000001e77d63b5c0 nmethod 3926 0x000001e7007d4d90 code [0x000001e7007d4f40, 0x000001e7007d5148]
Event: 9.085 Thread 0x000001e77d63b5c0 3927       1       java.util.Formatter$FixedString::index (3 bytes)
Event: 9.094 Thread 0x000001e77d63b5c0 nmethod 3927 0x000001e707ca5a90 code [0x000001e707ca5c20, 0x000001e707ca5ce8]
Event: 9.150 Thread 0x000001e77d63b5c0 3929       1       org.apache.maven.model.Scm::setTag (6 bytes)
Event: 9.150 Thread 0x000001e77d63b5c0 nmethod 3929 0x000001e707ca5d90 code [0x000001e707ca5f20, 0x000001e707ca6038]
Event: 9.169 Thread 0x000001e77d63b5c0 3930       3       org.apache.maven.model.building.DefaultModelBuilder::injectProfileActivations (68 bytes)
Event: 9.170 Thread 0x000001e77d63b5c0 nmethod 3930 0x000001e7007d5210 code [0x000001e7007d5480, 0x000001e7007d6078]
Event: 9.173 Thread 0x000001e77d63b5c0 3931       1       org.apache.maven.model.DistributionManagement::getRelocation (5 bytes)
Event: 9.174 Thread 0x000001e77d63b5c0 nmethod 3931 0x000001e707ca6090 code [0x000001e707ca6220, 0x000001e707ca62f0]
Event: 9.174 Thread 0x000001e77d63b5c0 3932       3       org.apache.maven.model.interpolation.StringVisitorModelInterpolator$ModelVisitor::visit (107 bytes)
Event: 9.175 Thread 0x000001e77d63b5c0 nmethod 3932 0x000001e7007d6390 code [0x000001e7007d65c0, 0x000001e7007d7200]
Event: 9.176 Thread 0x000001e77d63b5c0 3933       1       org.eclipse.aether.util.version.GenericVersionConstraint::getVersion (5 bytes)
Event: 9.176 Thread 0x000001e77d63b5c0 nmethod 3933 0x000001e707ca6390 code [0x000001e707ca6520, 0x000001e707ca65f0]
Event: 9.176 Thread 0x000001e77d63b5c0 3934       3       java.util.LinkedHashSet::<init> (10 bytes)
Event: 9.177 Thread 0x000001e77d63b5c0 nmethod 3934 0x000001e7007d7610 code [0x000001e7007d77e0, 0x000001e7007d7938]
Event: 9.186 Thread 0x000001e77d63b5c0 3935       3       java.lang.invoke.LambdaForm$MH/0x000001e710210400::invoke (42 bytes)
Event: 9.187 Thread 0x000001e77d63b5c0 nmethod 3935 0x000001e7007d7a10 code [0x000001e7007d7c40, 0x000001e7007d8548]
Event: 9.192 Thread 0x000001e77d853070 3928       4       java.util.concurrent.ConcurrentHashMap::putAll (63 bytes)

GC Heap History (4 events):
Event: 2.017 GC heap before
{Heap before GC invocations=0 (full 0):
 garbage-first heap   total 229376K, used 22528K [0x0000000720e00000, 0x0000000800000000)
  region size 2048K, 11 young (22528K), 0 survivors (0K)
 Metaspace       used 5721K, committed 5952K, reserved 1114112K
  class space    used 657K, committed 768K, reserved 1048576K
}
Event: 2.051 GC heap after
{Heap after GC invocations=1 (full 0):
 garbage-first heap   total 229376K, used 3796K [0x0000000720e00000, 0x0000000800000000)
  region size 2048K, 2 young (4096K), 2 survivors (4096K)
 Metaspace       used 5721K, committed 5952K, reserved 1114112K
  class space    used 657K, committed 768K, reserved 1048576K
}
Event: 3.964 GC heap before
{Heap before GC invocations=1 (full 0):
 garbage-first heap   total 229376K, used 34516K [0x0000000720e00000, 0x0000000800000000)
  region size 2048K, 17 young (34816K), 2 survivors (4096K)
 Metaspace       used 10148K, committed 10304K, reserved 1114112K
  class space    used 1205K, committed 1280K, reserved 1048576K
}
Event: 3.973 GC heap after
{Heap after GC invocations=2 (full 0):
 garbage-first heap   total 229376K, used 5879K [0x0000000720e00000, 0x0000000800000000)
  region size 2048K, 1 young (2048K), 1 survivors (2048K)
 Metaspace       used 10148K, committed 10304K, reserved 1114112K
  class space    used 1205K, committed 1280K, reserved 1048576K
}

Dll operation events (8 events):
Event: 0.020 Loaded shared library C:\Program Files\Eclipse Adoptium\jdk-21.0.2.13-hotspot\bin\java.dll
Event: 0.078 Loaded shared library C:\Program Files\Eclipse Adoptium\jdk-21.0.2.13-hotspot\bin\jsvml.dll
Event: 0.121 Loaded shared library C:\Program Files\Eclipse Adoptium\jdk-21.0.2.13-hotspot\bin\net.dll
Event: 0.125 Loaded shared library C:\Program Files\Eclipse Adoptium\jdk-21.0.2.13-hotspot\bin\nio.dll
Event: 0.133 Loaded shared library C:\Program Files\Eclipse Adoptium\jdk-21.0.2.13-hotspot\bin\zip.dll
Event: 0.501 Loaded shared library C:\Program Files\Eclipse Adoptium\jdk-21.0.2.13-hotspot\bin\jimage.dll
Event: 0.539 Loaded shared library C:\Users\Cirilo\.m2\wrapper\dists\apache-maven-3.9.6\834f1afe40575b70b4b2527f4b12df8e\lib\jansi-native\Windows\x86_64\jansi.dll
Event: 0.570 Loaded shared library C:\Program Files\Eclipse Adoptium\jdk-21.0.2.13-hotspot\bin\verify.dll

Deoptimization events (20 events):
Event: 8.787 Thread 0x000001e76b97be30 Uncommon trap: trap_request=0xffffff45 fr.pc=0x000001e707bece4c relative=0x000000000000028c
Event: 8.787 Thread 0x000001e76b97be30 Uncommon trap: reason=unstable_if action=reinterpret pc=0x000001e707bece4c method=java.util.HashMap.hash(Ljava/lang/Object;)I @ 1 c2
Event: 8.787 Thread 0x000001e76b97be30 DEOPT PACKING pc=0x000001e707bece4c sp=0x0000006ab37fe0d0
Event: 8.787 Thread 0x000001e76b97be30 DEOPT UNPACKING pc=0x000001e7075846a2 sp=0x0000006ab37fdf68 mode 2
Event: 8.788 Thread 0x000001e76b97be30 Uncommon trap: trap_request=0xffffff45 fr.pc=0x000001e707bc30d0 relative=0x0000000000000290
Event: 8.788 Thread 0x000001e76b97be30 Uncommon trap: reason=unstable_if action=reinterpret pc=0x000001e707bc30d0 method=java.util.HashMap.hash(Ljava/lang/Object;)I @ 1 c2
Event: 8.788 Thread 0x000001e76b97be30 DEOPT PACKING pc=0x000001e707bc30d0 sp=0x0000006ab37fe060
Event: 8.788 Thread 0x000001e76b97be30 DEOPT UNPACKING pc=0x000001e7075846a2 sp=0x0000006ab37fdf68 mode 2
Event: 8.788 Thread 0x000001e76b97be30 Uncommon trap: trap_request=0xffffff45 fr.pc=0x000001e707baf5d0 relative=0x00000000000000b0
Event: 8.788 Thread 0x000001e76b97be30 Uncommon trap: reason=unstable_if action=reinterpret pc=0x000001e707baf5d0 method=java.util.HashMap.hash(Ljava/lang/Object;)I @ 1 c2
Event: 8.788 Thread 0x000001e76b97be30 DEOPT PACKING pc=0x000001e707baf5d0 sp=0x0000006ab37fdfd0
Event: 8.788 Thread 0x000001e76b97be30 DEOPT UNPACKING pc=0x000001e7075846a2 sp=0x0000006ab37fdf68 mode 2
Event: 9.136 Thread 0x000001e76b97be30 DEOPT PACKING pc=0x000001e7005aaf34 sp=0x0000006ab37fcbb0
Event: 9.136 Thread 0x000001e76b97be30 DEOPT UNPACKING pc=0x000001e707584e42 sp=0x0000006ab37fc108 mode 0
Event: 9.136 Thread 0x000001e76b97be30 DEOPT PACKING pc=0x000001e700782e7d sp=0x0000006ab37fcfe0
Event: 9.137 Thread 0x000001e76b97be30 DEOPT UNPACKING pc=0x000001e707584e42 sp=0x0000006ab37fc520 mode 0
Event: 9.151 Thread 0x000001e76b97be30 Uncommon trap: trap_request=0xffffffcc fr.pc=0x000001e707c3c3f8 relative=0x00000000000007b8
Event: 9.151 Thread 0x000001e76b97be30 Uncommon trap: reason=intrinsic_or_type_checked_inlining action=make_not_entrant pc=0x000001e707c3c3f8 method=org.apache.maven.model.Dependency.getManagementKey()Ljava/lang/String; @ 8 c2
Event: 9.151 Thread 0x000001e76b97be30 DEOPT PACKING pc=0x000001e707c3c3f8 sp=0x0000006ab37fd530
Event: 9.151 Thread 0x000001e76b97be30 DEOPT UNPACKING pc=0x000001e7075846a2 sp=0x0000006ab37fd508 mode 2

Classes loaded (20 events):
Event: 6.008 Loading class java/util/AbstractMap$2$1
Event: 6.008 Loading class java/util/AbstractMap$2$1 done
Event: 6.035 Loading class java/util/Formatter$FixedString
Event: 6.035 Loading class java/util/Formatter$FixedString done
Event: 6.126 Loading class java/util/stream/MatchOps$MatchKind
Event: 6.127 Loading class java/util/stream/MatchOps$MatchKind done
Event: 6.127 Loading class java/util/stream/MatchOps
Event: 6.127 Loading class java/util/stream/MatchOps done
Event: 6.127 Loading class java/util/stream/MatchOps$MatchOp
Event: 6.127 Loading class java/util/stream/MatchOps$MatchOp done
Event: 6.127 Loading class java/util/stream/MatchOps$BooleanTerminalSink
Event: 6.128 Loading class java/util/stream/MatchOps$BooleanTerminalSink done
Event: 6.128 Loading class java/util/stream/MatchOps$1MatchSink
Event: 6.129 Loading class java/util/stream/MatchOps$1MatchSink done
Event: 6.722 Loading class java/util/ComparableTimSort
Event: 6.723 Loading class java/util/ComparableTimSort done
Event: 7.985 Loading class sun/nio/cs/ISO_8859_1$Decoder
Event: 7.986 Loading class sun/nio/cs/ISO_8859_1$Decoder done
Event: 8.184 Loading class java/util/Collections$UnmodifiableList$1
Event: 8.184 Loading class java/util/Collections$UnmodifiableList$1 done

Classes unloaded (0 events):
No events

Classes redefined (0 events):
No events

Internal exceptions (20 events):
Event: 4.167 Thread 0x000001e76b97be30 Exception <a 'java/lang/NoSuchMethodError'{0x000000072eacf9a8}: 'void java.lang.invoke.DirectMethodHandle$Holder.invokeStaticInit(java.lang.Object, java.lang.Object, java.lang.Object)'> (0x000000072eacf9a8) 
thrown [s\src\hotspot\share\interpreter\linkResolver.cpp, line 773]
Event: 4.181 Thread 0x000001e76b97be30 Exception <a 'java/lang/ExceptionInInitializerError'{0x000000072eaf80f8}> (0x000000072eaf80f8) 
thrown [s\src\hotspot\share\oops\instanceKlass.cpp, line 1180]
Event: 4.258 Thread 0x000001e76b97be30 Exception <a 'java/lang/NoSuchMethodError'{0x000000072e803760}: 'long java.lang.invoke.DirectMethodHandle$Holder.invokeStatic(java.lang.Object, java.lang.Object, int)'> (0x000000072e803760) 
thrown [s\src\hotspot\share\interpreter\linkResolver.cpp, line 773]
Event: 4.262 Thread 0x000001e76b97be30 Exception <a 'java/lang/NoSuchMethodError'{0x000000072e816a60}: 'java.lang.Object java.lang.invoke.DirectMethodHandle$Holder.invokeStatic(java.lang.Object, java.lang.Object, java.lang.Object, java.lang.Object, int)'> (0x000000072e816a60) 
thrown [s\src\hotspot\share\interpreter\linkResolver.cpp, line 773]
Event: 4.265 Thread 0x000001e76b97be30 Exception <a 'java/lang/NoSuchMethodError'{0x000000072e81e978}: 'java.lang.Object java.lang.invoke.DirectMethodHandle$Holder.invokeSpecial(java.lang.Object, java.lang.Object, java.lang.Object, java.lang.Object, long)'> (0x000000072e81e978) 
thrown [s\src\hotspot\share\interpreter\linkResolver.cpp, line 773]
Event: 4.273 Thread 0x000001e76b97be30 Exception <a 'java/lang/NoSuchMethodError'{0x000000072e82a468}: 'java.lang.Object java.lang.invoke.DirectMethodHandle$Holder.invokeSpecial(java.lang.Object, java.lang.Object, java.lang.Object, int, java.lang.Object)'> (0x000000072e82a468) 
thrown [s\src\hotspot\share\interpreter\linkResolver.cpp, line 773]
Event: 4.280 Thread 0x000001e76b97be30 Exception <a 'java/lang/NoSuchMethodError'{0x000000072e832588}: 'int java.lang.invoke.DirectMethodHandle$Holder.invokeSpecial(java.lang.Object, java.lang.Object, java.lang.Object, int)'> (0x000000072e832588) 
thrown [s\src\hotspot\share\interpreter\linkResolver.cpp, line 773]
Event: 4.292 Thread 0x000001e76b97be30 Implicit null exception at 0x000001e707b5ab5d to 0x000001e707b5ad50
Event: 4.298 Thread 0x000001e76b97be30 Exception <a 'java/lang/NoSuchMethodError'{0x000000072e856958}: 'java.lang.Object java.lang.invoke.Invokers$Holder.invokeExact_MT(java.lang.Object, int, java.lang.Object)'> (0x000000072e856958) 
thrown [s\src\hotspot\share\interpreter\linkResolver.cpp, line 773]
Event: 4.323 Thread 0x000001e76b97be30 Exception <a 'java/lang/NoSuchMethodError'{0x000000072e8b8e88}: 'void java.lang.invoke.DirectMethodHandle$Holder.invokeStatic(java.lang.Object, java.lang.Object)'> (0x000000072e8b8e88) 
thrown [s\src\hotspot\share\interpreter\linkResolver.cpp, line 773]
Event: 4.996 Thread 0x000001e76b97be30 Exception <a 'java/lang/NoSuchMethodError'{0x000000072e0318a0}: 'void java.lang.invoke.Invokers$Holder.invokeExact_MT(java.lang.Object, java.lang.Object, java.lang.Object, java.lang.Object)'> (0x000000072e0318a0) 
thrown [s\src\hotspot\share\interpreter\linkResolver.cpp, line 773]
Event: 5.064 Thread 0x000001e76b97be30 Exception <a 'java/lang/NoClassDefFoundError'{0x000000072e0bd330}: com/google/inject/servlet/ServletModuleTargetVisitor> (0x000000072e0bd330) 
thrown [s\src\hotspot\share\classfile\systemDictionary.cpp, line 301]
Event: 5.244 Thread 0x000001e76b97be30 Exception <a 'java/lang/NoSuchMethodError'{0x000000072de7e1c0}: 'void java.lang.invoke.DirectMethodHandle$Holder.invokeVirtual(java.lang.Object, java.lang.Object)'> (0x000000072de7e1c0) 
thrown [s\src\hotspot\share\interpreter\linkResolver.cpp, line 773]
Event: 5.337 Thread 0x000001e76b97be30 Exception <a 'java/lang/NoSuchMethodError'{0x000000072defcef8}: 'java.lang.Object java.lang.invoke.DirectMethodHandle$Holder.invokeStaticInit(java.lang.Object, int, int, int, int)'> (0x000000072defcef8) 
thrown [s\src\hotspot\share\interpreter\linkResolver.cpp, line 773]
Event: 5.852 Thread 0x000001e76b97be30 Exception <a 'java/lang/NoSuchMethodError'{0x000000072d890e58}: 'void java.lang.invoke.DirectMethodHandle$Holder.invokeVirtual(java.lang.Object, java.lang.Object, int)'> (0x000000072d890e58) 
thrown [s\src\hotspot\share\interpreter\linkResolver.cpp, line 773]
Event: 5.854 Thread 0x000001e76b97be30 Exception <a 'java/lang/NoSuchMethodError'{0x000000072d897e28}: 'void java.lang.invoke.DelegatingMethodHandle$Holder.reinvoke_L(java.lang.Object, java.lang.Object, int)'> (0x000000072d897e28) 
thrown [s\src\hotspot\share\interpreter\linkResolver.cpp, line 773]
Event: 8.787 Thread 0x000001e76b97be30 Implicit null exception at 0x000001e707becc1d to 0x000001e707bece34
Event: 8.788 Thread 0x000001e76b97be30 Implicit null exception at 0x000001e707bc2e9d to 0x000001e707bc30b8
Event: 8.788 Thread 0x000001e76b97be30 Implicit null exception at 0x000001e707baf53d to 0x000001e707baf5c1
Event: 9.009 Thread 0x000001e76b97be30 Exception <a 'java/lang/NoSuchMethodError'{0x000000072a89ea90}: 'java.lang.Object java.lang.invoke.DirectMethodHandle$Holder.newInvokeSpecial(java.lang.Object, java.lang.Object, java.lang.Object, java.lang.Object, java.lang.Object, java.lang.Object, java.lang.Object)'> (0x000000072a89ea90) 
thrown [s\src\hotspot\share\interpreter\linkResolver.cpp, line 773]

ZGC Phase Switch (0 events):
No events

VM Operations (20 events):
Event: 4.947 Executing VM operation: ICBufferFull
Event: 4.947 Executing VM operation: ICBufferFull done
Event: 4.954 Executing VM operation: HandshakeAllThreads (Deoptimize)
Event: 4.954 Executing VM operation: HandshakeAllThreads (Deoptimize) done
Event: 5.278 Executing VM operation: HandshakeAllThreads (Deoptimize)
Event: 5.278 Executing VM operation: HandshakeAllThreads (Deoptimize) done
Event: 5.370 Executing VM operation: HandshakeAllThreads (Deoptimize)
Event: 5.370 Executing VM operation: HandshakeAllThreads (Deoptimize) done
Event: 5.456 Executing VM operation: HandshakeAllThreads (Deoptimize)
Event: 5.456 Executing VM operation: HandshakeAllThreads (Deoptimize) done
Event: 5.605 Executing VM operation: HandshakeAllThreads (Deoptimize)
Event: 5.605 Executing VM operation: HandshakeAllThreads (Deoptimize) done
Event: 5.850 Executing VM operation: ICBufferFull
Event: 5.850 Executing VM operation: ICBufferFull done
Event: 6.547 Executing VM operation: ICBufferFull
Event: 6.547 Executing VM operation: ICBufferFull done
Event: 7.549 Executing VM operation: Cleanup
Event: 7.550 Executing VM operation: Cleanup done
Event: 8.562 Executing VM operation: Cleanup
Event: 8.563 Executing VM operation: Cleanup done

Events (20 events):
Event: 0.045 Thread 0x000001e76b97be30 Thread added: 0x000001e76b97be30
Event: 0.074 Thread 0x000001e77d61b8d0 Thread added: 0x000001e77d61b8d0
Event: 0.074 Thread 0x000001e77d61c7f0 Thread added: 0x000001e77d61c7f0
Event: 0.075 Thread 0x000001e77d622930 Thread added: 0x000001e77d622930
Event: 0.075 Thread 0x000001e77d626b10 Thread added: 0x000001e77d626b10
Event: 0.075 Thread 0x000001e77d627570 Thread added: 0x000001e77d627570
Event: 0.075 Thread 0x000001e77d627fd0 Thread added: 0x000001e77d627fd0
Event: 0.076 Thread 0x000001e77d638b10 Thread added: 0x000001e77d638b10
Event: 0.076 Thread 0x000001e77d63b5c0 Thread added: 0x000001e77d63b5c0
Event: 0.110 Thread 0x000001e77d8d8420 Thread added: 0x000001e77d8d8420
Event: 0.114 Thread 0x000001e77d8db280 Thread added: 0x000001e77d8db280
Event: 1.833 Thread 0x000001e77dcd2630 Thread added: 0x000001e77dcd2630
Event: 1.881 Thread 0x000001e77e388900 Thread added: 0x000001e77e388900
Event: 2.335 Thread 0x000001e77e388900 Thread exited: 0x000001e77e388900
Event: 3.343 Thread 0x000001e77dcd2630 Thread exited: 0x000001e77dcd2630
Event: 5.246 Thread 0x000001e77ed4f3d0 Thread added: 0x000001e77ed4f3d0
Event: 8.558 Thread 0x000001e77ed4f3d0 Thread exited: 0x000001e77ed4f3d0
Event: 8.803 Thread 0x000001e77dd63eb0 Thread added: 0x000001e77dd63eb0
Event: 8.948 Thread 0x000001e77dd63eb0 Thread exited: 0x000001e77dd63eb0
Event: 9.150 Thread 0x000001e77d853070 Thread added: 0x000001e77d853070


Dynamic libraries:
0x00007ff786d30000 - 0x00007ff786d3e000 	C:\Program Files\Eclipse Adoptium\jdk-21.0.2.13-hotspot\bin\java.exe
0x00007ffb90710000 - 0x00007ffb90927000 	C:\Windows\SYSTEM32\ntdll.dll
0x00007ffb8f5e0000 - 0x00007ffb8f6a4000 	C:\Windows\System32\KERNEL32.DLL
0x00007ffb8dc30000 - 0x00007ffb8dfe7000 	C:\Windows\System32\KERNELBASE.dll
0x00007ffb8e090000 - 0x00007ffb8e1a1000 	C:\Windows\System32\ucrtbase.dll
0x00007ffb88920000 - 0x00007ffb88938000 	C:\Program Files\Eclipse Adoptium\jdk-21.0.2.13-hotspot\bin\jli.dll
0x00007ffb89200000 - 0x00007ffb8921b000 	C:\Program Files\Eclipse Adoptium\jdk-21.0.2.13-hotspot\bin\VCRUNTIME140.dll
0x00007ffb8f0b0000 - 0x00007ffb8f25f000 	C:\Windows\System32\USER32.dll
0x00007ffb7b540000 - 0x00007ffb7b7d3000 	C:\Windows\WinSxS\amd64_microsoft.windows.common-controls_6595b64144ccf1df_6.0.22621.3672_none_2713b9d173822955\COMCTL32.dll
0x00007ffb8dc00000 - 0x00007ffb8dc26000 	C:\Windows\System32\win32u.dll
0x00007ffb90140000 - 0x00007ffb901e7000 	C:\Windows\System32\msvcrt.dll
0x00007ffb90590000 - 0x00007ffb905b9000 	C:\Windows\System32\GDI32.dll
0x00007ffb8e320000 - 0x00007ffb8e438000 	C:\Windows\System32\gdi32full.dll
0x00007ffb8dff0000 - 0x00007ffb8e08a000 	C:\Windows\System32\msvcp_win.dll
0x00007ffb8efe0000 - 0x00007ffb8f011000 	C:\Windows\System32\IMM32.DLL
0x00007ffb88910000 - 0x00007ffb8891c000 	C:\Program Files\Eclipse Adoptium\jdk-21.0.2.13-hotspot\bin\vcruntime140_1.dll
0x00007ffb88880000 - 0x00007ffb8890e000 	C:\Program Files\Eclipse Adoptium\jdk-21.0.2.13-hotspot\bin\msvcp140.dll
0x00007ffafd630000 - 0x00007ffafe3b3000 	C:\Program Files\Eclipse Adoptium\jdk-21.0.2.13-hotspot\bin\server\jvm.dll
0x00007ffb8ea50000 - 0x00007ffb8eb02000 	C:\Windows\System32\ADVAPI32.dll
0x00007ffb8e440000 - 0x00007ffb8e4e8000 	C:\Windows\System32\sechost.dll
0x00007ffb8e1b0000 - 0x00007ffb8e1d8000 	C:\Windows\System32\bcrypt.dll
0x00007ffb8f4a0000 - 0x00007ffb8f5b4000 	C:\Windows\System32\RPCRT4.dll
0x00007ffb8ff30000 - 0x00007ffb8ffa1000 	C:\Windows\System32\WS2_32.dll
0x00007ffb8c890000 - 0x00007ffb8c8dd000 	C:\Windows\SYSTEM32\POWRPROF.dll
0x00007ffb88540000 - 0x00007ffb88574000 	C:\Windows\SYSTEM32\WINMM.dll
0x00007ffb842c0000 - 0x00007ffb842ca000 	C:\Windows\SYSTEM32\VERSION.dll
0x00007ffb8c870000 - 0x00007ffb8c883000 	C:\Windows\SYSTEM32\UMPDC.dll
0x00007ffb8cb20000 - 0x00007ffb8cb38000 	C:\Windows\SYSTEM32\kernel.appcore.dll
0x00007ffb88870000 - 0x00007ffb8887a000 	C:\Program Files\Eclipse Adoptium\jdk-21.0.2.13-hotspot\bin\jimage.dll
0x00007ffb83480000 - 0x00007ffb836b2000 	C:\Windows\SYSTEM32\DBGHELP.DLL
0x00007ffb8e4f0000 - 0x00007ffb8e87e000 	C:\Windows\System32\combase.dll
0x00007ffb904b0000 - 0x00007ffb90587000 	C:\Windows\System32\OLEAUT32.dll
0x00007ffb73f30000 - 0x00007ffb73f62000 	C:\Windows\SYSTEM32\dbgcore.DLL
0x00007ffb8e1e0000 - 0x00007ffb8e25b000 	C:\Windows\System32\bcryptPrimitives.dll
0x00007ffb88850000 - 0x00007ffb8886f000 	C:\Program Files\Eclipse Adoptium\jdk-21.0.2.13-hotspot\bin\java.dll
0x00007ffb8f6c0000 - 0x00007ffb8ff29000 	C:\Windows\System32\SHELL32.dll
0x00007ffb8b950000 - 0x00007ffb8c24f000 	C:\Windows\SYSTEM32\windows.storage.dll
0x00007ffb8b810000 - 0x00007ffb8b94f000 	C:\Windows\SYSTEM32\wintypes.dll
0x00007ffb8e8f0000 - 0x00007ffb8e9e9000 	C:\Windows\System32\SHCORE.dll
0x00007ffb8e890000 - 0x00007ffb8e8ee000 	C:\Windows\System32\shlwapi.dll
0x00007ffb8d950000 - 0x00007ffb8d977000 	C:\Windows\SYSTEM32\profapi.dll
0x00007ffb2c5d0000 - 0x00007ffb2c6a7000 	C:\Program Files\Eclipse Adoptium\jdk-21.0.2.13-hotspot\bin\jsvml.dll
0x00007ffb7ba10000 - 0x00007ffb7ba20000 	C:\Program Files\Eclipse Adoptium\jdk-21.0.2.13-hotspot\bin\net.dll
0x00007ffb88ce0000 - 0x00007ffb88e16000 	C:\Windows\SYSTEM32\WINHTTP.dll
0x00007ffb8cf90000 - 0x00007ffb8cff9000 	C:\Windows\system32\mswsock.dll
0x00007ffb76b20000 - 0x00007ffb76b36000 	C:\Program Files\Eclipse Adoptium\jdk-21.0.2.13-hotspot\bin\nio.dll
0x00007ffb72e10000 - 0x00007ffb72e28000 	C:\Program Files\Eclipse Adoptium\jdk-21.0.2.13-hotspot\bin\zip.dll
0x0000000069ac0000 - 0x0000000069ae4000 	C:\Users\Cirilo\.m2\wrapper\dists\apache-maven-3.9.6\834f1afe40575b70b4b2527f4b12df8e\lib\jansi-native\Windows\x86_64\jansi.dll
0x00007ffb88830000 - 0x00007ffb88840000 	C:\Program Files\Eclipse Adoptium\jdk-21.0.2.13-hotspot\bin\verify.dll

dbghelp: loaded successfully - version: 4.0.5 - missing functions: none
symbol engine: initialized successfully - sym options: 0x614 - pdb path: .;C:\Program Files\Eclipse Adoptium\jdk-21.0.2.13-hotspot\bin;C:\Windows\SYSTEM32;C:\Windows\WinSxS\amd64_microsoft.windows.common-controls_6595b64144ccf1df_6.0.22621.3672_none_2713b9d173822955;C:\Program Files\Eclipse Adoptium\jdk-21.0.2.13-hotspot\bin\server;C:\Users\Cirilo\.m2\wrapper\dists\apache-maven-3.9.6\834f1afe40575b70b4b2527f4b12df8e\lib\jansi-native\Windows\x86_64

VM Arguments:
jvm_args: -Dclassworlds.conf=C:\Users\Cirilo\.m2\wrapper\dists\apache-maven-3.9.6\834f1afe40575b70b4b2527f4b12df8e\bin\m2.conf -Dmaven.home=C:\Users\Cirilo\.m2\wrapper\dists\apache-maven-3.9.6\834f1afe40575b70b4b2527f4b12df8e -Dlibrary.jansi.path=C:\Users\Cirilo\.m2\wrapper\dists\apache-maven-3.9.6\834f1afe40575b70b4b2527f4b12df8e\lib\jansi-native -Dmaven.multiModuleProjectDirectory=C:\Users\Cirilo\Documents\testes-automatizados 
java_command: org.codehaus.plexus.classworlds.launcher.Launcher compile
java_class_path (initial): C:\Users\Cirilo\.m2\wrapper\dists\apache-maven-3.9.6\834f1afe40575b70b4b2527f4b12df8e\boot\plexus-classworlds-2.7.0.jar
Launcher Type: SUN_STANDARD

[Global flags]
     intx CICompilerCount                          = 4                                         {product} {ergonomic}
     uint ConcGCThreads                            = 2                                         {product} {ergonomic}
     uint G1ConcRefinementThreads                  = 8                                         {product} {ergonomic}
   size_t G1HeapRegionSize                         = 2097152                                   {product} {ergonomic}
    uintx GCDrainStackTargetSize                   = 64                                        {product} {ergonomic}
   size_t InitialHeapSize                          = 234881024                                 {product} {ergonomic}
   size_t MarkStackSize                            = 4194304                                   {product} {ergonomic}
   size_t MaxHeapSize                              = 3743416320                                {product} {ergonomic}
   size_t MaxNewSize                               = 2246049792                                {product} {ergonomic}
   size_t MinHeapDeltaBytes                        = 2097152                                   {product} {ergonomic}
   size_t MinHeapSize                              = 8388608                                   {product} {ergonomic}
    uintx NonNMethodCodeHeapSize                   = 5839372                                {pd product} {ergonomic}
    uintx NonProfiledCodeHeapSize                  = 122909434                              {pd product} {ergonomic}
    uintx ProfiledCodeHeapSize                     = 122909434                              {pd product} {ergonomic}
    uintx ReservedCodeCacheSize                    = 251658240                              {pd product} {ergonomic}
     bool SegmentedCodeCache                       = true                                      {product} {ergonomic}
   size_t SoftMaxHeapSize                          = 3743416320                             {manageable} {ergonomic}
     bool UseCompressedOops                        = true                           {product lp64_product} {ergonomic}
     bool UseG1GC                                  = true                                      {product} {ergonomic}
     bool UseLargePagesIndividualAllocation        = false                                  {pd product} {ergonomic}

Logging:
Log output configuration:
 #0: stdout all=warning uptime,level,tags foldmultilines=false
 #1: stderr all=off uptime,level,tags foldmultilines=false

Environment Variables:
JAVA_HOME=C:\Program Files\Eclipse Adoptium\jdk-21.0.2.13-hotspot\
PATH=C:\Program Files\Eclipse Adoptium\jdk-21.0.2.13-hotspot\bin;C:\Windows\system32;C:\Windows;C:\Windows\System32\Wbem;C:\Windows\System32\WindowsPowerShell\v1.0\;C:\Windows\System32\OpenSSH\;C:\Program Files\Git\cmd;C:\Program Files\Docker\Docker\resources\bin;C:\Program Files\nodejs\;C:\Program Files\NVIDIA Corporation\NVIDIA NvDLISR;C:\Users\Cirilo\Downloads\apache-maven-3.9.6\bin;C:\Program Files\dotnet\;C:\Program Files\Microsoft SQL Server\150\Tools\Binn\;C:\Program Files\Microsoft SQL Server\Client SDK\ODBC\170\Tools\Binn\;C:\Program Files\GitHub CLI\;C:\Program Files (x86)\NVIDIA Corporation\PhysX\Common;C:\ProgramData\chocolatey\bin;C:\Program Files\PuTTY\;C:\Users\Cirilo\AppData\Local\Microsoft\WindowsApps;C:\Users\Cirilo\AppData\Local\GitHubDesktop\bin;C:\Users\Cirilo\AppData\Local\Programs\Microsoft VS Code\bin;C:\Users\Cirilo\AppData\Roaming\npm;C:\Users\Cirilo\.dotnet\tools
USERNAME=Cirilo
OS=Windows_NT
PROCESSOR_IDENTIFIER=AMD64 Family 23 Model 24 Stepping 1, AuthenticAMD
TMP=C:\Users\Cirilo\AppData\Local\Temp
TEMP=C:\Users\Cirilo\AppData\Local\Temp




Periodic native trim disabled

---------------  S Y S T E M  ---------------

OS:
 Windows 11 , 64 bit Build 22621 (10.0.22621.3958)
OS uptime: 16 days 13:42 hours
Hyper-V role detected

CPU: total 8 (initial active 8) (8 cores per cpu, 2 threads per core) family 23 model 24 stepping 1 microcode 0x0, cx8, cmov, fxsr, ht, mmx, 3dnowpref, sse, sse2, sse3, ssse3, sse4a, sse4.1, sse4.2, popcnt, lzcnt, tsc, tscinvbit, avx, avx2, aes, clmul, bmi1, bmi2, adx, sha, fma, vzeroupper, clflush, clflushopt, hv, rdtscp, f16c
Processor Information for all 8 processors :
  Max Mhz: 2100, Current Mhz: 2100, Mhz Limit: 2100

Memory: 4k page, system-wide physical 14274M (420M free)
TotalPageFile size 57282M (AvailPageFile size 7M)
current process WorkingSet (physical memory assigned to process): 164M, peak: 164M
current process commit charge ("private bytes"): 354M, peak: 356M

vm_info: OpenJDK 64-Bit Server VM (21.0.2+13-LTS) for windows-amd64 JRE (21.0.2+13-LTS), built on 2024-01-16T00:00:00Z by "admin" with unknown MS VC++:1937

END.
