#
# There is insufficient memory for the Java Runtime Environment to continue.
# Native memory allocation (malloc) failed to allocate 727936 bytes for Chunk::new
# Possible reasons:
#   The system is out of physical RAM or swap space
#   The process is running with CompressedOops enabled, and the Java Heap may be blocking the growth of the native heap
# Possible solutions:
#   Reduce memory load on the system
#   Increase physical memory or swap space
#   Check if swap backing store is full
#   Decrease Java heap size (-Xmx/-Xms)
#   Decrease number of Java threads
#   Decrease Java thread stack sizes (-Xss)
#   Set larger code cache with -XX:ReservedCodeCacheSize=
#   JVM is running with Zero Based Compressed Oops mode in which the Java heap is
#     placed in the first 32GB address space. The Java Heap base address is the
#     maximum limit for the native heap growth. Please use -XX:HeapBaseMinAddress
#     to set the Java Heap base and to place the Java Heap above 32GB virtual address.
# This output file may be truncated or incomplete.
#
#  Out of Memory Error (arena.cpp:168), pid=38832, tid=12556
#
# JRE version: OpenJDK Runtime Environment Temurin-21.0.2+13 (21.0.2+13) (build 21.0.2+13-LTS)
# Java VM: OpenJDK 64-Bit Server VM Temurin-21.0.2+13 (21.0.2+13-LTS, mixed mode, sharing, tiered, compressed oops, compressed class ptrs, g1 gc, windows-amd64)
# No core dump will be written. Minidumps are not enabled by default on client versions of Windows
#

---------------  S U M M A R Y ------------

Command Line: -Dclassworlds.conf=C:\Users\Cirilo\.m2\wrapper\dists\apache-maven-3.9.6\834f1afe40575b70b4b2527f4b12df8e\bin\m2.conf -Dmaven.home=C:\Users\Cirilo\.m2\wrapper\dists\apache-maven-3.9.6\834f1afe40575b70b4b2527f4b12df8e -Dlibrary.jansi.path=C:\Users\Cirilo\.m2\wrapper\dists\apache-maven-3.9.6\834f1afe40575b70b4b2527f4b12df8e\lib\jansi-native -Dmaven.multiModuleProjectDirectory=C:\Users\Cirilo\Documents\testes-automatizados org.codehaus.plexus.classworlds.launcher.Launcher test

Host: AMD Ryzen 5 3550H with Radeon Vega Mobile Gfx  , 8 cores, 13G,  Windows 11 , 64 bit Build 22621 (10.0.22621.3958)
Time: Thu Oct 31 03:14:05 2024 Hora oficial do Brasil elapsed time: 9.245306 seconds (0d 0h 0m 9s)

---------------  T H R E A D  ---------------

Current thread (0x00000194f69ee3f0):  JavaThread "C2 CompilerThread0" daemon [_thread_in_native, id=12556, stack(0x00000084adb00000,0x00000084adc00000) (1024K)]


Current CompileTask:
C2:   9245 3771   !   4       org.codehaus.plexus.interpolation.StringSearchInterpolator::interpolate (668 bytes)

Stack: [0x00000084adb00000,0x00000084adc00000]
Native frames: (J=compiled Java code, j=interpreted, Vv=VM code, C=native code)
V  [jvm.dll+0x6c94f9]
V  [jvm.dll+0x8a3c21]
V  [jvm.dll+0x8a614e]
V  [jvm.dll+0x8a6823]
V  [jvm.dll+0x27fa86]
V  [jvm.dll+0xc4a2d]
V  [jvm.dll+0xc4f63]
V  [jvm.dll+0x2f278f]
V  [jvm.dll+0x5f2c9a]
V  [jvm.dll+0x25112f]
V  [jvm.dll+0x24991c]
V  [jvm.dll+0x24747b]
V  [jvm.dll+0x1c847e]
V  [jvm.dll+0x256db9]
V  [jvm.dll+0x25538a]
V  [jvm.dll+0x3ed0d6]
V  [jvm.dll+0x84cb3b]
V  [jvm.dll+0x6c7c2d]
C  [ucrtbase.dll+0x29333]
C  [KERNEL32.DLL+0x1257d]
C  [ntdll.dll+0x5af08]


---------------  P R O C E S S  ---------------

Threads class SMR info:
_java_thread_list=0x00000194fb3e54c0, length=12, elements={
0x00000194d604f7b0, 0x00000194f69dfb70, 0x00000194f69e0a90, 0x00000194f69e7720,
0x00000194f69ea190, 0x00000194f69eabf0, 0x00000194f69ed660, 0x00000194f69ee3f0,
0x00000194f69f2eb0, 0x00000194f6c63bf0, 0x00000194f6c66430, 0x00000194fb4eab70
}

Java Threads: ( => current thread )
  0x00000194d604f7b0 JavaThread "main"                              [_thread_in_native, id=9280, stack(0x00000084acd00000,0x00000084ace00000) (1024K)]
  0x00000194f69dfb70 JavaThread "Reference Handler"          daemon [_thread_blocked, id=41188, stack(0x00000084ad500000,0x00000084ad600000) (1024K)]
  0x00000194f69e0a90 JavaThread "Finalizer"                  daemon [_thread_blocked, id=40388, stack(0x00000084ad600000,0x00000084ad700000) (1024K)]
  0x00000194f69e7720 JavaThread "Signal Dispatcher"          daemon [_thread_blocked, id=39324, stack(0x00000084ad700000,0x00000084ad800000) (1024K)]
  0x00000194f69ea190 JavaThread "Attach Listener"            daemon [_thread_blocked, id=38772, stack(0x00000084ad800000,0x00000084ad900000) (1024K)]
  0x00000194f69eabf0 JavaThread "Service Thread"             daemon [_thread_blocked, id=7788, stack(0x00000084ad900000,0x00000084ada00000) (1024K)]
  0x00000194f69ed660 JavaThread "Monitor Deflation Thread"   daemon [_thread_blocked, id=41264, stack(0x00000084ada00000,0x00000084adb00000) (1024K)]
=>0x00000194f69ee3f0 JavaThread "C2 CompilerThread0"         daemon [_thread_in_native, id=12556, stack(0x00000084adb00000,0x00000084adc00000) (1024K)]
  0x00000194f69f2eb0 JavaThread "C1 CompilerThread0"         daemon [_thread_blocked, id=9660, stack(0x00000084adc00000,0x00000084add00000) (1024K)]
  0x00000194f6c63bf0 JavaThread "Notification Thread"        daemon [_thread_blocked, id=38636, stack(0x00000084add00000,0x00000084ade00000) (1024K)]
  0x00000194f6c66430 JavaThread "Common-Cleaner"             daemon [_thread_blocked, id=41292, stack(0x00000084ade00000,0x00000084adf00000) (1024K)]
  0x00000194fb4eab70 JavaThread "C2 CompilerThread1"         daemon [_thread_in_native, id=41560, stack(0x00000084adf00000,0x00000084ae000000) (1024K)]
Total: 12

Other Threads:
  0x00000194f69c5db0 VMThread "VM Thread"                           [id=37192, stack(0x00000084ad400000,0x00000084ad500000) (1024K)]
  0x00000194f69ad770 WatcherThread "VM Periodic Task Thread"        [id=4060, stack(0x00000084ad300000,0x00000084ad400000) (1024K)]
  0x00000194d60a4a90 WorkerThread "GC Thread#0"                     [id=13744, stack(0x00000084ace00000,0x00000084acf00000) (1024K)]
  0x00000194fb73b270 WorkerThread "GC Thread#1"                     [id=40520, stack(0x00000084ae000000,0x00000084ae100000) (1024K)]
  0x00000194fb73b610 WorkerThread "GC Thread#2"                     [id=41692, stack(0x00000084ae100000,0x00000084ae200000) (1024K)]
  0x00000194fba33820 WorkerThread "GC Thread#3"                     [id=38044, stack(0x00000084ae200000,0x00000084ae300000) (1024K)]
  0x00000194fba33bc0 WorkerThread "GC Thread#4"                     [id=38580, stack(0x00000084ae300000,0x00000084ae400000) (1024K)]
  0x00000194fb8693e0 WorkerThread "GC Thread#5"                     [id=27676, stack(0x00000084ae400000,0x00000084ae500000) (1024K)]
  0x00000194fbb4faf0 WorkerThread "GC Thread#6"                     [id=35244, stack(0x00000084ae500000,0x00000084ae600000) (1024K)]
  0x00000194fb7b7390 WorkerThread "GC Thread#7"                     [id=17080, stack(0x00000084ae600000,0x00000084ae700000) (1024K)]
  0x00000194d60b4190 ConcurrentGCThread "G1 Main Marker"            [id=15452, stack(0x00000084acf00000,0x00000084ad000000) (1024K)]
  0x00000194d60b4c90 WorkerThread "G1 Conc#0"                       [id=17060, stack(0x00000084ad000000,0x00000084ad100000) (1024K)]
  0x00000194f687c120 ConcurrentGCThread "G1 Refine#0"               [id=11504, stack(0x00000084ad100000,0x00000084ad200000) (1024K)]
  0x00000194f687caa0 ConcurrentGCThread "G1 Service"                [id=6724, stack(0x00000084ad200000,0x00000084ad300000) (1024K)]
Total: 14

Threads with active compile tasks:
C2 CompilerThread0     9293 3771   !   4       org.codehaus.plexus.interpolation.StringSearchInterpolator::interpolate (668 bytes)
C2 CompilerThread1     9293 3800       4       org.codehaus.plexus.util.xml.pull.MXParser::nextImpl (1203 bytes)
Total: 2

VM state: not at safepoint (normal execution)

VM Mutex/Monitor currently owned by a thread: None

Heap address: 0x0000000720e00000, size: 3570 MB, Compressed Oops mode: Zero based, Oop shift amount: 3

CDS archive(s) mapped at: [0x0000019480000000-0x0000019480c90000-0x0000019480c90000), size 13172736, SharedBaseAddress: 0x0000019480000000, ArchiveRelocationMode: 1.
Compressed class space mapped at: 0x0000019481000000-0x00000194c1000000, reserved size: 1073741824
Narrow klass base: 0x0000019480000000, Narrow klass shift: 0, Narrow klass range: 0x100000000

GC Precious Log:
 CardTable entry size: 512
 Card Set container configuration: InlinePtr #cards 4 size 8 Array Of Cards #cards 16 size 48 Howl #buckets 8 coarsen threshold 3686 Howl Bitmap #cards 512 size 80 coarsen threshold 460 Card regions per heap region 1 cards per card region 4096
 CPUs: 8 total, 8 available
 Memory: 14274M
 Large Page Support: Disabled
 NUMA Support: Disabled
 Compressed Oops: Enabled (Zero based)
 Heap Region Size: 2M
 Heap Min Capacity: 8M
 Heap Initial Capacity: 224M
 Heap Max Capacity: 3570M
 Pre-touch: Disabled
 Parallel Workers: 8
 Concurrent Workers: 2
 Concurrent Refinement Workers: 8
 Periodic GC: Disabled

Heap:
 garbage-first heap   total 229376K, used 69433K [0x0000000720e00000, 0x0000000800000000)
  region size 2048K, 33 young (67584K), 1 survivors (2048K)
 Metaspace       used 16156K, committed 16448K, reserved 1114112K
  class space    used 1861K, committed 1984K, reserved 1048576K

Heap Regions: E=young(eden), S=young(survivor), O=old, HS=humongous(starts), HC=humongous(continues), CS=collection set, F=free, TAMS=top-at-mark-start, PB=parsable bottom
|   0|0x0000000720e00000, 0x0000000721000000, 0x0000000721000000|100%| O|  |TAMS 0x0000000720e00000| PB 0x0000000720e00000| Untracked 
|   1|0x0000000721000000, 0x00000007211ce6d0, 0x0000000721200000| 90%| O|  |TAMS 0x0000000721000000| PB 0x0000000721000000| Untracked 
|   2|0x0000000721200000, 0x0000000721200000, 0x0000000721400000|  0%| F|  |TAMS 0x0000000721200000| PB 0x0000000721200000| Untracked 
|   3|0x0000000721400000, 0x0000000721400000, 0x0000000721600000|  0%| F|  |TAMS 0x0000000721400000| PB 0x0000000721400000| Untracked 
|   4|0x0000000721600000, 0x0000000721600000, 0x0000000721800000|  0%| F|  |TAMS 0x0000000721600000| PB 0x0000000721600000| Untracked 
|   5|0x0000000721800000, 0x0000000721800000, 0x0000000721a00000|  0%| F|  |TAMS 0x0000000721800000| PB 0x0000000721800000| Untracked 
|   6|0x0000000721a00000, 0x0000000721a00000, 0x0000000721c00000|  0%| F|  |TAMS 0x0000000721a00000| PB 0x0000000721a00000| Untracked 
|   7|0x0000000721c00000, 0x0000000721c00000, 0x0000000721e00000|  0%| F|  |TAMS 0x0000000721c00000| PB 0x0000000721c00000| Untracked 
|   8|0x0000000721e00000, 0x0000000721e00000, 0x0000000722000000|  0%| F|  |TAMS 0x0000000721e00000| PB 0x0000000721e00000| Untracked 
|   9|0x0000000722000000, 0x0000000722000000, 0x0000000722200000|  0%| F|  |TAMS 0x0000000722000000| PB 0x0000000722000000| Untracked 
|  10|0x0000000722200000, 0x0000000722200000, 0x0000000722400000|  0%| F|  |TAMS 0x0000000722200000| PB 0x0000000722200000| Untracked 
|  11|0x0000000722400000, 0x0000000722400000, 0x0000000722600000|  0%| F|  |TAMS 0x0000000722400000| PB 0x0000000722400000| Untracked 
|  12|0x0000000722600000, 0x0000000722600000, 0x0000000722800000|  0%| F|  |TAMS 0x0000000722600000| PB 0x0000000722600000| Untracked 
|  13|0x0000000722800000, 0x0000000722800000, 0x0000000722a00000|  0%| F|  |TAMS 0x0000000722800000| PB 0x0000000722800000| Untracked 
|  14|0x0000000722a00000, 0x0000000722a00000, 0x0000000722c00000|  0%| F|  |TAMS 0x0000000722a00000| PB 0x0000000722a00000| Untracked 
|  15|0x0000000722c00000, 0x0000000722c00000, 0x0000000722e00000|  0%| F|  |TAMS 0x0000000722c00000| PB 0x0000000722c00000| Untracked 
|  16|0x0000000722e00000, 0x0000000722e00000, 0x0000000723000000|  0%| F|  |TAMS 0x0000000722e00000| PB 0x0000000722e00000| Untracked 
|  17|0x0000000723000000, 0x0000000723000000, 0x0000000723200000|  0%| F|  |TAMS 0x0000000723000000| PB 0x0000000723000000| Untracked 
|  18|0x0000000723200000, 0x0000000723200000, 0x0000000723400000|  0%| F|  |TAMS 0x0000000723200000| PB 0x0000000723200000| Untracked 
|  19|0x0000000723400000, 0x0000000723400000, 0x0000000723600000|  0%| F|  |TAMS 0x0000000723400000| PB 0x0000000723400000| Untracked 
|  20|0x0000000723600000, 0x0000000723600000, 0x0000000723800000|  0%| F|  |TAMS 0x0000000723600000| PB 0x0000000723600000| Untracked 
|  21|0x0000000723800000, 0x0000000723800000, 0x0000000723a00000|  0%| F|  |TAMS 0x0000000723800000| PB 0x0000000723800000| Untracked 
|  22|0x0000000723a00000, 0x0000000723a00000, 0x0000000723c00000|  0%| F|  |TAMS 0x0000000723a00000| PB 0x0000000723a00000| Untracked 
|  23|0x0000000723c00000, 0x0000000723c00000, 0x0000000723e00000|  0%| F|  |TAMS 0x0000000723c00000| PB 0x0000000723c00000| Untracked 
|  24|0x0000000723e00000, 0x0000000723e00000, 0x0000000724000000|  0%| F|  |TAMS 0x0000000723e00000| PB 0x0000000723e00000| Untracked 
|  25|0x0000000724000000, 0x0000000724000000, 0x0000000724200000|  0%| F|  |TAMS 0x0000000724000000| PB 0x0000000724000000| Untracked 
|  26|0x0000000724200000, 0x0000000724200000, 0x0000000724400000|  0%| F|  |TAMS 0x0000000724200000| PB 0x0000000724200000| Untracked 
|  27|0x0000000724400000, 0x0000000724400000, 0x0000000724600000|  0%| F|  |TAMS 0x0000000724400000| PB 0x0000000724400000| Untracked 
|  28|0x0000000724600000, 0x0000000724600000, 0x0000000724800000|  0%| F|  |TAMS 0x0000000724600000| PB 0x0000000724600000| Untracked 
|  29|0x0000000724800000, 0x0000000724800000, 0x0000000724a00000|  0%| F|  |TAMS 0x0000000724800000| PB 0x0000000724800000| Untracked 
|  30|0x0000000724a00000, 0x0000000724a00000, 0x0000000724c00000|  0%| F|  |TAMS 0x0000000724a00000| PB 0x0000000724a00000| Untracked 
|  31|0x0000000724c00000, 0x0000000724c00000, 0x0000000724e00000|  0%| F|  |TAMS 0x0000000724c00000| PB 0x0000000724c00000| Untracked 
|  32|0x0000000724e00000, 0x0000000724e00000, 0x0000000725000000|  0%| F|  |TAMS 0x0000000724e00000| PB 0x0000000724e00000| Untracked 
|  33|0x0000000725000000, 0x0000000725000000, 0x0000000725200000|  0%| F|  |TAMS 0x0000000725000000| PB 0x0000000725000000| Untracked 
|  34|0x0000000725200000, 0x0000000725200000, 0x0000000725400000|  0%| F|  |TAMS 0x0000000725200000| PB 0x0000000725200000| Untracked 
|  35|0x0000000725400000, 0x0000000725400000, 0x0000000725600000|  0%| F|  |TAMS 0x0000000725400000| PB 0x0000000725400000| Untracked 
|  36|0x0000000725600000, 0x0000000725600000, 0x0000000725800000|  0%| F|  |TAMS 0x0000000725600000| PB 0x0000000725600000| Untracked 
|  37|0x0000000725800000, 0x0000000725800000, 0x0000000725a00000|  0%| F|  |TAMS 0x0000000725800000| PB 0x0000000725800000| Untracked 
|  38|0x0000000725a00000, 0x0000000725a00000, 0x0000000725c00000|  0%| F|  |TAMS 0x0000000725a00000| PB 0x0000000725a00000| Untracked 
|  39|0x0000000725c00000, 0x0000000725c00000, 0x0000000725e00000|  0%| F|  |TAMS 0x0000000725c00000| PB 0x0000000725c00000| Untracked 
|  40|0x0000000725e00000, 0x0000000725e00000, 0x0000000726000000|  0%| F|  |TAMS 0x0000000725e00000| PB 0x0000000725e00000| Untracked 
|  41|0x0000000726000000, 0x0000000726000000, 0x0000000726200000|  0%| F|  |TAMS 0x0000000726000000| PB 0x0000000726000000| Untracked 
|  42|0x0000000726200000, 0x0000000726200000, 0x0000000726400000|  0%| F|  |TAMS 0x0000000726200000| PB 0x0000000726200000| Untracked 
|  43|0x0000000726400000, 0x0000000726400000, 0x0000000726600000|  0%| F|  |TAMS 0x0000000726400000| PB 0x0000000726400000| Untracked 
|  44|0x0000000726600000, 0x0000000726600000, 0x0000000726800000|  0%| F|  |TAMS 0x0000000726600000| PB 0x0000000726600000| Untracked 
|  45|0x0000000726800000, 0x0000000726800000, 0x0000000726a00000|  0%| F|  |TAMS 0x0000000726800000| PB 0x0000000726800000| Untracked 
|  46|0x0000000726a00000, 0x0000000726a00000, 0x0000000726c00000|  0%| F|  |TAMS 0x0000000726a00000| PB 0x0000000726a00000| Untracked 
|  47|0x0000000726c00000, 0x0000000726c00000, 0x0000000726e00000|  0%| F|  |TAMS 0x0000000726c00000| PB 0x0000000726c00000| Untracked 
|  48|0x0000000726e00000, 0x0000000726e00000, 0x0000000727000000|  0%| F|  |TAMS 0x0000000726e00000| PB 0x0000000726e00000| Untracked 
|  49|0x0000000727000000, 0x0000000727000000, 0x0000000727200000|  0%| F|  |TAMS 0x0000000727000000| PB 0x0000000727000000| Untracked 
|  50|0x0000000727200000, 0x0000000727200000, 0x0000000727400000|  0%| F|  |TAMS 0x0000000727200000| PB 0x0000000727200000| Untracked 
|  51|0x0000000727400000, 0x0000000727400000, 0x0000000727600000|  0%| F|  |TAMS 0x0000000727400000| PB 0x0000000727400000| Untracked 
|  52|0x0000000727600000, 0x0000000727600000, 0x0000000727800000|  0%| F|  |TAMS 0x0000000727600000| PB 0x0000000727600000| Untracked 
|  53|0x0000000727800000, 0x0000000727800000, 0x0000000727a00000|  0%| F|  |TAMS 0x0000000727800000| PB 0x0000000727800000| Untracked 
|  54|0x0000000727a00000, 0x0000000727a00000, 0x0000000727c00000|  0%| F|  |TAMS 0x0000000727a00000| PB 0x0000000727a00000| Untracked 
|  55|0x0000000727c00000, 0x0000000727c00000, 0x0000000727e00000|  0%| F|  |TAMS 0x0000000727c00000| PB 0x0000000727c00000| Untracked 
|  56|0x0000000727e00000, 0x0000000727e00000, 0x0000000728000000|  0%| F|  |TAMS 0x0000000727e00000| PB 0x0000000727e00000| Untracked 
|  57|0x0000000728000000, 0x0000000728000000, 0x0000000728200000|  0%| F|  |TAMS 0x0000000728000000| PB 0x0000000728000000| Untracked 
|  58|0x0000000728200000, 0x0000000728200000, 0x0000000728400000|  0%| F|  |TAMS 0x0000000728200000| PB 0x0000000728200000| Untracked 
|  59|0x0000000728400000, 0x0000000728400000, 0x0000000728600000|  0%| F|  |TAMS 0x0000000728400000| PB 0x0000000728400000| Untracked 
|  60|0x0000000728600000, 0x0000000728600000, 0x0000000728800000|  0%| F|  |TAMS 0x0000000728600000| PB 0x0000000728600000| Untracked 
|  61|0x0000000728800000, 0x0000000728800000, 0x0000000728a00000|  0%| F|  |TAMS 0x0000000728800000| PB 0x0000000728800000| Untracked 
|  62|0x0000000728a00000, 0x0000000728a00000, 0x0000000728c00000|  0%| F|  |TAMS 0x0000000728a00000| PB 0x0000000728a00000| Untracked 
|  63|0x0000000728c00000, 0x0000000728c00000, 0x0000000728e00000|  0%| F|  |TAMS 0x0000000728c00000| PB 0x0000000728c00000| Untracked 
|  64|0x0000000728e00000, 0x0000000728e00000, 0x0000000729000000|  0%| F|  |TAMS 0x0000000728e00000| PB 0x0000000728e00000| Untracked 
|  65|0x0000000729000000, 0x0000000729000000, 0x0000000729200000|  0%| F|  |TAMS 0x0000000729000000| PB 0x0000000729000000| Untracked 
|  66|0x0000000729200000, 0x0000000729200000, 0x0000000729400000|  0%| F|  |TAMS 0x0000000729200000| PB 0x0000000729200000| Untracked 
|  67|0x0000000729400000, 0x0000000729400000, 0x0000000729600000|  0%| F|  |TAMS 0x0000000729400000| PB 0x0000000729400000| Untracked 
|  68|0x0000000729600000, 0x0000000729600000, 0x0000000729800000|  0%| F|  |TAMS 0x0000000729600000| PB 0x0000000729600000| Untracked 
|  69|0x0000000729800000, 0x0000000729800000, 0x0000000729a00000|  0%| F|  |TAMS 0x0000000729800000| PB 0x0000000729800000| Untracked 
|  70|0x0000000729a00000, 0x0000000729a00000, 0x0000000729c00000|  0%| F|  |TAMS 0x0000000729a00000| PB 0x0000000729a00000| Untracked 
|  71|0x0000000729c00000, 0x0000000729c00000, 0x0000000729e00000|  0%| F|  |TAMS 0x0000000729c00000| PB 0x0000000729c00000| Untracked 
|  72|0x0000000729e00000, 0x0000000729e00000, 0x000000072a000000|  0%| F|  |TAMS 0x0000000729e00000| PB 0x0000000729e00000| Untracked 
|  73|0x000000072a000000, 0x000000072a000000, 0x000000072a200000|  0%| F|  |TAMS 0x000000072a000000| PB 0x000000072a000000| Untracked 
|  74|0x000000072a200000, 0x000000072a200000, 0x000000072a400000|  0%| F|  |TAMS 0x000000072a200000| PB 0x000000072a200000| Untracked 
|  75|0x000000072a400000, 0x000000072a400000, 0x000000072a600000|  0%| F|  |TAMS 0x000000072a400000| PB 0x000000072a400000| Untracked 
|  76|0x000000072a600000, 0x000000072a600000, 0x000000072a800000|  0%| F|  |TAMS 0x000000072a600000| PB 0x000000072a600000| Untracked 
|  77|0x000000072a800000, 0x000000072a800000, 0x000000072aa00000|  0%| F|  |TAMS 0x000000072a800000| PB 0x000000072a800000| Untracked 
|  78|0x000000072aa00000, 0x000000072aa00000, 0x000000072ac00000|  0%| F|  |TAMS 0x000000072aa00000| PB 0x000000072aa00000| Untracked 
|  79|0x000000072ac00000, 0x000000072ad3cd80, 0x000000072ae00000| 61%| E|  |TAMS 0x000000072ac00000| PB 0x000000072ac00000| Complete 
|  80|0x000000072ae00000, 0x000000072b000000, 0x000000072b000000|100%| E|CS|TAMS 0x000000072ae00000| PB 0x000000072ae00000| Complete 
|  81|0x000000072b000000, 0x000000072b200000, 0x000000072b200000|100%| E|CS|TAMS 0x000000072b000000| PB 0x000000072b000000| Complete 
|  82|0x000000072b200000, 0x000000072b400000, 0x000000072b400000|100%| E|CS|TAMS 0x000000072b200000| PB 0x000000072b200000| Complete 
|  83|0x000000072b400000, 0x000000072b600000, 0x000000072b600000|100%| E|CS|TAMS 0x000000072b400000| PB 0x000000072b400000| Complete 
|  84|0x000000072b600000, 0x000000072b800000, 0x000000072b800000|100%| E|CS|TAMS 0x000000072b600000| PB 0x000000072b600000| Complete 
|  85|0x000000072b800000, 0x000000072ba00000, 0x000000072ba00000|100%| E|CS|TAMS 0x000000072b800000| PB 0x000000072b800000| Complete 
|  86|0x000000072ba00000, 0x000000072bc00000, 0x000000072bc00000|100%| E|CS|TAMS 0x000000072ba00000| PB 0x000000072ba00000| Complete 
|  87|0x000000072bc00000, 0x000000072be00000, 0x000000072be00000|100%| E|CS|TAMS 0x000000072bc00000| PB 0x000000072bc00000| Complete 
|  88|0x000000072be00000, 0x000000072c000000, 0x000000072c000000|100%| E|CS|TAMS 0x000000072be00000| PB 0x000000072be00000| Complete 
|  89|0x000000072c000000, 0x000000072c200000, 0x000000072c200000|100%| E|CS|TAMS 0x000000072c000000| PB 0x000000072c000000| Complete 
|  90|0x000000072c200000, 0x000000072c400000, 0x000000072c400000|100%| E|CS|TAMS 0x000000072c200000| PB 0x000000072c200000| Complete 
|  91|0x000000072c400000, 0x000000072c600000, 0x000000072c600000|100%| E|CS|TAMS 0x000000072c400000| PB 0x000000072c400000| Complete 
|  92|0x000000072c600000, 0x000000072c800000, 0x000000072c800000|100%| E|CS|TAMS 0x000000072c600000| PB 0x000000072c600000| Complete 
|  93|0x000000072c800000, 0x000000072ca00000, 0x000000072ca00000|100%| E|CS|TAMS 0x000000072c800000| PB 0x000000072c800000| Complete 
|  94|0x000000072ca00000, 0x000000072cc00000, 0x000000072cc00000|100%| S|CS|TAMS 0x000000072ca00000| PB 0x000000072ca00000| Complete 
|  95|0x000000072cc00000, 0x000000072ce00000, 0x000000072ce00000|100%| E|CS|TAMS 0x000000072cc00000| PB 0x000000072cc00000| Complete 
|  96|0x000000072ce00000, 0x000000072d000000, 0x000000072d000000|100%| E|CS|TAMS 0x000000072ce00000| PB 0x000000072ce00000| Complete 
|  97|0x000000072d000000, 0x000000072d200000, 0x000000072d200000|100%| E|CS|TAMS 0x000000072d000000| PB 0x000000072d000000| Complete 
|  98|0x000000072d200000, 0x000000072d400000, 0x000000072d400000|100%| E|CS|TAMS 0x000000072d200000| PB 0x000000072d200000| Complete 
|  99|0x000000072d400000, 0x000000072d600000, 0x000000072d600000|100%| E|CS|TAMS 0x000000072d400000| PB 0x000000072d400000| Complete 
| 100|0x000000072d600000, 0x000000072d800000, 0x000000072d800000|100%| E|CS|TAMS 0x000000072d600000| PB 0x000000072d600000| Complete 
| 101|0x000000072d800000, 0x000000072da00000, 0x000000072da00000|100%| E|CS|TAMS 0x000000072d800000| PB 0x000000072d800000| Complete 
| 102|0x000000072da00000, 0x000000072dc00000, 0x000000072dc00000|100%| E|CS|TAMS 0x000000072da00000| PB 0x000000072da00000| Complete 
| 103|0x000000072dc00000, 0x000000072de00000, 0x000000072de00000|100%| E|CS|TAMS 0x000000072dc00000| PB 0x000000072dc00000| Complete 
| 104|0x000000072de00000, 0x000000072e000000, 0x000000072e000000|100%| E|CS|TAMS 0x000000072de00000| PB 0x000000072de00000| Complete 
| 105|0x000000072e000000, 0x000000072e200000, 0x000000072e200000|100%| E|CS|TAMS 0x000000072e000000| PB 0x000000072e000000| Complete 
| 106|0x000000072e200000, 0x000000072e400000, 0x000000072e400000|100%| E|CS|TAMS 0x000000072e200000| PB 0x000000072e200000| Complete 
| 107|0x000000072e400000, 0x000000072e600000, 0x000000072e600000|100%| E|CS|TAMS 0x000000072e400000| PB 0x000000072e400000| Complete 
| 108|0x000000072e600000, 0x000000072e800000, 0x000000072e800000|100%| E|CS|TAMS 0x000000072e600000| PB 0x000000072e600000| Complete 
| 109|0x000000072e800000, 0x000000072ea00000, 0x000000072ea00000|100%| E|CS|TAMS 0x000000072e800000| PB 0x000000072e800000| Complete 
| 110|0x000000072ea00000, 0x000000072ec00000, 0x000000072ec00000|100%| E|CS|TAMS 0x000000072ea00000| PB 0x000000072ea00000| Complete 
| 111|0x000000072ec00000, 0x000000072ee00000, 0x000000072ee00000|100%| E|CS|TAMS 0x000000072ec00000| PB 0x000000072ec00000| Complete 

Card table byte_map: [0x00000194f0080000,0x00000194f0780000] _byte_map_base: 0x00000194ec779000

Marking Bits: (CMBitMap*) 0x00000194d60a59a0
 Bits: [0x00000194f0780000, 0x00000194f3f48000)

Polling page: 0x00000194d6110000

Metaspace:

Usage:
  Non-class:     13.96 MB used.
      Class:      1.82 MB used.
       Both:     15.78 MB used.

Virtual space:
  Non-class space:       64.00 MB reserved,      14.12 MB ( 22%) committed,  1 nodes.
      Class space:        1.00 GB reserved,       1.94 MB ( <1%) committed,  1 nodes.
             Both:        1.06 GB reserved,      16.06 MB (  1%) committed. 

Chunk freelists:
   Non-Class:  1.67 MB
       Class:  13.93 MB
        Both:  15.60 MB

MaxMetaspaceSize: unlimited
CompressedClassSpaceSize: 1.00 GB
Initial GC threshold: 21.00 MB
Current GC threshold: 21.00 MB
CDS: on
 - commit_granule_bytes: 65536.
 - commit_granule_words: 8192.
 - virtual_space_node_default_size: 8388608.
 - enlarge_chunks_in_place: 1.
 - use_allocation_guard: 0.


Internal statistics:

num_allocs_failed_limit: 0.
num_arena_births: 160.
num_arena_deaths: 0.
num_vsnodes_births: 2.
num_vsnodes_deaths: 0.
num_space_committed: 257.
num_space_uncommitted: 0.
num_chunks_returned_to_freelist: 0.
num_chunks_taken_from_freelist: 683.
num_chunk_merges: 0.
num_chunk_splits: 484.
num_chunks_enlarged: 401.
num_inconsistent_stats: 0.

CodeHeap 'non-profiled nmethods': size=120000Kb used=1758Kb max_used=1758Kb free=118241Kb
 bounds [0x00000194e79f0000, 0x00000194e7c60000, 0x00000194eef20000]
CodeHeap 'profiled nmethods': size=120000Kb used=7660Kb max_used=7660Kb free=112339Kb
 bounds [0x00000194dff20000, 0x00000194e06a0000, 0x00000194e7450000]
CodeHeap 'non-nmethods': size=5760Kb used=1390Kb max_used=1423Kb free=4369Kb
 bounds [0x00000194e7450000, 0x00000194e76c0000, 0x00000194e79f0000]
 total_blobs=4299 nmethods=3809 adapters=393
 compilation: enabled
              stopped_count=0, restarted_count=0
 full_count=0

Compilation events (20 events):
Event: 9.216 Thread 0x00000194f69f2eb0 nmethod 3796 0x00000194e0695e90 code [0x00000194e0696040, 0x00000194e0696250]
Event: 9.216 Thread 0x00000194f69f2eb0 3798       1       org.apache.maven.model.Model::getPrerequisites (5 bytes)
Event: 9.216 Thread 0x00000194f69f2eb0 nmethod 3798 0x00000194e7ba6990 code [0x00000194e7ba6b20, 0x00000194e7ba6bf0]
Event: 9.220 Thread 0x00000194fb4eab70 3800       4       org.codehaus.plexus.util.xml.pull.MXParser::nextImpl (1203 bytes)
Event: 9.220 Thread 0x00000194f69f2eb0 3801       3       java.nio.HeapCharBuffer::<init> (31 bytes)
Event: 9.221 Thread 0x00000194f69f2eb0 nmethod 3801 0x00000194e0696390 code [0x00000194e0696540, 0x00000194e06966d0]
Event: 9.221 Thread 0x00000194f69f2eb0 3802       3       java.nio.HeapCharBuffer::slice (49 bytes)
Event: 9.221 Thread 0x00000194f69f2eb0 nmethod 3802 0x00000194e0696790 code [0x00000194e0696940, 0x00000194e0696bb8]
Event: 9.224 Thread 0x00000194f69f2eb0 3803       3       java.lang.String::split (8 bytes)
Event: 9.225 Thread 0x00000194f69f2eb0 nmethod 3803 0x00000194e0696c90 code [0x00000194e0696e40, 0x00000194e0696f88]
Event: 9.225 Thread 0x00000194f69f2eb0 3804       3       java.lang.String::split (148 bytes)
Event: 9.227 Thread 0x00000194f69f2eb0 nmethod 3804 0x00000194e0697010 code [0x00000194e0697380, 0x00000194e0698a20]
Event: 9.227 Thread 0x00000194f69f2eb0 3805       1       org.apache.maven.model.License::getName (5 bytes)
Event: 9.227 Thread 0x00000194f69f2eb0 nmethod 3805 0x00000194e7ba6c90 code [0x00000194e7ba6e20, 0x00000194e7ba6ef0]
Event: 9.228 Thread 0x00000194f69f2eb0 3806       1       org.apache.maven.model.License::getUrl (5 bytes)
Event: 9.228 Thread 0x00000194f69f2eb0 nmethod 3806 0x00000194e7ba6f90 code [0x00000194e7ba7120, 0x00000194e7ba71f0]
Event: 9.228 Thread 0x00000194f69f2eb0 3807       1       org.apache.maven.model.License::getComments (5 bytes)
Event: 9.228 Thread 0x00000194f69f2eb0 nmethod 3807 0x00000194e7ba7290 code [0x00000194e7ba7420, 0x00000194e7ba74f0]
Event: 9.228 Thread 0x00000194f69f2eb0 3808       1       org.apache.maven.model.License::getDistribution (5 bytes)
Event: 9.228 Thread 0x00000194f69f2eb0 nmethod 3808 0x00000194e7ba7590 code [0x00000194e7ba7720, 0x00000194e7ba77f0]

GC Heap History (4 events):
Event: 3.003 GC heap before
{Heap before GC invocations=0 (full 0):
 garbage-first heap   total 229376K, used 22528K [0x0000000720e00000, 0x0000000800000000)
  region size 2048K, 11 young (22528K), 0 survivors (0K)
 Metaspace       used 5748K, committed 5952K, reserved 1114112K
  class space    used 658K, committed 768K, reserved 1048576K
}
Event: 3.032 GC heap after
{Heap after GC invocations=1 (full 0):
 garbage-first heap   total 229376K, used 3907K [0x0000000720e00000, 0x0000000800000000)
  region size 2048K, 2 young (4096K), 2 survivors (4096K)
 Metaspace       used 5748K, committed 5952K, reserved 1114112K
  class space    used 658K, committed 768K, reserved 1048576K
}
Event: 5.086 GC heap before
{Heap before GC invocations=1 (full 0):
 garbage-first heap   total 229376K, used 34627K [0x0000000720e00000, 0x0000000800000000)
  region size 2048K, 17 young (34816K), 2 survivors (4096K)
 Metaspace       used 10200K, committed 10368K, reserved 1114112K
  class space    used 1208K, committed 1280K, reserved 1048576K
}
Event: 5.098 GC heap after
{Heap after GC invocations=2 (full 0):
 garbage-first heap   total 229376K, used 5945K [0x0000000720e00000, 0x0000000800000000)
  region size 2048K, 1 young (2048K), 1 survivors (2048K)
 Metaspace       used 10200K, committed 10368K, reserved 1114112K
  class space    used 1208K, committed 1280K, reserved 1048576K
}

Dll operation events (8 events):
Event: 0.051 Loaded shared library C:\Program Files\Eclipse Adoptium\jdk-21.0.2.13-hotspot\bin\java.dll
Event: 0.276 Loaded shared library C:\Program Files\Eclipse Adoptium\jdk-21.0.2.13-hotspot\bin\jsvml.dll
Event: 0.421 Loaded shared library C:\Program Files\Eclipse Adoptium\jdk-21.0.2.13-hotspot\bin\net.dll
Event: 0.425 Loaded shared library C:\Program Files\Eclipse Adoptium\jdk-21.0.2.13-hotspot\bin\nio.dll
Event: 0.434 Loaded shared library C:\Program Files\Eclipse Adoptium\jdk-21.0.2.13-hotspot\bin\zip.dll
Event: 1.227 Loaded shared library C:\Program Files\Eclipse Adoptium\jdk-21.0.2.13-hotspot\bin\jimage.dll
Event: 1.260 Loaded shared library C:\Users\Cirilo\.m2\wrapper\dists\apache-maven-3.9.6\834f1afe40575b70b4b2527f4b12df8e\lib\jansi-native\Windows\x86_64\jansi.dll
Event: 1.287 Loaded shared library C:\Program Files\Eclipse Adoptium\jdk-21.0.2.13-hotspot\bin\verify.dll

Deoptimization events (20 events):
Event: 8.953 Thread 0x00000194d604f7b0 DEOPT PACKING pc=0x00000194e7b3b184 sp=0x00000084acdfce90
Event: 8.953 Thread 0x00000194d604f7b0 DEOPT UNPACKING pc=0x00000194e74a46a2 sp=0x00000084acdfce00 mode 2
Event: 8.985 Thread 0x00000194d604f7b0 Uncommon trap: trap_request=0xffffffde fr.pc=0x00000194e7a3132c relative=0x0000000000000eac
Event: 8.985 Thread 0x00000194d604f7b0 Uncommon trap: reason=class_check action=maybe_recompile pc=0x00000194e7a3132c method=java.util.concurrent.ConcurrentHashMap.putVal(Ljava/lang/Object;Ljava/lang/Object;Z)Ljava/lang/Object; @ 242 c2
Event: 8.985 Thread 0x00000194d604f7b0 DEOPT PACKING pc=0x00000194e7a3132c sp=0x00000084acdfd630
Event: 8.985 Thread 0x00000194d604f7b0 DEOPT UNPACKING pc=0x00000194e74a46a2 sp=0x00000084acdfd5a0 mode 2
Event: 9.081 Thread 0x00000194d604f7b0 DEOPT PACKING pc=0x00000194e04b67b4 sp=0x00000084acdfc4b0
Event: 9.081 Thread 0x00000194d604f7b0 DEOPT UNPACKING pc=0x00000194e74a4e42 sp=0x00000084acdfba08 mode 0
Event: 9.144 Thread 0x00000194d604f7b0 DEOPT PACKING pc=0x00000194e0654bfd sp=0x00000084acdfd440
Event: 9.144 Thread 0x00000194d604f7b0 DEOPT UNPACKING pc=0x00000194e74a4e42 sp=0x00000084acdfc980 mode 0
Event: 9.145 Thread 0x00000194d604f7b0 Uncommon trap: trap_request=0xffffff45 fr.pc=0x00000194e7b88fc0 relative=0x0000000000002aa0
Event: 9.145 Thread 0x00000194d604f7b0 Uncommon trap: reason=unstable_if action=reinterpret pc=0x00000194e7b88fc0 method=org.codehaus.plexus.util.xml.pull.MXParser.parseAttribute()C @ 758 c2
Event: 9.145 Thread 0x00000194d604f7b0 DEOPT PACKING pc=0x00000194e7b88fc0 sp=0x00000084acdfd010
Event: 9.145 Thread 0x00000194d604f7b0 DEOPT UNPACKING pc=0x00000194e74a46a2 sp=0x00000084acdfcf98 mode 2
Event: 9.162 Thread 0x00000194d604f7b0 DEOPT PACKING pc=0x00000194e0654bfd sp=0x00000084acdfd220
Event: 9.162 Thread 0x00000194d604f7b0 DEOPT UNPACKING pc=0x00000194e74a4e42 sp=0x00000084acdfc760 mode 0
Event: 9.162 Thread 0x00000194d604f7b0 Uncommon trap: trap_request=0xffffff45 fr.pc=0x00000194e7b301a4 relative=0x0000000000001684
Event: 9.162 Thread 0x00000194d604f7b0 Uncommon trap: reason=unstable_if action=reinterpret pc=0x00000194e7b301a4 method=org.codehaus.plexus.util.xml.pull.MXParser.nextImpl()I @ 280 c2
Event: 9.162 Thread 0x00000194d604f7b0 DEOPT PACKING pc=0x00000194e7b301a4 sp=0x00000084acdfcfc0
Event: 9.162 Thread 0x00000194d604f7b0 DEOPT UNPACKING pc=0x00000194e74a46a2 sp=0x00000084acdfcf68 mode 2

Classes loaded (20 events):
Event: 7.004 Loading class java/util/Formatter$FixedString
Event: 7.005 Loading class java/util/Formatter$FixedString done
Event: 7.107 Loading class java/util/stream/MatchOps$MatchKind
Event: 7.107 Loading class java/util/stream/MatchOps$MatchKind done
Event: 7.110 Loading class java/util/stream/MatchOps
Event: 7.110 Loading class java/util/stream/MatchOps done
Event: 7.110 Loading class java/util/stream/MatchOps$MatchOp
Event: 7.110 Loading class java/util/stream/MatchOps$MatchOp done
Event: 7.111 Loading class java/util/stream/MatchOps$BooleanTerminalSink
Event: 7.111 Loading class java/util/stream/MatchOps$BooleanTerminalSink done
Event: 7.112 Loading class java/util/stream/MatchOps$1MatchSink
Event: 7.112 Loading class java/util/stream/MatchOps$1MatchSink done
Event: 7.310 Loading class java/util/LinkedList$LLSpliterator
Event: 7.310 Loading class java/util/LinkedList$LLSpliterator done
Event: 7.937 Loading class java/util/ComparableTimSort
Event: 7.937 Loading class java/util/ComparableTimSort done
Event: 8.869 Loading class sun/nio/cs/ISO_8859_1$Decoder
Event: 8.870 Loading class sun/nio/cs/ISO_8859_1$Decoder done
Event: 8.985 Loading class java/util/Collections$UnmodifiableList$1
Event: 8.986 Loading class java/util/Collections$UnmodifiableList$1 done

Classes unloaded (0 events):
No events

Classes redefined (0 events):
No events

Internal exceptions (20 events):
Event: 2.487 Thread 0x00000194d604f7b0 Exception <a 'java/lang/NoSuchMethodError'{0x000000072df75350}: 'int java.lang.invoke.DirectMethodHandle$Holder.invokeSpecialIFC(java.lang.Object, java.lang.Object, java.lang.Object, java.lang.Object, java.lang.Object)'> (0x000000072df75350) 
thrown [s\src\hotspot\share\interpreter\linkResolver.cpp, line 773]
Event: 2.657 Thread 0x00000194d604f7b0 Exception <a 'java/lang/NoSuchMethodError'{0x000000072dcf4530}: 'java.lang.Object java.lang.invoke.DirectMethodHandle$Holder.newInvokeSpecial(java.lang.Object, java.lang.Object, java.lang.Object, java.lang.Object, java.lang.Object)'> (0x000000072dcf4530) 
thrown [s\src\hotspot\share\interpreter\linkResolver.cpp, line 773]
Event: 2.806 Thread 0x00000194d604f7b0 Exception <a 'java/lang/NoSuchMethodError'{0x000000072dded0c0}: 'int java.lang.invoke.DirectMethodHandle$Holder.invokeStaticInit(java.lang.Object, java.lang.Object)'> (0x000000072dded0c0) 
thrown [s\src\hotspot\share\interpreter\linkResolver.cpp, line 773]
Event: 2.832 Thread 0x00000194d604f7b0 Exception <a 'java/lang/NoClassDefFoundError'{0x000000072da22008}: javax/enterprise/inject/Typed> (0x000000072da22008) 
thrown [s\src\hotspot\share\classfile\systemDictionary.cpp, line 301]
Event: 5.266 Thread 0x00000194d604f7b0 Exception <a 'java/lang/NoSuchMethodError'{0x000000072ea76d68}: 'void java.lang.invoke.DirectMethodHandle$Holder.invokeStaticInit(java.lang.Object, java.lang.Object, java.lang.Object)'> (0x000000072ea76d68) 
thrown [s\src\hotspot\share\interpreter\linkResolver.cpp, line 773]
Event: 5.279 Thread 0x00000194d604f7b0 Exception <a 'java/lang/ExceptionInInitializerError'{0x000000072ea9f760}> (0x000000072ea9f760) 
thrown [s\src\hotspot\share\oops\instanceKlass.cpp, line 1180]
Event: 5.390 Thread 0x00000194d604f7b0 Exception <a 'java/lang/NoSuchMethodError'{0x000000072ebab2c0}: 'long java.lang.invoke.DirectMethodHandle$Holder.invokeStatic(java.lang.Object, java.lang.Object, int)'> (0x000000072ebab2c0) 
thrown [s\src\hotspot\share\interpreter\linkResolver.cpp, line 773]
Event: 5.393 Thread 0x00000194d604f7b0 Exception <a 'java/lang/NoSuchMethodError'{0x000000072ebbe358}: 'java.lang.Object java.lang.invoke.DirectMethodHandle$Holder.invokeStatic(java.lang.Object, java.lang.Object, java.lang.Object, java.lang.Object, int)'> (0x000000072ebbe358) 
thrown [s\src\hotspot\share\interpreter\linkResolver.cpp, line 773]
Event: 5.395 Thread 0x00000194d604f7b0 Exception <a 'java/lang/NoSuchMethodError'{0x000000072ebc6270}: 'java.lang.Object java.lang.invoke.DirectMethodHandle$Holder.invokeSpecial(java.lang.Object, java.lang.Object, java.lang.Object, java.lang.Object, long)'> (0x000000072ebc6270) 
thrown [s\src\hotspot\share\interpreter\linkResolver.cpp, line 773]
Event: 5.399 Thread 0x00000194d604f7b0 Exception <a 'java/lang/NoSuchMethodError'{0x000000072ebd1d60}: 'java.lang.Object java.lang.invoke.DirectMethodHandle$Holder.invokeSpecial(java.lang.Object, java.lang.Object, java.lang.Object, int, java.lang.Object)'> (0x000000072ebd1d60) 
thrown [s\src\hotspot\share\interpreter\linkResolver.cpp, line 773]
Event: 5.400 Thread 0x00000194d604f7b0 Exception <a 'java/lang/NoSuchMethodError'{0x000000072ebd9e80}: 'int java.lang.invoke.DirectMethodHandle$Holder.invokeSpecial(java.lang.Object, java.lang.Object, java.lang.Object, int)'> (0x000000072ebd9e80) 
thrown [s\src\hotspot\share\interpreter\linkResolver.cpp, line 773]
Event: 5.411 Thread 0x00000194d604f7b0 Implicit null exception at 0x00000194e7a8ba5a to 0x00000194e7a8bc38
Event: 5.417 Thread 0x00000194d604f7b0 Exception <a 'java/lang/NoSuchMethodError'{0x000000072ebfe490}: 'java.lang.Object java.lang.invoke.Invokers$Holder.invokeExact_MT(java.lang.Object, int, java.lang.Object)'> (0x000000072ebfe490) 
thrown [s\src\hotspot\share\interpreter\linkResolver.cpp, line 773]
Event: 5.453 Thread 0x00000194d604f7b0 Exception <a 'java/lang/NoSuchMethodError'{0x000000072e860e08}: 'void java.lang.invoke.DirectMethodHandle$Holder.invokeStatic(java.lang.Object, java.lang.Object)'> (0x000000072e860e08) 
thrown [s\src\hotspot\share\interpreter\linkResolver.cpp, line 773]
Event: 6.032 Thread 0x00000194d604f7b0 Exception <a 'java/lang/NoSuchMethodError'{0x000000072e3d8e00}: 'void java.lang.invoke.Invokers$Holder.invokeExact_MT(java.lang.Object, java.lang.Object, java.lang.Object, java.lang.Object)'> (0x000000072e3d8e00) 
thrown [s\src\hotspot\share\interpreter\linkResolver.cpp, line 773]
Event: 6.098 Thread 0x00000194d604f7b0 Exception <a 'java/lang/NoClassDefFoundError'{0x000000072e064f70}: com/google/inject/servlet/ServletModuleTargetVisitor> (0x000000072e064f70) 
thrown [s\src\hotspot\share\classfile\systemDictionary.cpp, line 301]
Event: 6.275 Thread 0x00000194d604f7b0 Exception <a 'java/lang/NoSuchMethodError'{0x000000072de4a330}: 'void java.lang.invoke.DirectMethodHandle$Holder.invokeVirtual(java.lang.Object, java.lang.Object)'> (0x000000072de4a330) 
thrown [s\src\hotspot\share\interpreter\linkResolver.cpp, line 773]
Event: 6.356 Thread 0x00000194d604f7b0 Exception <a 'java/lang/NoSuchMethodError'{0x000000072dec90a0}: 'java.lang.Object java.lang.invoke.DirectMethodHandle$Holder.invokeStaticInit(java.lang.Object, int, int, int, int)'> (0x000000072dec90a0) 
thrown [s\src\hotspot\share\interpreter\linkResolver.cpp, line 773]
Event: 6.838 Thread 0x00000194d604f7b0 Exception <a 'java/lang/NoSuchMethodError'{0x000000072d86d6d0}: 'void java.lang.invoke.DirectMethodHandle$Holder.invokeVirtual(java.lang.Object, java.lang.Object, int)'> (0x000000072d86d6d0) 
thrown [s\src\hotspot\share\interpreter\linkResolver.cpp, line 773]
Event: 6.840 Thread 0x00000194d604f7b0 Exception <a 'java/lang/NoSuchMethodError'{0x000000072d8746a0}: 'void java.lang.invoke.DelegatingMethodHandle$Holder.reinvoke_L(java.lang.Object, java.lang.Object, int)'> (0x000000072d8746a0) 
thrown [s\src\hotspot\share\interpreter\linkResolver.cpp, line 773]

ZGC Phase Switch (0 events):
No events

VM Operations (20 events):
Event: 5.688 Executing VM operation: HandshakeAllThreads (Deoptimize)
Event: 5.688 Executing VM operation: HandshakeAllThreads (Deoptimize) done
Event: 6.005 Executing VM operation: HandshakeAllThreads (Deoptimize)
Event: 6.005 Executing VM operation: HandshakeAllThreads (Deoptimize) done
Event: 6.107 Executing VM operation: ICBufferFull
Event: 6.107 Executing VM operation: ICBufferFull done
Event: 6.296 Executing VM operation: HandshakeAllThreads (Deoptimize)
Event: 6.296 Executing VM operation: HandshakeAllThreads (Deoptimize) done
Event: 6.389 Executing VM operation: HandshakeAllThreads (Deoptimize)
Event: 6.389 Executing VM operation: HandshakeAllThreads (Deoptimize) done
Event: 6.467 Executing VM operation: HandshakeAllThreads (Deoptimize)
Event: 6.467 Executing VM operation: HandshakeAllThreads (Deoptimize) done
Event: 6.585 Executing VM operation: HandshakeAllThreads (Deoptimize)
Event: 6.585 Executing VM operation: HandshakeAllThreads (Deoptimize) done
Event: 6.945 Executing VM operation: ICBufferFull
Event: 6.945 Executing VM operation: ICBufferFull done
Event: 7.948 Executing VM operation: Cleanup
Event: 7.948 Executing VM operation: Cleanup done
Event: 8.964 Executing VM operation: Cleanup
Event: 8.964 Executing VM operation: Cleanup done

Events (16 events):
Event: 0.111 Thread 0x00000194d604f7b0 Thread added: 0x00000194d604f7b0
Event: 0.210 Thread 0x00000194f69dfb70 Thread added: 0x00000194f69dfb70
Event: 0.211 Thread 0x00000194f69e0a90 Thread added: 0x00000194f69e0a90
Event: 0.215 Thread 0x00000194f69e7720 Thread added: 0x00000194f69e7720
Event: 0.217 Thread 0x00000194f69ea190 Thread added: 0x00000194f69ea190
Event: 0.217 Thread 0x00000194f69eabf0 Thread added: 0x00000194f69eabf0
Event: 0.218 Thread 0x00000194f69ed660 Thread added: 0x00000194f69ed660
Event: 0.219 Thread 0x00000194f69ee3f0 Thread added: 0x00000194f69ee3f0
Event: 0.220 Thread 0x00000194f69f2eb0 Thread added: 0x00000194f69f2eb0
Event: 0.409 Thread 0x00000194f6c63bf0 Thread added: 0x00000194f6c63bf0
Event: 0.413 Thread 0x00000194f6c66430 Thread added: 0x00000194f6c66430
Event: 2.880 Thread 0x00000194fb718f40 Thread added: 0x00000194fb718f40
Event: 4.777 Thread 0x00000194fb718f40 Thread exited: 0x00000194fb718f40
Event: 6.045 Thread 0x00000194fb4ea350 Thread added: 0x00000194fb4ea350
Event: 6.185 Thread 0x00000194fb4ea350 Thread exited: 0x00000194fb4ea350
Event: 6.225 Thread 0x00000194fb4eab70 Thread added: 0x00000194fb4eab70


Dynamic libraries:
0x00007ff786d30000 - 0x00007ff786d3e000 	C:\Program Files\Eclipse Adoptium\jdk-21.0.2.13-hotspot\bin\java.exe
0x00007ffb90710000 - 0x00007ffb90927000 	C:\Windows\SYSTEM32\ntdll.dll
0x00007ffb8f5e0000 - 0x00007ffb8f6a4000 	C:\Windows\System32\KERNEL32.DLL
0x00007ffb8dc30000 - 0x00007ffb8dfe7000 	C:\Windows\System32\KERNELBASE.dll
0x00007ffb8e090000 - 0x00007ffb8e1a1000 	C:\Windows\System32\ucrtbase.dll
0x00007ffb88920000 - 0x00007ffb88938000 	C:\Program Files\Eclipse Adoptium\jdk-21.0.2.13-hotspot\bin\jli.dll
0x00007ffb8f0b0000 - 0x00007ffb8f25f000 	C:\Windows\System32\USER32.dll
0x00007ffb8dc00000 - 0x00007ffb8dc26000 	C:\Windows\System32\win32u.dll
0x00007ffb90590000 - 0x00007ffb905b9000 	C:\Windows\System32\GDI32.dll
0x00007ffb8e320000 - 0x00007ffb8e438000 	C:\Windows\System32\gdi32full.dll
0x00007ffb8dff0000 - 0x00007ffb8e08a000 	C:\Windows\System32\msvcp_win.dll
0x00007ffb89200000 - 0x00007ffb8921b000 	C:\Program Files\Eclipse Adoptium\jdk-21.0.2.13-hotspot\bin\VCRUNTIME140.dll
0x00007ffb7b540000 - 0x00007ffb7b7d3000 	C:\Windows\WinSxS\amd64_microsoft.windows.common-controls_6595b64144ccf1df_6.0.22621.3672_none_2713b9d173822955\COMCTL32.dll
0x00007ffb90140000 - 0x00007ffb901e7000 	C:\Windows\System32\msvcrt.dll
0x00007ffb8efe0000 - 0x00007ffb8f011000 	C:\Windows\System32\IMM32.DLL
0x00007ffb88910000 - 0x00007ffb8891c000 	C:\Program Files\Eclipse Adoptium\jdk-21.0.2.13-hotspot\bin\vcruntime140_1.dll
0x00007ffb88880000 - 0x00007ffb8890e000 	C:\Program Files\Eclipse Adoptium\jdk-21.0.2.13-hotspot\bin\msvcp140.dll
0x00007ffafd630000 - 0x00007ffafe3b3000 	C:\Program Files\Eclipse Adoptium\jdk-21.0.2.13-hotspot\bin\server\jvm.dll
0x00007ffb8ea50000 - 0x00007ffb8eb02000 	C:\Windows\System32\ADVAPI32.dll
0x00007ffb8e440000 - 0x00007ffb8e4e8000 	C:\Windows\System32\sechost.dll
0x00007ffb8e1b0000 - 0x00007ffb8e1d8000 	C:\Windows\System32\bcrypt.dll
0x00007ffb8f4a0000 - 0x00007ffb8f5b4000 	C:\Windows\System32\RPCRT4.dll
0x00007ffb8ff30000 - 0x00007ffb8ffa1000 	C:\Windows\System32\WS2_32.dll
0x00007ffb8c890000 - 0x00007ffb8c8dd000 	C:\Windows\SYSTEM32\POWRPROF.dll
0x00007ffb842c0000 - 0x00007ffb842ca000 	C:\Windows\SYSTEM32\VERSION.dll
0x00007ffb88540000 - 0x00007ffb88574000 	C:\Windows\SYSTEM32\WINMM.dll
0x00007ffb8c870000 - 0x00007ffb8c883000 	C:\Windows\SYSTEM32\UMPDC.dll
0x00007ffb8cb20000 - 0x00007ffb8cb38000 	C:\Windows\SYSTEM32\kernel.appcore.dll
0x00007ffb88870000 - 0x00007ffb8887a000 	C:\Program Files\Eclipse Adoptium\jdk-21.0.2.13-hotspot\bin\jimage.dll
0x00007ffb83480000 - 0x00007ffb836b2000 	C:\Windows\SYSTEM32\DBGHELP.DLL
0x00007ffb8e4f0000 - 0x00007ffb8e87e000 	C:\Windows\System32\combase.dll
0x00007ffb904b0000 - 0x00007ffb90587000 	C:\Windows\System32\OLEAUT32.dll
0x00007ffb73f30000 - 0x00007ffb73f62000 	C:\Windows\SYSTEM32\dbgcore.DLL
0x00007ffb8e1e0000 - 0x00007ffb8e25b000 	C:\Windows\System32\bcryptPrimitives.dll
0x00007ffb88850000 - 0x00007ffb8886f000 	C:\Program Files\Eclipse Adoptium\jdk-21.0.2.13-hotspot\bin\java.dll
0x00007ffb8f6c0000 - 0x00007ffb8ff29000 	C:\Windows\System32\SHELL32.dll
0x00007ffb8b950000 - 0x00007ffb8c24f000 	C:\Windows\SYSTEM32\windows.storage.dll
0x00007ffb8b810000 - 0x00007ffb8b94f000 	C:\Windows\SYSTEM32\wintypes.dll
0x00007ffb8e8f0000 - 0x00007ffb8e9e9000 	C:\Windows\System32\SHCORE.dll
0x00007ffb8e890000 - 0x00007ffb8e8ee000 	C:\Windows\System32\shlwapi.dll
0x00007ffb8d950000 - 0x00007ffb8d977000 	C:\Windows\SYSTEM32\profapi.dll
0x00007ffb2c5d0000 - 0x00007ffb2c6a7000 	C:\Program Files\Eclipse Adoptium\jdk-21.0.2.13-hotspot\bin\jsvml.dll
0x00007ffb7ba10000 - 0x00007ffb7ba20000 	C:\Program Files\Eclipse Adoptium\jdk-21.0.2.13-hotspot\bin\net.dll
0x00007ffb88ce0000 - 0x00007ffb88e16000 	C:\Windows\SYSTEM32\WINHTTP.dll
0x00007ffb8cf90000 - 0x00007ffb8cff9000 	C:\Windows\system32\mswsock.dll
0x00007ffb76b20000 - 0x00007ffb76b36000 	C:\Program Files\Eclipse Adoptium\jdk-21.0.2.13-hotspot\bin\nio.dll
0x00007ffb72e10000 - 0x00007ffb72e28000 	C:\Program Files\Eclipse Adoptium\jdk-21.0.2.13-hotspot\bin\zip.dll
0x0000000069ac0000 - 0x0000000069ae4000 	C:\Users\Cirilo\.m2\wrapper\dists\apache-maven-3.9.6\834f1afe40575b70b4b2527f4b12df8e\lib\jansi-native\Windows\x86_64\jansi.dll
0x00007ffb88830000 - 0x00007ffb88840000 	C:\Program Files\Eclipse Adoptium\jdk-21.0.2.13-hotspot\bin\verify.dll

dbghelp: loaded successfully - version: 4.0.5 - missing functions: none
symbol engine: initialized successfully - sym options: 0x614 - pdb path: .;C:\Program Files\Eclipse Adoptium\jdk-21.0.2.13-hotspot\bin;C:\Windows\SYSTEM32;C:\Windows\WinSxS\amd64_microsoft.windows.common-controls_6595b64144ccf1df_6.0.22621.3672_none_2713b9d173822955;C:\Program Files\Eclipse Adoptium\jdk-21.0.2.13-hotspot\bin\server;C:\Users\Cirilo\.m2\wrapper\dists\apache-maven-3.9.6\834f1afe40575b70b4b2527f4b12df8e\lib\jansi-native\Windows\x86_64

VM Arguments:
jvm_args: -Dclassworlds.conf=C:\Users\Cirilo\.m2\wrapper\dists\apache-maven-3.9.6\834f1afe40575b70b4b2527f4b12df8e\bin\m2.conf -Dmaven.home=C:\Users\Cirilo\.m2\wrapper\dists\apache-maven-3.9.6\834f1afe40575b70b4b2527f4b12df8e -Dlibrary.jansi.path=C:\Users\Cirilo\.m2\wrapper\dists\apache-maven-3.9.6\834f1afe40575b70b4b2527f4b12df8e\lib\jansi-native -Dmaven.multiModuleProjectDirectory=C:\Users\Cirilo\Documents\testes-automatizados 
java_command: org.codehaus.plexus.classworlds.launcher.Launcher test
java_class_path (initial): C:\Users\Cirilo\.m2\wrapper\dists\apache-maven-3.9.6\834f1afe40575b70b4b2527f4b12df8e\boot\plexus-classworlds-2.7.0.jar
Launcher Type: SUN_STANDARD

[Global flags]
     intx CICompilerCount                          = 4                                         {product} {ergonomic}
     uint ConcGCThreads                            = 2                                         {product} {ergonomic}
     uint G1ConcRefinementThreads                  = 8                                         {product} {ergonomic}
   size_t G1HeapRegionSize                         = 2097152                                   {product} {ergonomic}
    uintx GCDrainStackTargetSize                   = 64                                        {product} {ergonomic}
   size_t InitialHeapSize                          = 234881024                                 {product} {ergonomic}
   size_t MarkStackSize                            = 4194304                                   {product} {ergonomic}
   size_t MaxHeapSize                              = 3743416320                                {product} {ergonomic}
   size_t MaxNewSize                               = 2246049792                                {product} {ergonomic}
   size_t MinHeapDeltaBytes                        = 2097152                                   {product} {ergonomic}
   size_t MinHeapSize                              = 8388608                                   {product} {ergonomic}
    uintx NonNMethodCodeHeapSize                   = 5839372                                {pd product} {ergonomic}
    uintx NonProfiledCodeHeapSize                  = 122909434                              {pd product} {ergonomic}
    uintx ProfiledCodeHeapSize                     = 122909434                              {pd product} {ergonomic}
    uintx ReservedCodeCacheSize                    = 251658240                              {pd product} {ergonomic}
     bool SegmentedCodeCache                       = true                                      {product} {ergonomic}
   size_t SoftMaxHeapSize                          = 3743416320                             {manageable} {ergonomic}
     bool UseCompressedOops                        = true                           {product lp64_product} {ergonomic}
     bool UseG1GC                                  = true                                      {product} {ergonomic}
     bool UseLargePagesIndividualAllocation        = false                                  {pd product} {ergonomic}

Logging:
Log output configuration:
 #0: stdout all=warning uptime,level,tags foldmultilines=false
 #1: stderr all=off uptime,level,tags foldmultilines=false

Environment Variables:
JAVA_HOME=C:\Program Files\Eclipse Adoptium\jdk-21.0.2.13-hotspot\
PATH=C:\Program Files\Eclipse Adoptium\jdk-21.0.2.13-hotspot\bin;C:\Windows\system32;C:\Windows;C:\Windows\System32\Wbem;C:\Windows\System32\WindowsPowerShell\v1.0\;C:\Windows\System32\OpenSSH\;C:\Program Files\Git\cmd;C:\Program Files\Docker\Docker\resources\bin;C:\Program Files\nodejs\;C:\Program Files\NVIDIA Corporation\NVIDIA NvDLISR;C:\Users\Cirilo\Downloads\apache-maven-3.9.6\bin;C:\Program Files\dotnet\;C:\Program Files\Microsoft SQL Server\150\Tools\Binn\;C:\Program Files\Microsoft SQL Server\Client SDK\ODBC\170\Tools\Binn\;C:\Program Files\GitHub CLI\;C:\Program Files (x86)\NVIDIA Corporation\PhysX\Common;C:\ProgramData\chocolatey\bin;C:\Program Files\PuTTY\;C:\Users\Cirilo\AppData\Local\Microsoft\WindowsApps;C:\Users\Cirilo\AppData\Local\GitHubDesktop\bin;C:\Users\Cirilo\AppData\Local\Programs\Microsoft VS Code\bin;C:\Users\Cirilo\AppData\Roaming\npm;C:\Users\Cirilo\.dotnet\tools
USERNAME=Cirilo
OS=Windows_NT
PROCESSOR_IDENTIFIER=AMD64 Family 23 Model 24 Stepping 1, AuthenticAMD
TMP=C:\Users\Cirilo\AppData\Local\Temp
TEMP=C:\Users\Cirilo\AppData\Local\Temp




Periodic native trim disabled

---------------  S Y S T E M  ---------------

OS:
 Windows 11 , 64 bit Build 22621 (10.0.22621.3958)
OS uptime: 16 days 13:44 hours
Hyper-V role detected

CPU: total 8 (initial active 8) (8 cores per cpu, 2 threads per core) family 23 model 24 stepping 1 microcode 0x0, cx8, cmov, fxsr, ht, mmx, 3dnowpref, sse, sse2, sse3, ssse3, sse4a, sse4.1, sse4.2, popcnt, lzcnt, tsc, tscinvbit, avx, avx2, aes, clmul, bmi1, bmi2, adx, sha, fma, vzeroupper, clflush, clflushopt, hv, rdtscp, f16c
Processor Information for all 8 processors :
  Max Mhz: 2100, Current Mhz: 2100, Mhz Limit: 2100

Memory: 4k page, system-wide physical 14274M (477M free)
TotalPageFile size 57282M (AvailPageFile size 1M)
current process WorkingSet (physical memory assigned to process): 152M, peak: 152M
current process commit charge ("private bytes"): 350M, peak: 351M

vm_info: OpenJDK 64-Bit Server VM (21.0.2+13-LTS) for windows-amd64 JRE (21.0.2+13-LTS), built on 2024-01-16T00:00:00Z by "admin" with unknown MS VC++:1937

END.
