#
# There is insufficient memory for the Java Runtime Environment to continue.
# Native memory allocation (mmap) failed to map 65536 bytes for Failed to commit metaspace.
# Possible reasons:
#   The system is out of physical RAM or swap space
#   The process is running with CompressedOops enabled, and the Java Heap may be blocking the growth of the native heap
# Possible solutions:
#   Reduce memory load on the system
#   Increase physical memory or swap space
#   Check if swap backing store is full
#   Decrease Java heap size (-Xmx/-Xms)
#   Decrease number of Java threads
#   Decrease Java thread stack sizes (-Xss)
#   Set larger code cache with -XX:ReservedCodeCacheSize=
#   JVM is running with Zero Based Compressed Oops mode in which the Java heap is
#     placed in the first 32GB address space. The Java Heap base address is the
#     maximum limit for the native heap growth. Please use -XX:HeapBaseMinAddress
#     to set the Java Heap base and to place the Java Heap above 32GB virtual address.
# This output file may be truncated or incomplete.
#
#  Out of Memory Error (virtualSpaceNode.cpp:112), pid=41436, tid=1300
#
# JRE version: OpenJDK Runtime Environment Temurin-21.0.2+13 (21.0.2+13) (build 21.0.2+13-LTS)
# Java VM: OpenJDK 64-Bit Server VM Temurin-21.0.2+13 (21.0.2+13-LTS, mixed mode, sharing, tiered, compressed oops, compressed class ptrs, g1 gc, windows-amd64)
# No core dump will be written. Minidumps are not enabled by default on client versions of Windows
#

---------------  S U M M A R Y ------------

Command Line: C:\Users\Cirilo\AppData\Local\Temp\surefire12082934437450991754\surefirebooter10757263901493830595.jar C:\Users\Cirilo\AppData\Local\Temp\surefire12082934437450991754 2024-10-31T03-13-10_458-jvmRun1 surefire3801494937644367226tmp surefire_02307785023606829526tmp

Host: AMD Ryzen 5 3550H with Radeon Vega Mobile Gfx  , 8 cores, 13G,  Windows 11 , 64 bit Build 22621 (10.0.22621.3958)
Time: Thu Oct 31 03:13:15 2024 Hora oficial do Brasil elapsed time: 2.745911 seconds (0d 0h 0m 2s)

---------------  T H R E A D  ---------------

Current thread (0x0000022093709880):  JavaThread "main"             [_thread_in_vm, id=1300, stack(0x000000510b800000,0x000000510b900000) (1024K)]

Stack: [0x000000510b800000,0x000000510b900000]
Native frames: (J=compiled Java code, j=interpreted, Vv=VM code, C=native code)
V  [jvm.dll+0x6c94f9]
V  [jvm.dll+0x8a3c21]
V  [jvm.dll+0x8a614e]
V  [jvm.dll+0x8a6823]
V  [jvm.dll+0x27fa86]
V  [jvm.dll+0x89f99e]
V  [jvm.dll+0x66c365]
V  [jvm.dll+0x1e560c]
V  [jvm.dll+0x1e53de]
V  [jvm.dll+0x66ec62]
V  [jvm.dll+0x66ea82]
V  [jvm.dll+0x66cd3e]
V  [jvm.dll+0x26ac10]
V  [jvm.dll+0x216f27]
V  [jvm.dll+0x20c9ae]
V  [jvm.dll+0x5aa96c]
V  [jvm.dll+0x81c316]
V  [jvm.dll+0x46e240]
V  [jvm.dll+0x4740e8]
C  [java.dll+0x17ec]

Java frames: (J=compiled Java code, j=interpreted, Vv=VM code)
J 1063  java.lang.ClassLoader.defineClass1(Ljava/lang/ClassLoader;Ljava/lang/String;[BIILjava/security/ProtectionDomain;Ljava/lang/String;)Ljava/lang/Class; java.base@21.0.2 (0 bytes) @ 0x00000220a38f8d11 [0x00000220a38f8c40+0x00000000000000d1]
J 1280 c1 java.lang.ClassLoader.defineClass(Ljava/lang/String;[BIILjava/security/ProtectionDomain;)Ljava/lang/Class; java.base@21.0.2 (43 bytes) @ 0x000002209c04b38c [0x000002209c04b020+0x000000000000036c]
J 1250 c1 java.security.SecureClassLoader.defineClass(Ljava/lang/String;[BIILjava/security/CodeSource;)Ljava/lang/Class; java.base@21.0.2 (16 bytes) @ 0x000002209c03751c [0x000002209c037440+0x00000000000000dc]
J 1028 c1 jdk.internal.loader.BuiltinClassLoader.defineClass(Ljava/lang/String;Ljdk/internal/loader/Resource;)Ljava/lang/Class; java.base@21.0.2 (121 bytes) @ 0x000002209bfc55dc [0x000002209bfc4640+0x0000000000000f9c]
J 780 c1 jdk.internal.loader.BuiltinClassLoader.findClassOnClassPathOrNull(Ljava/lang/String;)Ljava/lang/Class; java.base@21.0.2 (64 bytes) @ 0x000002209bf3aaac [0x000002209bf39da0+0x0000000000000d0c]
J 389 c1 jdk.internal.loader.BuiltinClassLoader.loadClassOrNull(Ljava/lang/String;Z)Ljava/lang/Class; java.base@21.0.2 (143 bytes) @ 0x000002209be76054 [0x000002209be755e0+0x0000000000000a74]
J 668 c1 jdk.internal.loader.ClassLoaders$AppClassLoader.loadClass(Ljava/lang/String;Z)Ljava/lang/Class; java.base@21.0.2 (40 bytes) @ 0x000002209befa0e4 [0x000002209bef9f00+0x00000000000001e4]
J 787 c1 java.lang.ClassLoader.loadClass(Ljava/lang/String;)Ljava/lang/Class; java.base@21.0.2 (7 bytes) @ 0x000002209bf53e54 [0x000002209bf53d40+0x0000000000000114]
v  ~StubRoutines::call_stub 0x00000220a331100d
j  io.cucumber.core.internal.com.fasterxml.jackson.databind.deser.DefaultDeserializationContext$Impl.<init>(Lio/cucumber/core/internal/com/fasterxml/jackson/databind/deser/DeserializerFactory;)V+2
j  io.cucumber.core.internal.com.fasterxml.jackson.databind.ObjectMapper.<init>(Lio/cucumber/core/internal/com/fasterxml/jackson/core/JsonFactory;Lio/cucumber/core/internal/com/fasterxml/jackson/databind/ser/DefaultSerializerProvider;Lio/cucumber/core/internal/com/fasterxml/jackson/databind/deser/DefaultDeserializationContext;)V+263
j  io.cucumber.core.internal.com.fasterxml.jackson.databind.ObjectMapper.<init>(Lio/cucumber/core/internal/com/fasterxml/jackson/core/JsonFactory;)V+4
j  io.cucumber.core.internal.com.fasterxml.jackson.databind.json.JsonMapper.<init>(Lio/cucumber/core/internal/com/fasterxml/jackson/core/JsonFactory;)V+2
j  io.cucumber.core.internal.com.fasterxml.jackson.databind.json.JsonMapper.<init>()V+8
j  io.cucumber.core.internal.com.fasterxml.jackson.databind.json.JsonMapper.builder()Lio/cucumber/core/internal/com/fasterxml/jackson/databind/json/JsonMapper$Builder;+8
j  io.cucumber.core.plugin.Jackson.<clinit>()V+0
v  ~StubRoutines::call_stub 0x00000220a331100d
j  io.cucumber.core.plugin.HtmlFormatter.<init>(Ljava/io/OutputStream;)V+10
j  java.lang.invoke.DirectMethodHandle$Holder.newInvokeSpecial(Ljava/lang/Object;Ljava/lang/Object;)Ljava/lang/Object;+16 java.base@21.0.2
j  java.lang.invoke.LambdaForm$MH+0x00000220b4014400.invoke(Ljava/lang/Object;Ljava/lang/Object;)Ljava/lang/Object;+31 java.base@21.0.2
j  java.lang.invoke.Invokers$Holder.invokeExact_MT(Ljava/lang/Object;Ljava/lang/Object;Ljava/lang/Object;)Ljava/lang/Object;+19 java.base@21.0.2
j  jdk.internal.reflect.DirectConstructorHandleAccessor.invokeImpl([Ljava/lang/Object;)Ljava/lang/Object;+53 java.base@21.0.2
j  jdk.internal.reflect.DirectConstructorHandleAccessor.newInstance([Ljava/lang/Object;)Ljava/lang/Object;+60 java.base@21.0.2
j  java.lang.reflect.Constructor.newInstanceWithCaller([Ljava/lang/Object;ZLjava/lang/Class;)Ljava/lang/Object;+41 java.base@21.0.2
j  java.lang.reflect.Constructor.newInstance([Ljava/lang/Object;)Ljava/lang/Object;+30 java.base@21.0.2
j  io.cucumber.core.plugin.PluginFactory.newInstance(Ljava/lang/reflect/Constructor;[Ljava/lang/Object;)Lio/cucumber/plugin/Plugin;+2
j  io.cucumber.core.plugin.PluginFactory.instantiate(Ljava/lang/String;Ljava/lang/Class;Ljava/lang/String;)Lio/cucumber/plugin/Plugin;+245
j  io.cucumber.core.plugin.PluginFactory.create(Lio/cucumber/core/plugin/Options$Plugin;)Lio/cucumber/plugin/Plugin;+19
j  io.cucumber.core.plugin.Plugins.createPlugins()Ljava/util/List;+54
j  io.cucumber.core.plugin.Plugins.<init>(Lio/cucumber/core/plugin/PluginFactory;Lio/cucumber/core/plugin/Options;)V+16
j  io.cucumber.junit.Cucumber.<init>(Ljava/lang/Class;)V+263
j  java.lang.invoke.DirectMethodHandle$Holder.newInvokeSpecial(Ljava/lang/Object;Ljava/lang/Object;)Ljava/lang/Object;+16 java.base@21.0.2
j  java.lang.invoke.LambdaForm$MH+0x00000220b4014400.invoke(Ljava/lang/Object;Ljava/lang/Object;)Ljava/lang/Object;+31 java.base@21.0.2
j  java.lang.invoke.Invokers$Holder.invokeExact_MT(Ljava/lang/Object;Ljava/lang/Object;Ljava/lang/Object;)Ljava/lang/Object;+19 java.base@21.0.2
j  jdk.internal.reflect.DirectConstructorHandleAccessor.invokeImpl([Ljava/lang/Object;)Ljava/lang/Object;+53 java.base@21.0.2
j  jdk.internal.reflect.DirectConstructorHandleAccessor.newInstance([Ljava/lang/Object;)Ljava/lang/Object;+60 java.base@21.0.2
j  java.lang.reflect.Constructor.newInstanceWithCaller([Ljava/lang/Object;ZLjava/lang/Class;)Ljava/lang/Object;+41 java.base@21.0.2
j  java.lang.reflect.Constructor.newInstance([Ljava/lang/Object;)Ljava/lang/Object;+30 java.base@21.0.2
j  org.junit.internal.builders.AnnotatedBuilder.buildRunner(Ljava/lang/Class;Ljava/lang/Class;)Lorg/junit/runner/Runner;+22
j  org.junit.internal.builders.AnnotatedBuilder.runnerForClass(Ljava/lang/Class;)Lorg/junit/runner/Runner;+29
j  org.junit.runners.model.RunnerBuilder.safeRunnerForClass(Ljava/lang/Class;)Lorg/junit/runner/Runner;+2
j  org.junit.internal.builders.AllDefaultPossibilitiesBuilder.runnerForClass(Ljava/lang/Class;)Lorg/junit/runner/Runner;+73
j  org.junit.runners.model.RunnerBuilder.safeRunnerForClass(Ljava/lang/Class;)Lorg/junit/runner/Runner;+2
j  org.junit.internal.requests.ClassRequest.createRunner()Lorg/junit/runner/Runner;+13
j  org.junit.internal.requests.MemoizingRequest.getRunner()Lorg/junit/runner/Runner;+25
j  org.apache.maven.surefire.junit4.JUnit4Provider.execute(Ljava/lang/Class;Lorg/apache/maven/surefire/common/junit4/Notifier;Lorg/junit/runner/manipulation/Filter;)V+39
j  org.apache.maven.surefire.junit4.JUnit4Provider.executeWithRerun(Ljava/lang/Class;Lorg/apache/maven/surefire/common/junit4/Notifier;)V+60
j  org.apache.maven.surefire.junit4.JUnit4Provider.executeTestSet(Ljava/lang/Class;Lorg/apache/maven/surefire/api/report/RunListener;Lorg/apache/maven/surefire/common/junit4/Notifier;)V+30
j  org.apache.maven.surefire.junit4.JUnit4Provider.invoke(Ljava/lang/Object;)Lorg/apache/maven/surefire/api/suite/RunResult;+206
j  org.apache.maven.surefire.booter.ForkedBooter.runSuitesInProcess()V+12
j  org.apache.maven.surefire.booter.ForkedBooter.execute()V+1
j  org.apache.maven.surefire.booter.ForkedBooter.run(Lorg/apache/maven/surefire/booter/ForkedBooter;[Ljava/lang/String;)V+27
j  org.apache.maven.surefire.booter.ForkedBooter.main([Ljava/lang/String;)V+10
v  ~StubRoutines::call_stub 0x00000220a331100d

Compiled method (n/a)    2797 1063     n 0       java.lang.ClassLoader::defineClass1 (native)
 total in heap  [0x00000220a38f8a90,0x00000220a38f90f0] = 1632
 relocation     [0x00000220a38f8bf0,0x00000220a38f8c28] = 56
 main code      [0x00000220a38f8c40,0x00000220a38f90ef] = 1199
 stub code      [0x00000220a38f90ef,0x00000220a38f90f0] = 1

[Constant Pool (empty)]

[MachCode]
[Entry Point]
  # {method} {0x00000220b343b8f0} 'defineClass1' '(Ljava/lang/ClassLoader;Ljava/lang/String;[BIILjava/security/ProtectionDomain;Ljava/lang/String;)Ljava/lang/Class;' in 'java/lang/ClassLoader'
  # parm0:    rdx:rdx   = 'java/lang/ClassLoader'
  # parm1:    r8:r8     = 'java/lang/String'
  # parm2:    r9:r9     = '[B'
  # parm3:    rdi       = int
  # parm4:    rsi       = int
  # parm5:    rcx:rcx   = 'java/security/ProtectionDomain'
  # parm6:    [sp+0xa0]   = 'java/lang/String'  (sp of caller)
  0x00000220a38f8c40: 448b 5208 | 49bb 0000 | 00b3 2002 | 0000 4d03 | d349 3bc2 | 0f84 0600 

  0x00000220a38f8c58: ;   {runtime_call ic_miss_stub}
  0x00000220a38f8c58: 0000 e921 | 5ba6 ff90 
[Verified Entry Point]
  0x00000220a38f8c60: 8984 2400 | 80ff ff55 | 488b ec48 | 81ec 9000 | 0000 6690 | 4181 7f20 | 0100 0000 

  0x00000220a38f8c7c: ;   {runtime_call StubRoutines (final stubs)}
  0x00000220a38f8c7c: 7405 e8dd | c0a4 ff48 | 837d 1000 | 488d 4510 | 480f 4445 | 1048 8944 | 2440 4889 | 4c24 7048 
  0x00000220a38f8c9c: 83f9 0048 | 8d44 2470 | 480f 4444 | 2470 4889 | 4424 3848 | 8974 2430 | 4889 7c24 | 284c 894c 
  0x00000220a38f8cbc: 2458 4983 | f900 488d | 4424 5848 | 0f44 4424 | 5848 8944 | 2420 4c89 | 4424 5049 | 83f8 004c 
  0x00000220a38f8cdc: 8d4c 2450 | 4c0f 444c | 2450 4889 | 5424 4848 | 83fa 004c | 8d44 2448 | 4c0f 4444 

  0x00000220a38f8cf8: ;   {oop(a 'java/lang/Class'{0x000000072d684098} = 'java/lang/ClassLoader')}
  0x00000220a38f8cf8: 2448 49be | 9840 682d | 0700 0000 | 4c89 7424 | 784c 8d74 | 2478 498b | d6c5 f877 

  0x00000220a38f8d14: ;   {internal_word}
  0x00000220a38f8d14: 49ba 118d | 8fa3 2002 | 0000 4d89 | 97a0 0300 | 0049 89a7 | 9803 0000 

  0x00000220a38f8d2c: ;   {external_word}
  0x00000220a38f8d2c: 49ba deaa | 2bfe fa7f | 0000 4180 | 3a00 0f84 | 4e00 0000 | 5241 5041 

  0x00000220a38f8d44: ;   {metadata({method} {0x00000220b343b8f0} 'defineClass1' '(Ljava/lang/ClassLoader;Ljava/lang/String;[BIILjava/security/ProtectionDomain;Ljava/lang/String;)Ljava/lang/Class;' in 'java/lang/ClassLoader')}
  0x00000220a38f8d44: 5148 bae8 | b843 b320 | 0200 0049 | 8bcf 4883 | ec20 40f6 | c40f 0f84 | 1900 0000 | 4883 ec08 
  0x00000220a38f8d64: ;   {runtime_call}
  0x00000220a38f8d64: 48b8 90f4 | d5fd fa7f | 0000 ffd0 | 4883 c408 | e90c 0000 

  0x00000220a38f8d78: ;   {runtime_call}
  0x00000220a38f8d78: 0048 b890 | f4d5 fdfa | 7f00 00ff | d048 83c4 | 2041 5941 | 585a 498d | 8fb8 0300 | 0041 c787 
  0x00000220a38f8d98: 4c04 0000 | 0400 0000 

  0x00000220a38f8da0: ;   {runtime_call}
  0x00000220a38f8da0: 48b8 ac16 | 8588 fb7f | 0000 ffd0 | c5f8 7741 | c787 4c04 | 0000 0500 | 0000 f083 | 4424 c000 
  0x00000220a38f8dc0: 493b af50 | 0400 000f | 870e 0000 | 0041 83bf | 4804 0000 | 000f 842b | 0000 00c5 | f877 4889 
  0x00000220a38f8de0: 45f8 498b | cf4c 8be4 | 4883 ec20 | 4883 e4f0 

  0x00000220a38f8df0: ;   {runtime_call}
  0x00000220a38f8df0: 48b8 709d | a1fd fa7f | 0000 ffd0 | 498b e44d | 33e4 488b | 45f8 41c7 | 874c 0400 | 0008 0000 
  0x00000220a38f8e10: 0041 83bf | c804 0000 | 020f 84a3 

  0x00000220a38f8e1c: ;   {external_word}
  0x00000220a38f8e1c: 0200 0049 | bade aa2b | fefa 7f00 | 0041 803a | 000f 844c | 0000 0048 

  0x00000220a38f8e34: ;   {metadata({method} {0x00000220b343b8f0} 'defineClass1' '(Ljava/lang/ClassLoader;Ljava/lang/String;[BIILjava/security/ProtectionDomain;Ljava/lang/String;)Ljava/lang/Class;' in 'java/lang/ClassLoader')}
  0x00000220a38f8e34: 8945 f848 | bae8 b843 | b320 0200 | 0049 8bcf | 4883 ec20 | 40f6 c40f | 0f84 1900 | 0000 4883 
  0x00000220a38f8e54: ;   {runtime_call}
  0x00000220a38f8e54: ec08 48b8 | 90f4 d5fd | fa7f 0000 | ffd0 4883 | c408 e90c 

  0x00000220a38f8e68: ;   {runtime_call}
  0x00000220a38f8e68: 0000 0048 | b890 f4d5 | fdfa 7f00 | 00ff d048 | 83c4 2048 | 8b45 f849 | c787 9803 | 0000 0000 
  0x00000220a38f8e88: 0000 49c7 | 87a0 0300 | 0000 0000 | 00c5 f877 | 4885 c00f | 84fe 0100 | 00a8 030f | 8508 0000 
  0x00000220a38f8ea8: 0048 8b00 | e9ee 0100 | 00a8 010f | 8509 0000 | 0048 8b40 | fee9 dd01 | 0000 488b | 40ff 4180 
  0x00000220a38f8ec8: 7f40 000f | 84ce 0100 | 0048 83f8 | 000f 84c4 | 0100 0049 | 8b4f 2848 | 83f9 000f | 8414 0000 
  0x00000220a38f8ee8: 0048 83e9 | 0849 894f | 2849 034f | 3848 8901 | e9a2 0100 | 0048 81ec | d000 0000 | 4889 0424 
  0x00000220a38f8f08: 4889 4c24 | 0848 8954 | 2410 4889 | 7424 1848 | 897c 2420 | 4c89 4424 | 284c 894c | 2430 4c89 
  0x00000220a38f8f28: 5424 384c | 895c 2440 | c5fb 1144 | 2450 c5fb | 114c 2458 | c5fb 1154 | 2460 c5fb | 115c 2468 
  0x00000220a38f8f48: c5fb 1164 | 2470 c5fb | 116c 2478 | c5fb 11b4 | 2480 0000 | 00c5 fb11 | bc24 8800 | 0000 c57b 
  0x00000220a38f8f68: ;   {no_reloc}
  0x00000220a38f8f68: 1184 2490 | 0000 00c5 | 7b11 8c24 | 9800 0000 | c57b 1194 | 24a0 0000 | 00c5 7b11 | 9c24 a800 
  0x00000220a38f8f88: 0000 c57b | 11a4 24b0 | 0000 00c5 | 7b11 ac24 | b800 0000 | c57b 11b4 | 24c0 0000 | 00c5 7b11 
  0x00000220a38f8fa8: bc24 c800 | 0000 498b | d748 8bc8 | 4883 ec20 | 40f6 c40f | 0f84 1900 | 0000 4883 

  0x00000220a38f8fc4: ;   {runtime_call}
  0x00000220a38f8fc4: ec08 48b8 | 300c 95fd | fa7f 0000 | ffd0 4883 | c408 e90c 

  0x00000220a38f8fd8: ;   {runtime_call}
  0x00000220a38f8fd8: 0000 0048 | b830 0c95 | fdfa 7f00 | 00ff d048 | 83c4 20c5 | 7b10 bc24 | c800 0000 | c57b 10b4 
  0x00000220a38f8ff8: 24c0 0000 | 00c5 7b10 | ac24 b800 | 0000 c57b | 10a4 24b0 | 0000 00c5 | 7b10 9c24 | a800 0000 
  0x00000220a38f9018: c57b 1094 | 24a0 0000 | 00c5 7b10 | 8c24 9800 | 0000 c57b | 1084 2490 | 0000 00c5 | fb10 bc24 
  0x00000220a38f9038: 8800 0000 | c5fb 10b4 | 2480 0000 | 00c5 fb10 | 6c24 78c5 | fb10 6424 | 70c5 fb10 | 5c24 68c5 
  0x00000220a38f9058: fb10 5424 | 60c5 fb10 | 4c24 58c5 | fb10 4424 | 504c 8b5c | 2440 4c8b | 5424 384c | 8b4c 2430 
  0x00000220a38f9078: 4c8b 4424 | 2848 8b7c | 2420 488b | 7424 1848 | 8b54 2410 | 488b 4c24 | 0848 8b04 | 2448 81c4 
  0x00000220a38f9098: d000 0000 | c5f8 7749 | 8b8f 2804 | 0000 c781 | 0001 0000 | 0000 0000 | c949 837f | 0800 0f85 
  0x00000220a38f90b8: 0100 0000 

  0x00000220a38f90bc: ;   {runtime_call StubRoutines (initial stubs)}
  0x00000220a38f90bc: c3e9 3e7e | a1ff c5f8 | 7748 8945 | f84c 8be4 | 4883 ec20 | 4883 e4f0 

  0x00000220a38f90d4: ;   {runtime_call}
  0x00000220a38f90d4: 48b8 702c | d6fd fa7f | 0000 ffd0 | 498b e44d | 33e4 488b | 45f8 e930 | fdff fff4 
[/MachCode]


Compiled method (c1)    2850 1280       3       java.lang.ClassLoader::defineClass (43 bytes)
 total in heap  [0x000002209c04ae10,0x000002209c04b778] = 2408
 relocation     [0x000002209c04af70,0x000002209c04b010] = 160
 main code      [0x000002209c04b020,0x000002209c04b4d0] = 1200
 stub code      [0x000002209c04b4d0,0x000002209c04b548] = 120
 metadata       [0x000002209c04b548,0x000002209c04b578] = 48
 scopes data    [0x000002209c04b578,0x000002209c04b668] = 240
 scopes pcs     [0x000002209c04b668,0x000002209c04b748] = 224
 dependencies   [0x000002209c04b748,0x000002209c04b750] = 8
 nul chk table  [0x000002209c04b750,0x000002209c04b778] = 40

[Constant Pool (empty)]

[MachCode]
[Entry Point]
  # {method} {0x00000220b343bc70} 'defineClass' '(Ljava/lang/String;[BIILjava/security/ProtectionDomain;)Ljava/lang/Class;' in 'java/lang/ClassLoader'
  # this:     rdx:rdx   = 'java/lang/ClassLoader'
  # parm0:    r8:r8     = 'java/lang/String'
  # parm1:    r9:r9     = '[B'
  # parm2:    rdi       = int
  # parm3:    rsi       = int
  # parm4:    rcx:rcx   = 'java/security/ProtectionDomain'
  #           [sp+0xc0]  (sp of caller)
  0x000002209c04b020: 448b 5208 | 49bb 0000 | 00b3 2002 | 0000 4d03 | d34c 3bd0 

  0x000002209c04b034: ;   {runtime_call ic_miss_stub}
  0x000002209c04b034: 0f85 4637 | 3107 660f | 1f44 0000 
[Verified Entry Point]
  0x000002209c04b040: 8984 2400 | 80ff ff55 | 4881 ecb0 | 0000 0090 | 4181 7f20 | 0100 0000 

  0x000002209c04b058: ;   {runtime_call StubRoutines (final stubs)}
  0x000002209c04b058: 7405 e801 | 9d2f 0748 | 8954 2478 

  0x000002209c04b064: ;   {metadata(method data for {method} {0x00000220b343bc70} 'defineClass' '(Ljava/lang/String;[BIILjava/security/ProtectionDomain;)Ljava/lang/Class;' in 'java/lang/ClassLoader')}
  0x000002209c04b064: 48bb f89f | 2ff4 2002 | 0000 8b83 | cc00 0000 | 83c0 0289 | 83cc 0000 | 0025 fe07 | 0000 85c0 
  0x000002209c04b084: 0f84 6803 | 0000 89b4 | 2494 0000 | 0089 bc24 | 9000 0000 | 4c89 8c24 | 8800 0000 

  0x000002209c04b0a0: ;   {metadata(method data for {method} {0x00000220b343bc70} 'defineClass' '(Ljava/lang/String;[BIILjava/security/ProtectionDomain;)Ljava/lang/Class;' in 'java/lang/ClassLoader')}
  0x000002209c04b0a0: 488b da48 | b8f8 9f2f | f420 0200 | 0048 8380 | 1001 0000 | 0149 8bd8 | 4c8b c34c | 8bc9 488b 
  0x000002209c04b0c0: ca48 8bd1 | 4889 9c24 | 8000 0000 

  0x000002209c04b0cc: ;   {optimized virtual_call}
  0x000002209c04b0cc: 6666 90e8 

  0x000002209c04b0d0: ; ImmutableOopMap {[120]=Oop [128]=Oop [136]=Oop }
                      ;*invokevirtual preDefineClass {reexecute=0 rethrow=0 return_oop=0}
                      ; - java.lang.ClassLoader::defineClass@4 (line 1025)
  0x000002209c04b0d0: cc8c f8ff 

  0x000002209c04b0d4: ;   {other}
  0x000002209c04b0d4: 0f1f 8400 | c402 0000 | 4889 8424 | 9800 0000 | 488b 5424 

  0x000002209c04b0e8: ;   {metadata(method data for {method} {0x00000220b343bc70} 'defineClass' '(Ljava/lang/String;[BIILjava/security/ProtectionDomain;)Ljava/lang/Class;' in 'java/lang/ClassLoader')}
  0x000002209c04b0e8: 7849 b8f8 | 9f2f f420 | 0200 0049 | 8380 4801 

  0x000002209c04b0f8: ;   {metadata(method data for {method} {0x00000220b343b958} 'defineClassSourceLocation' '(Ljava/security/ProtectionDomain;)Ljava/lang/String;' in 'java/lang/ClassLoader')}
  0x000002209c04b0f8: 0000 0149 | b848 5228 | f420 0200 | 0041 8b90 | cc00 0000 | 83c2 0241 | 8990 cc00 | 0000 81e2 
  0x000002209c04b118: feff 1f00 | 85d2 0f84 | ef02 0000 

  0x000002209c04b124: ; implicit exception: dispatches to 0x000002209c04b434
  0x000002209c04b124: 483b 004c 

  0x000002209c04b128: ;   {metadata(method data for {method} {0x00000220b343b958} 'defineClassSourceLocation' '(Ljava/security/ProtectionDomain;)Ljava/lang/String;' in 'java/lang/ClassLoader')}
  0x000002209c04b128: 8bc0 48ba | 4852 28f4 | 2002 0000 | 4883 8210 | 0100 0001 | 448b 4010 | 49c1 e003 

  0x000002209c04b144: ;   {metadata(method data for {method} {0x00000220b343b958} 'defineClassSourceLocation' '(Ljava/security/ProtectionDomain;)Ljava/lang/String;' in 'java/lang/ClassLoader')}
  0x000002209c04b144: 4d85 c048 | ba48 5228 | f420 0200 | 0048 be58 | 0100 0000 | 0000 0075 | 0a48 be48 | 0100 0000 
  0x000002209c04b164: 0000 0048 | 8b3c 3248 | 8d7f 0148 | 893c 320f | 850f 0000 

  0x000002209c04b178: ;   {oop(nullptr)}
  0x000002209c04b178: 0048 bb00 | 0000 0000 | 0000 00e9 | af01 0000 

  0x000002209c04b188: ; implicit exception: dispatches to 0x000002209c04b439
  0x000002209c04b188: 493b 0049 

  0x000002209c04b18c: ;   {metadata(method data for {method} {0x00000220b343b958} 'defineClassSourceLocation' '(Ljava/security/ProtectionDomain;)Ljava/lang/String;' in 'java/lang/ClassLoader')}
  0x000002209c04b18c: 8bd0 48be | 4852 28f4 | 2002 0000 | 4883 8668 | 0100 0001 | 418b 500c | 48c1 e203 

  0x000002209c04b1a8: ;   {metadata(method data for {method} {0x00000220b343b958} 'defineClassSourceLocation' '(Ljava/security/ProtectionDomain;)Ljava/lang/String;' in 'java/lang/ClassLoader')}
  0x000002209c04b1a8: 4885 d248 | be48 5228 | f420 0200 | 0048 bfb0 | 0100 0000 | 0000 0075 | 0a48 bfa0 | 0100 0000 
  0x000002209c04b1c8: 0000 0048 | 8b1c 3e48 | 8d5b 0148 | 891c 3e0f | 850f 0000 

  0x000002209c04b1dc: ;   {oop(nullptr)}
  0x000002209c04b1dc: 0048 bb00 | 0000 0000 | 0000 00e9 | 4b01 0000 

  0x000002209c04b1ec: ;   {metadata(method data for {method} {0x00000220b343b958} 'defineClassSourceLocation' '(Ljava/security/ProtectionDomain;)Ljava/lang/String;' in 'java/lang/ClassLoader')}
  0x000002209c04b1ec: 48be 4852 | 28f4 2002 | 0000 4883 | 86c0 0100 | 0001 483b | 024c 8bc2 

  0x000002209c04b204: ;   {metadata(method data for {method} {0x00000220b343b958} 'defineClassSourceLocation' '(Ljava/security/ProtectionDomain;)Ljava/lang/String;' in 'java/lang/ClassLoader')}
  0x000002209c04b204: 48be 4852 | 28f4 2002 | 0000 4883 | 86f8 0100 

  0x000002209c04b214: ;   {metadata(method data for {method} {0x00000220b301aa98} 'toString' '()Ljava/lang/String;' in 'java/net/URL')}
  0x000002209c04b214: 0001 49b8 | 78e0 1df4 | 2002 0000 | 418b b0cc | 0000 0083 | c602 4189 | b0cc 0000 | 0081 e6fe 
  0x000002209c04b234: ff1f 0085 | f60f 8404 | 0200 004c 

  0x000002209c04b240: ;   {metadata(method data for {method} {0x00000220b301aa98} 'toString' '()Ljava/lang/String;' in 'java/net/URL')}
  0x000002209c04b240: 8bc2 48be | 78e0 1df4 | 2002 0000 | 4883 8610 | 0100 0001 

  0x000002209c04b254: ;   {metadata(method data for {method} {0x00000220b342f570} 'toExternalForm' '()Ljava/lang/String;' in 'java/net/URL')}
  0x000002209c04b254: 49b8 00e2 | 1df4 2002 | 0000 418b | b0cc 0000 | 0083 c602 | 4189 b0cc | 0000 0081 | e6fe ff1f 
  0x000002209c04b274: 0085 f60f | 84e7 0100 | 008b 7238 | 48c1 e603 

  0x000002209c04b284: ; implicit exception: dispatches to 0x000002209c04b485
  0x000002209c04b284: 483b 064c 

  0x000002209c04b288: ;   {metadata(method data for {method} {0x00000220b342f570} 'toExternalForm' '()Ljava/lang/String;' in 'java/net/URL')}
  0x000002209c04b288: 8bc6 48bf | 00e2 1df4 | 2002 0000 | 458b 4008 | 49ba 0000 | 00b3 2002 | 0000 4d03 | c24c 3b87 
  0x000002209c04b2a8: 2001 0000 | 750d 4883 | 8728 0100 | 0001 e960 | 0000 004c | 3b87 3001 | 0000 750d | 4883 8738 
  0x000002209c04b2c8: 0100 0001 | e94a 0000 | 0048 83bf | 2001 0000 | 0075 174c | 8987 2001 | 0000 48c7 | 8728 0100 
  0x000002209c04b2e8: 0001 0000 | 00e9 2900 | 0000 4883 | bf30 0100 | 0000 7517 | 4c89 8730 | 0100 0048 | c787 3801 
  0x000002209c04b308: 0000 0100 | 0000 e908 | 0000 0048 | 8387 1001 | 0000 014c | 8bc2 488b | d666 0f1f 

  0x000002209c04b324: ;   {optimized virtual_call}
  0x000002209c04b324: 4400 00e8 

  0x000002209c04b328: ; ImmutableOopMap {[120]=Oop [128]=Oop [136]=Oop [152]=Oop }
                      ;*invokevirtual toExternalForm {reexecute=0 rethrow=0 return_oop=0}
                      ; - java.net.URL::toExternalForm@5 (line 1203)
                      ; - java.net.URL::toString@1 (line 1189)
                      ; - java.lang.ClassLoader::defineClassSourceLocation@22 (line 927)
                      ; - java.lang.ClassLoader::defineClass@12 (line 1026)
  0x000002209c04b328: 74f1 f6ff 

  0x000002209c04b32c: ;   {other}
  0x000002209c04b32c: 0f1f 8400 | 1c05 0001 | 488b d848 | 8b84 2498 | 0000 008b | b424 9400 | 0000 8bbc | 2490 0000 
  0x000002209c04b34c: 004c 8b8c | 2488 0000 | 004c 8b84 | 2480 0000 | 0048 8b54 

  0x000002209c04b360: ;   {metadata(method data for {method} {0x00000220b343bc70} 'defineClass' '(Ljava/lang/String;[BIILjava/security/ProtectionDomain;)Ljava/lang/Class;' in 'java/lang/ClassLoader')}
  0x000002209c04b360: 2478 48b9 | f89f 2ff4 | 2002 0000 | 4883 8180 | 0100 0001 | 4c8b da49 | 8bd3 488b | c848 891c 
  0x000002209c04b380: 2466 0f1f 

  0x000002209c04b384: ;   {static_call}
  0x000002209c04b384: 4400 00e8 

  0x000002209c04b388: ; ImmutableOopMap {[120]=Oop [152]=Oop }
                      ;*invokestatic defineClass1 {reexecute=0 rethrow=0 return_oop=0}
                      ; - java.lang.ClassLoader::defineClass@27 (line 1027)
  0x000002209c04b388: d4d8 8a07 

  0x000002209c04b38c: ;   {other}
  0x000002209c04b38c: 0f1f 8400 | 7c05 0002 | 488b 5424 

  0x000002209c04b398: ;   {metadata(method data for {method} {0x00000220b343bc70} 'defineClass' '(Ljava/lang/String;[BIILjava/security/ProtectionDomain;)Ljava/lang/Class;' in 'java/lang/ClassLoader')}
  0x000002209c04b398: 7849 b8f8 | 9f2f f420 | 0200 0049 | 8380 9001 | 0000 014c | 8bc0 4c8b | 8c24 9800 | 0000 488b 
  0x000002209c04b3b8: 5424 7848 | 8984 24a0 | 0000 000f 

  0x000002209c04b3c4: ;   {optimized virtual_call}
  0x000002209c04b3c4: 1f40 00e8 

  0x000002209c04b3c8: ; ImmutableOopMap {[160]=Oop }
                      ;*invokevirtual postDefineClass {reexecute=0 rethrow=0 return_oop=0}
                      ; - java.lang.ClassLoader::defineClass@37 (line 1028)
  0x000002209c04b3c8: 54c2 f8ff 

  0x000002209c04b3cc: ;   {other}
  0x000002209c04b3cc: 0f1f 8400 | bc05 0003 | 488b 8424 | a000 0000 | 4881 c4b0 | 0000 005d 

  0x000002209c04b3e4: ;   {poll_return}
  0x000002209c04b3e4: 493b a750 | 0400 000f | 8799 0000 

  0x000002209c04b3f0: ;   {metadata({method} {0x00000220b343bc70} 'defineClass' '(Ljava/lang/String;[BIILjava/security/ProtectionDomain;)Ljava/lang/Class;' in 'java/lang/ClassLoader')}
  0x000002209c04b3f0: 00c3 49ba | 68bc 43b3 | 2002 0000 | 4c89 5424 | 0848 c704 | 24ff ffff 

  0x000002209c04b408: ;   {runtime_call counter_overflow Runtime1 stub}
  0x000002209c04b408: ffe8 f2dc 

  0x000002209c04b40c: ; ImmutableOopMap {rdx=Oop r8=Oop r9=Oop rcx=Oop [120]=Oop }
                      ;*synchronization entry
                      ; - java.lang.ClassLoader::defineClass@-1 (line 1025)
  0x000002209c04b40c: 3d07 e977 

  0x000002209c04b410: ;   {metadata({method} {0x00000220b343b958} 'defineClassSourceLocation' '(Ljava/security/ProtectionDomain;)Ljava/lang/String;' in 'java/lang/ClassLoader')}
  0x000002209c04b410: fcff ff49 | ba50 b943 | b320 0200 | 004c 8954 | 2408 48c7 | 0424 ffff 

  0x000002209c04b428: ;   {runtime_call counter_overflow Runtime1 stub}
  0x000002209c04b428: ffff e8d1 

  0x000002209c04b42c: ; ImmutableOopMap {rax=Oop [120]=Oop [128]=Oop [136]=Oop [152]=Oop }
                      ;*synchronization entry
                      ; - java.lang.ClassLoader::defineClassSourceLocation@-1 (line 924)
                      ; - java.lang.ClassLoader::defineClass@12 (line 1026)
  0x000002209c04b42c: dc3d 07e9 | f0fc ffff 

  0x000002209c04b434: ;   {runtime_call throw_null_pointer_exception Runtime1 stub}
  0x000002209c04b434: e8c7 6f3d 

  0x000002209c04b438: ; ImmutableOopMap {rax=Oop [120]=Oop [128]=Oop [136]=Oop [152]=Oop }
                      ;*invokevirtual getCodeSource {reexecute=0 rethrow=0 return_oop=0}
                      ; - java.lang.ClassLoader::defineClassSourceLocation@1 (line 924)
                      ; - java.lang.ClassLoader::defineClass@12 (line 1026)
                      ;   {runtime_call throw_null_pointer_exception Runtime1 stub}
  0x000002209c04b438: 07e8 c26f 

  0x000002209c04b43c: ; ImmutableOopMap {rax=Oop r8=Oop [120]=Oop [128]=Oop [136]=Oop [152]=Oop }
                      ;*invokevirtual getLocation {reexecute=0 rethrow=0 return_oop=0}
                      ; - java.lang.ClassLoader::defineClassSourceLocation@12 (line 926)
                      ; - java.lang.ClassLoader::defineClass@12 (line 1026)
                      ;   {runtime_call throw_null_pointer_exception Runtime1 stub}
  0x000002209c04b43c: 3d07 e8bd 

  0x000002209c04b440: ; ImmutableOopMap {rdx=Oop [120]=Oop [128]=Oop [136]=Oop [152]=Oop }
                      ;*invokevirtual toString {reexecute=0 rethrow=0 return_oop=0}
                      ; - java.lang.ClassLoader::defineClassSourceLocation@22 (line 927)
                      ; - java.lang.ClassLoader::defineClass@12 (line 1026)
                      ;   {metadata({method} {0x00000220b301aa98} 'toString' '()Ljava/lang/String;' in 'java/net/URL')}
  0x000002209c04b440: 6f3d 0749 | ba90 aa01 | b320 0200 | 004c 8954 | 2408 48c7 | 0424 ffff 

  0x000002209c04b458: ;   {runtime_call counter_overflow Runtime1 stub}
  0x000002209c04b458: ffff e8a1 

  0x000002209c04b45c: ; ImmutableOopMap {rdx=Oop [120]=Oop [128]=Oop [136]=Oop [152]=Oop }
                      ;*synchronization entry
                      ; - java.net.URL::toString@-1 (line 1189)
                      ; - java.lang.ClassLoader::defineClassSourceLocation@22 (line 927)
                      ; - java.lang.ClassLoader::defineClass@12 (line 1026)
  0x000002209c04b45c: dc3d 07e9 | dbfd ffff 

  0x000002209c04b464: ;   {metadata({method} {0x00000220b342f570} 'toExternalForm' '()Ljava/lang/String;' in 'java/net/URL')}
  0x000002209c04b464: 49ba 68f5 | 42b3 2002 | 0000 4c89 | 5424 0848 | c704 24ff 

  0x000002209c04b478: ;   {runtime_call counter_overflow Runtime1 stub}
  0x000002209c04b478: ffff ffe8 

  0x000002209c04b47c: ; ImmutableOopMap {rdx=Oop [120]=Oop [128]=Oop [136]=Oop [152]=Oop }
                      ;*synchronization entry
                      ; - java.net.URL::toExternalForm@-1 (line 1203)
                      ; - java.net.URL::toString@1 (line 1189)
                      ; - java.lang.ClassLoader::defineClassSourceLocation@22 (line 927)
                      ; - java.lang.ClassLoader::defineClass@12 (line 1026)
  0x000002209c04b47c: 80dc 3d07 | e9f8 fdff 

  0x000002209c04b484: ;   {runtime_call throw_null_pointer_exception Runtime1 stub}
  0x000002209c04b484: ffe8 766f 

  0x000002209c04b488: ; ImmutableOopMap {rdx=Oop rsi=Oop [120]=Oop [128]=Oop [136]=Oop [152]=Oop }
                      ;*invokevirtual toExternalForm {reexecute=0 rethrow=0 return_oop=0}
                      ; - java.net.URL::toExternalForm@5 (line 1203)
                      ; - java.net.URL::toString@1 (line 1189)
                      ; - java.lang.ClassLoader::defineClassSourceLocation@22 (line 927)
                      ; - java.lang.ClassLoader::defineClass@12 (line 1026)
                      ;   {internal_word}
  0x000002209c04b488: 3d07 49ba | e4b3 049c | 2002 0000 | 4d89 9768 

  0x000002209c04b498: ;   {runtime_call SafepointBlob}
  0x000002209c04b498: 0400 00e9 | 60a2 3107 | 498b 8700 | 0500 0049 | c787 0005 | 0000 0000 | 0000 49c7 | 8708 0500 
  0x000002209c04b4b8: 0000 0000 | 0048 81c4 | b000 0000 

  0x000002209c04b4c4: ;   {runtime_call unwind_exception Runtime1 stub}
  0x000002209c04b4c4: 5de9 364e | 3d07 f4f4 | f4f4 f4f4 
[Stub Code]
  0x000002209c04b4d0: ;   {no_reloc}
  0x000002209c04b4d0: 0f1f 4400 

  0x000002209c04b4d4: ;   {static_stub}
  0x000002209c04b4d4: 0048 bb00 | 0000 0000 

  0x000002209c04b4dc: ;   {runtime_call}
  0x000002209c04b4dc: 0000 00e9 | fbff ffff 

  0x000002209c04b4e4: ;   {static_stub}
  0x000002209c04b4e4: 48bb 0000 | 0000 0000 

  0x000002209c04b4ec: ;   {runtime_call}
  0x000002209c04b4ec: 0000 e9fb 

  0x000002209c04b4f0: ;   {static_stub}
  0x000002209c04b4f0: ffff ff48 | bb00 0000 | 0000 0000 

  0x000002209c04b4fc: ;   {runtime_call}
  0x000002209c04b4fc: 00e9 fbff 

  0x000002209c04b500: ;   {static_stub}
  0x000002209c04b500: ffff 48bb | 0000 0000 | 0000 0000 

  0x000002209c04b50c: ;   {runtime_call}
  0x000002209c04b50c: e9fb ffff 

  0x000002209c04b510: ;   {runtime_call handle_exception_from_callee Runtime1 stub}
  0x000002209c04b510: ffe8 6aa4 

  0x000002209c04b514: ;   {external_word}
  0x000002209c04b514: 3d07 48b9 | 60f0 01fe | fa7f 0000 | 4883 e4f0 

  0x000002209c04b524: ;   {runtime_call}
  0x000002209c04b524: 48b8 2003 | c5fd fa7f | 0000 ffd0 

  0x000002209c04b530: ;   {section_word}
  0x000002209c04b530: f449 ba31 | b504 9c20 | 0200 0041 

  0x000002209c04b53c: ;   {runtime_call DeoptimizationBlob}
  0x000002209c04b53c: 52e9 5e94 | 3107 f4f4 | f4f4 f4f4 
[/MachCode]


Compiled method (c1)    2934 1250       3       java.security.SecureClassLoader::defineClass (16 bytes)
 total in heap  [0x000002209c037290,0x000002209c037690] = 1024
 relocation     [0x000002209c0373f0,0x000002209c037440] = 80
 main code      [0x000002209c037440,0x000002209c037598] = 344
 stub code      [0x000002209c037598,0x000002209c0375e8] = 80
 metadata       [0x000002209c0375e8,0x000002209c0375f0] = 8
 scopes data    [0x000002209c0375f0,0x000002209c037638] = 72
 scopes pcs     [0x000002209c037638,0x000002209c037688] = 80
 dependencies   [0x000002209c037688,0x000002209c037690] = 8

[Constant Pool (empty)]

[MachCode]
[Entry Point]
  # {method} {0x00000220b304d810} 'defineClass' '(Ljava/lang/String;[BIILjava/security/CodeSource;)Ljava/lang/Class;' in 'java/security/SecureClassLoader'
  # this:     rdx:rdx   = 'java/security/SecureClassLoader'
  # parm0:    r8:r8     = 'java/lang/String'
  # parm1:    r9:r9     = '[B'
  # parm2:    rdi       = int
  # parm3:    rsi       = int
  # parm4:    rcx:rcx   = 'java/security/CodeSource'
  #           [sp+0x80]  (sp of caller)
  0x000002209c037440: 448b 5208 | 49bb 0000 | 00b3 2002 | 0000 4d03 | d34c 3bd0 

  0x000002209c037454: ;   {runtime_call ic_miss_stub}
  0x000002209c037454: 0f85 2673 | 3207 660f | 1f44 0000 
[Verified Entry Point]
  0x000002209c037460: 8984 2400 | 80ff ff55 | 4883 ec70 | 4181 7f20 | 0100 0000 

  0x000002209c037474: ;   {runtime_call StubRoutines (final stubs)}
  0x000002209c037474: 7405 e8e5 

  0x000002209c037478: ;   {metadata(method data for {method} {0x00000220b304d810} 'defineClass' '(Ljava/lang/String;[BIILjava/security/CodeSource;)Ljava/lang/Class;' in 'java/security/SecureClassLoader')}
  0x000002209c037478: d830 0748 | bba8 1d27 | f420 0200 | 008b 83cc | 0000 0083 | c002 8983 | cc00 0000 | 25fe 0700 
  0x000002209c037498: 0085 c00f | 8496 0000 | 0089 7424 | 5c89 7c24 | 584c 894c | 2450 4c89 | 4424 4848 

  0x000002209c0374b4: ;   {metadata(method data for {method} {0x00000220b304d810} 'defineClass' '(Ljava/lang/String;[BIILjava/security/CodeSource;)Ljava/lang/Class;' in 'java/security/SecureClassLoader')}
  0x000002209c0374b4: 8bda 48b8 | a81d 27f4 | 2002 0000 | 4883 8010 | 0100 0001 | 4c8b c148 | 8bc2 488b | d048 8944 
  0x000002209c0374d4: ;   {optimized virtual_call}
  0x000002209c0374d4: 2440 90e8 

  0x000002209c0374d8: ; ImmutableOopMap {[64]=Oop [72]=Oop [80]=Oop }
                      ;*invokevirtual getProtectionDomain {reexecute=0 rethrow=0 return_oop=0}
                      ; - java.security.SecureClassLoader::defineClass@9 (line 150)
  0x000002209c0374d8: c4e8 f3ff 

  0x000002209c0374dc: ;   {other}
  0x000002209c0374dc: 0f1f 8400 | 4c02 0000 | 488b 5424 

  0x000002209c0374e8: ;   {metadata(method data for {method} {0x00000220b304d810} 'defineClass' '(Ljava/lang/String;[BIILjava/security/CodeSource;)Ljava/lang/Class;' in 'java/security/SecureClassLoader')}
  0x000002209c0374e8: 4049 b8a8 | 1d27 f420 | 0200 0049 | 8380 4801 | 0000 014c | 8b44 2448 | 4c8b 4c24 | 508b 7c24 
  0x000002209c037508: 588b 7424 | 5c48 8bc8 | 488b 5424 

  0x000002209c037514: ;   {optimized virtual_call}
  0x000002209c037514: 4066 90e8 

  0x000002209c037518: ; ImmutableOopMap {}
                      ;*invokevirtual defineClass {reexecute=0 rethrow=0 return_oop=0}
                      ; - java.security.SecureClassLoader::defineClass@12 (line 150)
  0x000002209c037518: 243b 0100 

  0x000002209c03751c: ;   {other}
  0x000002209c03751c: 0f1f 8400 | 8c02 0001 | 4883 c470 

  0x000002209c037528: ;   {poll_return}
  0x000002209c037528: 5d49 3ba7 | 5004 0000 | 0f87 2200 

  0x000002209c037534: ;   {metadata({method} {0x00000220b304d810} 'defineClass' '(Ljava/lang/String;[BIILjava/security/CodeSource;)Ljava/lang/Class;' in 'java/security/SecureClassLoader')}
  0x000002209c037534: 0000 c349 | ba08 d804 | b320 0200 | 004c 8954 | 2408 48c7 | 0424 ffff 

  0x000002209c03754c: ;   {runtime_call counter_overflow Runtime1 stub}
  0x000002209c03754c: ffff e8ad 

  0x000002209c037550: ; ImmutableOopMap {rdx=Oop r8=Oop r9=Oop rcx=Oop }
                      ;*synchronization entry
                      ; - java.security.SecureClassLoader::defineClass@-1 (line 150)
  0x000002209c037550: 1b3f 07e9 | 49ff ffff 

  0x000002209c037558: ;   {internal_word}
  0x000002209c037558: 49ba 2975 | 039c 2002 | 0000 4d89 | 9768 0400 

  0x000002209c037568: ;   {runtime_call SafepointBlob}
  0x000002209c037568: 00e9 92e1 | 3207 498b | 8700 0500 | 0049 c787 | 0005 0000 | 0000 0000 | 49c7 8708 | 0500 0000 
  0x000002209c037588: 0000 0048 | 83c4 705d 

  0x000002209c037590: ;   {runtime_call unwind_exception Runtime1 stub}
  0x000002209c037590: e96b 8d3e | 07f4 f4f4 
[Stub Code]
  0x000002209c037598: ;   {no_reloc}
  0x000002209c037598: 48bb 0000 | 0000 0000 

  0x000002209c0375a0: ;   {runtime_call}
  0x000002209c0375a0: 0000 e9fb 

  0x000002209c0375a4: ;   {static_stub}
  0x000002209c0375a4: ffff ff48 | bb68 bc43 | b320 0200 

  0x000002209c0375b0: ;   {runtime_call I2C/C2I adapters}
  0x000002209c0375b0: 00e9 bf9b 

  0x000002209c0375b4: ;   {runtime_call handle_exception_from_callee Runtime1 stub}
  0x000002209c0375b4: 3107 e8c5 

  0x000002209c0375b8: ;   {external_word}
  0x000002209c0375b8: e33e 0748 | b960 f001 | fefa 7f00 | 0048 83e4 

  0x000002209c0375c8: ;   {runtime_call}
  0x000002209c0375c8: f048 b820 | 03c5 fdfa | 7f00 00ff 

  0x000002209c0375d4: ;   {section_word}
  0x000002209c0375d4: d0f4 49ba | d675 039c | 2002 0000 

  0x000002209c0375e0: ;   {runtime_call DeoptimizationBlob}
  0x000002209c0375e0: 4152 e9b9 | d332 07f4 
[/MachCode]


---------------  P R O C E S S  ---------------

Threads class SMR info:
_java_thread_list=0x00000220f8347220, length=12, elements={
0x0000022093709880, 0x00000220b21074e0, 0x00000220b2108dd0, 0x00000220b210fa60,
0x00000220b21134e0, 0x00000220b2114af0, 0x00000220b2115cf0, 0x00000220b2119e80,
0x00000220b211f3a0, 0x00000220b23b8330, 0x00000220b23d0260, 0x00000220b245e0b0
}

Java Threads: ( => current thread )
=>0x0000022093709880 JavaThread "main"                              [_thread_in_vm, id=1300, stack(0x000000510b800000,0x000000510b900000) (1024K)]
  0x00000220b21074e0 JavaThread "Reference Handler"          daemon [_thread_blocked, id=17728, stack(0x000000510c000000,0x000000510c100000) (1024K)]
  0x00000220b2108dd0 JavaThread "Finalizer"                  daemon [_thread_blocked, id=8920, stack(0x000000510c100000,0x000000510c200000) (1024K)]
  0x00000220b210fa60 JavaThread "Signal Dispatcher"          daemon [_thread_blocked, id=25256, stack(0x000000510c200000,0x000000510c300000) (1024K)]
  0x00000220b21134e0 JavaThread "Attach Listener"            daemon [_thread_blocked, id=14092, stack(0x000000510c300000,0x000000510c400000) (1024K)]
  0x00000220b2114af0 JavaThread "Service Thread"             daemon [_thread_blocked, id=6688, stack(0x000000510c400000,0x000000510c500000) (1024K)]
  0x00000220b2115cf0 JavaThread "Monitor Deflation Thread"   daemon [_thread_blocked, id=26576, stack(0x000000510c500000,0x000000510c600000) (1024K)]
  0x00000220b2119e80 JavaThread "C2 CompilerThread0"         daemon [_thread_blocked, id=4456, stack(0x000000510c600000,0x000000510c700000) (1024K)]
  0x00000220b211f3a0 JavaThread "C1 CompilerThread0"         daemon [_thread_blocked, id=17412, stack(0x000000510c700000,0x000000510c800000) (1024K)]
  0x00000220b23b8330 JavaThread "Notification Thread"        daemon [_thread_blocked, id=22788, stack(0x000000510c800000,0x000000510c900000) (1024K)]
  0x00000220b23d0260 JavaThread "Common-Cleaner"             daemon [_thread_blocked, id=41560, stack(0x000000510c900000,0x000000510ca00000) (1024K)]
  0x00000220b245e0b0 JavaThread "surefire-forkedjvm-command-thread" daemon [_thread_in_native, id=37944, stack(0x000000510cb00000,0x000000510cc00000) (1024K)]
Total: 12

Other Threads:
  0x00000220914fe490 VMThread "VM Thread"                           [id=3064, stack(0x000000510bf00000,0x000000510c000000) (1024K)]
  0x00000220b20d41e0 WatcherThread "VM Periodic Task Thread"        [id=39096, stack(0x000000510be00000,0x000000510bf00000) (1024K)]
  0x00000220914ffa50 WorkerThread "GC Thread#0"                     [id=39316, stack(0x000000510b900000,0x000000510ba00000) (1024K)]
  0x00000220914fef70 WorkerThread "GC Thread#1"                     [id=1764, stack(0x000000510ca00000,0x000000510cb00000) (1024K)]
  0x00000220b2e5bd90 WorkerThread "GC Thread#2"                     [id=7456, stack(0x000000510cc00000,0x000000510cd00000) (1024K)]
  0x00000220b2e5c4d0 WorkerThread "GC Thread#3"                     [id=37200, stack(0x000000510cd00000,0x000000510ce00000) (1024K)]
  0x00000220b2e5c130 WorkerThread "GC Thread#4"                     [id=17036, stack(0x000000510ce00000,0x000000510cf00000) (1024K)]
  0x00000220b2e5d350 WorkerThread "GC Thread#5"                     [id=18980, stack(0x000000510cf00000,0x000000510d000000) (1024K)]
  0x00000220b2e5ab70 WorkerThread "GC Thread#6"                     [id=14252, stack(0x000000510d000000,0x000000510d100000) (1024K)]
  0x00000220b2e5b9f0 WorkerThread "GC Thread#7"                     [id=41704, stack(0x000000510d100000,0x000000510d200000) (1024K)]
  0x00000220937749b0 ConcurrentGCThread "G1 Main Marker"            [id=40496, stack(0x000000510ba00000,0x000000510bb00000) (1024K)]
  0x00000220914ffdf0 WorkerThread "G1 Conc#0"                       [id=38416, stack(0x000000510bb00000,0x000000510bc00000) (1024K)]
  0x00000220937ce9e0 ConcurrentGCThread "G1 Refine#0"               [id=39072, stack(0x000000510bc00000,0x000000510bd00000) (1024K)]
  0x00000220b1fa4b30 ConcurrentGCThread "G1 Service"                [id=40868, stack(0x000000510bd00000,0x000000510be00000) (1024K)]
Total: 14

Threads with active compile tasks:
Total: 0

VM state: not at safepoint (normal execution)

VM Mutex/Monitor currently owned by a thread:  ([mutex/lock_event])
[0x00007ffafe2d1118] Metaspace_lock - owner thread: 0x0000022093709880

Heap address: 0x0000000720e00000, size: 3570 MB, Compressed Oops mode: Zero based, Oop shift amount: 3

CDS archive(s) mapped at: [0x00000220b3000000-0x00000220b3c90000-0x00000220b3c90000), size 13172736, SharedBaseAddress: 0x00000220b3000000, ArchiveRelocationMode: 1.
Compressed class space mapped at: 0x00000220b4000000-0x00000220f4000000, reserved size: 1073741824
Narrow klass base: 0x00000220b3000000, Narrow klass shift: 0, Narrow klass range: 0x100000000

GC Precious Log:
 CardTable entry size: 512
 Card Set container configuration: InlinePtr #cards 4 size 8 Array Of Cards #cards 16 size 48 Howl #buckets 8 coarsen threshold 3686 Howl Bitmap #cards 512 size 80 coarsen threshold 460 Card regions per heap region 1 cards per card region 4096
 CPUs: 8 total, 8 available
 Memory: 14274M
 Large Page Support: Disabled
 NUMA Support: Disabled
 Compressed Oops: Enabled (Zero based)
 Heap Region Size: 2M
 Heap Min Capacity: 8M
 Heap Initial Capacity: 224M
 Heap Max Capacity: 3570M
 Pre-touch: Disabled
 Parallel Workers: 8
 Concurrent Workers: 2
 Concurrent Refinement Workers: 8
 Periodic GC: Disabled

Heap:
 garbage-first heap   total 229376K, used 9235K [0x0000000720e00000, 0x0000000800000000)
  region size 2048K, 6 young (12288K), 2 survivors (4096K)
 Metaspace       used 8480K, committed 8640K, reserved 1114112K
  class space    used 945K, committed 1024K, reserved 1048576K

Heap Regions: E=young(eden), S=young(survivor), O=old, HS=humongous(starts), HC=humongous(continues), CS=collection set, F=free, TAMS=top-at-mark-start, PB=parsable bottom
|   0|0x0000000720e00000, 0x0000000720f04c98, 0x0000000721000000| 50%| O|  |TAMS 0x0000000720e00000| PB 0x0000000720e00000| Untracked 
|   1|0x0000000721000000, 0x0000000721000000, 0x0000000721200000|  0%| F|  |TAMS 0x0000000721000000| PB 0x0000000721000000| Untracked 
|   2|0x0000000721200000, 0x0000000721200000, 0x0000000721400000|  0%| F|  |TAMS 0x0000000721200000| PB 0x0000000721200000| Untracked 
|   3|0x0000000721400000, 0x0000000721400000, 0x0000000721600000|  0%| F|  |TAMS 0x0000000721400000| PB 0x0000000721400000| Untracked 
|   4|0x0000000721600000, 0x0000000721600000, 0x0000000721800000|  0%| F|  |TAMS 0x0000000721600000| PB 0x0000000721600000| Untracked 
|   5|0x0000000721800000, 0x0000000721800000, 0x0000000721a00000|  0%| F|  |TAMS 0x0000000721800000| PB 0x0000000721800000| Untracked 
|   6|0x0000000721a00000, 0x0000000721a00000, 0x0000000721c00000|  0%| F|  |TAMS 0x0000000721a00000| PB 0x0000000721a00000| Untracked 
|   7|0x0000000721c00000, 0x0000000721c00000, 0x0000000721e00000|  0%| F|  |TAMS 0x0000000721c00000| PB 0x0000000721c00000| Untracked 
|   8|0x0000000721e00000, 0x0000000721e00000, 0x0000000722000000|  0%| F|  |TAMS 0x0000000721e00000| PB 0x0000000721e00000| Untracked 
|   9|0x0000000722000000, 0x0000000722000000, 0x0000000722200000|  0%| F|  |TAMS 0x0000000722000000| PB 0x0000000722000000| Untracked 
|  10|0x0000000722200000, 0x0000000722200000, 0x0000000722400000|  0%| F|  |TAMS 0x0000000722200000| PB 0x0000000722200000| Untracked 
|  11|0x0000000722400000, 0x0000000722400000, 0x0000000722600000|  0%| F|  |TAMS 0x0000000722400000| PB 0x0000000722400000| Untracked 
|  12|0x0000000722600000, 0x0000000722600000, 0x0000000722800000|  0%| F|  |TAMS 0x0000000722600000| PB 0x0000000722600000| Untracked 
|  13|0x0000000722800000, 0x0000000722800000, 0x0000000722a00000|  0%| F|  |TAMS 0x0000000722800000| PB 0x0000000722800000| Untracked 
|  14|0x0000000722a00000, 0x0000000722a00000, 0x0000000722c00000|  0%| F|  |TAMS 0x0000000722a00000| PB 0x0000000722a00000| Untracked 
|  15|0x0000000722c00000, 0x0000000722c00000, 0x0000000722e00000|  0%| F|  |TAMS 0x0000000722c00000| PB 0x0000000722c00000| Untracked 
|  16|0x0000000722e00000, 0x0000000722e00000, 0x0000000723000000|  0%| F|  |TAMS 0x0000000722e00000| PB 0x0000000722e00000| Untracked 
|  17|0x0000000723000000, 0x0000000723000000, 0x0000000723200000|  0%| F|  |TAMS 0x0000000723000000| PB 0x0000000723000000| Untracked 
|  18|0x0000000723200000, 0x0000000723200000, 0x0000000723400000|  0%| F|  |TAMS 0x0000000723200000| PB 0x0000000723200000| Untracked 
|  19|0x0000000723400000, 0x0000000723400000, 0x0000000723600000|  0%| F|  |TAMS 0x0000000723400000| PB 0x0000000723400000| Untracked 
|  20|0x0000000723600000, 0x0000000723600000, 0x0000000723800000|  0%| F|  |TAMS 0x0000000723600000| PB 0x0000000723600000| Untracked 
|  21|0x0000000723800000, 0x0000000723800000, 0x0000000723a00000|  0%| F|  |TAMS 0x0000000723800000| PB 0x0000000723800000| Untracked 
|  22|0x0000000723a00000, 0x0000000723a00000, 0x0000000723c00000|  0%| F|  |TAMS 0x0000000723a00000| PB 0x0000000723a00000| Untracked 
|  23|0x0000000723c00000, 0x0000000723c00000, 0x0000000723e00000|  0%| F|  |TAMS 0x0000000723c00000| PB 0x0000000723c00000| Untracked 
|  24|0x0000000723e00000, 0x0000000723e00000, 0x0000000724000000|  0%| F|  |TAMS 0x0000000723e00000| PB 0x0000000723e00000| Untracked 
|  25|0x0000000724000000, 0x0000000724000000, 0x0000000724200000|  0%| F|  |TAMS 0x0000000724000000| PB 0x0000000724000000| Untracked 
|  26|0x0000000724200000, 0x0000000724200000, 0x0000000724400000|  0%| F|  |TAMS 0x0000000724200000| PB 0x0000000724200000| Untracked 
|  27|0x0000000724400000, 0x0000000724400000, 0x0000000724600000|  0%| F|  |TAMS 0x0000000724400000| PB 0x0000000724400000| Untracked 
|  28|0x0000000724600000, 0x0000000724600000, 0x0000000724800000|  0%| F|  |TAMS 0x0000000724600000| PB 0x0000000724600000| Untracked 
|  29|0x0000000724800000, 0x0000000724800000, 0x0000000724a00000|  0%| F|  |TAMS 0x0000000724800000| PB 0x0000000724800000| Untracked 
|  30|0x0000000724a00000, 0x0000000724a00000, 0x0000000724c00000|  0%| F|  |TAMS 0x0000000724a00000| PB 0x0000000724a00000| Untracked 
|  31|0x0000000724c00000, 0x0000000724c00000, 0x0000000724e00000|  0%| F|  |TAMS 0x0000000724c00000| PB 0x0000000724c00000| Untracked 
|  32|0x0000000724e00000, 0x0000000724e00000, 0x0000000725000000|  0%| F|  |TAMS 0x0000000724e00000| PB 0x0000000724e00000| Untracked 
|  33|0x0000000725000000, 0x0000000725000000, 0x0000000725200000|  0%| F|  |TAMS 0x0000000725000000| PB 0x0000000725000000| Untracked 
|  34|0x0000000725200000, 0x0000000725200000, 0x0000000725400000|  0%| F|  |TAMS 0x0000000725200000| PB 0x0000000725200000| Untracked 
|  35|0x0000000725400000, 0x0000000725400000, 0x0000000725600000|  0%| F|  |TAMS 0x0000000725400000| PB 0x0000000725400000| Untracked 
|  36|0x0000000725600000, 0x0000000725600000, 0x0000000725800000|  0%| F|  |TAMS 0x0000000725600000| PB 0x0000000725600000| Untracked 
|  37|0x0000000725800000, 0x0000000725800000, 0x0000000725a00000|  0%| F|  |TAMS 0x0000000725800000| PB 0x0000000725800000| Untracked 
|  38|0x0000000725a00000, 0x0000000725a00000, 0x0000000725c00000|  0%| F|  |TAMS 0x0000000725a00000| PB 0x0000000725a00000| Untracked 
|  39|0x0000000725c00000, 0x0000000725c00000, 0x0000000725e00000|  0%| F|  |TAMS 0x0000000725c00000| PB 0x0000000725c00000| Untracked 
|  40|0x0000000725e00000, 0x0000000725e00000, 0x0000000726000000|  0%| F|  |TAMS 0x0000000725e00000| PB 0x0000000725e00000| Untracked 
|  41|0x0000000726000000, 0x0000000726000000, 0x0000000726200000|  0%| F|  |TAMS 0x0000000726000000| PB 0x0000000726000000| Untracked 
|  42|0x0000000726200000, 0x0000000726200000, 0x0000000726400000|  0%| F|  |TAMS 0x0000000726200000| PB 0x0000000726200000| Untracked 
|  43|0x0000000726400000, 0x0000000726400000, 0x0000000726600000|  0%| F|  |TAMS 0x0000000726400000| PB 0x0000000726400000| Untracked 
|  44|0x0000000726600000, 0x0000000726600000, 0x0000000726800000|  0%| F|  |TAMS 0x0000000726600000| PB 0x0000000726600000| Untracked 
|  45|0x0000000726800000, 0x0000000726800000, 0x0000000726a00000|  0%| F|  |TAMS 0x0000000726800000| PB 0x0000000726800000| Untracked 
|  46|0x0000000726a00000, 0x0000000726a00000, 0x0000000726c00000|  0%| F|  |TAMS 0x0000000726a00000| PB 0x0000000726a00000| Untracked 
|  47|0x0000000726c00000, 0x0000000726c00000, 0x0000000726e00000|  0%| F|  |TAMS 0x0000000726c00000| PB 0x0000000726c00000| Untracked 
|  48|0x0000000726e00000, 0x0000000726e00000, 0x0000000727000000|  0%| F|  |TAMS 0x0000000726e00000| PB 0x0000000726e00000| Untracked 
|  49|0x0000000727000000, 0x0000000727000000, 0x0000000727200000|  0%| F|  |TAMS 0x0000000727000000| PB 0x0000000727000000| Untracked 
|  50|0x0000000727200000, 0x0000000727200000, 0x0000000727400000|  0%| F|  |TAMS 0x0000000727200000| PB 0x0000000727200000| Untracked 
|  51|0x0000000727400000, 0x0000000727400000, 0x0000000727600000|  0%| F|  |TAMS 0x0000000727400000| PB 0x0000000727400000| Untracked 
|  52|0x0000000727600000, 0x0000000727600000, 0x0000000727800000|  0%| F|  |TAMS 0x0000000727600000| PB 0x0000000727600000| Untracked 
|  53|0x0000000727800000, 0x0000000727800000, 0x0000000727a00000|  0%| F|  |TAMS 0x0000000727800000| PB 0x0000000727800000| Untracked 
|  54|0x0000000727a00000, 0x0000000727a00000, 0x0000000727c00000|  0%| F|  |TAMS 0x0000000727a00000| PB 0x0000000727a00000| Untracked 
|  55|0x0000000727c00000, 0x0000000727c00000, 0x0000000727e00000|  0%| F|  |TAMS 0x0000000727c00000| PB 0x0000000727c00000| Untracked 
|  56|0x0000000727e00000, 0x0000000727e00000, 0x0000000728000000|  0%| F|  |TAMS 0x0000000727e00000| PB 0x0000000727e00000| Untracked 
|  57|0x0000000728000000, 0x0000000728000000, 0x0000000728200000|  0%| F|  |TAMS 0x0000000728000000| PB 0x0000000728000000| Untracked 
|  58|0x0000000728200000, 0x0000000728200000, 0x0000000728400000|  0%| F|  |TAMS 0x0000000728200000| PB 0x0000000728200000| Untracked 
|  59|0x0000000728400000, 0x0000000728400000, 0x0000000728600000|  0%| F|  |TAMS 0x0000000728400000| PB 0x0000000728400000| Untracked 
|  60|0x0000000728600000, 0x0000000728600000, 0x0000000728800000|  0%| F|  |TAMS 0x0000000728600000| PB 0x0000000728600000| Untracked 
|  61|0x0000000728800000, 0x0000000728800000, 0x0000000728a00000|  0%| F|  |TAMS 0x0000000728800000| PB 0x0000000728800000| Untracked 
|  62|0x0000000728a00000, 0x0000000728a00000, 0x0000000728c00000|  0%| F|  |TAMS 0x0000000728a00000| PB 0x0000000728a00000| Untracked 
|  63|0x0000000728c00000, 0x0000000728c00000, 0x0000000728e00000|  0%| F|  |TAMS 0x0000000728c00000| PB 0x0000000728c00000| Untracked 
|  64|0x0000000728e00000, 0x0000000728e00000, 0x0000000729000000|  0%| F|  |TAMS 0x0000000728e00000| PB 0x0000000728e00000| Untracked 
|  65|0x0000000729000000, 0x0000000729000000, 0x0000000729200000|  0%| F|  |TAMS 0x0000000729000000| PB 0x0000000729000000| Untracked 
|  66|0x0000000729200000, 0x0000000729200000, 0x0000000729400000|  0%| F|  |TAMS 0x0000000729200000| PB 0x0000000729200000| Untracked 
|  67|0x0000000729400000, 0x0000000729400000, 0x0000000729600000|  0%| F|  |TAMS 0x0000000729400000| PB 0x0000000729400000| Untracked 
|  68|0x0000000729600000, 0x0000000729600000, 0x0000000729800000|  0%| F|  |TAMS 0x0000000729600000| PB 0x0000000729600000| Untracked 
|  69|0x0000000729800000, 0x0000000729800000, 0x0000000729a00000|  0%| F|  |TAMS 0x0000000729800000| PB 0x0000000729800000| Untracked 
|  70|0x0000000729a00000, 0x0000000729a00000, 0x0000000729c00000|  0%| F|  |TAMS 0x0000000729a00000| PB 0x0000000729a00000| Untracked 
|  71|0x0000000729c00000, 0x0000000729c00000, 0x0000000729e00000|  0%| F|  |TAMS 0x0000000729c00000| PB 0x0000000729c00000| Untracked 
|  72|0x0000000729e00000, 0x0000000729e00000, 0x000000072a000000|  0%| F|  |TAMS 0x0000000729e00000| PB 0x0000000729e00000| Untracked 
|  73|0x000000072a000000, 0x000000072a000000, 0x000000072a200000|  0%| F|  |TAMS 0x000000072a000000| PB 0x000000072a000000| Untracked 
|  74|0x000000072a200000, 0x000000072a200000, 0x000000072a400000|  0%| F|  |TAMS 0x000000072a200000| PB 0x000000072a200000| Untracked 
|  75|0x000000072a400000, 0x000000072a400000, 0x000000072a600000|  0%| F|  |TAMS 0x000000072a400000| PB 0x000000072a400000| Untracked 
|  76|0x000000072a600000, 0x000000072a600000, 0x000000072a800000|  0%| F|  |TAMS 0x000000072a600000| PB 0x000000072a600000| Untracked 
|  77|0x000000072a800000, 0x000000072a800000, 0x000000072aa00000|  0%| F|  |TAMS 0x000000072a800000| PB 0x000000072a800000| Untracked 
|  78|0x000000072aa00000, 0x000000072aa00000, 0x000000072ac00000|  0%| F|  |TAMS 0x000000072aa00000| PB 0x000000072aa00000| Untracked 
|  79|0x000000072ac00000, 0x000000072ac00000, 0x000000072ae00000|  0%| F|  |TAMS 0x000000072ac00000| PB 0x000000072ac00000| Untracked 
|  80|0x000000072ae00000, 0x000000072ae00000, 0x000000072b000000|  0%| F|  |TAMS 0x000000072ae00000| PB 0x000000072ae00000| Untracked 
|  81|0x000000072b000000, 0x000000072b000000, 0x000000072b200000|  0%| F|  |TAMS 0x000000072b000000| PB 0x000000072b000000| Untracked 
|  82|0x000000072b200000, 0x000000072b200000, 0x000000072b400000|  0%| F|  |TAMS 0x000000072b200000| PB 0x000000072b200000| Untracked 
|  83|0x000000072b400000, 0x000000072b400000, 0x000000072b600000|  0%| F|  |TAMS 0x000000072b400000| PB 0x000000072b400000| Untracked 
|  84|0x000000072b600000, 0x000000072b600000, 0x000000072b800000|  0%| F|  |TAMS 0x000000072b600000| PB 0x000000072b600000| Untracked 
|  85|0x000000072b800000, 0x000000072b800000, 0x000000072ba00000|  0%| F|  |TAMS 0x000000072b800000| PB 0x000000072b800000| Untracked 
|  86|0x000000072ba00000, 0x000000072ba00000, 0x000000072bc00000|  0%| F|  |TAMS 0x000000072ba00000| PB 0x000000072ba00000| Untracked 
|  87|0x000000072bc00000, 0x000000072bc00000, 0x000000072be00000|  0%| F|  |TAMS 0x000000072bc00000| PB 0x000000072bc00000| Untracked 
|  88|0x000000072be00000, 0x000000072be00000, 0x000000072c000000|  0%| F|  |TAMS 0x000000072be00000| PB 0x000000072be00000| Untracked 
|  89|0x000000072c000000, 0x000000072c000000, 0x000000072c200000|  0%| F|  |TAMS 0x000000072c000000| PB 0x000000072c000000| Untracked 
|  90|0x000000072c200000, 0x000000072c200000, 0x000000072c400000|  0%| F|  |TAMS 0x000000072c200000| PB 0x000000072c200000| Untracked 
|  91|0x000000072c400000, 0x000000072c400000, 0x000000072c600000|  0%| F|  |TAMS 0x000000072c400000| PB 0x000000072c400000| Untracked 
|  92|0x000000072c600000, 0x000000072c600000, 0x000000072c800000|  0%| F|  |TAMS 0x000000072c600000| PB 0x000000072c600000| Untracked 
|  93|0x000000072c800000, 0x000000072c800000, 0x000000072ca00000|  0%| F|  |TAMS 0x000000072c800000| PB 0x000000072c800000| Untracked 
|  94|0x000000072ca00000, 0x000000072ca00000, 0x000000072cc00000|  0%| F|  |TAMS 0x000000072ca00000| PB 0x000000072ca00000| Untracked 
|  95|0x000000072cc00000, 0x000000072cc00000, 0x000000072ce00000|  0%| F|  |TAMS 0x000000072cc00000| PB 0x000000072cc00000| Untracked 
|  96|0x000000072ce00000, 0x000000072ce00000, 0x000000072d000000|  0%| F|  |TAMS 0x000000072ce00000| PB 0x000000072ce00000| Untracked 
|  97|0x000000072d000000, 0x000000072d000000, 0x000000072d200000|  0%| F|  |TAMS 0x000000072d000000| PB 0x000000072d000000| Untracked 
|  98|0x000000072d200000, 0x000000072d200000, 0x000000072d400000|  0%| F|  |TAMS 0x000000072d200000| PB 0x000000072d200000| Untracked 
|  99|0x000000072d400000, 0x000000072d600000, 0x000000072d600000|100%| S|CS|TAMS 0x000000072d400000| PB 0x000000072d400000| Complete 
| 100|0x000000072d600000, 0x000000072d800000, 0x000000072d800000|100%| S|CS|TAMS 0x000000072d600000| PB 0x000000072d600000| Complete 
| 101|0x000000072d800000, 0x000000072d800000, 0x000000072da00000|  0%| F|  |TAMS 0x000000072d800000| PB 0x000000072d800000| Untracked 
| 102|0x000000072da00000, 0x000000072da00000, 0x000000072dc00000|  0%| F|  |TAMS 0x000000072da00000| PB 0x000000072da00000| Untracked 
| 103|0x000000072dc00000, 0x000000072dc00000, 0x000000072de00000|  0%| F|  |TAMS 0x000000072dc00000| PB 0x000000072dc00000| Untracked 
| 104|0x000000072de00000, 0x000000072de00000, 0x000000072e000000|  0%| F|  |TAMS 0x000000072de00000| PB 0x000000072de00000| Untracked 
| 105|0x000000072e000000, 0x000000072e000000, 0x000000072e200000|  0%| F|  |TAMS 0x000000072e000000| PB 0x000000072e000000| Untracked 
| 106|0x000000072e200000, 0x000000072e200000, 0x000000072e400000|  0%| F|  |TAMS 0x000000072e200000| PB 0x000000072e200000| Untracked 
| 107|0x000000072e400000, 0x000000072e400000, 0x000000072e600000|  0%| F|  |TAMS 0x000000072e400000| PB 0x000000072e400000| Untracked 
| 108|0x000000072e600000, 0x000000072e800000, 0x000000072e800000|100%| E|  |TAMS 0x000000072e600000| PB 0x000000072e600000| Complete 
| 109|0x000000072e800000, 0x000000072ea00000, 0x000000072ea00000|100%| E|  |TAMS 0x000000072e800000| PB 0x000000072e800000| Complete 
| 110|0x000000072ea00000, 0x000000072ec00000, 0x000000072ec00000|100%| E|CS|TAMS 0x000000072ea00000| PB 0x000000072ea00000| Complete 
| 111|0x000000072ec00000, 0x000000072ee00000, 0x000000072ee00000|100%| E|CS|TAMS 0x000000072ec00000| PB 0x000000072ec00000| Complete 

Card table byte_map: [0x00000220ab820000,0x00000220abf20000] _byte_map_base: 0x00000220a7f19000

Marking Bits: (CMBitMap*) 0x00000220937661c0
 Bits: [0x00000220abf20000, 0x00000220af6e8000)

Polling page: 0x0000022091640000

Metaspace:

Usage:
  Non-class:      7.36 MB used.
      Class:    945.32 KB used.
       Both:      8.28 MB used.

Virtual space:
  Non-class space:       64.00 MB reserved,       7.44 MB ( 12%) committed,  1 nodes.
      Class space:        1.00 GB reserved,       1.00 MB ( <1%) committed,  1 nodes.
             Both:        1.06 GB reserved,       8.44 MB ( <1%) committed. 

Chunk freelists:
   Non-Class:  7.67 MB
       Class:  14.86 MB
        Both:  22.53 MB

MaxMetaspaceSize: unlimited
CompressedClassSpaceSize: 1.00 GB
Initial GC threshold: 21.00 MB
Current GC threshold: 21.00 MB
CDS: on
 - commit_granule_bytes: 65536.
 - commit_granule_words: 8192.
 - virtual_space_node_default_size: 8388608.
 - enlarge_chunks_in_place: 1.
 - use_allocation_guard: 0.


Internal statistics:

num_allocs_failed_limit: 0.
num_arena_births: 78.
num_arena_deaths: 0.
num_vsnodes_births: 2.
num_vsnodes_deaths: 0.
num_space_committed: 135.
num_space_uncommitted: 0.
num_chunks_returned_to_freelist: 0.
num_chunks_taken_from_freelist: 302.
num_chunk_merges: 0.
num_chunk_splits: 213.
num_chunks_enlarged: 164.
num_inconsistent_stats: 0.

CodeHeap 'non-profiled nmethods': size=120000Kb used=414Kb max_used=414Kb free=119586Kb
 bounds [0x00000220a38b0000, 0x00000220a3b20000, 0x00000220aade0000]
CodeHeap 'profiled nmethods': size=120000Kb used=2477Kb max_used=2477Kb free=117522Kb
 bounds [0x000002209bde0000, 0x000002209c050000, 0x00000220a3310000]
CodeHeap 'non-nmethods': size=5760Kb used=1365Kb max_used=1385Kb free=4394Kb
 bounds [0x00000220a3310000, 0x00000220a3580000, 0x00000220a38b0000]
 total_blobs=1755 nmethods=1285 adapters=375
 compilation: enabled
              stopped_count=0, restarted_count=0
 full_count=0

Compilation events (20 events):
Event: 2.349 Thread 0x00000220b211f3a0 1277       3       sun.util.locale.BaseLocale::equals (71 bytes)
Event: 2.350 Thread 0x00000220b211f3a0 nmethod 1277 0x000002209c04a190 code [0x000002209c04a360, 0x000002209c04a850]
Event: 2.350 Thread 0x00000220b211f3a0 1278       3       java.util.Locale::stripExtensions (20 bytes)
Event: 2.350 Thread 0x00000220b211f3a0 nmethod 1278 0x000002209c04a910 code [0x000002209c04aae0, 0x000002209c04ad60]
Event: 2.435 Thread 0x00000220b211f3a0 1280       3       java.lang.ClassLoader::defineClass (43 bytes)
Event: 2.436 Thread 0x00000220b211f3a0 nmethod 1280 0x000002209c04ae10 code [0x000002209c04b020, 0x000002209c04b548]
Event: 2.464 Thread 0x00000220b2119e80 nmethod 1273 0x00000220a390ef90 code [0x00000220a390f3a0, 0x00000220a3911528]
Event: 2.466 Thread 0x00000220b2119e80 1279   !   4       java.lang.ref.ReferenceQueue::poll (40 bytes)
Event: 2.467 Thread 0x00000220b2119e80 nmethod 1279 0x00000220a3912990 code [0x00000220a3912b20, 0x00000220a3912bd0]
Event: 2.468 Thread 0x00000220b2119e80 1274       4       java.lang.ref.SoftReference::get (29 bytes)
Event: 2.470 Thread 0x00000220b2119e80 nmethod 1274 0x00000220a3912c90 code [0x00000220a3912e20, 0x00000220a3912f30]
Event: 2.502 Thread 0x00000220b2119e80 1281       4       java.lang.StringConcatHelper::prepend (37 bytes)
Event: 2.505 Thread 0x00000220b2119e80 nmethod 1281 0x00000220a3913010 code [0x00000220a39131a0, 0x00000220a3913360]
Event: 2.505 Thread 0x00000220b2119e80 1282       4       java.lang.String::replace (42 bytes)
Event: 2.535 Thread 0x00000220b2119e80 nmethod 1282 0x00000220a3913510 code [0x00000220a39136e0, 0x00000220a3913dd0]
Event: 2.547 Thread 0x00000220b2119e80 1283       4       java.lang.String::startsWith (123 bytes)
Event: 2.554 Thread 0x00000220b2119e80 nmethod 1283 0x00000220a3914110 code [0x00000220a39142c0, 0x00000220a39145d8]
Event: 2.719 Thread 0x00000220b2119e80 1284  s!   4       jdk.internal.loader.URLClassPath::getLoader (194 bytes)
Event: 2.728 Thread 0x00000220b2119e80 nmethod 1284 0x00000220a3914810 code [0x00000220a39149e0, 0x00000220a39151d0]
Event: 2.736 Thread 0x00000220b2119e80 1285   !   4       java.util.concurrent.ConcurrentHashMap::transfer (849 bytes)

GC Heap History (2 events):
Event: 2.260 GC heap before
{Heap before GC invocations=0 (full 0):
 garbage-first heap   total 229376K, used 22528K [0x0000000720e00000, 0x0000000800000000)
  region size 2048K, 11 young (22528K), 0 survivors (0K)
 Metaspace       used 6552K, committed 6656K, reserved 1114112K
  class space    used 732K, committed 768K, reserved 1048576K
}
Event: 2.269 GC heap after
{Heap after GC invocations=1 (full 0):
 garbage-first heap   total 229376K, used 5139K [0x0000000720e00000, 0x0000000800000000)
  region size 2048K, 2 young (4096K), 2 survivors (4096K)
 Metaspace       used 6552K, committed 6656K, reserved 1114112K
  class space    used 732K, committed 768K, reserved 1048576K
}

Dll operation events (9 events):
Event: 0.028 Loaded shared library C:\Program Files\Eclipse Adoptium\jdk-21.0.2.13-hotspot\bin\java.dll
Event: 0.134 Loaded shared library C:\Program Files\Eclipse Adoptium\jdk-21.0.2.13-hotspot\bin\jsvml.dll
Event: 0.182 Loaded shared library C:\Program Files\Eclipse Adoptium\jdk-21.0.2.13-hotspot\bin\net.dll
Event: 0.186 Loaded shared library C:\Program Files\Eclipse Adoptium\jdk-21.0.2.13-hotspot\bin\nio.dll
Event: 0.193 Loaded shared library C:\Program Files\Eclipse Adoptium\jdk-21.0.2.13-hotspot\bin\zip.dll
Event: 0.346 Loaded shared library C:\Program Files\Eclipse Adoptium\jdk-21.0.2.13-hotspot\bin\management.dll
Event: 0.361 Loaded shared library C:\Program Files\Eclipse Adoptium\jdk-21.0.2.13-hotspot\bin\management_ext.dll
Event: 0.409 Loaded shared library C:\Program Files\Eclipse Adoptium\jdk-21.0.2.13-hotspot\bin\jimage.dll
Event: 0.951 Loaded shared library C:\Program Files\Eclipse Adoptium\jdk-21.0.2.13-hotspot\bin\verify.dll

Deoptimization events (20 events):
Event: 1.610 Thread 0x0000022093709880 Uncommon trap: trap_request=0xffffffde fr.pc=0x00000220a38d02d8 relative=0x00000000000002f8
Event: 1.610 Thread 0x0000022093709880 Uncommon trap: reason=class_check action=maybe_recompile pc=0x00000220a38d02d8 method=java.util.regex.Pattern$BmpCharPropertyGreedy.match(Ljava/util/regex/Matcher;ILjava/lang/CharSequence;)Z @ 26 c2
Event: 1.610 Thread 0x0000022093709880 DEOPT PACKING pc=0x00000220a38d02d8 sp=0x000000510b8fdca0
Event: 1.610 Thread 0x0000022093709880 DEOPT UNPACKING pc=0x00000220a33646a2 sp=0x000000510b8fdc58 mode 2
Event: 1.610 Thread 0x0000022093709880 Uncommon trap: trap_request=0xffffffde fr.pc=0x00000220a38d02d8 relative=0x00000000000002f8
Event: 1.610 Thread 0x0000022093709880 Uncommon trap: reason=class_check action=maybe_recompile pc=0x00000220a38d02d8 method=java.util.regex.Pattern$BmpCharPropertyGreedy.match(Ljava/util/regex/Matcher;ILjava/lang/CharSequence;)Z @ 26 c2
Event: 1.610 Thread 0x0000022093709880 DEOPT PACKING pc=0x00000220a38d02d8 sp=0x000000510b8fdd80
Event: 1.610 Thread 0x0000022093709880 DEOPT UNPACKING pc=0x00000220a33646a2 sp=0x000000510b8fdd38 mode 2
Event: 1.610 Thread 0x0000022093709880 Uncommon trap: trap_request=0xffffffde fr.pc=0x00000220a38d02d8 relative=0x00000000000002f8
Event: 1.610 Thread 0x0000022093709880 Uncommon trap: reason=class_check action=maybe_recompile pc=0x00000220a38d02d8 method=java.util.regex.Pattern$BmpCharPropertyGreedy.match(Ljava/util/regex/Matcher;ILjava/lang/CharSequence;)Z @ 26 c2
Event: 1.610 Thread 0x0000022093709880 DEOPT PACKING pc=0x00000220a38d02d8 sp=0x000000510b8fdc80
Event: 1.610 Thread 0x0000022093709880 DEOPT UNPACKING pc=0x00000220a33646a2 sp=0x000000510b8fdc18 mode 2
Event: 1.795 Thread 0x0000022093709880 Uncommon trap: trap_request=0xffffff45 fr.pc=0x00000220a38f7ea8 relative=0x00000000000001e8
Event: 1.795 Thread 0x0000022093709880 Uncommon trap: reason=unstable_if action=reinterpret pc=0x00000220a38f7ea8 method=java.lang.String.startsWith(Ljava/lang/String;I)Z @ 1 c2
Event: 1.795 Thread 0x0000022093709880 DEOPT PACKING pc=0x00000220a38f7ea8 sp=0x000000510b8fb730
Event: 1.795 Thread 0x0000022093709880 DEOPT UNPACKING pc=0x00000220a33646a2 sp=0x000000510b8fb6c0 mode 2
Event: 2.078 Thread 0x0000022093709880 Uncommon trap: trap_request=0xffffff6e fr.pc=0x00000220a38f7394 relative=0x00000000000006f4
Event: 2.078 Thread 0x0000022093709880 Uncommon trap: reason=loop_limit_check action=maybe_recompile pc=0x00000220a38f7394 method=java.util.regex.Pattern$Start.match(Ljava/util/regex/Matcher;ILjava/lang/CharSequence;)Z @ 34 c2
Event: 2.078 Thread 0x0000022093709880 DEOPT PACKING pc=0x00000220a38f7394 sp=0x000000510b8fde40
Event: 2.078 Thread 0x0000022093709880 DEOPT UNPACKING pc=0x00000220a33646a2 sp=0x000000510b8fdda0 mode 2

Classes loaded (20 events):
Event: 2.293 Loading class java/io/InvalidObjectException
Event: 2.293 Loading class java/io/ObjectStreamException
Event: 2.293 Loading class java/io/ObjectStreamException done
Event: 2.293 Loading class java/io/InvalidObjectException done
Event: 2.302 Loading class java/util/concurrent/atomic/AtomicLongArray
Event: 2.302 Loading class java/util/concurrent/atomic/AtomicLongArray done
Event: 2.302 Loading class java/lang/invoke/VarHandleLongs$Array
Event: 2.302 Loading class java/lang/invoke/VarHandleLongs$Array done
Event: 2.303 Loading class java/util/concurrent/atomic/AtomicReferenceArray
Event: 2.303 Loading class java/util/concurrent/atomic/AtomicReferenceArray done
Event: 2.303 Loading class java/lang/invoke/VarHandleReferences$Array
Event: 2.304 Loading class java/lang/invoke/VarHandleReferences$Array done
Event: 2.328 Loading class java/text/ParseException
Event: 2.328 Loading class java/text/ParseException done
Event: 2.349 Loading class sun/text/resources/cldr/FormatData_en
Event: 2.349 Loading class sun/text/resources/cldr/FormatData_en done
Event: 2.350 Loading class sun/text/resources/cldr/FormatData_en_US
Event: 2.350 Loading class sun/text/resources/cldr/FormatData_en_US done
Event: 2.389 Loading class java/io/CharArrayReader
Event: 2.390 Loading class java/io/CharArrayReader done

Classes unloaded (0 events):
No events

Classes redefined (0 events):
No events

Internal exceptions (20 events):
Event: 1.087 Thread 0x0000022093709880 Exception <a 'java/lang/NoSuchMethodError'{0x000000072e26ffa8}: 'org.junit.runner.Description org.junit.runner.Description.createSuiteDescription(java.lang.String)'> (0x000000072e26ffa8) 
thrown [s\src\hotspot\share\interpreter\linkResolver.cpp, line 773]
Event: 1.233 Thread 0x0000022093709880 Exception <a 'java/lang/NoSuchMethodError'{0x000000072e338a98}: 'java.lang.Object java.lang.invoke.DirectMethodHandle$Holder.invokeInterface(java.lang.Object, java.lang.Object)'> (0x000000072e338a98) 
thrown [s\src\hotspot\share\interpreter\linkResolver.cpp, line 773]
Event: 1.242 Thread 0x0000022093709880 Exception <a 'java/lang/IncompatibleClassChangeError'{0x000000072e33bfe8}: Found class java.lang.Object, but interface was expected> (0x000000072e33bfe8) 
thrown [s\src\hotspot\share\interpreter\linkResolver.cpp, line 840]
Event: 1.288 Thread 0x0000022093709880 Exception <a 'java/lang/NoSuchMethodError'{0x000000072e38add0}: 'java.lang.Object java.lang.invoke.DirectMethodHandle$Holder.newInvokeSpecial(java.lang.Object, java.lang.Object, java.lang.Object, java.lang.Object, java.lang.Object)'> (0x000000072e38add0) 
thrown [s\src\hotspot\share\interpreter\linkResolver.cpp, line 773]
Event: 1.343 Thread 0x0000022093709880 Exception <a 'java/lang/NoSuchMethodError'{0x000000072e3f5a78}: 'java.lang.Object java.lang.invoke.DirectMethodHandle$Holder.invokeInterface(java.lang.Object, java.lang.Object, java.lang.Object)'> (0x000000072e3f5a78) 
thrown [s\src\hotspot\share\interpreter\linkResolver.cpp, line 773]
Event: 1.350 Thread 0x0000022093709880 Exception <a 'java/lang/NoSuchMethodError'{0x000000072e006a40}: 'int java.lang.invoke.DirectMethodHandle$Holder.invokeStaticInit(java.lang.Object, java.lang.Object)'> (0x000000072e006a40) 
thrown [s\src\hotspot\share\interpreter\linkResolver.cpp, line 773]
Event: 1.354 Thread 0x0000022093709880 Exception <a 'java/lang/NoSuchMethodError'{0x000000072e011ce0}: 'java.lang.Object java.lang.invoke.DirectMethodHandle$Holder.invokeSpecialIFC(java.lang.Object, java.lang.Object, java.lang.Object, java.lang.Object)'> (0x000000072e011ce0) 
thrown [s\src\hotspot\share\interpreter\linkResolver.cpp, line 773]
Event: 1.368 Thread 0x0000022093709880 Exception <a 'java/lang/NoSuchMethodError'{0x000000072e0324c8}: 'void java.lang.invoke.DirectMethodHandle$Holder.invokeStatic(java.lang.Object, java.lang.Object, java.lang.Object)'> (0x000000072e0324c8) 
thrown [s\src\hotspot\share\interpreter\linkResolver.cpp, line 773]
Event: 1.390 Thread 0x0000022093709880 Exception <a 'java/lang/NoSuchMethodError'{0x000000072e0666d8}: 'void java.lang.invoke.DirectMethodHandle$Holder.invokeStatic(java.lang.Object, java.lang.Object)'> (0x000000072e0666d8) 
thrown [s\src\hotspot\share\interpreter\linkResolver.cpp, line 773]
Event: 1.414 Thread 0x0000022093709880 Exception <a 'java/lang/NoSuchMethodError'{0x000000072e0a45e8}: 'java.lang.Object java.lang.invoke.Invokers$Holder.invokeExact_MT(java.lang.Object, java.lang.Object, java.lang.Object, java.lang.Object, java.lang.Object, java.lang.Object)'> (0x000000072e0a45e8) 
thrown [s\src\hotspot\share\interpreter\linkResolver.cpp, line 773]
Event: 1.421 Thread 0x0000022093709880 Exception <a 'java/lang/NoSuchMethodError'{0x000000072e0bdee0}: 'int java.lang.invoke.DirectMethodHandle$Holder.invokeInterface(java.lang.Object, java.lang.Object)'> (0x000000072e0bdee0) 
thrown [s\src\hotspot\share\interpreter\linkResolver.cpp, line 773]
Event: 1.488 Thread 0x0000022093709880 Exception <a 'java/lang/NoSuchMethodError'{0x000000072e195328}: 'void java.lang.invoke.DirectMethodHandle$Holder.invokeStatic(java.lang.Object, java.lang.Object, java.lang.Object, java.lang.Object)'> (0x000000072e195328) 
thrown [s\src\hotspot\share\interpreter\linkResolver.cpp, line 773]
Event: 1.544 Thread 0x0000022093709880 Exception <a 'java/lang/NoSuchMethodError'{0x000000072e1f3d58}: 'java.lang.Object java.lang.invoke.DirectMethodHandle$Holder.newInvokeSpecial(java.lang.Object, java.lang.Object, java.lang.Object, java.lang.Object, java.lang.Object, java.lang.Object)'> (0x000000072e1f3d58) 
thrown [s\src\hotspot\share\interpreter\linkResolver.cpp, line 773]
Event: 1.549 Thread 0x0000022093709880 Exception <a 'java/lang/NoSuchMethodError'{0x000000072de02a08}: 'void java.lang.invoke.DirectMethodHandle$Holder.invokeStaticInit(java.lang.Object)'> (0x000000072de02a08) 
thrown [s\src\hotspot\share\interpreter\linkResolver.cpp, line 773]
Event: 1.556 Thread 0x0000022093709880 Exception <a 'java/lang/NoSuchMethodError'{0x000000072de154a8}: 'java.lang.Object java.lang.invoke.DirectMethodHandle$Holder.newInvokeSpecial(java.lang.Object, java.lang.Object, java.lang.Object, java.lang.Object, java.lang.Object, java.lang.Object, java.lang.Object)'> (0x000000072de154a8) 
thrown [s\src\hotspot\share\interpreter\linkResolver.cpp, line 773]
Event: 1.563 Thread 0x0000022093709880 Exception <a 'java/lang/NoSuchMethodError'{0x000000072de1d718}: 'java.lang.Object java.lang.invoke.DirectMethodHandle$Holder.invokeSpecialIFC(java.lang.Object, java.lang.Object, java.lang.Object, java.lang.Object, java.lang.Object)'> (0x000000072de1d718) 
thrown [s\src\hotspot\share\interpreter\linkResolver.cpp, line 773]
Event: 1.860 Thread 0x0000022093709880 Exception <a 'java/lang/NoSuchMethodError'{0x000000072dc02a80}: 'java.lang.Object java.lang.invoke.DirectMethodHandle$Holder.invokeStaticInit(java.lang.Object, int, int, int, int)'> (0x000000072dc02a80) 
thrown [s\src\hotspot\share\interpreter\linkResolver.cpp, line 773]
Event: 1.933 Thread 0x0000022093709880 Exception <a 'java/lang/NoSuchMethodError'{0x000000072dcc8f98}: 'java.lang.Object java.lang.invoke.DirectMethodHandle$Holder.invokeStaticInit(java.lang.Object, java.lang.Object, int, int, int, int)'> (0x000000072dcc8f98) 
thrown [s\src\hotspot\share\interpreter\linkResolver.cpp, line 773]
Event: 2.025 Thread 0x0000022093709880 Exception <a 'java/lang/NoSuchMethodError'{0x000000072dd44fa8}: 'void java.lang.invoke.DirectMethodHandle$Holder.invokeSpecial(java.lang.Object, java.lang.Object, java.lang.Object)'> (0x000000072dd44fa8) 
thrown [s\src\hotspot\share\interpreter\linkResolver.cpp, line 773]
Event: 2.134 Thread 0x0000022093709880 Exception <a 'sun/nio/fs/WindowsException'{0x000000072da0c7f0}> (0x000000072da0c7f0) 
thrown [s\src\hotspot\share\prims\jni.cpp, line 520]

ZGC Phase Switch (0 events):
No events

VM Operations (14 events):
Event: 0.195 Executing VM operation: HandshakeAllThreads (Deoptimize)
Event: 0.195 Executing VM operation: HandshakeAllThreads (Deoptimize) done
Event: 0.842 Executing VM operation: HandshakeAllThreads (Deoptimize)
Event: 0.843 Executing VM operation: HandshakeAllThreads (Deoptimize) done
Event: 1.042 Executing VM operation: HandshakeAllThreads (Deoptimize)
Event: 1.042 Executing VM operation: HandshakeAllThreads (Deoptimize) done
Event: 1.477 Executing VM operation: HandshakeAllThreads (Deoptimize)
Event: 1.477 Executing VM operation: HandshakeAllThreads (Deoptimize) done
Event: 1.477 Executing VM operation: Cleanup
Event: 1.477 Executing VM operation: Cleanup done
Event: 1.785 Executing VM operation: HandshakeAllThreads (Deoptimize)
Event: 1.785 Executing VM operation: HandshakeAllThreads (Deoptimize) done
Event: 2.260 Executing VM operation: G1CollectForAllocation (G1 Evacuation Pause)
Event: 2.269 Executing VM operation: G1CollectForAllocation (G1 Evacuation Pause) done

Events (16 events):
Event: 0.089 Thread 0x0000022093709880 Thread added: 0x0000022093709880
Event: 0.130 Thread 0x00000220b21074e0 Thread added: 0x00000220b21074e0
Event: 0.130 Thread 0x00000220b2108dd0 Thread added: 0x00000220b2108dd0
Event: 0.131 Thread 0x00000220b210fa60 Thread added: 0x00000220b210fa60
Event: 0.131 Thread 0x00000220b21134e0 Thread added: 0x00000220b21134e0
Event: 0.131 Thread 0x00000220b2114af0 Thread added: 0x00000220b2114af0
Event: 0.131 Thread 0x00000220b2115cf0 Thread added: 0x00000220b2115cf0
Event: 0.131 Thread 0x00000220b2119e80 Thread added: 0x00000220b2119e80
Event: 0.132 Thread 0x00000220b211f3a0 Thread added: 0x00000220b211f3a0
Event: 0.170 Thread 0x00000220b23b8330 Thread added: 0x00000220b23b8330
Event: 0.173 Thread 0x00000220b23d0260 Thread added: 0x00000220b23d0260
Event: 0.550 Thread 0x00000220b24669f0 Thread added: 0x00000220b24669f0
Event: 0.704 Thread 0x00000220b245e0b0 Thread added: 0x00000220b245e0b0
Event: 1.118 Thread 0x00000220b24669f0 Thread exited: 0x00000220b24669f0
Event: 1.948 Thread 0x00000220b2d769a0 Thread added: 0x00000220b2d769a0
Event: 2.235 Thread 0x00000220b2d769a0 Thread exited: 0x00000220b2d769a0


Dynamic libraries:
0x00007ff786d30000 - 0x00007ff786d3e000 	C:\Program Files\Eclipse Adoptium\jdk-21.0.2.13-hotspot\bin\java.exe
0x00007ffb90710000 - 0x00007ffb90927000 	C:\Windows\SYSTEM32\ntdll.dll
0x00007ffb8f5e0000 - 0x00007ffb8f6a4000 	C:\Windows\System32\KERNEL32.DLL
0x00007ffb8dc30000 - 0x00007ffb8dfe7000 	C:\Windows\System32\KERNELBASE.dll
0x00007ffb8e090000 - 0x00007ffb8e1a1000 	C:\Windows\System32\ucrtbase.dll
0x00007ffb88920000 - 0x00007ffb88938000 	C:\Program Files\Eclipse Adoptium\jdk-21.0.2.13-hotspot\bin\jli.dll
0x00007ffb8f0b0000 - 0x00007ffb8f25f000 	C:\Windows\System32\USER32.dll
0x00007ffb8dc00000 - 0x00007ffb8dc26000 	C:\Windows\System32\win32u.dll
0x00007ffb90590000 - 0x00007ffb905b9000 	C:\Windows\System32\GDI32.dll
0x00007ffb8e320000 - 0x00007ffb8e438000 	C:\Windows\System32\gdi32full.dll
0x00007ffb89200000 - 0x00007ffb8921b000 	C:\Program Files\Eclipse Adoptium\jdk-21.0.2.13-hotspot\bin\VCRUNTIME140.dll
0x00007ffb8dff0000 - 0x00007ffb8e08a000 	C:\Windows\System32\msvcp_win.dll
0x00007ffb7b540000 - 0x00007ffb7b7d3000 	C:\Windows\WinSxS\amd64_microsoft.windows.common-controls_6595b64144ccf1df_6.0.22621.3672_none_2713b9d173822955\COMCTL32.dll
0x00007ffb90140000 - 0x00007ffb901e7000 	C:\Windows\System32\msvcrt.dll
0x00007ffb8efe0000 - 0x00007ffb8f011000 	C:\Windows\System32\IMM32.DLL
0x00007ffb88910000 - 0x00007ffb8891c000 	C:\Program Files\Eclipse Adoptium\jdk-21.0.2.13-hotspot\bin\vcruntime140_1.dll
0x00007ffb88880000 - 0x00007ffb8890e000 	C:\Program Files\Eclipse Adoptium\jdk-21.0.2.13-hotspot\bin\msvcp140.dll
0x00007ffafd630000 - 0x00007ffafe3b3000 	C:\Program Files\Eclipse Adoptium\jdk-21.0.2.13-hotspot\bin\server\jvm.dll
0x00007ffb8ea50000 - 0x00007ffb8eb02000 	C:\Windows\System32\ADVAPI32.dll
0x00007ffb8e440000 - 0x00007ffb8e4e8000 	C:\Windows\System32\sechost.dll
0x00007ffb8e1b0000 - 0x00007ffb8e1d8000 	C:\Windows\System32\bcrypt.dll
0x00007ffb8f4a0000 - 0x00007ffb8f5b4000 	C:\Windows\System32\RPCRT4.dll
0x00007ffb8ff30000 - 0x00007ffb8ffa1000 	C:\Windows\System32\WS2_32.dll
0x00007ffb8c890000 - 0x00007ffb8c8dd000 	C:\Windows\SYSTEM32\POWRPROF.dll
0x00007ffb88540000 - 0x00007ffb88574000 	C:\Windows\SYSTEM32\WINMM.dll
0x00007ffb842c0000 - 0x00007ffb842ca000 	C:\Windows\SYSTEM32\VERSION.dll
0x00007ffb8c870000 - 0x00007ffb8c883000 	C:\Windows\SYSTEM32\UMPDC.dll
0x00007ffb8cb20000 - 0x00007ffb8cb38000 	C:\Windows\SYSTEM32\kernel.appcore.dll
0x00007ffb88870000 - 0x00007ffb8887a000 	C:\Program Files\Eclipse Adoptium\jdk-21.0.2.13-hotspot\bin\jimage.dll
0x00007ffb83480000 - 0x00007ffb836b2000 	C:\Windows\SYSTEM32\DBGHELP.DLL
0x00007ffb8e4f0000 - 0x00007ffb8e87e000 	C:\Windows\System32\combase.dll
0x00007ffb904b0000 - 0x00007ffb90587000 	C:\Windows\System32\OLEAUT32.dll
0x00007ffb73f30000 - 0x00007ffb73f62000 	C:\Windows\SYSTEM32\dbgcore.DLL
0x00007ffb8e1e0000 - 0x00007ffb8e25b000 	C:\Windows\System32\bcryptPrimitives.dll
0x00007ffb88850000 - 0x00007ffb8886f000 	C:\Program Files\Eclipse Adoptium\jdk-21.0.2.13-hotspot\bin\java.dll
0x00007ffb8f6c0000 - 0x00007ffb8ff29000 	C:\Windows\System32\SHELL32.dll
0x00007ffb8b950000 - 0x00007ffb8c24f000 	C:\Windows\SYSTEM32\windows.storage.dll
0x00007ffb8b810000 - 0x00007ffb8b94f000 	C:\Windows\SYSTEM32\wintypes.dll
0x00007ffb8e8f0000 - 0x00007ffb8e9e9000 	C:\Windows\System32\SHCORE.dll
0x00007ffb8e890000 - 0x00007ffb8e8ee000 	C:\Windows\System32\shlwapi.dll
0x00007ffb8d950000 - 0x00007ffb8d977000 	C:\Windows\SYSTEM32\profapi.dll
0x00007ffb2c5d0000 - 0x00007ffb2c6a7000 	C:\Program Files\Eclipse Adoptium\jdk-21.0.2.13-hotspot\bin\jsvml.dll
0x00007ffb7ba10000 - 0x00007ffb7ba20000 	C:\Program Files\Eclipse Adoptium\jdk-21.0.2.13-hotspot\bin\net.dll
0x00007ffb88ce0000 - 0x00007ffb88e16000 	C:\Windows\SYSTEM32\WINHTTP.dll
0x00007ffb8cf90000 - 0x00007ffb8cff9000 	C:\Windows\system32\mswsock.dll
0x00007ffb76b20000 - 0x00007ffb76b36000 	C:\Program Files\Eclipse Adoptium\jdk-21.0.2.13-hotspot\bin\nio.dll
0x00007ffb72e10000 - 0x00007ffb72e28000 	C:\Program Files\Eclipse Adoptium\jdk-21.0.2.13-hotspot\bin\zip.dll
0x00007ffb7b980000 - 0x00007ffb7b98a000 	C:\Program Files\Eclipse Adoptium\jdk-21.0.2.13-hotspot\bin\management.dll
0x00007ffb75240000 - 0x00007ffb7524b000 	C:\Program Files\Eclipse Adoptium\jdk-21.0.2.13-hotspot\bin\management_ext.dll
0x00007ffb8e880000 - 0x00007ffb8e888000 	C:\Windows\System32\PSAPI.DLL
0x00007ffb88830000 - 0x00007ffb88840000 	C:\Program Files\Eclipse Adoptium\jdk-21.0.2.13-hotspot\bin\verify.dll
0x00007ffb8d200000 - 0x00007ffb8d21b000 	C:\Windows\SYSTEM32\CRYPTSP.dll
0x00007ffb8ca80000 - 0x00007ffb8cab5000 	C:\Windows\system32\rsaenh.dll
0x00007ffb8d070000 - 0x00007ffb8d098000 	C:\Windows\SYSTEM32\USERENV.dll
0x00007ffb8d220000 - 0x00007ffb8d22c000 	C:\Windows\SYSTEM32\CRYPTBASE.dll
0x00007ffb8c520000 - 0x00007ffb8c54d000 	C:\Windows\SYSTEM32\IPHLPAPI.DLL
0x00007ffb8f6b0000 - 0x00007ffb8f6b9000 	C:\Windows\System32\NSI.dll

dbghelp: loaded successfully - version: 4.0.5 - missing functions: none
symbol engine: initialized successfully - sym options: 0x614 - pdb path: .;C:\Program Files\Eclipse Adoptium\jdk-21.0.2.13-hotspot\bin;C:\Windows\SYSTEM32;C:\Windows\WinSxS\amd64_microsoft.windows.common-controls_6595b64144ccf1df_6.0.22621.3672_none_2713b9d173822955;C:\Program Files\Eclipse Adoptium\jdk-21.0.2.13-hotspot\bin\server

VM Arguments:
java_command: C:\Users\Cirilo\AppData\Local\Temp\surefire12082934437450991754\surefirebooter10757263901493830595.jar C:\Users\Cirilo\AppData\Local\Temp\surefire12082934437450991754 2024-10-31T03-13-10_458-jvmRun1 surefire3801494937644367226tmp surefire_02307785023606829526tmp
java_class_path (initial): C:\Users\Cirilo\AppData\Local\Temp\surefire12082934437450991754\surefirebooter10757263901493830595.jar
Launcher Type: SUN_STANDARD

[Global flags]
     intx CICompilerCount                          = 4                                         {product} {ergonomic}
     uint ConcGCThreads                            = 2                                         {product} {ergonomic}
     uint G1ConcRefinementThreads                  = 8                                         {product} {ergonomic}
   size_t G1HeapRegionSize                         = 2097152                                   {product} {ergonomic}
    uintx GCDrainStackTargetSize                   = 64                                        {product} {ergonomic}
   size_t InitialHeapSize                          = 234881024                                 {product} {ergonomic}
   size_t MarkStackSize                            = 4194304                                   {product} {ergonomic}
   size_t MaxHeapSize                              = 3743416320                                {product} {ergonomic}
   size_t MaxNewSize                               = 2246049792                                {product} {ergonomic}
   size_t MinHeapDeltaBytes                        = 2097152                                   {product} {ergonomic}
   size_t MinHeapSize                              = 8388608                                   {product} {ergonomic}
    uintx NonNMethodCodeHeapSize                   = 5839372                                {pd product} {ergonomic}
    uintx NonProfiledCodeHeapSize                  = 122909434                              {pd product} {ergonomic}
    uintx ProfiledCodeHeapSize                     = 122909434                              {pd product} {ergonomic}
    uintx ReservedCodeCacheSize                    = 251658240                              {pd product} {ergonomic}
     bool SegmentedCodeCache                       = true                                      {product} {ergonomic}
   size_t SoftMaxHeapSize                          = 3743416320                             {manageable} {ergonomic}
     bool UseCompressedOops                        = true                           {product lp64_product} {ergonomic}
     bool UseG1GC                                  = true                                      {product} {ergonomic}
     bool UseLargePagesIndividualAllocation        = false                                  {pd product} {ergonomic}

Logging:
Log output configuration:
 #0: stdout all=warning uptime,level,tags foldmultilines=false
 #1: stderr all=off uptime,level,tags foldmultilines=false

Environment Variables:
JAVA_HOME=C:\Program Files\Eclipse Adoptium\jdk-21.0.2.13-hotspot\
PATH=C:\Program Files\Eclipse Adoptium\jdk-21.0.2.13-hotspot\bin;C:\Windows\system32;C:\Windows;C:\Windows\System32\Wbem;C:\Windows\System32\WindowsPowerShell\v1.0\;C:\Windows\System32\OpenSSH\;C:\Program Files\Git\cmd;C:\Program Files\Docker\Docker\resources\bin;C:\Program Files\nodejs\;C:\Program Files\NVIDIA Corporation\NVIDIA NvDLISR;C:\Users\Cirilo\Downloads\apache-maven-3.9.6\bin;C:\Program Files\dotnet\;C:\Program Files\Microsoft SQL Server\150\Tools\Binn\;C:\Program Files\Microsoft SQL Server\Client SDK\ODBC\170\Tools\Binn\;C:\Program Files\GitHub CLI\;C:\Program Files (x86)\NVIDIA Corporation\PhysX\Common;C:\ProgramData\chocolatey\bin;C:\Program Files\PuTTY\;C:\Users\Cirilo\AppData\Local\Microsoft\WindowsApps;C:\Users\Cirilo\AppData\Local\GitHubDesktop\bin;C:\Users\Cirilo\AppData\Local\Programs\Microsoft VS Code\bin;C:\Users\Cirilo\AppData\Roaming\npm;C:\Users\Cirilo\.dotnet\tools
USERNAME=Cirilo
OS=Windows_NT
PROCESSOR_IDENTIFIER=AMD64 Family 23 Model 24 Stepping 1, AuthenticAMD
TMP=C:\Users\Cirilo\AppData\Local\Temp
TEMP=C:\Users\Cirilo\AppData\Local\Temp




Periodic native trim disabled

---------------  S Y S T E M  ---------------

OS:
 Windows 11 , 64 bit Build 22621 (10.0.22621.3958)
OS uptime: 16 days 13:43 hours
Hyper-V role detected

CPU: total 8 (initial active 8) (8 cores per cpu, 2 threads per core) family 23 model 24 stepping 1 microcode 0x0, cx8, cmov, fxsr, ht, mmx, 3dnowpref, sse, sse2, sse3, ssse3, sse4a, sse4.1, sse4.2, popcnt, lzcnt, tsc, tscinvbit, avx, avx2, aes, clmul, bmi1, bmi2, adx, sha, fma, vzeroupper, clflush, clflushopt, hv, rdtscp, f16c
Processor Information for all 8 processors :
  Max Mhz: 2100, Current Mhz: 2100, Mhz Limit: 2100

Memory: 4k page, system-wide physical 14274M (820M free)
TotalPageFile size 57282M (AvailPageFile size 571M)
current process WorkingSet (physical memory assigned to process): 87M, peak: 88M
current process commit charge ("private bytes"): 328M, peak: 329M

vm_info: OpenJDK 64-Bit Server VM (21.0.2+13-LTS) for windows-amd64 JRE (21.0.2+13-LTS), built on 2024-01-16T00:00:00Z by "admin" with unknown MS VC++:1937

END.
