#
# There is insufficient memory for the Java Runtime Environment to continue.
# Native memory allocation (malloc) failed to allocate 82896 bytes for Chunk::new
# Possible reasons:
#   The system is out of physical RAM or swap space
#   The process is running with CompressedOops enabled, and the Java Heap may be blocking the growth of the native heap
# Possible solutions:
#   Reduce memory load on the system
#   Increase physical memory or swap space
#   Check if swap backing store is full
#   Decrease Java heap size (-Xmx/-Xms)
#   Decrease number of Java threads
#   Decrease Java thread stack sizes (-Xss)
#   Set larger code cache with -XX:ReservedCodeCacheSize=
#   JVM is running with Zero Based Compressed Oops mode in which the Java heap is
#     placed in the first 32GB address space. The Java Heap base address is the
#     maximum limit for the native heap growth. Please use -XX:HeapBaseMinAddress
#     to set the Java Heap base and to place the Java Heap above 32GB virtual address.
# This output file may be truncated or incomplete.
#
#  Out of Memory Error (arena.cpp:168), pid=38052, tid=40840
#
# JRE version: OpenJDK Runtime Environment Temurin-21.0.2+13 (21.0.2+13) (build 21.0.2+13-LTS)
# Java VM: OpenJDK 64-Bit Server VM Temurin-21.0.2+13 (21.0.2+13-LTS, mixed mode, sharing, tiered, compressed oops, compressed class ptrs, g1 gc, windows-amd64)
# No core dump will be written. Minidumps are not enabled by default on client versions of Windows
#

---------------  S U M M A R Y ------------

Command Line: C:\Users\Cirilo\AppData\Local\Temp\surefire8255541321714670184\surefirebooter9086313648581609027.jar C:\Users\Cirilo\AppData\Local\Temp\surefire8255541321714670184 2024-10-31T03-10-03_693-jvmRun1 surefire15726322558320475147tmp surefire_05986778056469626911tmp

Host: AMD Ryzen 5 3550H with Radeon Vega Mobile Gfx  , 8 cores, 13G,  Windows 11 , 64 bit Build 22621 (10.0.22621.3958)
Time: Thu Oct 31 03:10:21 2024 Hora oficial do Brasil elapsed time: 15.518942 seconds (0d 0h 0m 15s)

---------------  T H R E A D  ---------------

Current thread (0x0000017023533ee0):  JavaThread "C2 CompilerThread1" daemon [_thread_in_native, id=40840, stack(0x0000006490100000,0x0000006490200000) (1024K)]


Current CompileTask:
C2:  15519 3616       4       sun.security.util.DerValue::<init> (445 bytes)

Stack: [0x0000006490100000,0x0000006490200000]
Native frames: (J=compiled Java code, j=interpreted, Vv=VM code, C=native code)
V  [jvm.dll+0x6c94f9]
V  [jvm.dll+0x8a3c21]
V  [jvm.dll+0x8a614e]
V  [jvm.dll+0x8a6823]
V  [jvm.dll+0x27fa86]
V  [jvm.dll+0xc4a2d]
V  [jvm.dll+0xc4f63]
V  [jvm.dll+0x2f278f]
V  [jvm.dll+0x5f2c9a]
V  [jvm.dll+0x25112f]
V  [jvm.dll+0x25150f]
V  [jvm.dll+0x249dd4]
V  [jvm.dll+0x24747b]
V  [jvm.dll+0x1c847e]
V  [jvm.dll+0x256db9]
V  [jvm.dll+0x25538a]
V  [jvm.dll+0x3ed0d6]
V  [jvm.dll+0x84cb3b]
V  [jvm.dll+0x6c7c2d]
C  [ucrtbase.dll+0x29333]
C  [KERNEL32.DLL+0x1257d]
C  [ntdll.dll+0x5af08]


---------------  P R O C E S S  ---------------

Threads class SMR info:
_java_thread_list=0x0000017023533ca0, length=15, elements={
0x0000016fbb7b0ef0, 0x0000016fdc359410, 0x0000016fdc35a330, 0x0000016fdc361fc0,
0x0000016fdc365b40, 0x0000016fdc3665a0, 0x0000016fdc367000, 0x0000016fdc369da0,
0x0000016fdc36cbe0, 0x0000016fdc5d4670, 0x0000016fdc5db5d0, 0x00000170220e6cb0,
0x00000170236b9350, 0x000001702357fdc0, 0x0000017023533ee0
}

Java Threads: ( => current thread )
  0x0000016fbb7b0ef0 JavaThread "main"                              [_thread_blocked, id=15152, stack(0x000000648e400000,0x000000648e500000) (1024K)]
  0x0000016fdc359410 JavaThread "Reference Handler"          daemon [_thread_blocked, id=9876, stack(0x000000648ec00000,0x000000648ed00000) (1024K)]
  0x0000016fdc35a330 JavaThread "Finalizer"                  daemon [_thread_blocked, id=38768, stack(0x000000648ed00000,0x000000648ee00000) (1024K)]
  0x0000016fdc361fc0 JavaThread "Signal Dispatcher"          daemon [_thread_blocked, id=40000, stack(0x000000648ee00000,0x000000648ef00000) (1024K)]
  0x0000016fdc365b40 JavaThread "Attach Listener"            daemon [_thread_blocked, id=41608, stack(0x000000648ef00000,0x000000648f000000) (1024K)]
  0x0000016fdc3665a0 JavaThread "Service Thread"             daemon [_thread_blocked, id=40456, stack(0x000000648f000000,0x000000648f100000) (1024K)]
  0x0000016fdc367000 JavaThread "Monitor Deflation Thread"   daemon [_thread_blocked, id=40492, stack(0x000000648f100000,0x000000648f200000) (1024K)]
  0x0000016fdc369da0 JavaThread "C2 CompilerThread0"         daemon [_thread_blocked, id=40496, stack(0x000000648f200000,0x000000648f300000) (1024K)]
  0x0000016fdc36cbe0 JavaThread "C1 CompilerThread0"         daemon [_thread_blocked, id=39940, stack(0x000000648f300000,0x000000648f400000) (1024K)]
  0x0000016fdc5d4670 JavaThread "Notification Thread"        daemon [_thread_blocked, id=41784, stack(0x000000648f400000,0x000000648f500000) (1024K)]
  0x0000016fdc5db5d0 JavaThread "Common-Cleaner"             daemon [_thread_blocked, id=37872, stack(0x000000648f500000,0x000000648f600000) (1024K)]
  0x00000170220e6cb0 JavaThread "surefire-forkedjvm-command-thread" daemon [_thread_in_native, id=15128, stack(0x000000648f600000,0x000000648f700000) (1024K)]
  0x00000170236b9350 JavaThread "ForkJoinPool.commonPool-worker-1" daemon [_thread_blocked, id=38300, stack(0x000000648ff00000,0x0000006490000000) (1024K)]
  0x000001702357fdc0 JavaThread "ForkJoinPool.commonPool-worker-2" daemon [_thread_blocked, id=40148, stack(0x0000006490000000,0x0000006490100000) (1024K)]
=>0x0000017023533ee0 JavaThread "C2 CompilerThread1"         daemon [_thread_in_native, id=40840, stack(0x0000006490100000,0x0000006490200000) (1024K)]
Total: 15

Other Threads:
  0x0000016fdc340750 VMThread "VM Thread"                           [id=36372, stack(0x000000648eb00000,0x000000648ec00000) (1024K)]
  0x0000016fdc328110 WatcherThread "VM Periodic Task Thread"        [id=37524, stack(0x000000648ea00000,0x000000648eb00000) (1024K)]
  0x0000016fbd9c5260 WorkerThread "GC Thread#0"                     [id=41836, stack(0x000000648e500000,0x000000648e600000) (1024K)]
  0x00000170228c1cc0 WorkerThread "GC Thread#1"                     [id=35444, stack(0x000000648f700000,0x000000648f800000) (1024K)]
  0x00000170228c2060 WorkerThread "GC Thread#2"                     [id=38244, stack(0x000000648f800000,0x000000648f900000) (1024K)]
  0x00000170228c2400 WorkerThread "GC Thread#3"                     [id=34400, stack(0x000000648f900000,0x000000648fa00000) (1024K)]
  0x00000170228c27a0 WorkerThread "GC Thread#4"                     [id=27576, stack(0x000000648fa00000,0x000000648fb00000) (1024K)]
  0x00000170227fc0f0 WorkerThread "GC Thread#5"                     [id=40332, stack(0x000000648fb00000,0x000000648fc00000) (1024K)]
  0x00000170227fc490 WorkerThread "GC Thread#6"                     [id=35784, stack(0x000000648fc00000,0x000000648fd00000) (1024K)]
  0x00000170227fc830 WorkerThread "GC Thread#7"                     [id=40796, stack(0x000000648fd00000,0x000000648fe00000) (1024K)]
  0x0000016fbd9d4300 ConcurrentGCThread "G1 Main Marker"            [id=39140, stack(0x000000648e600000,0x000000648e700000) (1024K)]
  0x0000016fbd9d5610 WorkerThread "G1 Conc#0"                       [id=37612, stack(0x000000648e700000,0x000000648e800000) (1024K)]
  0x0000017022b77b60 WorkerThread "G1 Conc#1"                       [id=41772, stack(0x000000648fe00000,0x000000648ff00000) (1024K)]
  0x0000016fbda2e780 ConcurrentGCThread "G1 Refine#0"               [id=41316, stack(0x000000648e800000,0x000000648e900000) (1024K)]
  0x0000016fdc1f8770 ConcurrentGCThread "G1 Service"                [id=37404, stack(0x000000648e900000,0x000000648ea00000) (1024K)]
Total: 15

Threads with active compile tasks:
C2 CompilerThread0    15570 3659       4       java.util.ArrayList::toArray (57 bytes)
C1 CompilerThread0    15570 3656       3       java.lang.reflect.AccessibleObject::slowVerifyAccess (67 bytes)
C2 CompilerThread1    15570 3616       4       sun.security.util.DerValue::<init> (445 bytes)
Total: 3

VM state: at safepoint (normal execution)

VM Mutex/Monitor currently owned by a thread:  ([mutex/lock_event])
[0x00007ffafe2d3198] Threads_lock - owner thread: 0x0000016fdc340750
[0x00007ffafe2d3298] Heap_lock - owner thread: 0x0000016fbb7b0ef0

Heap address: 0x0000000720e00000, size: 3570 MB, Compressed Oops mode: Zero based, Oop shift amount: 3

CDS archive(s) mapped at: [0x0000016fdd000000-0x0000016fddc90000-0x0000016fddc90000), size 13172736, SharedBaseAddress: 0x0000016fdd000000, ArchiveRelocationMode: 1.
Compressed class space mapped at: 0x0000016fde000000-0x000001701e000000, reserved size: 1073741824
Narrow klass base: 0x0000016fdd000000, Narrow klass shift: 0, Narrow klass range: 0x100000000

GC Precious Log:
 CardTable entry size: 512
 Card Set container configuration: InlinePtr #cards 4 size 8 Array Of Cards #cards 16 size 48 Howl #buckets 8 coarsen threshold 3686 Howl Bitmap #cards 512 size 80 coarsen threshold 460 Card regions per heap region 1 cards per card region 4096
 CPUs: 8 total, 8 available
 Memory: 14274M
 Large Page Support: Disabled
 NUMA Support: Disabled
 Compressed Oops: Enabled (Zero based)
 Heap Region Size: 2M
 Heap Min Capacity: 8M
 Heap Initial Capacity: 224M
 Heap Max Capacity: 3570M
 Pre-touch: Disabled
 Parallel Workers: 8
 Concurrent Workers: 2
 Concurrent Refinement Workers: 8
 Periodic GC: Disabled

Heap:
 garbage-first heap   total 61440K, used 41788K [0x0000000720e00000, 0x0000000800000000)
  region size 2048K, 14 young (28672K), 2 survivors (4096K)
 Metaspace       used 27205K, committed 27648K, reserved 1114112K
  class space    used 3115K, committed 3328K, reserved 1048576K

Heap Regions: E=young(eden), S=young(survivor), O=old, HS=humongous(starts), HC=humongous(continues), CS=collection set, F=free, TAMS=top-at-mark-start, PB=parsable bottom
|   0|0x0000000720e00000, 0x0000000721000000, 0x0000000721000000|100%| O|  |TAMS 0x0000000720e00000| PB 0x0000000720e00000| Untracked 
|   1|0x0000000721000000, 0x0000000721200000, 0x0000000721200000|100%| O|  |TAMS 0x0000000721000000| PB 0x0000000721000000| Untracked 
|   2|0x0000000721200000, 0x0000000721364d08, 0x0000000721400000| 69%| O|CS|TAMS 0x0000000721200000| PB 0x0000000721200000| Complete 
|   3|0x0000000721400000, 0x0000000721600000, 0x0000000721600000|100%| O|  |TAMS 0x0000000721400000| PB 0x0000000721400000| Untracked 
|   4|0x0000000721600000, 0x0000000721800000, 0x0000000721800000|100%| O|  |TAMS 0x0000000721600000| PB 0x0000000721600000| Untracked 
|   5|0x0000000721800000, 0x0000000721981280, 0x0000000721a00000| 75%| O|  |TAMS 0x0000000721800000| PB 0x0000000721800000| Untracked 
|   6|0x0000000721a00000, 0x0000000721a00000, 0x0000000721c00000|  0%| F|  |TAMS 0x0000000721a00000| PB 0x0000000721a00000| Untracked 
|   7|0x0000000721c00000, 0x0000000721c00000, 0x0000000721e00000|  0%| F|  |TAMS 0x0000000721c00000| PB 0x0000000721c00000| Untracked 
|   8|0x0000000721e00000, 0x0000000721e00000, 0x0000000722000000|  0%| F|  |TAMS 0x0000000721e00000| PB 0x0000000721e00000| Untracked 
|   9|0x0000000722000000, 0x0000000722000000, 0x0000000722200000|  0%| F|  |TAMS 0x0000000722000000| PB 0x0000000722000000| Untracked 
|  10|0x0000000722200000, 0x00000007223ff6d0, 0x0000000722400000| 99%| S|  |TAMS 0x0000000722200000| PB 0x0000000722200000| Complete 
|  11|0x0000000722400000, 0x0000000722600000, 0x0000000722600000|100%| S|  |TAMS 0x0000000722400000| PB 0x0000000722400000| Complete 
|  12|0x0000000722600000, 0x0000000722800000, 0x0000000722800000|100%| E|CS|TAMS 0x0000000722600000| PB 0x0000000722600000| Complete 
|  13|0x0000000722800000, 0x0000000722a00000, 0x0000000722a00000|100%| E|CS|TAMS 0x0000000722800000| PB 0x0000000722800000| Complete 
|  14|0x0000000722a00000, 0x0000000722c00000, 0x0000000722c00000|100%| E|CS|TAMS 0x0000000722a00000| PB 0x0000000722a00000| Complete 
|  15|0x0000000722c00000, 0x0000000722e00000, 0x0000000722e00000|100%| E|CS|TAMS 0x0000000722c00000| PB 0x0000000722c00000| Complete 
|  16|0x0000000722e00000, 0x0000000723000000, 0x0000000723000000|100%| E|CS|TAMS 0x0000000722e00000| PB 0x0000000722e00000| Complete 
|  17|0x0000000723000000, 0x0000000723200000, 0x0000000723200000|100%| E|CS|TAMS 0x0000000723000000| PB 0x0000000723000000| Complete 
|  18|0x0000000723200000, 0x0000000723400000, 0x0000000723400000|100%| E|CS|TAMS 0x0000000723200000| PB 0x0000000723200000| Complete 
|  19|0x0000000723400000, 0x0000000723600000, 0x0000000723600000|100%| E|CS|TAMS 0x0000000723400000| PB 0x0000000723400000| Complete 
|  20|0x0000000723600000, 0x0000000723800000, 0x0000000723800000|100%| E|CS|TAMS 0x0000000723600000| PB 0x0000000723600000| Complete 
|  21|0x0000000723800000, 0x0000000723a00000, 0x0000000723a00000|100%| E|CS|TAMS 0x0000000723800000| PB 0x0000000723800000| Complete 
|  22|0x0000000723a00000, 0x0000000723c00000, 0x0000000723c00000|100%| E|CS|TAMS 0x0000000723a00000| PB 0x0000000723a00000| Complete 
|  23|0x0000000723c00000, 0x0000000723e00000, 0x0000000723e00000|100%| E|CS|TAMS 0x0000000723c00000| PB 0x0000000723c00000| Complete 
|  24|0x0000000723e00000, 0x0000000724000000, 0x0000000724000000|100%| E|CS|TAMS 0x0000000723e00000| PB 0x0000000723e00000| Complete 
|  25|0x0000000724000000, 0x000000072416a6e0, 0x0000000724200000| 70%| E|CS|TAMS 0x0000000724000000| PB 0x0000000724000000| Complete 
|  94|0x000000072ca00000, 0x000000072cc00000, 0x000000072cc00000|100%| E|CS|TAMS 0x000000072ca00000| PB 0x000000072ca00000| Complete 
|  95|0x000000072cc00000, 0x000000072ce00000, 0x000000072ce00000|100%| E|CS|TAMS 0x000000072cc00000| PB 0x000000072cc00000| Complete 
|  97|0x000000072d000000, 0x000000072d200000, 0x000000072d200000|100%| E|CS|TAMS 0x000000072d000000| PB 0x000000072d000000| Complete 
| 111|0x000000072ec00000, 0x000000072ee00000, 0x000000072ee00000|100%| E|CS|TAMS 0x000000072ec00000| PB 0x000000072ec00000| Complete 

Card table byte_map: [0x0000016fd5a70000,0x0000016fd6170000] _byte_map_base: 0x0000016fd2169000

Marking Bits: (CMBitMap*) 0x0000016fbd9c5960
 Bits: [0x0000016fd6170000, 0x0000016fd9938000)

Polling page: 0x0000016fbb960000

Metaspace:

Usage:
  Non-class:     23.53 MB used.
      Class:      3.04 MB used.
       Both:     26.57 MB used.

Virtual space:
  Non-class space:       64.00 MB reserved,      23.75 MB ( 37%) committed,  1 nodes.
      Class space:        1.00 GB reserved,       3.25 MB ( <1%) committed,  1 nodes.
             Both:        1.06 GB reserved,      27.00 MB (  2%) committed. 

Chunk freelists:
   Non-Class:  8.00 MB
       Class:  12.77 MB
        Both:  20.77 MB

MaxMetaspaceSize: unlimited
CompressedClassSpaceSize: 1.00 GB
Initial GC threshold: 21.00 MB
Current GC threshold: 35.31 MB
CDS: on
 - commit_granule_bytes: 65536.
 - commit_granule_words: 8192.
 - virtual_space_node_default_size: 8388608.
 - enlarge_chunks_in_place: 1.
 - use_allocation_guard: 0.


Internal statistics:

num_allocs_failed_limit: 3.
num_arena_births: 476.
num_arena_deaths: 0.
num_vsnodes_births: 2.
num_vsnodes_deaths: 0.
num_space_committed: 432.
num_space_uncommitted: 0.
num_chunks_returned_to_freelist: 3.
num_chunks_taken_from_freelist: 1316.
num_chunk_merges: 3.
num_chunk_splits: 929.
num_chunks_enlarged: 684.
num_inconsistent_stats: 0.

CodeHeap 'non-profiled nmethods': size=120000Kb used=1387Kb max_used=1387Kb free=118612Kb
 bounds [0x0000016fcdb10000, 0x0000016fcdd80000, 0x0000016fd5040000]
CodeHeap 'profiled nmethods': size=120000Kb used=7301Kb max_used=7301Kb free=112698Kb
 bounds [0x0000016fc6040000, 0x0000016fc6770000, 0x0000016fcd570000]
CodeHeap 'non-nmethods': size=5760Kb used=2653Kb max_used=2677Kb free=3106Kb
 bounds [0x0000016fcd570000, 0x0000016fcd820000, 0x0000016fcdb10000]
 total_blobs=4449 nmethods=3650 adapters=702
 compilation: enabled
              stopped_count=0, restarted_count=0
 full_count=0

Compilation events (20 events):
Event: 15.499 Thread 0x0000016fdc36cbe0 nmethod 3599 0x0000016fcdc64190 code [0x0000016fcdc64320, 0x0000016fcdc643f0]
Event: 15.499 Thread 0x0000016fdc36cbe0 3600       1       sun.security.x509.Extension::getExtensionValue (5 bytes)
Event: 15.499 Thread 0x0000016fdc36cbe0 nmethod 3600 0x0000016fcdc64490 code [0x0000016fcdc64620, 0x0000016fcdc646f0]
Event: 15.500 Thread 0x0000016fdc36cbe0 3602       3       sun.security.util.DerValue::getOctetString (138 bytes)
Event: 15.500 Thread 0x0000016fdc369da0 nmethod 3589 0x0000016fcdc64790 code [0x0000016fcdc64940, 0x0000016fcdc64e00]
Event: 15.501 Thread 0x0000016fdc369da0 3596       4       java.lang.StringBuilder::append (8 bytes)
Event: 15.502 Thread 0x0000016fdc36cbe0 nmethod 3602 0x0000016fc6740a90 code [0x0000016fc6740ec0, 0x0000016fc6742b48]
Event: 15.503 Thread 0x0000016fdc36cbe0 3604       3       sun.security.util.DerValue::isConstructed (18 bytes)
Event: 15.503 Thread 0x0000016fdc36cbe0 nmethod 3604 0x0000016fc6743490 code [0x0000016fc6743620, 0x0000016fc6743790]
Event: 15.503 Thread 0x0000016fdc36cbe0 3603       3       sun.security.util.DerValue::toDerInputStream (54 bytes)
Event: 15.504 Thread 0x0000016fdc36cbe0 nmethod 3603 0x0000016fc6743810 code [0x0000016fc6743a40, 0x0000016fc6744080]
Event: 15.504 Thread 0x0000016fdc36cbe0 3606       3       sun.security.util.DerValue::isContextSpecific (20 bytes)
Event: 15.504 Thread 0x0000016fdc36cbe0 nmethod 3606 0x0000016fc6744310 code [0x0000016fc67444a0, 0x0000016fc6744610]
Event: 15.504 Thread 0x0000016fdc36cbe0 3608       3       jdk.internal.reflect.Reflection::verifyMemberAccess (200 bytes)
Event: 15.505 Thread 0x0000017023533ee0 nmethod 3580 0x0000016fcdc65090 code [0x0000016fcdc65280, 0x0000016fcdc657c0]
Event: 15.506 Thread 0x0000017023533ee0 3601       4       sun.security.util.DerInputStream::<init> (38 bytes)
Event: 15.509 Thread 0x0000017023533ee0 nmethod 3601 0x0000016fcdc65b10 code [0x0000016fcdc65ca0, 0x0000016fcdc65e20]
Event: 15.509 Thread 0x0000016fdc36cbe0 nmethod 3608 0x0000016fc6744690 code [0x0000016fc6744b40, 0x0000016fc6746e18]
Event: 15.509 Thread 0x0000017023533ee0 3616       4       sun.security.util.DerValue::<init> (445 bytes)
Event: 15.510 Thread 0x0000016fdc36cbe0 3613   !   3       java.lang.String::<init> (893 bytes)

GC Heap History (8 events):
Event: 3.469 GC heap before
{Heap before GC invocations=0 (full 0):
 garbage-first heap   total 229376K, used 22528K [0x0000000720e00000, 0x0000000800000000)
  region size 2048K, 11 young (22528K), 0 survivors (0K)
 Metaspace       used 6621K, committed 6720K, reserved 1114112K
  class space    used 739K, committed 768K, reserved 1048576K
}
Event: 3.478 GC heap after
{Heap after GC invocations=1 (full 0):
 garbage-first heap   total 229376K, used 5179K [0x0000000720e00000, 0x0000000800000000)
  region size 2048K, 2 young (4096K), 2 survivors (4096K)
 Metaspace       used 6621K, committed 6720K, reserved 1114112K
  class space    used 739K, committed 768K, reserved 1048576K
}
Event: 10.813 GC heap before
{Heap before GC invocations=1 (full 0):
 garbage-first heap   total 229376K, used 29755K [0x0000000720e00000, 0x0000000800000000)
  region size 2048K, 15 young (30720K), 2 survivors (4096K)
 Metaspace       used 13484K, committed 13696K, reserved 1114112K
  class space    used 1558K, committed 1664K, reserved 1048576K
}
Event: 10.821 GC heap after
{Heap after GC invocations=2 (full 0):
 garbage-first heap   total 229376K, used 7447K [0x0000000720e00000, 0x0000000800000000)
  region size 2048K, 1 young (2048K), 1 survivors (2048K)
 Metaspace       used 13484K, committed 13696K, reserved 1114112K
  class space    used 1558K, committed 1664K, reserved 1048576K
}
Event: 13.309 GC heap before
{Heap before GC invocations=2 (full 0):
 garbage-first heap   total 229376K, used 34071K [0x0000000720e00000, 0x0000000800000000)
  region size 2048K, 15 young (30720K), 1 survivors (2048K)
 Metaspace       used 21332K, committed 21504K, reserved 1114112K
  class space    used 2352K, committed 2432K, reserved 1048576K
}
Event: 13.316 GC heap after
{Heap after GC invocations=3 (full 0):
 garbage-first heap   total 229376K, used 10368K [0x0000000720e00000, 0x0000000800000000)
  region size 2048K, 3 young (6144K), 3 survivors (6144K)
 Metaspace       used 21332K, committed 21504K, reserved 1114112K
  class space    used 2352K, committed 2432K, reserved 1048576K
}
Event: 14.773 GC heap before
{Heap before GC invocations=4 (full 0):
 garbage-first heap   total 49152K, used 47232K [0x0000000720e00000, 0x0000000800000000)
  region size 2048K, 21 young (43008K), 3 survivors (6144K)
 Metaspace       used 24537K, committed 24960K, reserved 1114112K
  class space    used 2791K, committed 2944K, reserved 1048576K
}
Event: 14.798 GC heap after
{Heap after GC invocations=5 (full 0):
 garbage-first heap   total 61440K, used 17212K [0x0000000720e00000, 0x0000000800000000)
  region size 2048K, 6 young (12288K), 6 survivors (12288K)
 Metaspace       used 24537K, committed 24960K, reserved 1114112K
  class space    used 2791K, committed 2944K, reserved 1048576K
}

Dll operation events (9 events):
Event: 0.047 Loaded shared library C:\Program Files\Eclipse Adoptium\jdk-21.0.2.13-hotspot\bin\java.dll
Event: 0.200 Loaded shared library C:\Program Files\Eclipse Adoptium\jdk-21.0.2.13-hotspot\bin\jsvml.dll
Event: 0.227 Loaded shared library C:\Program Files\Eclipse Adoptium\jdk-21.0.2.13-hotspot\bin\net.dll
Event: 0.232 Loaded shared library C:\Program Files\Eclipse Adoptium\jdk-21.0.2.13-hotspot\bin\nio.dll
Event: 0.240 Loaded shared library C:\Program Files\Eclipse Adoptium\jdk-21.0.2.13-hotspot\bin\zip.dll
Event: 0.402 Loaded shared library C:\Program Files\Eclipse Adoptium\jdk-21.0.2.13-hotspot\bin\management.dll
Event: 0.415 Loaded shared library C:\Program Files\Eclipse Adoptium\jdk-21.0.2.13-hotspot\bin\management_ext.dll
Event: 0.482 Loaded shared library C:\Program Files\Eclipse Adoptium\jdk-21.0.2.13-hotspot\bin\jimage.dll
Event: 1.501 Loaded shared library C:\Program Files\Eclipse Adoptium\jdk-21.0.2.13-hotspot\bin\verify.dll

Deoptimization events (20 events):
Event: 15.305 Thread 0x0000016fbb7b0ef0 Uncommon trap: trap_request=0xffffff45 fr.pc=0x0000016fcdb977ec relative=0x00000000000000cc
Event: 15.305 Thread 0x0000016fbb7b0ef0 Uncommon trap: reason=unstable_if action=reinterpret pc=0x0000016fcdb977ec method=java.lang.ref.SoftReference.get()Ljava/lang/Object; @ 6 c2
Event: 15.305 Thread 0x0000016fbb7b0ef0 DEOPT PACKING pc=0x0000016fcdb977ec sp=0x000000648e4f7710
Event: 15.305 Thread 0x0000016fbb7b0ef0 DEOPT UNPACKING pc=0x0000016fcd5c46a2 sp=0x000000648e4f76c8 mode 2
Event: 15.338 Thread 0x0000016fbb7b0ef0 Uncommon trap: trap_request=0xffffff45 fr.pc=0x0000016fcdb9e4a0 relative=0x0000000000000080
Event: 15.338 Thread 0x0000016fbb7b0ef0 Uncommon trap: reason=unstable_if action=reinterpret pc=0x0000016fcdb9e4a0 method=java.lang.CharacterDataLatin1.equalsIgnoreCase(BB)Z @ 54 c2
Event: 15.338 Thread 0x0000016fbb7b0ef0 DEOPT PACKING pc=0x0000016fcdb9e4a0 sp=0x000000648e4f5910
Event: 15.338 Thread 0x0000016fbb7b0ef0 DEOPT UNPACKING pc=0x0000016fcd5c46a2 sp=0x000000648e4f5890 mode 2
Event: 15.432 Thread 0x0000016fbb7b0ef0 Uncommon trap: trap_request=0xffffff45 fr.pc=0x0000016fcdbcb7fc relative=0x00000000000008fc
Event: 15.432 Thread 0x0000016fbb7b0ef0 Uncommon trap: reason=unstable_if action=reinterpret pc=0x0000016fcdbcb7fc method=java.io.BufferedInputStream.implRead([BII)I @ 30 c2
Event: 15.432 Thread 0x0000016fbb7b0ef0 DEOPT PACKING pc=0x0000016fcdbcb7fc sp=0x000000648e4f8e90
Event: 15.432 Thread 0x0000016fbb7b0ef0 DEOPT UNPACKING pc=0x0000016fcd5c46a2 sp=0x000000648e4f8e48 mode 2
Event: 15.462 Thread 0x0000016fbb7b0ef0 Uncommon trap: trap_request=0xffffff45 fr.pc=0x0000016fcdc3742c relative=0x000000000000102c
Event: 15.462 Thread 0x0000016fbb7b0ef0 Uncommon trap: reason=unstable_if action=reinterpret pc=0x0000016fcdc3742c method=java.lang.String.<init>(Ljava/nio/charset/Charset;[BII)V @ 417 c2
Event: 15.462 Thread 0x0000016fbb7b0ef0 DEOPT PACKING pc=0x0000016fcdc3742c sp=0x000000648e4f8e30
Event: 15.462 Thread 0x0000016fbb7b0ef0 DEOPT UNPACKING pc=0x0000016fcd5c46a2 sp=0x000000648e4f8df0 mode 2
Event: 15.500 Thread 0x0000016fbb7b0ef0 Uncommon trap: trap_request=0xffffffcc fr.pc=0x0000016fcdc64c80 relative=0x0000000000000340
Event: 15.500 Thread 0x0000016fbb7b0ef0 Uncommon trap: reason=intrinsic_or_type_checked_inlining action=make_not_entrant pc=0x0000016fcdc64c80 method=java.util.Arrays.copyOf([Ljava/lang/Object;ILjava/lang/Class;)[Ljava/lang/Object; @ 35 c2
Event: 15.500 Thread 0x0000016fbb7b0ef0 DEOPT PACKING pc=0x0000016fcdc64c80 sp=0x000000648e4f89d0
Event: 15.500 Thread 0x0000016fbb7b0ef0 DEOPT UNPACKING pc=0x0000016fcd5c46a2 sp=0x000000648e4f8960 mode 2

Classes loaded (20 events):
Event: 15.468 Loading class sun/security/x509/URIName
Event: 15.468 Loading class sun/security/x509/URIName done
Event: 15.469 Loading class sun/security/x509/DNSName
Event: 15.469 Loading class sun/security/x509/DNSName done
Event: 15.469 Loading class java/security/cert/PolicyQualifierInfo
Event: 15.470 Loading class java/security/cert/PolicyQualifierInfo done
Event: 15.470 Loading class sun/security/x509/CRLDistributionPointsExtension
Event: 15.470 Loading class sun/security/x509/CRLDistributionPointsExtension done
Event: 15.470 Loading class sun/security/x509/DistributionPoint
Event: 15.471 Loading class sun/security/x509/DistributionPoint done
Event: 15.471 Loading class sun/security/x509/SubjectAlternativeNameExtension
Event: 15.471 Loading class sun/security/x509/SubjectAlternativeNameExtension done
Event: 15.472 Loading class sun/security/x509/RFC822Name
Event: 15.472 Loading class sun/security/x509/RFC822Name done
Event: 15.486 Loading class sun/security/x509/NetscapeCertTypeExtension
Event: 15.487 Loading class sun/security/x509/NetscapeCertTypeExtension done
Event: 15.487 Loading class sun/security/x509/NetscapeCertTypeExtension$MapEntry
Event: 15.487 Loading class sun/security/x509/NetscapeCertTypeExtension$MapEntry done
Event: 15.508 Loading class sun/security/x509/PrivateKeyUsageExtension
Event: 15.508 Loading class sun/security/x509/PrivateKeyUsageExtension done

Classes unloaded (0 events):
No events

Classes redefined (0 events):
No events

Internal exceptions (20 events):
Event: 15.076 Thread 0x0000016fbb7b0ef0 Exception <a 'java/lang/ClassNotFoundException'{0x00000007231ff898}: java/lang/MathBeanInfo> (0x00000007231ff898) 
thrown [s\src\hotspot\share\classfile\systemDictionary.cpp, line 312]
Event: 15.076 Thread 0x0000016fbb7b0ef0 Exception <a 'java/lang/ClassNotFoundException'{0x0000000722e02058}: java/lang/MathCustomizer> (0x0000000722e02058) 
thrown [s\src\hotspot\share\classfile\systemDictionary.cpp, line 312]
Event: 15.122 Thread 0x0000016fbb7b0ef0 Exception <a 'java/lang/ClassNotFoundException'{0x0000000722ebe8a8}: org/apache/http/impl/client/DefaultHttpClientBeanInfo> (0x0000000722ebe8a8) 
thrown [s\src\hotspot\share\classfile\systemDictionary.cpp, line 312]
Event: 15.123 Thread 0x0000016fbb7b0ef0 Exception <a 'java/lang/ClassNotFoundException'{0x0000000722ec4518}: org/apache/http/impl/client/AbstractHttpClientBeanInfo> (0x0000000722ec4518) 
thrown [s\src\hotspot\share\classfile\systemDictionary.cpp, line 312]
Event: 15.124 Thread 0x0000016fbb7b0ef0 Exception <a 'java/lang/ClassNotFoundException'{0x0000000722eca2d8}: org/apache/http/impl/client/CloseableHttpClientBeanInfo> (0x0000000722eca2d8) 
thrown [s\src\hotspot\share\classfile\systemDictionary.cpp, line 312]
Event: 15.125 Thread 0x0000016fbb7b0ef0 Exception <a 'java/lang/ClassNotFoundException'{0x0000000722ed00c8}: org/apache/http/impl/client/CloseableHttpClientCustomizer> (0x0000000722ed00c8) 
thrown [s\src\hotspot\share\classfile\systemDictionary.cpp, line 312]
Event: 15.128 Thread 0x0000016fbb7b0ef0 Exception <a 'java/lang/ClassNotFoundException'{0x0000000722ee7c60}: org/apache/http/impl/client/AbstractHttpClientCustomizer> (0x0000000722ee7c60) 
thrown [s\src\hotspot\share\classfile\systemDictionary.cpp, line 312]
Event: 15.132 Thread 0x0000016fbb7b0ef0 Exception <a 'java/lang/ClassNotFoundException'{0x0000000722f18330}: org/apache/http/impl/client/DefaultHttpClientCustomizer> (0x0000000722f18330) 
thrown [s\src\hotspot\share\classfile\systemDictionary.cpp, line 312]
Event: 15.145 Thread 0x0000016fbb7b0ef0 Exception <a 'java/lang/ClassNotFoundException'{0x0000000722f41a60}: io/restassured/internal/ResponseParserRegistrarBeanInfo> (0x0000000722f41a60) 
thrown [s\src\hotspot\share\classfile\systemDictionary.cpp, line 312]
Event: 15.147 Thread 0x0000016fbb7b0ef0 Exception <a 'java/lang/ClassNotFoundException'{0x0000000722f47830}: io/restassured/internal/ResponseParserRegistrarCustomizer> (0x0000000722f47830) 
thrown [s\src\hotspot\share\classfile\systemDictionary.cpp, line 312]
Event: 15.155 Thread 0x0000016fbb7b0ef0 Exception <a 'java/lang/ClassNotFoundException'{0x0000000722f5fcc0}: io/restassured/internal/RestAssuredHttpBuilderBeanInfo> (0x0000000722f5fcc0) 
thrown [s\src\hotspot\share\classfile\systemDictionary.cpp, line 312]
Event: 15.157 Thread 0x0000016fbb7b0ef0 Exception <a 'java/lang/ClassNotFoundException'{0x0000000722f65820}: io/restassured/internal/http/HTTPBuilderBeanInfo> (0x0000000722f65820) 
thrown [s\src\hotspot\share\classfile\systemDictionary.cpp, line 312]
Event: 15.158 Thread 0x0000016fbb7b0ef0 Exception <a 'java/lang/ClassNotFoundException'{0x0000000722f6b388}: io/restassured/internal/http/HTTPBuilderCustomizer> (0x0000000722f6b388) 
thrown [s\src\hotspot\share\classfile\systemDictionary.cpp, line 312]
Event: 15.162 Thread 0x0000016fbb7b0ef0 Exception <a 'java/lang/ClassNotFoundException'{0x0000000722f893e8}: io/restassured/internal/RestAssuredHttpBuilderCustomizer> (0x0000000722f893e8) 
thrown [s\src\hotspot\share\classfile\systemDictionary.cpp, line 312]
Event: 15.170 Thread 0x0000016fbb7b0ef0 Exception <a 'java/lang/NoSuchMethodError'{0x0000000722fab168}: 'java.lang.Object java.lang.invoke.DelegatingMethodHandle$Holder.reinvoke_L(java.lang.Object, java.lang.Object, java.lang.Object, java.lang.Object, java.lang.Object, java.lang.Object, int, java.lang.Object, java.lang.Object, int, java.lang.Object)'> (0x0000000722fab168) 
thrown [s\src\hotspot\share\interpreter\linkResolver.cpp, line 773]
Event: 15.186 Thread 0x0000016fbb7b0ef0 Exception <a 'java/lang/ClassNotFoundException'{0x0000000722ff5200}: org/codehaus/groovy/runtime/MethodClosureBeanInfo> (0x0000000722ff5200) 
thrown [s\src\hotspot\share\classfile\systemDictionary.cpp, line 312]
Event: 15.187 Thread 0x0000016fbb7b0ef0 Exception <a 'java/lang/ClassNotFoundException'{0x0000000722ffb5a8}: org/codehaus/groovy/runtime/MethodClosureCustomizer> (0x0000000722ffb5a8) 
thrown [s\src\hotspot\share\classfile\systemDictionary.cpp, line 312]
Event: 15.230 Thread 0x0000016fbb7b0ef0 Exception <a 'java/lang/ClassNotFoundException'{0x0000000722c5c7e8}: io/restassured/internal/http/EncoderRegistryBeanInfo> (0x0000000722c5c7e8) 
thrown [s\src\hotspot\share\classfile\systemDictionary.cpp, line 312]
Event: 15.231 Thread 0x0000016fbb7b0ef0 Exception <a 'java/lang/ClassNotFoundException'{0x0000000722c626d0}: io/restassured/internal/http/EncoderRegistryCustomizer> (0x0000000722c626d0) 
thrown [s\src\hotspot\share\classfile\systemDictionary.cpp, line 312]
Event: 15.327 Thread 0x0000016fbb7b0ef0 Exception <a 'sun/nio/fs/WindowsException'{0x0000000722d53338}> (0x0000000722d53338) 
thrown [s\src\hotspot\share\prims\jni.cpp, line 520]

ZGC Phase Switch (0 events):
No events

VM Operations (20 events):
Event: 13.309 Executing VM operation: CollectForMetadataAllocation (Metadata GC Threshold)
Event: 13.316 Executing VM operation: CollectForMetadataAllocation (Metadata GC Threshold) done
Event: 13.340 Executing VM operation: G1PauseRemark
Event: 13.342 Executing VM operation: G1PauseRemark done
Event: 13.344 Executing VM operation: G1PauseCleanup
Event: 13.344 Executing VM operation: G1PauseCleanup done
Event: 14.229 Executing VM operation: HandshakeAllThreads (Deoptimize)
Event: 14.229 Executing VM operation: HandshakeAllThreads (Deoptimize) done
Event: 14.503 Executing VM operation: HandshakeAllThreads (Deoptimize)
Event: 14.503 Executing VM operation: HandshakeAllThreads (Deoptimize) done
Event: 14.503 Executing VM operation: Cleanup
Event: 14.504 Executing VM operation: Cleanup done
Event: 14.529 Executing VM operation: HandshakeAllThreads (Deoptimize)
Event: 14.529 Executing VM operation: HandshakeAllThreads (Deoptimize) done
Event: 14.773 Executing VM operation: G1CollectForAllocation (G1 Evacuation Pause)
Event: 14.798 Executing VM operation: G1CollectForAllocation (G1 Evacuation Pause) done
Event: 15.269 Executing VM operation: HandshakeAllThreads (Deoptimize)
Event: 15.269 Executing VM operation: HandshakeAllThreads (Deoptimize) done
Event: 15.330 Executing VM operation: HandshakeAllThreads (Deoptimize)
Event: 15.330 Executing VM operation: HandshakeAllThreads (Deoptimize) done

Events (20 events):
Event: 0.164 Thread 0x0000016fdc361fc0 Thread added: 0x0000016fdc361fc0
Event: 0.164 Thread 0x0000016fdc365b40 Thread added: 0x0000016fdc365b40
Event: 0.165 Thread 0x0000016fdc3665a0 Thread added: 0x0000016fdc3665a0
Event: 0.165 Thread 0x0000016fdc367000 Thread added: 0x0000016fdc367000
Event: 0.166 Thread 0x0000016fdc369da0 Thread added: 0x0000016fdc369da0
Event: 0.178 Thread 0x0000016fdc36cbe0 Thread added: 0x0000016fdc36cbe0
Event: 0.211 Thread 0x0000016fdc5d4670 Thread added: 0x0000016fdc5d4670
Event: 0.219 Thread 0x0000016fdc5db5d0 Thread added: 0x0000016fdc5db5d0
Event: 1.182 Thread 0x00000170220e6cb0 Thread added: 0x00000170220e6cb0
Event: 1.277 Thread 0x000001702212d560 Thread added: 0x000001702212d560
Event: 1.463 Thread 0x000001702212d560 Thread exited: 0x000001702212d560
Event: 3.065 Thread 0x00000170228164d0 Thread added: 0x00000170228164d0
Event: 3.439 Thread 0x00000170228164d0 Thread exited: 0x00000170228164d0
Event: 4.384 Thread 0x0000017022942280 Thread added: 0x0000017022942280
Event: 4.750 Thread 0x0000017022942280 Thread exited: 0x0000017022942280
Event: 12.164 Thread 0x0000017023029e20 Thread added: 0x0000017023029e20
Event: 12.735 Thread 0x0000017023029e20 Thread exited: 0x0000017023029e20
Event: 14.485 Thread 0x00000170236b9350 Thread added: 0x00000170236b9350
Event: 14.495 Thread 0x000001702357fdc0 Thread added: 0x000001702357fdc0
Event: 15.196 Thread 0x0000017023533ee0 Thread added: 0x0000017023533ee0


Dynamic libraries:
0x00007ff786d30000 - 0x00007ff786d3e000 	C:\Program Files\Eclipse Adoptium\jdk-21.0.2.13-hotspot\bin\java.exe
0x00007ffb90710000 - 0x00007ffb90927000 	C:\Windows\SYSTEM32\ntdll.dll
0x00007ffb8f5e0000 - 0x00007ffb8f6a4000 	C:\Windows\System32\KERNEL32.DLL
0x00007ffb8dc30000 - 0x00007ffb8dfe7000 	C:\Windows\System32\KERNELBASE.dll
0x00007ffb8e090000 - 0x00007ffb8e1a1000 	C:\Windows\System32\ucrtbase.dll
0x00007ffb88920000 - 0x00007ffb88938000 	C:\Program Files\Eclipse Adoptium\jdk-21.0.2.13-hotspot\bin\jli.dll
0x00007ffb89200000 - 0x00007ffb8921b000 	C:\Program Files\Eclipse Adoptium\jdk-21.0.2.13-hotspot\bin\VCRUNTIME140.dll
0x00007ffb8f0b0000 - 0x00007ffb8f25f000 	C:\Windows\System32\USER32.dll
0x00007ffb8dc00000 - 0x00007ffb8dc26000 	C:\Windows\System32\win32u.dll
0x00007ffb7b540000 - 0x00007ffb7b7d3000 	C:\Windows\WinSxS\amd64_microsoft.windows.common-controls_6595b64144ccf1df_6.0.22621.3672_none_2713b9d173822955\COMCTL32.dll
0x00007ffb90140000 - 0x00007ffb901e7000 	C:\Windows\System32\msvcrt.dll
0x00007ffb90590000 - 0x00007ffb905b9000 	C:\Windows\System32\GDI32.dll
0x00007ffb8e320000 - 0x00007ffb8e438000 	C:\Windows\System32\gdi32full.dll
0x00007ffb8dff0000 - 0x00007ffb8e08a000 	C:\Windows\System32\msvcp_win.dll
0x00007ffb8efe0000 - 0x00007ffb8f011000 	C:\Windows\System32\IMM32.DLL
0x00007ffb88910000 - 0x00007ffb8891c000 	C:\Program Files\Eclipse Adoptium\jdk-21.0.2.13-hotspot\bin\vcruntime140_1.dll
0x00007ffb88880000 - 0x00007ffb8890e000 	C:\Program Files\Eclipse Adoptium\jdk-21.0.2.13-hotspot\bin\msvcp140.dll
0x00007ffafd630000 - 0x00007ffafe3b3000 	C:\Program Files\Eclipse Adoptium\jdk-21.0.2.13-hotspot\bin\server\jvm.dll
0x00007ffb8ea50000 - 0x00007ffb8eb02000 	C:\Windows\System32\ADVAPI32.dll
0x00007ffb8e440000 - 0x00007ffb8e4e8000 	C:\Windows\System32\sechost.dll
0x00007ffb8e1b0000 - 0x00007ffb8e1d8000 	C:\Windows\System32\bcrypt.dll
0x00007ffb8f4a0000 - 0x00007ffb8f5b4000 	C:\Windows\System32\RPCRT4.dll
0x00007ffb8ff30000 - 0x00007ffb8ffa1000 	C:\Windows\System32\WS2_32.dll
0x00007ffb8c890000 - 0x00007ffb8c8dd000 	C:\Windows\SYSTEM32\POWRPROF.dll
0x00007ffb88540000 - 0x00007ffb88574000 	C:\Windows\SYSTEM32\WINMM.dll
0x00007ffb842c0000 - 0x00007ffb842ca000 	C:\Windows\SYSTEM32\VERSION.dll
0x00007ffb8c870000 - 0x00007ffb8c883000 	C:\Windows\SYSTEM32\UMPDC.dll
0x00007ffb8cb20000 - 0x00007ffb8cb38000 	C:\Windows\SYSTEM32\kernel.appcore.dll
0x00007ffb88870000 - 0x00007ffb8887a000 	C:\Program Files\Eclipse Adoptium\jdk-21.0.2.13-hotspot\bin\jimage.dll
0x00007ffb83480000 - 0x00007ffb836b2000 	C:\Windows\SYSTEM32\DBGHELP.DLL
0x00007ffb8e4f0000 - 0x00007ffb8e87e000 	C:\Windows\System32\combase.dll
0x00007ffb904b0000 - 0x00007ffb90587000 	C:\Windows\System32\OLEAUT32.dll
0x00007ffb73f30000 - 0x00007ffb73f62000 	C:\Windows\SYSTEM32\dbgcore.DLL
0x00007ffb8e1e0000 - 0x00007ffb8e25b000 	C:\Windows\System32\bcryptPrimitives.dll
0x00007ffb88850000 - 0x00007ffb8886f000 	C:\Program Files\Eclipse Adoptium\jdk-21.0.2.13-hotspot\bin\java.dll
0x00007ffb8f6c0000 - 0x00007ffb8ff29000 	C:\Windows\System32\SHELL32.dll
0x00007ffb8b950000 - 0x00007ffb8c24f000 	C:\Windows\SYSTEM32\windows.storage.dll
0x00007ffb8b810000 - 0x00007ffb8b94f000 	C:\Windows\SYSTEM32\wintypes.dll
0x00007ffb8e8f0000 - 0x00007ffb8e9e9000 	C:\Windows\System32\SHCORE.dll
0x00007ffb8e890000 - 0x00007ffb8e8ee000 	C:\Windows\System32\shlwapi.dll
0x00007ffb8d950000 - 0x00007ffb8d977000 	C:\Windows\SYSTEM32\profapi.dll
0x00007ffb2c5d0000 - 0x00007ffb2c6a7000 	C:\Program Files\Eclipse Adoptium\jdk-21.0.2.13-hotspot\bin\jsvml.dll
0x00007ffb7ba10000 - 0x00007ffb7ba20000 	C:\Program Files\Eclipse Adoptium\jdk-21.0.2.13-hotspot\bin\net.dll
0x00007ffb88ce0000 - 0x00007ffb88e16000 	C:\Windows\SYSTEM32\WINHTTP.dll
0x00007ffb8cf90000 - 0x00007ffb8cff9000 	C:\Windows\system32\mswsock.dll
0x00007ffb76b20000 - 0x00007ffb76b36000 	C:\Program Files\Eclipse Adoptium\jdk-21.0.2.13-hotspot\bin\nio.dll
0x00007ffb72e10000 - 0x00007ffb72e28000 	C:\Program Files\Eclipse Adoptium\jdk-21.0.2.13-hotspot\bin\zip.dll
0x00007ffb7b980000 - 0x00007ffb7b98a000 	C:\Program Files\Eclipse Adoptium\jdk-21.0.2.13-hotspot\bin\management.dll
0x00007ffb75240000 - 0x00007ffb7524b000 	C:\Program Files\Eclipse Adoptium\jdk-21.0.2.13-hotspot\bin\management_ext.dll
0x00007ffb8e880000 - 0x00007ffb8e888000 	C:\Windows\System32\PSAPI.DLL
0x00007ffb88830000 - 0x00007ffb88840000 	C:\Program Files\Eclipse Adoptium\jdk-21.0.2.13-hotspot\bin\verify.dll
0x00007ffb8d200000 - 0x00007ffb8d21b000 	C:\Windows\SYSTEM32\CRYPTSP.dll
0x00007ffb8ca80000 - 0x00007ffb8cab5000 	C:\Windows\system32\rsaenh.dll
0x00007ffb8d070000 - 0x00007ffb8d098000 	C:\Windows\SYSTEM32\USERENV.dll
0x00007ffb8d220000 - 0x00007ffb8d22c000 	C:\Windows\SYSTEM32\CRYPTBASE.dll
0x00007ffb8c520000 - 0x00007ffb8c54d000 	C:\Windows\SYSTEM32\IPHLPAPI.DLL
0x00007ffb8f6b0000 - 0x00007ffb8f6b9000 	C:\Windows\System32\NSI.dll

dbghelp: loaded successfully - version: 4.0.5 - missing functions: none
symbol engine: initialized successfully - sym options: 0x614 - pdb path: .;C:\Program Files\Eclipse Adoptium\jdk-21.0.2.13-hotspot\bin;C:\Windows\SYSTEM32;C:\Windows\WinSxS\amd64_microsoft.windows.common-controls_6595b64144ccf1df_6.0.22621.3672_none_2713b9d173822955;C:\Program Files\Eclipse Adoptium\jdk-21.0.2.13-hotspot\bin\server

VM Arguments:
java_command: C:\Users\Cirilo\AppData\Local\Temp\surefire8255541321714670184\surefirebooter9086313648581609027.jar C:\Users\Cirilo\AppData\Local\Temp\surefire8255541321714670184 2024-10-31T03-10-03_693-jvmRun1 surefire15726322558320475147tmp surefire_05986778056469626911tmp
java_class_path (initial): C:\Users\Cirilo\AppData\Local\Temp\surefire8255541321714670184\surefirebooter9086313648581609027.jar
Launcher Type: SUN_STANDARD

[Global flags]
     intx CICompilerCount                          = 4                                         {product} {ergonomic}
     uint ConcGCThreads                            = 2                                         {product} {ergonomic}
     uint G1ConcRefinementThreads                  = 8                                         {product} {ergonomic}
   size_t G1HeapRegionSize                         = 2097152                                   {product} {ergonomic}
    uintx GCDrainStackTargetSize                   = 64                                        {product} {ergonomic}
   size_t InitialHeapSize                          = 234881024                                 {product} {ergonomic}
   size_t MarkStackSize                            = 4194304                                   {product} {ergonomic}
   size_t MaxHeapSize                              = 3743416320                                {product} {ergonomic}
   size_t MaxNewSize                               = 2246049792                                {product} {ergonomic}
   size_t MinHeapDeltaBytes                        = 2097152                                   {product} {ergonomic}
   size_t MinHeapSize                              = 8388608                                   {product} {ergonomic}
    uintx NonNMethodCodeHeapSize                   = 5839372                                {pd product} {ergonomic}
    uintx NonProfiledCodeHeapSize                  = 122909434                              {pd product} {ergonomic}
    uintx ProfiledCodeHeapSize                     = 122909434                              {pd product} {ergonomic}
    uintx ReservedCodeCacheSize                    = 251658240                              {pd product} {ergonomic}
     bool SegmentedCodeCache                       = true                                      {product} {ergonomic}
   size_t SoftMaxHeapSize                          = 3743416320                             {manageable} {ergonomic}
     bool UseCompressedOops                        = true                           {product lp64_product} {ergonomic}
     bool UseG1GC                                  = true                                      {product} {ergonomic}
     bool UseLargePagesIndividualAllocation        = false                                  {pd product} {ergonomic}

Logging:
Log output configuration:
 #0: stdout all=warning uptime,level,tags foldmultilines=false
 #1: stderr all=off uptime,level,tags foldmultilines=false

Environment Variables:
JAVA_HOME=C:\Program Files\Eclipse Adoptium\jdk-21.0.2.13-hotspot\
PATH=C:\Program Files\Eclipse Adoptium\jdk-21.0.2.13-hotspot\bin;C:\Windows\system32;C:\Windows;C:\Windows\System32\Wbem;C:\Windows\System32\WindowsPowerShell\v1.0\;C:\Windows\System32\OpenSSH\;C:\Program Files\Git\cmd;C:\Program Files\Docker\Docker\resources\bin;C:\Program Files\nodejs\;C:\Program Files\NVIDIA Corporation\NVIDIA NvDLISR;C:\Users\Cirilo\Downloads\apache-maven-3.9.6\bin;C:\Program Files\dotnet\;C:\Program Files\Microsoft SQL Server\150\Tools\Binn\;C:\Program Files\Microsoft SQL Server\Client SDK\ODBC\170\Tools\Binn\;C:\Program Files\GitHub CLI\;C:\Program Files (x86)\NVIDIA Corporation\PhysX\Common;C:\ProgramData\chocolatey\bin;C:\Program Files\PuTTY\;C:\Users\Cirilo\AppData\Local\Microsoft\WindowsApps;C:\Users\Cirilo\AppData\Local\GitHubDesktop\bin;C:\Users\Cirilo\AppData\Local\Programs\Microsoft VS Code\bin;C:\Users\Cirilo\AppData\Roaming\npm;C:\Users\Cirilo\.dotnet\tools
USERNAME=Cirilo
OS=Windows_NT
PROCESSOR_IDENTIFIER=AMD64 Family 23 Model 24 Stepping 1, AuthenticAMD
TMP=C:\Users\Cirilo\AppData\Local\Temp
TEMP=C:\Users\Cirilo\AppData\Local\Temp




Periodic native trim disabled

---------------  S Y S T E M  ---------------

OS:
 Windows 11 , 64 bit Build 22621 (10.0.22621.3958)
OS uptime: 16 days 13:40 hours
Hyper-V role detected

CPU: total 8 (initial active 8) (8 cores per cpu, 2 threads per core) family 23 model 24 stepping 1 microcode 0x0, cx8, cmov, fxsr, ht, mmx, 3dnowpref, sse, sse2, sse3, ssse3, sse4a, sse4.1, sse4.2, popcnt, lzcnt, tsc, tscinvbit, avx, avx2, aes, clmul, bmi1, bmi2, adx, sha, fma, vzeroupper, clflush, clflushopt, hv, rdtscp, f16c
Processor Information for all 8 processors :
  Max Mhz: 2100, Current Mhz: 2100, Mhz Limit: 2100

Memory: 4k page, system-wide physical 14274M (419M free)
TotalPageFile size 57282M (AvailPageFile size 363M)
current process WorkingSet (physical memory assigned to process): 153M, peak: 157M
current process commit charge ("private bytes"): 196M, peak: 354M

vm_info: OpenJDK 64-Bit Server VM (21.0.2+13-LTS) for windows-amd64 JRE (21.0.2+13-LTS), built on 2024-01-16T00:00:00Z by "admin" with unknown MS VC++:1937

END.
