#
# There is insufficient memory for the Java Runtime Environment to continue.
# Native memory allocation (malloc) failed to allocate 189568 bytes for Chunk::new
# Possible reasons:
#   The system is out of physical RAM or swap space
#   The process is running with CompressedOops enabled, and the Java Heap may be blocking the growth of the native heap
# Possible solutions:
#   Reduce memory load on the system
#   Increase physical memory or swap space
#   Check if swap backing store is full
#   Decrease Java heap size (-Xmx/-Xms)
#   Decrease number of Java threads
#   Decrease Java thread stack sizes (-Xss)
#   Set larger code cache with -XX:ReservedCodeCacheSize=
#   JVM is running with Zero Based Compressed Oops mode in which the Java heap is
#     placed in the first 32GB address space. The Java Heap base address is the
#     maximum limit for the native heap growth. Please use -XX:HeapBaseMinAddress
#     to set the Java Heap base and to place the Java Heap above 32GB virtual address.
# This output file may be truncated or incomplete.
#
#  Out of Memory Error (arena.cpp:168), pid=39156, tid=38244
#
# JRE version: OpenJDK Runtime Environment Temurin-21.0.2+13 (21.0.2+13) (build 21.0.2+13-LTS)
# Java VM: OpenJDK 64-Bit Server VM Temurin-21.0.2+13 (21.0.2+13-LTS, mixed mode, sharing, tiered, compressed oops, compressed class ptrs, g1 gc, windows-amd64)
# No core dump will be written. Minidumps are not enabled by default on client versions of Windows
#

---------------  S U M M A R Y ------------

Command Line: C:\Users\Cirilo\AppData\Local\Temp\surefire9896946467036135475\surefirebooter6618238851083620691.jar C:\Users\Cirilo\AppData\Local\Temp\surefire9896946467036135475 2024-10-31T03-07-25_012-jvmRun1 surefire8135795629510429442tmp surefire_07360178024625964796tmp

Host: AMD Ryzen 5 3550H with Radeon Vega Mobile Gfx  , 8 cores, 13G,  Windows 11 , 64 bit Build 22621 (10.0.22621.3958)
Time: Thu Oct 31 03:07:34 2024 Hora oficial do Brasil elapsed time: 7.281420 seconds (0d 0h 0m 7s)

---------------  T H R E A D  ---------------

Current thread (0x000002627f568d60):  JavaThread "C2 CompilerThread0" daemon [_thread_in_native, id=38244, stack(0x000000b4fbf00000,0x000000b4fc000000) (1024K)]


Current CompileTask:
C2:   7281 2694       4       org.codehaus.groovy.runtime.metaclass.MetaMethodIndex::addMethodToList (128 bytes)

Stack: [0x000000b4fbf00000,0x000000b4fc000000]
Native frames: (J=compiled Java code, j=interpreted, Vv=VM code, C=native code)
V  [jvm.dll+0x6c94f9]
V  [jvm.dll+0x8a3c21]
V  [jvm.dll+0x8a614e]
V  [jvm.dll+0x8a6823]
V  [jvm.dll+0x27fa86]
V  [jvm.dll+0xc4a2d]
V  [jvm.dll+0xc4f63]
V  [jvm.dll+0x3b3b5c]
V  [jvm.dll+0x380575]
V  [jvm.dll+0x37f9da]
V  [jvm.dll+0x247fa0]
V  [jvm.dll+0x24757f]
V  [jvm.dll+0x1c847e]
V  [jvm.dll+0x256db9]
V  [jvm.dll+0x25538a]
V  [jvm.dll+0x3ed0d6]
V  [jvm.dll+0x84cb3b]
V  [jvm.dll+0x6c7c2d]
C  [ucrtbase.dll+0x29333]
C  [KERNEL32.DLL+0x1257d]
C  [ntdll.dll+0x5af08]


---------------  P R O C E S S  ---------------

Threads class SMR info:
_java_thread_list=0x00000262552ee130, length=13, elements={
0x000002626db69910, 0x000002627f55a130, 0x000002627f55adf0, 0x000002627f560a70,
0x000002627f5644f0, 0x000002627f564f50, 0x000002627f5679c0, 0x000002627f568d60,
0x000002627f56f5f0, 0x000002627f7d39f0, 0x000002627f7dc970, 0x000002627f922bf0,
0x00000262552db910
}

Java Threads: ( => current thread )
  0x000002626db69910 JavaThread "main"                              [_thread_in_Java, id=36416, stack(0x000000b4fb100000,0x000000b4fb200000) (1024K)]
  0x000002627f55a130 JavaThread "Reference Handler"          daemon [_thread_blocked, id=1596, stack(0x000000b4fb900000,0x000000b4fba00000) (1024K)]
  0x000002627f55adf0 JavaThread "Finalizer"                  daemon [_thread_blocked, id=38228, stack(0x000000b4fba00000,0x000000b4fbb00000) (1024K)]
  0x000002627f560a70 JavaThread "Signal Dispatcher"          daemon [_thread_blocked, id=38176, stack(0x000000b4fbb00000,0x000000b4fbc00000) (1024K)]
  0x000002627f5644f0 JavaThread "Attach Listener"            daemon [_thread_blocked, id=38220, stack(0x000000b4fbc00000,0x000000b4fbd00000) (1024K)]
  0x000002627f564f50 JavaThread "Service Thread"             daemon [_thread_blocked, id=39200, stack(0x000000b4fbd00000,0x000000b4fbe00000) (1024K)]
  0x000002627f5679c0 JavaThread "Monitor Deflation Thread"   daemon [_thread_blocked, id=3724, stack(0x000000b4fbe00000,0x000000b4fbf00000) (1024K)]
=>0x000002627f568d60 JavaThread "C2 CompilerThread0"         daemon [_thread_in_native, id=38244, stack(0x000000b4fbf00000,0x000000b4fc000000) (1024K)]
  0x000002627f56f5f0 JavaThread "C1 CompilerThread0"         daemon [_thread_in_vm, id=28920, stack(0x000000b4fc000000,0x000000b4fc100000) (1024K)]
  0x000002627f7d39f0 JavaThread "Notification Thread"        daemon [_thread_blocked, id=30756, stack(0x000000b4fc100000,0x000000b4fc200000) (1024K)]
  0x000002627f7dc970 JavaThread "Common-Cleaner"             daemon [_thread_blocked, id=23468, stack(0x000000b4fc200000,0x000000b4fc300000) (1024K)]
  0x000002627f922bf0 JavaThread "surefire-forkedjvm-command-thread" daemon [_thread_in_native, id=41156, stack(0x000000b4fc300000,0x000000b4fc400000) (1024K)]
  0x00000262552db910 JavaThread "C2 CompilerThread1"         daemon [_thread_in_native, id=38292, stack(0x000000b4fcc00000,0x000000b4fcd00000) (1024K)]
Total: 13

Other Threads:
  0x000002627f53e170 VMThread "VM Thread"                           [id=39184, stack(0x000000b4fb800000,0x000000b4fb900000) (1024K)]
  0x000002627f526100 WatcherThread "VM Periodic Task Thread"        [id=38212, stack(0x000000b4fb700000,0x000000b4fb800000) (1024K)]
  0x000002626dbc59a0 WorkerThread "GC Thread#0"                     [id=40184, stack(0x000000b4fb200000,0x000000b4fb300000) (1024K)]
  0x00000262547ece90 WorkerThread "GC Thread#1"                     [id=41112, stack(0x000000b4fc400000,0x000000b4fc500000) (1024K)]
  0x00000262547ed230 WorkerThread "GC Thread#2"                     [id=38416, stack(0x000000b4fc500000,0x000000b4fc600000) (1024K)]
  0x00000262547ed5d0 WorkerThread "GC Thread#3"                     [id=41404, stack(0x000000b4fc600000,0x000000b4fc700000) (1024K)]
  0x00000262547ed970 WorkerThread "GC Thread#4"                     [id=40536, stack(0x000000b4fc700000,0x000000b4fc800000) (1024K)]
  0x00000262548e8bd0 WorkerThread "GC Thread#5"                     [id=40180, stack(0x000000b4fc800000,0x000000b4fc900000) (1024K)]
  0x00000262547fb710 WorkerThread "GC Thread#6"                     [id=38320, stack(0x000000b4fc900000,0x000000b4fca00000) (1024K)]
  0x00000262547fbab0 WorkerThread "GC Thread#7"                     [id=38324, stack(0x000000b4fca00000,0x000000b4fcb00000) (1024K)]
  0x000002626dbd5250 ConcurrentGCThread "G1 Main Marker"            [id=38280, stack(0x000000b4fb300000,0x000000b4fb400000) (1024K)]
  0x000002626dbd64f0 WorkerThread "G1 Conc#0"                       [id=16432, stack(0x000000b4fb400000,0x000000b4fb500000) (1024K)]
  0x00000262549a7140 WorkerThread "G1 Conc#1"                       [id=16408, stack(0x000000b4fcb00000,0x000000b4fcc00000) (1024K)]
  0x000002627f3f64f0 ConcurrentGCThread "G1 Refine#0"               [id=35048, stack(0x000000b4fb500000,0x000000b4fb600000) (1024K)]
  0x000002627f3f76a0 ConcurrentGCThread "G1 Service"                [id=38232, stack(0x000000b4fb600000,0x000000b4fb700000) (1024K)]
Total: 15

Threads with active compile tasks:
C2 CompilerThread0     7325 2694       4       org.codehaus.groovy.runtime.metaclass.MetaMethodIndex::addMethodToList (128 bytes)
C2 CompilerThread1     7326 2688       4       java.lang.invoke.MethodType::makeImpl (109 bytes)
Total: 2

VM state: not at safepoint (normal execution)

VM Mutex/Monitor currently owned by a thread: None

Heap address: 0x0000000720e00000, size: 3570 MB, Compressed Oops mode: Zero based, Oop shift amount: 3

CDS archive(s) mapped at: [0x000002620f000000-0x000002620fc90000-0x000002620fc90000), size 13172736, SharedBaseAddress: 0x000002620f000000, ArchiveRelocationMode: 1.
Compressed class space mapped at: 0x0000026210000000-0x0000026250000000, reserved size: 1073741824
Narrow klass base: 0x000002620f000000, Narrow klass shift: 0, Narrow klass range: 0x100000000

GC Precious Log:
 CardTable entry size: 512
 Card Set container configuration: InlinePtr #cards 4 size 8 Array Of Cards #cards 16 size 48 Howl #buckets 8 coarsen threshold 3686 Howl Bitmap #cards 512 size 80 coarsen threshold 460 Card regions per heap region 1 cards per card region 4096
 CPUs: 8 total, 8 available
 Memory: 14274M
 Large Page Support: Disabled
 NUMA Support: Disabled
 Compressed Oops: Enabled (Zero based)
 Heap Region Size: 2M
 Heap Min Capacity: 8M
 Heap Initial Capacity: 224M
 Heap Max Capacity: 3570M
 Pre-touch: Disabled
 Parallel Workers: 8
 Concurrent Workers: 2
 Concurrent Refinement Workers: 8
 Periodic GC: Disabled

Heap:
 garbage-first heap   total 49152K, used 20151K [0x0000000720e00000, 0x0000000800000000)
  region size 2048K, 9 young (18432K), 3 survivors (6144K)
 Metaspace       used 22144K, committed 22400K, reserved 1114112K
  class space    used 2467K, committed 2560K, reserved 1048576K

Heap Regions: E=young(eden), S=young(survivor), O=old, HS=humongous(starts), HC=humongous(continues), CS=collection set, F=free, TAMS=top-at-mark-start, PB=parsable bottom
|   0|0x0000000720e00000, 0x0000000721000000, 0x0000000721000000|100%| O|  |TAMS 0x0000000720e00000| PB 0x0000000720e00000| Untracked 
|   1|0x0000000721000000, 0x0000000721200000, 0x0000000721200000|100%| O|  |TAMS 0x0000000721000000| PB 0x0000000721000000| Untracked 
|   2|0x0000000721200000, 0x000000072134a980, 0x0000000721400000| 64%| O|Cm|TAMS 0x0000000721200000| PB 0x0000000721200000| Complete 
|   3|0x0000000721400000, 0x0000000721400000, 0x0000000721600000|  0%| F|  |TAMS 0x0000000721400000| PB 0x0000000721400000| Untracked 
|   4|0x0000000721600000, 0x0000000721600000, 0x0000000721800000|  0%| F|  |TAMS 0x0000000721600000| PB 0x0000000721600000| Untracked 
|   5|0x0000000721800000, 0x0000000721800000, 0x0000000721a00000|  0%| F|  |TAMS 0x0000000721800000| PB 0x0000000721800000| Untracked 
|   6|0x0000000721a00000, 0x0000000721a00000, 0x0000000721c00000|  0%| F|  |TAMS 0x0000000721a00000| PB 0x0000000721a00000| Untracked 
|   7|0x0000000721c00000, 0x0000000721c00000, 0x0000000721e00000|  0%| F|  |TAMS 0x0000000721c00000| PB 0x0000000721c00000| Untracked 
|   8|0x0000000721e00000, 0x0000000721e00000, 0x0000000722000000|  0%| F|  |TAMS 0x0000000721e00000| PB 0x0000000721e00000| Untracked 
|   9|0x0000000722000000, 0x0000000722000000, 0x0000000722200000|  0%| F|  |TAMS 0x0000000722000000| PB 0x0000000722000000| Untracked 
|  10|0x0000000722200000, 0x0000000722200000, 0x0000000722400000|  0%| F|  |TAMS 0x0000000722200000| PB 0x0000000722200000| Untracked 
|  11|0x0000000722400000, 0x0000000722400000, 0x0000000722600000|  0%| F|  |TAMS 0x0000000722400000| PB 0x0000000722400000| Untracked 
|  12|0x0000000722600000, 0x0000000722600000, 0x0000000722800000|  0%| F|  |TAMS 0x0000000722600000| PB 0x0000000722600000| Untracked 
|  13|0x0000000722800000, 0x0000000722800000, 0x0000000722a00000|  0%| F|  |TAMS 0x0000000722800000| PB 0x0000000722800000| Untracked 
|  14|0x0000000722a00000, 0x0000000722a00000, 0x0000000722c00000|  0%| F|  |TAMS 0x0000000722a00000| PB 0x0000000722a00000| Untracked 
|  15|0x0000000722c00000, 0x0000000722d00800, 0x0000000722e00000| 50%| E|  |TAMS 0x0000000722c00000| PB 0x0000000722c00000| Complete 
|  16|0x0000000722e00000, 0x0000000723000000, 0x0000000723000000|100%| E|CS|TAMS 0x0000000722e00000| PB 0x0000000722e00000| Complete 
|  17|0x0000000723000000, 0x0000000723200000, 0x0000000723200000|100%| E|CS|TAMS 0x0000000723000000| PB 0x0000000723000000| Complete 
|  18|0x0000000723200000, 0x0000000723400000, 0x0000000723400000|100%| E|CS|TAMS 0x0000000723200000| PB 0x0000000723200000| Complete 
|  19|0x0000000723400000, 0x0000000723600000, 0x0000000723600000|100%| E|CS|TAMS 0x0000000723400000| PB 0x0000000723400000| Complete 
|  96|0x000000072ce00000, 0x000000072ce632d0, 0x000000072d000000| 19%| S|CS|TAMS 0x000000072ce00000| PB 0x000000072ce00000| Complete 
|  97|0x000000072d000000, 0x000000072d200000, 0x000000072d200000|100%| S|CS|TAMS 0x000000072d000000| PB 0x000000072d000000| Complete 
|  98|0x000000072d200000, 0x000000072d400000, 0x000000072d400000|100%| S|CS|TAMS 0x000000072d200000| PB 0x000000072d200000| Complete 
| 111|0x000000072ec00000, 0x000000072ee00000, 0x000000072ee00000|100%| E|CS|TAMS 0x000000072ec00000| PB 0x000000072ec00000| Complete 

Card table byte_map: [0x0000026278bd0000,0x00000262792d0000] _byte_map_base: 0x00000262752c9000

Marking Bits: (CMBitMap*) 0x000002626dbc60a0
 Bits: [0x00000262792d0000, 0x000002627ca98000)

Polling page: 0x000002626dc30000

Metaspace:

Usage:
  Non-class:     19.22 MB used.
      Class:      2.41 MB used.
       Both:     21.64 MB used.

Virtual space:
  Non-class space:       64.00 MB reserved,      19.38 MB ( 30%) committed,  1 nodes.
      Class space:        1.00 GB reserved,       2.50 MB ( <1%) committed,  1 nodes.
             Both:        1.06 GB reserved,      21.88 MB (  2%) committed. 

Chunk freelists:
   Non-Class:  12.57 MB
       Class:  13.50 MB
        Both:  26.07 MB

MaxMetaspaceSize: unlimited
CompressedClassSpaceSize: 1.00 GB
Initial GC threshold: 21.00 MB
Current GC threshold: 35.12 MB
CDS: on
 - commit_granule_bytes: 65536.
 - commit_granule_words: 8192.
 - virtual_space_node_default_size: 8388608.
 - enlarge_chunks_in_place: 1.
 - use_allocation_guard: 0.


Internal statistics:

num_allocs_failed_limit: 3.
num_arena_births: 302.
num_arena_deaths: 0.
num_vsnodes_births: 2.
num_vsnodes_deaths: 0.
num_space_committed: 350.
num_space_uncommitted: 0.
num_chunks_returned_to_freelist: 3.
num_chunks_taken_from_freelist: 979.
num_chunk_merges: 3.
num_chunk_splits: 723.
num_chunks_enlarged: 573.
num_inconsistent_stats: 0.

CodeHeap 'non-profiled nmethods': size=120000Kb used=977Kb max_used=977Kb free=119022Kb
 bounds [0x0000026207ad0000, 0x0000026207d40000, 0x000002620f000000]
CodeHeap 'profiled nmethods': size=120000Kb used=5323Kb max_used=5323Kb free=114676Kb
 bounds [0x0000026200000000, 0x0000026200540000, 0x0000026207530000]
CodeHeap 'non-nmethods': size=5760Kb used=2604Kb max_used=2628Kb free=3155Kb
 bounds [0x0000026207530000, 0x00000262077d0000, 0x0000026207ad0000]
 total_blobs=3508 nmethods=2746 adapters=666
 compilation: enabled
              stopped_count=0, restarted_count=0
 full_count=0

Compilation events (20 events):
Event: 7.264 Thread 0x000002627f56f5f0 2698       3       java.lang.reflect.Constructor::newInstanceWithCaller (51 bytes)
Event: 7.264 Thread 0x000002627f56f5f0 nmethod 2698 0x0000026200517610 code [0x00000262005177e0, 0x0000026200517ac8]
Event: 7.264 Thread 0x000002627f56f5f0 2700   !   3       jdk.internal.reflect.DirectConstructorHandleAccessor::newInstance (130 bytes)
Event: 7.268 Thread 0x000002627f56f5f0 nmethod 2700 0x0000026200517c10 code [0x0000026200518160, 0x000002620051aa50]
Event: 7.269 Thread 0x000002627f56f5f0 2701       3       jdk.internal.reflect.DirectConstructorHandleAccessor::invokeImpl (103 bytes)
Event: 7.271 Thread 0x000002627f56f5f0 nmethod 2701 0x000002620051c010 code [0x000002620051c3a0, 0x000002620051dee0]
Event: 7.271 Thread 0x000002627f56f5f0 2709       3       java.lang.invoke.InvokerBytecodeGenerator::storeInsnOpcode (98 bytes)
Event: 7.272 Thread 0x000002627f56f5f0 nmethod 2709 0x000002620051e690 code [0x000002620051e900, 0x000002620051f280]
Event: 7.272 Thread 0x000002627f56f5f0 2705       3       jdk.internal.org.objectweb.asm.AnnotationWriter::create (34 bytes)
Event: 7.273 Thread 0x000002627f56f5f0 nmethod 2705 0x000002620051f590 code [0x000002620051f7a0, 0x000002620051fc68]
Event: 7.273 Thread 0x000002627f56f5f0 2706       3       jdk.internal.org.objectweb.asm.AnnotationWriter::<init> (60 bytes)
Event: 7.274 Thread 0x000002627f56f5f0 nmethod 2706 0x000002620051fe90 code [0x0000026200520060, 0x0000026200520470]
Event: 7.274 Thread 0x000002627f56f5f0 2707       3       jdk.internal.org.objectweb.asm.AnnotationVisitor::<init> (7 bytes)
Event: 7.274 Thread 0x000002627f56f5f0 nmethod 2707 0x0000026200520610 code [0x00000262005207c0, 0x0000026200520908]
Event: 7.274 Thread 0x000002627f56f5f0 2708       3       jdk.internal.org.objectweb.asm.AnnotationVisitor::<init> (78 bytes)
Event: 7.275 Thread 0x000002627f56f5f0 nmethod 2708 0x0000026200520990 code [0x0000026200520bc0, 0x0000026200521388]
Event: 7.275 Thread 0x000002627f56f5f0 2704       1       java.lang.invoke.InvokerBytecodeGenerator::setClassWriter (6 bytes)
Event: 7.275 Thread 0x000002627f56f5f0 nmethod 2704 0x0000026207bbdc10 code [0x0000026207bbdda0, 0x0000026207bbdeb8]
Event: 7.276 Thread 0x000002627f56f5f0 2710       1       java.lang.Class::getClassData (5 bytes)
Event: 7.276 Thread 0x000002627f56f5f0 nmethod 2710 0x0000026207bbdf10 code [0x0000026207bbe0a0, 0x0000026207bbe170]

GC Heap History (6 events):
Event: 2.146 GC heap before
{Heap before GC invocations=0 (full 0):
 garbage-first heap   total 229376K, used 20480K [0x0000000720e00000, 0x0000000800000000)
  region size 2048K, 11 young (22528K), 0 survivors (0K)
 Metaspace       used 6549K, committed 6656K, reserved 1114112K
  class space    used 728K, committed 768K, reserved 1048576K
}
Event: 2.159 GC heap after
{Heap after GC invocations=1 (full 0):
 garbage-first heap   total 229376K, used 5549K [0x0000000720e00000, 0x0000000800000000)
  region size 2048K, 2 young (4096K), 2 survivors (4096K)
 Metaspace       used 6549K, committed 6656K, reserved 1114112K
  class space    used 728K, committed 768K, reserved 1048576K
}
Event: 5.283 GC heap before
{Heap before GC invocations=1 (full 0):
 garbage-first heap   total 229376K, used 34221K [0x0000000720e00000, 0x0000000800000000)
  region size 2048K, 16 young (32768K), 2 survivors (4096K)
 Metaspace       used 14073K, committed 14336K, reserved 1114112K
  class space    used 1612K, committed 1728K, reserved 1048576K
}
Event: 5.290 GC heap after
{Heap after GC invocations=2 (full 0):
 garbage-first heap   total 229376K, used 7258K [0x0000000720e00000, 0x0000000800000000)
  region size 2048K, 1 young (2048K), 1 survivors (2048K)
 Metaspace       used 14073K, committed 14336K, reserved 1114112K
  class space    used 1612K, committed 1728K, reserved 1048576K
}
Event: 6.850 GC heap before
{Heap before GC invocations=2 (full 0):
 garbage-first heap   total 229376K, used 31834K [0x0000000720e00000, 0x0000000800000000)
  region size 2048K, 14 young (28672K), 1 survivors (2048K)
 Metaspace       used 21261K, committed 21504K, reserved 1114112K
  class space    used 2344K, committed 2432K, reserved 1048576K
}
Event: 6.855 GC heap after
{Heap after GC invocations=3 (full 0):
 garbage-first heap   total 229376K, used 9911K [0x0000000720e00000, 0x0000000800000000)
  region size 2048K, 3 young (6144K), 3 survivors (6144K)
 Metaspace       used 21261K, committed 21504K, reserved 1114112K
  class space    used 2344K, committed 2432K, reserved 1048576K
}

Dll operation events (9 events):
Event: 0.031 Loaded shared library C:\Program Files\Eclipse Adoptium\jdk-21.0.2.13-hotspot\bin\java.dll
Event: 0.119 Loaded shared library C:\Program Files\Eclipse Adoptium\jdk-21.0.2.13-hotspot\bin\jsvml.dll
Event: 0.171 Loaded shared library C:\Program Files\Eclipse Adoptium\jdk-21.0.2.13-hotspot\bin\net.dll
Event: 0.176 Loaded shared library C:\Program Files\Eclipse Adoptium\jdk-21.0.2.13-hotspot\bin\nio.dll
Event: 0.183 Loaded shared library C:\Program Files\Eclipse Adoptium\jdk-21.0.2.13-hotspot\bin\zip.dll
Event: 0.307 Loaded shared library C:\Program Files\Eclipse Adoptium\jdk-21.0.2.13-hotspot\bin\management.dll
Event: 0.336 Loaded shared library C:\Program Files\Eclipse Adoptium\jdk-21.0.2.13-hotspot\bin\management_ext.dll
Event: 0.387 Loaded shared library C:\Program Files\Eclipse Adoptium\jdk-21.0.2.13-hotspot\bin\jimage.dll
Event: 0.828 Loaded shared library C:\Program Files\Eclipse Adoptium\jdk-21.0.2.13-hotspot\bin\verify.dll

Deoptimization events (20 events):
Event: 7.162 Thread 0x000002626db69910 Uncommon trap: trap_request=0xffffffd6 fr.pc=0x0000026207bb5498 relative=0x0000000000000178
Event: 7.162 Thread 0x000002626db69910 Uncommon trap: reason=array_check action=maybe_recompile pc=0x0000026207bb5498 method=java.util.stream.Nodes$FixedNodeBuilder.accept(Ljava/lang/Object;)V @ 28 c2
Event: 7.162 Thread 0x000002626db69910 DEOPT PACKING pc=0x0000026207bb5498 sp=0x000000b4fb1fc240
Event: 7.162 Thread 0x000002626db69910 DEOPT UNPACKING pc=0x00000262075846a2 sp=0x000000b4fb1fc1e0 mode 2
Event: 7.162 Thread 0x000002626db69910 Uncommon trap: trap_request=0xffffffd6 fr.pc=0x0000026207bb5498 relative=0x0000000000000178
Event: 7.162 Thread 0x000002626db69910 Uncommon trap: reason=array_check action=maybe_recompile pc=0x0000026207bb5498 method=java.util.stream.Nodes$FixedNodeBuilder.accept(Ljava/lang/Object;)V @ 28 c2
Event: 7.162 Thread 0x000002626db69910 DEOPT PACKING pc=0x0000026207bb5498 sp=0x000000b4fb1fc240
Event: 7.162 Thread 0x000002626db69910 DEOPT UNPACKING pc=0x00000262075846a2 sp=0x000000b4fb1fc1e0 mode 2
Event: 7.162 Thread 0x000002626db69910 Uncommon trap: trap_request=0xffffffd6 fr.pc=0x0000026207bb5498 relative=0x0000000000000178
Event: 7.162 Thread 0x000002626db69910 Uncommon trap: reason=array_check action=maybe_recompile pc=0x0000026207bb5498 method=java.util.stream.Nodes$FixedNodeBuilder.accept(Ljava/lang/Object;)V @ 28 c2
Event: 7.162 Thread 0x000002626db69910 DEOPT PACKING pc=0x0000026207bb5498 sp=0x000000b4fb1fc240
Event: 7.162 Thread 0x000002626db69910 DEOPT UNPACKING pc=0x00000262075846a2 sp=0x000000b4fb1fc1e0 mode 2
Event: 7.162 Thread 0x000002626db69910 Uncommon trap: trap_request=0xffffffd6 fr.pc=0x0000026207bb5498 relative=0x0000000000000178
Event: 7.162 Thread 0x000002626db69910 Uncommon trap: reason=array_check action=maybe_recompile pc=0x0000026207bb5498 method=java.util.stream.Nodes$FixedNodeBuilder.accept(Ljava/lang/Object;)V @ 28 c2
Event: 7.162 Thread 0x000002626db69910 DEOPT PACKING pc=0x0000026207bb5498 sp=0x000000b4fb1fc240
Event: 7.162 Thread 0x000002626db69910 DEOPT UNPACKING pc=0x00000262075846a2 sp=0x000000b4fb1fc1e0 mode 2
Event: 7.204 Thread 0x000002626db69910 Uncommon trap: trap_request=0xffffff45 fr.pc=0x0000026207b19630 relative=0x0000000000000e30
Event: 7.204 Thread 0x000002626db69910 Uncommon trap: reason=unstable_if action=reinterpret pc=0x0000026207b19630 method=java.util.concurrent.ConcurrentHashMap.putVal(Ljava/lang/Object;Ljava/lang/Object;Z)Ljava/lang/Object; @ 148 c2
Event: 7.204 Thread 0x000002626db69910 DEOPT PACKING pc=0x0000026207b19630 sp=0x000000b4fb1fbfa0
Event: 7.204 Thread 0x000002626db69910 DEOPT UNPACKING pc=0x00000262075846a2 sp=0x000000b4fb1fbf20 mode 2

Classes loaded (20 events):
Event: 6.997 Loading class java/util/AbstractMapBeanInfo
Event: 6.997 Loading class java/util/AbstractMapBeanInfo done
Event: 6.997 Loading class java/util/AbstractMapBeanInfo
Event: 6.997 Loading class java/util/AbstractMapBeanInfo done
Event: 6.997 Loading class java/util/AbstractMapCustomizer
Event: 6.997 Loading class java/util/AbstractMapCustomizer done
Event: 6.997 Loading class java/util/AbstractMapCustomizer
Event: 6.997 Loading class java/util/AbstractMapCustomizer done
Event: 7.003 Loading class java/util/HashMapCustomizer
Event: 7.003 Loading class java/util/HashMapCustomizer done
Event: 7.003 Loading class java/util/HashMapCustomizer
Event: 7.003 Loading class java/util/HashMapCustomizer done
Event: 7.010 Loading class java/util/LinkedHashMapCustomizer
Event: 7.010 Loading class java/util/LinkedHashMapCustomizer done
Event: 7.010 Loading class java/util/LinkedHashMapCustomizer
Event: 7.010 Loading class java/util/LinkedHashMapCustomizer done
Event: 7.102 Loading class sun/invoke/util/ValueConversions$1
Event: 7.102 Loading class sun/invoke/util/ValueConversions$1 done
Event: 7.103 Loading class java/lang/invoke/BoundMethodHandle$Species_LI
Event: 7.104 Loading class java/lang/invoke/BoundMethodHandle$Species_LI done

Classes unloaded (0 events):
No events

Classes redefined (0 events):
No events

Internal exceptions (20 events):
Event: 7.182 Thread 0x000002626db69910 Exception <a 'java/lang/ClassNotFoundException'{0x0000000722e80840}: org/apache/commons/lang3/ValidateBeanInfo> (0x0000000722e80840) 
thrown [s\src\hotspot\share\classfile\systemDictionary.cpp, line 312]
Event: 7.183 Thread 0x000002626db69910 Exception <a 'java/lang/ClassNotFoundException'{0x0000000722e85110}: org/apache/commons/lang3/ValidateCustomizer> (0x0000000722e85110) 
thrown [s\src\hotspot\share\classfile\systemDictionary.cpp, line 312]
Event: 7.200 Thread 0x000002626db69910 Exception <a 'java/lang/NoSuchMethodError'{0x0000000722ee1058}: 'java.lang.Object java.lang.invoke.DirectMethodHandle$Holder.invokeVirtual(java.lang.Object, java.lang.Object, java.lang.Object, java.lang.Object)'> (0x0000000722ee1058) 
thrown [s\src\hotspot\share\interpreter\linkResolver.cpp, line 773]
Event: 7.209 Thread 0x000002626db69910 Exception <a 'java/lang/ClassNotFoundException'{0x0000000722f0ea98}: io/restassured/internal/TestSpecificationImplBeanInfo> (0x0000000722f0ea98) 
thrown [s\src\hotspot\share\classfile\systemDictionary.cpp, line 312]
Event: 7.210 Thread 0x000002626db69910 Exception <a 'java/lang/ClassNotFoundException'{0x0000000722f137e8}: io/restassured/internal/TestSpecificationImplCustomizer> (0x0000000722f137e8) 
thrown [s\src\hotspot\share\classfile\systemDictionary.cpp, line 312]
Event: 7.216 Thread 0x000002626db69910 Exception <a 'java/lang/NoSuchMethodError'{0x0000000722f5dea0}: 'void java.lang.invoke.Invokers$Holder.invokeExact_MT(java.lang.Object, java.lang.Object, java.lang.Object, java.lang.Object)'> (0x0000000722f5dea0) 
thrown [s\src\hotspot\share\interpreter\linkResolver.cpp, line 773]
Event: 7.226 Thread 0x000002626db69910 Exception <a 'java/lang/ClassNotFoundException'{0x0000000722f77cd0}: io/restassured/http/ContentTypeBeanInfo> (0x0000000722f77cd0) 
thrown [s\src\hotspot\share\classfile\systemDictionary.cpp, line 312]
Event: 7.229 Thread 0x000002626db69910 Exception <a 'java/lang/ClassNotFoundException'{0x0000000722f7c578}: io/restassured/http/ContentTypeCustomizer> (0x0000000722f7c578) 
thrown [s\src\hotspot\share\classfile\systemDictionary.cpp, line 312]
Event: 7.233 Thread 0x000002626db69910 Exception <a 'java/lang/NoSuchMethodError'{0x0000000722f85db8}: 'java.lang.Object java.lang.invoke.DirectMethodHandle$Holder.invokeInterface(java.lang.Object, java.lang.Object, java.lang.Object, java.lang.Object, java.lang.Object)'> (0x0000000722f85db8) 
thrown [s\src\hotspot\share\interpreter\linkResolver.cpp, line 773]
Event: 7.240 Thread 0x000002626db69910 Exception <a 'java/lang/ClassNotFoundException'{0x0000000722fa0708}: groovy/lang/ReferenceBeanInfo> (0x0000000722fa0708) 
thrown [s\src\hotspot\share\classfile\systemDictionary.cpp, line 312]
Event: 7.241 Thread 0x000002626db69910 Exception <a 'java/lang/ClassNotFoundException'{0x0000000722fa54c0}: groovy/lang/GroovyObjectSupportBeanInfo> (0x0000000722fa54c0) 
thrown [s\src\hotspot\share\classfile\systemDictionary.cpp, line 312]
Event: 7.242 Thread 0x000002626db69910 Exception <a 'java/lang/ClassNotFoundException'{0x0000000722fa9d50}: groovy/lang/GroovyObjectSupportCustomizer> (0x0000000722fa9d50) 
thrown [s\src\hotspot\share\classfile\systemDictionary.cpp, line 312]
Event: 7.246 Thread 0x000002626db69910 Exception <a 'java/lang/ClassNotFoundException'{0x0000000722fbed90}: groovy/lang/ReferenceCustomizer> (0x0000000722fbed90) 
thrown [s\src\hotspot\share\classfile\systemDictionary.cpp, line 312]
Event: 7.248 Thread 0x000002626db69910 Exception <a 'java/lang/NoSuchMethodError'{0x0000000722fc6308}: 'java.lang.Object java.lang.invoke.DirectMethodHandle$Holder.invokeVirtual(java.lang.Object, java.lang.Object, java.lang.Object)'> (0x0000000722fc6308) 
thrown [s\src\hotspot\share\interpreter\linkResolver.cpp, line 773]
Event: 7.257 Thread 0x000002626db69910 Exception <a 'java/lang/ClassNotFoundException'{0x0000000722fe1138}: io/restassured/internal/serialization/SerializationSupportBeanInfo> (0x0000000722fe1138) 
thrown [s\src\hotspot\share\classfile\systemDictionary.cpp, line 312]
Event: 7.258 Thread 0x000002626db69910 Exception <a 'java/lang/ClassNotFoundException'{0x0000000722fe6a08}: io/restassured/internal/serialization/SerializationSupportCustomizer> (0x0000000722fe6a08) 
thrown [s\src\hotspot\share\classfile\systemDictionary.cpp, line 312]
Event: 7.267 Thread 0x000002626db69910 Exception <a 'java/lang/ClassNotFoundException'{0x0000000722c06318}: io/restassured/http/HeaderBeanInfo> (0x0000000722c06318) 
thrown [s\src\hotspot\share\classfile\systemDictionary.cpp, line 312]
Event: 7.268 Thread 0x000002626db69910 Exception <a 'java/lang/ClassNotFoundException'{0x0000000722c0aa58}: io/restassured/http/HeaderCustomizer> (0x0000000722c0aa58) 
thrown [s\src\hotspot\share\classfile\systemDictionary.cpp, line 312]
Event: 7.275 Thread 0x000002626db69910 Exception <a 'java/lang/ClassNotFoundException'{0x0000000722c28e80}: groovy/lang/Closure$1BeanInfo> (0x0000000722c28e80) 
thrown [s\src\hotspot\share\classfile\systemDictionary.cpp, line 312]
Event: 7.277 Thread 0x000002626db69910 Exception <a 'java/lang/ClassNotFoundException'{0x0000000722c2d968}: groovy/lang/ClosureBeanInfo> (0x0000000722c2d968) 
thrown [s\src\hotspot\share\classfile\systemDictionary.cpp, line 312]

ZGC Phase Switch (0 events):
No events

VM Operations (20 events):
Event: 3.870 Executing VM operation: Cleanup
Event: 3.870 Executing VM operation: Cleanup done
Event: 4.192 Executing VM operation: HandshakeAllThreads (Deoptimize)
Event: 4.193 Executing VM operation: HandshakeAllThreads (Deoptimize) done
Event: 5.207 Executing VM operation: Cleanup
Event: 5.208 Executing VM operation: Cleanup done
Event: 5.283 Executing VM operation: G1CollectForAllocation (G1 Evacuation Pause)
Event: 5.290 Executing VM operation: G1CollectForAllocation (G1 Evacuation Pause) done
Event: 6.295 Executing VM operation: Cleanup
Event: 6.295 Executing VM operation: Cleanup done
Event: 6.342 Executing VM operation: HandshakeAllThreads (Deoptimize)
Event: 6.342 Executing VM operation: HandshakeAllThreads (Deoptimize) done
Event: 6.541 Executing VM operation: HandshakeAllThreads (Deoptimize)
Event: 6.541 Executing VM operation: HandshakeAllThreads (Deoptimize) done
Event: 6.850 Executing VM operation: CollectForMetadataAllocation (Metadata GC Threshold)
Event: 6.855 Executing VM operation: CollectForMetadataAllocation (Metadata GC Threshold) done
Event: 6.868 Executing VM operation: G1PauseRemark
Event: 6.870 Executing VM operation: G1PauseRemark done
Event: 6.872 Executing VM operation: G1PauseCleanup
Event: 6.873 Executing VM operation: G1PauseCleanup done

Events (13 events):
Event: 0.074 Thread 0x000002626db69910 Thread added: 0x000002626db69910
Event: 0.109 Thread 0x000002627f55a130 Thread added: 0x000002627f55a130
Event: 0.109 Thread 0x000002627f55adf0 Thread added: 0x000002627f55adf0
Event: 0.110 Thread 0x000002627f560a70 Thread added: 0x000002627f560a70
Event: 0.110 Thread 0x000002627f5644f0 Thread added: 0x000002627f5644f0
Event: 0.110 Thread 0x000002627f564f50 Thread added: 0x000002627f564f50
Event: 0.111 Thread 0x000002627f5679c0 Thread added: 0x000002627f5679c0
Event: 0.111 Thread 0x000002627f568d60 Thread added: 0x000002627f568d60
Event: 0.113 Thread 0x000002627f56f5f0 Thread added: 0x000002627f56f5f0
Event: 0.163 Thread 0x000002627f7d39f0 Thread added: 0x000002627f7d39f0
Event: 0.166 Thread 0x000002627f7dc970 Thread added: 0x000002627f7dc970
Event: 0.624 Thread 0x000002627f922bf0 Thread added: 0x000002627f922bf0
Event: 7.004 Thread 0x00000262552db910 Thread added: 0x00000262552db910


Dynamic libraries:
0x00007ff786d30000 - 0x00007ff786d3e000 	C:\Program Files\Eclipse Adoptium\jdk-21.0.2.13-hotspot\bin\java.exe
0x00007ffb90710000 - 0x00007ffb90927000 	C:\Windows\SYSTEM32\ntdll.dll
0x00007ffb8f5e0000 - 0x00007ffb8f6a4000 	C:\Windows\System32\KERNEL32.DLL
0x00007ffb8dc30000 - 0x00007ffb8dfe7000 	C:\Windows\System32\KERNELBASE.dll
0x00007ffb8e090000 - 0x00007ffb8e1a1000 	C:\Windows\System32\ucrtbase.dll
0x00007ffb88920000 - 0x00007ffb88938000 	C:\Program Files\Eclipse Adoptium\jdk-21.0.2.13-hotspot\bin\jli.dll
0x00007ffb8f0b0000 - 0x00007ffb8f25f000 	C:\Windows\System32\USER32.dll
0x00007ffb8dc00000 - 0x00007ffb8dc26000 	C:\Windows\System32\win32u.dll
0x00007ffb90590000 - 0x00007ffb905b9000 	C:\Windows\System32\GDI32.dll
0x00007ffb8e320000 - 0x00007ffb8e438000 	C:\Windows\System32\gdi32full.dll
0x00007ffb8dff0000 - 0x00007ffb8e08a000 	C:\Windows\System32\msvcp_win.dll
0x00007ffb89200000 - 0x00007ffb8921b000 	C:\Program Files\Eclipse Adoptium\jdk-21.0.2.13-hotspot\bin\VCRUNTIME140.dll
0x00007ffb7b540000 - 0x00007ffb7b7d3000 	C:\Windows\WinSxS\amd64_microsoft.windows.common-controls_6595b64144ccf1df_6.0.22621.3672_none_2713b9d173822955\COMCTL32.dll
0x00007ffb90140000 - 0x00007ffb901e7000 	C:\Windows\System32\msvcrt.dll
0x00007ffb8efe0000 - 0x00007ffb8f011000 	C:\Windows\System32\IMM32.DLL
0x00007ffb88910000 - 0x00007ffb8891c000 	C:\Program Files\Eclipse Adoptium\jdk-21.0.2.13-hotspot\bin\vcruntime140_1.dll
0x00007ffb88880000 - 0x00007ffb8890e000 	C:\Program Files\Eclipse Adoptium\jdk-21.0.2.13-hotspot\bin\msvcp140.dll
0x00007ffafd630000 - 0x00007ffafe3b3000 	C:\Program Files\Eclipse Adoptium\jdk-21.0.2.13-hotspot\bin\server\jvm.dll
0x00007ffb8ea50000 - 0x00007ffb8eb02000 	C:\Windows\System32\ADVAPI32.dll
0x00007ffb8e440000 - 0x00007ffb8e4e8000 	C:\Windows\System32\sechost.dll
0x00007ffb8e1b0000 - 0x00007ffb8e1d8000 	C:\Windows\System32\bcrypt.dll
0x00007ffb8f4a0000 - 0x00007ffb8f5b4000 	C:\Windows\System32\RPCRT4.dll
0x00007ffb8ff30000 - 0x00007ffb8ffa1000 	C:\Windows\System32\WS2_32.dll
0x00007ffb8c890000 - 0x00007ffb8c8dd000 	C:\Windows\SYSTEM32\POWRPROF.dll
0x00007ffb88540000 - 0x00007ffb88574000 	C:\Windows\SYSTEM32\WINMM.dll
0x00007ffb842c0000 - 0x00007ffb842ca000 	C:\Windows\SYSTEM32\VERSION.dll
0x00007ffb8c870000 - 0x00007ffb8c883000 	C:\Windows\SYSTEM32\UMPDC.dll
0x00007ffb8cb20000 - 0x00007ffb8cb38000 	C:\Windows\SYSTEM32\kernel.appcore.dll
0x00007ffb88870000 - 0x00007ffb8887a000 	C:\Program Files\Eclipse Adoptium\jdk-21.0.2.13-hotspot\bin\jimage.dll
0x00007ffb83480000 - 0x00007ffb836b2000 	C:\Windows\SYSTEM32\DBGHELP.DLL
0x00007ffb8e4f0000 - 0x00007ffb8e87e000 	C:\Windows\System32\combase.dll
0x00007ffb904b0000 - 0x00007ffb90587000 	C:\Windows\System32\OLEAUT32.dll
0x00007ffb73f30000 - 0x00007ffb73f62000 	C:\Windows\SYSTEM32\dbgcore.DLL
0x00007ffb8e1e0000 - 0x00007ffb8e25b000 	C:\Windows\System32\bcryptPrimitives.dll
0x00007ffb88850000 - 0x00007ffb8886f000 	C:\Program Files\Eclipse Adoptium\jdk-21.0.2.13-hotspot\bin\java.dll
0x00007ffb8f6c0000 - 0x00007ffb8ff29000 	C:\Windows\System32\SHELL32.dll
0x00007ffb8b950000 - 0x00007ffb8c24f000 	C:\Windows\SYSTEM32\windows.storage.dll
0x00007ffb8b810000 - 0x00007ffb8b94f000 	C:\Windows\SYSTEM32\wintypes.dll
0x00007ffb8e8f0000 - 0x00007ffb8e9e9000 	C:\Windows\System32\SHCORE.dll
0x00007ffb8e890000 - 0x00007ffb8e8ee000 	C:\Windows\System32\shlwapi.dll
0x00007ffb8d950000 - 0x00007ffb8d977000 	C:\Windows\SYSTEM32\profapi.dll
0x00007ffb2c5d0000 - 0x00007ffb2c6a7000 	C:\Program Files\Eclipse Adoptium\jdk-21.0.2.13-hotspot\bin\jsvml.dll
0x00007ffb7ba10000 - 0x00007ffb7ba20000 	C:\Program Files\Eclipse Adoptium\jdk-21.0.2.13-hotspot\bin\net.dll
0x00007ffb88ce0000 - 0x00007ffb88e16000 	C:\Windows\SYSTEM32\WINHTTP.dll
0x00007ffb8cf90000 - 0x00007ffb8cff9000 	C:\Windows\system32\mswsock.dll
0x00007ffb76b20000 - 0x00007ffb76b36000 	C:\Program Files\Eclipse Adoptium\jdk-21.0.2.13-hotspot\bin\nio.dll
0x00007ffb72e10000 - 0x00007ffb72e28000 	C:\Program Files\Eclipse Adoptium\jdk-21.0.2.13-hotspot\bin\zip.dll
0x00007ffb7b980000 - 0x00007ffb7b98a000 	C:\Program Files\Eclipse Adoptium\jdk-21.0.2.13-hotspot\bin\management.dll
0x00007ffb75240000 - 0x00007ffb7524b000 	C:\Program Files\Eclipse Adoptium\jdk-21.0.2.13-hotspot\bin\management_ext.dll
0x00007ffb8e880000 - 0x00007ffb8e888000 	C:\Windows\System32\PSAPI.DLL
0x00007ffb88830000 - 0x00007ffb88840000 	C:\Program Files\Eclipse Adoptium\jdk-21.0.2.13-hotspot\bin\verify.dll
0x00007ffb8d200000 - 0x00007ffb8d21b000 	C:\Windows\SYSTEM32\CRYPTSP.dll
0x00007ffb8ca80000 - 0x00007ffb8cab5000 	C:\Windows\system32\rsaenh.dll
0x00007ffb8d070000 - 0x00007ffb8d098000 	C:\Windows\SYSTEM32\USERENV.dll
0x00007ffb8d220000 - 0x00007ffb8d22c000 	C:\Windows\SYSTEM32\CRYPTBASE.dll
0x00007ffb8c520000 - 0x00007ffb8c54d000 	C:\Windows\SYSTEM32\IPHLPAPI.DLL
0x00007ffb8f6b0000 - 0x00007ffb8f6b9000 	C:\Windows\System32\NSI.dll

dbghelp: loaded successfully - version: 4.0.5 - missing functions: none
symbol engine: initialized successfully - sym options: 0x614 - pdb path: .;C:\Program Files\Eclipse Adoptium\jdk-21.0.2.13-hotspot\bin;C:\Windows\SYSTEM32;C:\Windows\WinSxS\amd64_microsoft.windows.common-controls_6595b64144ccf1df_6.0.22621.3672_none_2713b9d173822955;C:\Program Files\Eclipse Adoptium\jdk-21.0.2.13-hotspot\bin\server

VM Arguments:
java_command: C:\Users\Cirilo\AppData\Local\Temp\surefire9896946467036135475\surefirebooter6618238851083620691.jar C:\Users\Cirilo\AppData\Local\Temp\surefire9896946467036135475 2024-10-31T03-07-25_012-jvmRun1 surefire8135795629510429442tmp surefire_07360178024625964796tmp
java_class_path (initial): C:\Users\Cirilo\AppData\Local\Temp\surefire9896946467036135475\surefirebooter6618238851083620691.jar
Launcher Type: SUN_STANDARD

[Global flags]
     intx CICompilerCount                          = 4                                         {product} {ergonomic}
     uint ConcGCThreads                            = 2                                         {product} {ergonomic}
     uint G1ConcRefinementThreads                  = 8                                         {product} {ergonomic}
   size_t G1HeapRegionSize                         = 2097152                                   {product} {ergonomic}
    uintx GCDrainStackTargetSize                   = 64                                        {product} {ergonomic}
   size_t InitialHeapSize                          = 234881024                                 {product} {ergonomic}
   size_t MarkStackSize                            = 4194304                                   {product} {ergonomic}
   size_t MaxHeapSize                              = 3743416320                                {product} {ergonomic}
   size_t MaxNewSize                               = 2246049792                                {product} {ergonomic}
   size_t MinHeapDeltaBytes                        = 2097152                                   {product} {ergonomic}
   size_t MinHeapSize                              = 8388608                                   {product} {ergonomic}
    uintx NonNMethodCodeHeapSize                   = 5839372                                {pd product} {ergonomic}
    uintx NonProfiledCodeHeapSize                  = 122909434                              {pd product} {ergonomic}
    uintx ProfiledCodeHeapSize                     = 122909434                              {pd product} {ergonomic}
    uintx ReservedCodeCacheSize                    = 251658240                              {pd product} {ergonomic}
     bool SegmentedCodeCache                       = true                                      {product} {ergonomic}
   size_t SoftMaxHeapSize                          = 3743416320                             {manageable} {ergonomic}
     bool UseCompressedOops                        = true                           {product lp64_product} {ergonomic}
     bool UseG1GC                                  = true                                      {product} {ergonomic}
     bool UseLargePagesIndividualAllocation        = false                                  {pd product} {ergonomic}

Logging:
Log output configuration:
 #0: stdout all=warning uptime,level,tags foldmultilines=false
 #1: stderr all=off uptime,level,tags foldmultilines=false

Environment Variables:
JAVA_HOME=C:\Program Files\Eclipse Adoptium\jdk-21.0.2.13-hotspot\
PATH=C:\Program Files\Eclipse Adoptium\jdk-21.0.2.13-hotspot\bin;C:\Windows\system32;C:\Windows;C:\Windows\System32\Wbem;C:\Windows\System32\WindowsPowerShell\v1.0\;C:\Windows\System32\OpenSSH\;C:\Program Files\Git\cmd;C:\Program Files\Docker\Docker\resources\bin;C:\Program Files\nodejs\;C:\Program Files\NVIDIA Corporation\NVIDIA NvDLISR;C:\Users\Cirilo\Downloads\apache-maven-3.9.6\bin;C:\Program Files\dotnet\;C:\Program Files\Microsoft SQL Server\150\Tools\Binn\;C:\Program Files\Microsoft SQL Server\Client SDK\ODBC\170\Tools\Binn\;C:\Program Files\GitHub CLI\;C:\Program Files (x86)\NVIDIA Corporation\PhysX\Common;C:\ProgramData\chocolatey\bin;C:\Program Files\PuTTY\;C:\Users\Cirilo\AppData\Local\Microsoft\WindowsApps;C:\Users\Cirilo\AppData\Local\GitHubDesktop\bin;C:\Users\Cirilo\AppData\Local\Programs\Microsoft VS Code\bin;C:\Users\Cirilo\AppData\Roaming\npm;C:\Users\Cirilo\.dotnet\tools
USERNAME=Cirilo
OS=Windows_NT
PROCESSOR_IDENTIFIER=AMD64 Family 23 Model 24 Stepping 1, AuthenticAMD
TMP=C:\Users\Cirilo\AppData\Local\Temp
TEMP=C:\Users\Cirilo\AppData\Local\Temp




Periodic native trim disabled

---------------  S Y S T E M  ---------------

OS:
 Windows 11 , 64 bit Build 22621 (10.0.22621.3958)
OS uptime: 16 days 13:38 hours
Hyper-V role detected

CPU: total 8 (initial active 8) (8 cores per cpu, 2 threads per core) family 23 model 24 stepping 1 microcode 0x0, cx8, cmov, fxsr, ht, mmx, 3dnowpref, sse, sse2, sse3, ssse3, sse4a, sse4.1, sse4.2, popcnt, lzcnt, tsc, tscinvbit, avx, avx2, aes, clmul, bmi1, bmi2, adx, sha, fma, vzeroupper, clflush, clflushopt, hv, rdtscp, f16c
Processor Information for all 8 processors :
  Max Mhz: 2100, Current Mhz: 2100, Mhz Limit: 2100

Memory: 4k page, system-wide physical 14274M (400M free)
TotalPageFile size 57282M (AvailPageFile size 60M)
current process WorkingSet (physical memory assigned to process): 113M, peak: 127M
current process commit charge ("private bytes"): 175M, peak: 353M

vm_info: OpenJDK 64-Bit Server VM (21.0.2+13-LTS) for windows-amd64 JRE (21.0.2+13-LTS), built on 2024-01-16T00:00:00Z by "admin" with unknown MS VC++:1937

END.
