#
# There is insufficient memory for the Java Runtime Environment to continue.
# Native memory allocation (mmap) failed to map 65536 bytes for Failed to commit metaspace.
# Possible reasons:
#   The system is out of physical RAM or swap space
#   The process is running with CompressedOops enabled, and the Java Heap may be blocking the growth of the native heap
# Possible solutions:
#   Reduce memory load on the system
#   Increase physical memory or swap space
#   Check if swap backing store is full
#   Decrease Java heap size (-Xmx/-Xms)
#   Decrease number of Java threads
#   Decrease Java thread stack sizes (-Xss)
#   Set larger code cache with -XX:ReservedCodeCacheSize=
#   JVM is running with Zero Based Compressed Oops mode in which the Java heap is
#     placed in the first 32GB address space. The Java Heap base address is the
#     maximum limit for the native heap growth. Please use -XX:HeapBaseMinAddress
#     to set the Java Heap base and to place the Java Heap above 32GB virtual address.
# This output file may be truncated or incomplete.
#
#  Out of Memory Error (virtualSpaceNode.cpp:112), pid=41188, tid=41632
#
# JRE version: OpenJDK Runtime Environment Temurin-21.0.2+13 (21.0.2+13) (build 21.0.2+13-LTS)
# Java VM: OpenJDK 64-Bit Server VM Temurin-21.0.2+13 (21.0.2+13-LTS, mixed mode, sharing, tiered, compressed oops, compressed class ptrs, g1 gc, windows-amd64)
# No core dump will be written. Minidumps are not enabled by default on client versions of Windows
#

---------------  S U M M A R Y ------------

Command Line: -Dclassworlds.conf=C:\Users\Cirilo\.m2\wrapper\dists\apache-maven-3.9.6\834f1afe40575b70b4b2527f4b12df8e\bin\m2.conf -Dmaven.home=C:\Users\Cirilo\.m2\wrapper\dists\apache-maven-3.9.6\834f1afe40575b70b4b2527f4b12df8e -Dlibrary.jansi.path=C:\Users\Cirilo\.m2\wrapper\dists\apache-maven-3.9.6\834f1afe40575b70b4b2527f4b12df8e\lib\jansi-native -Dmaven.multiModuleProjectDirectory=C:\Users\Cirilo\Documents\testes-automatizados org.codehaus.plexus.classworlds.launcher.Launcher clean

Host: AMD Ryzen 5 3550H with Radeon Vega Mobile Gfx  , 8 cores, 13G,  Windows 11 , 64 bit Build 22621 (10.0.22621.3958)
Time: Thu Oct 31 03:16:02 2024 Hora oficial do Brasil elapsed time: 4.554278 seconds (0d 0h 0m 4s)

---------------  T H R E A D  ---------------

Current thread (0x000002338b8eee80):  JavaThread "main"             [_thread_in_vm, id=41632, stack(0x000000c28ec00000,0x000000c28ed00000) (1024K)]

Stack: [0x000000c28ec00000,0x000000c28ed00000]
Native frames: (J=compiled Java code, j=interpreted, Vv=VM code, C=native code)
V  [jvm.dll+0x6c94f9]
V  [jvm.dll+0x8a3c21]
V  [jvm.dll+0x8a614e]
V  [jvm.dll+0x8a6823]
V  [jvm.dll+0x27fa86]
V  [jvm.dll+0x89f99e]
V  [jvm.dll+0x66c365]
V  [jvm.dll+0x1e560c]
V  [jvm.dll+0x1e53de]
V  [jvm.dll+0x66ec62]
V  [jvm.dll+0x66ea82]
V  [jvm.dll+0x66cd3e]
V  [jvm.dll+0x3bbdcf]
V  [jvm.dll+0x20e58b]
V  [jvm.dll+0x5aa996]
V  [jvm.dll+0x81c316]
V  [jvm.dll+0x46e240]
V  [jvm.dll+0x4740e8]
C  [java.dll+0x17ec]

Java frames: (J=compiled Java code, j=interpreted, Vv=VM code)
J 1105  java.lang.ClassLoader.defineClass1(Ljava/lang/ClassLoader;Ljava/lang/String;[BIILjava/security/ProtectionDomain;Ljava/lang/String;)Ljava/lang/Class; java.base@21.0.2 (0 bytes) @ 0x000002339d5c2491 [0x000002339d5c23c0+0x00000000000000d1]
J 925 c1 java.lang.ClassLoader.defineClass(Ljava/lang/String;[BIILjava/security/ProtectionDomain;)Ljava/lang/Class; java.base@21.0.2 (43 bytes) @ 0x0000023395c6878c [0x0000023395c68420+0x000000000000036c]
J 930 c1 java.security.SecureClassLoader.defineClass(Ljava/lang/String;[BIILjava/security/CodeSource;)Ljava/lang/Class; java.base@21.0.2 (16 bytes) @ 0x0000023395c6a01c [0x0000023395c69f40+0x00000000000000dc]
J 870 c1 java.net.URLClassLoader.defineClass(Ljava/lang/String;Ljdk/internal/loader/Resource;)Ljava/lang/Class; java.base@21.0.2 (224 bytes) @ 0x0000023395c51f74 [0x0000023395c50c40+0x0000000000001334]
J 869 c1 java.net.URLClassLoader$1.run()Ljava/lang/Class; java.base@21.0.2 (81 bytes) @ 0x0000023395c4db6c [0x0000023395c4cee0+0x0000000000000c8c]
J 868 c1 java.net.URLClassLoader$1.run()Ljava/lang/Object; java.base@21.0.2 (5 bytes) @ 0x0000023395c4c954 [0x0000023395c4c8c0+0x0000000000000094]
J 782 c1 java.security.AccessController.doPrivileged(Ljava/security/PrivilegedExceptionAction;Ljava/security/AccessControlContext;)Ljava/lang/Object; java.base@21.0.2 (26 bytes) @ 0x0000023395c19114 [0x0000023395c18f20+0x00000000000001f4]
J 873 c1 java.net.URLClassLoader.findClass(Ljava/lang/String;)Ljava/lang/Class; java.base@21.0.2 (47 bytes) @ 0x0000023395c535d4 [0x0000023395c53420+0x00000000000001b4]
J 874 c1 org.codehaus.plexus.classworlds.realm.ClassRealm.loadClassFromSelf(Ljava/lang/String;)Ljava/lang/Class; (40 bytes) @ 0x0000023395c5453c [0x0000023395c541a0+0x000000000000039c]
J 815 c1 org.codehaus.plexus.classworlds.strategy.SelfFirstStrategy.loadClass(Ljava/lang/String;)Ljava/lang/Class; (50 bytes) @ 0x0000023395c2a4ac [0x0000023395c2a0c0+0x00000000000003ec]
J 548 c1 org.codehaus.plexus.classworlds.realm.ClassRealm.loadClass(Ljava/lang/String;Z)Ljava/lang/Class; (33 bytes) @ 0x0000023395b8c9e4 [0x0000023395b8c860+0x0000000000000184]
J 547 c1 org.codehaus.plexus.classworlds.realm.ClassRealm.loadClass(Ljava/lang/String;)Ljava/lang/Class; (7 bytes) @ 0x0000023395b8c4c4 [0x0000023395b8c3c0+0x0000000000000104]
J 1612 c1 org.eclipse.sisu.space.URLClassSpace.loadClass(Ljava/lang/String;)Ljava/lang/Class; (31 bytes) @ 0x0000023395dccc1c [0x0000023395dccb00+0x000000000000011c]
j  org.eclipse.sisu.space.NamedClass.load()Ljava/lang/Class;+8
j  org.eclipse.sisu.wire.DependencyAnalyzer.visit(Lcom/google/inject/spi/ProviderInstanceBinding;)Ljava/lang/Boolean;+21
j  org.eclipse.sisu.wire.DependencyAnalyzer.visit(Lcom/google/inject/spi/ProviderInstanceBinding;)Ljava/lang/Object;+2
j  com.google.inject.internal.ProviderInstanceBindingImpl.acceptTargetVisitor(Lcom/google/inject/spi/BindingTargetVisitor;)Ljava/lang/Object;+27
j  org.eclipse.sisu.wire.ElementAnalyzer.visit(Lcom/google/inject/Binding;)Ljava/lang/Void;+43
j  org.eclipse.sisu.wire.ElementAnalyzer.visit(Lcom/google/inject/Binding;)Ljava/lang/Object;+2
j  com.google.inject.internal.BindingImpl.acceptVisitor(Lcom/google/inject/spi/ElementVisitor;)Ljava/lang/Object;+2
j  org.eclipse.sisu.wire.WireModule.configure(Lcom/google/inject/Binder;)V+45
j  com.google.inject.spi.Elements$RecordingBinder.install(Lcom/google/inject/Module;)V+209
j  com.google.inject.spi.Elements.getElements(Lcom/google/inject/Stage;Ljava/lang/Iterable;)Ljava/util/List;+40
j  com.google.inject.internal.InjectorShell$Builder.build(Lcom/google/inject/internal/Initializer;Lcom/google/inject/internal/ProcessedBindingData;Lcom/google/inject/internal/util/ContinuousStopwatch;Lcom/google/inject/internal/Errors;)Ljava/util/List;+163
j  com.google.inject.internal.InternalInjectorCreator.build()Lcom/google/inject/Injector;+48
j  com.google.inject.Guice.createInjector(Lcom/google/inject/Stage;Ljava/lang/Iterable;)Lcom/google/inject/Injector;+15
j  com.google.inject.Guice.createInjector(Ljava/lang/Iterable;)Lcom/google/inject/Injector;+4
j  com.google.inject.Guice.createInjector([Lcom/google/inject/Module;)Lcom/google/inject/Injector;+4
j  org.codehaus.plexus.DefaultPlexusContainer.addPlexusInjector(Ljava/util/List;[Lcom/google/inject/Module;)Lcom/google/inject/Injector;+88
j  org.codehaus.plexus.DefaultPlexusContainer.<init>(Lorg/codehaus/plexus/ContainerConfiguration;[Lcom/google/inject/Module;)V+400
j  org.apache.maven.cli.MavenCli.container(Lorg/apache/maven/cli/CliRequest;)Lorg/codehaus/plexus/PlexusContainer;+279
j  org.apache.maven.cli.MavenCli.doMain(Lorg/apache/maven/cli/CliRequest;)I+34
j  org.apache.maven.cli.MavenCli.main([Ljava/lang/String;Lorg/codehaus/plexus/classworlds/ClassWorld;)I+24
j  java.lang.invoke.DirectMethodHandle$Holder.invokeStatic(Ljava/lang/Object;Ljava/lang/Object;Ljava/lang/Object;)I+11 java.base@21.0.2
j  java.lang.invoke.LambdaForm$MH+0x00000233ae009400.invoke(Ljava/lang/Object;Ljava/lang/Object;Ljava/lang/Object;Ljava/lang/Object;)Ljava/lang/Object;+54 java.base@21.0.2
j  java.lang.invoke.LambdaForm$MH+0x00000233ae009800.invokeExact_MT(Ljava/lang/Object;Ljava/lang/Object;Ljava/lang/Object;Ljava/lang/Object;Ljava/lang/Object;)Ljava/lang/Object;+22 java.base@21.0.2
j  jdk.internal.reflect.DirectMethodHandleAccessor.invokeImpl(Ljava/lang/Object;[Ljava/lang/Object;)Ljava/lang/Object;+72 java.base@21.0.2
j  jdk.internal.reflect.DirectMethodHandleAccessor.invoke(Ljava/lang/Object;[Ljava/lang/Object;)Ljava/lang/Object;+23 java.base@21.0.2
j  java.lang.reflect.Method.invoke(Ljava/lang/Object;[Ljava/lang/Object;)Ljava/lang/Object;+102 java.base@21.0.2
j  org.codehaus.plexus.classworlds.launcher.Launcher.launchEnhanced([Ljava/lang/String;)V+45
j  org.codehaus.plexus.classworlds.launcher.Launcher.launch([Ljava/lang/String;)V+2
j  org.codehaus.plexus.classworlds.launcher.Launcher.mainWithExitCode([Ljava/lang/String;)I+108
j  org.codehaus.plexus.classworlds.launcher.Launcher.main([Ljava/lang/String;)V+1
v  ~StubRoutines::call_stub 0x000002339cfd100d

Compiled method (n/a)    4617 1105     n 0       java.lang.ClassLoader::defineClass1 (native)
 total in heap  [0x000002339d5c2210,0x000002339d5c2870] = 1632
 relocation     [0x000002339d5c2370,0x000002339d5c23a8] = 56
 main code      [0x000002339d5c23c0,0x000002339d5c286f] = 1199
 stub code      [0x000002339d5c286f,0x000002339d5c2870] = 1

[Constant Pool (empty)]

[MachCode]
[Entry Point]
  # {method} {0x00000233ad43b8f0} 'defineClass1' '(Ljava/lang/ClassLoader;Ljava/lang/String;[BIILjava/security/ProtectionDomain;Ljava/lang/String;)Ljava/lang/Class;' in 'java/lang/ClassLoader'
  # parm0:    rdx:rdx   = 'java/lang/ClassLoader'
  # parm1:    r8:r8     = 'java/lang/String'
  # parm2:    r9:r9     = '[B'
  # parm3:    rdi       = int
  # parm4:    rsi       = int
  # parm5:    rcx:rcx   = 'java/security/ProtectionDomain'
  # parm6:    [sp+0xa0]   = 'java/lang/String'  (sp of caller)
  0x000002339d5c23c0: 448b 5208 | 49bb 0000 | 00ad 3302 | 0000 4d03 | d349 3bc2 | 0f84 0600 

  0x000002339d5c23d8: ;   {runtime_call ic_miss_stub}
  0x000002339d5c23d8: 0000 e9a1 | c3a5 ff90 
[Verified Entry Point]
  0x000002339d5c23e0: 8984 2400 | 80ff ff55 | 488b ec48 | 81ec 9000 | 0000 6690 | 4181 7f20 | 0100 0000 

  0x000002339d5c23fc: ;   {runtime_call StubRoutines (final stubs)}
  0x000002339d5c23fc: 7405 e85d | 29a4 ff48 | 837d 1000 | 488d 4510 | 480f 4445 | 1048 8944 | 2440 4889 | 4c24 7048 
  0x000002339d5c241c: 83f9 0048 | 8d44 2470 | 480f 4444 | 2470 4889 | 4424 3848 | 8974 2430 | 4889 7c24 | 284c 894c 
  0x000002339d5c243c: 2458 4983 | f900 488d | 4424 5848 | 0f44 4424 | 5848 8944 | 2420 4c89 | 4424 5049 | 83f8 004c 
  0x000002339d5c245c: 8d4c 2450 | 4c0f 444c | 2450 4889 | 5424 4848 | 83fa 004c | 8d44 2448 | 4c0f 4444 

  0x000002339d5c2478: ;   {oop(a 'java/lang/Class'{0x000000072d6737a0} = 'java/lang/ClassLoader')}
  0x000002339d5c2478: 2448 49be | a037 672d | 0700 0000 | 4c89 7424 | 784c 8d74 | 2478 498b | d6c5 f877 

  0x000002339d5c2494: ;   {internal_word}
  0x000002339d5c2494: 49ba 9124 | 5c9d 3302 | 0000 4d89 | 97a0 0300 | 0049 89a7 | 9803 0000 

  0x000002339d5c24ac: ;   {external_word}
  0x000002339d5c24ac: 49ba deaa | 2bfe fa7f | 0000 4180 | 3a00 0f84 | 4e00 0000 | 5241 5041 

  0x000002339d5c24c4: ;   {metadata({method} {0x00000233ad43b8f0} 'defineClass1' '(Ljava/lang/ClassLoader;Ljava/lang/String;[BIILjava/security/ProtectionDomain;Ljava/lang/String;)Ljava/lang/Class;' in 'java/lang/ClassLoader')}
  0x000002339d5c24c4: 5148 bae8 | b843 ad33 | 0200 0049 | 8bcf 4883 | ec20 40f6 | c40f 0f84 | 1900 0000 | 4883 ec08 
  0x000002339d5c24e4: ;   {runtime_call}
  0x000002339d5c24e4: 48b8 90f4 | d5fd fa7f | 0000 ffd0 | 4883 c408 | e90c 0000 

  0x000002339d5c24f8: ;   {runtime_call}
  0x000002339d5c24f8: 0048 b890 | f4d5 fdfa | 7f00 00ff | d048 83c4 | 2041 5941 | 585a 498d | 8fb8 0300 | 0041 c787 
  0x000002339d5c2518: 4c04 0000 | 0400 0000 

  0x000002339d5c2520: ;   {runtime_call}
  0x000002339d5c2520: 48b8 ac16 | 8588 fb7f | 0000 ffd0 | c5f8 7741 | c787 4c04 | 0000 0500 | 0000 f083 | 4424 c000 
  0x000002339d5c2540: 493b af50 | 0400 000f | 870e 0000 | 0041 83bf | 4804 0000 | 000f 842b | 0000 00c5 | f877 4889 
  0x000002339d5c2560: 45f8 498b | cf4c 8be4 | 4883 ec20 | 4883 e4f0 

  0x000002339d5c2570: ;   {runtime_call}
  0x000002339d5c2570: 48b8 709d | a1fd fa7f | 0000 ffd0 | 498b e44d | 33e4 488b | 45f8 41c7 | 874c 0400 | 0008 0000 
  0x000002339d5c2590: 0041 83bf | c804 0000 | 020f 84a3 

  0x000002339d5c259c: ;   {external_word}
  0x000002339d5c259c: 0200 0049 | bade aa2b | fefa 7f00 | 0041 803a | 000f 844c | 0000 0048 

  0x000002339d5c25b4: ;   {metadata({method} {0x00000233ad43b8f0} 'defineClass1' '(Ljava/lang/ClassLoader;Ljava/lang/String;[BIILjava/security/ProtectionDomain;Ljava/lang/String;)Ljava/lang/Class;' in 'java/lang/ClassLoader')}
  0x000002339d5c25b4: 8945 f848 | bae8 b843 | ad33 0200 | 0049 8bcf | 4883 ec20 | 40f6 c40f | 0f84 1900 | 0000 4883 
  0x000002339d5c25d4: ;   {runtime_call}
  0x000002339d5c25d4: ec08 48b8 | 90f4 d5fd | fa7f 0000 | ffd0 4883 | c408 e90c 

  0x000002339d5c25e8: ;   {runtime_call}
  0x000002339d5c25e8: 0000 0048 | b890 f4d5 | fdfa 7f00 | 00ff d048 | 83c4 2048 | 8b45 f849 | c787 9803 | 0000 0000 
  0x000002339d5c2608: 0000 49c7 | 87a0 0300 | 0000 0000 | 00c5 f877 | 4885 c00f | 84fe 0100 | 00a8 030f | 8508 0000 
  0x000002339d5c2628: 0048 8b00 | e9ee 0100 | 00a8 010f | 8509 0000 | 0048 8b40 | fee9 dd01 | 0000 488b | 40ff 4180 
  0x000002339d5c2648: 7f40 000f | 84ce 0100 | 0048 83f8 | 000f 84c4 | 0100 0049 | 8b4f 2848 | 83f9 000f | 8414 0000 
  0x000002339d5c2668: 0048 83e9 | 0849 894f | 2849 034f | 3848 8901 | e9a2 0100 | 0048 81ec | d000 0000 | 4889 0424 
  0x000002339d5c2688: 4889 4c24 | 0848 8954 | 2410 4889 | 7424 1848 | 897c 2420 | 4c89 4424 | 284c 894c | 2430 4c89 
  0x000002339d5c26a8: 5424 384c | 895c 2440 | c5fb 1144 | 2450 c5fb | 114c 2458 | c5fb 1154 | 2460 c5fb | 115c 2468 
  0x000002339d5c26c8: c5fb 1164 | 2470 c5fb | 116c 2478 | c5fb 11b4 | 2480 0000 | 00c5 fb11 | bc24 8800 | 0000 c57b 
  0x000002339d5c26e8: ;   {no_reloc}
  0x000002339d5c26e8: 1184 2490 | 0000 00c5 | 7b11 8c24 | 9800 0000 | c57b 1194 | 24a0 0000 | 00c5 7b11 | 9c24 a800 
  0x000002339d5c2708: 0000 c57b | 11a4 24b0 | 0000 00c5 | 7b11 ac24 | b800 0000 | c57b 11b4 | 24c0 0000 | 00c5 7b11 
  0x000002339d5c2728: bc24 c800 | 0000 498b | d748 8bc8 | 4883 ec20 | 40f6 c40f | 0f84 1900 | 0000 4883 

  0x000002339d5c2744: ;   {runtime_call}
  0x000002339d5c2744: ec08 48b8 | 300c 95fd | fa7f 0000 | ffd0 4883 | c408 e90c 

  0x000002339d5c2758: ;   {runtime_call}
  0x000002339d5c2758: 0000 0048 | b830 0c95 | fdfa 7f00 | 00ff d048 | 83c4 20c5 | 7b10 bc24 | c800 0000 | c57b 10b4 
  0x000002339d5c2778: 24c0 0000 | 00c5 7b10 | ac24 b800 | 0000 c57b | 10a4 24b0 | 0000 00c5 | 7b10 9c24 | a800 0000 
  0x000002339d5c2798: c57b 1094 | 24a0 0000 | 00c5 7b10 | 8c24 9800 | 0000 c57b | 1084 2490 | 0000 00c5 | fb10 bc24 
  0x000002339d5c27b8: 8800 0000 | c5fb 10b4 | 2480 0000 | 00c5 fb10 | 6c24 78c5 | fb10 6424 | 70c5 fb10 | 5c24 68c5 
  0x000002339d5c27d8: fb10 5424 | 60c5 fb10 | 4c24 58c5 | fb10 4424 | 504c 8b5c | 2440 4c8b | 5424 384c | 8b4c 2430 
  0x000002339d5c27f8: 4c8b 4424 | 2848 8b7c | 2420 488b | 7424 1848 | 8b54 2410 | 488b 4c24 | 0848 8b04 | 2448 81c4 
  0x000002339d5c2818: d000 0000 | c5f8 7749 | 8b8f 2804 | 0000 c781 | 0001 0000 | 0000 0000 | c949 837f | 0800 0f85 
  0x000002339d5c2838: 0100 0000 

  0x000002339d5c283c: ;   {runtime_call StubRoutines (initial stubs)}
  0x000002339d5c283c: c3e9 bee6 | a0ff c5f8 | 7748 8945 | f84c 8be4 | 4883 ec20 | 4883 e4f0 

  0x000002339d5c2854: ;   {runtime_call}
  0x000002339d5c2854: 48b8 702c | d6fd fa7f | 0000 ffd0 | 498b e44d | 33e4 488b | 45f8 e930 | fdff fff4 
[/MachCode]


Compiled method (c1)    4674  925       3       java.lang.ClassLoader::defineClass (43 bytes)
 total in heap  [0x0000023395c68210,0x0000023395c68b78] = 2408
 relocation     [0x0000023395c68370,0x0000023395c68410] = 160
 main code      [0x0000023395c68420,0x0000023395c688d0] = 1200
 stub code      [0x0000023395c688d0,0x0000023395c68948] = 120
 metadata       [0x0000023395c68948,0x0000023395c68978] = 48
 scopes data    [0x0000023395c68978,0x0000023395c68a68] = 240
 scopes pcs     [0x0000023395c68a68,0x0000023395c68b48] = 224
 dependencies   [0x0000023395c68b48,0x0000023395c68b50] = 8
 nul chk table  [0x0000023395c68b50,0x0000023395c68b78] = 40

[Constant Pool (empty)]

[MachCode]
[Entry Point]
  # {method} {0x00000233ad43bc70} 'defineClass' '(Ljava/lang/String;[BIILjava/security/ProtectionDomain;)Ljava/lang/Class;' in 'java/lang/ClassLoader'
  # this:     rdx:rdx   = 'java/lang/ClassLoader'
  # parm0:    r8:r8     = 'java/lang/String'
  # parm1:    r9:r9     = '[B'
  # parm2:    rdi       = int
  # parm3:    rsi       = int
  # parm4:    rcx:rcx   = 'java/security/ProtectionDomain'
  #           [sp+0xc0]  (sp of caller)
  0x0000023395c68420: 448b 5208 | 49bb 0000 | 00ad 3302 | 0000 4d03 | d34c 3bd0 

  0x0000023395c68434: ;   {runtime_call ic_miss_stub}
  0x0000023395c68434: 0f85 4663 | 3b07 660f | 1f44 0000 
[Verified Entry Point]
  0x0000023395c68440: 8984 2400 | 80ff ff55 | 4881 ecb0 | 0000 0090 | 4181 7f20 | 0100 0000 

  0x0000023395c68458: ;   {runtime_call StubRoutines (final stubs)}
  0x0000023395c68458: 7405 e801 | c939 0748 | 8954 2478 

  0x0000023395c68464: ;   {metadata(method data for {method} {0x00000233ad43bc70} 'defineClass' '(Ljava/lang/String;[BIILjava/security/ProtectionDomain;)Ljava/lang/Class;' in 'java/lang/ClassLoader')}
  0x0000023395c68464: 48bb 204b | 1cee 3302 | 0000 8b83 | cc00 0000 | 83c0 0289 | 83cc 0000 | 0025 fe07 | 0000 85c0 
  0x0000023395c68484: 0f84 6803 | 0000 89b4 | 2494 0000 | 0089 bc24 | 9000 0000 | 4c89 8c24 | 8800 0000 

  0x0000023395c684a0: ;   {metadata(method data for {method} {0x00000233ad43bc70} 'defineClass' '(Ljava/lang/String;[BIILjava/security/ProtectionDomain;)Ljava/lang/Class;' in 'java/lang/ClassLoader')}
  0x0000023395c684a0: 488b da48 | b820 4b1c | ee33 0200 | 0048 8380 | 1001 0000 | 0149 8bd8 | 4c8b c34c | 8bc9 488b 
  0x0000023395c684c0: ca48 8bd1 | 4889 9c24 | 8000 0000 

  0x0000023395c684cc: ;   {optimized virtual_call}
  0x0000023395c684cc: 6666 90e8 

  0x0000023395c684d0: ; ImmutableOopMap {[120]=Oop [128]=Oop [136]=Oop }
                      ;*invokevirtual preDefineClass {reexecute=0 rethrow=0 return_oop=0}
                      ; - java.lang.ClassLoader::defineClass@4 (line 1025)
  0x0000023395c684d0: cc77 ffff 

  0x0000023395c684d4: ;   {other}
  0x0000023395c684d4: 0f1f 8400 | c402 0000 | 4889 8424 | 9800 0000 | 488b 5424 

  0x0000023395c684e8: ;   {metadata(method data for {method} {0x00000233ad43bc70} 'defineClass' '(Ljava/lang/String;[BIILjava/security/ProtectionDomain;)Ljava/lang/Class;' in 'java/lang/ClassLoader')}
  0x0000023395c684e8: 7849 b820 | 4b1c ee33 | 0200 0049 | 8380 4801 

  0x0000023395c684f8: ;   {metadata(method data for {method} {0x00000233ad43b958} 'defineClassSourceLocation' '(Ljava/security/ProtectionDomain;)Ljava/lang/String;' in 'java/lang/ClassLoader')}
  0x0000023395c684f8: 0000 0149 | b800 361c | ee33 0200 | 0041 8b90 | cc00 0000 | 83c2 0241 | 8990 cc00 | 0000 81e2 
  0x0000023395c68518: feff 1f00 | 85d2 0f84 | ef02 0000 

  0x0000023395c68524: ; implicit exception: dispatches to 0x0000023395c68834
  0x0000023395c68524: 483b 004c 

  0x0000023395c68528: ;   {metadata(method data for {method} {0x00000233ad43b958} 'defineClassSourceLocation' '(Ljava/security/ProtectionDomain;)Ljava/lang/String;' in 'java/lang/ClassLoader')}
  0x0000023395c68528: 8bc0 48ba | 0036 1cee | 3302 0000 | 4883 8210 | 0100 0001 | 448b 4010 | 49c1 e003 

  0x0000023395c68544: ;   {metadata(method data for {method} {0x00000233ad43b958} 'defineClassSourceLocation' '(Ljava/security/ProtectionDomain;)Ljava/lang/String;' in 'java/lang/ClassLoader')}
  0x0000023395c68544: 4d85 c048 | ba00 361c | ee33 0200 | 0048 be58 | 0100 0000 | 0000 0075 | 0a48 be48 | 0100 0000 
  0x0000023395c68564: 0000 0048 | 8b3c 3248 | 8d7f 0148 | 893c 320f | 850f 0000 

  0x0000023395c68578: ;   {oop(nullptr)}
  0x0000023395c68578: 0048 bb00 | 0000 0000 | 0000 00e9 | af01 0000 

  0x0000023395c68588: ; implicit exception: dispatches to 0x0000023395c68839
  0x0000023395c68588: 493b 0049 

  0x0000023395c6858c: ;   {metadata(method data for {method} {0x00000233ad43b958} 'defineClassSourceLocation' '(Ljava/security/ProtectionDomain;)Ljava/lang/String;' in 'java/lang/ClassLoader')}
  0x0000023395c6858c: 8bd0 48be | 0036 1cee | 3302 0000 | 4883 8668 | 0100 0001 | 418b 500c | 48c1 e203 

  0x0000023395c685a8: ;   {metadata(method data for {method} {0x00000233ad43b958} 'defineClassSourceLocation' '(Ljava/security/ProtectionDomain;)Ljava/lang/String;' in 'java/lang/ClassLoader')}
  0x0000023395c685a8: 4885 d248 | be00 361c | ee33 0200 | 0048 bfb0 | 0100 0000 | 0000 0075 | 0a48 bfa0 | 0100 0000 
  0x0000023395c685c8: 0000 0048 | 8b1c 3e48 | 8d5b 0148 | 891c 3e0f | 850f 0000 

  0x0000023395c685dc: ;   {oop(nullptr)}
  0x0000023395c685dc: 0048 bb00 | 0000 0000 | 0000 00e9 | 4b01 0000 

  0x0000023395c685ec: ;   {metadata(method data for {method} {0x00000233ad43b958} 'defineClassSourceLocation' '(Ljava/security/ProtectionDomain;)Ljava/lang/String;' in 'java/lang/ClassLoader')}
  0x0000023395c685ec: 48be 0036 | 1cee 3302 | 0000 4883 | 86c0 0100 | 0001 483b | 024c 8bc2 

  0x0000023395c68604: ;   {metadata(method data for {method} {0x00000233ad43b958} 'defineClassSourceLocation' '(Ljava/security/ProtectionDomain;)Ljava/lang/String;' in 'java/lang/ClassLoader')}
  0x0000023395c68604: 48be 0036 | 1cee 3302 | 0000 4883 | 86f8 0100 

  0x0000023395c68614: ;   {metadata(method data for {method} {0x00000233ad01aa98} 'toString' '()Ljava/lang/String;' in 'java/net/URL')}
  0x0000023395c68614: 0001 49b8 | 50ae 17ee | 3302 0000 | 418b b0cc | 0000 0083 | c602 4189 | b0cc 0000 | 0081 e6fe 
  0x0000023395c68634: ff1f 0085 | f60f 8404 | 0200 004c 

  0x0000023395c68640: ;   {metadata(method data for {method} {0x00000233ad01aa98} 'toString' '()Ljava/lang/String;' in 'java/net/URL')}
  0x0000023395c68640: 8bc2 48be | 50ae 17ee | 3302 0000 | 4883 8610 | 0100 0001 

  0x0000023395c68654: ;   {metadata(method data for {method} {0x00000233ad42f570} 'toExternalForm' '()Ljava/lang/String;' in 'java/net/URL')}
  0x0000023395c68654: 49b8 6063 | 13ee 3302 | 0000 418b | b0cc 0000 | 0083 c602 | 4189 b0cc | 0000 0081 | e6fe ff1f 
  0x0000023395c68674: 0085 f60f | 84e7 0100 | 008b 7238 | 48c1 e603 

  0x0000023395c68684: ; implicit exception: dispatches to 0x0000023395c68885
  0x0000023395c68684: 483b 064c 

  0x0000023395c68688: ;   {metadata(method data for {method} {0x00000233ad42f570} 'toExternalForm' '()Ljava/lang/String;' in 'java/net/URL')}
  0x0000023395c68688: 8bc6 48bf | 6063 13ee | 3302 0000 | 458b 4008 | 49ba 0000 | 00ad 3302 | 0000 4d03 | c24c 3b87 
  0x0000023395c686a8: 2001 0000 | 750d 4883 | 8728 0100 | 0001 e960 | 0000 004c | 3b87 3001 | 0000 750d | 4883 8738 
  0x0000023395c686c8: 0100 0001 | e94a 0000 | 0048 83bf | 2001 0000 | 0075 174c | 8987 2001 | 0000 48c7 | 8728 0100 
  0x0000023395c686e8: 0001 0000 | 00e9 2900 | 0000 4883 | bf30 0100 | 0000 7517 | 4c89 8730 | 0100 0048 | c787 3801 
  0x0000023395c68708: 0000 0100 | 0000 e908 | 0000 0048 | 8387 1001 | 0000 014c | 8bc2 488b | d666 0f1f 

  0x0000023395c68724: ;   {optimized virtual_call}
  0x0000023395c68724: 4400 00e8 

  0x0000023395c68728: ; ImmutableOopMap {[120]=Oop [128]=Oop [136]=Oop [152]=Oop }
                      ;*invokevirtual toExternalForm {reexecute=0 rethrow=0 return_oop=0}
                      ; - java.net.URL::toExternalForm@5 (line 1203)
                      ; - java.net.URL::toString@1 (line 1189)
                      ; - java.lang.ClassLoader::defineClassSourceLocation@22 (line 927)
                      ; - java.lang.ClassLoader::defineClass@12 (line 1026)
  0x0000023395c68728: f44d f2ff 

  0x0000023395c6872c: ;   {other}
  0x0000023395c6872c: 0f1f 8400 | 1c05 0001 | 488b d848 | 8b84 2498 | 0000 008b | b424 9400 | 0000 8bbc | 2490 0000 
  0x0000023395c6874c: 004c 8b8c | 2488 0000 | 004c 8b84 | 2480 0000 | 0048 8b54 

  0x0000023395c68760: ;   {metadata(method data for {method} {0x00000233ad43bc70} 'defineClass' '(Ljava/lang/String;[BIILjava/security/ProtectionDomain;)Ljava/lang/Class;' in 'java/lang/ClassLoader')}
  0x0000023395c68760: 2478 48b9 | 204b 1cee | 3302 0000 | 4883 8180 | 0100 0001 | 4c8b da49 | 8bd3 488b | c848 891c 
  0x0000023395c68780: 2466 0f1f 

  0x0000023395c68784: ;   {static_call}
  0x0000023395c68784: 4400 00e8 

  0x0000023395c68788: ; ImmutableOopMap {[120]=Oop [152]=Oop }
                      ;*invokestatic defineClass1 {reexecute=0 rethrow=0 return_oop=0}
                      ; - java.lang.ClassLoader::defineClass@27 (line 1027)
  0x0000023395c68788: 549c 9507 

  0x0000023395c6878c: ;   {other}
  0x0000023395c6878c: 0f1f 8400 | 7c05 0002 | 488b 5424 

  0x0000023395c68798: ;   {metadata(method data for {method} {0x00000233ad43bc70} 'defineClass' '(Ljava/lang/String;[BIILjava/security/ProtectionDomain;)Ljava/lang/Class;' in 'java/lang/ClassLoader')}
  0x0000023395c68798: 7849 b820 | 4b1c ee33 | 0200 0049 | 8380 9001 | 0000 014c | 8bc0 4c8b | 8c24 9800 | 0000 488b 
  0x0000023395c687b8: 5424 7848 | 8984 24a0 | 0000 000f 

  0x0000023395c687c4: ;   {optimized virtual_call}
  0x0000023395c687c4: 1f40 00e8 

  0x0000023395c687c8: ; ImmutableOopMap {[160]=Oop }
                      ;*invokevirtual postDefineClass {reexecute=0 rethrow=0 return_oop=0}
                      ; - java.lang.ClassLoader::defineClass@37 (line 1028)
  0x0000023395c687c8: d4a1 ffff 

  0x0000023395c687cc: ;   {other}
  0x0000023395c687cc: 0f1f 8400 | bc05 0003 | 488b 8424 | a000 0000 | 4881 c4b0 | 0000 005d 

  0x0000023395c687e4: ;   {poll_return}
  0x0000023395c687e4: 493b a750 | 0400 000f | 8799 0000 

  0x0000023395c687f0: ;   {metadata({method} {0x00000233ad43bc70} 'defineClass' '(Ljava/lang/String;[BIILjava/security/ProtectionDomain;)Ljava/lang/Class;' in 'java/lang/ClassLoader')}
  0x0000023395c687f0: 00c3 49ba | 68bc 43ad | 3302 0000 | 4c89 5424 | 0848 c704 | 24ff ffff 

  0x0000023395c68808: ;   {runtime_call counter_overflow Runtime1 stub}
  0x0000023395c68808: ffe8 f2d4 

  0x0000023395c6880c: ; ImmutableOopMap {rdx=Oop r8=Oop r9=Oop rcx=Oop [120]=Oop }
                      ;*synchronization entry
                      ; - java.lang.ClassLoader::defineClass@-1 (line 1025)
  0x0000023395c6880c: 4707 e977 

  0x0000023395c68810: ;   {metadata({method} {0x00000233ad43b958} 'defineClassSourceLocation' '(Ljava/security/ProtectionDomain;)Ljava/lang/String;' in 'java/lang/ClassLoader')}
  0x0000023395c68810: fcff ff49 | ba50 b943 | ad33 0200 | 004c 8954 | 2408 48c7 | 0424 ffff 

  0x0000023395c68828: ;   {runtime_call counter_overflow Runtime1 stub}
  0x0000023395c68828: ffff e8d1 

  0x0000023395c6882c: ; ImmutableOopMap {rax=Oop [120]=Oop [128]=Oop [136]=Oop [152]=Oop }
                      ;*synchronization entry
                      ; - java.lang.ClassLoader::defineClassSourceLocation@-1 (line 924)
                      ; - java.lang.ClassLoader::defineClass@12 (line 1026)
  0x0000023395c6882c: d447 07e9 | f0fc ffff 

  0x0000023395c68834: ;   {runtime_call throw_null_pointer_exception Runtime1 stub}
  0x0000023395c68834: e847 8047 

  0x0000023395c68838: ; ImmutableOopMap {rax=Oop [120]=Oop [128]=Oop [136]=Oop [152]=Oop }
                      ;*invokevirtual getCodeSource {reexecute=0 rethrow=0 return_oop=0}
                      ; - java.lang.ClassLoader::defineClassSourceLocation@1 (line 924)
                      ; - java.lang.ClassLoader::defineClass@12 (line 1026)
                      ;   {runtime_call throw_null_pointer_exception Runtime1 stub}
  0x0000023395c68838: 07e8 4280 

  0x0000023395c6883c: ; ImmutableOopMap {rax=Oop r8=Oop [120]=Oop [128]=Oop [136]=Oop [152]=Oop }
                      ;*invokevirtual getLocation {reexecute=0 rethrow=0 return_oop=0}
                      ; - java.lang.ClassLoader::defineClassSourceLocation@12 (line 926)
                      ; - java.lang.ClassLoader::defineClass@12 (line 1026)
                      ;   {runtime_call throw_null_pointer_exception Runtime1 stub}
  0x0000023395c6883c: 4707 e83d 

  0x0000023395c68840: ; ImmutableOopMap {rdx=Oop [120]=Oop [128]=Oop [136]=Oop [152]=Oop }
                      ;*invokevirtual toString {reexecute=0 rethrow=0 return_oop=0}
                      ; - java.lang.ClassLoader::defineClassSourceLocation@22 (line 927)
                      ; - java.lang.ClassLoader::defineClass@12 (line 1026)
                      ;   {metadata({method} {0x00000233ad01aa98} 'toString' '()Ljava/lang/String;' in 'java/net/URL')}
  0x0000023395c68840: 8047 0749 | ba90 aa01 | ad33 0200 | 004c 8954 | 2408 48c7 | 0424 ffff 

  0x0000023395c68858: ;   {runtime_call counter_overflow Runtime1 stub}
  0x0000023395c68858: ffff e8a1 

  0x0000023395c6885c: ; ImmutableOopMap {rdx=Oop [120]=Oop [128]=Oop [136]=Oop [152]=Oop }
                      ;*synchronization entry
                      ; - java.net.URL::toString@-1 (line 1189)
                      ; - java.lang.ClassLoader::defineClassSourceLocation@22 (line 927)
                      ; - java.lang.ClassLoader::defineClass@12 (line 1026)
  0x0000023395c6885c: d447 07e9 | dbfd ffff 

  0x0000023395c68864: ;   {metadata({method} {0x00000233ad42f570} 'toExternalForm' '()Ljava/lang/String;' in 'java/net/URL')}
  0x0000023395c68864: 49ba 68f5 | 42ad 3302 | 0000 4c89 | 5424 0848 | c704 24ff 

  0x0000023395c68878: ;   {runtime_call counter_overflow Runtime1 stub}
  0x0000023395c68878: ffff ffe8 

  0x0000023395c6887c: ; ImmutableOopMap {rdx=Oop [120]=Oop [128]=Oop [136]=Oop [152]=Oop }
                      ;*synchronization entry
                      ; - java.net.URL::toExternalForm@-1 (line 1203)
                      ; - java.net.URL::toString@1 (line 1189)
                      ; - java.lang.ClassLoader::defineClassSourceLocation@22 (line 927)
                      ; - java.lang.ClassLoader::defineClass@12 (line 1026)
  0x0000023395c6887c: 80d4 4707 | e9f8 fdff 

  0x0000023395c68884: ;   {runtime_call throw_null_pointer_exception Runtime1 stub}
  0x0000023395c68884: ffe8 f67f 

  0x0000023395c68888: ; ImmutableOopMap {rdx=Oop rsi=Oop [120]=Oop [128]=Oop [136]=Oop [152]=Oop }
                      ;*invokevirtual toExternalForm {reexecute=0 rethrow=0 return_oop=0}
                      ; - java.net.URL::toExternalForm@5 (line 1203)
                      ; - java.net.URL::toString@1 (line 1189)
                      ; - java.lang.ClassLoader::defineClassSourceLocation@22 (line 927)
                      ; - java.lang.ClassLoader::defineClass@12 (line 1026)
                      ;   {internal_word}
  0x0000023395c68888: 4707 49ba | e487 c695 | 3302 0000 | 4d89 9768 

  0x0000023395c68898: ;   {runtime_call SafepointBlob}
  0x0000023395c68898: 0400 00e9 | 60ce 3b07 | 498b 8700 | 0500 0049 | c787 0005 | 0000 0000 | 0000 49c7 | 8708 0500 
  0x0000023395c688b8: 0000 0000 | 0048 81c4 | b000 0000 

  0x0000023395c688c4: ;   {runtime_call unwind_exception Runtime1 stub}
  0x0000023395c688c4: 5de9 b670 | 4707 f4f4 | f4f4 f4f4 
[Stub Code]
  0x0000023395c688d0: ;   {no_reloc}
  0x0000023395c688d0: 0f1f 4400 

  0x0000023395c688d4: ;   {static_stub}
  0x0000023395c688d4: 0048 bb00 | 0000 0000 

  0x0000023395c688dc: ;   {runtime_call}
  0x0000023395c688dc: 0000 00e9 | fbff ffff 

  0x0000023395c688e4: ;   {static_stub}
  0x0000023395c688e4: 48bb 0000 | 0000 0000 

  0x0000023395c688ec: ;   {runtime_call}
  0x0000023395c688ec: 0000 e9fb 

  0x0000023395c688f0: ;   {static_stub}
  0x0000023395c688f0: ffff ff48 | bbe8 b843 | ad33 0200 

  0x0000023395c688fc: ;   {runtime_call I2C/C2I adapters}
  0x0000023395c688fc: 00e9 00ad 

  0x0000023395c68900: ;   {static_stub}
  0x0000023395c68900: 3a07 48bb | 0000 0000 | 0000 0000 

  0x0000023395c6890c: ;   {runtime_call}
  0x0000023395c6890c: e9fb ffff 

  0x0000023395c68910: ;   {runtime_call handle_exception_from_callee Runtime1 stub}
  0x0000023395c68910: ffe8 6a9d 

  0x0000023395c68914: ;   {external_word}
  0x0000023395c68914: 4707 48b9 | 60f0 01fe | fa7f 0000 | 4883 e4f0 

  0x0000023395c68924: ;   {runtime_call}
  0x0000023395c68924: 48b8 2003 | c5fd fa7f | 0000 ffd0 

  0x0000023395c68930: ;   {section_word}
  0x0000023395c68930: f449 ba31 | 89c6 9533 | 0200 0041 

  0x0000023395c6893c: ;   {runtime_call DeoptimizationBlob}
  0x0000023395c6893c: 52e9 5ec0 | 3b07 f4f4 | f4f4 f4f4 
[/MachCode]


Compiled method (c1)    4753  930       3       java.security.SecureClassLoader::defineClass (16 bytes)
 total in heap  [0x0000023395c69d90,0x0000023395c6a190] = 1024
 relocation     [0x0000023395c69ef0,0x0000023395c69f40] = 80
 main code      [0x0000023395c69f40,0x0000023395c6a098] = 344
 stub code      [0x0000023395c6a098,0x0000023395c6a0e8] = 80
 metadata       [0x0000023395c6a0e8,0x0000023395c6a0f0] = 8
 scopes data    [0x0000023395c6a0f0,0x0000023395c6a138] = 72
 scopes pcs     [0x0000023395c6a138,0x0000023395c6a188] = 80
 dependencies   [0x0000023395c6a188,0x0000023395c6a190] = 8

[Constant Pool (empty)]

[MachCode]
[Entry Point]
  # {method} {0x00000233ad04d810} 'defineClass' '(Ljava/lang/String;[BIILjava/security/CodeSource;)Ljava/lang/Class;' in 'java/security/SecureClassLoader'
  # this:     rdx:rdx   = 'java/security/SecureClassLoader'
  # parm0:    r8:r8     = 'java/lang/String'
  # parm1:    r9:r9     = '[B'
  # parm2:    rdi       = int
  # parm3:    rsi       = int
  # parm4:    rcx:rcx   = 'java/security/CodeSource'
  #           [sp+0x80]  (sp of caller)
  0x0000023395c69f40: 448b 5208 | 49bb 0000 | 00ad 3302 | 0000 4d03 | d34c 3bd0 

  0x0000023395c69f54: ;   {runtime_call ic_miss_stub}
  0x0000023395c69f54: 0f85 2648 | 3b07 660f | 1f44 0000 
[Verified Entry Point]
  0x0000023395c69f60: 8984 2400 | 80ff ff55 | 4883 ec70 | 4181 7f20 | 0100 0000 

  0x0000023395c69f74: ;   {runtime_call StubRoutines (final stubs)}
  0x0000023395c69f74: 7405 e8e5 

  0x0000023395c69f78: ;   {metadata(method data for {method} {0x00000233ad04d810} 'defineClass' '(Ljava/lang/String;[BIILjava/security/CodeSource;)Ljava/lang/Class;' in 'java/security/SecureClassLoader')}
  0x0000023395c69f78: ad39 0748 | bbd8 cc19 | ee33 0200 | 008b 83cc | 0000 0083 | c002 8983 | cc00 0000 | 25fe 0700 
  0x0000023395c69f98: 0085 c00f | 8496 0000 | 0089 7424 | 5c89 7c24 | 584c 894c | 2450 4c89 | 4424 4848 

  0x0000023395c69fb4: ;   {metadata(method data for {method} {0x00000233ad04d810} 'defineClass' '(Ljava/lang/String;[BIILjava/security/CodeSource;)Ljava/lang/Class;' in 'java/security/SecureClassLoader')}
  0x0000023395c69fb4: 8bda 48b8 | d8cc 19ee | 3302 0000 | 4883 8010 | 0100 0001 | 4c8b c148 | 8bc2 488b | d048 8944 
  0x0000023395c69fd4: ;   {optimized virtual_call}
  0x0000023395c69fd4: 2440 90e8 

  0x0000023395c69fd8: ; ImmutableOopMap {[64]=Oop [72]=Oop [80]=Oop }
                      ;*invokevirtual getProtectionDomain {reexecute=0 rethrow=0 return_oop=0}
                      ; - java.security.SecureClassLoader::defineClass@9 (line 150)
  0x0000023395c69fd8: c4c4 fdff 

  0x0000023395c69fdc: ;   {other}
  0x0000023395c69fdc: 0f1f 8400 | 4c02 0000 | 488b 5424 

  0x0000023395c69fe8: ;   {metadata(method data for {method} {0x00000233ad04d810} 'defineClass' '(Ljava/lang/String;[BIILjava/security/CodeSource;)Ljava/lang/Class;' in 'java/security/SecureClassLoader')}
  0x0000023395c69fe8: 4049 b8d8 | cc19 ee33 | 0200 0049 | 8380 4801 | 0000 014c | 8b44 2448 | 4c8b 4c24 | 508b 7c24 
  0x0000023395c6a008: 588b 7424 | 5c48 8bc8 | 488b 5424 

  0x0000023395c6a014: ;   {optimized virtual_call}
  0x0000023395c6a014: 4066 90e8 

  0x0000023395c6a018: ; ImmutableOopMap {}
                      ;*invokevirtual defineClass {reexecute=0 rethrow=0 return_oop=0}
                      ; - java.security.SecureClassLoader::defineClass@12 (line 150)
  0x0000023395c6a018: 24e4 ffff 

  0x0000023395c6a01c: ;   {other}
  0x0000023395c6a01c: 0f1f 8400 | 8c02 0001 | 4883 c470 

  0x0000023395c6a028: ;   {poll_return}
  0x0000023395c6a028: 5d49 3ba7 | 5004 0000 | 0f87 2200 

  0x0000023395c6a034: ;   {metadata({method} {0x00000233ad04d810} 'defineClass' '(Ljava/lang/String;[BIILjava/security/CodeSource;)Ljava/lang/Class;' in 'java/security/SecureClassLoader')}
  0x0000023395c6a034: 0000 c349 | ba08 d804 | ad33 0200 | 004c 8954 | 2408 48c7 | 0424 ffff 

  0x0000023395c6a04c: ;   {runtime_call counter_overflow Runtime1 stub}
  0x0000023395c6a04c: ffff e8ad 

  0x0000023395c6a050: ; ImmutableOopMap {rdx=Oop r8=Oop r9=Oop rcx=Oop }
                      ;*synchronization entry
                      ; - java.security.SecureClassLoader::defineClass@-1 (line 150)
  0x0000023395c6a050: bc47 07e9 | 49ff ffff 

  0x0000023395c6a058: ;   {internal_word}
  0x0000023395c6a058: 49ba 29a0 | c695 3302 | 0000 4d89 | 9768 0400 

  0x0000023395c6a068: ;   {runtime_call SafepointBlob}
  0x0000023395c6a068: 00e9 92b6 | 3b07 498b | 8700 0500 | 0049 c787 | 0005 0000 | 0000 0000 | 49c7 8708 | 0500 0000 
  0x0000023395c6a088: 0000 0048 | 83c4 705d 

  0x0000023395c6a090: ;   {runtime_call unwind_exception Runtime1 stub}
  0x0000023395c6a090: e9eb 5847 | 07f4 f4f4 
[Stub Code]
  0x0000023395c6a098: ;   {no_reloc}
  0x0000023395c6a098: 48bb 0000 | 0000 0000 

  0x0000023395c6a0a0: ;   {runtime_call}
  0x0000023395c6a0a0: 0000 e9fb 

  0x0000023395c6a0a4: ;   {static_stub}
  0x0000023395c6a0a4: ffff ff48 | bb00 0000 | 0000 0000 

  0x0000023395c6a0b0: ;   {runtime_call}
  0x0000023395c6a0b0: 00e9 fbff 

  0x0000023395c6a0b4: ;   {runtime_call handle_exception_from_callee Runtime1 stub}
  0x0000023395c6a0b4: ffff e8c5 

  0x0000023395c6a0b8: ;   {external_word}
  0x0000023395c6a0b8: 8547 0748 | b960 f001 | fefa 7f00 | 0048 83e4 

  0x0000023395c6a0c8: ;   {runtime_call}
  0x0000023395c6a0c8: f048 b820 | 03c5 fdfa | 7f00 00ff 

  0x0000023395c6a0d4: ;   {section_word}
  0x0000023395c6a0d4: d0f4 49ba | d6a0 c695 | 3302 0000 

  0x0000023395c6a0e0: ;   {runtime_call DeoptimizationBlob}
  0x0000023395c6a0e0: 4152 e9b9 | a83b 07f4 
[/MachCode]


---------------  P R O C E S S  ---------------

Threads class SMR info:
_java_thread_list=0x00000233f2acf6c0, length=11, elements={
0x000002338b8eee80, 0x00000233ac567740, 0x00000233ac568810, 0x00000233ac570580,
0x00000233ac5730f0, 0x00000233ac576300, 0x00000233ac576e90, 0x00000233ac577e80,
0x00000233ac5a4d00, 0x00000233ac838550, 0x00000233ac841400
}

Java Threads: ( => current thread )
=>0x000002338b8eee80 JavaThread "main"                              [_thread_in_vm, id=41632, stack(0x000000c28ec00000,0x000000c28ed00000) (1024K)]
  0x00000233ac567740 JavaThread "Reference Handler"          daemon [_thread_blocked, id=11072, stack(0x000000c28f400000,0x000000c28f500000) (1024K)]
  0x00000233ac568810 JavaThread "Finalizer"                  daemon [_thread_blocked, id=6632, stack(0x000000c28f500000,0x000000c28f600000) (1024K)]
  0x00000233ac570580 JavaThread "Signal Dispatcher"          daemon [_thread_blocked, id=21100, stack(0x000000c28f600000,0x000000c28f700000) (1024K)]
  0x00000233ac5730f0 JavaThread "Attach Listener"            daemon [_thread_blocked, id=37612, stack(0x000000c28f700000,0x000000c28f800000) (1024K)]
  0x00000233ac576300 JavaThread "Service Thread"             daemon [_thread_blocked, id=35984, stack(0x000000c28f800000,0x000000c28f900000) (1024K)]
  0x00000233ac576e90 JavaThread "Monitor Deflation Thread"   daemon [_thread_blocked, id=38376, stack(0x000000c28f900000,0x000000c28fa00000) (1024K)]
  0x00000233ac577e80 JavaThread "C2 CompilerThread0"         daemon [_thread_blocked, id=37244, stack(0x000000c28fa00000,0x000000c28fb00000) (1024K)]
  0x00000233ac5a4d00 JavaThread "C1 CompilerThread0"         daemon [_thread_blocked, id=13784, stack(0x000000c28fb00000,0x000000c28fc00000) (1024K)]
  0x00000233ac838550 JavaThread "Notification Thread"        daemon [_thread_blocked, id=41032, stack(0x000000c28fc00000,0x000000c28fd00000) (1024K)]
  0x00000233ac841400 JavaThread "Common-Cleaner"             daemon [_thread_blocked, id=38080, stack(0x000000c28fd00000,0x000000c28fe00000) (1024K)]
Total: 11

Other Threads:
  0x00000233ac54d430 VMThread "VM Thread"                           [id=38964, stack(0x000000c28f300000,0x000000c28f400000) (1024K)]
  0x00000233ac5344a0 WatcherThread "VM Periodic Task Thread"        [id=39412, stack(0x000000c28f200000,0x000000c28f300000) (1024K)]
  0x000002338bc44f80 WorkerThread "GC Thread#0"                     [id=16756, stack(0x000000c28ed00000,0x000000c28ee00000) (1024K)]
  0x00000233f2d24780 WorkerThread "GC Thread#1"                     [id=40200, stack(0x000000c28ff00000,0x000000c290000000) (1024K)]
  0x00000233f2d24b20 WorkerThread "GC Thread#2"                     [id=40272, stack(0x000000c290000000,0x000000c290100000) (1024K)]
  0x00000233f27f0a60 WorkerThread "GC Thread#3"                     [id=38572, stack(0x000000c290100000,0x000000c290200000) (1024K)]
  0x00000233f27f0e00 WorkerThread "GC Thread#4"                     [id=3828, stack(0x000000c290200000,0x000000c290300000) (1024K)]
  0x00000233f27fe780 WorkerThread "GC Thread#5"                     [id=17748, stack(0x000000c290300000,0x000000c290400000) (1024K)]
  0x00000233f27feb20 WorkerThread "GC Thread#6"                     [id=10068, stack(0x000000c290400000,0x000000c290500000) (1024K)]
  0x00000233f287f810 WorkerThread "GC Thread#7"                     [id=24644, stack(0x000000c290500000,0x000000c290600000) (1024K)]
  0x000002338bc54680 ConcurrentGCThread "G1 Main Marker"            [id=3812, stack(0x000000c28ee00000,0x000000c28ef00000) (1024K)]
  0x000002338bc55180 WorkerThread "G1 Conc#0"                       [id=38548, stack(0x000000c28ef00000,0x000000c28f000000) (1024K)]
  0x000002338bcae510 ConcurrentGCThread "G1 Refine#0"               [id=40328, stack(0x000000c28f000000,0x000000c28f100000) (1024K)]
  0x00000233ac403640 ConcurrentGCThread "G1 Service"                [id=18680, stack(0x000000c28f100000,0x000000c28f200000) (1024K)]
Total: 14

Threads with active compile tasks:
Total: 0

VM state: not at safepoint (normal execution)

VM Mutex/Monitor currently owned by a thread:  ([mutex/lock_event])
[0x00007ffafe2d1118] Metaspace_lock - owner thread: 0x000002338b8eee80

Heap address: 0x0000000720e00000, size: 3570 MB, Compressed Oops mode: Zero based, Oop shift amount: 3

CDS archive(s) mapped at: [0x00000233ad000000-0x00000233adc90000-0x00000233adc90000), size 13172736, SharedBaseAddress: 0x00000233ad000000, ArchiveRelocationMode: 1.
Compressed class space mapped at: 0x00000233ae000000-0x00000233ee000000, reserved size: 1073741824
Narrow klass base: 0x00000233ad000000, Narrow klass shift: 0, Narrow klass range: 0x100000000

GC Precious Log:
 CardTable entry size: 512
 Card Set container configuration: InlinePtr #cards 4 size 8 Array Of Cards #cards 16 size 48 Howl #buckets 8 coarsen threshold 3686 Howl Bitmap #cards 512 size 80 coarsen threshold 460 Card regions per heap region 1 cards per card region 4096
 CPUs: 8 total, 8 available
 Memory: 14274M
 Large Page Support: Disabled
 NUMA Support: Disabled
 Compressed Oops: Enabled (Zero based)
 Heap Region Size: 2M
 Heap Min Capacity: 8M
 Heap Initial Capacity: 224M
 Heap Max Capacity: 3570M
 Pre-touch: Disabled
 Parallel Workers: 8
 Concurrent Workers: 2
 Concurrent Refinement Workers: 8
 Periodic GC: Disabled

Heap:
 garbage-first heap   total 229376K, used 30479K [0x0000000720e00000, 0x0000000800000000)
  region size 2048K, 16 young (32768K), 2 survivors (4096K)
 Metaspace       used 9347K, committed 9472K, reserved 1114112K
  class space    used 1096K, committed 1152K, reserved 1048576K

Heap Regions: E=young(eden), S=young(survivor), O=old, HS=humongous(starts), HC=humongous(continues), CS=collection set, F=free, TAMS=top-at-mark-start, PB=parsable bottom
|   0|0x0000000720e00000, 0x0000000720e00000, 0x0000000721000000|  0%| F|  |TAMS 0x0000000720e00000| PB 0x0000000720e00000| Untracked 
|   1|0x0000000721000000, 0x0000000721000000, 0x0000000721200000|  0%| F|  |TAMS 0x0000000721000000| PB 0x0000000721000000| Untracked 
|   2|0x0000000721200000, 0x0000000721200000, 0x0000000721400000|  0%| F|  |TAMS 0x0000000721200000| PB 0x0000000721200000| Untracked 
|   3|0x0000000721400000, 0x0000000721400000, 0x0000000721600000|  0%| F|  |TAMS 0x0000000721400000| PB 0x0000000721400000| Untracked 
|   4|0x0000000721600000, 0x0000000721600000, 0x0000000721800000|  0%| F|  |TAMS 0x0000000721600000| PB 0x0000000721600000| Untracked 
|   5|0x0000000721800000, 0x0000000721800000, 0x0000000721a00000|  0%| F|  |TAMS 0x0000000721800000| PB 0x0000000721800000| Untracked 
|   6|0x0000000721a00000, 0x0000000721a00000, 0x0000000721c00000|  0%| F|  |TAMS 0x0000000721a00000| PB 0x0000000721a00000| Untracked 
|   7|0x0000000721c00000, 0x0000000721c00000, 0x0000000721e00000|  0%| F|  |TAMS 0x0000000721c00000| PB 0x0000000721c00000| Untracked 
|   8|0x0000000721e00000, 0x0000000721e00000, 0x0000000722000000|  0%| F|  |TAMS 0x0000000721e00000| PB 0x0000000721e00000| Untracked 
|   9|0x0000000722000000, 0x0000000722000000, 0x0000000722200000|  0%| F|  |TAMS 0x0000000722000000| PB 0x0000000722000000| Untracked 
|  10|0x0000000722200000, 0x0000000722200000, 0x0000000722400000|  0%| F|  |TAMS 0x0000000722200000| PB 0x0000000722200000| Untracked 
|  11|0x0000000722400000, 0x0000000722400000, 0x0000000722600000|  0%| F|  |TAMS 0x0000000722400000| PB 0x0000000722400000| Untracked 
|  12|0x0000000722600000, 0x0000000722600000, 0x0000000722800000|  0%| F|  |TAMS 0x0000000722600000| PB 0x0000000722600000| Untracked 
|  13|0x0000000722800000, 0x0000000722800000, 0x0000000722a00000|  0%| F|  |TAMS 0x0000000722800000| PB 0x0000000722800000| Untracked 
|  14|0x0000000722a00000, 0x0000000722a00000, 0x0000000722c00000|  0%| F|  |TAMS 0x0000000722a00000| PB 0x0000000722a00000| Untracked 
|  15|0x0000000722c00000, 0x0000000722c00000, 0x0000000722e00000|  0%| F|  |TAMS 0x0000000722c00000| PB 0x0000000722c00000| Untracked 
|  16|0x0000000722e00000, 0x0000000722e00000, 0x0000000723000000|  0%| F|  |TAMS 0x0000000722e00000| PB 0x0000000722e00000| Untracked 
|  17|0x0000000723000000, 0x0000000723000000, 0x0000000723200000|  0%| F|  |TAMS 0x0000000723000000| PB 0x0000000723000000| Untracked 
|  18|0x0000000723200000, 0x0000000723200000, 0x0000000723400000|  0%| F|  |TAMS 0x0000000723200000| PB 0x0000000723200000| Untracked 
|  19|0x0000000723400000, 0x0000000723400000, 0x0000000723600000|  0%| F|  |TAMS 0x0000000723400000| PB 0x0000000723400000| Untracked 
|  20|0x0000000723600000, 0x0000000723600000, 0x0000000723800000|  0%| F|  |TAMS 0x0000000723600000| PB 0x0000000723600000| Untracked 
|  21|0x0000000723800000, 0x0000000723800000, 0x0000000723a00000|  0%| F|  |TAMS 0x0000000723800000| PB 0x0000000723800000| Untracked 
|  22|0x0000000723a00000, 0x0000000723a00000, 0x0000000723c00000|  0%| F|  |TAMS 0x0000000723a00000| PB 0x0000000723a00000| Untracked 
|  23|0x0000000723c00000, 0x0000000723c00000, 0x0000000723e00000|  0%| F|  |TAMS 0x0000000723c00000| PB 0x0000000723c00000| Untracked 
|  24|0x0000000723e00000, 0x0000000723e00000, 0x0000000724000000|  0%| F|  |TAMS 0x0000000723e00000| PB 0x0000000723e00000| Untracked 
|  25|0x0000000724000000, 0x0000000724000000, 0x0000000724200000|  0%| F|  |TAMS 0x0000000724000000| PB 0x0000000724000000| Untracked 
|  26|0x0000000724200000, 0x0000000724200000, 0x0000000724400000|  0%| F|  |TAMS 0x0000000724200000| PB 0x0000000724200000| Untracked 
|  27|0x0000000724400000, 0x0000000724400000, 0x0000000724600000|  0%| F|  |TAMS 0x0000000724400000| PB 0x0000000724400000| Untracked 
|  28|0x0000000724600000, 0x0000000724600000, 0x0000000724800000|  0%| F|  |TAMS 0x0000000724600000| PB 0x0000000724600000| Untracked 
|  29|0x0000000724800000, 0x0000000724800000, 0x0000000724a00000|  0%| F|  |TAMS 0x0000000724800000| PB 0x0000000724800000| Untracked 
|  30|0x0000000724a00000, 0x0000000724a00000, 0x0000000724c00000|  0%| F|  |TAMS 0x0000000724a00000| PB 0x0000000724a00000| Untracked 
|  31|0x0000000724c00000, 0x0000000724c00000, 0x0000000724e00000|  0%| F|  |TAMS 0x0000000724c00000| PB 0x0000000724c00000| Untracked 
|  32|0x0000000724e00000, 0x0000000724e00000, 0x0000000725000000|  0%| F|  |TAMS 0x0000000724e00000| PB 0x0000000724e00000| Untracked 
|  33|0x0000000725000000, 0x0000000725000000, 0x0000000725200000|  0%| F|  |TAMS 0x0000000725000000| PB 0x0000000725000000| Untracked 
|  34|0x0000000725200000, 0x0000000725200000, 0x0000000725400000|  0%| F|  |TAMS 0x0000000725200000| PB 0x0000000725200000| Untracked 
|  35|0x0000000725400000, 0x0000000725400000, 0x0000000725600000|  0%| F|  |TAMS 0x0000000725400000| PB 0x0000000725400000| Untracked 
|  36|0x0000000725600000, 0x0000000725600000, 0x0000000725800000|  0%| F|  |TAMS 0x0000000725600000| PB 0x0000000725600000| Untracked 
|  37|0x0000000725800000, 0x0000000725800000, 0x0000000725a00000|  0%| F|  |TAMS 0x0000000725800000| PB 0x0000000725800000| Untracked 
|  38|0x0000000725a00000, 0x0000000725a00000, 0x0000000725c00000|  0%| F|  |TAMS 0x0000000725a00000| PB 0x0000000725a00000| Untracked 
|  39|0x0000000725c00000, 0x0000000725c00000, 0x0000000725e00000|  0%| F|  |TAMS 0x0000000725c00000| PB 0x0000000725c00000| Untracked 
|  40|0x0000000725e00000, 0x0000000725e00000, 0x0000000726000000|  0%| F|  |TAMS 0x0000000725e00000| PB 0x0000000725e00000| Untracked 
|  41|0x0000000726000000, 0x0000000726000000, 0x0000000726200000|  0%| F|  |TAMS 0x0000000726000000| PB 0x0000000726000000| Untracked 
|  42|0x0000000726200000, 0x0000000726200000, 0x0000000726400000|  0%| F|  |TAMS 0x0000000726200000| PB 0x0000000726200000| Untracked 
|  43|0x0000000726400000, 0x0000000726400000, 0x0000000726600000|  0%| F|  |TAMS 0x0000000726400000| PB 0x0000000726400000| Untracked 
|  44|0x0000000726600000, 0x0000000726600000, 0x0000000726800000|  0%| F|  |TAMS 0x0000000726600000| PB 0x0000000726600000| Untracked 
|  45|0x0000000726800000, 0x0000000726800000, 0x0000000726a00000|  0%| F|  |TAMS 0x0000000726800000| PB 0x0000000726800000| Untracked 
|  46|0x0000000726a00000, 0x0000000726a00000, 0x0000000726c00000|  0%| F|  |TAMS 0x0000000726a00000| PB 0x0000000726a00000| Untracked 
|  47|0x0000000726c00000, 0x0000000726c00000, 0x0000000726e00000|  0%| F|  |TAMS 0x0000000726c00000| PB 0x0000000726c00000| Untracked 
|  48|0x0000000726e00000, 0x0000000726e00000, 0x0000000727000000|  0%| F|  |TAMS 0x0000000726e00000| PB 0x0000000726e00000| Untracked 
|  49|0x0000000727000000, 0x0000000727000000, 0x0000000727200000|  0%| F|  |TAMS 0x0000000727000000| PB 0x0000000727000000| Untracked 
|  50|0x0000000727200000, 0x0000000727200000, 0x0000000727400000|  0%| F|  |TAMS 0x0000000727200000| PB 0x0000000727200000| Untracked 
|  51|0x0000000727400000, 0x0000000727400000, 0x0000000727600000|  0%| F|  |TAMS 0x0000000727400000| PB 0x0000000727400000| Untracked 
|  52|0x0000000727600000, 0x0000000727600000, 0x0000000727800000|  0%| F|  |TAMS 0x0000000727600000| PB 0x0000000727600000| Untracked 
|  53|0x0000000727800000, 0x0000000727800000, 0x0000000727a00000|  0%| F|  |TAMS 0x0000000727800000| PB 0x0000000727800000| Untracked 
|  54|0x0000000727a00000, 0x0000000727a00000, 0x0000000727c00000|  0%| F|  |TAMS 0x0000000727a00000| PB 0x0000000727a00000| Untracked 
|  55|0x0000000727c00000, 0x0000000727c00000, 0x0000000727e00000|  0%| F|  |TAMS 0x0000000727c00000| PB 0x0000000727c00000| Untracked 
|  56|0x0000000727e00000, 0x0000000727e00000, 0x0000000728000000|  0%| F|  |TAMS 0x0000000727e00000| PB 0x0000000727e00000| Untracked 
|  57|0x0000000728000000, 0x0000000728000000, 0x0000000728200000|  0%| F|  |TAMS 0x0000000728000000| PB 0x0000000728000000| Untracked 
|  58|0x0000000728200000, 0x0000000728200000, 0x0000000728400000|  0%| F|  |TAMS 0x0000000728200000| PB 0x0000000728200000| Untracked 
|  59|0x0000000728400000, 0x0000000728400000, 0x0000000728600000|  0%| F|  |TAMS 0x0000000728400000| PB 0x0000000728400000| Untracked 
|  60|0x0000000728600000, 0x0000000728600000, 0x0000000728800000|  0%| F|  |TAMS 0x0000000728600000| PB 0x0000000728600000| Untracked 
|  61|0x0000000728800000, 0x0000000728800000, 0x0000000728a00000|  0%| F|  |TAMS 0x0000000728800000| PB 0x0000000728800000| Untracked 
|  62|0x0000000728a00000, 0x0000000728a00000, 0x0000000728c00000|  0%| F|  |TAMS 0x0000000728a00000| PB 0x0000000728a00000| Untracked 
|  63|0x0000000728c00000, 0x0000000728c00000, 0x0000000728e00000|  0%| F|  |TAMS 0x0000000728c00000| PB 0x0000000728c00000| Untracked 
|  64|0x0000000728e00000, 0x0000000728e00000, 0x0000000729000000|  0%| F|  |TAMS 0x0000000728e00000| PB 0x0000000728e00000| Untracked 
|  65|0x0000000729000000, 0x0000000729000000, 0x0000000729200000|  0%| F|  |TAMS 0x0000000729000000| PB 0x0000000729000000| Untracked 
|  66|0x0000000729200000, 0x0000000729200000, 0x0000000729400000|  0%| F|  |TAMS 0x0000000729200000| PB 0x0000000729200000| Untracked 
|  67|0x0000000729400000, 0x0000000729400000, 0x0000000729600000|  0%| F|  |TAMS 0x0000000729400000| PB 0x0000000729400000| Untracked 
|  68|0x0000000729600000, 0x0000000729600000, 0x0000000729800000|  0%| F|  |TAMS 0x0000000729600000| PB 0x0000000729600000| Untracked 
|  69|0x0000000729800000, 0x0000000729800000, 0x0000000729a00000|  0%| F|  |TAMS 0x0000000729800000| PB 0x0000000729800000| Untracked 
|  70|0x0000000729a00000, 0x0000000729a00000, 0x0000000729c00000|  0%| F|  |TAMS 0x0000000729a00000| PB 0x0000000729a00000| Untracked 
|  71|0x0000000729c00000, 0x0000000729c00000, 0x0000000729e00000|  0%| F|  |TAMS 0x0000000729c00000| PB 0x0000000729c00000| Untracked 
|  72|0x0000000729e00000, 0x0000000729e00000, 0x000000072a000000|  0%| F|  |TAMS 0x0000000729e00000| PB 0x0000000729e00000| Untracked 
|  73|0x000000072a000000, 0x000000072a000000, 0x000000072a200000|  0%| F|  |TAMS 0x000000072a000000| PB 0x000000072a000000| Untracked 
|  74|0x000000072a200000, 0x000000072a200000, 0x000000072a400000|  0%| F|  |TAMS 0x000000072a200000| PB 0x000000072a200000| Untracked 
|  75|0x000000072a400000, 0x000000072a400000, 0x000000072a600000|  0%| F|  |TAMS 0x000000072a400000| PB 0x000000072a400000| Untracked 
|  76|0x000000072a600000, 0x000000072a600000, 0x000000072a800000|  0%| F|  |TAMS 0x000000072a600000| PB 0x000000072a600000| Untracked 
|  77|0x000000072a800000, 0x000000072a800000, 0x000000072aa00000|  0%| F|  |TAMS 0x000000072a800000| PB 0x000000072a800000| Untracked 
|  78|0x000000072aa00000, 0x000000072aa00000, 0x000000072ac00000|  0%| F|  |TAMS 0x000000072aa00000| PB 0x000000072aa00000| Untracked 
|  79|0x000000072ac00000, 0x000000072ac00000, 0x000000072ae00000|  0%| F|  |TAMS 0x000000072ac00000| PB 0x000000072ac00000| Untracked 
|  80|0x000000072ae00000, 0x000000072ae00000, 0x000000072b000000|  0%| F|  |TAMS 0x000000072ae00000| PB 0x000000072ae00000| Untracked 
|  81|0x000000072b000000, 0x000000072b000000, 0x000000072b200000|  0%| F|  |TAMS 0x000000072b000000| PB 0x000000072b000000| Untracked 
|  82|0x000000072b200000, 0x000000072b200000, 0x000000072b400000|  0%| F|  |TAMS 0x000000072b200000| PB 0x000000072b200000| Untracked 
|  83|0x000000072b400000, 0x000000072b400000, 0x000000072b600000|  0%| F|  |TAMS 0x000000072b400000| PB 0x000000072b400000| Untracked 
|  84|0x000000072b600000, 0x000000072b600000, 0x000000072b800000|  0%| F|  |TAMS 0x000000072b600000| PB 0x000000072b600000| Untracked 
|  85|0x000000072b800000, 0x000000072b800000, 0x000000072ba00000|  0%| F|  |TAMS 0x000000072b800000| PB 0x000000072b800000| Untracked 
|  86|0x000000072ba00000, 0x000000072ba00000, 0x000000072bc00000|  0%| F|  |TAMS 0x000000072ba00000| PB 0x000000072ba00000| Untracked 
|  87|0x000000072bc00000, 0x000000072bc00000, 0x000000072be00000|  0%| F|  |TAMS 0x000000072bc00000| PB 0x000000072bc00000| Untracked 
|  88|0x000000072be00000, 0x000000072be00000, 0x000000072c000000|  0%| F|  |TAMS 0x000000072be00000| PB 0x000000072be00000| Untracked 
|  89|0x000000072c000000, 0x000000072c000000, 0x000000072c200000|  0%| F|  |TAMS 0x000000072c000000| PB 0x000000072c000000| Untracked 
|  90|0x000000072c200000, 0x000000072c200000, 0x000000072c400000|  0%| F|  |TAMS 0x000000072c200000| PB 0x000000072c200000| Untracked 
|  91|0x000000072c400000, 0x000000072c400000, 0x000000072c600000|  0%| F|  |TAMS 0x000000072c400000| PB 0x000000072c400000| Untracked 
|  92|0x000000072c600000, 0x000000072c600000, 0x000000072c800000|  0%| F|  |TAMS 0x000000072c600000| PB 0x000000072c600000| Untracked 
|  93|0x000000072c800000, 0x000000072c800000, 0x000000072ca00000|  0%| F|  |TAMS 0x000000072c800000| PB 0x000000072c800000| Untracked 
|  94|0x000000072ca00000, 0x000000072ca00000, 0x000000072cc00000|  0%| F|  |TAMS 0x000000072ca00000| PB 0x000000072ca00000| Untracked 
|  95|0x000000072cc00000, 0x000000072cc00000, 0x000000072ce00000|  0%| F|  |TAMS 0x000000072cc00000| PB 0x000000072cc00000| Untracked 
|  96|0x000000072ce00000, 0x000000072ce58d40, 0x000000072d000000| 17%| E|  |TAMS 0x000000072ce00000| PB 0x000000072ce00000| Complete 
|  97|0x000000072d000000, 0x000000072d200000, 0x000000072d200000|100%| E|CS|TAMS 0x000000072d000000| PB 0x000000072d000000| Complete 
|  98|0x000000072d200000, 0x000000072d400000, 0x000000072d400000|100%| E|CS|TAMS 0x000000072d200000| PB 0x000000072d200000| Complete 
|  99|0x000000072d400000, 0x000000072d5c3f68, 0x000000072d600000| 88%| S|CS|TAMS 0x000000072d400000| PB 0x000000072d400000| Complete 
| 100|0x000000072d600000, 0x000000072d800000, 0x000000072d800000|100%| S|CS|TAMS 0x000000072d600000| PB 0x000000072d600000| Complete 
| 101|0x000000072d800000, 0x000000072da00000, 0x000000072da00000|100%| E|CS|TAMS 0x000000072d800000| PB 0x000000072d800000| Complete 
| 102|0x000000072da00000, 0x000000072dc00000, 0x000000072dc00000|100%| E|CS|TAMS 0x000000072da00000| PB 0x000000072da00000| Complete 
| 103|0x000000072dc00000, 0x000000072de00000, 0x000000072de00000|100%| E|CS|TAMS 0x000000072dc00000| PB 0x000000072dc00000| Complete 
| 104|0x000000072de00000, 0x000000072e000000, 0x000000072e000000|100%| E|CS|TAMS 0x000000072de00000| PB 0x000000072de00000| Complete 
| 105|0x000000072e000000, 0x000000072e200000, 0x000000072e200000|100%| E|CS|TAMS 0x000000072e000000| PB 0x000000072e000000| Complete 
| 106|0x000000072e200000, 0x000000072e400000, 0x000000072e400000|100%| E|CS|TAMS 0x000000072e200000| PB 0x000000072e200000| Complete 
| 107|0x000000072e400000, 0x000000072e600000, 0x000000072e600000|100%| E|CS|TAMS 0x000000072e400000| PB 0x000000072e400000| Complete 
| 108|0x000000072e600000, 0x000000072e800000, 0x000000072e800000|100%| E|CS|TAMS 0x000000072e600000| PB 0x000000072e600000| Complete 
| 109|0x000000072e800000, 0x000000072ea00000, 0x000000072ea00000|100%| E|CS|TAMS 0x000000072e800000| PB 0x000000072e800000| Complete 
| 110|0x000000072ea00000, 0x000000072ec00000, 0x000000072ec00000|100%| E|CS|TAMS 0x000000072ea00000| PB 0x000000072ea00000| Complete 
| 111|0x000000072ec00000, 0x000000072ee00000, 0x000000072ee00000|100%| E|CS|TAMS 0x000000072ec00000| PB 0x000000072ec00000| Complete 

Card table byte_map: [0x00000233a5c00000,0x00000233a6300000] _byte_map_base: 0x00000233a22f9000

Marking Bits: (CMBitMap*) 0x000002338bc45e90
 Bits: [0x00000233a6300000, 0x00000233a9ac8000)

Polling page: 0x000002338bcb0000

Metaspace:

Usage:
  Non-class:      8.06 MB used.
      Class:      1.07 MB used.
       Both:      9.13 MB used.

Virtual space:
  Non-class space:       64.00 MB reserved,       8.12 MB ( 13%) committed,  1 nodes.
      Class space:        1.00 GB reserved,       1.12 MB ( <1%) committed,  1 nodes.
             Both:        1.06 GB reserved,       9.25 MB ( <1%) committed. 

Chunk freelists:
   Non-Class:  6.39 MB
       Class:  14.86 MB
        Both:  21.25 MB

MaxMetaspaceSize: unlimited
CompressedClassSpaceSize: 1.00 GB
Initial GC threshold: 21.00 MB
Current GC threshold: 21.00 MB
CDS: on
 - commit_granule_bytes: 65536.
 - commit_granule_words: 8192.
 - virtual_space_node_default_size: 8388608.
 - enlarge_chunks_in_place: 1.
 - use_allocation_guard: 0.


Internal statistics:

num_allocs_failed_limit: 0.
num_arena_births: 60.
num_arena_deaths: 0.
num_vsnodes_births: 2.
num_vsnodes_deaths: 0.
num_space_committed: 148.
num_space_uncommitted: 0.
num_chunks_returned_to_freelist: 0.
num_chunks_taken_from_freelist: 352.
num_chunk_merges: 0.
num_chunk_splits: 244.
num_chunks_enlarged: 207.
num_inconsistent_stats: 0.

CodeHeap 'non-profiled nmethods': size=120000Kb used=715Kb max_used=715Kb free=119284Kb
 bounds [0x000002339d570000, 0x000002339d7e0000, 0x00000233a4aa0000]
CodeHeap 'profiled nmethods': size=120000Kb used=3480Kb max_used=3480Kb free=116519Kb
 bounds [0x0000023395aa0000, 0x0000023395e10000, 0x000002339cfd0000]
CodeHeap 'non-nmethods': size=5760Kb used=1359Kb max_used=1387Kb free=4400Kb
 bounds [0x000002339cfd0000, 0x000002339d240000, 0x000002339d570000]
 total_blobs=2198 nmethods=1734 adapters=369
 compilation: enabled
              stopped_count=0, restarted_count=0
 full_count=0

Compilation events (20 events):
Event: 4.460 Thread 0x00000233ac5a4d00 1725       3       java.util.stream.ReferencePipeline$2::<init> (15 bytes)
Event: 4.460 Thread 0x00000233ac5a4d00 nmethod 1725 0x0000023395dfda10 code [0x0000023395dfdbe0, 0x0000023395dfde68]
Event: 4.460 Thread 0x00000233ac5a4d00 1726       3       java.util.stream.ReferencePipeline$2::opWrapSink (10 bytes)
Event: 4.461 Thread 0x00000233ac5a4d00 nmethod 1726 0x0000023395dfdf90 code [0x0000023395dfe180, 0x0000023395dfe740]
Event: 4.463 Thread 0x00000233ac5a4d00 1727       3       java.lang.reflect.AccessibleObject::getAnnotations (5 bytes)
Event: 4.463 Thread 0x00000233ac5a4d00 nmethod 1727 0x0000023395dfe910 code [0x0000023395dfeac0, 0x0000023395dfec88]
Event: 4.464 Thread 0x00000233ac577e80 1728       4       java.lang.invoke.Invokers$Holder::linkToTargetMethod (8 bytes)
Event: 4.465 Thread 0x00000233ac577e80 nmethod 1728 0x000002339d621410 code [0x000002339d6215a0, 0x000002339d621678]
Event: 4.489 Thread 0x00000233ac577e80 1729       4       sun.reflect.generics.parser.SignatureParser::skipIdentifier (67 bytes)
Event: 4.500 Thread 0x00000233ac577e80 nmethod 1729 0x000002339d621790 code [0x000002339d621960, 0x000002339d621d18]
Event: 4.505 Thread 0x00000233ac5a4d00 1730       1       java.security.Permission::getName (5 bytes)
Event: 4.505 Thread 0x00000233ac5a4d00 nmethod 1730 0x000002339d622110 code [0x000002339d6222a0, 0x000002339d622370]
Event: 4.509 Thread 0x00000233ac577e80 1731       4       java.lang.reflect.Method::getAnnotation (6 bytes)
Event: 4.510 Thread 0x00000233ac5a4d00 1732       3       sun.nio.fs.WindowsPathParser::parse (504 bytes)
Event: 4.518 Thread 0x00000233ac5a4d00 nmethod 1732 0x0000023395dfed10 code [0x0000023395dff540, 0x0000023395e03fe0]
Event: 4.519 Thread 0x00000233ac577e80 nmethod 1731 0x000002339d622410 code [0x000002339d622600, 0x000002339d622a70]
Event: 4.519 Thread 0x00000233ac5a4d00 1733       3       sun.nio.fs.WindowsPathParser$Result::<init> (20 bytes)
Event: 4.520 Thread 0x00000233ac5a4d00 nmethod 1733 0x0000023395e05b10 code [0x0000023395e05cc0, 0x0000023395e05f58]
Event: 4.520 Thread 0x00000233ac5a4d00 1734       3       sun.nio.fs.WindowsPathParser::parse (6 bytes)
Event: 4.520 Thread 0x00000233ac5a4d00 nmethod 1734 0x0000023395e06010 code [0x0000023395e061c0, 0x0000023395e062e0]

GC Heap History (2 events):
Event: 2.635 GC heap before
{Heap before GC invocations=0 (full 0):
 garbage-first heap   total 229376K, used 22528K [0x0000000720e00000, 0x0000000800000000)
  region size 2048K, 11 young (22528K), 0 survivors (0K)
 Metaspace       used 5720K, committed 5952K, reserved 1114112K
  class space    used 657K, committed 768K, reserved 1048576K
}
Event: 2.712 GC heap after
{Heap after GC invocations=1 (full 0):
 garbage-first heap   total 229376K, used 3855K [0x0000000720e00000, 0x0000000800000000)
  region size 2048K, 2 young (4096K), 2 survivors (4096K)
 Metaspace       used 5720K, committed 5952K, reserved 1114112K
  class space    used 657K, committed 768K, reserved 1048576K
}

Dll operation events (8 events):
Event: 0.027 Loaded shared library C:\Program Files\Eclipse Adoptium\jdk-21.0.2.13-hotspot\bin\java.dll
Event: 0.150 Loaded shared library C:\Program Files\Eclipse Adoptium\jdk-21.0.2.13-hotspot\bin\jsvml.dll
Event: 0.195 Loaded shared library C:\Program Files\Eclipse Adoptium\jdk-21.0.2.13-hotspot\bin\net.dll
Event: 0.199 Loaded shared library C:\Program Files\Eclipse Adoptium\jdk-21.0.2.13-hotspot\bin\nio.dll
Event: 0.208 Loaded shared library C:\Program Files\Eclipse Adoptium\jdk-21.0.2.13-hotspot\bin\zip.dll
Event: 0.835 Loaded shared library C:\Program Files\Eclipse Adoptium\jdk-21.0.2.13-hotspot\bin\jimage.dll
Event: 0.864 Loaded shared library C:\Users\Cirilo\.m2\wrapper\dists\apache-maven-3.9.6\834f1afe40575b70b4b2527f4b12df8e\lib\jansi-native\Windows\x86_64\jansi.dll
Event: 0.905 Loaded shared library C:\Program Files\Eclipse Adoptium\jdk-21.0.2.13-hotspot\bin\verify.dll

Deoptimization events (20 events):
Event: 3.914 Thread 0x000002338b8eee80 Uncommon trap: trap_request=0xffffffc6 fr.pc=0x000002339d5f7fa4 relative=0x0000000000000324
Event: 3.914 Thread 0x000002338b8eee80 Uncommon trap: reason=bimorphic_or_optimized_type_check action=maybe_recompile pc=0x000002339d5f7fa4 method=java.util.HashMap.getNode(Ljava/lang/Object;)Ljava/util/HashMap$Node; @ 63 c2
Event: 3.914 Thread 0x000002338b8eee80 DEOPT PACKING pc=0x000002339d5f7fa4 sp=0x000000c28ecfe760
Event: 3.914 Thread 0x000002338b8eee80 DEOPT UNPACKING pc=0x000002339d0246a2 sp=0x000000c28ecfe6d8 mode 2
Event: 4.372 Thread 0x000002338b8eee80 Uncommon trap: trap_request=0xffffffde fr.pc=0x000002339d61ee44 relative=0x0000000000000124
Event: 4.372 Thread 0x000002338b8eee80 Uncommon trap: reason=class_check action=maybe_recompile pc=0x000002339d61ee44 method=jdk.internal.misc.Unsafe.allocateUninitializedArray(Ljava/lang/Class;I)Ljava/lang/Object; @ 51 c2
Event: 4.372 Thread 0x000002338b8eee80 DEOPT PACKING pc=0x000002339d61ee44 sp=0x000000c28ecfa2e0
Event: 4.372 Thread 0x000002338b8eee80 DEOPT UNPACKING pc=0x000002339d0246a2 sp=0x000000c28ecfa258 mode 2
Event: 4.372 Thread 0x000002338b8eee80 Uncommon trap: trap_request=0xffffffde fr.pc=0x000002339d61ee44 relative=0x0000000000000124
Event: 4.372 Thread 0x000002338b8eee80 Uncommon trap: reason=class_check action=maybe_recompile pc=0x000002339d61ee44 method=jdk.internal.misc.Unsafe.allocateUninitializedArray(Ljava/lang/Class;I)Ljava/lang/Object; @ 51 c2
Event: 4.372 Thread 0x000002338b8eee80 DEOPT PACKING pc=0x000002339d61ee44 sp=0x000000c28ecfa2e0
Event: 4.372 Thread 0x000002338b8eee80 DEOPT UNPACKING pc=0x000002339d0246a2 sp=0x000000c28ecfa258 mode 2
Event: 4.372 Thread 0x000002338b8eee80 Uncommon trap: trap_request=0xffffffde fr.pc=0x000002339d61ee44 relative=0x0000000000000124
Event: 4.372 Thread 0x000002338b8eee80 Uncommon trap: reason=class_check action=maybe_recompile pc=0x000002339d61ee44 method=jdk.internal.misc.Unsafe.allocateUninitializedArray(Ljava/lang/Class;I)Ljava/lang/Object; @ 51 c2
Event: 4.372 Thread 0x000002338b8eee80 DEOPT PACKING pc=0x000002339d61ee44 sp=0x000000c28ecf9cd0
Event: 4.372 Thread 0x000002338b8eee80 DEOPT UNPACKING pc=0x000002339d0246a2 sp=0x000000c28ecf9c48 mode 2
Event: 4.373 Thread 0x000002338b8eee80 Uncommon trap: trap_request=0xffffffde fr.pc=0x000002339d61ee44 relative=0x0000000000000124
Event: 4.373 Thread 0x000002338b8eee80 Uncommon trap: reason=class_check action=maybe_recompile pc=0x000002339d61ee44 method=jdk.internal.misc.Unsafe.allocateUninitializedArray(Ljava/lang/Class;I)Ljava/lang/Object; @ 51 c2
Event: 4.373 Thread 0x000002338b8eee80 DEOPT PACKING pc=0x000002339d61ee44 sp=0x000000c28ecf9f70
Event: 4.373 Thread 0x000002338b8eee80 DEOPT UNPACKING pc=0x000002339d0246a2 sp=0x000000c28ecf9ee8 mode 2

Classes loaded (20 events):
Event: 3.862 Loading class java/lang/invoke/MethodHandle$1
Event: 3.862 Loading class java/lang/invoke/MethodHandle$1 done
Event: 3.881 Loading class sun/reflect/generics/tree/BottomSignature
Event: 3.882 Loading class sun/reflect/generics/tree/BottomSignature done
Event: 3.882 Loading class sun/reflect/generics/tree/Wildcard
Event: 3.882 Loading class sun/reflect/generics/tree/Wildcard done
Event: 3.882 Loading class sun/reflect/generics/reflectiveObjects/WildcardTypeImpl
Event: 3.882 Loading class sun/reflect/generics/reflectiveObjects/WildcardTypeImpl done
Event: 3.882 Loading class sun/reflect/annotation/AnnotatedTypeFactory$AnnotatedParameterizedTypeImpl
Event: 3.883 Loading class java/lang/reflect/AnnotatedParameterizedType
Event: 3.883 Loading class java/lang/reflect/AnnotatedParameterizedType done
Event: 3.883 Loading class sun/reflect/annotation/AnnotatedTypeFactory$AnnotatedParameterizedTypeImpl done
Event: 3.967 Loading class java/security/NoSuchAlgorithmException
Event: 3.967 Loading class java/security/GeneralSecurityException
Event: 3.967 Loading class java/security/GeneralSecurityException done
Event: 3.967 Loading class java/security/NoSuchAlgorithmException done
Event: 4.397 Loading class java/util/concurrent/CompletionService
Event: 4.397 Loading class java/util/concurrent/CompletionService done
Event: 4.430 Loading class java/util/EventObject
Event: 4.430 Loading class java/util/EventObject done

Classes unloaded (0 events):
No events

Classes redefined (0 events):
No events

Internal exceptions (20 events):
Event: 0.777 Thread 0x000002338b8eee80 Exception <a 'java/lang/NoSuchMethodError'{0x000000072e8f9fc8}: 'java.lang.Object java.lang.invoke.Invokers$Holder.invokeExact_MT(java.lang.Object, java.lang.Object, java.lang.Object, java.lang.Object, java.lang.Object)'> (0x000000072e8f9fc8) 
thrown [s\src\hotspot\share\interpreter\linkResolver.cpp, line 773]
Event: 0.822 Thread 0x000002338b8eee80 Exception <a 'java/lang/NullPointerException'{0x000000072e94fb68}> (0x000000072e94fb68) 
thrown [s\src\hotspot\share\interpreter\linkResolver.cpp, line 1372]
Event: 0.867 Thread 0x000002338b8eee80 Exception <a 'java/lang/NullPointerException'{0x000000072e9a5020}> (0x000000072e9a5020) 
thrown [s\src\hotspot\share\interpreter\linkResolver.cpp, line 1372]
Event: 0.867 Thread 0x000002338b8eee80 Exception <a 'java/lang/NullPointerException'{0x000000072e9a5300}> (0x000000072e9a5300) 
thrown [s\src\hotspot\share\interpreter\linkResolver.cpp, line 1372]
Event: 0.867 Thread 0x000002338b8eee80 Exception <a 'java/lang/NullPointerException'{0x000000072e9a55e0}> (0x000000072e9a55e0) 
thrown [s\src\hotspot\share\interpreter\linkResolver.cpp, line 1372]
Event: 0.870 Thread 0x000002338b8eee80 Exception <a 'java/lang/NullPointerException'{0x000000072e9aa6a0}> (0x000000072e9aa6a0) 
thrown [s\src\hotspot\share\interpreter\linkResolver.cpp, line 1372]
Event: 0.876 Thread 0x000002338b8eee80 Exception <a 'java/lang/NullPointerException'{0x000000072e9bdb10}> (0x000000072e9bdb10) 
thrown [s\src\hotspot\share\interpreter\linkResolver.cpp, line 1372]
Event: 0.876 Thread 0x000002338b8eee80 Exception <a 'java/lang/NullPointerException'{0x000000072e9bddf0}> (0x000000072e9bddf0) 
thrown [s\src\hotspot\share\interpreter\linkResolver.cpp, line 1372]
Event: 0.876 Thread 0x000002338b8eee80 Exception <a 'java/lang/NullPointerException'{0x000000072e9be0d0}> (0x000000072e9be0d0) 
thrown [s\src\hotspot\share\interpreter\linkResolver.cpp, line 1372]
Event: 0.876 Thread 0x000002338b8eee80 Exception <a 'java/lang/NullPointerException'{0x000000072e9be3b0}> (0x000000072e9be3b0) 
thrown [s\src\hotspot\share\interpreter\linkResolver.cpp, line 1372]
Event: 0.958 Thread 0x000002338b8eee80 Exception <a 'java/lang/NoSuchMethodError'{0x000000072e658308}: 'void java.lang.invoke.DirectMethodHandle$Holder.invokeStatic(java.lang.Object, java.lang.Object, java.lang.Object)'> (0x000000072e658308) 
thrown [s\src\hotspot\share\interpreter\linkResolver.cpp, line 773]
Event: 1.248 Thread 0x000002338b8eee80 Exception <a 'java/lang/NoSuchMethodError'{0x000000072e40d388}: 'java.lang.Object java.lang.invoke.DirectMethodHandle$Holder.invokeSpecialIFC(java.lang.Object, java.lang.Object, java.lang.Object, java.lang.Object)'> (0x000000072e40d388) 
thrown [s\src\hotspot\share\interpreter\linkResolver.cpp, line 773]
Event: 1.863 Thread 0x000002338b8eee80 Exception <a 'java/lang/NoSuchMethodError'{0x000000072e189998}: 'void java.lang.invoke.DirectMethodHandle$Holder.invokeSpecial(java.lang.Object, java.lang.Object, java.lang.Object)'> (0x000000072e189998) 
thrown [s\src\hotspot\share\interpreter\linkResolver.cpp, line 773]
Event: 2.027 Thread 0x000002338b8eee80 Exception <a 'java/lang/NoSuchMethodError'{0x000000072decfff8}: 'java.lang.Object java.lang.invoke.DirectMethodHandle$Holder.invokeInterface(java.lang.Object, java.lang.Object)'> (0x000000072decfff8) 
thrown [s\src\hotspot\share\interpreter\linkResolver.cpp, line 773]
Event: 2.080 Thread 0x000002338b8eee80 Exception <a 'java/lang/NoSuchMethodError'{0x000000072df65f98}: 'int java.lang.invoke.DirectMethodHandle$Holder.invokeStatic(java.lang.Object, java.lang.Object, java.lang.Object, java.lang.Object)'> (0x000000072df65f98) 
thrown [s\src\hotspot\share\interpreter\linkResolver.cpp, line 773]
Event: 2.081 Thread 0x000002338b8eee80 Exception <a 'java/lang/NoSuchMethodError'{0x000000072df69618}: 'java.lang.Object java.lang.invoke.Invokers$Holder.invokeExact_MT(java.lang.Object, java.lang.Object, java.lang.Object, java.lang.Object, java.lang.Object, java.lang.Object)'> (0x000000072df69618) 
thrown [s\src\hotspot\share\interpreter\linkResolver.cpp, line 773]
Event: 2.086 Thread 0x000002338b8eee80 Exception <a 'java/lang/NoSuchMethodError'{0x000000072df77c98}: 'int java.lang.invoke.DirectMethodHandle$Holder.invokeSpecialIFC(java.lang.Object, java.lang.Object, java.lang.Object, java.lang.Object, java.lang.Object)'> (0x000000072df77c98) 
thrown [s\src\hotspot\share\interpreter\linkResolver.cpp, line 773]
Event: 2.327 Thread 0x000002338b8eee80 Exception <a 'java/lang/NoSuchMethodError'{0x000000072dcf7640}: 'java.lang.Object java.lang.invoke.DirectMethodHandle$Holder.newInvokeSpecial(java.lang.Object, java.lang.Object, java.lang.Object, java.lang.Object, java.lang.Object)'> (0x000000072dcf7640) 
thrown [s\src\hotspot\share\interpreter\linkResolver.cpp, line 773]
Event: 2.423 Thread 0x000002338b8eee80 Exception <a 'java/lang/NoSuchMethodError'{0x000000072ddf1710}: 'int java.lang.invoke.DirectMethodHandle$Holder.invokeStaticInit(java.lang.Object, java.lang.Object)'> (0x000000072ddf1710) 
thrown [s\src\hotspot\share\interpreter\linkResolver.cpp, line 773]
Event: 2.446 Thread 0x000002338b8eee80 Exception <a 'java/lang/NoClassDefFoundError'{0x000000072da26740}: javax/enterprise/inject/Typed> (0x000000072da26740) 
thrown [s\src\hotspot\share\classfile\systemDictionary.cpp, line 301]

ZGC Phase Switch (0 events):
No events

VM Operations (16 events):
Event: 0.210 Executing VM operation: HandshakeAllThreads (Deoptimize)
Event: 0.210 Executing VM operation: HandshakeAllThreads (Deoptimize) done
Event: 0.820 Executing VM operation: HandshakeAllThreads (Deoptimize)
Event: 0.820 Executing VM operation: HandshakeAllThreads (Deoptimize) done
Event: 0.841 Executing VM operation: HandshakeAllThreads (Deoptimize)
Event: 0.841 Executing VM operation: HandshakeAllThreads (Deoptimize) done
Event: 1.852 Executing VM operation: Cleanup
Event: 1.853 Executing VM operation: Cleanup done
Event: 2.635 Executing VM operation: G1CollectForAllocation (G1 Evacuation Pause)
Event: 2.712 Executing VM operation: G1CollectForAllocation (G1 Evacuation Pause) done
Event: 3.721 Executing VM operation: Cleanup
Event: 3.721 Executing VM operation: Cleanup done
Event: 4.060 Executing VM operation: HandshakeAllThreads (Deoptimize)
Event: 4.060 Executing VM operation: HandshakeAllThreads (Deoptimize) done
Event: 4.544 Executing VM operation: HandshakeAllThreads (Deoptimize)
Event: 4.544 Executing VM operation: HandshakeAllThreads (Deoptimize) done

Events (15 events):
Event: 0.078 Thread 0x000002338b8eee80 Thread added: 0x000002338b8eee80
Event: 0.143 Thread 0x00000233ac567740 Thread added: 0x00000233ac567740
Event: 0.144 Thread 0x00000233ac568810 Thread added: 0x00000233ac568810
Event: 0.144 Thread 0x00000233ac570580 Thread added: 0x00000233ac570580
Event: 0.145 Thread 0x00000233ac5730f0 Thread added: 0x00000233ac5730f0
Event: 0.145 Thread 0x00000233ac576300 Thread added: 0x00000233ac576300
Event: 0.145 Thread 0x00000233ac576e90 Thread added: 0x00000233ac576e90
Event: 0.145 Thread 0x00000233ac577e80 Thread added: 0x00000233ac577e80
Event: 0.147 Thread 0x00000233ac5a4d00 Thread added: 0x00000233ac5a4d00
Event: 0.184 Thread 0x00000233ac838550 Thread added: 0x00000233ac838550
Event: 0.188 Thread 0x00000233ac841400 Thread added: 0x00000233ac841400
Event: 1.579 Thread 0x00000233f23c1e50 Thread added: 0x00000233f23c1e50
Event: 2.012 Thread 0x00000233f23c1e50 Thread exited: 0x00000233f23c1e50
Event: 2.490 Thread 0x00000233f2284340 Thread added: 0x00000233f2284340
Event: 3.756 Thread 0x00000233f2284340 Thread exited: 0x00000233f2284340


Dynamic libraries:
0x00007ff786d30000 - 0x00007ff786d3e000 	C:\Program Files\Eclipse Adoptium\jdk-21.0.2.13-hotspot\bin\java.exe
0x00007ffb90710000 - 0x00007ffb90927000 	C:\Windows\SYSTEM32\ntdll.dll
0x00007ffb8f5e0000 - 0x00007ffb8f6a4000 	C:\Windows\System32\KERNEL32.DLL
0x00007ffb8dc30000 - 0x00007ffb8dfe7000 	C:\Windows\System32\KERNELBASE.dll
0x00007ffb8e090000 - 0x00007ffb8e1a1000 	C:\Windows\System32\ucrtbase.dll
0x00007ffb88920000 - 0x00007ffb88938000 	C:\Program Files\Eclipse Adoptium\jdk-21.0.2.13-hotspot\bin\jli.dll
0x00007ffb8f0b0000 - 0x00007ffb8f25f000 	C:\Windows\System32\USER32.dll
0x00007ffb8dc00000 - 0x00007ffb8dc26000 	C:\Windows\System32\win32u.dll
0x00007ffb90590000 - 0x00007ffb905b9000 	C:\Windows\System32\GDI32.dll
0x00007ffb8e320000 - 0x00007ffb8e438000 	C:\Windows\System32\gdi32full.dll
0x00007ffb8dff0000 - 0x00007ffb8e08a000 	C:\Windows\System32\msvcp_win.dll
0x00007ffb89200000 - 0x00007ffb8921b000 	C:\Program Files\Eclipse Adoptium\jdk-21.0.2.13-hotspot\bin\VCRUNTIME140.dll
0x00007ffb7b540000 - 0x00007ffb7b7d3000 	C:\Windows\WinSxS\amd64_microsoft.windows.common-controls_6595b64144ccf1df_6.0.22621.3672_none_2713b9d173822955\COMCTL32.dll
0x00007ffb90140000 - 0x00007ffb901e7000 	C:\Windows\System32\msvcrt.dll
0x00007ffb8efe0000 - 0x00007ffb8f011000 	C:\Windows\System32\IMM32.DLL
0x00007ffb88910000 - 0x00007ffb8891c000 	C:\Program Files\Eclipse Adoptium\jdk-21.0.2.13-hotspot\bin\vcruntime140_1.dll
0x00007ffb88880000 - 0x00007ffb8890e000 	C:\Program Files\Eclipse Adoptium\jdk-21.0.2.13-hotspot\bin\msvcp140.dll
0x00007ffafd630000 - 0x00007ffafe3b3000 	C:\Program Files\Eclipse Adoptium\jdk-21.0.2.13-hotspot\bin\server\jvm.dll
0x00007ffb8ea50000 - 0x00007ffb8eb02000 	C:\Windows\System32\ADVAPI32.dll
0x00007ffb8e440000 - 0x00007ffb8e4e8000 	C:\Windows\System32\sechost.dll
0x00007ffb8e1b0000 - 0x00007ffb8e1d8000 	C:\Windows\System32\bcrypt.dll
0x00007ffb8f4a0000 - 0x00007ffb8f5b4000 	C:\Windows\System32\RPCRT4.dll
0x00007ffb8ff30000 - 0x00007ffb8ffa1000 	C:\Windows\System32\WS2_32.dll
0x00007ffb8c890000 - 0x00007ffb8c8dd000 	C:\Windows\SYSTEM32\POWRPROF.dll
0x00007ffb842c0000 - 0x00007ffb842ca000 	C:\Windows\SYSTEM32\VERSION.dll
0x00007ffb88540000 - 0x00007ffb88574000 	C:\Windows\SYSTEM32\WINMM.dll
0x00007ffb8c870000 - 0x00007ffb8c883000 	C:\Windows\SYSTEM32\UMPDC.dll
0x00007ffb8cb20000 - 0x00007ffb8cb38000 	C:\Windows\SYSTEM32\kernel.appcore.dll
0x00007ffb88870000 - 0x00007ffb8887a000 	C:\Program Files\Eclipse Adoptium\jdk-21.0.2.13-hotspot\bin\jimage.dll
0x00007ffb83480000 - 0x00007ffb836b2000 	C:\Windows\SYSTEM32\DBGHELP.DLL
0x00007ffb8e4f0000 - 0x00007ffb8e87e000 	C:\Windows\System32\combase.dll
0x00007ffb904b0000 - 0x00007ffb90587000 	C:\Windows\System32\OLEAUT32.dll
0x00007ffb73f30000 - 0x00007ffb73f62000 	C:\Windows\SYSTEM32\dbgcore.DLL
0x00007ffb8e1e0000 - 0x00007ffb8e25b000 	C:\Windows\System32\bcryptPrimitives.dll
0x00007ffb88850000 - 0x00007ffb8886f000 	C:\Program Files\Eclipse Adoptium\jdk-21.0.2.13-hotspot\bin\java.dll
0x00007ffb8f6c0000 - 0x00007ffb8ff29000 	C:\Windows\System32\SHELL32.dll
0x00007ffb8b950000 - 0x00007ffb8c24f000 	C:\Windows\SYSTEM32\windows.storage.dll
0x00007ffb8b810000 - 0x00007ffb8b94f000 	C:\Windows\SYSTEM32\wintypes.dll
0x00007ffb8e8f0000 - 0x00007ffb8e9e9000 	C:\Windows\System32\SHCORE.dll
0x00007ffb8e890000 - 0x00007ffb8e8ee000 	C:\Windows\System32\shlwapi.dll
0x00007ffb8d950000 - 0x00007ffb8d977000 	C:\Windows\SYSTEM32\profapi.dll
0x00007ffb2c5d0000 - 0x00007ffb2c6a7000 	C:\Program Files\Eclipse Adoptium\jdk-21.0.2.13-hotspot\bin\jsvml.dll
0x00007ffb7ba10000 - 0x00007ffb7ba20000 	C:\Program Files\Eclipse Adoptium\jdk-21.0.2.13-hotspot\bin\net.dll
0x00007ffb88ce0000 - 0x00007ffb88e16000 	C:\Windows\SYSTEM32\WINHTTP.dll
0x00007ffb8cf90000 - 0x00007ffb8cff9000 	C:\Windows\system32\mswsock.dll
0x00007ffb76b20000 - 0x00007ffb76b36000 	C:\Program Files\Eclipse Adoptium\jdk-21.0.2.13-hotspot\bin\nio.dll
0x00007ffb72e10000 - 0x00007ffb72e28000 	C:\Program Files\Eclipse Adoptium\jdk-21.0.2.13-hotspot\bin\zip.dll
0x0000000069ac0000 - 0x0000000069ae4000 	C:\Users\Cirilo\.m2\wrapper\dists\apache-maven-3.9.6\834f1afe40575b70b4b2527f4b12df8e\lib\jansi-native\Windows\x86_64\jansi.dll
0x00007ffb88830000 - 0x00007ffb88840000 	C:\Program Files\Eclipse Adoptium\jdk-21.0.2.13-hotspot\bin\verify.dll

dbghelp: loaded successfully - version: 4.0.5 - missing functions: none
symbol engine: initialized successfully - sym options: 0x614 - pdb path: .;C:\Program Files\Eclipse Adoptium\jdk-21.0.2.13-hotspot\bin;C:\Windows\SYSTEM32;C:\Windows\WinSxS\amd64_microsoft.windows.common-controls_6595b64144ccf1df_6.0.22621.3672_none_2713b9d173822955;C:\Program Files\Eclipse Adoptium\jdk-21.0.2.13-hotspot\bin\server;C:\Users\Cirilo\.m2\wrapper\dists\apache-maven-3.9.6\834f1afe40575b70b4b2527f4b12df8e\lib\jansi-native\Windows\x86_64

VM Arguments:
jvm_args: -Dclassworlds.conf=C:\Users\Cirilo\.m2\wrapper\dists\apache-maven-3.9.6\834f1afe40575b70b4b2527f4b12df8e\bin\m2.conf -Dmaven.home=C:\Users\Cirilo\.m2\wrapper\dists\apache-maven-3.9.6\834f1afe40575b70b4b2527f4b12df8e -Dlibrary.jansi.path=C:\Users\Cirilo\.m2\wrapper\dists\apache-maven-3.9.6\834f1afe40575b70b4b2527f4b12df8e\lib\jansi-native -Dmaven.multiModuleProjectDirectory=C:\Users\Cirilo\Documents\testes-automatizados 
java_command: org.codehaus.plexus.classworlds.launcher.Launcher clean
java_class_path (initial): C:\Users\Cirilo\.m2\wrapper\dists\apache-maven-3.9.6\834f1afe40575b70b4b2527f4b12df8e\boot\plexus-classworlds-2.7.0.jar
Launcher Type: SUN_STANDARD

[Global flags]
     intx CICompilerCount                          = 4                                         {product} {ergonomic}
     uint ConcGCThreads                            = 2                                         {product} {ergonomic}
     uint G1ConcRefinementThreads                  = 8                                         {product} {ergonomic}
   size_t G1HeapRegionSize                         = 2097152                                   {product} {ergonomic}
    uintx GCDrainStackTargetSize                   = 64                                        {product} {ergonomic}
   size_t InitialHeapSize                          = 234881024                                 {product} {ergonomic}
   size_t MarkStackSize                            = 4194304                                   {product} {ergonomic}
   size_t MaxHeapSize                              = 3743416320                                {product} {ergonomic}
   size_t MaxNewSize                               = 2246049792                                {product} {ergonomic}
   size_t MinHeapDeltaBytes                        = 2097152                                   {product} {ergonomic}
   size_t MinHeapSize                              = 8388608                                   {product} {ergonomic}
    uintx NonNMethodCodeHeapSize                   = 5839372                                {pd product} {ergonomic}
    uintx NonProfiledCodeHeapSize                  = 122909434                              {pd product} {ergonomic}
    uintx ProfiledCodeHeapSize                     = 122909434                              {pd product} {ergonomic}
    uintx ReservedCodeCacheSize                    = 251658240                              {pd product} {ergonomic}
     bool SegmentedCodeCache                       = true                                      {product} {ergonomic}
   size_t SoftMaxHeapSize                          = 3743416320                             {manageable} {ergonomic}
     bool UseCompressedOops                        = true                           {product lp64_product} {ergonomic}
     bool UseG1GC                                  = true                                      {product} {ergonomic}
     bool UseLargePagesIndividualAllocation        = false                                  {pd product} {ergonomic}

Logging:
Log output configuration:
 #0: stdout all=warning uptime,level,tags foldmultilines=false
 #1: stderr all=off uptime,level,tags foldmultilines=false

Environment Variables:
JAVA_HOME=C:\Program Files\Eclipse Adoptium\jdk-21.0.2.13-hotspot\
PATH=C:\Program Files\Eclipse Adoptium\jdk-21.0.2.13-hotspot\bin;C:\Windows\system32;C:\Windows;C:\Windows\System32\Wbem;C:\Windows\System32\WindowsPowerShell\v1.0\;C:\Windows\System32\OpenSSH\;C:\Program Files\Git\cmd;C:\Program Files\Docker\Docker\resources\bin;C:\Program Files\nodejs\;C:\Program Files\NVIDIA Corporation\NVIDIA NvDLISR;C:\Users\Cirilo\Downloads\apache-maven-3.9.6\bin;C:\Program Files\dotnet\;C:\Program Files\Microsoft SQL Server\150\Tools\Binn\;C:\Program Files\Microsoft SQL Server\Client SDK\ODBC\170\Tools\Binn\;C:\Program Files\GitHub CLI\;C:\Program Files (x86)\NVIDIA Corporation\PhysX\Common;C:\ProgramData\chocolatey\bin;C:\Program Files\PuTTY\;C:\Users\Cirilo\AppData\Local\Microsoft\WindowsApps;C:\Users\Cirilo\AppData\Local\GitHubDesktop\bin;C:\Users\Cirilo\AppData\Local\Programs\Microsoft VS Code\bin;C:\Users\Cirilo\AppData\Roaming\npm;C:\Users\Cirilo\.dotnet\tools
USERNAME=Cirilo
OS=Windows_NT
PROCESSOR_IDENTIFIER=AMD64 Family 23 Model 24 Stepping 1, AuthenticAMD
TMP=C:\Users\Cirilo\AppData\Local\Temp
TEMP=C:\Users\Cirilo\AppData\Local\Temp




Periodic native trim disabled

---------------  S Y S T E M  ---------------

OS:
 Windows 11 , 64 bit Build 22621 (10.0.22621.3958)
OS uptime: 16 days 13:46 hours
Hyper-V role detected

CPU: total 8 (initial active 8) (8 cores per cpu, 2 threads per core) family 23 model 24 stepping 1 microcode 0x0, cx8, cmov, fxsr, ht, mmx, 3dnowpref, sse, sse2, sse3, ssse3, sse4a, sse4.1, sse4.2, popcnt, lzcnt, tsc, tscinvbit, avx, avx2, aes, clmul, bmi1, bmi2, adx, sha, fma, vzeroupper, clflush, clflushopt, hv, rdtscp, f16c
Processor Information for all 8 processors :
  Max Mhz: 2100, Current Mhz: 2100, Mhz Limit: 2100

Memory: 4k page, system-wide physical 14274M (436M free)
TotalPageFile size 57282M (AvailPageFile size 18M)
current process WorkingSet (physical memory assigned to process): 94M, peak: 94M
current process commit charge ("private bytes"): 332M, peak: 333M

vm_info: OpenJDK 64-Bit Server VM (21.0.2+13-LTS) for windows-amd64 JRE (21.0.2+13-LTS), built on 2024-01-16T00:00:00Z by "admin" with unknown MS VC++:1937

END.
