#
# There is insufficient memory for the Java Runtime Environment to continue.
# Native memory allocation (malloc) failed to allocate 32744 bytes for Chunk::new
# Possible reasons:
#   The system is out of physical RAM or swap space
#   The process is running with CompressedOops enabled, and the Java Heap may be blocking the growth of the native heap
# Possible solutions:
#   Reduce memory load on the system
#   Increase physical memory or swap space
#   Check if swap backing store is full
#   Decrease Java heap size (-Xmx/-Xms)
#   Decrease number of Java threads
#   Decrease Java thread stack sizes (-Xss)
#   Set larger code cache with -XX:ReservedCodeCacheSize=
#   JVM is running with Zero Based Compressed Oops mode in which the Java heap is
#     placed in the first 32GB address space. The Java Heap base address is the
#     maximum limit for the native heap growth. Please use -XX:HeapBaseMinAddress
#     to set the Java Heap base and to place the Java Heap above 32GB virtual address.
# This output file may be truncated or incomplete.
#
#  Out of Memory Error (arena.cpp:168), pid=13208, tid=8532
#
# JRE version: OpenJDK Runtime Environment Temurin-21.0.2+13 (21.0.2+13) (build 21.0.2+13-LTS)
# Java VM: OpenJDK 64-Bit Server VM Temurin-21.0.2+13 (21.0.2+13-LTS, mixed mode, sharing, tiered, compressed oops, compressed class ptrs, g1 gc, windows-amd64)
# No core dump will be written. Minidumps are not enabled by default on client versions of Windows
#

---------------  S U M M A R Y ------------

Command Line: C:\Users\Cirilo\AppData\Local\Temp\surefire9174975480442374691\surefirebooter14612793901295095378.jar C:\Users\Cirilo\AppData\Local\Temp\surefire9174975480442374691 2024-10-31T03-17-01_771-jvmRun1 surefire16509713026350970777tmp surefire_013542663260194789557tmp

Host: AMD Ryzen 5 3550H with Radeon Vega Mobile Gfx  , 8 cores, 13G,  Windows 11 , 64 bit Build 22621 (10.0.22621.3958)
Time: Thu Oct 31 03:17:12 2024 Hora oficial do Brasil elapsed time: 9.184716 seconds (0d 0h 0m 9s)

---------------  T H R E A D  ---------------

Current thread (0x0000022e8df3e390):  JavaThread "main"             [_thread_in_vm, id=8532, stack(0x0000006333f00000,0x0000006334000000) (1024K)]

Stack: [0x0000006333f00000,0x0000006334000000]
Native frames: (J=compiled Java code, j=interpreted, Vv=VM code, C=native code)
V  [jvm.dll+0x6c94f9]
V  [jvm.dll+0x8a3c21]
V  [jvm.dll+0x8a614e]
V  [jvm.dll+0x8a6823]
V  [jvm.dll+0x27fa86]
V  [jvm.dll+0xc4a2d]
V  [jvm.dll+0xc4f63]
V  [jvm.dll+0x471360]
C  0x0000022ea03ab1a6

The last pc belongs to native nmethod (printed below).
Java frames: (J=compiled Java code, j=interpreted, Vv=VM code)
J 184  java.lang.Object.clone()Ljava/lang/Object; java.base@21.0.2 (0 bytes) @ 0x0000022ea03ab113 [0x0000022ea03ab0c0+0x0000000000000053]
J 554 c1 java.lang.invoke.MethodTypeForm.canonicalizeAll([Ljava/lang/Class;I)[Ljava/lang/Class; java.base@21.0.2 (63 bytes) @ 0x0000022e989b88cc [0x0000022e989b8680+0x000000000000024c]
J 559 c1 java.lang.invoke.MethodTypeForm.canonicalize(Ljava/lang/invoke/MethodType;I)Ljava/lang/invoke/MethodType; java.base@21.0.2 (59 bytes) @ 0x0000022e989b9e94 [0x0000022e989b9e00+0x0000000000000094]
J 382 c1 java.lang.invoke.MethodType.makeImpl(Ljava/lang/Class;[Ljava/lang/Class;Z)Ljava/lang/invoke/MethodType; java.base@21.0.2 (109 bytes) @ 0x0000022e989627bc [0x0000022e98962040+0x000000000000077c]
J 394 c1 java.lang.invoke.MethodType.methodType(Ljava/lang/Class;[Ljava/lang/Class;Z)Ljava/lang/invoke/MethodType; java.base@21.0.2 (69 bytes) @ 0x0000022e98967554 [0x0000022e989672a0+0x00000000000002b4]
J 926 c1 java.lang.invoke.MethodHandleNatives.findMethodHandleType(Ljava/lang/Class;[Ljava/lang/Class;)Ljava/lang/invoke/MethodType; java.base@21.0.2 (7 bytes) @ 0x0000022e98a882a4 [0x0000022e98a88240+0x0000000000000064]
v  ~StubRoutines::call_stub 0x0000022e9fe0100d
j  io.cucumber.core.runner.CachingGlue.prepareGlue(Lio/cucumber/core/stepexpression/StepTypeRegistry;)V+302
j  io.cucumber.core.runner.Runner.runPickle(Lio/cucumber/core/gherkin/Pickle;)V+24
j  io.cucumber.junit.PickleRunners$NoStepDescriptions.lambda$run$0(Lorg/junit/runner/notification/RunNotifier;Lio/cucumber/core/runner/Runner;)V+27
j  io.cucumber.junit.PickleRunners$NoStepDescriptions$$Lambda+0x0000022eb016f270.accept(Ljava/lang/Object;)V+12
j  io.cucumber.core.runtime.CucumberExecutionContext.lambda$runTestCase$5(Ljava/util/function/Consumer;Lio/cucumber/core/runner/Runner;)V+2
j  io.cucumber.core.runtime.CucumberExecutionContext$$Lambda+0x0000022eb016f4a0.run()V+8
j  io.cucumber.core.runtime.RethrowingThrowableCollector.executeAndThrow(Ljava/lang/Runnable;)V+1
j  io.cucumber.core.runtime.CucumberExecutionContext.runTestCase(Ljava/util/function/Consumer;)V+16
j  io.cucumber.junit.PickleRunners$NoStepDescriptions.run(Lorg/junit/runner/notification/RunNotifier;)V+11
j  io.cucumber.junit.FeatureRunner.runChild(Lio/cucumber/junit/PickleRunners$PickleRunner;Lorg/junit/runner/notification/RunNotifier;)V+11
j  io.cucumber.junit.FeatureRunner.runChild(Ljava/lang/Object;Lorg/junit/runner/notification/RunNotifier;)V+6
j  org.junit.runners.ParentRunner$4.run()V+12
j  org.junit.runners.ParentRunner$1.schedule(Ljava/lang/Runnable;)V+1
j  org.junit.runners.ParentRunner.runChildren(Lorg/junit/runner/notification/RunNotifier;)V+44
j  org.junit.runners.ParentRunner.access$100(Lorg/junit/runners/ParentRunner;Lorg/junit/runner/notification/RunNotifier;)V+2
j  org.junit.runners.ParentRunner$2.evaluate()V+8
j  org.junit.runners.ParentRunner$3.evaluate()V+4
j  org.junit.runners.ParentRunner.run(Lorg/junit/runner/notification/RunNotifier;)V+24
j  io.cucumber.junit.FeatureRunner.run(Lorg/junit/runner/notification/RunNotifier;)V+13
j  io.cucumber.junit.Cucumber.runChild(Lorg/junit/runners/ParentRunner;Lorg/junit/runner/notification/RunNotifier;)V+2
j  io.cucumber.junit.Cucumber.runChild(Ljava/lang/Object;Lorg/junit/runner/notification/RunNotifier;)V+6
j  org.junit.runners.ParentRunner$4.run()V+12
j  org.junit.runners.ParentRunner$1.schedule(Ljava/lang/Runnable;)V+1
j  org.junit.runners.ParentRunner.runChildren(Lorg/junit/runner/notification/RunNotifier;)V+44
j  org.junit.runners.ParentRunner.access$100(Lorg/junit/runners/ParentRunner;Lorg/junit/runner/notification/RunNotifier;)V+2
j  org.junit.runners.ParentRunner$2.evaluate()V+8
j  io.cucumber.junit.Cucumber$StartAndFinishTestRun$$Lambda+0x0000022eb013f5a0.run()V+4
j  io.cucumber.core.runtime.CucumberExecutionContext.lambda$runFeatures$6(Lio/cucumber/core/runtime/CucumberExecutionContext$ThrowingRunnable;)V+5
j  io.cucumber.core.runtime.CucumberExecutionContext$$Lambda+0x0000022eb0158c88.run()V+8
j  io.cucumber.core.runtime.CucumberExecutionContext.execute(Lio/cucumber/core/runtime/CucumberExecutionContext$ThrowingRunnable;)V+1
j  io.cucumber.core.runtime.CucumberExecutionContext.runFeatures(Lio/cucumber/core/runtime/CucumberExecutionContext$ThrowingRunnable;)V+12
j  io.cucumber.junit.Cucumber$StartAndFinishTestRun.evaluate()V+68
j  org.junit.runners.ParentRunner$3.evaluate()V+4
j  org.junit.runners.ParentRunner.run(Lorg/junit/runner/notification/RunNotifier;)V+24
j  org.apache.maven.surefire.junit4.JUnit4Provider.execute(Ljava/lang/Class;Lorg/apache/maven/surefire/common/junit4/Notifier;Lorg/junit/runner/manipulation/Filter;)V+58
j  org.apache.maven.surefire.junit4.JUnit4Provider.executeWithRerun(Ljava/lang/Class;Lorg/apache/maven/surefire/common/junit4/Notifier;)V+60
j  org.apache.maven.surefire.junit4.JUnit4Provider.executeTestSet(Ljava/lang/Class;Lorg/apache/maven/surefire/api/report/RunListener;Lorg/apache/maven/surefire/common/junit4/Notifier;)V+30
j  org.apache.maven.surefire.junit4.JUnit4Provider.invoke(Ljava/lang/Object;)Lorg/apache/maven/surefire/api/suite/RunResult;+206
j  org.apache.maven.surefire.booter.ForkedBooter.runSuitesInProcess()V+12
j  org.apache.maven.surefire.booter.ForkedBooter.execute()V+1
j  org.apache.maven.surefire.booter.ForkedBooter.run(Lorg/apache/maven/surefire/booter/ForkedBooter;[Ljava/lang/String;)V+27
j  org.apache.maven.surefire.booter.ForkedBooter.main([Ljava/lang/String;)V+10
v  ~StubRoutines::call_stub 0x0000022e9fe0100d

Compiled method (n/a)    9216  184     n 0       java.lang.Object::clone (native)
 total in heap  [0x0000022ea03aaf10,0x0000022ea03ab4f0] = 1504
 relocation     [0x0000022ea03ab070,0x0000022ea03ab0a8] = 56
 main code      [0x0000022ea03ab0c0,0x0000022ea03ab4e9] = 1065
 stub code      [0x0000022ea03ab4e9,0x0000022ea03ab4f0] = 7

[Constant Pool (empty)]

[MachCode]
[Entry Point]
  # {method} {0x0000022eaf0011f8} 'clone' '()Ljava/lang/Object;' in 'java/lang/Object'
  #           [sp+0x70]  (sp of caller)
  0x0000022ea03ab0c0: 448b 5208 | 49bb 0000 | 00af 2e02 | 0000 4d03 | d349 3bc2 | 0f84 0600 

  0x0000022ea03ab0d8: ;   {runtime_call ic_miss_stub}
  0x0000022ea03ab0d8: 0000 e9a1 | 36aa ff90 
[Verified Entry Point]
  0x0000022ea03ab0e0: 8984 2400 | 80ff ff55 | 488b ec48 | 83ec 6090 | 4181 7f20 | 0100 0000 

  0x0000022ea03ab0f8: ;   {runtime_call StubRoutines (final stubs)}
  0x0000022ea03ab0f8: 7405 e861 | 9ca8 ff48 | 8954 2420 | 4883 fa00 | 488d 5424 | 2048 0f44 | 5424 20c5 

  0x0000022ea03ab114: ;   {internal_word}
  0x0000022ea03ab114: f877 49ba | 13b1 3aa0 | 2e02 0000 | 4d89 97a0 | 0300 0049 | 89a7 9803 

  0x0000022ea03ab12c: ;   {external_word}
  0x0000022ea03ab12c: 0000 49ba | deaa 2bfe | fa7f 0000 | 4180 3a00 | 0f84 4600 

  0x0000022ea03ab140: ;   {metadata({method} {0x0000022eaf0011f8} 'clone' '()Ljava/lang/Object;' in 'java/lang/Object')}
  0x0000022ea03ab140: 0000 5248 | baf0 1100 | af2e 0200 | 0049 8bcf | 4883 ec20 | 40f6 c40f | 0f84 1900 | 0000 4883 
  0x0000022ea03ab160: ;   {runtime_call}
  0x0000022ea03ab160: ec08 48b8 | 90f4 d5fd | fa7f 0000 | ffd0 4883 | c408 e90c 

  0x0000022ea03ab174: ;   {runtime_call}
  0x0000022ea03ab174: 0000 0048 | b890 f4d5 | fdfa 7f00 | 00ff d048 | 83c4 205a | 498d 8fb8 | 0300 0041 | c787 4c04 
  0x0000022ea03ab194: 0000 0400 

  0x0000022ea03ab198: ;   {runtime_call}
  0x0000022ea03ab198: 0000 48b8 | 1011 aafd | fa7f 0000 | ffd0 c5f8 | 7741 c787 | 4c04 0000 | 0500 0000 | f083 4424 
  0x0000022ea03ab1b8: c000 493b | af50 0400 | 000f 870e | 0000 0041 | 83bf 4804 | 0000 000f | 842b 0000 | 00c5 f877 
  0x0000022ea03ab1d8: 4889 45f8 | 498b cf4c | 8be4 4883 | ec20 4883 

  0x0000022ea03ab1e8: ;   {runtime_call}
  0x0000022ea03ab1e8: e4f0 48b8 | 709d a1fd | fa7f 0000 | ffd0 498b | e44d 33e4 | 488b 45f8 | 41c7 874c | 0400 0008 
  0x0000022ea03ab208: 0000 0041 | 83bf c804 | 0000 020f | 84a3 0200 

  0x0000022ea03ab218: ;   {external_word}
  0x0000022ea03ab218: 0049 bade | aa2b fefa | 7f00 0041 | 803a 000f | 844c 0000 | 0048 8945 

  0x0000022ea03ab230: ;   {metadata({method} {0x0000022eaf0011f8} 'clone' '()Ljava/lang/Object;' in 'java/lang/Object')}
  0x0000022ea03ab230: f848 baf0 | 1100 af2e | 0200 0049 | 8bcf 4883 | ec20 40f6 | c40f 0f84 | 1900 0000 | 4883 ec08 
  0x0000022ea03ab250: ;   {runtime_call}
  0x0000022ea03ab250: 48b8 90f4 | d5fd fa7f | 0000 ffd0 | 4883 c408 | e90c 0000 

  0x0000022ea03ab264: ;   {runtime_call}
  0x0000022ea03ab264: 0048 b890 | f4d5 fdfa | 7f00 00ff | d048 83c4 | 2048 8b45 | f849 c787 | 9803 0000 | 0000 0000 
  0x0000022ea03ab284: 49c7 87a0 | 0300 0000 | 0000 00c5 | f877 4885 | c00f 84fe | 0100 00a8 | 030f 8508 | 0000 0048 
  0x0000022ea03ab2a4: 8b00 e9ee | 0100 00a8 | 010f 8509 | 0000 0048 | 8b40 fee9 | dd01 0000 | 488b 40ff | 4180 7f40 
  0x0000022ea03ab2c4: 000f 84ce | 0100 0048 | 83f8 000f | 84c4 0100 | 0049 8b4f | 2848 83f9 | 000f 8414 | 0000 0048 
  0x0000022ea03ab2e4: 83e9 0849 | 894f 2849 | 034f 3848 | 8901 e9a2 | 0100 0048 | 81ec d000 | 0000 4889 | 0424 4889 
  0x0000022ea03ab304: 4c24 0848 | 8954 2410 | 4889 7424 | 1848 897c | 2420 4c89 | 4424 284c | 894c 2430 | 4c89 5424 
  0x0000022ea03ab324: 384c 895c | 2440 c5fb | 1144 2450 | c5fb 114c | 2458 c5fb | 1154 2460 | c5fb 115c | 2468 c5fb 
  0x0000022ea03ab344: 1164 2470 | c5fb 116c | 2478 c5fb | 11b4 2480 | 0000 00c5 | fb11 bc24 | 8800 0000 | c57b 1184 
  0x0000022ea03ab364: ;   {no_reloc}
  0x0000022ea03ab364: 2490 0000 | 00c5 7b11 | 8c24 9800 | 0000 c57b | 1194 24a0 | 0000 00c5 | 7b11 9c24 | a800 0000 
  0x0000022ea03ab384: c57b 11a4 | 24b0 0000 | 00c5 7b11 | ac24 b800 | 0000 c57b | 11b4 24c0 | 0000 00c5 | 7b11 bc24 
  0x0000022ea03ab3a4: c800 0000 | 498b d748 | 8bc8 4883 | ec20 40f6 | c40f 0f84 | 1900 0000 | 4883 ec08 

  0x0000022ea03ab3c0: ;   {runtime_call}
  0x0000022ea03ab3c0: 48b8 300c | 95fd fa7f | 0000 ffd0 | 4883 c408 | e90c 0000 

  0x0000022ea03ab3d4: ;   {runtime_call}
  0x0000022ea03ab3d4: 0048 b830 | 0c95 fdfa | 7f00 00ff | d048 83c4 | 20c5 7b10 | bc24 c800 | 0000 c57b | 10b4 24c0 
  0x0000022ea03ab3f4: 0000 00c5 | 7b10 ac24 | b800 0000 | c57b 10a4 | 24b0 0000 | 00c5 7b10 | 9c24 a800 | 0000 c57b 
  0x0000022ea03ab414: 1094 24a0 | 0000 00c5 | 7b10 8c24 | 9800 0000 | c57b 1084 | 2490 0000 | 00c5 fb10 | bc24 8800 
  0x0000022ea03ab434: 0000 c5fb | 10b4 2480 | 0000 00c5 | fb10 6c24 | 78c5 fb10 | 6424 70c5 | fb10 5c24 | 68c5 fb10 
  0x0000022ea03ab454: 5424 60c5 | fb10 4c24 | 58c5 fb10 | 4424 504c | 8b5c 2440 | 4c8b 5424 | 384c 8b4c | 2430 4c8b 
  0x0000022ea03ab474: 4424 2848 | 8b7c 2420 | 488b 7424 | 1848 8b54 | 2410 488b | 4c24 0848 | 8b04 2448 | 81c4 d000 
  0x0000022ea03ab494: 0000 c5f8 | 7749 8b8f | 2804 0000 | c781 0001 | 0000 0000 | 0000 c949 | 837f 0800 | 0f85 0100 
  0x0000022ea03ab4b4: ;   {runtime_call StubRoutines (initial stubs)}
  0x0000022ea03ab4b4: 0000 c3e9 | 445a a5ff | c5f8 7748 | 8945 f84c | 8be4 4883 | ec20 4883 

  0x0000022ea03ab4cc: ;   {runtime_call}
  0x0000022ea03ab4cc: e4f0 48b8 | 702c d6fd | fa7f 0000 | ffd0 498b | e44d 33e4 | 488b 45f8 | e930 fdff | fff4 f4f4 
  0x0000022ea03ab4ec: f4f4 f4f4 
[/MachCode]


Compiled method (c1)    9248  554       3       java.lang.invoke.MethodTypeForm::canonicalizeAll (63 bytes)
 total in heap  [0x0000022e989b8490,0x0000022e989b8e68] = 2520
 relocation     [0x0000022e989b85f0,0x0000022e989b8678] = 136
 main code      [0x0000022e989b8680,0x0000022e989b8c78] = 1528
 stub code      [0x0000022e989b8c78,0x0000022e989b8cd0] = 88
 metadata       [0x0000022e989b8cd0,0x0000022e989b8cd8] = 8
 scopes data    [0x0000022e989b8cd8,0x0000022e989b8d58] = 128
 scopes pcs     [0x0000022e989b8d58,0x0000022e989b8e38] = 224
 dependencies   [0x0000022e989b8e38,0x0000022e989b8e40] = 8
 nul chk table  [0x0000022e989b8e40,0x0000022e989b8e68] = 40

[Constant Pool (empty)]

[MachCode]
[Verified Entry Point]
  # {method} {0x0000022eaf3fe930} 'canonicalizeAll' '([Ljava/lang/Class;I)[Ljava/lang/Class;' in 'java/lang/invoke/MethodTypeForm'
  # parm0:    rdx:rdx   = '[Ljava/lang/Class;'
  # parm1:    r8        = int
  #           [sp+0x60]  (sp of caller)
  0x0000022e989b8680: 8984 2400 | 80ff ff55 | 4883 ec50 | 4181 7f20 | 0100 0000 

  0x0000022e989b8694: ;   {runtime_call StubRoutines (final stubs)}
  0x0000022e989b8694: 7405 e8c5 | c647 0748 | 8954 2428 | 4489 4424 

  0x0000022e989b86a4: ;   {metadata(method data for {method} {0x0000022eaf3fe930} 'canonicalizeAll' '([Ljava/lang/Class;I)[Ljava/lang/Class;' in 'java/lang/invoke/MethodTypeForm')}
  0x0000022e989b86a4: 3448 bed8 | a212 f02e | 0200 008b | becc 0000 | 0083 c702 | 89be cc00 | 0000 81e7 | fe07 0000 
  0x0000022e989b86c4: 85ff 0f84 | c104 0000 

  0x0000022e989b86cc: ; implicit exception: dispatches to 0x0000022e989b8bae
  0x0000022e989b86cc: 8b72 0c89 | 7424 38bf | 0000 0000 

  0x0000022e989b86d8: ;   {oop(nullptr)}
  0x0000022e989b86d8: 48bb 0000 | 0000 0000 | 0000 4889 | 5c24 2090 

  0x0000022e989b86e8: ;   {metadata(method data for {method} {0x0000022eaf3fe930} 'canonicalizeAll' '([Ljava/lang/Class;I)[Ljava/lang/Class;' in 'java/lang/invoke/MethodTypeForm')}
  0x0000022e989b86e8: 3bfe 48b8 | d8a2 12f0 | 2e02 0000 | 48b9 1001 | 0000 0000 | 0000 7d0a | 48b9 2001 | 0000 0000 
  0x0000022e989b8708: 0000 4c8b | 0c08 4d8d | 4901 4c89 | 0c08 0f8d | 5604 0000 | 4863 c78b | 4482 1048 

  0x0000022e989b8724: ;   {metadata(method data for {method} {0x0000022eaf3fe930} 'canonicalizeAll' '([Ljava/lang/Class;I)[Ljava/lang/Class;' in 'java/lang/invoke/MethodTypeForm')}
  0x0000022e989b8724: c1e0 0348 | b9d8 a212 | f02e 0200 | 0048 8381 | 3001 0000 | 0148 8bd0 | 498b c04c | 8bc0 897c 
  0x0000022e989b8744: ;   {static_call}
  0x0000022e989b8744: 2430 90e8 

  0x0000022e989b8748: ; ImmutableOopMap {[32]=Oop [40]=Oop }
                      ;*invokestatic canonicalize {reexecute=0 rethrow=0 return_oop=0}
                      ; - java.lang.invoke.MethodTypeForm::canonicalizeAll@19 (line 284)
  0x0000022e989b8748: f4de f5ff 

  0x0000022e989b874c: ;   {other}
  0x0000022e989b874c: 0f1f 8400 | bc02 0000 

  0x0000022e989b8754: ;   {metadata(method data for {method} {0x0000022eaf3fe930} 'canonicalizeAll' '([Ljava/lang/Class;I)[Ljava/lang/Class;' in 'java/lang/invoke/MethodTypeForm')}
  0x0000022e989b8754: 4885 c048 | bad8 a212 | f02e 0200 | 0048 be50 | 0100 0000 | 0000 0075 | 0a48 be40 | 0100 0000 
  0x0000022e989b8774: 0000 0048 | 8b3c 3248 | 8d7f 0148 | 893c 320f | 850e 0000 | 0048 8b5c | 2420 8b7c | 2430 e980 
  0x0000022e989b8794: ;   {oop(a 'java/lang/Class'{0x000000072d619e70} = void)}
  0x0000022e989b8794: 0300 0049 | ba70 9e61 | 2d07 0000 | 0049 3bc2 

  0x0000022e989b87a4: ;   {metadata(method data for {method} {0x0000022eaf3fe930} 'canonicalizeAll' '([Ljava/lang/Class;I)[Ljava/lang/Class;' in 'java/lang/invoke/MethodTypeForm')}
  0x0000022e989b87a4: 48ba d8a2 | 12f0 2e02 | 0000 48be | 7001 0000 | 0000 0000 | 750a 48be | 6001 0000 | 0000 0000 
  0x0000022e989b87c4: 488b 3c32 | 488d 7f01 | 4889 3c32 | 488b 5c24 | 200f 8509 | 0000 008b | 7c24 30e9 | 3303 0000 
  0x0000022e989b87e4: ;   {metadata(method data for {method} {0x0000022eaf3fe930} 'canonicalizeAll' '([Ljava/lang/Class;I)[Ljava/lang/Class;' in 'java/lang/invoke/MethodTypeForm')}
  0x0000022e989b87e4: 4885 db48 | bad8 a212 | f02e 0200 | 0048 be80 | 0100 0000 | 0000 0075 | 0a48 be90 | 0100 0000 
  0x0000022e989b8804: 0000 0048 | 8b3c 3248 | 8d7f 0148 | 893c 320f | 85ab 0100 | 0048 8944 | 2440 488b 

  0x0000022e989b8820: ;   {metadata(method data for {method} {0x0000022eaf3fe930} 'canonicalizeAll' '([Ljava/lang/Class;I)[Ljava/lang/Class;' in 'java/lang/invoke/MethodTypeForm')}
  0x0000022e989b8820: 5424 2848 | bed8 a212 | f02e 0200 | 008b 5208 | 49ba 0000 | 00af 2e02 | 0000 4903 | d248 3b96 
  0x0000022e989b8840: b001 0000 | 750d 4883 | 86b8 0100 | 0001 e960 | 0000 0048 | 3b96 c001 | 0000 750d | 4883 86c8 
  0x0000022e989b8860: 0100 0001 | e94a 0000 | 0048 83be | b001 0000 | 0075 1748 | 8996 b001 | 0000 48c7 | 86b8 0100 
  0x0000022e989b8880: 0001 0000 | 00e9 2900 | 0000 4883 | bec0 0100 | 0000 7517 | 4889 96c0 | 0100 0048 | c786 c801 
  0x0000022e989b88a0: 0000 0100 | 0000 e908 | 0000 0048 | 8386 a001 | 0000 0148 | 8b54 2428 | 0f1f 4400 | 0048 b8c0 
  0x0000022e989b88c0: 6f00 af2e 

  0x0000022e989b88c4: ;   {virtual_call}
  0x0000022e989b88c4: 0200 00e8 

  0x0000022e989b88c8: ; ImmutableOopMap {[40]=Oop [64]=Oop }
                      ;*invokevirtual clone {reexecute=0 rethrow=0 return_oop=0}
                      ; - java.lang.invoke.MethodTypeForm::canonicalizeAll@42 (line 288)
  0x0000022e989b88c8: f427 9f07 

  0x0000022e989b88cc: ;   {other}
  0x0000022e989b88cc: 0f1f 8400 | 3c04 0001 | 4885 c075 

  0x0000022e989b88d8: ;   {metadata(method data for {method} {0x0000022eaf3fe930} 'canonicalizeAll' '([Ljava/lang/Class;I)[Ljava/lang/Class;' in 'java/lang/invoke/MethodTypeForm')}
  0x0000022e989b88d8: 1648 bfd8 | a212 f02e | 0200 0080 | 8fd1 0100 | 0001 e9cd 

  0x0000022e989b88ec: ;   {metadata('java/lang/Class'[])}
  0x0000022e989b88ec: 0000 0048 | bbc0 6f00 | af2e 0200 | 008b 7808 | 49ba 0000 | 00af 2e02 | 0000 4903 | fa48 3b5f 
  0x0000022e989b890c: 400f 858d 

  0x0000022e989b8910: ;   {metadata(method data for {method} {0x0000022eaf3fe930} 'canonicalizeAll' '([Ljava/lang/Class;I)[Ljava/lang/Class;' in 'java/lang/invoke/MethodTypeForm')}
  0x0000022e989b8910: 0000 0048 | bfd8 a212 | f02e 0200 | 008b 5808 | 49ba 0000 | 00af 2e02 | 0000 4903 | da48 3b9f 
  0x0000022e989b8930: e801 0000 | 750d 4883 | 87f0 0100 | 0001 e979 | 0000 0048 | 3b9f f801 | 0000 750d | 4883 8700 
  0x0000022e989b8950: 0200 0001 | e963 0000 | 0048 83bf | e801 0000 | 0075 1748 | 899f e801 | 0000 48c7 | 87f0 0100 
  0x0000022e989b8970: 0001 0000 | 00e9 4200 | 0000 4883 | bff8 0100 | 0000 7517 | 4889 9ff8 | 0100 0048 | c787 0002 
  0x0000022e989b8990: 0000 0100 | 0000 e921 | 0000 00e9 | 1c00 0000 

  0x0000022e989b89a0: ;   {metadata(method data for {method} {0x0000022eaf3fe930} 'canonicalizeAll' '([Ljava/lang/Class;I)[Ljava/lang/Class;' in 'java/lang/invoke/MethodTypeForm')}
  0x0000022e989b89a0: 48bf d8a2 | 12f0 2e02 | 0000 4883 | afd8 0100 | 0001 e9fc | 0100 00e9 | 0000 0000 | 488b d848 
  0x0000022e989b89c0: 8b44 2440 | 8b7c 2430 

  0x0000022e989b89c8: ; implicit exception: dispatches to 0x0000022e989b8bbc
  0x0000022e989b89c8: 3b7b 0c0f | 83f5 0100 | 0048 85c0 

  0x0000022e989b89d4: ;   {metadata(method data for {method} {0x0000022eaf3fe930} 'canonicalizeAll' '([Ljava/lang/Class;I)[Ljava/lang/Class;' in 'java/lang/invoke/MethodTypeForm')}
  0x0000022e989b89d4: 7516 48ba | d8a2 12f0 | 2e02 0000 | 808a 0902 | 0000 01e9 | f800 0000 

  0x0000022e989b89ec: ; implicit exception: dispatches to 0x0000022e989b8bd4
  0x0000022e989b89ec: 8b73 0849 | ba00 0000 | af2e 0200 | 0049 03f2 | 8b50 0849 | ba00 0000 | af2e 0200 | 0049 03d2 
  0x0000022e989b8a0c: 488b b6d0 | 0000 0048 | 3bd6 0f84 | 2700 0000 | 8b4e 1448 | 3b34 0a0f | 841a 0000 | 0083 f920 
  0x0000022e989b8a2c: 0f85 9b00 | 0000 5256 

  0x0000022e989b8a34: ;   {runtime_call slow_subtype_check Runtime1 stub}
  0x0000022e989b8a34: e847 0356 | 075a 5e85 | f60f 848a 

  0x0000022e989b8a40: ;   {metadata(method data for {method} {0x0000022eaf3fe930} 'canonicalizeAll' '([Ljava/lang/Class;I)[Ljava/lang/Class;' in 'java/lang/invoke/MethodTypeForm')}
  0x0000022e989b8a40: 0000 0048 | bad8 a212 | f02e 0200 | 008b 7008 | 49ba 0000 | 00af 2e02 | 0000 4903 | f248 3bb2 
  0x0000022e989b8a60: 2002 0000 | 750d 4883 | 8228 0200 | 0001 e971 | 0000 0048 | 3bb2 3002 | 0000 750d | 4883 8238 
  0x0000022e989b8a80: 0200 0001 | e95b 0000 | 0048 83ba | 2002 0000 | 0075 1748 | 89b2 2002 | 0000 48c7 | 8228 0200 
  0x0000022e989b8aa0: 0001 0000 | 00e9 3a00 | 0000 4883 | ba30 0200 | 0000 7517 | 4889 b230 | 0200 0048 | c782 3802 
  0x0000022e989b8ac0: 0000 0100 | 0000 e919 | 0000 00eb 

  0x0000022e989b8acc: ;   {metadata(method data for {method} {0x0000022eaf3fe930} 'canonicalizeAll' '([Ljava/lang/Class;I)[Ljava/lang/Class;' in 'java/lang/invoke/MethodTypeForm')}
  0x0000022e989b8acc: 1748 bad8 | a212 f02e | 0200 0048 | 83aa 1002 | 0000 01e9 | f500 0000 | 4863 f748 | 8d74 b310 
  0x0000022e989b8aec: 410f be57 | 4085 d20f | 85e9 0000 | 004c 8bd0 | 49c1 ea03 | 4489 1648 | 8bd6 4833 | d048 c1ea 
  0x0000022e989b8b0c: 1548 83fa | 000f 85e9 | 0000 00ff 

  0x0000022e989b8b18: ;   {metadata(method data for {method} {0x0000022eaf3fe930} 'canonicalizeAll' '([Ljava/lang/Class;I)[Ljava/lang/Class;' in 'java/lang/invoke/MethodTypeForm')}
  0x0000022e989b8b18: c748 b8d8 | a212 f02e | 0200 008b | b0d0 0000 | 0083 c602 | 89b0 d000 | 0000 81e6 | fe3f 0000 
  0x0000022e989b8b38: 85f6 0f84 | d800 0000 | 4d8b 9758 

  0x0000022e989b8b44: ; ImmutableOopMap {rbx=Oop [40]=Oop }
                      ;*goto {reexecute=1 rethrow=0 return_oop=0}
                      ; - (reexecute) java.lang.invoke.MethodTypeForm::canonicalizeAll@58 (line 283)
                      ;   {poll}
  0x0000022e989b8b44: 0400 0041 

  0x0000022e989b8b48: ;   {metadata(method data for {method} {0x0000022eaf3fe930} 'canonicalizeAll' '([Ljava/lang/Class;I)[Ljava/lang/Class;' in 'java/lang/invoke/MethodTypeForm')}
  0x0000022e989b8b48: 8502 48b8 | d8a2 12f0 | 2e02 0000 | ff80 4802 | 0000 4889 | 5c24 208b | 7424 3844 | 8b44 2434 
  0x0000022e989b8b68: 488b 5424 | 28e9 76fb | ffff 488b | 5c24 2048 | 8bc3 4883 

  0x0000022e989b8b7c: ;   {poll_return}
  0x0000022e989b8b7c: c450 5d49 | 3ba7 5004 | 0000 0f87 | ad00 0000 

  0x0000022e989b8b8c: ;   {metadata({method} {0x0000022eaf3fe930} 'canonicalizeAll' '([Ljava/lang/Class;I)[Ljava/lang/Class;' in 'java/lang/invoke/MethodTypeForm')}
  0x0000022e989b8b8c: c349 ba28 | e93f af2e | 0200 004c | 8954 2408 | 48c7 0424 | ffff ffff 

  0x0000022e989b8ba4: ;   {runtime_call counter_overflow Runtime1 stub}
  0x0000022e989b8ba4: e8d7 2b56 

  0x0000022e989b8ba8: ; ImmutableOopMap {rdx=Oop [40]=Oop }
                      ;*synchronization entry
                      ; - java.lang.invoke.MethodTypeForm::canonicalizeAll@-1 (line 282)
  0x0000022e989b8ba8: 07e9 1efb 

  0x0000022e989b8bac: ;   {runtime_call throw_null_pointer_exception Runtime1 stub}
  0x0000022e989b8bac: ffff e84d 

  0x0000022e989b8bb0: ; ImmutableOopMap {rdx=Oop [40]=Oop }
                      ;*arraylength {reexecute=0 rethrow=0 return_oop=0}
                      ; - java.lang.invoke.MethodTypeForm::canonicalizeAll@3 (line 283)
  0x0000022e989b8bb0: d755 0748 

  0x0000022e989b8bb4: ;   {runtime_call throw_class_cast_exception Runtime1 stub}
  0x0000022e989b8bb4: 8904 24e8 

  0x0000022e989b8bb8: ; ImmutableOopMap {[40]=Oop [64]=Oop }
                      ;*checkcast {reexecute=0 rethrow=0 return_oop=0}
                      ; - java.lang.invoke.MethodTypeForm::canonicalizeAll@45 (line 288)
  0x0000022e989b8bb8: 44fb 5507 

  0x0000022e989b8bbc: ;   {runtime_call throw_null_pointer_exception Runtime1 stub}
  0x0000022e989b8bbc: e83f d755 

  0x0000022e989b8bc0: ; ImmutableOopMap {rbx=Oop rax=Oop [40]=Oop }
                      ;*aastore {reexecute=1 rethrow=0 return_oop=0}
                      ; - (reexecute) java.lang.invoke.MethodTypeForm::canonicalizeAll@54 (line 289)
                      ;   {runtime_call throw_null_pointer_exception Runtime1 stub}
  0x0000022e989b8bc0: 07e8 3ad7 

  0x0000022e989b8bc4: ; ImmutableOopMap {rbx=Oop rax=Oop [40]=Oop }
                      ;*aastore {reexecute=1 rethrow=0 return_oop=0}
                      ; - (reexecute) java.lang.invoke.MethodTypeForm::canonicalizeAll@54 (line 289)
  0x0000022e989b8bc4: 5507 4889 | 3c24 4889 

  0x0000022e989b8bcc: ;   {runtime_call throw_range_check_failed Runtime1 stub}
  0x0000022e989b8bcc: 5c24 08e8 

  0x0000022e989b8bd0: ; ImmutableOopMap {rbx=Oop rax=Oop [40]=Oop }
                      ;*aastore {reexecute=1 rethrow=0 return_oop=0}
                      ; - (reexecute) java.lang.invoke.MethodTypeForm::canonicalizeAll@54 (line 289)
  0x0000022e989b8bd0: 2cce 5507 

  0x0000022e989b8bd4: ;   {runtime_call throw_null_pointer_exception Runtime1 stub}
  0x0000022e989b8bd4: e827 d755 

  0x0000022e989b8bd8: ; ImmutableOopMap {rbx=Oop rax=Oop [40]=Oop }
                      ;*aastore {reexecute=1 rethrow=0 return_oop=0}
                      ; - (reexecute) java.lang.invoke.MethodTypeForm::canonicalizeAll@54 (line 289)
  0x0000022e989b8bd8: 0748 8904 

  0x0000022e989b8bdc: ;   {runtime_call throw_array_store_exception Runtime1 stub}
  0x0000022e989b8bdc: 24e8 1ef8 

  0x0000022e989b8be0: ; ImmutableOopMap {rbx=Oop rax=Oop [40]=Oop }
                      ;*aastore {reexecute=1 rethrow=0 return_oop=0}
                      ; - (reexecute) java.lang.invoke.MethodTypeForm::canonicalizeAll@54 (line 289)
  0x0000022e989b8be0: 5507 8b16 | 48c1 e203 | 4883 fa00 | 0f84 07ff | ffff 4889 

  0x0000022e989b8bf4: ;   {runtime_call g1_pre_barrier_slow}
  0x0000022e989b8bf4: 1424 e885 | 3156 07e9 | f9fe ffff | 4883 f800 | 0f84 0dff | ffff 4889 

  0x0000022e989b8c0c: ;   {runtime_call g1_post_barrier_slow}
  0x0000022e989b8c0c: 3424 e86d | 3456 07e9 | fffe ffff 

  0x0000022e989b8c18: ;   {metadata({method} {0x0000022eaf3fe930} 'canonicalizeAll' '([Ljava/lang/Class;I)[Ljava/lang/Class;' in 'java/lang/invoke/MethodTypeForm')}
  0x0000022e989b8c18: 49ba 28e9 | 3faf 2e02 | 0000 4c89 | 5424 0848 | c704 243a 

  0x0000022e989b8c2c: ;   {runtime_call counter_overflow Runtime1 stub}
  0x0000022e989b8c2c: 0000 00e8 

  0x0000022e989b8c30: ; ImmutableOopMap {rbx=Oop [40]=Oop }
                      ;*goto {reexecute=1 rethrow=0 return_oop=0}
                      ; - (reexecute) java.lang.invoke.MethodTypeForm::canonicalizeAll@58 (line 283)
  0x0000022e989b8c30: 4c2b 5607 | e907 ffff 

  0x0000022e989b8c38: ;   {internal_word}
  0x0000022e989b8c38: ff49 ba7f | 8b9b 982e | 0200 004d | 8997 6804 

  0x0000022e989b8c48: ;   {runtime_call SafepointBlob}
  0x0000022e989b8c48: 0000 e9b1 | ca49 0749 | 8b87 0005 | 0000 49c7 | 8700 0500 | 0000 0000 | 0049 c787 | 0805 0000 
  0x0000022e989b8c68: 0000 0000 | 4883 c450 

  0x0000022e989b8c70: ;   {runtime_call unwind_exception Runtime1 stub}
  0x0000022e989b8c70: 5de9 8ac7 | 5507 f4f4 
[Stub Code]
  0x0000022e989b8c78: ;   {no_reloc}
  0x0000022e989b8c78: 0f1f 4400 

  0x0000022e989b8c7c: ;   {static_stub}
  0x0000022e989b8c7c: 0048 bb00 | 0000 0000 

  0x0000022e989b8c84: ;   {runtime_call}
  0x0000022e989b8c84: 0000 00e9 | fbff ffff 

  0x0000022e989b8c8c: ;   {static_stub}
  0x0000022e989b8c8c: 48bb 0000 | 0000 0000 

  0x0000022e989b8c94: ;   {runtime_call}
  0x0000022e989b8c94: 0000 e9fb 

  0x0000022e989b8c98: ;   {runtime_call handle_exception_from_callee Runtime1 stub}
  0x0000022e989b8c98: ffff ffe8 | 60f4 5507 

  0x0000022e989b8ca0: ;   {external_word}
  0x0000022e989b8ca0: 48b9 60f0 | 01fe fa7f | 0000 4883 

  0x0000022e989b8cac: ;   {runtime_call}
  0x0000022e989b8cac: e4f0 48b8 | 2003 c5fd | fa7f 0000 

  0x0000022e989b8cb8: ;   {section_word}
  0x0000022e989b8cb8: ffd0 f449 | babb 8c9b | 982e 0200 

  0x0000022e989b8cc4: ;   {runtime_call DeoptimizationBlob}
  0x0000022e989b8cc4: 0041 52e9 | d4bc 4907 | f4f4 f4f4 
[/MachCode]


Compiled method (c1)    9308  559       3       java.lang.invoke.MethodTypeForm::canonicalize (59 bytes)
 total in heap  [0x0000022e989b9c10,0x0000022e989ba210] = 1536
 relocation     [0x0000022e989b9d70,0x0000022e989b9de8] = 120
 main code      [0x0000022e989b9e00,0x0000022e989ba0c0] = 704
 stub code      [0x0000022e989ba0c0,0x0000022e989ba120] = 96
 metadata       [0x0000022e989ba120,0x0000022e989ba128] = 8
 scopes data    [0x0000022e989ba128,0x0000022e989ba188] = 96
 scopes pcs     [0x0000022e989ba188,0x0000022e989ba1f8] = 112
 dependencies   [0x0000022e989ba1f8,0x0000022e989ba200] = 8
 nul chk table  [0x0000022e989ba200,0x0000022e989ba210] = 16

[Constant Pool (empty)]

[MachCode]
[Verified Entry Point]
  # {method} {0x0000022eaf3fea38} 'canonicalize' '(Ljava/lang/invoke/MethodType;I)Ljava/lang/invoke/MethodType;' in 'java/lang/invoke/MethodTypeForm'
  # parm0:    rdx:rdx   = 'java/lang/invoke/MethodType'
  # parm1:    r8        = int
  #           [sp+0x70]  (sp of caller)
  0x0000022e989b9e00: 8984 2400 | 80ff ff55 | 4883 ec60 | 4181 7f20 | 0100 0000 

  0x0000022e989b9e14: ;   {runtime_call StubRoutines (final stubs)}
  0x0000022e989b9e14: 7405 e845 

  0x0000022e989b9e18: ;   {metadata(method data for {method} {0x0000022eaf3fea38} 'canonicalize' '(Ljava/lang/invoke/MethodType;I)Ljava/lang/invoke/MethodType;' in 'java/lang/invoke/MethodTypeForm')}
  0x0000022e989b9e18: af47 0748 | be48 7a0d | f02e 0200 | 008b becc | 0000 0083 | c702 89be | cc00 0000 | 81e7 fe07 
  0x0000022e989b9e38: 0000 85ff | 0f84 0202 | 0000 483b | 0248 8bf2 

  0x0000022e989b9e48: ;   {metadata(method data for {method} {0x0000022eaf3fea38} 'canonicalize' '(Ljava/lang/invoke/MethodType;I)Ljava/lang/invoke/MethodType;' in 'java/lang/invoke/MethodTypeForm')}
  0x0000022e989b9e48: 48bf 487a | 0df0 2e02 | 0000 4883 | 8710 0100 | 0001 8b72 | 1048 c1e6 

  0x0000022e989b9e60: ;   {metadata(method data for {method} {0x0000022eaf3fea38} 'canonicalize' '(Ljava/lang/invoke/MethodType;I)Ljava/lang/invoke/MethodType;' in 'java/lang/invoke/MethodTypeForm')}
  0x0000022e989b9e60: 0348 bf48 | 7a0d f02e | 0200 0048 | 8387 4801 | 0000 0148 | 8954 2430 | 488b d649 | 8bd8 4c8b 
  0x0000022e989b9e80: c348 8974 | 2440 895c | 2438 0f1f 

  0x0000022e989b9e8c: ;   {static_call}
  0x0000022e989b9e8c: 4400 00e8 

  0x0000022e989b9e90: ; ImmutableOopMap {[48]=Oop [64]=Oop }
                      ;*invokestatic canonicalizeAll {reexecute=0 rethrow=0 return_oop=0}
                      ; - java.lang.invoke.MethodTypeForm::canonicalize@7 (line 243)
  0x0000022e989b9e90: ece7 ffff 

  0x0000022e989b9e94: ;   {other}
  0x0000022e989b9e94: 0f1f 8400 | 8402 0000 | 488b 5424 

  0x0000022e989b9ea0: ;   {metadata(method data for {method} {0x0000022eaf3fea38} 'canonicalize' '(Ljava/lang/invoke/MethodType;I)Ljava/lang/invoke/MethodType;' in 'java/lang/invoke/MethodTypeForm')}
  0x0000022e989b9ea0: 3049 b848 | 7a0d f02e | 0200 0049 | 8380 5801 | 0000 0148 | 8b54 2430 | 8b72 0c48 

  0x0000022e989b9ebc: ;   {metadata(method data for {method} {0x0000022eaf3fea38} 'canonicalize' '(Ljava/lang/invoke/MethodType;I)Ljava/lang/invoke/MethodType;' in 'java/lang/invoke/MethodTypeForm')}
  0x0000022e989b9ebc: c1e6 0348 | ba48 7a0d | f02e 0200 | 0048 8382 | 9001 0000 | 0148 8bd6 | 448b 4424 | 3848 8974 
  0x0000022e989b9edc: 2450 4889 | 4424 480f 

  0x0000022e989b9ee4: ;   {static_call}
  0x0000022e989b9ee4: 1f40 00e8 

  0x0000022e989b9ee8: ; ImmutableOopMap {[64]=Oop [72]=Oop [80]=Oop }
                      ;*invokestatic canonicalize {reexecute=0 rethrow=0 return_oop=0}
                      ; - java.lang.invoke.MethodTypeForm::canonicalize@20 (line 245)
  0x0000022e989b9ee8: 54c7 f5ff 

  0x0000022e989b9eec: ;   {other}
  0x0000022e989b9eec: 0f1f 8400 | dc02 0001 | 488b 5424 | 4848 85d2 

  0x0000022e989b9efc: ;   {metadata(method data for {method} {0x0000022eaf3fea38} 'canonicalize' '(Ljava/lang/invoke/MethodType;I)Ljava/lang/invoke/MethodType;' in 'java/lang/invoke/MethodTypeForm')}
  0x0000022e989b9efc: 49b8 487a | 0df0 2e02 | 0000 49b9 | a001 0000 | 0000 0000 | 750a 49b9 | b001 0000 | 0000 0000 
  0x0000022e989b9f1c: 4b8b 3408 | 488d 7601 | 4b89 3408 | 0f85 3500 | 0000 4885 

  0x0000022e989b9f30: ;   {metadata(method data for {method} {0x0000022eaf3fea38} 'canonicalize' '(Ljava/lang/invoke/MethodType;I)Ljava/lang/invoke/MethodType;' in 'java/lang/invoke/MethodTypeForm')}
  0x0000022e989b9f30: c049 b848 | 7a0d f02e | 0200 0049 | b9d0 0100 | 0000 0000 | 0074 0a49 | b9c0 0100 | 0000 0000 
  0x0000022e989b9f50: 004b 8b34 | 0848 8d76 | 014b 8934 | 080f 84c4 | 0000 0048 

  0x0000022e989b9f64: ;   {metadata(method data for {method} {0x0000022eaf3fea38} 'canonicalize' '(Ljava/lang/invoke/MethodType;I)Ljava/lang/invoke/MethodType;' in 'java/lang/invoke/MethodTypeForm')}
  0x0000022e989b9f64: 85c0 49b8 | 487a 0df0 | 2e02 0000 | 49b9 e001 | 0000 0000 | 0000 750a | 49b9 f001 | 0000 0000 
  0x0000022e989b9f84: 0000 4b8b | 3408 488d | 7601 4b89 | 3408 0f85 | 0800 0000 | 488b 7424 | 5048 8bc6 

  0x0000022e989b9fa0: ;   {metadata(method data for {method} {0x0000022eaf3fea38} 'canonicalize' '(Ljava/lang/invoke/MethodType;I)Ljava/lang/invoke/MethodType;' in 'java/lang/invoke/MethodTypeForm')}
  0x0000022e989b9fa0: 4885 d249 | b848 7a0d | f02e 0200 | 0049 b910 | 0200 0000 | 0000 0074 | 0a49 b900 | 0200 0000 
  0x0000022e989b9fc0: 0000 004b | 8b34 0848 | 8d76 014b | 8934 080f | 8408 0000 | 004c 8bc2 | e908 0000 | 0048 8b74 
  0x0000022e989b9fe0: 2440 4c8b 

  0x0000022e989b9fe4: ;   {metadata(method data for {method} {0x0000022eaf3fea38} 'canonicalize' '(Ljava/lang/invoke/MethodType;I)Ljava/lang/invoke/MethodType;' in 'java/lang/invoke/MethodTypeForm')}
  0x0000022e989b9fe4: c648 ba48 | 7a0d f02e | 0200 0048 | 8382 2002 | 0000 0148 | 8bd0 41b9 | 0100 0000 | 0f1f 8000 
  0x0000022e989ba004: ;   {static_call}
  0x0000022e989ba004: 0000 00e8 

  0x0000022e989ba008: ; ImmutableOopMap {}
                      ;*invokestatic methodType {reexecute=0 rethrow=0 return_oop=0}
                      ; - java.lang.invoke.MethodTypeForm::canonicalize@55 (line 253)
  0x0000022e989ba008: 94d2 faff 

  0x0000022e989ba00c: ;   {other}
  0x0000022e989ba00c: 0f1f 8400 | fc03 0002 | 4883 c460 

  0x0000022e989ba018: ;   {poll_return}
  0x0000022e989ba018: 5d49 3ba7 | 5004 0000 | 0f87 4400 

  0x0000022e989ba024: ;   {oop(nullptr)}
  0x0000022e989ba024: 0000 c348 | b800 0000 | 0000 0000 | 0048 83c4 

  0x0000022e989ba034: ;   {poll_return}
  0x0000022e989ba034: 605d 493b | a750 0400 | 000f 873d | 0000 00c3 

  0x0000022e989ba044: ;   {metadata({method} {0x0000022eaf3fea38} 'canonicalize' '(Ljava/lang/invoke/MethodType;I)Ljava/lang/invoke/MethodType;' in 'java/lang/invoke/MethodTypeForm')}
  0x0000022e989ba044: 49ba 30ea | 3faf 2e02 | 0000 4c89 | 5424 0848 | c704 24ff 

  0x0000022e989ba058: ;   {runtime_call counter_overflow Runtime1 stub}
  0x0000022e989ba058: ffff ffe8 

  0x0000022e989ba05c: ; ImmutableOopMap {rdx=Oop }
                      ;*synchronization entry
                      ; - java.lang.invoke.MethodTypeForm::canonicalize@-1 (line 242)
  0x0000022e989ba05c: 2017 5607 | e9dd fdff 

  0x0000022e989ba064: ;   {runtime_call throw_null_pointer_exception Runtime1 stub}
  0x0000022e989ba064: ffe8 96c2 

  0x0000022e989ba068: ; ImmutableOopMap {rdx=Oop }
                      ;*invokevirtual ptypes {reexecute=0 rethrow=0 return_oop=0}
                      ; - java.lang.invoke.MethodTypeForm::canonicalize@1 (line 242)
                      ;   {internal_word}
  0x0000022e989ba068: 5507 49ba | 19a0 9b98 | 2e02 0000 | 4d89 9768 

  0x0000022e989ba078: ;   {runtime_call SafepointBlob}
  0x0000022e989ba078: 0400 00e9 | 80b6 4907 

  0x0000022e989ba080: ;   {internal_word}
  0x0000022e989ba080: 49ba 36a0 | 9b98 2e02 | 0000 4d89 | 9768 0400 

  0x0000022e989ba090: ;   {runtime_call SafepointBlob}
  0x0000022e989ba090: 00e9 6ab6 | 4907 498b | 8700 0500 | 0049 c787 | 0005 0000 | 0000 0000 | 49c7 8708 | 0500 0000 
  0x0000022e989ba0b0: 0000 0048 | 83c4 605d 

  0x0000022e989ba0b8: ;   {runtime_call unwind_exception Runtime1 stub}
  0x0000022e989ba0b8: e943 b355 | 07f4 f4f4 
[Stub Code]
  0x0000022e989ba0c0: ;   {no_reloc}
  0x0000022e989ba0c0: 48bb 0000 | 0000 0000 

  0x0000022e989ba0c8: ;   {runtime_call}
  0x0000022e989ba0c8: 0000 e9fb 

  0x0000022e989ba0cc: ;   {static_stub}
  0x0000022e989ba0cc: ffff ff48 | bb00 0000 | 0000 0000 

  0x0000022e989ba0d8: ;   {runtime_call}
  0x0000022e989ba0d8: 00e9 fbff 

  0x0000022e989ba0dc: ;   {static_stub}
  0x0000022e989ba0dc: ffff 48bb | 0000 0000 | 0000 0000 

  0x0000022e989ba0e8: ;   {runtime_call}
  0x0000022e989ba0e8: e9fb ffff 

  0x0000022e989ba0ec: ;   {runtime_call handle_exception_from_callee Runtime1 stub}
  0x0000022e989ba0ec: ffe8 0ee0 

  0x0000022e989ba0f0: ;   {external_word}
  0x0000022e989ba0f0: 5507 48b9 | 60f0 01fe | fa7f 0000 | 4883 e4f0 

  0x0000022e989ba100: ;   {runtime_call}
  0x0000022e989ba100: 48b8 2003 | c5fd fa7f | 0000 ffd0 

  0x0000022e989ba10c: ;   {section_word}
  0x0000022e989ba10c: f449 ba0d | a19b 982e | 0200 0041 

  0x0000022e989ba118: ;   {runtime_call DeoptimizationBlob}
  0x0000022e989ba118: 52e9 82a8 | 4907 f4f4 
[/MachCode]


---------------  P R O C E S S  ---------------

Threads class SMR info:
_java_thread_list=0x0000022ef4c84300, length=12, elements={
0x0000022e8df3e390, 0x0000022eaebe71e0, 0x0000022eaebe7ff0, 0x0000022eaebece10,
0x0000022eaebf0890, 0x0000022eaebf12f0, 0x0000022eaebf3f10, 0x0000022eaebf6e60,
0x0000022eaebf97d0, 0x0000022ef40f2330, 0x0000022ef40f75f0, 0x0000022ef434bb00
}

Java Threads: ( => current thread )
=>0x0000022e8df3e390 JavaThread "main"                              [_thread_in_vm, id=8532, stack(0x0000006333f00000,0x0000006334000000) (1024K)]
  0x0000022eaebe71e0 JavaThread "Reference Handler"          daemon [_thread_blocked, id=39552, stack(0x0000006334800000,0x0000006334900000) (1024K)]
  0x0000022eaebe7ff0 JavaThread "Finalizer"                  daemon [_thread_blocked, id=39524, stack(0x0000006334900000,0x0000006334a00000) (1024K)]
  0x0000022eaebece10 JavaThread "Signal Dispatcher"          daemon [_thread_blocked, id=40584, stack(0x0000006334a00000,0x0000006334b00000) (1024K)]
  0x0000022eaebf0890 JavaThread "Attach Listener"            daemon [_thread_blocked, id=10492, stack(0x0000006334b00000,0x0000006334c00000) (1024K)]
  0x0000022eaebf12f0 JavaThread "Service Thread"             daemon [_thread_blocked, id=20520, stack(0x0000006334c00000,0x0000006334d00000) (1024K)]
  0x0000022eaebf3f10 JavaThread "Monitor Deflation Thread"   daemon [_thread_blocked, id=23468, stack(0x0000006334d00000,0x0000006334e00000) (1024K)]
  0x0000022eaebf6e60 JavaThread "C2 CompilerThread0"         daemon [_thread_in_native, id=41100, stack(0x0000006334e00000,0x0000006334f00000) (1024K)]
  0x0000022eaebf97d0 JavaThread "C1 CompilerThread0"         daemon [_thread_blocked, id=7632, stack(0x0000006334f00000,0x0000006335000000) (1024K)]
  0x0000022ef40f2330 JavaThread "Notification Thread"        daemon [_thread_blocked, id=2356, stack(0x0000006335000000,0x0000006335100000) (1024K)]
  0x0000022ef40f75f0 JavaThread "Common-Cleaner"             daemon [_thread_blocked, id=17008, stack(0x0000006335100000,0x0000006335200000) (1024K)]
  0x0000022ef434bb00 JavaThread "surefire-forkedjvm-command-thread" daemon [_thread_in_native, id=21228, stack(0x0000006335200000,0x0000006335300000) (1024K)]
Total: 12

Other Threads:
  0x0000022eaebcc8b0 VMThread "VM Thread"                           [id=39100, stack(0x0000006334600000,0x0000006334700000) (1024K)]
  0x0000022eaebb3a20 WatcherThread "VM Periodic Task Thread"        [id=41460, stack(0x0000006334500000,0x0000006334600000) (1024K)]
  0x0000022e90253f20 WorkerThread "GC Thread#0"                     [id=19544, stack(0x0000006334000000,0x0000006334100000) (1024K)]
  0x0000022ef4152230 WorkerThread "GC Thread#1"                     [id=40852, stack(0x0000006335300000,0x0000006335400000) (1024K)]
  0x0000022ef41530b0 WorkerThread "GC Thread#2"                     [id=22916, stack(0x0000006335400000,0x0000006335500000) (1024K)]
  0x0000022ef4151af0 WorkerThread "GC Thread#3"                     [id=21508, stack(0x0000006335500000,0x0000006335600000) (1024K)]
  0x0000022ef4152970 WorkerThread "GC Thread#4"                     [id=38992, stack(0x0000006335600000,0x0000006335700000) (1024K)]
  0x0000022ef4153450 WorkerThread "GC Thread#5"                     [id=17432, stack(0x0000006335700000,0x0000006335800000) (1024K)]
  0x0000022ef4151e90 WorkerThread "GC Thread#6"                     [id=22884, stack(0x0000006335800000,0x0000006335900000) (1024K)]
  0x0000022ef4152d10 WorkerThread "GC Thread#7"                     [id=21336, stack(0x0000006335900000,0x0000006335a00000) (1024K)]
  0x0000022e90263620 ConcurrentGCThread "G1 Main Marker"            [id=20332, stack(0x0000006334100000,0x0000006334200000) (1024K)]
  0x0000022e902642d0 WorkerThread "G1 Conc#0"                       [id=39724, stack(0x0000006334200000,0x0000006334300000) (1024K)]
  0x0000022eaea854f0 ConcurrentGCThread "G1 Refine#0"               [id=41484, stack(0x0000006334300000,0x0000006334400000) (1024K)]
  0x0000022eaea86060 ConcurrentGCThread "G1 Service"                [id=39324, stack(0x0000006334400000,0x0000006334500000) (1024K)]
Total: 14

Threads with active compile tasks:
C2 CompilerThread0     9348 1880       4       jdk.internal.loader.URLClassPath::getResource (74 bytes)
Total: 1

VM state: not at safepoint (normal execution)

VM Mutex/Monitor currently owned by a thread: None

Heap address: 0x0000000720e00000, size: 3570 MB, Compressed Oops mode: Zero based, Oop shift amount: 3

CDS archive(s) mapped at: [0x0000022eaf000000-0x0000022eafc90000-0x0000022eafc90000), size 13172736, SharedBaseAddress: 0x0000022eaf000000, ArchiveRelocationMode: 1.
Compressed class space mapped at: 0x0000022eb0000000-0x0000022ef0000000, reserved size: 1073741824
Narrow klass base: 0x0000022eaf000000, Narrow klass shift: 0, Narrow klass range: 0x100000000

GC Precious Log:
 CardTable entry size: 512
 Card Set container configuration: InlinePtr #cards 4 size 8 Array Of Cards #cards 16 size 48 Howl #buckets 8 coarsen threshold 3686 Howl Bitmap #cards 512 size 80 coarsen threshold 460 Card regions per heap region 1 cards per card region 4096
 CPUs: 8 total, 8 available
 Memory: 14274M
 Large Page Support: Disabled
 NUMA Support: Disabled
 Compressed Oops: Enabled (Zero based)
 Heap Region Size: 2M
 Heap Min Capacity: 8M
 Heap Initial Capacity: 224M
 Heap Max Capacity: 3570M
 Pre-touch: Disabled
 Parallel Workers: 8
 Concurrent Workers: 2
 Concurrent Refinement Workers: 8
 Periodic GC: Disabled

Heap:
 garbage-first heap   total 229376K, used 21544K [0x0000000720e00000, 0x0000000800000000)
  region size 2048K, 12 young (24576K), 2 survivors (4096K)
 Metaspace       used 11588K, committed 11840K, reserved 1114112K
  class space    used 1358K, committed 1472K, reserved 1048576K

Heap Regions: E=young(eden), S=young(survivor), O=old, HS=humongous(starts), HC=humongous(continues), CS=collection set, F=free, TAMS=top-at-mark-start, PB=parsable bottom
|   0|0x0000000720e00000, 0x0000000720f0a270, 0x0000000721000000| 51%| O|  |TAMS 0x0000000720e00000| PB 0x0000000720e00000| Untracked 
|   1|0x0000000721000000, 0x0000000721000000, 0x0000000721200000|  0%| F|  |TAMS 0x0000000721000000| PB 0x0000000721000000| Untracked 
|   2|0x0000000721200000, 0x0000000721200000, 0x0000000721400000|  0%| F|  |TAMS 0x0000000721200000| PB 0x0000000721200000| Untracked 
|   3|0x0000000721400000, 0x0000000721400000, 0x0000000721600000|  0%| F|  |TAMS 0x0000000721400000| PB 0x0000000721400000| Untracked 
|   4|0x0000000721600000, 0x0000000721600000, 0x0000000721800000|  0%| F|  |TAMS 0x0000000721600000| PB 0x0000000721600000| Untracked 
|   5|0x0000000721800000, 0x0000000721800000, 0x0000000721a00000|  0%| F|  |TAMS 0x0000000721800000| PB 0x0000000721800000| Untracked 
|   6|0x0000000721a00000, 0x0000000721a00000, 0x0000000721c00000|  0%| F|  |TAMS 0x0000000721a00000| PB 0x0000000721a00000| Untracked 
|   7|0x0000000721c00000, 0x0000000721c00000, 0x0000000721e00000|  0%| F|  |TAMS 0x0000000721c00000| PB 0x0000000721c00000| Untracked 
|   8|0x0000000721e00000, 0x0000000721e00000, 0x0000000722000000|  0%| F|  |TAMS 0x0000000721e00000| PB 0x0000000721e00000| Untracked 
|   9|0x0000000722000000, 0x0000000722000000, 0x0000000722200000|  0%| F|  |TAMS 0x0000000722000000| PB 0x0000000722000000| Untracked 
|  10|0x0000000722200000, 0x0000000722200000, 0x0000000722400000|  0%| F|  |TAMS 0x0000000722200000| PB 0x0000000722200000| Untracked 
|  11|0x0000000722400000, 0x0000000722400000, 0x0000000722600000|  0%| F|  |TAMS 0x0000000722400000| PB 0x0000000722400000| Untracked 
|  12|0x0000000722600000, 0x0000000722600000, 0x0000000722800000|  0%| F|  |TAMS 0x0000000722600000| PB 0x0000000722600000| Untracked 
|  13|0x0000000722800000, 0x0000000722800000, 0x0000000722a00000|  0%| F|  |TAMS 0x0000000722800000| PB 0x0000000722800000| Untracked 
|  14|0x0000000722a00000, 0x0000000722a00000, 0x0000000722c00000|  0%| F|  |TAMS 0x0000000722a00000| PB 0x0000000722a00000| Untracked 
|  15|0x0000000722c00000, 0x0000000722c00000, 0x0000000722e00000|  0%| F|  |TAMS 0x0000000722c00000| PB 0x0000000722c00000| Untracked 
|  16|0x0000000722e00000, 0x0000000722e00000, 0x0000000723000000|  0%| F|  |TAMS 0x0000000722e00000| PB 0x0000000722e00000| Untracked 
|  17|0x0000000723000000, 0x0000000723000000, 0x0000000723200000|  0%| F|  |TAMS 0x0000000723000000| PB 0x0000000723000000| Untracked 
|  18|0x0000000723200000, 0x0000000723200000, 0x0000000723400000|  0%| F|  |TAMS 0x0000000723200000| PB 0x0000000723200000| Untracked 
|  19|0x0000000723400000, 0x0000000723400000, 0x0000000723600000|  0%| F|  |TAMS 0x0000000723400000| PB 0x0000000723400000| Untracked 
|  20|0x0000000723600000, 0x0000000723600000, 0x0000000723800000|  0%| F|  |TAMS 0x0000000723600000| PB 0x0000000723600000| Untracked 
|  21|0x0000000723800000, 0x0000000723800000, 0x0000000723a00000|  0%| F|  |TAMS 0x0000000723800000| PB 0x0000000723800000| Untracked 
|  22|0x0000000723a00000, 0x0000000723a00000, 0x0000000723c00000|  0%| F|  |TAMS 0x0000000723a00000| PB 0x0000000723a00000| Untracked 
|  23|0x0000000723c00000, 0x0000000723c00000, 0x0000000723e00000|  0%| F|  |TAMS 0x0000000723c00000| PB 0x0000000723c00000| Untracked 
|  24|0x0000000723e00000, 0x0000000723e00000, 0x0000000724000000|  0%| F|  |TAMS 0x0000000723e00000| PB 0x0000000723e00000| Untracked 
|  25|0x0000000724000000, 0x0000000724000000, 0x0000000724200000|  0%| F|  |TAMS 0x0000000724000000| PB 0x0000000724000000| Untracked 
|  26|0x0000000724200000, 0x0000000724200000, 0x0000000724400000|  0%| F|  |TAMS 0x0000000724200000| PB 0x0000000724200000| Untracked 
|  27|0x0000000724400000, 0x0000000724400000, 0x0000000724600000|  0%| F|  |TAMS 0x0000000724400000| PB 0x0000000724400000| Untracked 
|  28|0x0000000724600000, 0x0000000724600000, 0x0000000724800000|  0%| F|  |TAMS 0x0000000724600000| PB 0x0000000724600000| Untracked 
|  29|0x0000000724800000, 0x0000000724800000, 0x0000000724a00000|  0%| F|  |TAMS 0x0000000724800000| PB 0x0000000724800000| Untracked 
|  30|0x0000000724a00000, 0x0000000724a00000, 0x0000000724c00000|  0%| F|  |TAMS 0x0000000724a00000| PB 0x0000000724a00000| Untracked 
|  31|0x0000000724c00000, 0x0000000724c00000, 0x0000000724e00000|  0%| F|  |TAMS 0x0000000724c00000| PB 0x0000000724c00000| Untracked 
|  32|0x0000000724e00000, 0x0000000724e00000, 0x0000000725000000|  0%| F|  |TAMS 0x0000000724e00000| PB 0x0000000724e00000| Untracked 
|  33|0x0000000725000000, 0x0000000725000000, 0x0000000725200000|  0%| F|  |TAMS 0x0000000725000000| PB 0x0000000725000000| Untracked 
|  34|0x0000000725200000, 0x0000000725200000, 0x0000000725400000|  0%| F|  |TAMS 0x0000000725200000| PB 0x0000000725200000| Untracked 
|  35|0x0000000725400000, 0x0000000725400000, 0x0000000725600000|  0%| F|  |TAMS 0x0000000725400000| PB 0x0000000725400000| Untracked 
|  36|0x0000000725600000, 0x0000000725600000, 0x0000000725800000|  0%| F|  |TAMS 0x0000000725600000| PB 0x0000000725600000| Untracked 
|  37|0x0000000725800000, 0x0000000725800000, 0x0000000725a00000|  0%| F|  |TAMS 0x0000000725800000| PB 0x0000000725800000| Untracked 
|  38|0x0000000725a00000, 0x0000000725a00000, 0x0000000725c00000|  0%| F|  |TAMS 0x0000000725a00000| PB 0x0000000725a00000| Untracked 
|  39|0x0000000725c00000, 0x0000000725c00000, 0x0000000725e00000|  0%| F|  |TAMS 0x0000000725c00000| PB 0x0000000725c00000| Untracked 
|  40|0x0000000725e00000, 0x0000000725e00000, 0x0000000726000000|  0%| F|  |TAMS 0x0000000725e00000| PB 0x0000000725e00000| Untracked 
|  41|0x0000000726000000, 0x0000000726000000, 0x0000000726200000|  0%| F|  |TAMS 0x0000000726000000| PB 0x0000000726000000| Untracked 
|  42|0x0000000726200000, 0x0000000726200000, 0x0000000726400000|  0%| F|  |TAMS 0x0000000726200000| PB 0x0000000726200000| Untracked 
|  43|0x0000000726400000, 0x0000000726400000, 0x0000000726600000|  0%| F|  |TAMS 0x0000000726400000| PB 0x0000000726400000| Untracked 
|  44|0x0000000726600000, 0x0000000726600000, 0x0000000726800000|  0%| F|  |TAMS 0x0000000726600000| PB 0x0000000726600000| Untracked 
|  45|0x0000000726800000, 0x0000000726800000, 0x0000000726a00000|  0%| F|  |TAMS 0x0000000726800000| PB 0x0000000726800000| Untracked 
|  46|0x0000000726a00000, 0x0000000726a00000, 0x0000000726c00000|  0%| F|  |TAMS 0x0000000726a00000| PB 0x0000000726a00000| Untracked 
|  47|0x0000000726c00000, 0x0000000726c00000, 0x0000000726e00000|  0%| F|  |TAMS 0x0000000726c00000| PB 0x0000000726c00000| Untracked 
|  48|0x0000000726e00000, 0x0000000726e00000, 0x0000000727000000|  0%| F|  |TAMS 0x0000000726e00000| PB 0x0000000726e00000| Untracked 
|  49|0x0000000727000000, 0x0000000727000000, 0x0000000727200000|  0%| F|  |TAMS 0x0000000727000000| PB 0x0000000727000000| Untracked 
|  50|0x0000000727200000, 0x0000000727200000, 0x0000000727400000|  0%| F|  |TAMS 0x0000000727200000| PB 0x0000000727200000| Untracked 
|  51|0x0000000727400000, 0x0000000727400000, 0x0000000727600000|  0%| F|  |TAMS 0x0000000727400000| PB 0x0000000727400000| Untracked 
|  52|0x0000000727600000, 0x0000000727600000, 0x0000000727800000|  0%| F|  |TAMS 0x0000000727600000| PB 0x0000000727600000| Untracked 
|  53|0x0000000727800000, 0x0000000727800000, 0x0000000727a00000|  0%| F|  |TAMS 0x0000000727800000| PB 0x0000000727800000| Untracked 
|  54|0x0000000727a00000, 0x0000000727a00000, 0x0000000727c00000|  0%| F|  |TAMS 0x0000000727a00000| PB 0x0000000727a00000| Untracked 
|  55|0x0000000727c00000, 0x0000000727c00000, 0x0000000727e00000|  0%| F|  |TAMS 0x0000000727c00000| PB 0x0000000727c00000| Untracked 
|  56|0x0000000727e00000, 0x0000000727e00000, 0x0000000728000000|  0%| F|  |TAMS 0x0000000727e00000| PB 0x0000000727e00000| Untracked 
|  57|0x0000000728000000, 0x0000000728000000, 0x0000000728200000|  0%| F|  |TAMS 0x0000000728000000| PB 0x0000000728000000| Untracked 
|  58|0x0000000728200000, 0x0000000728200000, 0x0000000728400000|  0%| F|  |TAMS 0x0000000728200000| PB 0x0000000728200000| Untracked 
|  59|0x0000000728400000, 0x0000000728400000, 0x0000000728600000|  0%| F|  |TAMS 0x0000000728400000| PB 0x0000000728400000| Untracked 
|  60|0x0000000728600000, 0x0000000728600000, 0x0000000728800000|  0%| F|  |TAMS 0x0000000728600000| PB 0x0000000728600000| Untracked 
|  61|0x0000000728800000, 0x0000000728800000, 0x0000000728a00000|  0%| F|  |TAMS 0x0000000728800000| PB 0x0000000728800000| Untracked 
|  62|0x0000000728a00000, 0x0000000728a00000, 0x0000000728c00000|  0%| F|  |TAMS 0x0000000728a00000| PB 0x0000000728a00000| Untracked 
|  63|0x0000000728c00000, 0x0000000728c00000, 0x0000000728e00000|  0%| F|  |TAMS 0x0000000728c00000| PB 0x0000000728c00000| Untracked 
|  64|0x0000000728e00000, 0x0000000728e00000, 0x0000000729000000|  0%| F|  |TAMS 0x0000000728e00000| PB 0x0000000728e00000| Untracked 
|  65|0x0000000729000000, 0x0000000729000000, 0x0000000729200000|  0%| F|  |TAMS 0x0000000729000000| PB 0x0000000729000000| Untracked 
|  66|0x0000000729200000, 0x0000000729200000, 0x0000000729400000|  0%| F|  |TAMS 0x0000000729200000| PB 0x0000000729200000| Untracked 
|  67|0x0000000729400000, 0x0000000729400000, 0x0000000729600000|  0%| F|  |TAMS 0x0000000729400000| PB 0x0000000729400000| Untracked 
|  68|0x0000000729600000, 0x0000000729600000, 0x0000000729800000|  0%| F|  |TAMS 0x0000000729600000| PB 0x0000000729600000| Untracked 
|  69|0x0000000729800000, 0x0000000729800000, 0x0000000729a00000|  0%| F|  |TAMS 0x0000000729800000| PB 0x0000000729800000| Untracked 
|  70|0x0000000729a00000, 0x0000000729a00000, 0x0000000729c00000|  0%| F|  |TAMS 0x0000000729a00000| PB 0x0000000729a00000| Untracked 
|  71|0x0000000729c00000, 0x0000000729c00000, 0x0000000729e00000|  0%| F|  |TAMS 0x0000000729c00000| PB 0x0000000729c00000| Untracked 
|  72|0x0000000729e00000, 0x0000000729e00000, 0x000000072a000000|  0%| F|  |TAMS 0x0000000729e00000| PB 0x0000000729e00000| Untracked 
|  73|0x000000072a000000, 0x000000072a000000, 0x000000072a200000|  0%| F|  |TAMS 0x000000072a000000| PB 0x000000072a000000| Untracked 
|  74|0x000000072a200000, 0x000000072a200000, 0x000000072a400000|  0%| F|  |TAMS 0x000000072a200000| PB 0x000000072a200000| Untracked 
|  75|0x000000072a400000, 0x000000072a400000, 0x000000072a600000|  0%| F|  |TAMS 0x000000072a400000| PB 0x000000072a400000| Untracked 
|  76|0x000000072a600000, 0x000000072a600000, 0x000000072a800000|  0%| F|  |TAMS 0x000000072a600000| PB 0x000000072a600000| Untracked 
|  77|0x000000072a800000, 0x000000072a800000, 0x000000072aa00000|  0%| F|  |TAMS 0x000000072a800000| PB 0x000000072a800000| Untracked 
|  78|0x000000072aa00000, 0x000000072aa00000, 0x000000072ac00000|  0%| F|  |TAMS 0x000000072aa00000| PB 0x000000072aa00000| Untracked 
|  79|0x000000072ac00000, 0x000000072ac00000, 0x000000072ae00000|  0%| F|  |TAMS 0x000000072ac00000| PB 0x000000072ac00000| Untracked 
|  80|0x000000072ae00000, 0x000000072ae00000, 0x000000072b000000|  0%| F|  |TAMS 0x000000072ae00000| PB 0x000000072ae00000| Untracked 
|  81|0x000000072b000000, 0x000000072b000000, 0x000000072b200000|  0%| F|  |TAMS 0x000000072b000000| PB 0x000000072b000000| Untracked 
|  82|0x000000072b200000, 0x000000072b200000, 0x000000072b400000|  0%| F|  |TAMS 0x000000072b200000| PB 0x000000072b200000| Untracked 
|  83|0x000000072b400000, 0x000000072b400000, 0x000000072b600000|  0%| F|  |TAMS 0x000000072b400000| PB 0x000000072b400000| Untracked 
|  84|0x000000072b600000, 0x000000072b600000, 0x000000072b800000|  0%| F|  |TAMS 0x000000072b600000| PB 0x000000072b600000| Untracked 
|  85|0x000000072b800000, 0x000000072b800000, 0x000000072ba00000|  0%| F|  |TAMS 0x000000072b800000| PB 0x000000072b800000| Untracked 
|  86|0x000000072ba00000, 0x000000072ba00000, 0x000000072bc00000|  0%| F|  |TAMS 0x000000072ba00000| PB 0x000000072ba00000| Untracked 
|  87|0x000000072bc00000, 0x000000072bc00000, 0x000000072be00000|  0%| F|  |TAMS 0x000000072bc00000| PB 0x000000072bc00000| Untracked 
|  88|0x000000072be00000, 0x000000072be00000, 0x000000072c000000|  0%| F|  |TAMS 0x000000072be00000| PB 0x000000072be00000| Untracked 
|  89|0x000000072c000000, 0x000000072c000000, 0x000000072c200000|  0%| F|  |TAMS 0x000000072c000000| PB 0x000000072c000000| Untracked 
|  90|0x000000072c200000, 0x000000072c200000, 0x000000072c400000|  0%| F|  |TAMS 0x000000072c200000| PB 0x000000072c200000| Untracked 
|  91|0x000000072c400000, 0x000000072c400000, 0x000000072c600000|  0%| F|  |TAMS 0x000000072c400000| PB 0x000000072c400000| Untracked 
|  92|0x000000072c600000, 0x000000072c600000, 0x000000072c800000|  0%| F|  |TAMS 0x000000072c600000| PB 0x000000072c600000| Untracked 
|  93|0x000000072c800000, 0x000000072c800000, 0x000000072ca00000|  0%| F|  |TAMS 0x000000072c800000| PB 0x000000072c800000| Untracked 
|  94|0x000000072ca00000, 0x000000072ca00000, 0x000000072cc00000|  0%| F|  |TAMS 0x000000072ca00000| PB 0x000000072ca00000| Untracked 
|  95|0x000000072cc00000, 0x000000072cc00000, 0x000000072ce00000|  0%| F|  |TAMS 0x000000072cc00000| PB 0x000000072cc00000| Untracked 
|  96|0x000000072ce00000, 0x000000072ce00000, 0x000000072d000000|  0%| F|  |TAMS 0x000000072ce00000| PB 0x000000072ce00000| Untracked 
|  97|0x000000072d000000, 0x000000072d000000, 0x000000072d200000|  0%| F|  |TAMS 0x000000072d000000| PB 0x000000072d000000| Untracked 
|  98|0x000000072d200000, 0x000000072d200000, 0x000000072d400000|  0%| F|  |TAMS 0x000000072d200000| PB 0x000000072d200000| Untracked 
|  99|0x000000072d400000, 0x000000072d600000, 0x000000072d600000|100%| S|CS|TAMS 0x000000072d400000| PB 0x000000072d400000| Complete 
| 100|0x000000072d600000, 0x000000072d800000, 0x000000072d800000|100%| S|CS|TAMS 0x000000072d600000| PB 0x000000072d600000| Complete 
| 101|0x000000072d800000, 0x000000072d800000, 0x000000072da00000|  0%| F|  |TAMS 0x000000072d800000| PB 0x000000072d800000| Untracked 
| 102|0x000000072da00000, 0x000000072db5e6e0, 0x000000072dc00000| 68%| E|  |TAMS 0x000000072da00000| PB 0x000000072da00000| Complete 
| 103|0x000000072dc00000, 0x000000072de00000, 0x000000072de00000|100%| E|CS|TAMS 0x000000072dc00000| PB 0x000000072dc00000| Complete 
| 104|0x000000072de00000, 0x000000072e000000, 0x000000072e000000|100%| E|CS|TAMS 0x000000072de00000| PB 0x000000072de00000| Complete 
| 105|0x000000072e000000, 0x000000072e200000, 0x000000072e200000|100%| E|CS|TAMS 0x000000072e000000| PB 0x000000072e000000| Complete 
| 106|0x000000072e200000, 0x000000072e400000, 0x000000072e400000|100%| E|CS|TAMS 0x000000072e200000| PB 0x000000072e200000| Complete 
| 107|0x000000072e400000, 0x000000072e600000, 0x000000072e600000|100%| E|CS|TAMS 0x000000072e400000| PB 0x000000072e400000| Complete 
| 108|0x000000072e600000, 0x000000072e800000, 0x000000072e800000|100%| E|CS|TAMS 0x000000072e600000| PB 0x000000072e600000| Complete 
| 109|0x000000072e800000, 0x000000072ea00000, 0x000000072ea00000|100%| E|  |TAMS 0x000000072e800000| PB 0x000000072e800000| Complete 
| 110|0x000000072ea00000, 0x000000072ec00000, 0x000000072ec00000|100%| E|CS|TAMS 0x000000072ea00000| PB 0x000000072ea00000| Complete 
| 111|0x000000072ec00000, 0x000000072ee00000, 0x000000072ee00000|100%| E|CS|TAMS 0x000000072ec00000| PB 0x000000072ec00000| Complete 

Card table byte_map: [0x0000022ea8300000,0x0000022ea8a00000] _byte_map_base: 0x0000022ea49f9000

Marking Bits: (CMBitMap*) 0x0000022e90254620
 Bits: [0x0000022ea8a00000, 0x0000022eac1c8000)

Polling page: 0x0000022e8e190000

Metaspace:

Usage:
  Non-class:      9.99 MB used.
      Class:      1.33 MB used.
       Both:     11.32 MB used.

Virtual space:
  Non-class space:       64.00 MB reserved,      10.12 MB ( 16%) committed,  1 nodes.
      Class space:        1.00 GB reserved,       1.44 MB ( <1%) committed,  1 nodes.
             Both:        1.06 GB reserved,      11.56 MB (  1%) committed. 

Chunk freelists:
   Non-Class:  5.73 MB
       Class:  14.51 MB
        Both:  20.24 MB

MaxMetaspaceSize: unlimited
CompressedClassSpaceSize: 1.00 GB
Initial GC threshold: 21.00 MB
Current GC threshold: 21.00 MB
CDS: on
 - commit_granule_bytes: 65536.
 - commit_granule_words: 8192.
 - virtual_space_node_default_size: 8388608.
 - enlarge_chunks_in_place: 1.
 - use_allocation_guard: 0.


Internal statistics:

num_allocs_failed_limit: 0.
num_arena_births: 142.
num_arena_deaths: 0.
num_vsnodes_births: 2.
num_vsnodes_deaths: 0.
num_space_committed: 185.
num_space_uncommitted: 0.
num_chunks_returned_to_freelist: 0.
num_chunks_taken_from_freelist: 480.
num_chunk_merges: 0.
num_chunk_splits: 324.
num_chunks_enlarged: 248.
num_inconsistent_stats: 0.

CodeHeap 'non-profiled nmethods': size=120000Kb used=602Kb max_used=602Kb free=119397Kb
 bounds [0x0000022ea03a0000, 0x0000022ea0610000, 0x0000022ea78d0000]
CodeHeap 'profiled nmethods': size=120000Kb used=3603Kb max_used=3603Kb free=116396Kb
 bounds [0x0000022e988d0000, 0x0000022e98c60000, 0x0000022e9fe00000]
CodeHeap 'non-nmethods': size=5760Kb used=1394Kb max_used=1407Kb free=4365Kb
 bounds [0x0000022e9fe00000, 0x0000022ea0070000, 0x0000022ea03a0000]
 total_blobs=2369 nmethods=1878 adapters=395
 compilation: enabled
              stopped_count=0, restarted_count=0
 full_count=0

Compilation events (20 events):
Event: 9.118 Thread 0x0000022eaebf97d0 nmethod 1867 0x0000022e98c4d090 code [0x0000022e98c4d280, 0x0000022e98c4d680]
Event: 9.119 Thread 0x0000022eaebf97d0 1868       3       java.lang.invoke.BootstrapMethodInvoker::isLambdaMetafactoryIndyBSM (13 bytes)
Event: 9.119 Thread 0x0000022eaebf97d0 nmethod 1868 0x0000022e98c4d810 code [0x0000022e98c4d9a0, 0x0000022e98c4daf0]
Event: 9.121 Thread 0x0000022eaebf97d0 1869       3       java.lang.invoke.InnerClassLambdaMetafactory::<init> (258 bytes)
Event: 9.124 Thread 0x0000022eaebf97d0 nmethod 1869 0x0000022e98c4db90 code [0x0000022e98c4dfc0, 0x0000022e98c4ff20]
Event: 9.124 Thread 0x0000022eaebf97d0 1870       3       java.lang.invoke.MethodHandles$Lookup::hasFullPrivilegeAccess (18 bytes)
Event: 9.125 Thread 0x0000022eaebf97d0 nmethod 1870 0x0000022e98c50a10 code [0x0000022e98c50ba0, 0x0000022e98c50d08]
Event: 9.125 Thread 0x0000022eaebf97d0 1871   !   3       java.lang.invoke.MethodHandles$Lookup::revealDirect (196 bytes)
Event: 9.127 Thread 0x0000022eaebf97d0 nmethod 1871 0x0000022e98c50d90 code [0x0000022e98c510e0, 0x0000022e98c523a0]
Event: 9.129 Thread 0x0000022eaebf6e60 1874       4       jdk.internal.org.objectweb.asm.ByteVector::putUTF8 (144 bytes)
Event: 9.130 Thread 0x0000022eaebf97d0 1875       3       java.lang.invoke.Invokers$Holder::invokeExact_MT (32 bytes)
Event: 9.130 Thread 0x0000022eaebf97d0 nmethod 1875 0x0000022e98c52a90 code [0x0000022e98c52ca0, 0x0000022e98c53588]
Event: 9.131 Thread 0x0000022eaebf97d0 1876       3       java.lang.invoke.LambdaMetafactory::metafactory (71 bytes)
Event: 9.132 Thread 0x0000022eaebf97d0 nmethod 1876 0x0000022e98c53810 code [0x0000022e98c53aa0, 0x0000022e98c545c0]
Event: 9.139 Thread 0x0000022eaebf6e60 nmethod 1874 0x0000022ea0435d90 code [0x0000022ea0435f60, 0x0000022ea0436388]
Event: 9.139 Thread 0x0000022eaebf97d0 1878       3       java.util.ImmutableCollections$ListN::size (6 bytes)
Event: 9.140 Thread 0x0000022eaebf97d0 nmethod 1878 0x0000022e98c54b10 code [0x0000022e98c54ca0, 0x0000022e98c54db8]
Event: 9.145 Thread 0x0000022eaebf97d0 1879       1       java.util.stream.ReferencePipeline$StatelessOp::opIsStateful (2 bytes)
Event: 9.145 Thread 0x0000022eaebf97d0 nmethod 1879 0x0000022ea0436710 code [0x0000022ea04368a0, 0x0000022ea0436968]
Event: 9.171 Thread 0x0000022eaebf6e60 1880       4       jdk.internal.loader.URLClassPath::getResource (74 bytes)

GC Heap History (2 events):
Event: 2.270 GC heap before
{Heap before GC invocations=0 (full 0):
 garbage-first heap   total 229376K, used 22528K [0x0000000720e00000, 0x0000000800000000)
  region size 2048K, 11 young (22528K), 0 survivors (0K)
 Metaspace       used 6556K, committed 6656K, reserved 1114112K
  class space    used 731K, committed 768K, reserved 1048576K
}
Event: 2.279 GC heap after
{Heap after GC invocations=1 (full 0):
 garbage-first heap   total 229376K, used 5160K [0x0000000720e00000, 0x0000000800000000)
  region size 2048K, 2 young (4096K), 2 survivors (4096K)
 Metaspace       used 6556K, committed 6656K, reserved 1114112K
  class space    used 731K, committed 768K, reserved 1048576K
}

Dll operation events (9 events):
Event: 0.026 Loaded shared library C:\Program Files\Eclipse Adoptium\jdk-21.0.2.13-hotspot\bin\java.dll
Event: 0.139 Loaded shared library C:\Program Files\Eclipse Adoptium\jdk-21.0.2.13-hotspot\bin\jsvml.dll
Event: 0.187 Loaded shared library C:\Program Files\Eclipse Adoptium\jdk-21.0.2.13-hotspot\bin\net.dll
Event: 0.192 Loaded shared library C:\Program Files\Eclipse Adoptium\jdk-21.0.2.13-hotspot\bin\nio.dll
Event: 0.200 Loaded shared library C:\Program Files\Eclipse Adoptium\jdk-21.0.2.13-hotspot\bin\zip.dll
Event: 0.334 Loaded shared library C:\Program Files\Eclipse Adoptium\jdk-21.0.2.13-hotspot\bin\management.dll
Event: 0.346 Loaded shared library C:\Program Files\Eclipse Adoptium\jdk-21.0.2.13-hotspot\bin\management_ext.dll
Event: 0.390 Loaded shared library C:\Program Files\Eclipse Adoptium\jdk-21.0.2.13-hotspot\bin\jimage.dll
Event: 0.882 Loaded shared library C:\Program Files\Eclipse Adoptium\jdk-21.0.2.13-hotspot\bin\verify.dll

Deoptimization events (20 events):
Event: 3.425 Thread 0x0000022e8df3e390 DEOPT PACKING pc=0x0000022ea040c4ac sp=0x0000006333ffd170
Event: 3.425 Thread 0x0000022e8df3e390 DEOPT UNPACKING pc=0x0000022e9fe546a2 sp=0x0000006333ffd0b8 mode 2
Event: 3.426 Thread 0x0000022e8df3e390 Uncommon trap: trap_request=0xffffff3d fr.pc=0x0000022ea03d74cc relative=0x000000000000026c
Event: 3.426 Thread 0x0000022e8df3e390 Uncommon trap: reason=unstable_fused_if action=reinterpret pc=0x0000022ea03d74cc method=jdk.internal.org.objectweb.asm.ByteVector.putUTF8(Ljava/lang/String;)Ljdk/internal/org/objectweb/asm/ByteVector; @ 93 c2
Event: 3.427 Thread 0x0000022e8df3e390 DEOPT PACKING pc=0x0000022ea03d74cc sp=0x0000006333ffcee0
Event: 3.427 Thread 0x0000022e8df3e390 DEOPT UNPACKING pc=0x0000022e9fe546a2 sp=0x0000006333ffce80 mode 2
Event: 3.938 Thread 0x0000022e8df3e390 Uncommon trap: trap_request=0xffffff45 fr.pc=0x0000022ea03c6874 relative=0x00000000000001d4
Event: 3.938 Thread 0x0000022e8df3e390 Uncommon trap: reason=unstable_if action=reinterpret pc=0x0000022ea03c6874 method=java.lang.StringUTF16.compress([CI[BII)I @ 20 c2
Event: 3.939 Thread 0x0000022e8df3e390 DEOPT PACKING pc=0x0000022ea03c6874 sp=0x0000006333ffdfb0
Event: 3.939 Thread 0x0000022e8df3e390 DEOPT UNPACKING pc=0x0000022e9fe546a2 sp=0x0000006333ffdf20 mode 2
Event: 4.652 Thread 0x0000022e8df3e390 Uncommon trap: trap_request=0xffffff45 fr.pc=0x0000022ea03a7ae8 relative=0x0000000000000048
Event: 4.652 Thread 0x0000022e8df3e390 Uncommon trap: reason=unstable_if action=reinterpret pc=0x0000022ea03a7ae8 method=java.lang.StringLatin1.canEncode(I)Z @ 4 c2
Event: 4.652 Thread 0x0000022e8df3e390 DEOPT PACKING pc=0x0000022ea03a7ae8 sp=0x0000006333ffe010
Event: 4.652 Thread 0x0000022e8df3e390 DEOPT UNPACKING pc=0x0000022e9fe546a2 sp=0x0000006333ffdfa0 mode 2
Event: 4.652 Thread 0x0000022e8df3e390 Uncommon trap: trap_request=0xffffff45 fr.pc=0x0000022ea04117bc relative=0x00000000000004dc
Event: 4.652 Thread 0x0000022e8df3e390 Uncommon trap: reason=unstable_if action=reinterpret pc=0x0000022ea04117bc method=java.lang.String.<init>(Ljava/lang/AbstractStringBuilder;Ljava/lang/Void;)V @ 19 c2
Event: 4.652 Thread 0x0000022e8df3e390 DEOPT PACKING pc=0x0000022ea04117bc sp=0x0000006333ffe0f0
Event: 4.652 Thread 0x0000022e8df3e390 DEOPT UNPACKING pc=0x0000022e9fe546a2 sp=0x0000006333ffe0a0 mode 2
Event: 8.713 Thread 0x0000022e8df3e390 DEOPT PACKING pc=0x0000022e98b49e0b sp=0x0000006333ff9740
Event: 8.713 Thread 0x0000022e8df3e390 DEOPT UNPACKING pc=0x0000022e9fe54e42 sp=0x0000006333ff8c48 mode 0

Classes loaded (20 events):
Event: 3.540 Loading class jdk/internal/logger/LazyLoggers$LazyLoggerFactories
Event: 3.540 Loading class jdk/internal/logger/LazyLoggers$LazyLoggerFactories done
Event: 3.541 Loading class jdk/internal/logger/LoggerFinderLoader
Event: 3.541 Loading class jdk/internal/logger/LoggerFinderLoader done
Event: 3.542 Loading class jdk/internal/logger/LoggerFinderLoader$TemporaryLoggerFinder
Event: 3.542 Loading class jdk/internal/logger/LoggerFinderLoader$TemporaryLoggerFinder done
Event: 3.542 Loading class sun/util/logging/internal/LoggingProviderImpl$JULWrapper
Event: 3.542 Loading class sun/util/logging/PlatformLogger$ConfigurableBridge$LoggerConfiguration
Event: 3.542 Loading class sun/util/logging/PlatformLogger$ConfigurableBridge$LoggerConfiguration done
Event: 3.542 Loading class sun/util/logging/internal/LoggingProviderImpl$JULWrapper done
Event: 3.544 Loading class java/lang/System$Logger$Level
Event: 3.544 Loading class java/lang/System$Logger$Level done
Event: 8.921 Loading class java/util/regex/Pattern$Pos
Event: 8.921 Loading class java/util/regex/Pattern$Pos done
Event: 8.921 Loading class java/util/regex/Pattern$Loop
Event: 8.922 Loading class java/util/regex/Pattern$Loop done
Event: 8.922 Loading class java/util/regex/Pattern$Prolog
Event: 8.922 Loading class java/util/regex/Pattern$Prolog done
Event: 9.158 Loading class java/util/regex/PatternSyntaxException
Event: 9.158 Loading class java/util/regex/PatternSyntaxException done

Classes unloaded (0 events):
No events

Classes redefined (0 events):
No events

Internal exceptions (20 events):
Event: 1.641 Thread 0x0000022e8df3e390 Exception <a 'java/lang/NoSuchMethodError'{0x000000072de01e10}: 'void java.lang.invoke.DirectMethodHandle$Holder.invokeStaticInit(java.lang.Object)'> (0x000000072de01e10) 
thrown [s\src\hotspot\share\interpreter\linkResolver.cpp, line 773]
Event: 1.647 Thread 0x0000022e8df3e390 Exception <a 'java/lang/NoSuchMethodError'{0x000000072de148b0}: 'java.lang.Object java.lang.invoke.DirectMethodHandle$Holder.newInvokeSpecial(java.lang.Object, java.lang.Object, java.lang.Object, java.lang.Object, java.lang.Object, java.lang.Object, java.lang.Object)'> (0x000000072de148b0) 
thrown [s\src\hotspot\share\interpreter\linkResolver.cpp, line 773]
Event: 1.656 Thread 0x0000022e8df3e390 Exception <a 'java/lang/NoSuchMethodError'{0x000000072de1cb20}: 'java.lang.Object java.lang.invoke.DirectMethodHandle$Holder.invokeSpecialIFC(java.lang.Object, java.lang.Object, java.lang.Object, java.lang.Object, java.lang.Object)'> (0x000000072de1cb20) 
thrown [s\src\hotspot\share\interpreter\linkResolver.cpp, line 773]
Event: 1.874 Thread 0x0000022e8df3e390 Exception <a 'java/lang/NoSuchMethodError'{0x000000072dc01c30}: 'java.lang.Object java.lang.invoke.DirectMethodHandle$Holder.invokeStaticInit(java.lang.Object, int, int, int, int)'> (0x000000072dc01c30) 
thrown [s\src\hotspot\share\interpreter\linkResolver.cpp, line 773]
Event: 1.930 Thread 0x0000022e8df3e390 Exception <a 'java/lang/NoSuchMethodError'{0x000000072dcc8ef8}: 'java.lang.Object java.lang.invoke.DirectMethodHandle$Holder.invokeStaticInit(java.lang.Object, java.lang.Object, int, int, int, int)'> (0x000000072dcc8ef8) 
thrown [s\src\hotspot\share\interpreter\linkResolver.cpp, line 773]
Event: 1.997 Thread 0x0000022e8df3e390 Exception <a 'java/lang/NoSuchMethodError'{0x000000072dd45f00}: 'void java.lang.invoke.DirectMethodHandle$Holder.invokeSpecial(java.lang.Object, java.lang.Object, java.lang.Object)'> (0x000000072dd45f00) 
thrown [s\src\hotspot\share\interpreter\linkResolver.cpp, line 773]
Event: 2.103 Thread 0x0000022e8df3e390 Exception <a 'sun/nio/fs/WindowsException'{0x000000072da0dd20}> (0x000000072da0dd20) 
thrown [s\src\hotspot\share\prims\jni.cpp, line 520]
Event: 2.732 Thread 0x0000022e8df3e390 Exception <a 'java/lang/NoSuchMethodError'{0x000000072e22d1d8}: 'void java.lang.invoke.DirectMethodHandle$Holder.invokeVirtual(java.lang.Object, java.lang.Object, java.lang.Object, java.lang.Object)'> (0x000000072e22d1d8) 
thrown [s\src\hotspot\share\interpreter\linkResolver.cpp, line 773]
Event: 2.753 Thread 0x0000022e8df3e390 Exception <a 'java/lang/NoSuchMethodError'{0x000000072e264d38}: 'java.lang.ClassLoader java.lang.Class.getClassLoader(java.lang.Class)'> (0x000000072e264d38) 
thrown [s\src\hotspot\share\interpreter\linkResolver.cpp, line 773]
Event: 2.756 Thread 0x0000022e8df3e390 Exception <a 'java/lang/NoSuchMethodError'{0x000000072e269338}: 'java.lang.Object java.lang.invoke.DirectMethodHandle$Holder.invokeStatic(java.lang.Object, java.lang.Object, int)'> (0x000000072e269338) 
thrown [s\src\hotspot\share\interpreter\linkResolver.cpp, line 773]
Event: 2.763 Thread 0x0000022e8df3e390 Exception <a 'java/lang/NoSuchMethodError'{0x000000072e274788}: 'void java.lang.invoke.DelegatingMethodHandle$Holder.delegate(java.lang.Object, java.lang.Object, int, java.lang.Object)'> (0x000000072e274788) 
thrown [s\src\hotspot\share\interpreter\linkResolver.cpp, line 773]
Event: 2.868 Thread 0x0000022e8df3e390 Exception <a 'java/lang/NoSuchMethodError'{0x000000072e2d9430}: 'int java.lang.invoke.DirectMethodHandle$Holder.invokeSpecialIFC(java.lang.Object, java.lang.Object, java.lang.Object, java.lang.Object)'> (0x000000072e2d9430) 
thrown [s\src\hotspot\share\interpreter\linkResolver.cpp, line 773]
Event: 2.909 Thread 0x0000022e8df3e390 Exception <a 'java/lang/NoSuchMethodError'{0x000000072e3437e8}: 'void java.lang.invoke.DirectMethodHandle$Holder.invokeVirtual(java.lang.Object, java.lang.Object)'> (0x000000072e3437e8) 
thrown [s\src\hotspot\share\interpreter\linkResolver.cpp, line 773]
Event: 2.973 Thread 0x0000022e8df3e390 Exception <a 'java/lang/NoSuchMethodError'{0x000000072e3e8cb8}: 'void java.lang.invoke.DirectMethodHandle$Holder.invokeSpecial(java.lang.Object, java.lang.Object, java.lang.Object, java.lang.Object, java.lang.Object)'> (0x000000072e3e8cb8) 
thrown [s\src\hotspot\share\interpreter\linkResolver.cpp, line 773]
Event: 3.347 Thread 0x0000022e8df3e390 Exception <a 'java/lang/NoSuchMethodError'{0x000000072df77f30}: 'int java.lang.invoke.DirectMethodHandle$Holder.invokeVirtual(java.lang.Object, java.lang.Object)'> (0x000000072df77f30) 
thrown [s\src\hotspot\share\interpreter\linkResolver.cpp, line 773]
Event: 3.360 Thread 0x0000022e8df3e390 Exception <a 'java/lang/IncompatibleClassChangeError'{0x000000072dfa02b8}: Found class java.lang.Object, but interface was expected> (0x000000072dfa02b8) 
thrown [s\src\hotspot\share\interpreter\linkResolver.cpp, line 840]
Event: 3.529 Thread 0x0000022e8df3e390 Exception <a 'java/lang/NoSuchMethodError'{0x000000072dcd3648}: 'void java.lang.invoke.DirectMethodHandle$Holder.invokeStatic(java.lang.Object, long)'> (0x000000072dcd3648) 
thrown [s\src\hotspot\share\interpreter\linkResolver.cpp, line 773]
Event: 3.530 Thread 0x0000022e8df3e390 Exception <a 'java/lang/NoSuchMethodError'{0x000000072dcd84c8}: 'java.lang.Object java.lang.invoke.DirectMethodHandle$Holder.newInvokeSpecial(java.lang.Object, long)'> (0x000000072dcd84c8) 
thrown [s\src\hotspot\share\interpreter\linkResolver.cpp, line 773]
Event: 3.533 Thread 0x0000022e8df3e390 Exception <a 'java/lang/NoSuchMethodError'{0x000000072dcdeff8}: 'java.lang.Object java.lang.invoke.DirectMethodHandle$Holder.invokeStatic(java.lang.Object, long, java.lang.Object)'> (0x000000072dcdeff8) 
thrown [s\src\hotspot\share\interpreter\linkResolver.cpp, line 773]
Event: 3.534 Thread 0x0000022e8df3e390 Exception <a 'java/lang/NoSuchMethodError'{0x000000072dce2780}: 'java.lang.Object java.lang.invoke.DirectMethodHandle$Holder.invokeStaticInit(java.lang.Object, long, java.lang.Object)'> (0x000000072dce2780) 
thrown [s\src\hotspot\share\interpreter\linkResolver.cpp, line 773]

ZGC Phase Switch (0 events):
No events

VM Operations (20 events):
Event: 1.584 Executing VM operation: HandshakeAllThreads (Deoptimize)
Event: 1.584 Executing VM operation: HandshakeAllThreads (Deoptimize) done
Event: 1.584 Executing VM operation: Cleanup
Event: 1.584 Executing VM operation: Cleanup done
Event: 1.812 Executing VM operation: HandshakeAllThreads (Deoptimize)
Event: 1.812 Executing VM operation: HandshakeAllThreads (Deoptimize) done
Event: 2.270 Executing VM operation: G1CollectForAllocation (G1 Evacuation Pause)
Event: 2.279 Executing VM operation: G1CollectForAllocation (G1 Evacuation Pause) done
Event: 2.929 Executing VM operation: HandshakeAllThreads (Deoptimize)
Event: 2.929 Executing VM operation: HandshakeAllThreads (Deoptimize) done
Event: 3.017 Executing VM operation: HandshakeAllThreads (Deoptimize)
Event: 3.017 Executing VM operation: HandshakeAllThreads (Deoptimize) done
Event: 4.028 Executing VM operation: Cleanup
Event: 4.028 Executing VM operation: Cleanup done
Event: 5.037 Executing VM operation: Cleanup
Event: 5.037 Executing VM operation: Cleanup done
Event: 8.704 Executing VM operation: HandshakeAllThreads (Deoptimize)
Event: 8.704 Executing VM operation: HandshakeAllThreads (Deoptimize) done
Event: 8.704 Executing VM operation: Cleanup
Event: 8.704 Executing VM operation: Cleanup done

Events (14 events):
Event: 0.080 Thread 0x0000022e8df3e390 Thread added: 0x0000022e8df3e390
Event: 0.116 Thread 0x0000022eaebe71e0 Thread added: 0x0000022eaebe71e0
Event: 0.116 Thread 0x0000022eaebe7ff0 Thread added: 0x0000022eaebe7ff0
Event: 0.117 Thread 0x0000022eaebece10 Thread added: 0x0000022eaebece10
Event: 0.117 Thread 0x0000022eaebf0890 Thread added: 0x0000022eaebf0890
Event: 0.118 Thread 0x0000022eaebf12f0 Thread added: 0x0000022eaebf12f0
Event: 0.118 Thread 0x0000022eaebf3f10 Thread added: 0x0000022eaebf3f10
Event: 0.119 Thread 0x0000022eaebf6e60 Thread added: 0x0000022eaebf6e60
Event: 0.121 Thread 0x0000022eaebf97d0 Thread added: 0x0000022eaebf97d0
Event: 0.173 Thread 0x0000022ef40f2330 Thread added: 0x0000022ef40f2330
Event: 0.179 Thread 0x0000022ef40f75f0 Thread added: 0x0000022ef40f75f0
Event: 0.609 Thread 0x0000022ef434bb00 Thread added: 0x0000022ef434bb00
Event: 1.928 Thread 0x0000022ef4b2fd00 Thread added: 0x0000022ef4b2fd00
Event: 2.238 Thread 0x0000022ef4b2fd00 Thread exited: 0x0000022ef4b2fd00


Dynamic libraries:
0x00007ff786d30000 - 0x00007ff786d3e000 	C:\Program Files\Eclipse Adoptium\jdk-21.0.2.13-hotspot\bin\java.exe
0x00007ffb90710000 - 0x00007ffb90927000 	C:\Windows\SYSTEM32\ntdll.dll
0x00007ffb8f5e0000 - 0x00007ffb8f6a4000 	C:\Windows\System32\KERNEL32.DLL
0x00007ffb8dc30000 - 0x00007ffb8dfe7000 	C:\Windows\System32\KERNELBASE.dll
0x00007ffb8e090000 - 0x00007ffb8e1a1000 	C:\Windows\System32\ucrtbase.dll
0x00007ffb88920000 - 0x00007ffb88938000 	C:\Program Files\Eclipse Adoptium\jdk-21.0.2.13-hotspot\bin\jli.dll
0x00007ffb8f0b0000 - 0x00007ffb8f25f000 	C:\Windows\System32\USER32.dll
0x00007ffb8dc00000 - 0x00007ffb8dc26000 	C:\Windows\System32\win32u.dll
0x00007ffb90590000 - 0x00007ffb905b9000 	C:\Windows\System32\GDI32.dll
0x00007ffb8e320000 - 0x00007ffb8e438000 	C:\Windows\System32\gdi32full.dll
0x00007ffb8dff0000 - 0x00007ffb8e08a000 	C:\Windows\System32\msvcp_win.dll
0x00007ffb89200000 - 0x00007ffb8921b000 	C:\Program Files\Eclipse Adoptium\jdk-21.0.2.13-hotspot\bin\VCRUNTIME140.dll
0x00007ffb7b540000 - 0x00007ffb7b7d3000 	C:\Windows\WinSxS\amd64_microsoft.windows.common-controls_6595b64144ccf1df_6.0.22621.3672_none_2713b9d173822955\COMCTL32.dll
0x00007ffb90140000 - 0x00007ffb901e7000 	C:\Windows\System32\msvcrt.dll
0x00007ffb8efe0000 - 0x00007ffb8f011000 	C:\Windows\System32\IMM32.DLL
0x00007ffb88910000 - 0x00007ffb8891c000 	C:\Program Files\Eclipse Adoptium\jdk-21.0.2.13-hotspot\bin\vcruntime140_1.dll
0x00007ffb88880000 - 0x00007ffb8890e000 	C:\Program Files\Eclipse Adoptium\jdk-21.0.2.13-hotspot\bin\msvcp140.dll
0x00007ffafd630000 - 0x00007ffafe3b3000 	C:\Program Files\Eclipse Adoptium\jdk-21.0.2.13-hotspot\bin\server\jvm.dll
0x00007ffb8ea50000 - 0x00007ffb8eb02000 	C:\Windows\System32\ADVAPI32.dll
0x00007ffb8e440000 - 0x00007ffb8e4e8000 	C:\Windows\System32\sechost.dll
0x00007ffb8e1b0000 - 0x00007ffb8e1d8000 	C:\Windows\System32\bcrypt.dll
0x00007ffb8f4a0000 - 0x00007ffb8f5b4000 	C:\Windows\System32\RPCRT4.dll
0x00007ffb8ff30000 - 0x00007ffb8ffa1000 	C:\Windows\System32\WS2_32.dll
0x00007ffb8c890000 - 0x00007ffb8c8dd000 	C:\Windows\SYSTEM32\POWRPROF.dll
0x00007ffb88540000 - 0x00007ffb88574000 	C:\Windows\SYSTEM32\WINMM.dll
0x00007ffb842c0000 - 0x00007ffb842ca000 	C:\Windows\SYSTEM32\VERSION.dll
0x00007ffb8c870000 - 0x00007ffb8c883000 	C:\Windows\SYSTEM32\UMPDC.dll
0x00007ffb8cb20000 - 0x00007ffb8cb38000 	C:\Windows\SYSTEM32\kernel.appcore.dll
0x00007ffb88870000 - 0x00007ffb8887a000 	C:\Program Files\Eclipse Adoptium\jdk-21.0.2.13-hotspot\bin\jimage.dll
0x00007ffb83480000 - 0x00007ffb836b2000 	C:\Windows\SYSTEM32\DBGHELP.DLL
0x00007ffb8e4f0000 - 0x00007ffb8e87e000 	C:\Windows\System32\combase.dll
0x00007ffb904b0000 - 0x00007ffb90587000 	C:\Windows\System32\OLEAUT32.dll
0x00007ffb73f30000 - 0x00007ffb73f62000 	C:\Windows\SYSTEM32\dbgcore.DLL
0x00007ffb8e1e0000 - 0x00007ffb8e25b000 	C:\Windows\System32\bcryptPrimitives.dll
0x00007ffb88850000 - 0x00007ffb8886f000 	C:\Program Files\Eclipse Adoptium\jdk-21.0.2.13-hotspot\bin\java.dll
0x00007ffb8f6c0000 - 0x00007ffb8ff29000 	C:\Windows\System32\SHELL32.dll
0x00007ffb8b950000 - 0x00007ffb8c24f000 	C:\Windows\SYSTEM32\windows.storage.dll
0x00007ffb8b810000 - 0x00007ffb8b94f000 	C:\Windows\SYSTEM32\wintypes.dll
0x00007ffb8e8f0000 - 0x00007ffb8e9e9000 	C:\Windows\System32\SHCORE.dll
0x00007ffb8e890000 - 0x00007ffb8e8ee000 	C:\Windows\System32\shlwapi.dll
0x00007ffb8d950000 - 0x00007ffb8d977000 	C:\Windows\SYSTEM32\profapi.dll
0x00007ffb2c5d0000 - 0x00007ffb2c6a7000 	C:\Program Files\Eclipse Adoptium\jdk-21.0.2.13-hotspot\bin\jsvml.dll
0x00007ffb7ba10000 - 0x00007ffb7ba20000 	C:\Program Files\Eclipse Adoptium\jdk-21.0.2.13-hotspot\bin\net.dll
0x00007ffb88ce0000 - 0x00007ffb88e16000 	C:\Windows\SYSTEM32\WINHTTP.dll
0x00007ffb8cf90000 - 0x00007ffb8cff9000 	C:\Windows\system32\mswsock.dll
0x00007ffb76b20000 - 0x00007ffb76b36000 	C:\Program Files\Eclipse Adoptium\jdk-21.0.2.13-hotspot\bin\nio.dll
0x00007ffb72e10000 - 0x00007ffb72e28000 	C:\Program Files\Eclipse Adoptium\jdk-21.0.2.13-hotspot\bin\zip.dll
0x00007ffb7b980000 - 0x00007ffb7b98a000 	C:\Program Files\Eclipse Adoptium\jdk-21.0.2.13-hotspot\bin\management.dll
0x00007ffb75240000 - 0x00007ffb7524b000 	C:\Program Files\Eclipse Adoptium\jdk-21.0.2.13-hotspot\bin\management_ext.dll
0x00007ffb8e880000 - 0x00007ffb8e888000 	C:\Windows\System32\PSAPI.DLL
0x00007ffb88830000 - 0x00007ffb88840000 	C:\Program Files\Eclipse Adoptium\jdk-21.0.2.13-hotspot\bin\verify.dll
0x00007ffb8d200000 - 0x00007ffb8d21b000 	C:\Windows\SYSTEM32\CRYPTSP.dll
0x00007ffb8ca80000 - 0x00007ffb8cab5000 	C:\Windows\system32\rsaenh.dll
0x00007ffb8d070000 - 0x00007ffb8d098000 	C:\Windows\SYSTEM32\USERENV.dll
0x00007ffb8d220000 - 0x00007ffb8d22c000 	C:\Windows\SYSTEM32\CRYPTBASE.dll
0x00007ffb8c520000 - 0x00007ffb8c54d000 	C:\Windows\SYSTEM32\IPHLPAPI.DLL
0x00007ffb8f6b0000 - 0x00007ffb8f6b9000 	C:\Windows\System32\NSI.dll

dbghelp: loaded successfully - version: 4.0.5 - missing functions: none
symbol engine: initialized successfully - sym options: 0x614 - pdb path: .;C:\Program Files\Eclipse Adoptium\jdk-21.0.2.13-hotspot\bin;C:\Windows\SYSTEM32;C:\Windows\WinSxS\amd64_microsoft.windows.common-controls_6595b64144ccf1df_6.0.22621.3672_none_2713b9d173822955;C:\Program Files\Eclipse Adoptium\jdk-21.0.2.13-hotspot\bin\server

VM Arguments:
java_command: C:\Users\Cirilo\AppData\Local\Temp\surefire9174975480442374691\surefirebooter14612793901295095378.jar C:\Users\Cirilo\AppData\Local\Temp\surefire9174975480442374691 2024-10-31T03-17-01_771-jvmRun1 surefire16509713026350970777tmp surefire_013542663260194789557tmp
java_class_path (initial): C:\Users\Cirilo\AppData\Local\Temp\surefire9174975480442374691\surefirebooter14612793901295095378.jar
Launcher Type: SUN_STANDARD

[Global flags]
     intx CICompilerCount                          = 4                                         {product} {ergonomic}
     uint ConcGCThreads                            = 2                                         {product} {ergonomic}
     uint G1ConcRefinementThreads                  = 8                                         {product} {ergonomic}
   size_t G1HeapRegionSize                         = 2097152                                   {product} {ergonomic}
    uintx GCDrainStackTargetSize                   = 64                                        {product} {ergonomic}
   size_t InitialHeapSize                          = 234881024                                 {product} {ergonomic}
   size_t MarkStackSize                            = 4194304                                   {product} {ergonomic}
   size_t MaxHeapSize                              = 3743416320                                {product} {ergonomic}
   size_t MaxNewSize                               = 2246049792                                {product} {ergonomic}
   size_t MinHeapDeltaBytes                        = 2097152                                   {product} {ergonomic}
   size_t MinHeapSize                              = 8388608                                   {product} {ergonomic}
    uintx NonNMethodCodeHeapSize                   = 5839372                                {pd product} {ergonomic}
    uintx NonProfiledCodeHeapSize                  = 122909434                              {pd product} {ergonomic}
    uintx ProfiledCodeHeapSize                     = 122909434                              {pd product} {ergonomic}
    uintx ReservedCodeCacheSize                    = 251658240                              {pd product} {ergonomic}
     bool SegmentedCodeCache                       = true                                      {product} {ergonomic}
   size_t SoftMaxHeapSize                          = 3743416320                             {manageable} {ergonomic}
     bool UseCompressedOops                        = true                           {product lp64_product} {ergonomic}
     bool UseG1GC                                  = true                                      {product} {ergonomic}
     bool UseLargePagesIndividualAllocation        = false                                  {pd product} {ergonomic}

Logging:
Log output configuration:
 #0: stdout all=warning uptime,level,tags foldmultilines=false
 #1: stderr all=off uptime,level,tags foldmultilines=false

Environment Variables:
JAVA_HOME=C:\Program Files\Eclipse Adoptium\jdk-21.0.2.13-hotspot\
PATH=C:\Program Files\Eclipse Adoptium\jdk-21.0.2.13-hotspot\bin;C:\Windows\system32;C:\Windows;C:\Windows\System32\Wbem;C:\Windows\System32\WindowsPowerShell\v1.0\;C:\Windows\System32\OpenSSH\;C:\Program Files\Git\cmd;C:\Program Files\Docker\Docker\resources\bin;C:\Program Files\nodejs\;C:\Program Files\NVIDIA Corporation\NVIDIA NvDLISR;C:\Users\Cirilo\Downloads\apache-maven-3.9.6\bin;C:\Program Files\dotnet\;C:\Program Files\Microsoft SQL Server\150\Tools\Binn\;C:\Program Files\Microsoft SQL Server\Client SDK\ODBC\170\Tools\Binn\;C:\Program Files\GitHub CLI\;C:\Program Files (x86)\NVIDIA Corporation\PhysX\Common;C:\ProgramData\chocolatey\bin;C:\Program Files\PuTTY\;C:\Users\Cirilo\AppData\Local\Microsoft\WindowsApps;C:\Users\Cirilo\AppData\Local\GitHubDesktop\bin;C:\Users\Cirilo\AppData\Local\Programs\Microsoft VS Code\bin;C:\Users\Cirilo\AppData\Roaming\npm;C:\Users\Cirilo\.dotnet\tools
USERNAME=Cirilo
OS=Windows_NT
PROCESSOR_IDENTIFIER=AMD64 Family 23 Model 24 Stepping 1, AuthenticAMD
TMP=C:\Users\Cirilo\AppData\Local\Temp
TEMP=C:\Users\Cirilo\AppData\Local\Temp




Periodic native trim disabled

---------------  S Y S T E M  ---------------

OS:
 Windows 11 , 64 bit Build 22621 (10.0.22621.3958)
OS uptime: 16 days 13:47 hours
Hyper-V role detected

CPU: total 8 (initial active 8) (8 cores per cpu, 2 threads per core) family 23 model 24 stepping 1 microcode 0x0, cx8, cmov, fxsr, ht, mmx, 3dnowpref, sse, sse2, sse3, ssse3, sse4a, sse4.1, sse4.2, popcnt, lzcnt, tsc, tscinvbit, avx, avx2, aes, clmul, bmi1, bmi2, adx, sha, fma, vzeroupper, clflush, clflushopt, hv, rdtscp, f16c
Processor Information for all 8 processors :
  Max Mhz: 2100, Current Mhz: 2100, Mhz Limit: 2100

Memory: 4k page, system-wide physical 14274M (365M free)
TotalPageFile size 57282M (AvailPageFile size 49M)
current process WorkingSet (physical memory assigned to process): 90M, peak: 92M
current process commit charge ("private bytes"): 331M, peak: 332M

vm_info: OpenJDK 64-Bit Server VM (21.0.2+13-LTS) for windows-amd64 JRE (21.0.2+13-LTS), built on 2024-01-16T00:00:00Z by "admin" with unknown MS VC++:1937

END.
