#
# There is insufficient memory for the Java Runtime Environment to continue.
# Native memory allocation (malloc) failed to allocate 1157392 bytes for Chunk::new
# Possible reasons:
#   The system is out of physical RAM or swap space
#   The process is running with CompressedOops enabled, and the Java Heap may be blocking the growth of the native heap
# Possible solutions:
#   Reduce memory load on the system
#   Increase physical memory or swap space
#   Check if swap backing store is full
#   Decrease Java heap size (-Xmx/-Xms)
#   Decrease number of Java threads
#   Decrease Java thread stack sizes (-Xss)
#   Set larger code cache with -XX:ReservedCodeCacheSize=
#   JVM is running with Zero Based Compressed Oops mode in which the Java heap is
#     placed in the first 32GB address space. The Java Heap base address is the
#     maximum limit for the native heap growth. Please use -XX:HeapBaseMinAddress
#     to set the Java Heap base and to place the Java Heap above 32GB virtual address.
# This output file may be truncated or incomplete.
#
#  Out of Memory Error (arena.cpp:168), pid=38944, tid=40556
#
# JRE version: OpenJDK Runtime Environment Temurin-21.0.2+13 (21.0.2+13) (build 21.0.2+13-LTS)
# Java VM: OpenJDK 64-Bit Server VM Temurin-21.0.2+13 (21.0.2+13-LTS, mixed mode, sharing, tiered, compressed oops, compressed class ptrs, g1 gc, windows-amd64)
# No core dump will be written. Minidumps are not enabled by default on client versions of Windows
#

---------------  S U M M A R Y ------------

Command Line: C:\Users\Cirilo\AppData\Local\Temp\surefire6679429093996297296\surefirebooter11274908288355009684.jar C:\Users\Cirilo\AppData\Local\Temp\surefire6679429093996297296 2024-10-31T03-06-22_429-jvmRun1 surefire10655425566775310612tmp surefire_04952087969519055982tmp

Host: AMD Ryzen 5 3550H with Radeon Vega Mobile Gfx  , 8 cores, 13G,  Windows 11 , 64 bit Build 22621 (10.0.22621.3958)
Time: Thu Oct 31 03:06:38 2024 Hora oficial do Brasil elapsed time: 13.504280 seconds (0d 0h 0m 13s)

---------------  T H R E A D  ---------------

Current thread (0x000001a485cbc550):  JavaThread "C2 CompilerThread0" daemon [_thread_in_native, id=40556, stack(0x0000003b0c000000,0x0000003b0c100000) (1024K)]


Current CompileTask:
C2:  13504 2332   !   4       java.net.URL::<init> (543 bytes)

Stack: [0x0000003b0c000000,0x0000003b0c100000]
Native frames: (J=compiled Java code, j=interpreted, Vv=VM code, C=native code)
V  [jvm.dll+0x6c94f9]
V  [jvm.dll+0x8a3c21]
V  [jvm.dll+0x8a614e]
V  [jvm.dll+0x8a6823]
V  [jvm.dll+0x27fa86]
V  [jvm.dll+0xc4a2d]
V  [jvm.dll+0xc4f63]
V  [jvm.dll+0x3b3b5c]
V  [jvm.dll+0x380575]
V  [jvm.dll+0x37f9da]
V  [jvm.dll+0x247fa0]
V  [jvm.dll+0x24757f]
V  [jvm.dll+0x1c847e]
V  [jvm.dll+0x256db9]
V  [jvm.dll+0x25538a]
V  [jvm.dll+0x3ed0d6]
V  [jvm.dll+0x84cb3b]
V  [jvm.dll+0x6c7c2d]
C  [ucrtbase.dll+0x29333]
C  [KERNEL32.DLL+0x1257d]
C  [ntdll.dll+0x5af08]


---------------  P R O C E S S  ---------------

Threads class SMR info:
_java_thread_list=0x000001a4cbe4a4c0, length=12, elements={
0x000001a4e4edf300, 0x000001a485cad390, 0x000001a485caddf0, 0x000001a485cb2860,
0x000001a485cb42d0, 0x000001a485cb6d40, 0x000001a485cb97b0, 0x000001a485cbc550,
0x000001a485cbd120, 0x000001a4cb1342c0, 0x000001a4cb138950, 0x000001a4cb3fe600
}

Java Threads: ( => current thread )
  0x000001a4e4edf300 JavaThread "main"                              [_thread_in_Java, id=2796, stack(0x0000003b0b200000,0x0000003b0b300000) (1024K)]
  0x000001a485cad390 JavaThread "Reference Handler"          daemon [_thread_blocked, id=39568, stack(0x0000003b0ba00000,0x0000003b0bb00000) (1024K)]
  0x000001a485caddf0 JavaThread "Finalizer"                  daemon [_thread_blocked, id=40380, stack(0x0000003b0bb00000,0x0000003b0bc00000) (1024K)]
  0x000001a485cb2860 JavaThread "Signal Dispatcher"          daemon [_thread_blocked, id=27928, stack(0x0000003b0bc00000,0x0000003b0bd00000) (1024K)]
  0x000001a485cb42d0 JavaThread "Attach Listener"            daemon [_thread_blocked, id=16272, stack(0x0000003b0bd00000,0x0000003b0be00000) (1024K)]
  0x000001a485cb6d40 JavaThread "Service Thread"             daemon [_thread_blocked, id=40528, stack(0x0000003b0be00000,0x0000003b0bf00000) (1024K)]
  0x000001a485cb97b0 JavaThread "Monitor Deflation Thread"   daemon [_thread_blocked, id=40340, stack(0x0000003b0bf00000,0x0000003b0c000000) (1024K)]
=>0x000001a485cbc550 JavaThread "C2 CompilerThread0"         daemon [_thread_in_native, id=40556, stack(0x0000003b0c000000,0x0000003b0c100000) (1024K)]
  0x000001a485cbd120 JavaThread "C1 CompilerThread0"         daemon [_thread_blocked, id=40432, stack(0x0000003b0c100000,0x0000003b0c200000) (1024K)]
  0x000001a4cb1342c0 JavaThread "Notification Thread"        daemon [_thread_blocked, id=40456, stack(0x0000003b0c200000,0x0000003b0c300000) (1024K)]
  0x000001a4cb138950 JavaThread "Common-Cleaner"             daemon [_thread_blocked, id=40688, stack(0x0000003b0c300000,0x0000003b0c400000) (1024K)]
  0x000001a4cb3fe600 JavaThread "surefire-forkedjvm-command-thread" daemon [_thread_in_native, id=37680, stack(0x0000003b0c500000,0x0000003b0c600000) (1024K)]
Total: 12

Other Threads:
  0x000001a485c8f940 VMThread "VM Thread"                           [id=39236, stack(0x0000003b0b900000,0x0000003b0ba00000) (1024K)]
  0x000001a485c76c60 WatcherThread "VM Periodic Task Thread"        [id=38708, stack(0x0000003b0b800000,0x0000003b0b900000) (1024K)]
  0x000001a4e7254310 WorkerThread "GC Thread#0"                     [id=40364, stack(0x0000003b0b300000,0x0000003b0b400000) (1024K)]
  0x000001a4cbbfe340 WorkerThread "GC Thread#1"                     [id=928, stack(0x0000003b0c400000,0x0000003b0c500000) (1024K)]
  0x000001a4cbbfe6e0 WorkerThread "GC Thread#2"                     [id=20036, stack(0x0000003b0c600000,0x0000003b0c700000) (1024K)]
  0x000001a4cbbfea80 WorkerThread "GC Thread#3"                     [id=13564, stack(0x0000003b0c700000,0x0000003b0c800000) (1024K)]
  0x000001a4cbcd1de0 WorkerThread "GC Thread#4"                     [id=21256, stack(0x0000003b0c800000,0x0000003b0c900000) (1024K)]
  0x000001a4cbce4340 WorkerThread "GC Thread#5"                     [id=13760, stack(0x0000003b0c900000,0x0000003b0ca00000) (1024K)]
  0x000001a4cbce4f00 WorkerThread "GC Thread#6"                     [id=13784, stack(0x0000003b0ca00000,0x0000003b0cb00000) (1024K)]
  0x000001a4cbce52a0 WorkerThread "GC Thread#7"                     [id=18712, stack(0x0000003b0cb00000,0x0000003b0cc00000) (1024K)]
  0x000001a4e7263a10 ConcurrentGCThread "G1 Main Marker"            [id=40420, stack(0x0000003b0b400000,0x0000003b0b500000) (1024K)]
  0x000001a4e7264510 WorkerThread "G1 Conc#0"                       [id=39056, stack(0x0000003b0b500000,0x0000003b0b600000) (1024K)]
  0x000001a485b434e0 ConcurrentGCThread "G1 Refine#0"               [id=40684, stack(0x0000003b0b600000,0x0000003b0b700000) (1024K)]
  0x000001a485b45e00 ConcurrentGCThread "G1 Service"                [id=7220, stack(0x0000003b0b700000,0x0000003b0b800000) (1024K)]
Total: 14

Threads with active compile tasks:
C2 CompilerThread0    13549 2332   !   4       java.net.URL::<init> (543 bytes)
Total: 1

VM state: not at safepoint (normal execution)

VM Mutex/Monitor currently owned by a thread:  ([mutex/lock_event])
[0x00007ffafe2d3898] SystemDictionary_lock - owner thread: 0x0000000000000000

Heap address: 0x0000000720e00000, size: 3570 MB, Compressed Oops mode: Zero based, Oop shift amount: 3

CDS archive(s) mapped at: [0x000001a486000000-0x000001a486c90000-0x000001a486c90000), size 13172736, SharedBaseAddress: 0x000001a486000000, ArchiveRelocationMode: 1.
Compressed class space mapped at: 0x000001a487000000-0x000001a4c7000000, reserved size: 1073741824
Narrow klass base: 0x000001a486000000, Narrow klass shift: 0, Narrow klass range: 0x100000000

GC Precious Log:
 CardTable entry size: 512
 Card Set container configuration: InlinePtr #cards 4 size 8 Array Of Cards #cards 16 size 48 Howl #buckets 8 coarsen threshold 3686 Howl Bitmap #cards 512 size 80 coarsen threshold 460 Card regions per heap region 1 cards per card region 4096
 CPUs: 8 total, 8 available
 Memory: 14274M
 Large Page Support: Disabled
 NUMA Support: Disabled
 Compressed Oops: Enabled (Zero based)
 Heap Region Size: 2M
 Heap Min Capacity: 8M
 Heap Initial Capacity: 224M
 Heap Max Capacity: 3570M
 Pre-touch: Disabled
 Parallel Workers: 8
 Concurrent Workers: 2
 Concurrent Refinement Workers: 8
 Periodic GC: Disabled

Heap:
 garbage-first heap   total 229376K, used 31715K [0x0000000720e00000, 0x0000000800000000)
  region size 2048K, 14 young (28672K), 1 survivors (2048K)
 Metaspace       used 21073K, committed 21312K, reserved 1114112K
  class space    used 2343K, committed 2432K, reserved 1048576K

Heap Regions: E=young(eden), S=young(survivor), O=old, HS=humongous(starts), HC=humongous(continues), CS=collection set, F=free, TAMS=top-at-mark-start, PB=parsable bottom
|   0|0x0000000720e00000, 0x0000000721000000, 0x0000000721000000|100%| O|  |TAMS 0x0000000720e00000| PB 0x0000000720e00000| Untracked 
|   1|0x0000000721000000, 0x0000000721200000, 0x0000000721200000|100%| O|  |TAMS 0x0000000721000000| PB 0x0000000721000000| Untracked 
|   2|0x0000000721200000, 0x0000000721315e10, 0x0000000721400000| 54%| O|  |TAMS 0x0000000721200000| PB 0x0000000721200000| Untracked 
|   3|0x0000000721400000, 0x0000000721600000, 0x0000000721600000|100%|HS|  |TAMS 0x0000000721400000| PB 0x0000000721400000| Complete 
|   4|0x0000000721600000, 0x0000000721600000, 0x0000000721800000|  0%| F|  |TAMS 0x0000000721600000| PB 0x0000000721600000| Untracked 
|   5|0x0000000721800000, 0x0000000721800000, 0x0000000721a00000|  0%| F|  |TAMS 0x0000000721800000| PB 0x0000000721800000| Untracked 
|   6|0x0000000721a00000, 0x0000000721a00000, 0x0000000721c00000|  0%| F|  |TAMS 0x0000000721a00000| PB 0x0000000721a00000| Untracked 
|   7|0x0000000721c00000, 0x0000000721c00000, 0x0000000721e00000|  0%| F|  |TAMS 0x0000000721c00000| PB 0x0000000721c00000| Untracked 
|   8|0x0000000721e00000, 0x0000000721e00000, 0x0000000722000000|  0%| F|  |TAMS 0x0000000721e00000| PB 0x0000000721e00000| Untracked 
|   9|0x0000000722000000, 0x0000000722000000, 0x0000000722200000|  0%| F|  |TAMS 0x0000000722000000| PB 0x0000000722000000| Untracked 
|  10|0x0000000722200000, 0x0000000722200000, 0x0000000722400000|  0%| F|  |TAMS 0x0000000722200000| PB 0x0000000722200000| Untracked 
|  11|0x0000000722400000, 0x0000000722400000, 0x0000000722600000|  0%| F|  |TAMS 0x0000000722400000| PB 0x0000000722400000| Untracked 
|  12|0x0000000722600000, 0x0000000722600000, 0x0000000722800000|  0%| F|  |TAMS 0x0000000722600000| PB 0x0000000722600000| Untracked 
|  13|0x0000000722800000, 0x0000000722800000, 0x0000000722a00000|  0%| F|  |TAMS 0x0000000722800000| PB 0x0000000722800000| Untracked 
|  14|0x0000000722a00000, 0x0000000722a00000, 0x0000000722c00000|  0%| F|  |TAMS 0x0000000722a00000| PB 0x0000000722a00000| Untracked 
|  15|0x0000000722c00000, 0x0000000722c00000, 0x0000000722e00000|  0%| F|  |TAMS 0x0000000722c00000| PB 0x0000000722c00000| Untracked 
|  16|0x0000000722e00000, 0x0000000722e00000, 0x0000000723000000|  0%| F|  |TAMS 0x0000000722e00000| PB 0x0000000722e00000| Untracked 
|  17|0x0000000723000000, 0x0000000723000000, 0x0000000723200000|  0%| F|  |TAMS 0x0000000723000000| PB 0x0000000723000000| Untracked 
|  18|0x0000000723200000, 0x0000000723200000, 0x0000000723400000|  0%| F|  |TAMS 0x0000000723200000| PB 0x0000000723200000| Untracked 
|  19|0x0000000723400000, 0x0000000723400000, 0x0000000723600000|  0%| F|  |TAMS 0x0000000723400000| PB 0x0000000723400000| Untracked 
|  20|0x0000000723600000, 0x0000000723600000, 0x0000000723800000|  0%| F|  |TAMS 0x0000000723600000| PB 0x0000000723600000| Untracked 
|  21|0x0000000723800000, 0x0000000723800000, 0x0000000723a00000|  0%| F|  |TAMS 0x0000000723800000| PB 0x0000000723800000| Untracked 
|  22|0x0000000723a00000, 0x0000000723a00000, 0x0000000723c00000|  0%| F|  |TAMS 0x0000000723a00000| PB 0x0000000723a00000| Untracked 
|  23|0x0000000723c00000, 0x0000000723c00000, 0x0000000723e00000|  0%| F|  |TAMS 0x0000000723c00000| PB 0x0000000723c00000| Untracked 
|  24|0x0000000723e00000, 0x0000000723e00000, 0x0000000724000000|  0%| F|  |TAMS 0x0000000723e00000| PB 0x0000000723e00000| Untracked 
|  25|0x0000000724000000, 0x0000000724000000, 0x0000000724200000|  0%| F|  |TAMS 0x0000000724000000| PB 0x0000000724000000| Untracked 
|  26|0x0000000724200000, 0x0000000724200000, 0x0000000724400000|  0%| F|  |TAMS 0x0000000724200000| PB 0x0000000724200000| Untracked 
|  27|0x0000000724400000, 0x0000000724400000, 0x0000000724600000|  0%| F|  |TAMS 0x0000000724400000| PB 0x0000000724400000| Untracked 
|  28|0x0000000724600000, 0x0000000724600000, 0x0000000724800000|  0%| F|  |TAMS 0x0000000724600000| PB 0x0000000724600000| Untracked 
|  29|0x0000000724800000, 0x0000000724800000, 0x0000000724a00000|  0%| F|  |TAMS 0x0000000724800000| PB 0x0000000724800000| Untracked 
|  30|0x0000000724a00000, 0x0000000724a00000, 0x0000000724c00000|  0%| F|  |TAMS 0x0000000724a00000| PB 0x0000000724a00000| Untracked 
|  31|0x0000000724c00000, 0x0000000724c00000, 0x0000000724e00000|  0%| F|  |TAMS 0x0000000724c00000| PB 0x0000000724c00000| Untracked 
|  32|0x0000000724e00000, 0x0000000724e00000, 0x0000000725000000|  0%| F|  |TAMS 0x0000000724e00000| PB 0x0000000724e00000| Untracked 
|  33|0x0000000725000000, 0x0000000725000000, 0x0000000725200000|  0%| F|  |TAMS 0x0000000725000000| PB 0x0000000725000000| Untracked 
|  34|0x0000000725200000, 0x0000000725200000, 0x0000000725400000|  0%| F|  |TAMS 0x0000000725200000| PB 0x0000000725200000| Untracked 
|  35|0x0000000725400000, 0x0000000725400000, 0x0000000725600000|  0%| F|  |TAMS 0x0000000725400000| PB 0x0000000725400000| Untracked 
|  36|0x0000000725600000, 0x0000000725600000, 0x0000000725800000|  0%| F|  |TAMS 0x0000000725600000| PB 0x0000000725600000| Untracked 
|  37|0x0000000725800000, 0x0000000725800000, 0x0000000725a00000|  0%| F|  |TAMS 0x0000000725800000| PB 0x0000000725800000| Untracked 
|  38|0x0000000725a00000, 0x0000000725a00000, 0x0000000725c00000|  0%| F|  |TAMS 0x0000000725a00000| PB 0x0000000725a00000| Untracked 
|  39|0x0000000725c00000, 0x0000000725c00000, 0x0000000725e00000|  0%| F|  |TAMS 0x0000000725c00000| PB 0x0000000725c00000| Untracked 
|  40|0x0000000725e00000, 0x0000000725e00000, 0x0000000726000000|  0%| F|  |TAMS 0x0000000725e00000| PB 0x0000000725e00000| Untracked 
|  41|0x0000000726000000, 0x0000000726000000, 0x0000000726200000|  0%| F|  |TAMS 0x0000000726000000| PB 0x0000000726000000| Untracked 
|  42|0x0000000726200000, 0x0000000726200000, 0x0000000726400000|  0%| F|  |TAMS 0x0000000726200000| PB 0x0000000726200000| Untracked 
|  43|0x0000000726400000, 0x0000000726400000, 0x0000000726600000|  0%| F|  |TAMS 0x0000000726400000| PB 0x0000000726400000| Untracked 
|  44|0x0000000726600000, 0x0000000726600000, 0x0000000726800000|  0%| F|  |TAMS 0x0000000726600000| PB 0x0000000726600000| Untracked 
|  45|0x0000000726800000, 0x0000000726800000, 0x0000000726a00000|  0%| F|  |TAMS 0x0000000726800000| PB 0x0000000726800000| Untracked 
|  46|0x0000000726a00000, 0x0000000726a00000, 0x0000000726c00000|  0%| F|  |TAMS 0x0000000726a00000| PB 0x0000000726a00000| Untracked 
|  47|0x0000000726c00000, 0x0000000726c00000, 0x0000000726e00000|  0%| F|  |TAMS 0x0000000726c00000| PB 0x0000000726c00000| Untracked 
|  48|0x0000000726e00000, 0x0000000726e00000, 0x0000000727000000|  0%| F|  |TAMS 0x0000000726e00000| PB 0x0000000726e00000| Untracked 
|  49|0x0000000727000000, 0x0000000727000000, 0x0000000727200000|  0%| F|  |TAMS 0x0000000727000000| PB 0x0000000727000000| Untracked 
|  50|0x0000000727200000, 0x0000000727200000, 0x0000000727400000|  0%| F|  |TAMS 0x0000000727200000| PB 0x0000000727200000| Untracked 
|  51|0x0000000727400000, 0x0000000727400000, 0x0000000727600000|  0%| F|  |TAMS 0x0000000727400000| PB 0x0000000727400000| Untracked 
|  52|0x0000000727600000, 0x0000000727600000, 0x0000000727800000|  0%| F|  |TAMS 0x0000000727600000| PB 0x0000000727600000| Untracked 
|  53|0x0000000727800000, 0x0000000727800000, 0x0000000727a00000|  0%| F|  |TAMS 0x0000000727800000| PB 0x0000000727800000| Untracked 
|  54|0x0000000727a00000, 0x0000000727a00000, 0x0000000727c00000|  0%| F|  |TAMS 0x0000000727a00000| PB 0x0000000727a00000| Untracked 
|  55|0x0000000727c00000, 0x0000000727c00000, 0x0000000727e00000|  0%| F|  |TAMS 0x0000000727c00000| PB 0x0000000727c00000| Untracked 
|  56|0x0000000727e00000, 0x0000000727e00000, 0x0000000728000000|  0%| F|  |TAMS 0x0000000727e00000| PB 0x0000000727e00000| Untracked 
|  57|0x0000000728000000, 0x0000000728000000, 0x0000000728200000|  0%| F|  |TAMS 0x0000000728000000| PB 0x0000000728000000| Untracked 
|  58|0x0000000728200000, 0x0000000728200000, 0x0000000728400000|  0%| F|  |TAMS 0x0000000728200000| PB 0x0000000728200000| Untracked 
|  59|0x0000000728400000, 0x0000000728400000, 0x0000000728600000|  0%| F|  |TAMS 0x0000000728400000| PB 0x0000000728400000| Untracked 
|  60|0x0000000728600000, 0x0000000728600000, 0x0000000728800000|  0%| F|  |TAMS 0x0000000728600000| PB 0x0000000728600000| Untracked 
|  61|0x0000000728800000, 0x0000000728800000, 0x0000000728a00000|  0%| F|  |TAMS 0x0000000728800000| PB 0x0000000728800000| Untracked 
|  62|0x0000000728a00000, 0x0000000728a00000, 0x0000000728c00000|  0%| F|  |TAMS 0x0000000728a00000| PB 0x0000000728a00000| Untracked 
|  63|0x0000000728c00000, 0x0000000728c00000, 0x0000000728e00000|  0%| F|  |TAMS 0x0000000728c00000| PB 0x0000000728c00000| Untracked 
|  64|0x0000000728e00000, 0x0000000728e00000, 0x0000000729000000|  0%| F|  |TAMS 0x0000000728e00000| PB 0x0000000728e00000| Untracked 
|  65|0x0000000729000000, 0x0000000729000000, 0x0000000729200000|  0%| F|  |TAMS 0x0000000729000000| PB 0x0000000729000000| Untracked 
|  66|0x0000000729200000, 0x0000000729200000, 0x0000000729400000|  0%| F|  |TAMS 0x0000000729200000| PB 0x0000000729200000| Untracked 
|  67|0x0000000729400000, 0x0000000729400000, 0x0000000729600000|  0%| F|  |TAMS 0x0000000729400000| PB 0x0000000729400000| Untracked 
|  68|0x0000000729600000, 0x0000000729600000, 0x0000000729800000|  0%| F|  |TAMS 0x0000000729600000| PB 0x0000000729600000| Untracked 
|  69|0x0000000729800000, 0x0000000729800000, 0x0000000729a00000|  0%| F|  |TAMS 0x0000000729800000| PB 0x0000000729800000| Untracked 
|  70|0x0000000729a00000, 0x0000000729a00000, 0x0000000729c00000|  0%| F|  |TAMS 0x0000000729a00000| PB 0x0000000729a00000| Untracked 
|  71|0x0000000729c00000, 0x0000000729c00000, 0x0000000729e00000|  0%| F|  |TAMS 0x0000000729c00000| PB 0x0000000729c00000| Untracked 
|  72|0x0000000729e00000, 0x0000000729e00000, 0x000000072a000000|  0%| F|  |TAMS 0x0000000729e00000| PB 0x0000000729e00000| Untracked 
|  73|0x000000072a000000, 0x000000072a000000, 0x000000072a200000|  0%| F|  |TAMS 0x000000072a000000| PB 0x000000072a000000| Untracked 
|  74|0x000000072a200000, 0x000000072a200000, 0x000000072a400000|  0%| F|  |TAMS 0x000000072a200000| PB 0x000000072a200000| Untracked 
|  75|0x000000072a400000, 0x000000072a400000, 0x000000072a600000|  0%| F|  |TAMS 0x000000072a400000| PB 0x000000072a400000| Untracked 
|  76|0x000000072a600000, 0x000000072a600000, 0x000000072a800000|  0%| F|  |TAMS 0x000000072a600000| PB 0x000000072a600000| Untracked 
|  77|0x000000072a800000, 0x000000072a800000, 0x000000072aa00000|  0%| F|  |TAMS 0x000000072a800000| PB 0x000000072a800000| Untracked 
|  78|0x000000072aa00000, 0x000000072aa00000, 0x000000072ac00000|  0%| F|  |TAMS 0x000000072aa00000| PB 0x000000072aa00000| Untracked 
|  79|0x000000072ac00000, 0x000000072ac00000, 0x000000072ae00000|  0%| F|  |TAMS 0x000000072ac00000| PB 0x000000072ac00000| Untracked 
|  80|0x000000072ae00000, 0x000000072ae00000, 0x000000072b000000|  0%| F|  |TAMS 0x000000072ae00000| PB 0x000000072ae00000| Untracked 
|  81|0x000000072b000000, 0x000000072b000000, 0x000000072b200000|  0%| F|  |TAMS 0x000000072b000000| PB 0x000000072b000000| Untracked 
|  82|0x000000072b200000, 0x000000072b200000, 0x000000072b400000|  0%| F|  |TAMS 0x000000072b200000| PB 0x000000072b200000| Untracked 
|  83|0x000000072b400000, 0x000000072b400000, 0x000000072b600000|  0%| F|  |TAMS 0x000000072b400000| PB 0x000000072b400000| Untracked 
|  84|0x000000072b600000, 0x000000072b600000, 0x000000072b800000|  0%| F|  |TAMS 0x000000072b600000| PB 0x000000072b600000| Untracked 
|  85|0x000000072b800000, 0x000000072b800000, 0x000000072ba00000|  0%| F|  |TAMS 0x000000072b800000| PB 0x000000072b800000| Untracked 
|  86|0x000000072ba00000, 0x000000072ba00000, 0x000000072bc00000|  0%| F|  |TAMS 0x000000072ba00000| PB 0x000000072ba00000| Untracked 
|  87|0x000000072bc00000, 0x000000072bc00000, 0x000000072be00000|  0%| F|  |TAMS 0x000000072bc00000| PB 0x000000072bc00000| Untracked 
|  88|0x000000072be00000, 0x000000072be00000, 0x000000072c000000|  0%| F|  |TAMS 0x000000072be00000| PB 0x000000072be00000| Untracked 
|  89|0x000000072c000000, 0x000000072c000000, 0x000000072c200000|  0%| F|  |TAMS 0x000000072c000000| PB 0x000000072c000000| Untracked 
|  90|0x000000072c200000, 0x000000072c200000, 0x000000072c400000|  0%| F|  |TAMS 0x000000072c200000| PB 0x000000072c200000| Untracked 
|  91|0x000000072c400000, 0x000000072c400000, 0x000000072c600000|  0%| F|  |TAMS 0x000000072c400000| PB 0x000000072c400000| Untracked 
|  92|0x000000072c600000, 0x000000072c600000, 0x000000072c800000|  0%| F|  |TAMS 0x000000072c600000| PB 0x000000072c600000| Untracked 
|  93|0x000000072c800000, 0x000000072c800000, 0x000000072ca00000|  0%| F|  |TAMS 0x000000072c800000| PB 0x000000072c800000| Untracked 
|  94|0x000000072ca00000, 0x000000072ca00000, 0x000000072cc00000|  0%| F|  |TAMS 0x000000072ca00000| PB 0x000000072ca00000| Untracked 
|  95|0x000000072cc00000, 0x000000072cde2f90, 0x000000072ce00000| 94%| S|CS|TAMS 0x000000072cc00000| PB 0x000000072cc00000| Complete 
|  96|0x000000072ce00000, 0x000000072ce00000, 0x000000072d000000|  0%| F|  |TAMS 0x000000072ce00000| PB 0x000000072ce00000| Untracked 
|  97|0x000000072d000000, 0x000000072d000000, 0x000000072d200000|  0%| F|  |TAMS 0x000000072d000000| PB 0x000000072d000000| Untracked 
|  98|0x000000072d200000, 0x000000072d200000, 0x000000072d400000|  0%| F|  |TAMS 0x000000072d200000| PB 0x000000072d200000| Untracked 
|  99|0x000000072d400000, 0x000000072d524a88, 0x000000072d600000| 57%| E|  |TAMS 0x000000072d400000| PB 0x000000072d400000| Complete 
| 100|0x000000072d600000, 0x000000072d800000, 0x000000072d800000|100%| E|CS|TAMS 0x000000072d600000| PB 0x000000072d600000| Complete 
| 101|0x000000072d800000, 0x000000072da00000, 0x000000072da00000|100%| E|  |TAMS 0x000000072d800000| PB 0x000000072d800000| Complete 
| 102|0x000000072da00000, 0x000000072dc00000, 0x000000072dc00000|100%| E|CS|TAMS 0x000000072da00000| PB 0x000000072da00000| Complete 
| 103|0x000000072dc00000, 0x000000072de00000, 0x000000072de00000|100%| E|CS|TAMS 0x000000072dc00000| PB 0x000000072dc00000| Complete 
| 104|0x000000072de00000, 0x000000072e000000, 0x000000072e000000|100%| E|CS|TAMS 0x000000072de00000| PB 0x000000072de00000| Complete 
| 105|0x000000072e000000, 0x000000072e200000, 0x000000072e200000|100%| E|CS|TAMS 0x000000072e000000| PB 0x000000072e000000| Complete 
| 106|0x000000072e200000, 0x000000072e400000, 0x000000072e400000|100%| E|CS|TAMS 0x000000072e200000| PB 0x000000072e200000| Complete 
| 107|0x000000072e400000, 0x000000072e600000, 0x000000072e600000|100%| E|CS|TAMS 0x000000072e400000| PB 0x000000072e400000| Complete 
| 108|0x000000072e600000, 0x000000072e800000, 0x000000072e800000|100%| E|CS|TAMS 0x000000072e600000| PB 0x000000072e600000| Complete 
| 109|0x000000072e800000, 0x000000072ea00000, 0x000000072ea00000|100%| E|CS|TAMS 0x000000072e800000| PB 0x000000072e800000| Complete 
| 110|0x000000072ea00000, 0x000000072ec00000, 0x000000072ec00000|100%| E|CS|TAMS 0x000000072ea00000| PB 0x000000072ea00000| Complete 
| 111|0x000000072ec00000, 0x000000072ee00000, 0x000000072ee00000|100%| E|CS|TAMS 0x000000072ec00000| PB 0x000000072ec00000| Complete 

Card table byte_map: [0x000001a4ff300000,0x000001a4ffa00000] _byte_map_base: 0x000001a4fb9f9000

Marking Bits: (CMBitMap*) 0x000001a4e7254a10
 Bits: [0x000001a480000000, 0x000001a4837c8000)

Polling page: 0x000001a4e51a0000

Metaspace:

Usage:
  Non-class:     18.48 MB used.
      Class:      2.30 MB used.
       Both:     20.77 MB used.

Virtual space:
  Non-class space:       64.00 MB reserved,      18.62 MB ( 29%) committed,  1 nodes.
      Class space:        1.00 GB reserved,       2.38 MB ( <1%) committed,  1 nodes.
             Both:        1.06 GB reserved,      21.00 MB (  2%) committed. 

Chunk freelists:
   Non-Class:  13.20 MB
       Class:  13.64 MB
        Both:  26.84 MB

MaxMetaspaceSize: unlimited
CompressedClassSpaceSize: 1.00 GB
Initial GC threshold: 21.00 MB
Current GC threshold: 21.00 MB
CDS: on
 - commit_granule_bytes: 65536.
 - commit_granule_words: 8192.
 - virtual_space_node_default_size: 8388608.
 - enlarge_chunks_in_place: 1.
 - use_allocation_guard: 0.


Internal statistics:

num_allocs_failed_limit: 0.
num_arena_births: 218.
num_arena_deaths: 0.
num_vsnodes_births: 2.
num_vsnodes_deaths: 0.
num_space_committed: 336.
num_space_uncommitted: 0.
num_chunks_returned_to_freelist: 0.
num_chunks_taken_from_freelist: 847.
num_chunk_merges: 0.
num_chunk_splits: 640.
num_chunks_enlarged: 529.
num_inconsistent_stats: 0.

CodeHeap 'non-profiled nmethods': size=120000Kb used=852Kb max_used=852Kb free=119147Kb
 bounds [0x000001a4f73a0000, 0x000001a4f7610000, 0x000001a4fe8d0000]
CodeHeap 'profiled nmethods': size=120000Kb used=4543Kb max_used=4543Kb free=115456Kb
 bounds [0x000001a4ef8d0000, 0x000001a4efd40000, 0x000001a4f6e00000]
CodeHeap 'non-nmethods': size=5760Kb used=2597Kb max_used=2597Kb free=3162Kb
 bounds [0x000001a4f6e00000, 0x000001a4f7090000, 0x000001a4f73a0000]
 total_blobs=3132 nmethods=2376 adapters=660
 compilation: enabled
              stopped_count=0, restarted_count=0
 full_count=0

Compilation events (20 events):
Event: 13.460 Thread 0x000001a485cbd120 2360       3       java.lang.invoke.BoundMethodHandle$Species_LL::make (12 bytes)
Event: 13.461 Thread 0x000001a485cbd120 nmethod 2360 0x000001a4efd32010 code [0x000001a4efd321c0, 0x000001a4efd32498]
Event: 13.461 Thread 0x000001a485cbd120 2361       3       java.lang.invoke.BoundMethodHandle$Species_LL::<init> (18 bytes)
Event: 13.462 Thread 0x000001a485cbd120 nmethod 2361 0x000001a4efd32590 code [0x000001a4efd32740, 0x000001a4efd329e0]
Event: 13.462 Thread 0x000001a485cbd120 2358       1       org.codehaus.groovy.reflection.GeneratedMetaMethod::getReturnType (5 bytes)
Event: 13.462 Thread 0x000001a485cbd120 nmethod 2358 0x000001a4f7474790 code [0x000001a4f7474920, 0x000001a4f74749f0]
Event: 13.463 Thread 0x000001a485cbd120 2362       3       java.lang.reflect.Executable::isSynthetic (8 bytes)
Event: 13.464 Thread 0x000001a485cbd120 nmethod 2362 0x000001a4efd32b10 code [0x000001a4efd32cc0, 0x000001a4efd32f40]
Event: 13.468 Thread 0x000001a485cbd120 2363       3       java.beans.Introspector::addMethod (196 bytes)
Event: 13.471 Thread 0x000001a485cbd120 nmethod 2363 0x000001a4efd33010 code [0x000001a4efd332c0, 0x000001a4efd34018]
Event: 13.471 Thread 0x000001a485cbd120 2364       3       org.codehaus.groovy.util.ReferenceType$1::createReference (11 bytes)
Event: 13.472 Thread 0x000001a485cbd120 nmethod 2364 0x000001a4efd34410 code [0x000001a4efd345e0, 0x000001a4efd34a68]
Event: 13.472 Thread 0x000001a485cbd120 2365       3       org.codehaus.groovy.util.ReferenceType$SoftRef::<init> (12 bytes)
Event: 13.472 Thread 0x000001a485cbd120 nmethod 2365 0x000001a4efd34c10 code [0x000001a4efd34de0, 0x000001a4efd35198]
Event: 13.487 Thread 0x000001a485cbd120 2367       3       java.util.concurrent.locks.ReentrantLock::newCondition (8 bytes)
Event: 13.487 Thread 0x000001a485cbd120 nmethod 2367 0x000001a4efd35310 code [0x000001a4efd354c0, 0x000001a4efd357b8]
Event: 13.487 Thread 0x000001a485cbd120 2368       3       java.util.concurrent.locks.ReentrantLock$Sync::newCondition (9 bytes)
Event: 13.488 Thread 0x000001a485cbd120 nmethod 2368 0x000001a4efd35910 code [0x000001a4efd35ac0, 0x000001a4efd35d48]
Event: 13.495 Thread 0x000001a485cbd120 2369       3       java.security.CodeSource::matchCerts (254 bytes)
Event: 13.496 Thread 0x000001a485cbd120 nmethod 2369 0x000001a4efd35e90 code [0x000001a4efd36100, 0x000001a4efd36c80]

GC Heap History (4 events):
Event: 2.722 GC heap before
{Heap before GC invocations=0 (full 0):
 garbage-first heap   total 229376K, used 22528K [0x0000000720e00000, 0x0000000800000000)
  region size 2048K, 11 young (22528K), 0 survivors (0K)
 Metaspace       used 6527K, committed 6656K, reserved 1114112K
  class space    used 726K, committed 768K, reserved 1048576K
}
Event: 2.758 GC heap after
{Heap after GC invocations=1 (full 0):
 garbage-first heap   total 229376K, used 5095K [0x0000000720e00000, 0x0000000800000000)
  region size 2048K, 2 young (4096K), 2 survivors (4096K)
 Metaspace       used 6527K, committed 6656K, reserved 1114112K
  class space    used 726K, committed 768K, reserved 1048576K
}
Event: 11.122 GC heap before
{Heap before GC invocations=1 (full 0):
 garbage-first heap   total 229376K, used 33767K [0x0000000720e00000, 0x0000000800000000)
  region size 2048K, 16 young (32768K), 2 survivors (4096K)
 Metaspace       used 13962K, committed 14208K, reserved 1114112K
  class space    used 1605K, committed 1728K, reserved 1048576K
}
Event: 11.130 GC heap after
{Heap after GC invocations=2 (full 0):
 garbage-first heap   total 229376K, used 7139K [0x0000000720e00000, 0x0000000800000000)
  region size 2048K, 1 young (2048K), 1 survivors (2048K)
 Metaspace       used 13962K, committed 14208K, reserved 1114112K
  class space    used 1605K, committed 1728K, reserved 1048576K
}

Dll operation events (9 events):
Event: 0.027 Loaded shared library C:\Program Files\Eclipse Adoptium\jdk-21.0.2.13-hotspot\bin\java.dll
Event: 0.196 Loaded shared library C:\Program Files\Eclipse Adoptium\jdk-21.0.2.13-hotspot\bin\jsvml.dll
Event: 0.235 Loaded shared library C:\Program Files\Eclipse Adoptium\jdk-21.0.2.13-hotspot\bin\net.dll
Event: 0.240 Loaded shared library C:\Program Files\Eclipse Adoptium\jdk-21.0.2.13-hotspot\bin\nio.dll
Event: 0.249 Loaded shared library C:\Program Files\Eclipse Adoptium\jdk-21.0.2.13-hotspot\bin\zip.dll
Event: 0.409 Loaded shared library C:\Program Files\Eclipse Adoptium\jdk-21.0.2.13-hotspot\bin\management.dll
Event: 0.441 Loaded shared library C:\Program Files\Eclipse Adoptium\jdk-21.0.2.13-hotspot\bin\management_ext.dll
Event: 0.531 Loaded shared library C:\Program Files\Eclipse Adoptium\jdk-21.0.2.13-hotspot\bin\jimage.dll
Event: 1.213 Loaded shared library C:\Program Files\Eclipse Adoptium\jdk-21.0.2.13-hotspot\bin\verify.dll

Deoptimization events (20 events):
Event: 11.941 Thread 0x000001a4e4edf300 Uncommon trap: trap_request=0xffffffde fr.pc=0x000001a4f7428494 relative=0x0000000000000854
Event: 11.941 Thread 0x000001a4e4edf300 Uncommon trap: reason=class_check action=maybe_recompile pc=0x000001a4f7428494 method=java.util.HashMap.putVal(ILjava/lang/Object;Ljava/lang/Object;ZZ)Ljava/lang/Object; @ 91 c2
Event: 11.941 Thread 0x000001a4e4edf300 DEOPT PACKING pc=0x000001a4f7428494 sp=0x0000003b0b2fb700
Event: 11.941 Thread 0x000001a4e4edf300 DEOPT UNPACKING pc=0x000001a4f6e546a2 sp=0x0000003b0b2fb628 mode 2
Event: 11.942 Thread 0x000001a4e4edf300 Uncommon trap: trap_request=0xffffffde fr.pc=0x000001a4f7428514 relative=0x00000000000008d4
Event: 11.942 Thread 0x000001a4e4edf300 Uncommon trap: reason=class_check action=maybe_recompile pc=0x000001a4f7428514 method=java.util.HashMap.putVal(ILjava/lang/Object;Ljava/lang/Object;ZZ)Ljava/lang/Object; @ 203 c2
Event: 11.942 Thread 0x000001a4e4edf300 DEOPT PACKING pc=0x000001a4f7428514 sp=0x0000003b0b2fb700
Event: 11.942 Thread 0x000001a4e4edf300 DEOPT UNPACKING pc=0x000001a4f6e546a2 sp=0x0000003b0b2fb628 mode 2
Event: 11.942 Thread 0x000001a4e4edf300 Uncommon trap: trap_request=0xffffffde fr.pc=0x000001a4f7428514 relative=0x00000000000008d4
Event: 11.942 Thread 0x000001a4e4edf300 Uncommon trap: reason=class_check action=maybe_recompile pc=0x000001a4f7428514 method=java.util.HashMap.putVal(ILjava/lang/Object;Ljava/lang/Object;ZZ)Ljava/lang/Object; @ 203 c2
Event: 11.942 Thread 0x000001a4e4edf300 DEOPT PACKING pc=0x000001a4f7428514 sp=0x0000003b0b2fb700
Event: 11.942 Thread 0x000001a4e4edf300 DEOPT UNPACKING pc=0x000001a4f6e546a2 sp=0x0000003b0b2fb628 mode 2
Event: 11.942 Thread 0x000001a4e4edf300 Uncommon trap: trap_request=0xffffffde fr.pc=0x000001a4f74250e4 relative=0x0000000000000824
Event: 11.942 Thread 0x000001a4e4edf300 Uncommon trap: reason=class_check action=maybe_recompile pc=0x000001a4f74250e4 method=java.util.HashMap.putVal(ILjava/lang/Object;Ljava/lang/Object;ZZ)Ljava/lang/Object; @ 91 c2
Event: 11.943 Thread 0x000001a4e4edf300 DEOPT PACKING pc=0x000001a4f74250e4 sp=0x0000003b0b2fb660
Event: 11.943 Thread 0x000001a4e4edf300 DEOPT UNPACKING pc=0x000001a4f6e546a2 sp=0x0000003b0b2fb620 mode 2
Event: 13.378 Thread 0x000001a4e4edf300 Uncommon trap: trap_request=0xffffff45 fr.pc=0x000001a4f746e568 relative=0x00000000000008c8
Event: 13.378 Thread 0x000001a4e4edf300 Uncommon trap: reason=unstable_if action=reinterpret pc=0x000001a4f746e568 method=java.lang.Class.getPackageName()Ljava/lang/String; @ 55 c2
Event: 13.378 Thread 0x000001a4e4edf300 DEOPT PACKING pc=0x000001a4f746e568 sp=0x0000003b0b2fc2c0
Event: 13.378 Thread 0x000001a4e4edf300 DEOPT UNPACKING pc=0x000001a4f6e546a2 sp=0x0000003b0b2fc280 mode 2

Classes loaded (20 events):
Event: 13.240 Loading class sun/reflect/generics/tree/BooleanSignature
Event: 13.240 Loading class sun/reflect/generics/tree/BooleanSignature done
Event: 13.242 Loading class sun/reflect/generics/reflectiveObjects/GenericArrayTypeImpl
Event: 13.243 Loading class sun/reflect/generics/reflectiveObjects/GenericArrayTypeImpl done
Event: 13.255 Loading class jdk/internal/vm/annotation/ForceInline
Event: 13.256 Loading class jdk/internal/vm/annotation/ForceInline done
Event: 13.290 Loading class sun/reflect/MagicAccessorImpl
Event: 13.290 Loading class sun/reflect/MagicAccessorImpl done
Event: 13.378 Loading class java/security/AllPermissionCollection
Event: 13.378 Loading class java/security/AllPermissionCollection done
Event: 13.465 Loading class java/lang/EnumBeanInfo
Event: 13.465 Loading class java/lang/EnumBeanInfo done
Event: 13.465 Loading class java/lang/EnumBeanInfo
Event: 13.465 Loading class java/lang/EnumBeanInfo done
Event: 13.465 Loading class java/lang/EnumCustomizer
Event: 13.465 Loading class java/lang/EnumCustomizer done
Event: 13.465 Loading class java/lang/EnumCustomizer
Event: 13.465 Loading class java/lang/EnumCustomizer done
Event: 13.466 Loading class sun/reflect/generics/tree/IntSignature
Event: 13.466 Loading class sun/reflect/generics/tree/IntSignature done

Classes unloaded (0 events):
No events

Classes redefined (0 events):
No events

Internal exceptions (20 events):
Event: 12.360 Thread 0x000001a4e4edf300 Exception <a 'java/lang/NoSuchMethodError'{0x000000072e1fa2a0}: 'java.lang.reflect.Method[] java.lang.Class.getDeclaredMethods(java.lang.Class)'> (0x000000072e1fa2a0) 
thrown [s\src\hotspot\share\interpreter\linkResolver.cpp, line 773]
Event: 12.774 Thread 0x000001a4e4edf300 Exception <a 'java/lang/ClassNotFoundException'{0x000000072dc499a0}: groovy/lang/ExpandoMetaClassBeanInfo> (0x000000072dc499a0) 
thrown [s\src\hotspot\share\classfile\systemDictionary.cpp, line 312]
Event: 12.775 Thread 0x000001a4e4edf300 Exception <a 'java/lang/ClassNotFoundException'{0x000000072dc4e0e8}: groovy/lang/MetaClassImplBeanInfo> (0x000000072dc4e0e8) 
thrown [s\src\hotspot\share\classfile\systemDictionary.cpp, line 312]
Event: 12.776 Thread 0x000001a4e4edf300 Exception <a 'java/lang/ClassNotFoundException'{0x000000072dc4f330}: java/lang/ObjectBeanInfo> (0x000000072dc4f330) 
thrown [s\src\hotspot\share\classfile\systemDictionary.cpp, line 312]
Event: 12.777 Thread 0x000001a4e4edf300 Exception <a 'java/lang/ClassNotFoundException'{0x000000072dc50c20}: java/lang/ObjectCustomizer> (0x000000072dc50c20) 
thrown [s\src\hotspot\share\classfile\systemDictionary.cpp, line 312]
Event: 12.804 Thread 0x000001a4e4edf300 Exception <a 'java/lang/ClassNotFoundException'{0x000000072dc60bc0}: groovy/lang/MetaClassImplCustomizer> (0x000000072dc60bc0) 
thrown [s\src\hotspot\share\classfile\systemDictionary.cpp, line 312]
Event: 12.817 Thread 0x000001a4e4edf300 Exception <a 'java/lang/ClassNotFoundException'{0x000000072dc85ed8}: groovy/lang/ExpandoMetaClassCustomizer> (0x000000072dc85ed8) 
thrown [s\src\hotspot\share\classfile\systemDictionary.cpp, line 312]
Event: 12.937 Thread 0x000001a4e4edf300 Exception <a 'java/lang/ClassNotFoundException'{0x000000072dd6ee18}: io/restassured/authentication/NoAuthSchemeBeanInfo> (0x000000072dd6ee18) 
thrown [s\src\hotspot\share\classfile\systemDictionary.cpp, line 312]
Event: 12.938 Thread 0x000001a4e4edf300 Exception <a 'java/lang/ClassNotFoundException'{0x000000072dd739b0}: io/restassured/authentication/NoAuthSchemeCustomizer> (0x000000072dd739b0) 
thrown [s\src\hotspot\share\classfile\systemDictionary.cpp, line 312]
Event: 13.167 Thread 0x000001a4e4edf300 Exception <a 'java/lang/NoClassDefFoundError'{0x000000072dae1230}: org/apache/log4j/Priority> (0x000000072dae1230) 
thrown [s\src\hotspot\share\classfile\systemDictionary.cpp, line 301]
Event: 13.217 Thread 0x000001a4e4edf300 Exception <a 'java/lang/ClassNotFoundException'{0x000000072db6b7b8}: org/apache/http/conn/ssl/X509HostnameVerifierBeanInfo> (0x000000072db6b7b8) 
thrown [s\src\hotspot\share\classfile\systemDictionary.cpp, line 312]
Event: 13.218 Thread 0x000001a4e4edf300 Exception <a 'java/lang/ClassNotFoundException'{0x000000072db70508}: org/apache/http/conn/ssl/X509HostnameVerifierCustomizer> (0x000000072db70508) 
thrown [s\src\hotspot\share\classfile\systemDictionary.cpp, line 312]
Event: 13.231 Thread 0x000001a4e4edf300 Exception <a 'java/lang/ClassNotFoundException'{0x000000072db9bab8}: java/lang/ClassBeanInfo> (0x000000072db9bab8) 
thrown [s\src\hotspot\share\classfile\systemDictionary.cpp, line 312]
Event: 13.231 Thread 0x000001a4e4edf300 Exception <a 'java/lang/ClassNotFoundException'{0x000000072db9cce0}: java/lang/ClassCustomizer> (0x000000072db9cce0) 
thrown [s\src\hotspot\share\classfile\systemDictionary.cpp, line 312]
Event: 13.451 Thread 0x000001a4e4edf300 Exception <a 'java/lang/ClassNotFoundException'{0x000000072d9967c0}: io/restassured/internal/common/assertion/AssertParameterBeanInfo> (0x000000072d9967c0) 
thrown [s\src\hotspot\share\classfile\systemDictionary.cpp, line 312]
Event: 13.452 Thread 0x000001a4e4edf300 Exception <a 'java/lang/ClassNotFoundException'{0x000000072d99b828}: io/restassured/internal/common/assertion/AssertParameterCustomizer> (0x000000072d99b828) 
thrown [s\src\hotspot\share\classfile\systemDictionary.cpp, line 312]
Event: 13.465 Thread 0x000001a4e4edf300 Exception <a 'java/lang/ClassNotFoundException'{0x000000072d9c9790}: io/restassured/config/MatcherConfig$ErrorDescriptionTypeBeanInfo> (0x000000072d9c9790) 
thrown [s\src\hotspot\share\classfile\systemDictionary.cpp, line 312]
Event: 13.465 Thread 0x000001a4e4edf300 Exception <a 'java/lang/ClassNotFoundException'{0x000000072d9ca9f0}: java/lang/EnumBeanInfo> (0x000000072d9ca9f0) 
thrown [s\src\hotspot\share\classfile\systemDictionary.cpp, line 312]
Event: 13.465 Thread 0x000001a4e4edf300 Exception <a 'java/lang/ClassNotFoundException'{0x000000072d9cbc00}: java/lang/EnumCustomizer> (0x000000072d9cbc00) 
thrown [s\src\hotspot\share\classfile\systemDictionary.cpp, line 312]
Event: 13.468 Thread 0x000001a4e4edf300 Exception <a 'java/lang/ClassNotFoundException'{0x000000072d9d8ff0}: io/restassured/config/MatcherConfig$ErrorDescriptionTypeCustomizer> (0x000000072d9d8ff0) 
thrown [s\src\hotspot\share\classfile\systemDictionary.cpp, line 312]

ZGC Phase Switch (0 events):
No events

VM Operations (20 events):
Event: 5.005 Executing VM operation: Cleanup
Event: 5.005 Executing VM operation: Cleanup done
Event: 8.039 Executing VM operation: Cleanup
Event: 8.039 Executing VM operation: Cleanup done
Event: 8.845 Executing VM operation: HandshakeAllThreads (Deoptimize)
Event: 8.845 Executing VM operation: HandshakeAllThreads (Deoptimize) done
Event: 9.851 Executing VM operation: Cleanup
Event: 9.851 Executing VM operation: Cleanup done
Event: 10.852 Executing VM operation: Cleanup
Event: 10.852 Executing VM operation: Cleanup done
Event: 11.122 Executing VM operation: G1CollectForAllocation (G1 Evacuation Pause)
Event: 11.131 Executing VM operation: G1CollectForAllocation (G1 Evacuation Pause) done
Event: 12.147 Executing VM operation: Cleanup
Event: 12.177 Executing VM operation: Cleanup done
Event: 12.858 Executing VM operation: HandshakeAllThreads (Deoptimize)
Event: 12.858 Executing VM operation: HandshakeAllThreads (Deoptimize) done
Event: 13.207 Executing VM operation: HandshakeAllThreads (Deoptimize)
Event: 13.207 Executing VM operation: HandshakeAllThreads (Deoptimize) done
Event: 13.207 Executing VM operation: Cleanup
Event: 13.207 Executing VM operation: Cleanup done

Events (20 events):
Event: 0.177 Thread 0x000001a485cb42d0 Thread added: 0x000001a485cb42d0
Event: 0.177 Thread 0x000001a485cb6d40 Thread added: 0x000001a485cb6d40
Event: 0.178 Thread 0x000001a485cb97b0 Thread added: 0x000001a485cb97b0
Event: 0.178 Thread 0x000001a485cbc550 Thread added: 0x000001a485cbc550
Event: 0.179 Thread 0x000001a485cbd120 Thread added: 0x000001a485cbd120
Event: 0.223 Thread 0x000001a4cb1342c0 Thread added: 0x000001a4cb1342c0
Event: 0.225 Thread 0x000001a4cb138950 Thread added: 0x000001a4cb138950
Event: 0.690 Thread 0x000001a4cb1ee7e0 Thread added: 0x000001a4cb1ee7e0
Event: 0.917 Thread 0x000001a4cb3fe600 Thread added: 0x000001a4cb3fe600
Event: 1.230 Thread 0x000001a4cb1ee7e0 Thread exited: 0x000001a4cb1ee7e0
Event: 1.640 Thread 0x000001a4cbac19b0 Thread added: 0x000001a4cbac19b0
Event: 2.573 Thread 0x000001a4cbac19b0 Thread exited: 0x000001a4cbac19b0
Event: 3.901 Thread 0x000001a4cbf44de0 Thread added: 0x000001a4cbf44de0
Event: 4.620 Thread 0x000001a4cbf44de0 Thread exited: 0x000001a4cbf44de0
Event: 9.097 Thread 0x000001a4cbef9850 Thread added: 0x000001a4cbef9850
Event: 10.629 Thread 0x000001a4cbef9850 Thread exited: 0x000001a4cbef9850
Event: 11.780 Thread 0x000001a4cbab6b90 Thread added: 0x000001a4cbab6b90
Event: 11.780 Thread 0x000001a4cbab7240 Thread added: 0x000001a4cbab7240
Event: 12.223 Thread 0x000001a4cbab7240 Thread exited: 0x000001a4cbab7240
Event: 12.541 Thread 0x000001a4cbab6b90 Thread exited: 0x000001a4cbab6b90


Dynamic libraries:
0x00007ff786d30000 - 0x00007ff786d3e000 	C:\Program Files\Eclipse Adoptium\jdk-21.0.2.13-hotspot\bin\java.exe
0x00007ffb90710000 - 0x00007ffb90927000 	C:\Windows\SYSTEM32\ntdll.dll
0x00007ffb8f5e0000 - 0x00007ffb8f6a4000 	C:\Windows\System32\KERNEL32.DLL
0x00007ffb8dc30000 - 0x00007ffb8dfe7000 	C:\Windows\System32\KERNELBASE.dll
0x00007ffb8e090000 - 0x00007ffb8e1a1000 	C:\Windows\System32\ucrtbase.dll
0x00007ffb88920000 - 0x00007ffb88938000 	C:\Program Files\Eclipse Adoptium\jdk-21.0.2.13-hotspot\bin\jli.dll
0x00007ffb8f0b0000 - 0x00007ffb8f25f000 	C:\Windows\System32\USER32.dll
0x00007ffb8dc00000 - 0x00007ffb8dc26000 	C:\Windows\System32\win32u.dll
0x00007ffb90590000 - 0x00007ffb905b9000 	C:\Windows\System32\GDI32.dll
0x00007ffb8e320000 - 0x00007ffb8e438000 	C:\Windows\System32\gdi32full.dll
0x00007ffb8dff0000 - 0x00007ffb8e08a000 	C:\Windows\System32\msvcp_win.dll
0x00007ffb89200000 - 0x00007ffb8921b000 	C:\Program Files\Eclipse Adoptium\jdk-21.0.2.13-hotspot\bin\VCRUNTIME140.dll
0x00007ffb7b540000 - 0x00007ffb7b7d3000 	C:\Windows\WinSxS\amd64_microsoft.windows.common-controls_6595b64144ccf1df_6.0.22621.3672_none_2713b9d173822955\COMCTL32.dll
0x00007ffb90140000 - 0x00007ffb901e7000 	C:\Windows\System32\msvcrt.dll
0x00007ffb8efe0000 - 0x00007ffb8f011000 	C:\Windows\System32\IMM32.DLL
0x00007ffb88910000 - 0x00007ffb8891c000 	C:\Program Files\Eclipse Adoptium\jdk-21.0.2.13-hotspot\bin\vcruntime140_1.dll
0x00007ffb88880000 - 0x00007ffb8890e000 	C:\Program Files\Eclipse Adoptium\jdk-21.0.2.13-hotspot\bin\msvcp140.dll
0x00007ffafd630000 - 0x00007ffafe3b3000 	C:\Program Files\Eclipse Adoptium\jdk-21.0.2.13-hotspot\bin\server\jvm.dll
0x00007ffb8ea50000 - 0x00007ffb8eb02000 	C:\Windows\System32\ADVAPI32.dll
0x00007ffb8e440000 - 0x00007ffb8e4e8000 	C:\Windows\System32\sechost.dll
0x00007ffb8e1b0000 - 0x00007ffb8e1d8000 	C:\Windows\System32\bcrypt.dll
0x00007ffb8f4a0000 - 0x00007ffb8f5b4000 	C:\Windows\System32\RPCRT4.dll
0x00007ffb8ff30000 - 0x00007ffb8ffa1000 	C:\Windows\System32\WS2_32.dll
0x00007ffb8c890000 - 0x00007ffb8c8dd000 	C:\Windows\SYSTEM32\POWRPROF.dll
0x00007ffb88540000 - 0x00007ffb88574000 	C:\Windows\SYSTEM32\WINMM.dll
0x00007ffb842c0000 - 0x00007ffb842ca000 	C:\Windows\SYSTEM32\VERSION.dll
0x00007ffb8c870000 - 0x00007ffb8c883000 	C:\Windows\SYSTEM32\UMPDC.dll
0x00007ffb8cb20000 - 0x00007ffb8cb38000 	C:\Windows\SYSTEM32\kernel.appcore.dll
0x00007ffb88870000 - 0x00007ffb8887a000 	C:\Program Files\Eclipse Adoptium\jdk-21.0.2.13-hotspot\bin\jimage.dll
0x00007ffb83480000 - 0x00007ffb836b2000 	C:\Windows\SYSTEM32\DBGHELP.DLL
0x00007ffb8e4f0000 - 0x00007ffb8e87e000 	C:\Windows\System32\combase.dll
0x00007ffb904b0000 - 0x00007ffb90587000 	C:\Windows\System32\OLEAUT32.dll
0x00007ffb73f30000 - 0x00007ffb73f62000 	C:\Windows\SYSTEM32\dbgcore.DLL
0x00007ffb8e1e0000 - 0x00007ffb8e25b000 	C:\Windows\System32\bcryptPrimitives.dll
0x00007ffb88850000 - 0x00007ffb8886f000 	C:\Program Files\Eclipse Adoptium\jdk-21.0.2.13-hotspot\bin\java.dll
0x00007ffb8f6c0000 - 0x00007ffb8ff29000 	C:\Windows\System32\SHELL32.dll
0x00007ffb8b950000 - 0x00007ffb8c24f000 	C:\Windows\SYSTEM32\windows.storage.dll
0x00007ffb8b810000 - 0x00007ffb8b94f000 	C:\Windows\SYSTEM32\wintypes.dll
0x00007ffb8e8f0000 - 0x00007ffb8e9e9000 	C:\Windows\System32\SHCORE.dll
0x00007ffb8e890000 - 0x00007ffb8e8ee000 	C:\Windows\System32\shlwapi.dll
0x00007ffb8d950000 - 0x00007ffb8d977000 	C:\Windows\SYSTEM32\profapi.dll
0x00007ffb2c5d0000 - 0x00007ffb2c6a7000 	C:\Program Files\Eclipse Adoptium\jdk-21.0.2.13-hotspot\bin\jsvml.dll
0x00007ffb7ba10000 - 0x00007ffb7ba20000 	C:\Program Files\Eclipse Adoptium\jdk-21.0.2.13-hotspot\bin\net.dll
0x00007ffb88ce0000 - 0x00007ffb88e16000 	C:\Windows\SYSTEM32\WINHTTP.dll
0x00007ffb8cf90000 - 0x00007ffb8cff9000 	C:\Windows\system32\mswsock.dll
0x00007ffb76b20000 - 0x00007ffb76b36000 	C:\Program Files\Eclipse Adoptium\jdk-21.0.2.13-hotspot\bin\nio.dll
0x00007ffb72e10000 - 0x00007ffb72e28000 	C:\Program Files\Eclipse Adoptium\jdk-21.0.2.13-hotspot\bin\zip.dll
0x00007ffb7b980000 - 0x00007ffb7b98a000 	C:\Program Files\Eclipse Adoptium\jdk-21.0.2.13-hotspot\bin\management.dll
0x00007ffb75240000 - 0x00007ffb7524b000 	C:\Program Files\Eclipse Adoptium\jdk-21.0.2.13-hotspot\bin\management_ext.dll
0x00007ffb8e880000 - 0x00007ffb8e888000 	C:\Windows\System32\PSAPI.DLL
0x00007ffb88830000 - 0x00007ffb88840000 	C:\Program Files\Eclipse Adoptium\jdk-21.0.2.13-hotspot\bin\verify.dll
0x00007ffb8d200000 - 0x00007ffb8d21b000 	C:\Windows\SYSTEM32\CRYPTSP.dll
0x00007ffb8ca80000 - 0x00007ffb8cab5000 	C:\Windows\system32\rsaenh.dll
0x00007ffb8d070000 - 0x00007ffb8d098000 	C:\Windows\SYSTEM32\USERENV.dll
0x00007ffb8d220000 - 0x00007ffb8d22c000 	C:\Windows\SYSTEM32\CRYPTBASE.dll
0x00007ffb8c520000 - 0x00007ffb8c54d000 	C:\Windows\SYSTEM32\IPHLPAPI.DLL
0x00007ffb8f6b0000 - 0x00007ffb8f6b9000 	C:\Windows\System32\NSI.dll

dbghelp: loaded successfully - version: 4.0.5 - missing functions: none
symbol engine: initialized successfully - sym options: 0x614 - pdb path: .;C:\Program Files\Eclipse Adoptium\jdk-21.0.2.13-hotspot\bin;C:\Windows\SYSTEM32;C:\Windows\WinSxS\amd64_microsoft.windows.common-controls_6595b64144ccf1df_6.0.22621.3672_none_2713b9d173822955;C:\Program Files\Eclipse Adoptium\jdk-21.0.2.13-hotspot\bin\server

VM Arguments:
java_command: C:\Users\Cirilo\AppData\Local\Temp\surefire6679429093996297296\surefirebooter11274908288355009684.jar C:\Users\Cirilo\AppData\Local\Temp\surefire6679429093996297296 2024-10-31T03-06-22_429-jvmRun1 surefire10655425566775310612tmp surefire_04952087969519055982tmp
java_class_path (initial): C:\Users\Cirilo\AppData\Local\Temp\surefire6679429093996297296\surefirebooter11274908288355009684.jar
Launcher Type: SUN_STANDARD

[Global flags]
     intx CICompilerCount                          = 4                                         {product} {ergonomic}
     uint ConcGCThreads                            = 2                                         {product} {ergonomic}
     uint G1ConcRefinementThreads                  = 8                                         {product} {ergonomic}
   size_t G1HeapRegionSize                         = 2097152                                   {product} {ergonomic}
    uintx GCDrainStackTargetSize                   = 64                                        {product} {ergonomic}
   size_t InitialHeapSize                          = 234881024                                 {product} {ergonomic}
   size_t MarkStackSize                            = 4194304                                   {product} {ergonomic}
   size_t MaxHeapSize                              = 3743416320                                {product} {ergonomic}
   size_t MaxNewSize                               = 2246049792                                {product} {ergonomic}
   size_t MinHeapDeltaBytes                        = 2097152                                   {product} {ergonomic}
   size_t MinHeapSize                              = 8388608                                   {product} {ergonomic}
    uintx NonNMethodCodeHeapSize                   = 5839372                                {pd product} {ergonomic}
    uintx NonProfiledCodeHeapSize                  = 122909434                              {pd product} {ergonomic}
    uintx ProfiledCodeHeapSize                     = 122909434                              {pd product} {ergonomic}
    uintx ReservedCodeCacheSize                    = 251658240                              {pd product} {ergonomic}
     bool SegmentedCodeCache                       = true                                      {product} {ergonomic}
   size_t SoftMaxHeapSize                          = 3743416320                             {manageable} {ergonomic}
     bool UseCompressedOops                        = true                           {product lp64_product} {ergonomic}
     bool UseG1GC                                  = true                                      {product} {ergonomic}
     bool UseLargePagesIndividualAllocation        = false                                  {pd product} {ergonomic}

Logging:
Log output configuration:
 #0: stdout all=warning uptime,level,tags foldmultilines=false
 #1: stderr all=off uptime,level,tags foldmultilines=false

Environment Variables:
JAVA_HOME=C:\Program Files\Eclipse Adoptium\jdk-21.0.2.13-hotspot\
PATH=C:\Program Files\Eclipse Adoptium\jdk-21.0.2.13-hotspot\bin;C:\Windows\system32;C:\Windows;C:\Windows\System32\Wbem;C:\Windows\System32\WindowsPowerShell\v1.0\;C:\Windows\System32\OpenSSH\;C:\Program Files\Git\cmd;C:\Program Files\Docker\Docker\resources\bin;C:\Program Files\nodejs\;C:\Program Files\NVIDIA Corporation\NVIDIA NvDLISR;C:\Users\Cirilo\Downloads\apache-maven-3.9.6\bin;C:\Program Files\dotnet\;C:\Program Files\Microsoft SQL Server\150\Tools\Binn\;C:\Program Files\Microsoft SQL Server\Client SDK\ODBC\170\Tools\Binn\;C:\Program Files\GitHub CLI\;C:\Program Files (x86)\NVIDIA Corporation\PhysX\Common;C:\ProgramData\chocolatey\bin;C:\Program Files\PuTTY\;C:\Users\Cirilo\AppData\Local\Microsoft\WindowsApps;C:\Users\Cirilo\AppData\Local\GitHubDesktop\bin;C:\Users\Cirilo\AppData\Local\Programs\Microsoft VS Code\bin;C:\Users\Cirilo\AppData\Roaming\npm;C:\Users\Cirilo\.dotnet\tools
USERNAME=Cirilo
OS=Windows_NT
PROCESSOR_IDENTIFIER=AMD64 Family 23 Model 24 Stepping 1, AuthenticAMD
TMP=C:\Users\Cirilo\AppData\Local\Temp
TEMP=C:\Users\Cirilo\AppData\Local\Temp




Periodic native trim disabled

---------------  S Y S T E M  ---------------

OS:
 Windows 11 , 64 bit Build 22621 (10.0.22621.3958)
OS uptime: 16 days 13:37 hours
Hyper-V role detected

CPU: total 8 (initial active 8) (8 cores per cpu, 2 threads per core) family 23 model 24 stepping 1 microcode 0x0, cx8, cmov, fxsr, ht, mmx, 3dnowpref, sse, sse2, sse3, ssse3, sse4a, sse4.1, sse4.2, popcnt, lzcnt, tsc, tscinvbit, avx, avx2, aes, clmul, bmi1, bmi2, adx, sha, fma, vzeroupper, clflush, clflushopt, hv, rdtscp, f16c
Processor Information for all 8 processors :
  Max Mhz: 2100, Current Mhz: 2100, Mhz Limit: 2100

Memory: 4k page, system-wide physical 14274M (1325M free)
TotalPageFile size 57282M (AvailPageFile size 4M)
current process WorkingSet (physical memory assigned to process): 128M, peak: 128M
current process commit charge ("private bytes"): 355M, peak: 355M

vm_info: OpenJDK 64-Bit Server VM (21.0.2+13-LTS) for windows-amd64 JRE (21.0.2+13-LTS), built on 2024-01-16T00:00:00Z by "admin" with unknown MS VC++:1937

END.
