#
# There is insufficient memory for the Java Runtime Environment to continue.
# Native memory allocation (malloc) failed to allocate 128176 bytes for Chunk::new
# Possible reasons:
#   The system is out of physical RAM or swap space
#   The process is running with CompressedOops enabled, and the Java Heap may be blocking the growth of the native heap
# Possible solutions:
#   Reduce memory load on the system
#   Increase physical memory or swap space
#   Check if swap backing store is full
#   Decrease Java heap size (-Xmx/-Xms)
#   Decrease number of Java threads
#   Decrease Java thread stack sizes (-Xss)
#   Set larger code cache with -XX:ReservedCodeCacheSize=
#   JVM is running with Zero Based Compressed Oops mode in which the Java heap is
#     placed in the first 32GB address space. The Java Heap base address is the
#     maximum limit for the native heap growth. Please use -XX:HeapBaseMinAddress
#     to set the Java Heap base and to place the Java Heap above 32GB virtual address.
# This output file may be truncated or incomplete.
#
#  Out of Memory Error (arena.cpp:168), pid=38164, tid=40128
#
# JRE version: OpenJDK Runtime Environment Temurin-21.0.2+13 (21.0.2+13) (build 21.0.2+13-LTS)
# Java VM: OpenJDK 64-Bit Server VM Temurin-21.0.2+13 (21.0.2+13-LTS, mixed mode, sharing, tiered, compressed oops, compressed class ptrs, g1 gc, windows-amd64)
# No core dump will be written. Minidumps are not enabled by default on client versions of Windows
#

---------------  S U M M A R Y ------------

Command Line: -Dclassworlds.conf=C:\Users\Cirilo\.m2\wrapper\dists\apache-maven-3.9.6\834f1afe40575b70b4b2527f4b12df8e\bin\m2.conf -Dmaven.home=C:\Users\Cirilo\.m2\wrapper\dists\apache-maven-3.9.6\834f1afe40575b70b4b2527f4b12df8e -Dlibrary.jansi.path=C:\Users\Cirilo\.m2\wrapper\dists\apache-maven-3.9.6\834f1afe40575b70b4b2527f4b12df8e\lib\jansi-native -Dmaven.multiModuleProjectDirectory=C:\Users\Cirilo\Documents\testes-automatizados org.codehaus.plexus.classworlds.launcher.Launcher test

Host: AMD Ryzen 5 3550H with Radeon Vega Mobile Gfx  , 8 cores, 13G,  Windows 11 , 64 bit Build 22621 (10.0.22621.3958)
Time: Thu Oct 31 03:15:28 2024 Hora oficial do Brasil elapsed time: 15.616658 seconds (0d 0h 0m 15s)

---------------  T H R E A D  ---------------

Current thread (0x000001d486aaf980):  JavaThread "C2 CompilerThread0" daemon [_thread_in_native, id=40128, stack(0x000000a28ab00000,0x000000a28ac00000) (1024K)]


Current CompileTask:
C2:  15616 4104   !   4       com.google.inject.internal.InjectorImpl$1::get (54 bytes)

Stack: [0x000000a28ab00000,0x000000a28ac00000]
Native frames: (J=compiled Java code, j=interpreted, Vv=VM code, C=native code)
V  [jvm.dll+0x6c94f9]
V  [jvm.dll+0x8a3c21]
V  [jvm.dll+0x8a614e]
V  [jvm.dll+0x8a6823]
V  [jvm.dll+0x27fa86]
V  [jvm.dll+0xc4a2d]
V  [jvm.dll+0xc4f63]
V  [jvm.dll+0x3b3b22]
V  [jvm.dll+0x1e0d23]
V  [jvm.dll+0x2480f2]
V  [jvm.dll+0x24757f]
V  [jvm.dll+0x1c847e]
V  [jvm.dll+0x256db9]
V  [jvm.dll+0x25538a]
V  [jvm.dll+0x3ed0d6]
V  [jvm.dll+0x84cb3b]
V  [jvm.dll+0x6c7c2d]
C  [ucrtbase.dll+0x29333]
C  [KERNEL32.DLL+0x1257d]
C  [ntdll.dll+0x5af08]


---------------  P R O C E S S  ---------------

Threads class SMR info:
_java_thread_list=0x000001d4cdf66cf0, length=11, elements={
0x000001d4e8029800, 0x000001d486a99a40, 0x000001d486a9a720, 0x000001d486aa45c0,
0x000001d486aa82e0, 0x000001d486aaa960, 0x000001d486aaefe0, 0x000001d486aaf980,
0x000001d486ab0390, 0x000001d4cc129200, 0x000001d4cc12c770
}

Java Threads: ( => current thread )
  0x000001d4e8029800 JavaThread "main"                              [_thread_in_Java, id=40316, stack(0x000000a289d00000,0x000000a289e00000) (1024K)]
  0x000001d486a99a40 JavaThread "Reference Handler"          daemon [_thread_blocked, id=2484, stack(0x000000a28a500000,0x000000a28a600000) (1024K)]
  0x000001d486a9a720 JavaThread "Finalizer"                  daemon [_thread_blocked, id=9128, stack(0x000000a28a600000,0x000000a28a700000) (1024K)]
  0x000001d486aa45c0 JavaThread "Signal Dispatcher"          daemon [_thread_blocked, id=38040, stack(0x000000a28a700000,0x000000a28a800000) (1024K)]
  0x000001d486aa82e0 JavaThread "Attach Listener"            daemon [_thread_blocked, id=17084, stack(0x000000a28a800000,0x000000a28a900000) (1024K)]
  0x000001d486aaa960 JavaThread "Service Thread"             daemon [_thread_blocked, id=16584, stack(0x000000a28a900000,0x000000a28aa00000) (1024K)]
  0x000001d486aaefe0 JavaThread "Monitor Deflation Thread"   daemon [_thread_blocked, id=39724, stack(0x000000a28aa00000,0x000000a28ab00000) (1024K)]
=>0x000001d486aaf980 JavaThread "C2 CompilerThread0"         daemon [_thread_in_native, id=40128, stack(0x000000a28ab00000,0x000000a28ac00000) (1024K)]
  0x000001d486ab0390 JavaThread "C1 CompilerThread0"         daemon [_thread_in_vm, id=37216, stack(0x000000a28ac00000,0x000000a28ad00000) (1024K)]
  0x000001d4cc129200 JavaThread "Notification Thread"        daemon [_thread_blocked, id=19080, stack(0x000000a28ad00000,0x000000a28ae00000) (1024K)]
  0x000001d4cc12c770 JavaThread "Common-Cleaner"             daemon [_thread_blocked, id=41728, stack(0x000000a28ae00000,0x000000a28af00000) (1024K)]
Total: 11

Other Threads:
  0x000001d486a7e9e0 VMThread "VM Thread"                           [id=38696, stack(0x000000a28a400000,0x000000a28a500000) (1024K)]
  0x000001d486a66b80 WatcherThread "VM Periodic Task Thread"        [id=38500, stack(0x000000a28a300000,0x000000a28a400000) (1024K)]
  0x000001d4e80855f0 WorkerThread "GC Thread#0"                     [id=23124, stack(0x000000a289e00000,0x000000a289f00000) (1024K)]
  0x000001d4ccd55330 WorkerThread "GC Thread#1"                     [id=40232, stack(0x000000a28b100000,0x000000a28b200000) (1024K)]
  0x000001d4ccc27090 WorkerThread "GC Thread#2"                     [id=40156, stack(0x000000a28b200000,0x000000a28b300000) (1024K)]
  0x000001d4ccd307f0 WorkerThread "GC Thread#3"                     [id=39444, stack(0x000000a28b300000,0x000000a28b400000) (1024K)]
  0x000001d4ccc20850 WorkerThread "GC Thread#4"                     [id=8004, stack(0x000000a28b400000,0x000000a28b500000) (1024K)]
  0x000001d4cd1e1af0 WorkerThread "GC Thread#5"                     [id=11756, stack(0x000000a28b500000,0x000000a28b600000) (1024K)]
  0x000001d4cd1e30b0 WorkerThread "GC Thread#6"                     [id=40516, stack(0x000000a28b600000,0x000000a28b700000) (1024K)]
  0x000001d4cd1e2970 WorkerThread "GC Thread#7"                     [id=9280, stack(0x000000a28b700000,0x000000a28b800000) (1024K)]
  0x000001d4e8094cf0 ConcurrentGCThread "G1 Main Marker"            [id=12284, stack(0x000000a289f00000,0x000000a28a000000) (1024K)]
  0x000001d4e80959a0 WorkerThread "G1 Conc#0"                       [id=21868, stack(0x000000a28a000000,0x000000a28a100000) (1024K)]
  0x000001d4869344e0 ConcurrentGCThread "G1 Refine#0"               [id=10600, stack(0x000000a28a100000,0x000000a28a200000) (1024K)]
  0x000001d486936b80 ConcurrentGCThread "G1 Service"                [id=38316, stack(0x000000a28a200000,0x000000a28a300000) (1024K)]
Total: 14

Threads with active compile tasks:
C2 CompilerThread0    15671 4104   !   4       com.google.inject.internal.InjectorImpl$1::get (54 bytes)
Total: 1

VM state: not at safepoint (normal execution)

VM Mutex/Monitor currently owned by a thread: None

Heap address: 0x0000000720e00000, size: 3570 MB, Compressed Oops mode: Zero based, Oop shift amount: 3

CDS archive(s) mapped at: [0x000001d487000000-0x000001d487c90000-0x000001d487c90000), size 13172736, SharedBaseAddress: 0x000001d487000000, ArchiveRelocationMode: 1.
Compressed class space mapped at: 0x000001d488000000-0x000001d4c8000000, reserved size: 1073741824
Narrow klass base: 0x000001d487000000, Narrow klass shift: 0, Narrow klass range: 0x100000000

GC Precious Log:
 CardTable entry size: 512
 Card Set container configuration: InlinePtr #cards 4 size 8 Array Of Cards #cards 16 size 48 Howl #buckets 8 coarsen threshold 3686 Howl Bitmap #cards 512 size 80 coarsen threshold 460 Card regions per heap region 1 cards per card region 4096
 CPUs: 8 total, 8 available
 Memory: 14274M
 Large Page Support: Disabled
 NUMA Support: Disabled
 Compressed Oops: Enabled (Zero based)
 Heap Region Size: 2M
 Heap Min Capacity: 8M
 Heap Initial Capacity: 224M
 Heap Max Capacity: 3570M
 Pre-touch: Disabled
 Parallel Workers: 8
 Concurrent Workers: 2
 Concurrent Refinement Workers: 8
 Periodic GC: Disabled

Heap:
 garbage-first heap   total 229376K, used 89556K [0x0000000720e00000, 0x0000000800000000)
  region size 2048K, 43 young (88064K), 1 survivors (2048K)
 Metaspace       used 17234K, committed 17472K, reserved 1114112K
  class space    used 1966K, committed 2048K, reserved 1048576K

Heap Regions: E=young(eden), S=young(survivor), O=old, HS=humongous(starts), HC=humongous(continues), CS=collection set, F=free, TAMS=top-at-mark-start, PB=parsable bottom
|   0|0x0000000720e00000, 0x0000000721000000, 0x0000000721000000|100%| O|  |TAMS 0x0000000720e00000| PB 0x0000000720e00000| Untracked 
|   1|0x0000000721000000, 0x00000007211a0940, 0x0000000721200000| 81%| O|  |TAMS 0x0000000721000000| PB 0x0000000721000000| Untracked 
|   2|0x0000000721200000, 0x0000000721200000, 0x0000000721400000|  0%| F|  |TAMS 0x0000000721200000| PB 0x0000000721200000| Untracked 
|   3|0x0000000721400000, 0x0000000721400000, 0x0000000721600000|  0%| F|  |TAMS 0x0000000721400000| PB 0x0000000721400000| Untracked 
|   4|0x0000000721600000, 0x0000000721600000, 0x0000000721800000|  0%| F|  |TAMS 0x0000000721600000| PB 0x0000000721600000| Untracked 
|   5|0x0000000721800000, 0x0000000721800000, 0x0000000721a00000|  0%| F|  |TAMS 0x0000000721800000| PB 0x0000000721800000| Untracked 
|   6|0x0000000721a00000, 0x0000000721a00000, 0x0000000721c00000|  0%| F|  |TAMS 0x0000000721a00000| PB 0x0000000721a00000| Untracked 
|   7|0x0000000721c00000, 0x0000000721c00000, 0x0000000721e00000|  0%| F|  |TAMS 0x0000000721c00000| PB 0x0000000721c00000| Untracked 
|   8|0x0000000721e00000, 0x0000000721e00000, 0x0000000722000000|  0%| F|  |TAMS 0x0000000721e00000| PB 0x0000000721e00000| Untracked 
|   9|0x0000000722000000, 0x0000000722000000, 0x0000000722200000|  0%| F|  |TAMS 0x0000000722000000| PB 0x0000000722000000| Untracked 
|  10|0x0000000722200000, 0x0000000722200000, 0x0000000722400000|  0%| F|  |TAMS 0x0000000722200000| PB 0x0000000722200000| Untracked 
|  11|0x0000000722400000, 0x0000000722400000, 0x0000000722600000|  0%| F|  |TAMS 0x0000000722400000| PB 0x0000000722400000| Untracked 
|  12|0x0000000722600000, 0x0000000722600000, 0x0000000722800000|  0%| F|  |TAMS 0x0000000722600000| PB 0x0000000722600000| Untracked 
|  13|0x0000000722800000, 0x0000000722800000, 0x0000000722a00000|  0%| F|  |TAMS 0x0000000722800000| PB 0x0000000722800000| Untracked 
|  14|0x0000000722a00000, 0x0000000722a00000, 0x0000000722c00000|  0%| F|  |TAMS 0x0000000722a00000| PB 0x0000000722a00000| Untracked 
|  15|0x0000000722c00000, 0x0000000722c00000, 0x0000000722e00000|  0%| F|  |TAMS 0x0000000722c00000| PB 0x0000000722c00000| Untracked 
|  16|0x0000000722e00000, 0x0000000722e00000, 0x0000000723000000|  0%| F|  |TAMS 0x0000000722e00000| PB 0x0000000722e00000| Untracked 
|  17|0x0000000723000000, 0x0000000723000000, 0x0000000723200000|  0%| F|  |TAMS 0x0000000723000000| PB 0x0000000723000000| Untracked 
|  18|0x0000000723200000, 0x0000000723200000, 0x0000000723400000|  0%| F|  |TAMS 0x0000000723200000| PB 0x0000000723200000| Untracked 
|  19|0x0000000723400000, 0x0000000723400000, 0x0000000723600000|  0%| F|  |TAMS 0x0000000723400000| PB 0x0000000723400000| Untracked 
|  20|0x0000000723600000, 0x0000000723600000, 0x0000000723800000|  0%| F|  |TAMS 0x0000000723600000| PB 0x0000000723600000| Untracked 
|  21|0x0000000723800000, 0x0000000723800000, 0x0000000723a00000|  0%| F|  |TAMS 0x0000000723800000| PB 0x0000000723800000| Untracked 
|  22|0x0000000723a00000, 0x0000000723a00000, 0x0000000723c00000|  0%| F|  |TAMS 0x0000000723a00000| PB 0x0000000723a00000| Untracked 
|  23|0x0000000723c00000, 0x0000000723c00000, 0x0000000723e00000|  0%| F|  |TAMS 0x0000000723c00000| PB 0x0000000723c00000| Untracked 
|  24|0x0000000723e00000, 0x0000000723e00000, 0x0000000724000000|  0%| F|  |TAMS 0x0000000723e00000| PB 0x0000000723e00000| Untracked 
|  25|0x0000000724000000, 0x0000000724000000, 0x0000000724200000|  0%| F|  |TAMS 0x0000000724000000| PB 0x0000000724000000| Untracked 
|  26|0x0000000724200000, 0x0000000724200000, 0x0000000724400000|  0%| F|  |TAMS 0x0000000724200000| PB 0x0000000724200000| Untracked 
|  27|0x0000000724400000, 0x0000000724400000, 0x0000000724600000|  0%| F|  |TAMS 0x0000000724400000| PB 0x0000000724400000| Untracked 
|  28|0x0000000724600000, 0x0000000724600000, 0x0000000724800000|  0%| F|  |TAMS 0x0000000724600000| PB 0x0000000724600000| Untracked 
|  29|0x0000000724800000, 0x0000000724800000, 0x0000000724a00000|  0%| F|  |TAMS 0x0000000724800000| PB 0x0000000724800000| Untracked 
|  30|0x0000000724a00000, 0x0000000724a00000, 0x0000000724c00000|  0%| F|  |TAMS 0x0000000724a00000| PB 0x0000000724a00000| Untracked 
|  31|0x0000000724c00000, 0x0000000724c00000, 0x0000000724e00000|  0%| F|  |TAMS 0x0000000724c00000| PB 0x0000000724c00000| Untracked 
|  32|0x0000000724e00000, 0x0000000724e00000, 0x0000000725000000|  0%| F|  |TAMS 0x0000000724e00000| PB 0x0000000724e00000| Untracked 
|  33|0x0000000725000000, 0x0000000725000000, 0x0000000725200000|  0%| F|  |TAMS 0x0000000725000000| PB 0x0000000725000000| Untracked 
|  34|0x0000000725200000, 0x0000000725200000, 0x0000000725400000|  0%| F|  |TAMS 0x0000000725200000| PB 0x0000000725200000| Untracked 
|  35|0x0000000725400000, 0x0000000725400000, 0x0000000725600000|  0%| F|  |TAMS 0x0000000725400000| PB 0x0000000725400000| Untracked 
|  36|0x0000000725600000, 0x0000000725600000, 0x0000000725800000|  0%| F|  |TAMS 0x0000000725600000| PB 0x0000000725600000| Untracked 
|  37|0x0000000725800000, 0x0000000725800000, 0x0000000725a00000|  0%| F|  |TAMS 0x0000000725800000| PB 0x0000000725800000| Untracked 
|  38|0x0000000725a00000, 0x0000000725a00000, 0x0000000725c00000|  0%| F|  |TAMS 0x0000000725a00000| PB 0x0000000725a00000| Untracked 
|  39|0x0000000725c00000, 0x0000000725c00000, 0x0000000725e00000|  0%| F|  |TAMS 0x0000000725c00000| PB 0x0000000725c00000| Untracked 
|  40|0x0000000725e00000, 0x0000000725e00000, 0x0000000726000000|  0%| F|  |TAMS 0x0000000725e00000| PB 0x0000000725e00000| Untracked 
|  41|0x0000000726000000, 0x0000000726000000, 0x0000000726200000|  0%| F|  |TAMS 0x0000000726000000| PB 0x0000000726000000| Untracked 
|  42|0x0000000726200000, 0x0000000726200000, 0x0000000726400000|  0%| F|  |TAMS 0x0000000726200000| PB 0x0000000726200000| Untracked 
|  43|0x0000000726400000, 0x0000000726400000, 0x0000000726600000|  0%| F|  |TAMS 0x0000000726400000| PB 0x0000000726400000| Untracked 
|  44|0x0000000726600000, 0x0000000726600000, 0x0000000726800000|  0%| F|  |TAMS 0x0000000726600000| PB 0x0000000726600000| Untracked 
|  45|0x0000000726800000, 0x0000000726800000, 0x0000000726a00000|  0%| F|  |TAMS 0x0000000726800000| PB 0x0000000726800000| Untracked 
|  46|0x0000000726a00000, 0x0000000726a00000, 0x0000000726c00000|  0%| F|  |TAMS 0x0000000726a00000| PB 0x0000000726a00000| Untracked 
|  47|0x0000000726c00000, 0x0000000726c00000, 0x0000000726e00000|  0%| F|  |TAMS 0x0000000726c00000| PB 0x0000000726c00000| Untracked 
|  48|0x0000000726e00000, 0x0000000726e00000, 0x0000000727000000|  0%| F|  |TAMS 0x0000000726e00000| PB 0x0000000726e00000| Untracked 
|  49|0x0000000727000000, 0x0000000727000000, 0x0000000727200000|  0%| F|  |TAMS 0x0000000727000000| PB 0x0000000727000000| Untracked 
|  50|0x0000000727200000, 0x0000000727200000, 0x0000000727400000|  0%| F|  |TAMS 0x0000000727200000| PB 0x0000000727200000| Untracked 
|  51|0x0000000727400000, 0x0000000727400000, 0x0000000727600000|  0%| F|  |TAMS 0x0000000727400000| PB 0x0000000727400000| Untracked 
|  52|0x0000000727600000, 0x0000000727600000, 0x0000000727800000|  0%| F|  |TAMS 0x0000000727600000| PB 0x0000000727600000| Untracked 
|  53|0x0000000727800000, 0x0000000727800000, 0x0000000727a00000|  0%| F|  |TAMS 0x0000000727800000| PB 0x0000000727800000| Untracked 
|  54|0x0000000727a00000, 0x0000000727a00000, 0x0000000727c00000|  0%| F|  |TAMS 0x0000000727a00000| PB 0x0000000727a00000| Untracked 
|  55|0x0000000727c00000, 0x0000000727c00000, 0x0000000727e00000|  0%| F|  |TAMS 0x0000000727c00000| PB 0x0000000727c00000| Untracked 
|  56|0x0000000727e00000, 0x0000000727e00000, 0x0000000728000000|  0%| F|  |TAMS 0x0000000727e00000| PB 0x0000000727e00000| Untracked 
|  57|0x0000000728000000, 0x0000000728000000, 0x0000000728200000|  0%| F|  |TAMS 0x0000000728000000| PB 0x0000000728000000| Untracked 
|  58|0x0000000728200000, 0x0000000728200000, 0x0000000728400000|  0%| F|  |TAMS 0x0000000728200000| PB 0x0000000728200000| Untracked 
|  59|0x0000000728400000, 0x0000000728400000, 0x0000000728600000|  0%| F|  |TAMS 0x0000000728400000| PB 0x0000000728400000| Untracked 
|  60|0x0000000728600000, 0x0000000728600000, 0x0000000728800000|  0%| F|  |TAMS 0x0000000728600000| PB 0x0000000728600000| Untracked 
|  61|0x0000000728800000, 0x0000000728800000, 0x0000000728a00000|  0%| F|  |TAMS 0x0000000728800000| PB 0x0000000728800000| Untracked 
|  62|0x0000000728a00000, 0x0000000728a00000, 0x0000000728c00000|  0%| F|  |TAMS 0x0000000728a00000| PB 0x0000000728a00000| Untracked 
|  63|0x0000000728c00000, 0x0000000728c00000, 0x0000000728e00000|  0%| F|  |TAMS 0x0000000728c00000| PB 0x0000000728c00000| Untracked 
|  64|0x0000000728e00000, 0x0000000728e00000, 0x0000000729000000|  0%| F|  |TAMS 0x0000000728e00000| PB 0x0000000728e00000| Untracked 
|  65|0x0000000729000000, 0x0000000729000000, 0x0000000729200000|  0%| F|  |TAMS 0x0000000729000000| PB 0x0000000729000000| Untracked 
|  66|0x0000000729200000, 0x0000000729200000, 0x0000000729400000|  0%| F|  |TAMS 0x0000000729200000| PB 0x0000000729200000| Untracked 
|  67|0x0000000729400000, 0x0000000729400000, 0x0000000729600000|  0%| F|  |TAMS 0x0000000729400000| PB 0x0000000729400000| Untracked 
|  68|0x0000000729600000, 0x0000000729600000, 0x0000000729800000|  0%| F|  |TAMS 0x0000000729600000| PB 0x0000000729600000| Untracked 
|  69|0x0000000729800000, 0x00000007299dbc40, 0x0000000729a00000| 92%| E|  |TAMS 0x0000000729800000| PB 0x0000000729800000| Complete 
|  70|0x0000000729a00000, 0x0000000729c00000, 0x0000000729c00000|100%| E|CS|TAMS 0x0000000729a00000| PB 0x0000000729a00000| Complete 
|  71|0x0000000729c00000, 0x0000000729e00000, 0x0000000729e00000|100%| E|CS|TAMS 0x0000000729c00000| PB 0x0000000729c00000| Complete 
|  72|0x0000000729e00000, 0x000000072a000000, 0x000000072a000000|100%| E|CS|TAMS 0x0000000729e00000| PB 0x0000000729e00000| Complete 
|  73|0x000000072a000000, 0x000000072a200000, 0x000000072a200000|100%| E|CS|TAMS 0x000000072a000000| PB 0x000000072a000000| Complete 
|  74|0x000000072a200000, 0x000000072a400000, 0x000000072a400000|100%| E|CS|TAMS 0x000000072a200000| PB 0x000000072a200000| Complete 
|  75|0x000000072a400000, 0x000000072a600000, 0x000000072a600000|100%| E|CS|TAMS 0x000000072a400000| PB 0x000000072a400000| Complete 
|  76|0x000000072a600000, 0x000000072a800000, 0x000000072a800000|100%| E|CS|TAMS 0x000000072a600000| PB 0x000000072a600000| Complete 
|  77|0x000000072a800000, 0x000000072aa00000, 0x000000072aa00000|100%| E|CS|TAMS 0x000000072a800000| PB 0x000000072a800000| Complete 
|  78|0x000000072aa00000, 0x000000072ac00000, 0x000000072ac00000|100%| E|CS|TAMS 0x000000072aa00000| PB 0x000000072aa00000| Complete 
|  79|0x000000072ac00000, 0x000000072ae00000, 0x000000072ae00000|100%| E|CS|TAMS 0x000000072ac00000| PB 0x000000072ac00000| Complete 
|  80|0x000000072ae00000, 0x000000072b000000, 0x000000072b000000|100%| E|CS|TAMS 0x000000072ae00000| PB 0x000000072ae00000| Complete 
|  81|0x000000072b000000, 0x000000072b200000, 0x000000072b200000|100%| E|CS|TAMS 0x000000072b000000| PB 0x000000072b000000| Complete 
|  82|0x000000072b200000, 0x000000072b400000, 0x000000072b400000|100%| E|CS|TAMS 0x000000072b200000| PB 0x000000072b200000| Complete 
|  83|0x000000072b400000, 0x000000072b600000, 0x000000072b600000|100%| E|CS|TAMS 0x000000072b400000| PB 0x000000072b400000| Complete 
|  84|0x000000072b600000, 0x000000072b800000, 0x000000072b800000|100%| E|CS|TAMS 0x000000072b600000| PB 0x000000072b600000| Complete 
|  85|0x000000072b800000, 0x000000072ba00000, 0x000000072ba00000|100%| E|CS|TAMS 0x000000072b800000| PB 0x000000072b800000| Complete 
|  86|0x000000072ba00000, 0x000000072bc00000, 0x000000072bc00000|100%| E|CS|TAMS 0x000000072ba00000| PB 0x000000072ba00000| Complete 
|  87|0x000000072bc00000, 0x000000072be00000, 0x000000072be00000|100%| E|CS|TAMS 0x000000072bc00000| PB 0x000000072bc00000| Complete 
|  88|0x000000072be00000, 0x000000072c000000, 0x000000072c000000|100%| E|CS|TAMS 0x000000072be00000| PB 0x000000072be00000| Complete 
|  89|0x000000072c000000, 0x000000072c200000, 0x000000072c200000|100%| E|CS|TAMS 0x000000072c000000| PB 0x000000072c000000| Complete 
|  90|0x000000072c200000, 0x000000072c400000, 0x000000072c400000|100%| E|CS|TAMS 0x000000072c200000| PB 0x000000072c200000| Complete 
|  91|0x000000072c400000, 0x000000072c600000, 0x000000072c600000|100%| E|CS|TAMS 0x000000072c400000| PB 0x000000072c400000| Complete 
|  92|0x000000072c600000, 0x000000072c800000, 0x000000072c800000|100%| E|CS|TAMS 0x000000072c600000| PB 0x000000072c600000| Complete 
|  93|0x000000072c800000, 0x000000072ca00000, 0x000000072ca00000|100%| E|CS|TAMS 0x000000072c800000| PB 0x000000072c800000| Complete 
|  94|0x000000072ca00000, 0x000000072cbd4a70, 0x000000072cc00000| 91%| S|CS|TAMS 0x000000072ca00000| PB 0x000000072ca00000| Complete 
|  95|0x000000072cc00000, 0x000000072ce00000, 0x000000072ce00000|100%| E|CS|TAMS 0x000000072cc00000| PB 0x000000072cc00000| Complete 
|  96|0x000000072ce00000, 0x000000072d000000, 0x000000072d000000|100%| E|CS|TAMS 0x000000072ce00000| PB 0x000000072ce00000| Complete 
|  97|0x000000072d000000, 0x000000072d200000, 0x000000072d200000|100%| E|CS|TAMS 0x000000072d000000| PB 0x000000072d000000| Complete 
|  98|0x000000072d200000, 0x000000072d400000, 0x000000072d400000|100%| E|CS|TAMS 0x000000072d200000| PB 0x000000072d200000| Complete 
|  99|0x000000072d400000, 0x000000072d600000, 0x000000072d600000|100%| E|CS|TAMS 0x000000072d400000| PB 0x000000072d400000| Complete 
| 100|0x000000072d600000, 0x000000072d800000, 0x000000072d800000|100%| E|CS|TAMS 0x000000072d600000| PB 0x000000072d600000| Complete 
| 101|0x000000072d800000, 0x000000072da00000, 0x000000072da00000|100%| E|CS|TAMS 0x000000072d800000| PB 0x000000072d800000| Complete 
| 102|0x000000072da00000, 0x000000072dc00000, 0x000000072dc00000|100%| E|CS|TAMS 0x000000072da00000| PB 0x000000072da00000| Complete 
| 103|0x000000072dc00000, 0x000000072de00000, 0x000000072de00000|100%| E|CS|TAMS 0x000000072dc00000| PB 0x000000072dc00000| Complete 
| 104|0x000000072de00000, 0x000000072e000000, 0x000000072e000000|100%| E|CS|TAMS 0x000000072de00000| PB 0x000000072de00000| Complete 
| 105|0x000000072e000000, 0x000000072e200000, 0x000000072e200000|100%| E|CS|TAMS 0x000000072e000000| PB 0x000000072e000000| Complete 
| 106|0x000000072e200000, 0x000000072e400000, 0x000000072e400000|100%| E|CS|TAMS 0x000000072e200000| PB 0x000000072e200000| Complete 
| 107|0x000000072e400000, 0x000000072e600000, 0x000000072e600000|100%| E|CS|TAMS 0x000000072e400000| PB 0x000000072e400000| Complete 
| 108|0x000000072e600000, 0x000000072e800000, 0x000000072e800000|100%| E|CS|TAMS 0x000000072e600000| PB 0x000000072e600000| Complete 
| 109|0x000000072e800000, 0x000000072ea00000, 0x000000072ea00000|100%| E|CS|TAMS 0x000000072e800000| PB 0x000000072e800000| Complete 
| 110|0x000000072ea00000, 0x000000072ec00000, 0x000000072ec00000|100%| E|CS|TAMS 0x000000072ea00000| PB 0x000000072ea00000| Complete 
| 111|0x000000072ec00000, 0x000000072ee00000, 0x000000072ee00000|100%| E|CS|TAMS 0x000000072ec00000| PB 0x000000072ec00000| Complete 

Card table byte_map: [0x000001d480700000,0x000001d480e00000] _byte_map_base: 0x000001d47cdf9000

Marking Bits: (CMBitMap*) 0x000001d4e8086500
 Bits: [0x000001d480e00000, 0x000001d4845c8000)

Polling page: 0x000001d4e77f0000

Metaspace:

Usage:
  Non-class:     14.91 MB used.
      Class:      1.92 MB used.
       Both:     16.83 MB used.

Virtual space:
  Non-class space:       64.00 MB reserved,      15.06 MB ( 24%) committed,  1 nodes.
      Class space:        1.00 GB reserved,       2.00 MB ( <1%) committed,  1 nodes.
             Both:        1.06 GB reserved,      17.06 MB (  2%) committed. 

Chunk freelists:
   Non-Class:  848.00 KB
       Class:  13.81 MB
        Both:  14.64 MB

MaxMetaspaceSize: unlimited
CompressedClassSpaceSize: 1.00 GB
Initial GC threshold: 21.00 MB
Current GC threshold: 21.00 MB
CDS: on
 - commit_granule_bytes: 65536.
 - commit_granule_words: 8192.
 - virtual_space_node_default_size: 8388608.
 - enlarge_chunks_in_place: 1.
 - use_allocation_guard: 0.


Internal statistics:

num_allocs_failed_limit: 0.
num_arena_births: 176.
num_arena_deaths: 0.
num_vsnodes_births: 2.
num_vsnodes_deaths: 0.
num_space_committed: 273.
num_space_uncommitted: 0.
num_chunks_returned_to_freelist: 0.
num_chunks_taken_from_freelist: 750.
num_chunk_merges: 0.
num_chunk_splits: 526.
num_chunks_enlarged: 434.
num_inconsistent_stats: 0.

CodeHeap 'non-profiled nmethods': size=120000Kb used=2049Kb max_used=2049Kb free=117950Kb
 bounds [0x000001d4f81d0000, 0x000001d4f8440000, 0x000001d4ff700000]
CodeHeap 'profiled nmethods': size=120000Kb used=8389Kb max_used=8389Kb free=111610Kb
 bounds [0x000001d4f0700000, 0x000001d4f0f40000, 0x000001d4f7c30000]
CodeHeap 'non-nmethods': size=5760Kb used=1399Kb max_used=1446Kb free=4360Kb
 bounds [0x000001d4f7c30000, 0x000001d4f7ea0000, 0x000001d4f81d0000]
 total_blobs=4603 nmethods=4109 adapters=398
 compilation: enabled
              stopped_count=0, restarted_count=0
 full_count=0

Compilation events (20 events):
Event: 15.336 Thread 0x000001d486aaf980 nmethod 4092 0x000001d4f83ceb90 code [0x000001d4f83ced40, 0x000001d4f83ceef8]
Event: 15.336 Thread 0x000001d486aaf980 4093   !   4       com.google.inject.internal.InternalFactoryToProviderAdapter::get (54 bytes)
Event: 15.341 Thread 0x000001d486aaf980 nmethod 4093 0x000001d4f83cf090 code [0x000001d4f83cf260, 0x000001d4f83cf570]
Event: 15.343 Thread 0x000001d486ab0390 4097       3       org.apache.maven.model.path.DefaultUrlNormalizer::normalize (122 bytes)
Event: 15.345 Thread 0x000001d486ab0390 nmethod 4097 0x000001d4f0f29c10 code [0x000001d4f0f29f80, 0x000001d4f0f2b3a0]
Event: 15.346 Thread 0x000001d486ab0390 4100       3       java.util.ArrayList::indexOfRange (71 bytes)
Event: 15.346 Thread 0x000001d486ab0390 nmethod 4100 0x000001d4f0f2bb90 code [0x000001d4f0f2bd80, 0x000001d4f0f2c240]
Event: 15.346 Thread 0x000001d486ab0390 4098       1       org.apache.maven.model.Profile::getBuild (5 bytes)
Event: 15.346 Thread 0x000001d486ab0390 nmethod 4098 0x000001d4f83cf790 code [0x000001d4f83cf920, 0x000001d4f83cf9f0]
Event: 15.347 Thread 0x000001d486ab0390 4099       1       org.eclipse.aether.internal.impl.collect.DefaultDependencyCollectionContext::getDependency (5 bytes)
Event: 15.347 Thread 0x000001d486ab0390 nmethod 4099 0x000001d4f83cfa90 code [0x000001d4f83cfc20, 0x000001d4f83cfcf0]
Event: 15.496 Thread 0x000001d486ab0390 4101       3       org.apache.maven.model.building.ModelData::getId (49 bytes)
Event: 15.497 Thread 0x000001d486ab0390 nmethod 4101 0x000001d4f0f2c410 code [0x000001d4f0f2c6a0, 0x000001d4f0f2cfb8]
Event: 15.498 Thread 0x000001d486ab0390 4102       3       org.apache.maven.model.merge.ModelMerger::mergePluginManagement (10 bytes)
Event: 15.498 Thread 0x000001d486ab0390 nmethod 4102 0x000001d4f0f2d310 code [0x000001d4f0f2d4c0, 0x000001d4f0f2d680]
Event: 15.570 Thread 0x000001d486ab0390 4103       3       org.apache.maven.model.building.DefaultModelProblemCollector::setSource (11 bytes)
Event: 15.570 Thread 0x000001d486ab0390 nmethod 4103 0x000001d4f0f2d790 code [0x000001d4f0f2d940, 0x000001d4f0f2dad0]
Event: 15.580 Thread 0x000001d486aaf980 4104   !   4       com.google.inject.internal.InjectorImpl$1::get (54 bytes)
Event: 15.581 Thread 0x000001d486ab0390 4105       3       java.util.Collections$UnmodifiableList::hashCode (10 bytes)
Event: 15.581 Thread 0x000001d486ab0390 nmethod 4105 0x000001d4f0f2db90 code [0x000001d4f0f2dd40, 0x000001d4f0f2df20]

GC Heap History (4 events):
Event: 2.552 GC heap before
{Heap before GC invocations=0 (full 0):
 garbage-first heap   total 229376K, used 22528K [0x0000000720e00000, 0x0000000800000000)
  region size 2048K, 11 young (22528K), 0 survivors (0K)
 Metaspace       used 5715K, committed 5888K, reserved 1114112K
  class space    used 661K, committed 768K, reserved 1048576K
}
Event: 2.628 GC heap after
{Heap after GC invocations=1 (full 0):
 garbage-first heap   total 229376K, used 4009K [0x0000000720e00000, 0x0000000800000000)
  region size 2048K, 2 young (4096K), 2 survivors (4096K)
 Metaspace       used 5715K, committed 5888K, reserved 1114112K
  class space    used 661K, committed 768K, reserved 1048576K
}
Event: 4.850 GC heap before
{Heap before GC invocations=1 (full 0):
 garbage-first heap   total 229376K, used 34729K [0x0000000720e00000, 0x0000000800000000)
  region size 2048K, 17 young (34816K), 2 survivors (4096K)
 Metaspace       used 10126K, committed 10240K, reserved 1114112K
  class space    used 1203K, committed 1280K, reserved 1048576K
}
Event: 4.859 GC heap after
{Heap after GC invocations=2 (full 0):
 garbage-first heap   total 229376K, used 5588K [0x0000000720e00000, 0x0000000800000000)
  region size 2048K, 1 young (2048K), 1 survivors (2048K)
 Metaspace       used 10126K, committed 10240K, reserved 1114112K
  class space    used 1203K, committed 1280K, reserved 1048576K
}

Dll operation events (8 events):
Event: 0.042 Loaded shared library C:\Program Files\Eclipse Adoptium\jdk-21.0.2.13-hotspot\bin\java.dll
Event: 0.182 Loaded shared library C:\Program Files\Eclipse Adoptium\jdk-21.0.2.13-hotspot\bin\jsvml.dll
Event: 0.217 Loaded shared library C:\Program Files\Eclipse Adoptium\jdk-21.0.2.13-hotspot\bin\net.dll
Event: 0.222 Loaded shared library C:\Program Files\Eclipse Adoptium\jdk-21.0.2.13-hotspot\bin\nio.dll
Event: 0.231 Loaded shared library C:\Program Files\Eclipse Adoptium\jdk-21.0.2.13-hotspot\bin\zip.dll
Event: 0.759 Loaded shared library C:\Program Files\Eclipse Adoptium\jdk-21.0.2.13-hotspot\bin\jimage.dll
Event: 0.786 Loaded shared library C:\Users\Cirilo\.m2\wrapper\dists\apache-maven-3.9.6\834f1afe40575b70b4b2527f4b12df8e\lib\jansi-native\Windows\x86_64\jansi.dll
Event: 0.817 Loaded shared library C:\Program Files\Eclipse Adoptium\jdk-21.0.2.13-hotspot\bin\verify.dll

Deoptimization events (20 events):
Event: 14.992 Thread 0x000001d4e8029800 Uncommon trap: trap_request=0xffffffc6 fr.pc=0x000001d4f82c76d8 relative=0x0000000000000098
Event: 14.992 Thread 0x000001d4e8029800 Uncommon trap: reason=bimorphic_or_optimized_type_check action=maybe_recompile pc=0x000001d4f82c76d8 method=com.google.inject.internal.LinkedBindingImpl.acceptTargetVisitor(Lcom/google/inject/spi/BindingTargetVisitor;)Ljava/lang/Object; @ 2 c2
Event: 14.992 Thread 0x000001d4e8029800 DEOPT PACKING pc=0x000001d4f82c76d8 sp=0x000000a289dfd590
Event: 14.992 Thread 0x000001d4e8029800 DEOPT UNPACKING pc=0x000001d4f7c846a2 sp=0x000000a289dfd518 mode 2
Event: 14.992 Thread 0x000001d4e8029800 Uncommon trap: trap_request=0xffffffc6 fr.pc=0x000001d4f82c76d8 relative=0x0000000000000098
Event: 14.992 Thread 0x000001d4e8029800 Uncommon trap: reason=bimorphic_or_optimized_type_check action=maybe_recompile pc=0x000001d4f82c76d8 method=com.google.inject.internal.LinkedBindingImpl.acceptTargetVisitor(Lcom/google/inject/spi/BindingTargetVisitor;)Ljava/lang/Object; @ 2 c2
Event: 14.993 Thread 0x000001d4e8029800 DEOPT PACKING pc=0x000001d4f82c76d8 sp=0x000000a289dfd590
Event: 14.993 Thread 0x000001d4e8029800 DEOPT UNPACKING pc=0x000001d4f7c846a2 sp=0x000000a289dfd518 mode 2
Event: 15.024 Thread 0x000001d4e8029800 Uncommon trap: trap_request=0xffffffc6 fr.pc=0x000001d4f82c76d8 relative=0x0000000000000098
Event: 15.024 Thread 0x000001d4e8029800 Uncommon trap: reason=bimorphic_or_optimized_type_check action=maybe_recompile pc=0x000001d4f82c76d8 method=com.google.inject.internal.LinkedBindingImpl.acceptTargetVisitor(Lcom/google/inject/spi/BindingTargetVisitor;)Ljava/lang/Object; @ 2 c2
Event: 15.024 Thread 0x000001d4e8029800 DEOPT PACKING pc=0x000001d4f82c76d8 sp=0x000000a289dfd590
Event: 15.024 Thread 0x000001d4e8029800 DEOPT UNPACKING pc=0x000001d4f7c846a2 sp=0x000000a289dfd518 mode 2
Event: 15.026 Thread 0x000001d4e8029800 Uncommon trap: trap_request=0xffffffc6 fr.pc=0x000001d4f82c76d8 relative=0x0000000000000098
Event: 15.026 Thread 0x000001d4e8029800 Uncommon trap: reason=bimorphic_or_optimized_type_check action=maybe_recompile pc=0x000001d4f82c76d8 method=com.google.inject.internal.LinkedBindingImpl.acceptTargetVisitor(Lcom/google/inject/spi/BindingTargetVisitor;)Ljava/lang/Object; @ 2 c2
Event: 15.026 Thread 0x000001d4e8029800 DEOPT PACKING pc=0x000001d4f82c76d8 sp=0x000000a289dfd590
Event: 15.026 Thread 0x000001d4e8029800 DEOPT UNPACKING pc=0x000001d4f7c846a2 sp=0x000000a289dfd518 mode 2
Event: 15.066 Thread 0x000001d4e8029800 Uncommon trap: trap_request=0xffffff45 fr.pc=0x000001d4f836eda8 relative=0x00000000000004e8
Event: 15.066 Thread 0x000001d4e8029800 Uncommon trap: reason=unstable_if action=reinterpret pc=0x000001d4f836eda8 method=java.util.HashMap.keysToArray([Ljava/lang/Object;)[Ljava/lang/Object; @ 9 c2
Event: 15.066 Thread 0x000001d4e8029800 DEOPT PACKING pc=0x000001d4f836eda8 sp=0x000000a289dfcfb0
Event: 15.066 Thread 0x000001d4e8029800 DEOPT UNPACKING pc=0x000001d4f7c846a2 sp=0x000000a289dfcf58 mode 2

Classes loaded (20 events):
Event: 9.747 Loading class java/util/ComparableTimSort
Event: 9.748 Loading class java/util/ComparableTimSort done
Event: 12.616 Loading class sun/nio/cs/ISO_8859_1$Decoder
Event: 12.616 Loading class sun/nio/cs/ISO_8859_1$Decoder done
Event: 12.779 Loading class java/util/Collections$UnmodifiableList$1
Event: 12.779 Loading class java/util/Collections$UnmodifiableList$1 done
Event: 15.005 Loading class org/w3c/dom/Node
Event: 15.006 Loading class org/w3c/dom/Node done
Event: 15.006 Loading class javax/xml/parsers/ParserConfigurationException
Event: 15.006 Loading class javax/xml/parsers/ParserConfigurationException done
Event: 15.006 Loading class org/xml/sax/SAXException
Event: 15.006 Loading class org/xml/sax/SAXException done
Event: 15.006 Loading class org/w3c/dom/Document
Event: 15.007 Loading class org/w3c/dom/Document done
Event: 15.007 Loading class org/w3c/dom/Element
Event: 15.007 Loading class org/w3c/dom/Element done
Event: 15.132 Loading class java/net/URISyntaxException
Event: 15.132 Loading class java/net/URISyntaxException done
Event: 15.161 Loading class jdk/internal/reflect/MethodHandleBooleanFieldAccessorImpl
Event: 15.162 Loading class jdk/internal/reflect/MethodHandleBooleanFieldAccessorImpl done

Classes unloaded (0 events):
No events

Classes redefined (0 events):
No events

Internal exceptions (20 events):
Event: 5.226 Thread 0x000001d4e8029800 Exception <a 'java/lang/NoSuchMethodError'{0x000000072e815018}: 'java.lang.Object java.lang.invoke.DirectMethodHandle$Holder.invokeStatic(java.lang.Object, java.lang.Object, java.lang.Object, java.lang.Object, int)'> (0x000000072e815018) 
thrown [s\src\hotspot\share\interpreter\linkResolver.cpp, line 773]
Event: 5.228 Thread 0x000001d4e8029800 Exception <a 'java/lang/NoSuchMethodError'{0x000000072e81cf30}: 'java.lang.Object java.lang.invoke.DirectMethodHandle$Holder.invokeSpecial(java.lang.Object, java.lang.Object, java.lang.Object, java.lang.Object, long)'> (0x000000072e81cf30) 
thrown [s\src\hotspot\share\interpreter\linkResolver.cpp, line 773]
Event: 5.233 Thread 0x000001d4e8029800 Exception <a 'java/lang/NoSuchMethodError'{0x000000072e828a20}: 'java.lang.Object java.lang.invoke.DirectMethodHandle$Holder.invokeSpecial(java.lang.Object, java.lang.Object, java.lang.Object, int, java.lang.Object)'> (0x000000072e828a20) 
thrown [s\src\hotspot\share\interpreter\linkResolver.cpp, line 773]
Event: 5.234 Thread 0x000001d4e8029800 Exception <a 'java/lang/NoSuchMethodError'{0x000000072e830b40}: 'int java.lang.invoke.DirectMethodHandle$Holder.invokeSpecial(java.lang.Object, java.lang.Object, java.lang.Object, int)'> (0x000000072e830b40) 
thrown [s\src\hotspot\share\interpreter\linkResolver.cpp, line 773]
Event: 5.260 Thread 0x000001d4e8029800 Implicit null exception at 0x000001d4f82771da to 0x000001d4f82773b8
Event: 5.264 Thread 0x000001d4e8029800 Exception <a 'java/lang/NoSuchMethodError'{0x000000072e854f10}: 'java.lang.Object java.lang.invoke.Invokers$Holder.invokeExact_MT(java.lang.Object, int, java.lang.Object)'> (0x000000072e854f10) 
thrown [s\src\hotspot\share\interpreter\linkResolver.cpp, line 773]
Event: 5.285 Thread 0x000001d4e8029800 Exception <a 'java/lang/NoSuchMethodError'{0x000000072e8b7438}: 'void java.lang.invoke.DirectMethodHandle$Holder.invokeStatic(java.lang.Object, java.lang.Object)'> (0x000000072e8b7438) 
thrown [s\src\hotspot\share\interpreter\linkResolver.cpp, line 773]
Event: 5.999 Thread 0x000001d4e8029800 Exception <a 'java/lang/NoSuchMethodError'{0x000000072e02f360}: 'void java.lang.invoke.Invokers$Holder.invokeExact_MT(java.lang.Object, java.lang.Object, java.lang.Object, java.lang.Object)'> (0x000000072e02f360) 
thrown [s\src\hotspot\share\interpreter\linkResolver.cpp, line 773]
Event: 6.053 Thread 0x000001d4e8029800 Exception <a 'java/lang/NoClassDefFoundError'{0x000000072e0bb568}: com/google/inject/servlet/ServletModuleTargetVisitor> (0x000000072e0bb568) 
thrown [s\src\hotspot\share\classfile\systemDictionary.cpp, line 301]
Event: 6.221 Thread 0x000001d4e8029800 Exception <a 'java/lang/NoSuchMethodError'{0x000000072de7b950}: 'void java.lang.invoke.DirectMethodHandle$Holder.invokeVirtual(java.lang.Object, java.lang.Object)'> (0x000000072de7b950) 
thrown [s\src\hotspot\share\interpreter\linkResolver.cpp, line 773]
Event: 6.311 Thread 0x000001d4e8029800 Exception <a 'java/lang/NoSuchMethodError'{0x000000072defaa50}: 'java.lang.Object java.lang.invoke.DirectMethodHandle$Holder.invokeStaticInit(java.lang.Object, int, int, int, int)'> (0x000000072defaa50) 
thrown [s\src\hotspot\share\interpreter\linkResolver.cpp, line 773]
Event: 7.131 Thread 0x000001d4e8029800 Exception <a 'java/lang/NoSuchMethodError'{0x000000072d89ca50}: 'void java.lang.invoke.DirectMethodHandle$Holder.invokeVirtual(java.lang.Object, java.lang.Object, int)'> (0x000000072d89ca50) 
thrown [s\src\hotspot\share\interpreter\linkResolver.cpp, line 773]
Event: 7.133 Thread 0x000001d4e8029800 Exception <a 'java/lang/NoSuchMethodError'{0x000000072d8a3c70}: 'void java.lang.invoke.DelegatingMethodHandle$Holder.reinvoke_L(java.lang.Object, java.lang.Object, int)'> (0x000000072d8a3c70) 
thrown [s\src\hotspot\share\interpreter\linkResolver.cpp, line 773]
Event: 13.227 Thread 0x000001d4e8029800 Implicit null exception at 0x000001d4f8303e9d to 0x000001d4f83040c4
Event: 13.228 Thread 0x000001d4e8029800 Implicit null exception at 0x000001d4f82b6c9d to 0x000001d4f82b6eb8
Event: 13.228 Thread 0x000001d4e8029800 Implicit null exception at 0x000001d4f827bbbd to 0x000001d4f827bc41
Event: 14.343 Thread 0x000001d4e8029800 Exception <a 'java/lang/NoSuchMethodError'{0x000000072a6d30c0}: 'java.lang.Object java.lang.invoke.DirectMethodHandle$Holder.newInvokeSpecial(java.lang.Object, java.lang.Object, java.lang.Object, java.lang.Object, java.lang.Object, java.lang.Object, java.lang.Object)'> (0x000000072a6d30c0) 
thrown [s\src\hotspot\share\interpreter\linkResolver.cpp, line 773]
Event: 15.086 Thread 0x000001d4e8029800 Exception <a 'java/lang/NoSuchMethodError'{0x0000000729ffe780}: 'java.lang.Object java.lang.invoke.DirectMethodHandle$Holder.invokeVirtual(java.lang.Object, java.lang.Object, java.lang.Object)'> (0x0000000729ffe780) 
thrown [s\src\hotspot\share\interpreter\linkResolver.cpp, line 773]
Event: 15.088 Thread 0x000001d4e8029800 Exception <a 'java/lang/NoSuchMethodError'{0x0000000729c05488}: 'void java.lang.invoke.DirectMethodHandle$Holder.invokeSpecial(java.lang.Object, java.lang.Object, java.lang.Object, java.lang.Object, java.lang.Object, java.lang.Object)'> (0x0000000729c05488) 
thrown [s\src\hotspot\share\interpreter\linkResolver.cpp, line 773]
Event: 15.092 Thread 0x000001d4e8029800 Exception <a 'java/lang/NoSuchMethodError'{0x0000000729c0f628}: 'int java.lang.invoke.DirectMethodHandle$Holder.invokeVirtual(java.lang.Object, java.lang.Object)'> (0x0000000729c0f628) 
thrown [s\src\hotspot\share\interpreter\linkResolver.cpp, line 773]

ZGC Phase Switch (0 events):
No events

VM Operations (20 events):
Event: 6.699 Executing VM operation: HandshakeAllThreads (Deoptimize)
Event: 6.699 Executing VM operation: HandshakeAllThreads (Deoptimize) done
Event: 7.150 Executing VM operation: ICBufferFull
Event: 7.150 Executing VM operation: ICBufferFull done
Event: 8.168 Executing VM operation: Cleanup
Event: 8.170 Executing VM operation: Cleanup done
Event: 9.180 Executing VM operation: Cleanup
Event: 9.180 Executing VM operation: Cleanup done
Event: 10.184 Executing VM operation: Cleanup
Event: 10.184 Executing VM operation: Cleanup done
Event: 11.191 Executing VM operation: Cleanup
Event: 11.191 Executing VM operation: Cleanup done
Event: 12.202 Executing VM operation: Cleanup
Event: 12.202 Executing VM operation: Cleanup done
Event: 13.214 Executing VM operation: Cleanup
Event: 13.216 Executing VM operation: Cleanup done
Event: 14.224 Executing VM operation: Cleanup
Event: 14.224 Executing VM operation: Cleanup done
Event: 15.069 Executing VM operation: ICBufferFull
Event: 15.070 Executing VM operation: ICBufferFull done

Events (20 events):
Event: 0.164 Thread 0x000001d486aa45c0 Thread added: 0x000001d486aa45c0
Event: 0.164 Thread 0x000001d486aa82e0 Thread added: 0x000001d486aa82e0
Event: 0.164 Thread 0x000001d486aaa960 Thread added: 0x000001d486aaa960
Event: 0.164 Thread 0x000001d486aaefe0 Thread added: 0x000001d486aaefe0
Event: 0.165 Thread 0x000001d486aaf980 Thread added: 0x000001d486aaf980
Event: 0.165 Thread 0x000001d486ab0390 Thread added: 0x000001d486ab0390
Event: 0.206 Thread 0x000001d4cc129200 Thread added: 0x000001d4cc129200
Event: 0.210 Thread 0x000001d4cc12c770 Thread added: 0x000001d4cc12c770
Event: 1.293 Thread 0x000001d4cc5ff640 Thread added: 0x000001d4cc5ff640
Event: 1.908 Thread 0x000001d4cc5ff640 Thread exited: 0x000001d4cc5ff640
Event: 2.399 Thread 0x000001d4ccc21c70 Thread added: 0x000001d4ccc21c70
Event: 2.478 Thread 0x000001d4ccd30e70 Thread added: 0x000001d4ccd30e70
Event: 3.955 Thread 0x000001d4ccd30e70 Thread exited: 0x000001d4ccd30e70
Event: 4.244 Thread 0x000001d4ccc21c70 Thread exited: 0x000001d4ccc21c70
Event: 5.349 Thread 0x000001d4ccf4b860 Thread added: 0x000001d4ccf4b860
Event: 7.091 Thread 0x000001d4ccf4b860 Thread exited: 0x000001d4ccf4b860
Event: 7.539 Thread 0x000001d4cd152080 Thread added: 0x000001d4cd152080
Event: 8.540 Thread 0x000001d4cd152080 Thread exited: 0x000001d4cd152080
Event: 12.845 Thread 0x000001d4cd33ce50 Thread added: 0x000001d4cd33ce50
Event: 14.977 Thread 0x000001d4cd33ce50 Thread exited: 0x000001d4cd33ce50


Dynamic libraries:
0x00007ff786d30000 - 0x00007ff786d3e000 	C:\Program Files\Eclipse Adoptium\jdk-21.0.2.13-hotspot\bin\java.exe
0x00007ffb90710000 - 0x00007ffb90927000 	C:\Windows\SYSTEM32\ntdll.dll
0x00007ffb8f5e0000 - 0x00007ffb8f6a4000 	C:\Windows\System32\KERNEL32.DLL
0x00007ffb8dc30000 - 0x00007ffb8dfe7000 	C:\Windows\System32\KERNELBASE.dll
0x00007ffb8e090000 - 0x00007ffb8e1a1000 	C:\Windows\System32\ucrtbase.dll
0x00007ffb88920000 - 0x00007ffb88938000 	C:\Program Files\Eclipse Adoptium\jdk-21.0.2.13-hotspot\bin\jli.dll
0x00007ffb8f0b0000 - 0x00007ffb8f25f000 	C:\Windows\System32\USER32.dll
0x00007ffb8dc00000 - 0x00007ffb8dc26000 	C:\Windows\System32\win32u.dll
0x00007ffb90590000 - 0x00007ffb905b9000 	C:\Windows\System32\GDI32.dll
0x00007ffb8e320000 - 0x00007ffb8e438000 	C:\Windows\System32\gdi32full.dll
0x00007ffb8dff0000 - 0x00007ffb8e08a000 	C:\Windows\System32\msvcp_win.dll
0x00007ffb89200000 - 0x00007ffb8921b000 	C:\Program Files\Eclipse Adoptium\jdk-21.0.2.13-hotspot\bin\VCRUNTIME140.dll
0x00007ffb7b540000 - 0x00007ffb7b7d3000 	C:\Windows\WinSxS\amd64_microsoft.windows.common-controls_6595b64144ccf1df_6.0.22621.3672_none_2713b9d173822955\COMCTL32.dll
0x00007ffb90140000 - 0x00007ffb901e7000 	C:\Windows\System32\msvcrt.dll
0x00007ffb8efe0000 - 0x00007ffb8f011000 	C:\Windows\System32\IMM32.DLL
0x00007ffb88910000 - 0x00007ffb8891c000 	C:\Program Files\Eclipse Adoptium\jdk-21.0.2.13-hotspot\bin\vcruntime140_1.dll
0x00007ffb88880000 - 0x00007ffb8890e000 	C:\Program Files\Eclipse Adoptium\jdk-21.0.2.13-hotspot\bin\msvcp140.dll
0x00007ffafd630000 - 0x00007ffafe3b3000 	C:\Program Files\Eclipse Adoptium\jdk-21.0.2.13-hotspot\bin\server\jvm.dll
0x00007ffb8ea50000 - 0x00007ffb8eb02000 	C:\Windows\System32\ADVAPI32.dll
0x00007ffb8e440000 - 0x00007ffb8e4e8000 	C:\Windows\System32\sechost.dll
0x00007ffb8e1b0000 - 0x00007ffb8e1d8000 	C:\Windows\System32\bcrypt.dll
0x00007ffb8f4a0000 - 0x00007ffb8f5b4000 	C:\Windows\System32\RPCRT4.dll
0x00007ffb8ff30000 - 0x00007ffb8ffa1000 	C:\Windows\System32\WS2_32.dll
0x00007ffb8c890000 - 0x00007ffb8c8dd000 	C:\Windows\SYSTEM32\POWRPROF.dll
0x00007ffb88540000 - 0x00007ffb88574000 	C:\Windows\SYSTEM32\WINMM.dll
0x00007ffb842c0000 - 0x00007ffb842ca000 	C:\Windows\SYSTEM32\VERSION.dll
0x00007ffb8c870000 - 0x00007ffb8c883000 	C:\Windows\SYSTEM32\UMPDC.dll
0x00007ffb8cb20000 - 0x00007ffb8cb38000 	C:\Windows\SYSTEM32\kernel.appcore.dll
0x00007ffb88870000 - 0x00007ffb8887a000 	C:\Program Files\Eclipse Adoptium\jdk-21.0.2.13-hotspot\bin\jimage.dll
0x00007ffb83480000 - 0x00007ffb836b2000 	C:\Windows\SYSTEM32\DBGHELP.DLL
0x00007ffb8e4f0000 - 0x00007ffb8e87e000 	C:\Windows\System32\combase.dll
0x00007ffb904b0000 - 0x00007ffb90587000 	C:\Windows\System32\OLEAUT32.dll
0x00007ffb73f30000 - 0x00007ffb73f62000 	C:\Windows\SYSTEM32\dbgcore.DLL
0x00007ffb8e1e0000 - 0x00007ffb8e25b000 	C:\Windows\System32\bcryptPrimitives.dll
0x00007ffb88850000 - 0x00007ffb8886f000 	C:\Program Files\Eclipse Adoptium\jdk-21.0.2.13-hotspot\bin\java.dll
0x00007ffb8f6c0000 - 0x00007ffb8ff29000 	C:\Windows\System32\SHELL32.dll
0x00007ffb8b950000 - 0x00007ffb8c24f000 	C:\Windows\SYSTEM32\windows.storage.dll
0x00007ffb8b810000 - 0x00007ffb8b94f000 	C:\Windows\SYSTEM32\wintypes.dll
0x00007ffb8e8f0000 - 0x00007ffb8e9e9000 	C:\Windows\System32\SHCORE.dll
0x00007ffb8e890000 - 0x00007ffb8e8ee000 	C:\Windows\System32\shlwapi.dll
0x00007ffb8d950000 - 0x00007ffb8d977000 	C:\Windows\SYSTEM32\profapi.dll
0x00007ffb2c5d0000 - 0x00007ffb2c6a7000 	C:\Program Files\Eclipse Adoptium\jdk-21.0.2.13-hotspot\bin\jsvml.dll
0x00007ffb7ba10000 - 0x00007ffb7ba20000 	C:\Program Files\Eclipse Adoptium\jdk-21.0.2.13-hotspot\bin\net.dll
0x00007ffb88ce0000 - 0x00007ffb88e16000 	C:\Windows\SYSTEM32\WINHTTP.dll
0x00007ffb8cf90000 - 0x00007ffb8cff9000 	C:\Windows\system32\mswsock.dll
0x00007ffb76b20000 - 0x00007ffb76b36000 	C:\Program Files\Eclipse Adoptium\jdk-21.0.2.13-hotspot\bin\nio.dll
0x00007ffb72e10000 - 0x00007ffb72e28000 	C:\Program Files\Eclipse Adoptium\jdk-21.0.2.13-hotspot\bin\zip.dll
0x0000000069ac0000 - 0x0000000069ae4000 	C:\Users\Cirilo\.m2\wrapper\dists\apache-maven-3.9.6\834f1afe40575b70b4b2527f4b12df8e\lib\jansi-native\Windows\x86_64\jansi.dll
0x00007ffb88830000 - 0x00007ffb88840000 	C:\Program Files\Eclipse Adoptium\jdk-21.0.2.13-hotspot\bin\verify.dll

dbghelp: loaded successfully - version: 4.0.5 - missing functions: none
symbol engine: initialized successfully - sym options: 0x614 - pdb path: .;C:\Program Files\Eclipse Adoptium\jdk-21.0.2.13-hotspot\bin;C:\Windows\SYSTEM32;C:\Windows\WinSxS\amd64_microsoft.windows.common-controls_6595b64144ccf1df_6.0.22621.3672_none_2713b9d173822955;C:\Program Files\Eclipse Adoptium\jdk-21.0.2.13-hotspot\bin\server;C:\Users\Cirilo\.m2\wrapper\dists\apache-maven-3.9.6\834f1afe40575b70b4b2527f4b12df8e\lib\jansi-native\Windows\x86_64

VM Arguments:
jvm_args: -Dclassworlds.conf=C:\Users\Cirilo\.m2\wrapper\dists\apache-maven-3.9.6\834f1afe40575b70b4b2527f4b12df8e\bin\m2.conf -Dmaven.home=C:\Users\Cirilo\.m2\wrapper\dists\apache-maven-3.9.6\834f1afe40575b70b4b2527f4b12df8e -Dlibrary.jansi.path=C:\Users\Cirilo\.m2\wrapper\dists\apache-maven-3.9.6\834f1afe40575b70b4b2527f4b12df8e\lib\jansi-native -Dmaven.multiModuleProjectDirectory=C:\Users\Cirilo\Documents\testes-automatizados 
java_command: org.codehaus.plexus.classworlds.launcher.Launcher test
java_class_path (initial): C:\Users\Cirilo\.m2\wrapper\dists\apache-maven-3.9.6\834f1afe40575b70b4b2527f4b12df8e\boot\plexus-classworlds-2.7.0.jar
Launcher Type: SUN_STANDARD

[Global flags]
     intx CICompilerCount                          = 4                                         {product} {ergonomic}
     uint ConcGCThreads                            = 2                                         {product} {ergonomic}
     uint G1ConcRefinementThreads                  = 8                                         {product} {ergonomic}
   size_t G1HeapRegionSize                         = 2097152                                   {product} {ergonomic}
    uintx GCDrainStackTargetSize                   = 64                                        {product} {ergonomic}
   size_t InitialHeapSize                          = 234881024                                 {product} {ergonomic}
   size_t MarkStackSize                            = 4194304                                   {product} {ergonomic}
   size_t MaxHeapSize                              = 3743416320                                {product} {ergonomic}
   size_t MaxNewSize                               = 2246049792                                {product} {ergonomic}
   size_t MinHeapDeltaBytes                        = 2097152                                   {product} {ergonomic}
   size_t MinHeapSize                              = 8388608                                   {product} {ergonomic}
    uintx NonNMethodCodeHeapSize                   = 5839372                                {pd product} {ergonomic}
    uintx NonProfiledCodeHeapSize                  = 122909434                              {pd product} {ergonomic}
    uintx ProfiledCodeHeapSize                     = 122909434                              {pd product} {ergonomic}
    uintx ReservedCodeCacheSize                    = 251658240                              {pd product} {ergonomic}
     bool SegmentedCodeCache                       = true                                      {product} {ergonomic}
   size_t SoftMaxHeapSize                          = 3743416320                             {manageable} {ergonomic}
     bool UseCompressedOops                        = true                           {product lp64_product} {ergonomic}
     bool UseG1GC                                  = true                                      {product} {ergonomic}
     bool UseLargePagesIndividualAllocation        = false                                  {pd product} {ergonomic}

Logging:
Log output configuration:
 #0: stdout all=warning uptime,level,tags foldmultilines=false
 #1: stderr all=off uptime,level,tags foldmultilines=false

Environment Variables:
JAVA_HOME=C:\Program Files\Eclipse Adoptium\jdk-21.0.2.13-hotspot\
PATH=C:\Program Files\Eclipse Adoptium\jdk-21.0.2.13-hotspot\bin;C:\Windows\system32;C:\Windows;C:\Windows\System32\Wbem;C:\Windows\System32\WindowsPowerShell\v1.0\;C:\Windows\System32\OpenSSH\;C:\Program Files\Git\cmd;C:\Program Files\Docker\Docker\resources\bin;C:\Program Files\nodejs\;C:\Program Files\NVIDIA Corporation\NVIDIA NvDLISR;C:\Users\Cirilo\Downloads\apache-maven-3.9.6\bin;C:\Program Files\dotnet\;C:\Program Files\Microsoft SQL Server\150\Tools\Binn\;C:\Program Files\Microsoft SQL Server\Client SDK\ODBC\170\Tools\Binn\;C:\Program Files\GitHub CLI\;C:\Program Files (x86)\NVIDIA Corporation\PhysX\Common;C:\ProgramData\chocolatey\bin;C:\Program Files\PuTTY\;C:\Users\Cirilo\AppData\Local\Microsoft\WindowsApps;C:\Users\Cirilo\AppData\Local\GitHubDesktop\bin;C:\Users\Cirilo\AppData\Local\Programs\Microsoft VS Code\bin;C:\Users\Cirilo\AppData\Roaming\npm;C:\Users\Cirilo\.dotnet\tools
USERNAME=Cirilo
OS=Windows_NT
PROCESSOR_IDENTIFIER=AMD64 Family 23 Model 24 Stepping 1, AuthenticAMD
TMP=C:\Users\Cirilo\AppData\Local\Temp
TEMP=C:\Users\Cirilo\AppData\Local\Temp




Periodic native trim disabled

---------------  S Y S T E M  ---------------

OS:
 Windows 11 , 64 bit Build 22621 (10.0.22621.3958)
OS uptime: 16 days 13:46 hours
Hyper-V role detected

CPU: total 8 (initial active 8) (8 cores per cpu, 2 threads per core) family 23 model 24 stepping 1 microcode 0x0, cx8, cmov, fxsr, ht, mmx, 3dnowpref, sse, sse2, sse3, ssse3, sse4a, sse4.1, sse4.2, popcnt, lzcnt, tsc, tscinvbit, avx, avx2, aes, clmul, bmi1, bmi2, adx, sha, fma, vzeroupper, clflush, clflushopt, hv, rdtscp, f16c
Processor Information for all 8 processors :
  Max Mhz: 2100, Current Mhz: 2100, Mhz Limit: 2100

Memory: 4k page, system-wide physical 14274M (480M free)
TotalPageFile size 57282M (AvailPageFile size 5M)
current process WorkingSet (physical memory assigned to process): 166M, peak: 178M
current process commit charge ("private bytes"): 344M, peak: 360M

vm_info: OpenJDK 64-Bit Server VM (21.0.2+13-LTS) for windows-amd64 JRE (21.0.2+13-LTS), built on 2024-01-16T00:00:00Z by "admin" with unknown MS VC++:1937

END.
