#
# There is insufficient memory for the Java Runtime Environment to continue.
# Native memory allocation (malloc) failed to allocate 633616 bytes for Chunk::new
# Possible reasons:
#   The system is out of physical RAM or swap space
#   The process is running with CompressedOops enabled, and the Java Heap may be blocking the growth of the native heap
# Possible solutions:
#   Reduce memory load on the system
#   Increase physical memory or swap space
#   Check if swap backing store is full
#   Decrease Java heap size (-Xmx/-Xms)
#   Decrease number of Java threads
#   Decrease Java thread stack sizes (-Xss)
#   Set larger code cache with -XX:ReservedCodeCacheSize=
#   JVM is running with Zero Based Compressed Oops mode in which the Java heap is
#     placed in the first 32GB address space. The Java Heap base address is the
#     maximum limit for the native heap growth. Please use -XX:HeapBaseMinAddress
#     to set the Java Heap base and to place the Java Heap above 32GB virtual address.
# This output file may be truncated or incomplete.
#
#  Out of Memory Error (arena.cpp:168), pid=39104, tid=40200
#
# JRE version: OpenJDK Runtime Environment Temurin-21.0.2+13 (21.0.2+13) (build 21.0.2+13-LTS)
# Java VM: OpenJDK 64-Bit Server VM Temurin-21.0.2+13 (21.0.2+13-LTS, mixed mode, sharing, tiered, compressed oops, compressed class ptrs, g1 gc, windows-amd64)
# No core dump will be written. Minidumps are not enabled by default on client versions of Windows
#

---------------  S U M M A R Y ------------

Command Line: C:\Users\Cirilo\AppData\Local\Temp\surefire15755965540998241693\surefirebooter18281734125829301687.jar C:\Users\Cirilo\AppData\Local\Temp\surefire15755965540998241693 2024-10-31T03-13-05_438-jvmRun1 surefire6131137291475125157tmp surefire_016748215389657454106tmp

Host: AMD Ryzen 5 3550H with Radeon Vega Mobile Gfx  , 8 cores, 13G,  Windows 11 , 64 bit Build 22621 (10.0.22621.3958)
Time: Thu Oct 31 03:13:15 2024 Hora oficial do Brasil elapsed time: 6.073461 seconds (0d 0h 0m 6s)

---------------  T H R E A D  ---------------

Current thread (0x000002b133b668e0):  JavaThread "C2 CompilerThread0" daemon [_thread_in_native, id=40200, stack(0x000000ca69e00000,0x000000ca69f00000) (1024K)]


Current CompileTask:
C2:   6073 2036   !   4       java.net.URL::<init> (543 bytes)

Stack: [0x000000ca69e00000,0x000000ca69f00000]
Native frames: (J=compiled Java code, j=interpreted, Vv=VM code, C=native code)
V  [jvm.dll+0x6c94f9]
V  [jvm.dll+0x8a3c21]
V  [jvm.dll+0x8a614e]
V  [jvm.dll+0x8a6823]
V  [jvm.dll+0x27fa86]
V  [jvm.dll+0xc4a2d]
V  [jvm.dll+0xc4f63]
V  [jvm.dll+0x2f278f]
V  [jvm.dll+0x5f2c9a]
V  [jvm.dll+0x25112f]
V  [jvm.dll+0x25150f]
V  [jvm.dll+0x249dd4]
V  [jvm.dll+0x24747b]
V  [jvm.dll+0x1c847e]
V  [jvm.dll+0x256db9]
V  [jvm.dll+0x25538a]
V  [jvm.dll+0x3ed0d6]
V  [jvm.dll+0x84cb3b]
V  [jvm.dll+0x6c7c2d]
C  [ucrtbase.dll+0x29333]
C  [KERNEL32.DLL+0x1257d]
C  [ntdll.dll+0x5af08]


---------------  P R O C E S S  ---------------

Threads class SMR info:
_java_thread_list=0x000002b17a2ae040, length=14, elements={
0x000002b112fcd3a0, 0x000002b133b57da0, 0x000002b133b58e70, 0x000002b133b5f0a0,
0x000002b133b62320, 0x000002b133b62f30, 0x000002b133b63990, 0x000002b133b668e0,
0x000002b133b69d50, 0x000002b1790f56d0, 0x000002b1790fa320, 0x000002b17928d270,
0x000002b17a369880, 0x000002b179064930
}

Java Threads: ( => current thread )
  0x000002b112fcd3a0 JavaThread "main"                              [_thread_in_vm, id=41360, stack(0x000000ca69000000,0x000000ca69100000) (1024K)]
  0x000002b133b57da0 JavaThread "Reference Handler"          daemon [_thread_blocked, id=7788, stack(0x000000ca69800000,0x000000ca69900000) (1024K)]
  0x000002b133b58e70 JavaThread "Finalizer"                  daemon [_thread_blocked, id=19368, stack(0x000000ca69900000,0x000000ca69a00000) (1024K)]
  0x000002b133b5f0a0 JavaThread "Signal Dispatcher"          daemon [_thread_blocked, id=20420, stack(0x000000ca69a00000,0x000000ca69b00000) (1024K)]
  0x000002b133b62320 JavaThread "Attach Listener"            daemon [_thread_blocked, id=20628, stack(0x000000ca69b00000,0x000000ca69c00000) (1024K)]
  0x000002b133b62f30 JavaThread "Service Thread"             daemon [_thread_blocked, id=38064, stack(0x000000ca69c00000,0x000000ca69d00000) (1024K)]
  0x000002b133b63990 JavaThread "Monitor Deflation Thread"   daemon [_thread_blocked, id=22372, stack(0x000000ca69d00000,0x000000ca69e00000) (1024K)]
=>0x000002b133b668e0 JavaThread "C2 CompilerThread0"         daemon [_thread_in_native, id=40200, stack(0x000000ca69e00000,0x000000ca69f00000) (1024K)]
  0x000002b133b69d50 JavaThread "C1 CompilerThread0"         daemon [_thread_blocked, id=9776, stack(0x000000ca69f00000,0x000000ca6a000000) (1024K)]
  0x000002b1790f56d0 JavaThread "Notification Thread"        daemon [_thread_blocked, id=41120, stack(0x000000ca6a000000,0x000000ca6a100000) (1024K)]
  0x000002b1790fa320 JavaThread "Common-Cleaner"             daemon [_thread_blocked, id=37812, stack(0x000000ca6a100000,0x000000ca6a200000) (1024K)]
  0x000002b17928d270 JavaThread "surefire-forkedjvm-command-thread" daemon [_thread_in_native, id=21468, stack(0x000000ca6a200000,0x000000ca6a300000) (1024K)]
  0x000002b17a369880 JavaThread "C2 CompilerThread1"         daemon [_thread_in_native, id=37892, stack(0x000000ca6aa00000,0x000000ca6ab00000) (1024K)]
  0x000002b179064930 JavaThread "C2 CompilerThread2"         daemon [_thread_in_native, id=36408, stack(0x000000ca6ab00000,0x000000ca6ac00000) (1024K)]
Total: 14

Other Threads:
  0x000002b133b3ca90 VMThread "VM Thread"                           [id=40012, stack(0x000000ca69700000,0x000000ca69800000) (1024K)]
  0x000002b133b23b00 WatcherThread "VM Periodic Task Thread"        [id=38772, stack(0x000000ca69600000,0x000000ca69700000) (1024K)]
  0x000002b1151b4350 WorkerThread "GC Thread#0"                     [id=38484, stack(0x000000ca69100000,0x000000ca69200000) (1024K)]
  0x000002b179ce11f0 WorkerThread "GC Thread#1"                     [id=38656, stack(0x000000ca6a300000,0x000000ca6a400000) (1024K)]
  0x000002b179ce1590 WorkerThread "GC Thread#2"                     [id=41900, stack(0x000000ca6a400000,0x000000ca6a500000) (1024K)]
  0x000002b179ce1930 WorkerThread "GC Thread#3"                     [id=36256, stack(0x000000ca6a500000,0x000000ca6a600000) (1024K)]
  0x000002b179cdf3b0 WorkerThread "GC Thread#4"                     [id=17844, stack(0x000000ca6a600000,0x000000ca6a700000) (1024K)]
  0x000002b179ce01d0 WorkerThread "GC Thread#5"                     [id=37696, stack(0x000000ca6a700000,0x000000ca6a800000) (1024K)]
  0x000002b179ce0570 WorkerThread "GC Thread#6"                     [id=37880, stack(0x000000ca6a800000,0x000000ca6a900000) (1024K)]
  0x000002b179d02690 WorkerThread "GC Thread#7"                     [id=16732, stack(0x000000ca6a900000,0x000000ca6aa00000) (1024K)]
  0x000002b1151c3c00 ConcurrentGCThread "G1 Main Marker"            [id=9280, stack(0x000000ca69200000,0x000000ca69300000) (1024K)]
  0x000002b1151c4700 WorkerThread "G1 Conc#0"                       [id=40064, stack(0x000000ca69300000,0x000000ca69400000) (1024K)]
  0x000002b1339f54f0 ConcurrentGCThread "G1 Refine#0"               [id=37192, stack(0x000000ca69400000,0x000000ca69500000) (1024K)]
  0x000002b1339f6060 ConcurrentGCThread "G1 Service"                [id=35048, stack(0x000000ca69500000,0x000000ca69600000) (1024K)]
Total: 14

Threads with active compile tasks:
C2 CompilerThread0     6125 2036   !   4       java.net.URL::<init> (543 bytes)
C1 CompilerThread0     6125 2068       3       jdk.internal.misc.Unsafe::shouldBeInitialized (18 bytes)
C2 CompilerThread1     6125 2049       4       java.io.DataInputStream::readUTF (501 bytes)
C2 CompilerThread2     6125 2050       4       java.io.DataInputStream::readFully (59 bytes)
Total: 4

VM state: not at safepoint (normal execution)

VM Mutex/Monitor currently owned by a thread: None

Heap address: 0x0000000720e00000, size: 3570 MB, Compressed Oops mode: Zero based, Oop shift amount: 3

CDS archive(s) mapped at: [0x000002b134000000-0x000002b134c90000-0x000002b134c90000), size 13172736, SharedBaseAddress: 0x000002b134000000, ArchiveRelocationMode: 1.
Compressed class space mapped at: 0x000002b135000000-0x000002b175000000, reserved size: 1073741824
Narrow klass base: 0x000002b134000000, Narrow klass shift: 0, Narrow klass range: 0x100000000

GC Precious Log:
 CardTable entry size: 512
 Card Set container configuration: InlinePtr #cards 4 size 8 Array Of Cards #cards 16 size 48 Howl #buckets 8 coarsen threshold 3686 Howl Bitmap #cards 512 size 80 coarsen threshold 460 Card regions per heap region 1 cards per card region 4096
 CPUs: 8 total, 8 available
 Memory: 14274M
 Large Page Support: Disabled
 NUMA Support: Disabled
 Compressed Oops: Enabled (Zero based)
 Heap Region Size: 2M
 Heap Min Capacity: 8M
 Heap Initial Capacity: 224M
 Heap Max Capacity: 3570M
 Pre-touch: Disabled
 Parallel Workers: 8
 Concurrent Workers: 2
 Concurrent Refinement Workers: 8
 Periodic GC: Disabled

Heap:
 garbage-first heap   total 229376K, used 15320K [0x0000000720e00000, 0x0000000800000000)
  region size 2048K, 6 young (12288K), 1 survivors (2048K)
 Metaspace       used 16644K, committed 16960K, reserved 1114112K
  class space    used 1966K, committed 2112K, reserved 1048576K

Heap Regions: E=young(eden), S=young(survivor), O=old, HS=humongous(starts), HC=humongous(continues), CS=collection set, F=free, TAMS=top-at-mark-start, PB=parsable bottom
|   0|0x0000000720e00000, 0x0000000721000000, 0x0000000721000000|100%| O|  |TAMS 0x0000000720e00000| PB 0x0000000720e00000| Untracked 
|   1|0x0000000721000000, 0x0000000721200000, 0x0000000721200000|100%| O|  |TAMS 0x0000000721000000| PB 0x0000000721000000| Untracked 
|   2|0x0000000721200000, 0x00000007213262b0, 0x0000000721400000| 57%| O|  |TAMS 0x0000000721200000| PB 0x0000000721200000| Untracked 
|   3|0x0000000721400000, 0x0000000721400000, 0x0000000721600000|  0%| F|  |TAMS 0x0000000721400000| PB 0x0000000721400000| Untracked 
|   4|0x0000000721600000, 0x0000000721600000, 0x0000000721800000|  0%| F|  |TAMS 0x0000000721600000| PB 0x0000000721600000| Untracked 
|   5|0x0000000721800000, 0x0000000721800000, 0x0000000721a00000|  0%| F|  |TAMS 0x0000000721800000| PB 0x0000000721800000| Untracked 
|   6|0x0000000721a00000, 0x0000000721a00000, 0x0000000721c00000|  0%| F|  |TAMS 0x0000000721a00000| PB 0x0000000721a00000| Untracked 
|   7|0x0000000721c00000, 0x0000000721c00000, 0x0000000721e00000|  0%| F|  |TAMS 0x0000000721c00000| PB 0x0000000721c00000| Untracked 
|   8|0x0000000721e00000, 0x0000000721e00000, 0x0000000722000000|  0%| F|  |TAMS 0x0000000721e00000| PB 0x0000000721e00000| Untracked 
|   9|0x0000000722000000, 0x0000000722000000, 0x0000000722200000|  0%| F|  |TAMS 0x0000000722000000| PB 0x0000000722000000| Untracked 
|  10|0x0000000722200000, 0x0000000722200000, 0x0000000722400000|  0%| F|  |TAMS 0x0000000722200000| PB 0x0000000722200000| Untracked 
|  11|0x0000000722400000, 0x0000000722400000, 0x0000000722600000|  0%| F|  |TAMS 0x0000000722400000| PB 0x0000000722400000| Untracked 
|  12|0x0000000722600000, 0x0000000722600000, 0x0000000722800000|  0%| F|  |TAMS 0x0000000722600000| PB 0x0000000722600000| Untracked 
|  13|0x0000000722800000, 0x0000000722800000, 0x0000000722a00000|  0%| F|  |TAMS 0x0000000722800000| PB 0x0000000722800000| Untracked 
|  14|0x0000000722a00000, 0x0000000722a00000, 0x0000000722c00000|  0%| F|  |TAMS 0x0000000722a00000| PB 0x0000000722a00000| Untracked 
|  15|0x0000000722c00000, 0x0000000722c00000, 0x0000000722e00000|  0%| F|  |TAMS 0x0000000722c00000| PB 0x0000000722c00000| Untracked 
|  16|0x0000000722e00000, 0x0000000722e00000, 0x0000000723000000|  0%| F|  |TAMS 0x0000000722e00000| PB 0x0000000722e00000| Untracked 
|  17|0x0000000723000000, 0x0000000723000000, 0x0000000723200000|  0%| F|  |TAMS 0x0000000723000000| PB 0x0000000723000000| Untracked 
|  18|0x0000000723200000, 0x0000000723200000, 0x0000000723400000|  0%| F|  |TAMS 0x0000000723200000| PB 0x0000000723200000| Untracked 
|  19|0x0000000723400000, 0x0000000723400000, 0x0000000723600000|  0%| F|  |TAMS 0x0000000723400000| PB 0x0000000723400000| Untracked 
|  20|0x0000000723600000, 0x0000000723600000, 0x0000000723800000|  0%| F|  |TAMS 0x0000000723600000| PB 0x0000000723600000| Untracked 
|  21|0x0000000723800000, 0x0000000723800000, 0x0000000723a00000|  0%| F|  |TAMS 0x0000000723800000| PB 0x0000000723800000| Untracked 
|  22|0x0000000723a00000, 0x0000000723a00000, 0x0000000723c00000|  0%| F|  |TAMS 0x0000000723a00000| PB 0x0000000723a00000| Untracked 
|  23|0x0000000723c00000, 0x0000000723c00000, 0x0000000723e00000|  0%| F|  |TAMS 0x0000000723c00000| PB 0x0000000723c00000| Untracked 
|  24|0x0000000723e00000, 0x0000000723e00000, 0x0000000724000000|  0%| F|  |TAMS 0x0000000723e00000| PB 0x0000000723e00000| Untracked 
|  25|0x0000000724000000, 0x0000000724000000, 0x0000000724200000|  0%| F|  |TAMS 0x0000000724000000| PB 0x0000000724000000| Untracked 
|  26|0x0000000724200000, 0x0000000724200000, 0x0000000724400000|  0%| F|  |TAMS 0x0000000724200000| PB 0x0000000724200000| Untracked 
|  27|0x0000000724400000, 0x0000000724400000, 0x0000000724600000|  0%| F|  |TAMS 0x0000000724400000| PB 0x0000000724400000| Untracked 
|  28|0x0000000724600000, 0x0000000724600000, 0x0000000724800000|  0%| F|  |TAMS 0x0000000724600000| PB 0x0000000724600000| Untracked 
|  29|0x0000000724800000, 0x0000000724800000, 0x0000000724a00000|  0%| F|  |TAMS 0x0000000724800000| PB 0x0000000724800000| Untracked 
|  30|0x0000000724a00000, 0x0000000724a00000, 0x0000000724c00000|  0%| F|  |TAMS 0x0000000724a00000| PB 0x0000000724a00000| Untracked 
|  31|0x0000000724c00000, 0x0000000724c00000, 0x0000000724e00000|  0%| F|  |TAMS 0x0000000724c00000| PB 0x0000000724c00000| Untracked 
|  32|0x0000000724e00000, 0x0000000724e00000, 0x0000000725000000|  0%| F|  |TAMS 0x0000000724e00000| PB 0x0000000724e00000| Untracked 
|  33|0x0000000725000000, 0x0000000725000000, 0x0000000725200000|  0%| F|  |TAMS 0x0000000725000000| PB 0x0000000725000000| Untracked 
|  34|0x0000000725200000, 0x0000000725200000, 0x0000000725400000|  0%| F|  |TAMS 0x0000000725200000| PB 0x0000000725200000| Untracked 
|  35|0x0000000725400000, 0x0000000725400000, 0x0000000725600000|  0%| F|  |TAMS 0x0000000725400000| PB 0x0000000725400000| Untracked 
|  36|0x0000000725600000, 0x0000000725600000, 0x0000000725800000|  0%| F|  |TAMS 0x0000000725600000| PB 0x0000000725600000| Untracked 
|  37|0x0000000725800000, 0x0000000725800000, 0x0000000725a00000|  0%| F|  |TAMS 0x0000000725800000| PB 0x0000000725800000| Untracked 
|  38|0x0000000725a00000, 0x0000000725a00000, 0x0000000725c00000|  0%| F|  |TAMS 0x0000000725a00000| PB 0x0000000725a00000| Untracked 
|  39|0x0000000725c00000, 0x0000000725c00000, 0x0000000725e00000|  0%| F|  |TAMS 0x0000000725c00000| PB 0x0000000725c00000| Untracked 
|  40|0x0000000725e00000, 0x0000000725e00000, 0x0000000726000000|  0%| F|  |TAMS 0x0000000725e00000| PB 0x0000000725e00000| Untracked 
|  41|0x0000000726000000, 0x0000000726000000, 0x0000000726200000|  0%| F|  |TAMS 0x0000000726000000| PB 0x0000000726000000| Untracked 
|  42|0x0000000726200000, 0x0000000726200000, 0x0000000726400000|  0%| F|  |TAMS 0x0000000726200000| PB 0x0000000726200000| Untracked 
|  43|0x0000000726400000, 0x0000000726400000, 0x0000000726600000|  0%| F|  |TAMS 0x0000000726400000| PB 0x0000000726400000| Untracked 
|  44|0x0000000726600000, 0x0000000726600000, 0x0000000726800000|  0%| F|  |TAMS 0x0000000726600000| PB 0x0000000726600000| Untracked 
|  45|0x0000000726800000, 0x0000000726800000, 0x0000000726a00000|  0%| F|  |TAMS 0x0000000726800000| PB 0x0000000726800000| Untracked 
|  46|0x0000000726a00000, 0x0000000726a00000, 0x0000000726c00000|  0%| F|  |TAMS 0x0000000726a00000| PB 0x0000000726a00000| Untracked 
|  47|0x0000000726c00000, 0x0000000726c00000, 0x0000000726e00000|  0%| F|  |TAMS 0x0000000726c00000| PB 0x0000000726c00000| Untracked 
|  48|0x0000000726e00000, 0x0000000726e00000, 0x0000000727000000|  0%| F|  |TAMS 0x0000000726e00000| PB 0x0000000726e00000| Untracked 
|  49|0x0000000727000000, 0x0000000727000000, 0x0000000727200000|  0%| F|  |TAMS 0x0000000727000000| PB 0x0000000727000000| Untracked 
|  50|0x0000000727200000, 0x0000000727200000, 0x0000000727400000|  0%| F|  |TAMS 0x0000000727200000| PB 0x0000000727200000| Untracked 
|  51|0x0000000727400000, 0x0000000727400000, 0x0000000727600000|  0%| F|  |TAMS 0x0000000727400000| PB 0x0000000727400000| Untracked 
|  52|0x0000000727600000, 0x0000000727600000, 0x0000000727800000|  0%| F|  |TAMS 0x0000000727600000| PB 0x0000000727600000| Untracked 
|  53|0x0000000727800000, 0x0000000727800000, 0x0000000727a00000|  0%| F|  |TAMS 0x0000000727800000| PB 0x0000000727800000| Untracked 
|  54|0x0000000727a00000, 0x0000000727a00000, 0x0000000727c00000|  0%| F|  |TAMS 0x0000000727a00000| PB 0x0000000727a00000| Untracked 
|  55|0x0000000727c00000, 0x0000000727c00000, 0x0000000727e00000|  0%| F|  |TAMS 0x0000000727c00000| PB 0x0000000727c00000| Untracked 
|  56|0x0000000727e00000, 0x0000000727e00000, 0x0000000728000000|  0%| F|  |TAMS 0x0000000727e00000| PB 0x0000000727e00000| Untracked 
|  57|0x0000000728000000, 0x0000000728000000, 0x0000000728200000|  0%| F|  |TAMS 0x0000000728000000| PB 0x0000000728000000| Untracked 
|  58|0x0000000728200000, 0x0000000728200000, 0x0000000728400000|  0%| F|  |TAMS 0x0000000728200000| PB 0x0000000728200000| Untracked 
|  59|0x0000000728400000, 0x0000000728400000, 0x0000000728600000|  0%| F|  |TAMS 0x0000000728400000| PB 0x0000000728400000| Untracked 
|  60|0x0000000728600000, 0x0000000728600000, 0x0000000728800000|  0%| F|  |TAMS 0x0000000728600000| PB 0x0000000728600000| Untracked 
|  61|0x0000000728800000, 0x0000000728800000, 0x0000000728a00000|  0%| F|  |TAMS 0x0000000728800000| PB 0x0000000728800000| Untracked 
|  62|0x0000000728a00000, 0x0000000728a00000, 0x0000000728c00000|  0%| F|  |TAMS 0x0000000728a00000| PB 0x0000000728a00000| Untracked 
|  63|0x0000000728c00000, 0x0000000728c00000, 0x0000000728e00000|  0%| F|  |TAMS 0x0000000728c00000| PB 0x0000000728c00000| Untracked 
|  64|0x0000000728e00000, 0x0000000728e00000, 0x0000000729000000|  0%| F|  |TAMS 0x0000000728e00000| PB 0x0000000728e00000| Untracked 
|  65|0x0000000729000000, 0x0000000729000000, 0x0000000729200000|  0%| F|  |TAMS 0x0000000729000000| PB 0x0000000729000000| Untracked 
|  66|0x0000000729200000, 0x0000000729200000, 0x0000000729400000|  0%| F|  |TAMS 0x0000000729200000| PB 0x0000000729200000| Untracked 
|  67|0x0000000729400000, 0x0000000729400000, 0x0000000729600000|  0%| F|  |TAMS 0x0000000729400000| PB 0x0000000729400000| Untracked 
|  68|0x0000000729600000, 0x0000000729600000, 0x0000000729800000|  0%| F|  |TAMS 0x0000000729600000| PB 0x0000000729600000| Untracked 
|  69|0x0000000729800000, 0x0000000729800000, 0x0000000729a00000|  0%| F|  |TAMS 0x0000000729800000| PB 0x0000000729800000| Untracked 
|  70|0x0000000729a00000, 0x0000000729a00000, 0x0000000729c00000|  0%| F|  |TAMS 0x0000000729a00000| PB 0x0000000729a00000| Untracked 
|  71|0x0000000729c00000, 0x0000000729c00000, 0x0000000729e00000|  0%| F|  |TAMS 0x0000000729c00000| PB 0x0000000729c00000| Untracked 
|  72|0x0000000729e00000, 0x0000000729e00000, 0x000000072a000000|  0%| F|  |TAMS 0x0000000729e00000| PB 0x0000000729e00000| Untracked 
|  73|0x000000072a000000, 0x000000072a000000, 0x000000072a200000|  0%| F|  |TAMS 0x000000072a000000| PB 0x000000072a000000| Untracked 
|  74|0x000000072a200000, 0x000000072a200000, 0x000000072a400000|  0%| F|  |TAMS 0x000000072a200000| PB 0x000000072a200000| Untracked 
|  75|0x000000072a400000, 0x000000072a400000, 0x000000072a600000|  0%| F|  |TAMS 0x000000072a400000| PB 0x000000072a400000| Untracked 
|  76|0x000000072a600000, 0x000000072a600000, 0x000000072a800000|  0%| F|  |TAMS 0x000000072a600000| PB 0x000000072a600000| Untracked 
|  77|0x000000072a800000, 0x000000072a800000, 0x000000072aa00000|  0%| F|  |TAMS 0x000000072a800000| PB 0x000000072a800000| Untracked 
|  78|0x000000072aa00000, 0x000000072aa00000, 0x000000072ac00000|  0%| F|  |TAMS 0x000000072aa00000| PB 0x000000072aa00000| Untracked 
|  79|0x000000072ac00000, 0x000000072ac00000, 0x000000072ae00000|  0%| F|  |TAMS 0x000000072ac00000| PB 0x000000072ac00000| Untracked 
|  80|0x000000072ae00000, 0x000000072ae00000, 0x000000072b000000|  0%| F|  |TAMS 0x000000072ae00000| PB 0x000000072ae00000| Untracked 
|  81|0x000000072b000000, 0x000000072b000000, 0x000000072b200000|  0%| F|  |TAMS 0x000000072b000000| PB 0x000000072b000000| Untracked 
|  82|0x000000072b200000, 0x000000072b200000, 0x000000072b400000|  0%| F|  |TAMS 0x000000072b200000| PB 0x000000072b200000| Untracked 
|  83|0x000000072b400000, 0x000000072b400000, 0x000000072b600000|  0%| F|  |TAMS 0x000000072b400000| PB 0x000000072b400000| Untracked 
|  84|0x000000072b600000, 0x000000072b600000, 0x000000072b800000|  0%| F|  |TAMS 0x000000072b600000| PB 0x000000072b600000| Untracked 
|  85|0x000000072b800000, 0x000000072b800000, 0x000000072ba00000|  0%| F|  |TAMS 0x000000072b800000| PB 0x000000072b800000| Untracked 
|  86|0x000000072ba00000, 0x000000072ba00000, 0x000000072bc00000|  0%| F|  |TAMS 0x000000072ba00000| PB 0x000000072ba00000| Untracked 
|  87|0x000000072bc00000, 0x000000072bc00000, 0x000000072be00000|  0%| F|  |TAMS 0x000000072bc00000| PB 0x000000072bc00000| Untracked 
|  88|0x000000072be00000, 0x000000072be00000, 0x000000072c000000|  0%| F|  |TAMS 0x000000072be00000| PB 0x000000072be00000| Untracked 
|  89|0x000000072c000000, 0x000000072c000000, 0x000000072c200000|  0%| F|  |TAMS 0x000000072c000000| PB 0x000000072c000000| Untracked 
|  90|0x000000072c200000, 0x000000072c200000, 0x000000072c400000|  0%| F|  |TAMS 0x000000072c200000| PB 0x000000072c200000| Untracked 
|  91|0x000000072c400000, 0x000000072c400000, 0x000000072c600000|  0%| F|  |TAMS 0x000000072c400000| PB 0x000000072c400000| Untracked 
|  92|0x000000072c600000, 0x000000072c600000, 0x000000072c800000|  0%| F|  |TAMS 0x000000072c600000| PB 0x000000072c600000| Untracked 
|  93|0x000000072c800000, 0x000000072c800000, 0x000000072ca00000|  0%| F|  |TAMS 0x000000072c800000| PB 0x000000072c800000| Untracked 
|  94|0x000000072ca00000, 0x000000072ca00000, 0x000000072cc00000|  0%| F|  |TAMS 0x000000072ca00000| PB 0x000000072ca00000| Untracked 
|  95|0x000000072cc00000, 0x000000072cdcff70, 0x000000072ce00000| 90%| S|CS|TAMS 0x000000072cc00000| PB 0x000000072cc00000| Complete 
|  96|0x000000072ce00000, 0x000000072ce00000, 0x000000072d000000|  0%| F|  |TAMS 0x000000072ce00000| PB 0x000000072ce00000| Untracked 
|  97|0x000000072d000000, 0x000000072d000000, 0x000000072d200000|  0%| F|  |TAMS 0x000000072d000000| PB 0x000000072d000000| Untracked 
|  98|0x000000072d200000, 0x000000072d200000, 0x000000072d400000|  0%| F|  |TAMS 0x000000072d200000| PB 0x000000072d200000| Untracked 
|  99|0x000000072d400000, 0x000000072d400000, 0x000000072d600000|  0%| F|  |TAMS 0x000000072d400000| PB 0x000000072d400000| Untracked 
| 100|0x000000072d600000, 0x000000072d600000, 0x000000072d800000|  0%| F|  |TAMS 0x000000072d600000| PB 0x000000072d600000| Untracked 
| 101|0x000000072d800000, 0x000000072d800000, 0x000000072da00000|  0%| F|  |TAMS 0x000000072d800000| PB 0x000000072d800000| Untracked 
| 102|0x000000072da00000, 0x000000072da00000, 0x000000072dc00000|  0%| F|  |TAMS 0x000000072da00000| PB 0x000000072da00000| Untracked 
| 103|0x000000072dc00000, 0x000000072dc00000, 0x000000072de00000|  0%| F|  |TAMS 0x000000072dc00000| PB 0x000000072dc00000| Untracked 
| 104|0x000000072de00000, 0x000000072de00000, 0x000000072e000000|  0%| F|  |TAMS 0x000000072de00000| PB 0x000000072de00000| Untracked 
| 105|0x000000072e000000, 0x000000072e000000, 0x000000072e200000|  0%| F|  |TAMS 0x000000072e000000| PB 0x000000072e000000| Untracked 
| 106|0x000000072e200000, 0x000000072e200000, 0x000000072e400000|  0%| F|  |TAMS 0x000000072e200000| PB 0x000000072e200000| Untracked 
| 107|0x000000072e400000, 0x000000072e5bc228, 0x000000072e600000| 86%| E|  |TAMS 0x000000072e400000| PB 0x000000072e400000| Complete 
| 108|0x000000072e600000, 0x000000072e800000, 0x000000072e800000|100%| E|CS|TAMS 0x000000072e600000| PB 0x000000072e600000| Complete 
| 109|0x000000072e800000, 0x000000072ea00000, 0x000000072ea00000|100%| E|CS|TAMS 0x000000072e800000| PB 0x000000072e800000| Complete 
| 110|0x000000072ea00000, 0x000000072ec00000, 0x000000072ec00000|100%| E|CS|TAMS 0x000000072ea00000| PB 0x000000072ea00000| Complete 
| 111|0x000000072ec00000, 0x000000072ee00000, 0x000000072ee00000|100%| E|CS|TAMS 0x000000072ec00000| PB 0x000000072ec00000| Complete 

Card table byte_map: [0x000002b12d260000,0x000002b12d960000] _byte_map_base: 0x000002b129959000

Marking Bits: (CMBitMap*) 0x000002b1151b4a50
 Bits: [0x000002b12d960000, 0x000002b131128000)

Polling page: 0x000002b114920000

Metaspace:

Usage:
  Non-class:     14.34 MB used.
      Class:      1.92 MB used.
       Both:     16.26 MB used.

Virtual space:
  Non-class space:       64.00 MB reserved,      14.50 MB ( 23%) committed,  1 nodes.
      Class space:        1.00 GB reserved,       2.06 MB ( <1%) committed,  1 nodes.
             Both:        1.06 GB reserved,      16.56 MB (  2%) committed. 

Chunk freelists:
   Non-Class:  624.00 KB
       Class:  13.92 MB
        Both:  14.53 MB

MaxMetaspaceSize: unlimited
CompressedClassSpaceSize: 1.00 GB
Initial GC threshold: 21.00 MB
Current GC threshold: 21.00 MB
CDS: on
 - commit_granule_bytes: 65536.
 - commit_granule_words: 8192.
 - virtual_space_node_default_size: 8388608.
 - enlarge_chunks_in_place: 1.
 - use_allocation_guard: 0.


Internal statistics:

num_allocs_failed_limit: 0.
num_arena_births: 188.
num_arena_deaths: 0.
num_vsnodes_births: 2.
num_vsnodes_deaths: 0.
num_space_committed: 265.
num_space_uncommitted: 0.
num_chunks_returned_to_freelist: 0.
num_chunks_taken_from_freelist: 692.
num_chunk_merges: 0.
num_chunk_splits: 505.
num_chunks_enlarged: 413.
num_inconsistent_stats: 0.

CodeHeap 'non-profiled nmethods': size=120000Kb used=714Kb max_used=714Kb free=119286Kb
 bounds [0x000002b125300000, 0x000002b125570000, 0x000002b12c830000]
CodeHeap 'profiled nmethods': size=120000Kb used=3980Kb max_used=3980Kb free=116019Kb
 bounds [0x000002b11d830000, 0x000002b11dc20000, 0x000002b124d60000]
CodeHeap 'non-nmethods': size=5760Kb used=1402Kb max_used=1426Kb free=4357Kb
 bounds [0x000002b124d60000, 0x000002b124fd0000, 0x000002b125300000]
 total_blobs=2555 nmethods=2060 adapters=399
 compilation: enabled
              stopped_count=0, restarted_count=0
 full_count=0

Compilation events (20 events):
Event: 6.033 Thread 0x000002b133b69d50 nmethod 2043 0x000002b11dc07f90 code [0x000002b11dc08180, 0x000002b11dc08690]
Event: 6.033 Thread 0x000002b133b69d50 2045       3       java.lang.Integer::hashCode (8 bytes)
Event: 6.034 Thread 0x000002b133b69d50 nmethod 2045 0x000002b11dc08890 code [0x000002b11dc08a40, 0x000002b11dc08ba8]
Event: 6.034 Thread 0x000002b133b69d50 2046       3       java.lang.Integer::hashCode (2 bytes)
Event: 6.034 Thread 0x000002b133b69d50 nmethod 2046 0x000002b11dc08c90 code [0x000002b11dc08e20, 0x000002b11dc08f10]
Event: 6.035 Thread 0x000002b133b69d50 2048       3       org.codehaus.groovy.reflection.GeneratedMetaMethod$DgmMethodRecord::<init> (5 bytes)
Event: 6.035 Thread 0x000002b133b69d50 nmethod 2048 0x000002b11dc08f90 code [0x000002b11dc09140, 0x000002b11dc092a8]
Event: 6.044 Thread 0x000002b17a369880 2049       4       java.io.DataInputStream::readUTF (501 bytes)
Event: 6.044 Thread 0x000002b179064930 2050       4       java.io.DataInputStream::readFully (59 bytes)
Event: 6.057 Thread 0x000002b133b69d50 2055       3       java.util.concurrent.locks.AbstractQueuedSynchronizer::<init> (5 bytes)
Event: 6.057 Thread 0x000002b133b69d50 nmethod 2055 0x000002b11dc09390 code [0x000002b11dc09540, 0x000002b11dc09708]
Event: 6.057 Thread 0x000002b133b69d50 2056       3       java.util.concurrent.locks.AbstractOwnableSynchronizer::<init> (5 bytes)
Event: 6.057 Thread 0x000002b133b69d50 nmethod 2056 0x000002b11dc09810 code [0x000002b11dc099c0, 0x000002b11dc09b28]
Event: 6.061 Thread 0x000002b133b69d50 2057       3       java.lang.PublicMethods$MethodList::merge (192 bytes)
Event: 6.062 Thread 0x000002b133b69d50 nmethod 2057 0x000002b11dc09c10 code [0x000002b11dc09e80, 0x000002b11dc0a980]
Event: 6.063 Thread 0x000002b133b69d50 2058       3       java.lang.PublicMethods$MethodList::length (24 bytes)
Event: 6.067 Thread 0x000002b133b69d50 nmethod 2058 0x000002b11dc0ad90 code [0x000002b11dc0af40, 0x000002b11dc0b108]
Event: 6.067 Thread 0x000002b133b69d50 2059       3       java.lang.PublicMethods::merge (81 bytes)
Event: 6.068 Thread 0x000002b133b69d50 nmethod 2059 0x000002b11dc0b210 code [0x000002b11dc0b460, 0x000002b11dc0be60]
Event: 6.070 Thread 0x000002b133b69d50 2060       3       java.util.concurrent.ConcurrentLinkedQueue$Node::<init> (13 bytes)

GC Heap History (4 events):
Event: 2.586 GC heap before
{Heap before GC invocations=0 (full 0):
 garbage-first heap   total 229376K, used 20480K [0x0000000720e00000, 0x0000000800000000)
  region size 2048K, 11 young (22528K), 0 survivors (0K)
 Metaspace       used 6549K, committed 6656K, reserved 1114112K
  class space    used 730K, committed 768K, reserved 1048576K
}
Event: 2.601 GC heap after
{Heap after GC invocations=1 (full 0):
 garbage-first heap   total 229376K, used 5585K [0x0000000720e00000, 0x0000000800000000)
  region size 2048K, 2 young (4096K), 2 survivors (4096K)
 Metaspace       used 6549K, committed 6656K, reserved 1114112K
  class space    used 730K, committed 768K, reserved 1048576K
}
Event: 5.423 GC heap before
{Heap before GC invocations=1 (full 0):
 garbage-first heap   total 229376K, used 32209K [0x0000000720e00000, 0x0000000800000000)
  region size 2048K, 16 young (32768K), 2 survivors (4096K)
 Metaspace       used 14118K, committed 14336K, reserved 1114112K
  class space    used 1620K, committed 1728K, reserved 1048576K
}
Event: 5.432 GC heap after
{Heap after GC invocations=2 (full 0):
 garbage-first heap   total 229376K, used 7128K [0x0000000720e00000, 0x0000000800000000)
  region size 2048K, 1 young (2048K), 1 survivors (2048K)
 Metaspace       used 14118K, committed 14336K, reserved 1114112K
  class space    used 1620K, committed 1728K, reserved 1048576K
}

Dll operation events (9 events):
Event: 0.025 Loaded shared library C:\Program Files\Eclipse Adoptium\jdk-21.0.2.13-hotspot\bin\java.dll
Event: 0.238 Loaded shared library C:\Program Files\Eclipse Adoptium\jdk-21.0.2.13-hotspot\bin\jsvml.dll
Event: 0.275 Loaded shared library C:\Program Files\Eclipse Adoptium\jdk-21.0.2.13-hotspot\bin\net.dll
Event: 0.280 Loaded shared library C:\Program Files\Eclipse Adoptium\jdk-21.0.2.13-hotspot\bin\nio.dll
Event: 0.289 Loaded shared library C:\Program Files\Eclipse Adoptium\jdk-21.0.2.13-hotspot\bin\zip.dll
Event: 0.547 Loaded shared library C:\Program Files\Eclipse Adoptium\jdk-21.0.2.13-hotspot\bin\management.dll
Event: 0.577 Loaded shared library C:\Program Files\Eclipse Adoptium\jdk-21.0.2.13-hotspot\bin\management_ext.dll
Event: 0.630 Loaded shared library C:\Program Files\Eclipse Adoptium\jdk-21.0.2.13-hotspot\bin\jimage.dll
Event: 1.237 Loaded shared library C:\Program Files\Eclipse Adoptium\jdk-21.0.2.13-hotspot\bin\verify.dll

Deoptimization events (20 events):
Event: 5.870 Thread 0x000002b112fcd3a0 Uncommon trap: trap_request=0xffffff45 fr.pc=0x000002b12539e518 relative=0x0000000000001c58
Event: 5.870 Thread 0x000002b112fcd3a0 Uncommon trap: reason=unstable_if action=reinterpret pc=0x000002b12539e518 method=jdk.internal.org.objectweb.asm.Frame.execute(IILjdk/internal/org/objectweb/asm/Symbol;Ljdk/internal/org/objectweb/asm/SymbolTable;)V @ 1 c2
Event: 5.870 Thread 0x000002b112fcd3a0 DEOPT PACKING pc=0x000002b12539e518 sp=0x000000ca690fc6a0
Event: 5.870 Thread 0x000002b112fcd3a0 DEOPT UNPACKING pc=0x000002b124db46a2 sp=0x000000ca690fc608 mode 2
Event: 6.058 Thread 0x000002b112fcd3a0 Uncommon trap: trap_request=0xffffffde fr.pc=0x000002b125348a54 relative=0x00000000000002f4
Event: 6.059 Thread 0x000002b112fcd3a0 Uncommon trap: reason=class_check action=maybe_recompile pc=0x000002b125348a54 method=java.util.HashMap.getNode(Ljava/lang/Object;)Ljava/util/HashMap$Node; @ 128 c2
Event: 6.059 Thread 0x000002b112fcd3a0 DEOPT PACKING pc=0x000002b125348a54 sp=0x000000ca690fb620
Event: 6.059 Thread 0x000002b112fcd3a0 DEOPT UNPACKING pc=0x000002b124db46a2 sp=0x000000ca690fb588 mode 2
Event: 6.061 Thread 0x000002b112fcd3a0 Uncommon trap: trap_request=0xffffffde fr.pc=0x000002b125348a54 relative=0x00000000000002f4
Event: 6.061 Thread 0x000002b112fcd3a0 Uncommon trap: reason=class_check action=maybe_recompile pc=0x000002b125348a54 method=java.util.HashMap.getNode(Ljava/lang/Object;)Ljava/util/HashMap$Node; @ 128 c2
Event: 6.061 Thread 0x000002b112fcd3a0 DEOPT PACKING pc=0x000002b125348a54 sp=0x000000ca690fb620
Event: 6.061 Thread 0x000002b112fcd3a0 DEOPT UNPACKING pc=0x000002b124db46a2 sp=0x000000ca690fb588 mode 2
Event: 6.061 Thread 0x000002b112fcd3a0 Uncommon trap: trap_request=0xffffffde fr.pc=0x000002b125348a54 relative=0x00000000000002f4
Event: 6.061 Thread 0x000002b112fcd3a0 Uncommon trap: reason=class_check action=maybe_recompile pc=0x000002b125348a54 method=java.util.HashMap.getNode(Ljava/lang/Object;)Ljava/util/HashMap$Node; @ 128 c2
Event: 6.061 Thread 0x000002b112fcd3a0 DEOPT PACKING pc=0x000002b125348a54 sp=0x000000ca690fb620
Event: 6.061 Thread 0x000002b112fcd3a0 DEOPT UNPACKING pc=0x000002b124db46a2 sp=0x000000ca690fb588 mode 2
Event: 6.061 Thread 0x000002b112fcd3a0 Uncommon trap: trap_request=0xffffffde fr.pc=0x000002b125348a54 relative=0x00000000000002f4
Event: 6.061 Thread 0x000002b112fcd3a0 Uncommon trap: reason=class_check action=maybe_recompile pc=0x000002b125348a54 method=java.util.HashMap.getNode(Ljava/lang/Object;)Ljava/util/HashMap$Node; @ 128 c2
Event: 6.062 Thread 0x000002b112fcd3a0 DEOPT PACKING pc=0x000002b125348a54 sp=0x000000ca690fb620
Event: 6.062 Thread 0x000002b112fcd3a0 DEOPT UNPACKING pc=0x000002b124db46a2 sp=0x000000ca690fb588 mode 2

Classes loaded (20 events):
Event: 5.910 Loading class java/util/stream/IntPipeline$1
Event: 5.910 Loading class java/util/stream/IntPipeline$1 done
Event: 5.912 Loading class java/util/stream/IntPipeline$1$1
Event: 5.912 Loading class java/util/stream/IntPipeline$1$1 done
Event: 5.981 Loading class java/util/EventListener
Event: 5.982 Loading class java/util/EventListener done
Event: 6.020 Loading class java/io/PrintWriter
Event: 6.020 Loading class java/io/PrintWriter done
Event: 6.020 Loading class java/util/TimerTask
Event: 6.021 Loading class java/util/TimerTask done
Event: 6.021 Loading class java/util/Timer
Event: 6.021 Loading class java/util/Timer done
Event: 6.024 Loading class java/io/DataOutputStream
Event: 6.025 Loading class java/io/DataOutputStream done
Event: 6.025 Loading class java/net/Socket
Event: 6.026 Loading class java/net/Socket done
Event: 6.026 Loading class java/net/ServerSocket
Event: 6.026 Loading class java/net/ServerSocket done
Event: 6.060 Loading class java/util/function/UnaryOperator
Event: 6.060 Loading class java/util/function/UnaryOperator done

Classes unloaded (0 events):
No events

Classes redefined (0 events):
No events

Internal exceptions (20 events):
Event: 3.293 Thread 0x000002b112fcd3a0 Exception <a 'java/lang/NoSuchMethodError'{0x000000072e2709c0}: 'java.lang.Object java.lang.invoke.DirectMethodHandle$Holder.invokeStatic(java.lang.Object, java.lang.Object, int)'> (0x000000072e2709c0) 
thrown [s\src\hotspot\share\interpreter\linkResolver.cpp, line 773]
Event: 3.298 Thread 0x000002b112fcd3a0 Exception <a 'java/lang/NoSuchMethodError'{0x000000072e27be10}: 'void java.lang.invoke.DelegatingMethodHandle$Holder.delegate(java.lang.Object, java.lang.Object, int, java.lang.Object)'> (0x000000072e27be10) 
thrown [s\src\hotspot\share\interpreter\linkResolver.cpp, line 773]
Event: 3.367 Thread 0x000002b112fcd3a0 Exception <a 'java/lang/NoSuchMethodError'{0x000000072e2e0480}: 'int java.lang.invoke.DirectMethodHandle$Holder.invokeSpecialIFC(java.lang.Object, java.lang.Object, java.lang.Object, java.lang.Object)'> (0x000000072e2e0480) 
thrown [s\src\hotspot\share\interpreter\linkResolver.cpp, line 773]
Event: 3.416 Thread 0x000002b112fcd3a0 Exception <a 'java/lang/NoSuchMethodError'{0x000000072e34a890}: 'void java.lang.invoke.DirectMethodHandle$Holder.invokeVirtual(java.lang.Object, java.lang.Object)'> (0x000000072e34a890) 
thrown [s\src\hotspot\share\interpreter\linkResolver.cpp, line 773]
Event: 3.516 Thread 0x000002b112fcd3a0 Exception <a 'java/lang/NoSuchMethodError'{0x000000072e3eff10}: 'void java.lang.invoke.DirectMethodHandle$Holder.invokeSpecial(java.lang.Object, java.lang.Object, java.lang.Object, java.lang.Object, java.lang.Object)'> (0x000000072e3eff10) 
thrown [s\src\hotspot\share\interpreter\linkResolver.cpp, line 773]
Event: 3.895 Thread 0x000002b112fcd3a0 Exception <a 'java/lang/NoSuchMethodError'{0x000000072df81018}: 'int java.lang.invoke.DirectMethodHandle$Holder.invokeVirtual(java.lang.Object, java.lang.Object)'> (0x000000072df81018) 
thrown [s\src\hotspot\share\interpreter\linkResolver.cpp, line 773]
Event: 3.918 Thread 0x000002b112fcd3a0 Exception <a 'java/lang/IncompatibleClassChangeError'{0x000000072dfa93a0}: Found class java.lang.Object, but interface was expected> (0x000000072dfa93a0) 
thrown [s\src\hotspot\share\interpreter\linkResolver.cpp, line 840]
Event: 4.071 Thread 0x000002b112fcd3a0 Exception <a 'java/lang/NoSuchMethodError'{0x000000072dcdc468}: 'void java.lang.invoke.DirectMethodHandle$Holder.invokeStatic(java.lang.Object, long)'> (0x000000072dcdc468) 
thrown [s\src\hotspot\share\interpreter\linkResolver.cpp, line 773]
Event: 4.072 Thread 0x000002b112fcd3a0 Exception <a 'java/lang/NoSuchMethodError'{0x000000072dce12e8}: 'java.lang.Object java.lang.invoke.DirectMethodHandle$Holder.newInvokeSpecial(java.lang.Object, long)'> (0x000000072dce12e8) 
thrown [s\src\hotspot\share\interpreter\linkResolver.cpp, line 773]
Event: 4.074 Thread 0x000002b112fcd3a0 Exception <a 'java/lang/NoSuchMethodError'{0x000000072dce7e18}: 'java.lang.Object java.lang.invoke.DirectMethodHandle$Holder.invokeStatic(java.lang.Object, long, java.lang.Object)'> (0x000000072dce7e18) 
thrown [s\src\hotspot\share\interpreter\linkResolver.cpp, line 773]
Event: 4.075 Thread 0x000002b112fcd3a0 Exception <a 'java/lang/NoSuchMethodError'{0x000000072dceb5a0}: 'java.lang.Object java.lang.invoke.DirectMethodHandle$Holder.invokeStaticInit(java.lang.Object, long, java.lang.Object)'> (0x000000072dceb5a0) 
thrown [s\src\hotspot\share\interpreter\linkResolver.cpp, line 773]
Event: 4.546 Thread 0x000002b112fcd3a0 Exception <a 'java/lang/NoSuchMethodError'{0x000000072db3bad8}: 'java.lang.Object java.lang.invoke.DirectMethodHandle$Holder.invokeStaticInit(java.lang.Object, java.lang.Object, java.lang.Object, int)'> (0x000000072db3bad8) 
thrown [s\src\hotspot\share\interpreter\linkResolver.cpp, line 773]
Event: 4.551 Thread 0x000002b112fcd3a0 Exception <a 'java/lang/NoSuchMethodError'{0x000000072db48e70}: 'java.lang.Object java.lang.invoke.DirectMethodHandle$Holder.invokeStatic(java.lang.Object, java.lang.Object, java.lang.Object, java.lang.Object, java.lang.Object, java.lang.Object, java.lang.Object, int)'> (0x000000072db48e70) 
thrown [s\src\hotspot\share\interpreter\linkResolver.cpp, line 773]
Event: 4.552 Thread 0x000002b112fcd3a0 Exception <a 'java/lang/NoSuchMethodError'{0x000000072db4cf38}: 'java.lang.Object java.lang.invoke.DirectMethodHandle$Holder.invokeStaticInit(java.lang.Object, java.lang.Object, java.lang.Object, java.lang.Object, java.lang.Object, java.lang.Object, java.lang.Object, int)'> (0x000000072db4cf38) 
thrown [s\src\hotspot\share\interpreter\linkResolver.cpp, line 773]
Event: 4.606 Thread 0x000002b112fcd3a0 Exception <a 'java/lang/NoSuchMethodError'{0x000000072db9ca38}: 'java.lang.Object java.lang.invoke.DirectMethodHandle$Holder.invokeSpecial(java.lang.Object, java.lang.Object, java.lang.Object, int, java.lang.Object)'> (0x000000072db9ca38) 
thrown [s\src\hotspot\share\interpreter\linkResolver.cpp, line 773]
Event: 4.609 Thread 0x000002b112fcd3a0 Exception <a 'java/lang/NoSuchMethodError'{0x000000072dba3698}: 'java.lang.Object java.lang.invoke.DirectMethodHandle$Holder.newInvokeSpecial(java.lang.Object, java.lang.Object, java.lang.Object, int)'> (0x000000072dba3698) 
thrown [s\src\hotspot\share\interpreter\linkResolver.cpp, line 773]
Event: 4.609 Thread 0x000002b112fcd3a0 Exception <a 'java/lang/NoSuchMethodError'{0x000000072dba7610}: 'java.lang.Object java.lang.invoke.DirectMethodHandle$Holder.invokeSpecial(java.lang.Object, java.lang.Object, java.lang.Object, java.lang.Object, int)'> (0x000000072dba7610) 
thrown [s\src\hotspot\share\interpreter\linkResolver.cpp, line 773]
Event: 4.610 Thread 0x000002b112fcd3a0 Exception <a 'java/lang/NoSuchMethodError'{0x000000072dbaaf58}: 'java.lang.Object java.lang.invoke.Invokers$Holder.linkToTargetMethod(java.lang.Object, java.lang.Object, int, java.lang.Object)'> (0x000000072dbaaf58) 
thrown [s\src\hotspot\share\interpreter\linkResolver.cpp, line 773]
Event: 5.884 Thread 0x000002b112fcd3a0 Exception <a 'java/lang/NoSuchMethodError'{0x000000072e723f80}: 'void java.lang.invoke.DelegatingMethodHandle$Holder.reinvoke_L(java.lang.Object, java.lang.Object, int)'> (0x000000072e723f80) 
thrown [s\src\hotspot\share\interpreter\linkResolver.cpp, line 773]
Event: 5.886 Thread 0x000002b112fcd3a0 Exception <a 'java/lang/NoSuchMethodError'{0x000000072e72aa00}: 'int java.lang.invoke.Invokers$Holder.invokeExact_MT(java.lang.Object, java.lang.Object, java.lang.Object)'> (0x000000072e72aa00) 
thrown [s\src\hotspot\share\interpreter\linkResolver.cpp, line 773]

ZGC Phase Switch (0 events):
No events

VM Operations (20 events):
Event: 1.815 Executing VM operation: HandshakeAllThreads (Deoptimize)
Event: 1.815 Executing VM operation: HandshakeAllThreads (Deoptimize) done
Event: 2.077 Executing VM operation: HandshakeAllThreads (Deoptimize)
Event: 2.077 Executing VM operation: HandshakeAllThreads (Deoptimize) done
Event: 2.585 Executing VM operation: G1CollectForAllocation (G1 Evacuation Pause)
Event: 2.601 Executing VM operation: G1CollectForAllocation (G1 Evacuation Pause) done
Event: 3.470 Executing VM operation: HandshakeAllThreads (Deoptimize)
Event: 3.470 Executing VM operation: HandshakeAllThreads (Deoptimize) done
Event: 3.577 Executing VM operation: HandshakeAllThreads (Deoptimize)
Event: 3.577 Executing VM operation: HandshakeAllThreads (Deoptimize) done
Event: 3.727 Executing VM operation: HandshakeAllThreads (Deoptimize)
Event: 3.727 Executing VM operation: HandshakeAllThreads (Deoptimize) done
Event: 3.727 Executing VM operation: Cleanup
Event: 3.727 Executing VM operation: Cleanup done
Event: 4.312 Executing VM operation: HandshakeAllThreads (Deoptimize)
Event: 4.312 Executing VM operation: HandshakeAllThreads (Deoptimize) done
Event: 5.313 Executing VM operation: Cleanup
Event: 5.313 Executing VM operation: Cleanup done
Event: 5.423 Executing VM operation: G1CollectForAllocation (G1 Evacuation Pause)
Event: 5.432 Executing VM operation: G1CollectForAllocation (G1 Evacuation Pause) done

Events (18 events):
Event: 0.095 Thread 0x000002b112fcd3a0 Thread added: 0x000002b112fcd3a0
Event: 0.187 Thread 0x000002b133b57da0 Thread added: 0x000002b133b57da0
Event: 0.188 Thread 0x000002b133b58e70 Thread added: 0x000002b133b58e70
Event: 0.188 Thread 0x000002b133b5f0a0 Thread added: 0x000002b133b5f0a0
Event: 0.188 Thread 0x000002b133b62320 Thread added: 0x000002b133b62320
Event: 0.189 Thread 0x000002b133b62f30 Thread added: 0x000002b133b62f30
Event: 0.189 Thread 0x000002b133b63990 Thread added: 0x000002b133b63990
Event: 0.189 Thread 0x000002b133b668e0 Thread added: 0x000002b133b668e0
Event: 0.189 Thread 0x000002b133b69d50 Thread added: 0x000002b133b69d50
Event: 0.229 Thread 0x000002b1790f56d0 Thread added: 0x000002b1790f56d0
Event: 0.237 Thread 0x000002b1790fa320 Thread added: 0x000002b1790fa320
Event: 0.729 Thread 0x000002b1792058d0 Thread added: 0x000002b1792058d0
Event: 0.868 Thread 0x000002b1792058d0 Thread exited: 0x000002b1792058d0
Event: 0.995 Thread 0x000002b17928d270 Thread added: 0x000002b17928d270
Event: 2.353 Thread 0x000002b179c28d60 Thread added: 0x000002b179c28d60
Event: 2.564 Thread 0x000002b179c28d60 Thread exited: 0x000002b179c28d60
Event: 6.034 Thread 0x000002b17a369880 Thread added: 0x000002b17a369880
Event: 6.034 Thread 0x000002b179064930 Thread added: 0x000002b179064930


Dynamic libraries:
0x00007ff786d30000 - 0x00007ff786d3e000 	C:\Program Files\Eclipse Adoptium\jdk-21.0.2.13-hotspot\bin\java.exe
0x00007ffb90710000 - 0x00007ffb90927000 	C:\Windows\SYSTEM32\ntdll.dll
0x00007ffb8f5e0000 - 0x00007ffb8f6a4000 	C:\Windows\System32\KERNEL32.DLL
0x00007ffb8dc30000 - 0x00007ffb8dfe7000 	C:\Windows\System32\KERNELBASE.dll
0x00007ffb8e090000 - 0x00007ffb8e1a1000 	C:\Windows\System32\ucrtbase.dll
0x00007ffb88920000 - 0x00007ffb88938000 	C:\Program Files\Eclipse Adoptium\jdk-21.0.2.13-hotspot\bin\jli.dll
0x00007ffb8f0b0000 - 0x00007ffb8f25f000 	C:\Windows\System32\USER32.dll
0x00007ffb8dc00000 - 0x00007ffb8dc26000 	C:\Windows\System32\win32u.dll
0x00007ffb90590000 - 0x00007ffb905b9000 	C:\Windows\System32\GDI32.dll
0x00007ffb8e320000 - 0x00007ffb8e438000 	C:\Windows\System32\gdi32full.dll
0x00007ffb8dff0000 - 0x00007ffb8e08a000 	C:\Windows\System32\msvcp_win.dll
0x00007ffb89200000 - 0x00007ffb8921b000 	C:\Program Files\Eclipse Adoptium\jdk-21.0.2.13-hotspot\bin\VCRUNTIME140.dll
0x00007ffb7b540000 - 0x00007ffb7b7d3000 	C:\Windows\WinSxS\amd64_microsoft.windows.common-controls_6595b64144ccf1df_6.0.22621.3672_none_2713b9d173822955\COMCTL32.dll
0x00007ffb90140000 - 0x00007ffb901e7000 	C:\Windows\System32\msvcrt.dll
0x00007ffb8efe0000 - 0x00007ffb8f011000 	C:\Windows\System32\IMM32.DLL
0x00007ffb88910000 - 0x00007ffb8891c000 	C:\Program Files\Eclipse Adoptium\jdk-21.0.2.13-hotspot\bin\vcruntime140_1.dll
0x00007ffb88880000 - 0x00007ffb8890e000 	C:\Program Files\Eclipse Adoptium\jdk-21.0.2.13-hotspot\bin\msvcp140.dll
0x00007ffafd630000 - 0x00007ffafe3b3000 	C:\Program Files\Eclipse Adoptium\jdk-21.0.2.13-hotspot\bin\server\jvm.dll
0x00007ffb8ea50000 - 0x00007ffb8eb02000 	C:\Windows\System32\ADVAPI32.dll
0x00007ffb8e440000 - 0x00007ffb8e4e8000 	C:\Windows\System32\sechost.dll
0x00007ffb8e1b0000 - 0x00007ffb8e1d8000 	C:\Windows\System32\bcrypt.dll
0x00007ffb8f4a0000 - 0x00007ffb8f5b4000 	C:\Windows\System32\RPCRT4.dll
0x00007ffb8ff30000 - 0x00007ffb8ffa1000 	C:\Windows\System32\WS2_32.dll
0x00007ffb88540000 - 0x00007ffb88574000 	C:\Windows\SYSTEM32\WINMM.dll
0x00007ffb8c890000 - 0x00007ffb8c8dd000 	C:\Windows\SYSTEM32\POWRPROF.dll
0x00007ffb842c0000 - 0x00007ffb842ca000 	C:\Windows\SYSTEM32\VERSION.dll
0x00007ffb8c870000 - 0x00007ffb8c883000 	C:\Windows\SYSTEM32\UMPDC.dll
0x00007ffb8cb20000 - 0x00007ffb8cb38000 	C:\Windows\SYSTEM32\kernel.appcore.dll
0x00007ffb88870000 - 0x00007ffb8887a000 	C:\Program Files\Eclipse Adoptium\jdk-21.0.2.13-hotspot\bin\jimage.dll
0x00007ffb83480000 - 0x00007ffb836b2000 	C:\Windows\SYSTEM32\DBGHELP.DLL
0x00007ffb8e4f0000 - 0x00007ffb8e87e000 	C:\Windows\System32\combase.dll
0x00007ffb904b0000 - 0x00007ffb90587000 	C:\Windows\System32\OLEAUT32.dll
0x00007ffb73f30000 - 0x00007ffb73f62000 	C:\Windows\SYSTEM32\dbgcore.DLL
0x00007ffb8e1e0000 - 0x00007ffb8e25b000 	C:\Windows\System32\bcryptPrimitives.dll
0x00007ffb88850000 - 0x00007ffb8886f000 	C:\Program Files\Eclipse Adoptium\jdk-21.0.2.13-hotspot\bin\java.dll
0x00007ffb8f6c0000 - 0x00007ffb8ff29000 	C:\Windows\System32\SHELL32.dll
0x00007ffb8b950000 - 0x00007ffb8c24f000 	C:\Windows\SYSTEM32\windows.storage.dll
0x00007ffb8b810000 - 0x00007ffb8b94f000 	C:\Windows\SYSTEM32\wintypes.dll
0x00007ffb8e8f0000 - 0x00007ffb8e9e9000 	C:\Windows\System32\SHCORE.dll
0x00007ffb8e890000 - 0x00007ffb8e8ee000 	C:\Windows\System32\shlwapi.dll
0x00007ffb8d950000 - 0x00007ffb8d977000 	C:\Windows\SYSTEM32\profapi.dll
0x00007ffb2c5d0000 - 0x00007ffb2c6a7000 	C:\Program Files\Eclipse Adoptium\jdk-21.0.2.13-hotspot\bin\jsvml.dll
0x00007ffb7ba10000 - 0x00007ffb7ba20000 	C:\Program Files\Eclipse Adoptium\jdk-21.0.2.13-hotspot\bin\net.dll
0x00007ffb88ce0000 - 0x00007ffb88e16000 	C:\Windows\SYSTEM32\WINHTTP.dll
0x00007ffb8cf90000 - 0x00007ffb8cff9000 	C:\Windows\system32\mswsock.dll
0x00007ffb76b20000 - 0x00007ffb76b36000 	C:\Program Files\Eclipse Adoptium\jdk-21.0.2.13-hotspot\bin\nio.dll
0x00007ffb72e10000 - 0x00007ffb72e28000 	C:\Program Files\Eclipse Adoptium\jdk-21.0.2.13-hotspot\bin\zip.dll
0x00007ffb7b980000 - 0x00007ffb7b98a000 	C:\Program Files\Eclipse Adoptium\jdk-21.0.2.13-hotspot\bin\management.dll
0x00007ffb75240000 - 0x00007ffb7524b000 	C:\Program Files\Eclipse Adoptium\jdk-21.0.2.13-hotspot\bin\management_ext.dll
0x00007ffb8e880000 - 0x00007ffb8e888000 	C:\Windows\System32\PSAPI.DLL
0x00007ffb88830000 - 0x00007ffb88840000 	C:\Program Files\Eclipse Adoptium\jdk-21.0.2.13-hotspot\bin\verify.dll
0x00007ffb8d200000 - 0x00007ffb8d21b000 	C:\Windows\SYSTEM32\CRYPTSP.dll
0x00007ffb8ca80000 - 0x00007ffb8cab5000 	C:\Windows\system32\rsaenh.dll
0x00007ffb8d070000 - 0x00007ffb8d098000 	C:\Windows\SYSTEM32\USERENV.dll
0x00007ffb8d220000 - 0x00007ffb8d22c000 	C:\Windows\SYSTEM32\CRYPTBASE.dll
0x00007ffb8c520000 - 0x00007ffb8c54d000 	C:\Windows\SYSTEM32\IPHLPAPI.DLL
0x00007ffb8f6b0000 - 0x00007ffb8f6b9000 	C:\Windows\System32\NSI.dll

dbghelp: loaded successfully - version: 4.0.5 - missing functions: none
symbol engine: initialized successfully - sym options: 0x614 - pdb path: .;C:\Program Files\Eclipse Adoptium\jdk-21.0.2.13-hotspot\bin;C:\Windows\SYSTEM32;C:\Windows\WinSxS\amd64_microsoft.windows.common-controls_6595b64144ccf1df_6.0.22621.3672_none_2713b9d173822955;C:\Program Files\Eclipse Adoptium\jdk-21.0.2.13-hotspot\bin\server

VM Arguments:
java_command: C:\Users\Cirilo\AppData\Local\Temp\surefire15755965540998241693\surefirebooter18281734125829301687.jar C:\Users\Cirilo\AppData\Local\Temp\surefire15755965540998241693 2024-10-31T03-13-05_438-jvmRun1 surefire6131137291475125157tmp surefire_016748215389657454106tmp
java_class_path (initial): C:\Users\Cirilo\AppData\Local\Temp\surefire15755965540998241693\surefirebooter18281734125829301687.jar
Launcher Type: SUN_STANDARD

[Global flags]
     intx CICompilerCount                          = 4                                         {product} {ergonomic}
     uint ConcGCThreads                            = 2                                         {product} {ergonomic}
     uint G1ConcRefinementThreads                  = 8                                         {product} {ergonomic}
   size_t G1HeapRegionSize                         = 2097152                                   {product} {ergonomic}
    uintx GCDrainStackTargetSize                   = 64                                        {product} {ergonomic}
   size_t InitialHeapSize                          = 234881024                                 {product} {ergonomic}
   size_t MarkStackSize                            = 4194304                                   {product} {ergonomic}
   size_t MaxHeapSize                              = 3743416320                                {product} {ergonomic}
   size_t MaxNewSize                               = 2246049792                                {product} {ergonomic}
   size_t MinHeapDeltaBytes                        = 2097152                                   {product} {ergonomic}
   size_t MinHeapSize                              = 8388608                                   {product} {ergonomic}
    uintx NonNMethodCodeHeapSize                   = 5839372                                {pd product} {ergonomic}
    uintx NonProfiledCodeHeapSize                  = 122909434                              {pd product} {ergonomic}
    uintx ProfiledCodeHeapSize                     = 122909434                              {pd product} {ergonomic}
    uintx ReservedCodeCacheSize                    = 251658240                              {pd product} {ergonomic}
     bool SegmentedCodeCache                       = true                                      {product} {ergonomic}
   size_t SoftMaxHeapSize                          = 3743416320                             {manageable} {ergonomic}
     bool UseCompressedOops                        = true                           {product lp64_product} {ergonomic}
     bool UseG1GC                                  = true                                      {product} {ergonomic}
     bool UseLargePagesIndividualAllocation        = false                                  {pd product} {ergonomic}

Logging:
Log output configuration:
 #0: stdout all=warning uptime,level,tags foldmultilines=false
 #1: stderr all=off uptime,level,tags foldmultilines=false

Environment Variables:
JAVA_HOME=C:\Program Files\Eclipse Adoptium\jdk-21.0.2.13-hotspot\
PATH=C:\Program Files\Eclipse Adoptium\jdk-21.0.2.13-hotspot\bin;C:\Windows\system32;C:\Windows;C:\Windows\System32\Wbem;C:\Windows\System32\WindowsPowerShell\v1.0\;C:\Windows\System32\OpenSSH\;C:\Program Files\Git\cmd;C:\Program Files\Docker\Docker\resources\bin;C:\Program Files\nodejs\;C:\Program Files\NVIDIA Corporation\NVIDIA NvDLISR;C:\Users\Cirilo\Downloads\apache-maven-3.9.6\bin;C:\Program Files\dotnet\;C:\Program Files\Microsoft SQL Server\150\Tools\Binn\;C:\Program Files\Microsoft SQL Server\Client SDK\ODBC\170\Tools\Binn\;C:\Program Files\GitHub CLI\;C:\Program Files (x86)\NVIDIA Corporation\PhysX\Common;C:\ProgramData\chocolatey\bin;C:\Program Files\PuTTY\;C:\Users\Cirilo\AppData\Local\Microsoft\WindowsApps;C:\Users\Cirilo\AppData\Local\GitHubDesktop\bin;C:\Users\Cirilo\AppData\Local\Programs\Microsoft VS Code\bin;C:\Users\Cirilo\AppData\Roaming\npm;C:\Users\Cirilo\.dotnet\tools
USERNAME=Cirilo
OS=Windows_NT
PROCESSOR_IDENTIFIER=AMD64 Family 23 Model 24 Stepping 1, AuthenticAMD
TMP=C:\Users\Cirilo\AppData\Local\Temp
TEMP=C:\Users\Cirilo\AppData\Local\Temp




Periodic native trim disabled

---------------  S Y S T E M  ---------------

OS:
 Windows 11 , 64 bit Build 22621 (10.0.22621.3958)
OS uptime: 16 days 13:43 hours
Hyper-V role detected

CPU: total 8 (initial active 8) (8 cores per cpu, 2 threads per core) family 23 model 24 stepping 1 microcode 0x0, cx8, cmov, fxsr, ht, mmx, 3dnowpref, sse, sse2, sse3, ssse3, sse4a, sse4.1, sse4.2, popcnt, lzcnt, tsc, tscinvbit, avx, avx2, aes, clmul, bmi1, bmi2, adx, sha, fma, vzeroupper, clflush, clflushopt, hv, rdtscp, f16c
Processor Information for all 8 processors :
  Max Mhz: 2100, Current Mhz: 2100, Mhz Limit: 2100

Memory: 4k page, system-wide physical 14274M (597M free)
TotalPageFile size 57282M (AvailPageFile size 7M)
current process WorkingSet (physical memory assigned to process): 122M, peak: 122M
current process commit charge ("private bytes"): 351M, peak: 351M

vm_info: OpenJDK 64-Bit Server VM (21.0.2+13-LTS) for windows-amd64 JRE (21.0.2+13-LTS), built on 2024-01-16T00:00:00Z by "admin" with unknown MS VC++:1937

END.
