#
# There is insufficient memory for the Java Runtime Environment to continue.
# Native memory allocation (malloc) failed to allocate 66736 bytes for Chunk::new
# Possible reasons:
#   The system is out of physical RAM or swap space
#   The process is running with CompressedOops enabled, and the Java Heap may be blocking the growth of the native heap
# Possible solutions:
#   Reduce memory load on the system
#   Increase physical memory or swap space
#   Check if swap backing store is full
#   Decrease Java heap size (-Xmx/-Xms)
#   Decrease number of Java threads
#   Decrease Java thread stack sizes (-Xss)
#   Set larger code cache with -XX:ReservedCodeCacheSize=
#   JVM is running with Zero Based Compressed Oops mode in which the Java heap is
#     placed in the first 32GB address space. The Java Heap base address is the
#     maximum limit for the native heap growth. Please use -XX:HeapBaseMinAddress
#     to set the Java Heap base and to place the Java Heap above 32GB virtual address.
# This output file may be truncated or incomplete.
#
#  Out of Memory Error (arena.cpp:168), pid=23784, tid=35836
#
# JRE version: OpenJDK Runtime Environment Temurin-21.0.2+13 (21.0.2+13) (build 21.0.2+13-LTS)
# Java VM: OpenJDK 64-Bit Server VM Temurin-21.0.2+13 (21.0.2+13-LTS, mixed mode, sharing, tiered, compressed oops, compressed class ptrs, g1 gc, windows-amd64)
# No core dump will be written. Minidumps are not enabled by default on client versions of Windows
#

---------------  S U M M A R Y ------------

Command Line: -Dclassworlds.conf=C:\Users\Cirilo\.m2\wrapper\dists\apache-maven-3.9.6\834f1afe40575b70b4b2527f4b12df8e\bin\m2.conf -Dmaven.home=C:\Users\Cirilo\.m2\wrapper\dists\apache-maven-3.9.6\834f1afe40575b70b4b2527f4b12df8e -Dlibrary.jansi.path=C:\Users\Cirilo\.m2\wrapper\dists\apache-maven-3.9.6\834f1afe40575b70b4b2527f4b12df8e\lib\jansi-native -Dmaven.multiModuleProjectDirectory=C:\Users\Cirilo\Documents\testes-automatizados org.codehaus.plexus.classworlds.launcher.Launcher test

Host: AMD Ryzen 5 3550H with Radeon Vega Mobile Gfx  , 8 cores, 13G,  Windows 11 , 64 bit Build 22621 (10.0.22621.3958)
Time: Thu Oct 31 03:07:34 2024 Hora oficial do Brasil elapsed time: 30.709531 seconds (0d 0h 0m 30s)

---------------  T H R E A D  ---------------

Current thread (0x0000014c2e037a20):  JavaThread "C2 CompilerThread0" daemon [_thread_in_native, id=35836, stack(0x0000000147300000,0x0000000147400000) (1024K)]


Current CompileTask:
C2:  30709 7530       4       java.nio.CharBuffer::<init> (24 bytes)

Stack: [0x0000000147300000,0x0000000147400000]
Native frames: (J=compiled Java code, j=interpreted, Vv=VM code, C=native code)
V  [jvm.dll+0x6c94f9]
V  [jvm.dll+0x8a3c21]
V  [jvm.dll+0x8a614e]
V  [jvm.dll+0x8a6823]
V  [jvm.dll+0x27fa86]
V  [jvm.dll+0xc4a2d]
V  [jvm.dll+0xc4f63]
V  [jvm.dll+0x3b3b22]
V  [jvm.dll+0x380575]
V  [jvm.dll+0x37f9da]
V  [jvm.dll+0x247fa0]
V  [jvm.dll+0x24757f]
V  [jvm.dll+0x1c847e]
V  [jvm.dll+0x256db9]
V  [jvm.dll+0x25538a]
V  [jvm.dll+0x3ed0d6]
V  [jvm.dll+0x84cb3b]
V  [jvm.dll+0x6c7c2d]
C  [ucrtbase.dll+0x29333]
C  [KERNEL32.DLL+0x1257d]
C  [ntdll.dll+0x5af08]


---------------  P R O C E S S  ---------------

Threads class SMR info:
_java_thread_list=0x0000014c74b117a0, length=22, elements={
0x0000014c0d452300, 0x0000014c2e01c830, 0x0000014c2e01d550, 0x0000014c2e024140,
0x0000014c2e024ba0, 0x0000014c2e025600, 0x0000014c2e0262c0, 0x0000014c2e037a20,
0x0000014c2e03cee0, 0x0000014c2e2b46f0, 0x0000014c2e2c9470, 0x0000014c74f72d20,
0x0000014c758c90f0, 0x0000014c76568050, 0x0000014c765686c0, 0x0000014c2ea81d20,
0x0000014c7547ba30, 0x0000014c7525e380, 0x0000014c75260450, 0x0000014c7525f730,
0x0000014c75260ae0, 0x0000014c7525fdc0
}

Java Threads: ( => current thread )
  0x0000014c0d452300 JavaThread "main"                              [_thread_in_native, id=21076, stack(0x0000000146500000,0x0000000146600000) (1024K)]
  0x0000014c2e01c830 JavaThread "Reference Handler"          daemon [_thread_blocked, id=36256, stack(0x0000000146d00000,0x0000000146e00000) (1024K)]
  0x0000014c2e01d550 JavaThread "Finalizer"                  daemon [_thread_blocked, id=9528, stack(0x0000000146e00000,0x0000000146f00000) (1024K)]
  0x0000014c2e024140 JavaThread "Signal Dispatcher"          daemon [_thread_blocked, id=5232, stack(0x0000000146f00000,0x0000000147000000) (1024K)]
  0x0000014c2e024ba0 JavaThread "Attach Listener"            daemon [_thread_blocked, id=25520, stack(0x0000000147000000,0x0000000147100000) (1024K)]
  0x0000014c2e025600 JavaThread "Service Thread"             daemon [_thread_blocked, id=36252, stack(0x0000000147100000,0x0000000147200000) (1024K)]
  0x0000014c2e0262c0 JavaThread "Monitor Deflation Thread"   daemon [_thread_blocked, id=38920, stack(0x0000000147200000,0x0000000147300000) (1024K)]
=>0x0000014c2e037a20 JavaThread "C2 CompilerThread0"         daemon [_thread_in_native, id=35836, stack(0x0000000147300000,0x0000000147400000) (1024K)]
  0x0000014c2e03cee0 JavaThread "C1 CompilerThread0"         daemon [_thread_blocked, id=38504, stack(0x0000000147400000,0x0000000147500000) (1024K)]
  0x0000014c2e2b46f0 JavaThread "Notification Thread"        daemon [_thread_blocked, id=37256, stack(0x0000000147500000,0x0000000147600000) (1024K)]
  0x0000014c2e2c9470 JavaThread "Common-Cleaner"             daemon [_thread_blocked, id=37468, stack(0x0000000147600000,0x0000000147700000) (1024K)]
  0x0000014c74f72d20 JavaThread "resolver-1"                 daemon [_thread_blocked, id=38956, stack(0x0000000147f00000,0x0000000148000000) (1024K)]
  0x0000014c758c90f0 JavaThread "resolver-2"                 daemon [_thread_blocked, id=39684, stack(0x0000000148000000,0x0000000148100000) (1024K)]
  0x0000014c76568050 JavaThread "resolver-3"                 daemon [_thread_blocked, id=38948, stack(0x0000000148100000,0x0000000148200000) (1024K)]
  0x0000014c765686c0 JavaThread "resolver-4"                 daemon [_thread_blocked, id=38756, stack(0x0000000148200000,0x0000000148300000) (1024K)]
  0x0000014c2ea81d20 JavaThread "resolver-5"                 daemon [_thread_blocked, id=40732, stack(0x0000000148300000,0x0000000148400000) (1024K)]
  0x0000014c7547ba30 JavaThread "timeout-check-timer"        daemon [_thread_blocked, id=35444, stack(0x0000000148400000,0x0000000148500000) (1024K)]
  0x0000014c7525e380 JavaThread "ping-timer-10s"             daemon [_thread_blocked, id=41888, stack(0x0000000148500000,0x0000000148600000) (1024K)]
  0x0000014c75260450 JavaThread "ThreadedStreamConsumer"     daemon [_thread_blocked, id=41972, stack(0x0000000148600000,0x0000000148700000) (1024K)]
  0x0000014c7525f730 JavaThread "std-in-fork-1"              daemon [_thread_blocked, id=1420, stack(0x0000000148700000,0x0000000148800000) (1024K)]
  0x0000014c75260ae0 JavaThread "fork-1-event-thread"        daemon [_thread_in_native, id=788, stack(0x0000000148800000,0x0000000148900000) (1024K)]
  0x0000014c7525fdc0 JavaThread "fork-1-err-thread"          daemon [_thread_in_native, id=19016, stack(0x0000000148900000,0x0000000148a00000) (1024K)]
Total: 22

Other Threads:
  0x0000014c2e002c90 VMThread "VM Thread"                           [id=40352, stack(0x0000000146c00000,0x0000000146d00000) (1024K)]
  0x0000014c2dfea750 WatcherThread "VM Periodic Task Thread"        [id=41120, stack(0x0000000146b00000,0x0000000146c00000) (1024K)]
  0x0000014c0f675ce0 WorkerThread "GC Thread#0"                     [id=15976, stack(0x0000000146600000,0x0000000146700000) (1024K)]
  0x0000014c2ed90490 WorkerThread "GC Thread#1"                     [id=41316, stack(0x0000000147800000,0x0000000147900000) (1024K)]
  0x0000014c2ed90830 WorkerThread "GC Thread#2"                     [id=38560, stack(0x0000000147900000,0x0000000147a00000) (1024K)]
  0x0000014c2ed90bd0 WorkerThread "GC Thread#3"                     [id=37456, stack(0x0000000147a00000,0x0000000147b00000) (1024K)]
  0x0000014c2ed90f70 WorkerThread "GC Thread#4"                     [id=38820, stack(0x0000000147b00000,0x0000000147c00000) (1024K)]
  0x0000014c740e9f30 WorkerThread "GC Thread#5"                     [id=1232, stack(0x0000000147c00000,0x0000000147d00000) (1024K)]
  0x0000014c740ea2d0 WorkerThread "GC Thread#6"                     [id=41932, stack(0x0000000147d00000,0x0000000147e00000) (1024K)]
  0x0000014c74338b60 WorkerThread "GC Thread#7"                     [id=38704, stack(0x0000000147e00000,0x0000000147f00000) (1024K)]
  0x0000014c0f685d30 ConcurrentGCThread "G1 Main Marker"            [id=26044, stack(0x0000000146700000,0x0000000146800000) (1024K)]
  0x0000014c0f686830 WorkerThread "G1 Conc#0"                       [id=39700, stack(0x0000000146800000,0x0000000146900000) (1024K)]
  0x0000014c74402f80 WorkerThread "G1 Conc#1"                       [id=39904, stack(0x0000000147700000,0x0000000147800000) (1024K)]
  0x0000014c2deb9510 ConcurrentGCThread "G1 Refine#0"               [id=18656, stack(0x0000000146900000,0x0000000146a00000) (1024K)]
  0x0000014c2debbe30 ConcurrentGCThread "G1 Service"                [id=37580, stack(0x0000000146a00000,0x0000000146b00000) (1024K)]
Total: 15

Threads with active compile tasks:
C2 CompilerThread0    30759 7530       4       java.nio.CharBuffer::<init> (24 bytes)
Total: 1

VM state: not at safepoint (normal execution)

VM Mutex/Monitor currently owned by a thread: None

Heap address: 0x0000000720e00000, size: 3570 MB, Compressed Oops mode: Zero based, Oop shift amount: 3

CDS archive(s) mapped at: [0x0000014c2f000000-0x0000014c2fc90000-0x0000014c2fc90000), size 13172736, SharedBaseAddress: 0x0000014c2f000000, ArchiveRelocationMode: 1.
Compressed class space mapped at: 0x0000014c30000000-0x0000014c70000000, reserved size: 1073741824
Narrow klass base: 0x0000014c2f000000, Narrow klass shift: 0, Narrow klass range: 0x100000000

GC Precious Log:
 CardTable entry size: 512
 Card Set container configuration: InlinePtr #cards 4 size 8 Array Of Cards #cards 16 size 48 Howl #buckets 8 coarsen threshold 3686 Howl Bitmap #cards 512 size 80 coarsen threshold 460 Card regions per heap region 1 cards per card region 4096
 CPUs: 8 total, 8 available
 Memory: 14274M
 Large Page Support: Disabled
 NUMA Support: Disabled
 Compressed Oops: Enabled (Zero based)
 Heap Region Size: 2M
 Heap Min Capacity: 8M
 Heap Initial Capacity: 224M
 Heap Max Capacity: 3570M
 Pre-touch: Disabled
 Parallel Workers: 8
 Concurrent Workers: 2
 Concurrent Refinement Workers: 8
 Periodic GC: Disabled

Heap:
 garbage-first heap   total 77824K, used 50823K [0x0000000720e00000, 0x0000000800000000)
  region size 2048K, 14 young (28672K), 3 survivors (6144K)
 Metaspace       used 33855K, committed 34432K, reserved 1114112K
  class space    used 3821K, committed 4096K, reserved 1048576K

Heap Regions: E=young(eden), S=young(survivor), O=old, HS=humongous(starts), HC=humongous(continues), CS=collection set, F=free, TAMS=top-at-mark-start, PB=parsable bottom
|   0|0x0000000720e00000, 0x0000000721000000, 0x0000000721000000|100%| O|  |TAMS 0x0000000720e00000| PB 0x0000000720e00000| Untracked 
|   1|0x0000000721000000, 0x00000007211491c0, 0x0000000721200000| 64%| O|  |TAMS 0x0000000721000000| PB 0x0000000721000000| Untracked 
|   2|0x0000000721200000, 0x0000000721400000, 0x0000000721400000|100%| O|  |TAMS 0x0000000721200000| PB 0x0000000721200000| Untracked 
|   3|0x0000000721400000, 0x0000000721600000, 0x0000000721600000|100%| O|  |TAMS 0x0000000721400000| PB 0x0000000721400000| Untracked 
|   4|0x0000000721600000, 0x0000000721800000, 0x0000000721800000|100%| O|  |TAMS 0x0000000721600000| PB 0x0000000721600000| Untracked 
|   5|0x0000000721800000, 0x0000000721a00000, 0x0000000721a00000|100%| O|  |TAMS 0x0000000721800000| PB 0x0000000721800000| Untracked 
|   6|0x0000000721a00000, 0x0000000721c00000, 0x0000000721c00000|100%| O|  |TAMS 0x0000000721a00000| PB 0x0000000721a00000| Untracked 
|   7|0x0000000721c00000, 0x0000000721e00000, 0x0000000721e00000|100%| O|  |TAMS 0x0000000721c00000| PB 0x0000000721c00000| Untracked 
|   8|0x0000000721e00000, 0x0000000722000000, 0x0000000722000000|100%| O|  |TAMS 0x0000000721e00000| PB 0x0000000721e00000| Untracked 
|   9|0x0000000722000000, 0x0000000722200000, 0x0000000722200000|100%| O|  |TAMS 0x0000000722000000| PB 0x0000000722000000| Untracked 
|  10|0x0000000722200000, 0x0000000722400000, 0x0000000722400000|100%| O|  |TAMS 0x0000000722200000| PB 0x0000000722200000| Untracked 
|  11|0x0000000722400000, 0x0000000722400000, 0x0000000722600000|  0%| F|  |TAMS 0x0000000722400000| PB 0x0000000722400000| Untracked 
|  12|0x0000000722600000, 0x0000000722600000, 0x0000000722800000|  0%| F|  |TAMS 0x0000000722600000| PB 0x0000000722600000| Untracked 
|  13|0x0000000722800000, 0x0000000722800000, 0x0000000722a00000|  0%| F|  |TAMS 0x0000000722800000| PB 0x0000000722800000| Untracked 
|  14|0x0000000722a00000, 0x0000000722a58db8, 0x0000000722c00000| 17%| S|CS|TAMS 0x0000000722a00000| PB 0x0000000722a00000| Complete 
|  15|0x0000000722c00000, 0x0000000722e00000, 0x0000000722e00000|100%| S|CS|TAMS 0x0000000722c00000| PB 0x0000000722c00000| Complete 
|  16|0x0000000722e00000, 0x0000000723000000, 0x0000000723000000|100%| S|CS|TAMS 0x0000000722e00000| PB 0x0000000722e00000| Complete 
|  17|0x0000000723000000, 0x0000000723000000, 0x0000000723200000|  0%| F|  |TAMS 0x0000000723000000| PB 0x0000000723000000| Untracked 
|  18|0x0000000723200000, 0x0000000723200000, 0x0000000723400000|  0%| F|  |TAMS 0x0000000723200000| PB 0x0000000723200000| Untracked 
|  19|0x0000000723400000, 0x0000000723400000, 0x0000000723600000|  0%| F|  |TAMS 0x0000000723400000| PB 0x0000000723400000| Untracked 
|  20|0x0000000723600000, 0x0000000723600000, 0x0000000723800000|  0%| F|  |TAMS 0x0000000723600000| PB 0x0000000723600000| Untracked 
|  21|0x0000000723800000, 0x0000000723800000, 0x0000000723a00000|  0%| F|  |TAMS 0x0000000723800000| PB 0x0000000723800000| Untracked 
|  22|0x0000000723a00000, 0x0000000723a00000, 0x0000000723c00000|  0%| F|  |TAMS 0x0000000723a00000| PB 0x0000000723a00000| Untracked 
|  23|0x0000000723c00000, 0x0000000723c00000, 0x0000000723e00000|  0%| F|  |TAMS 0x0000000723c00000| PB 0x0000000723c00000| Untracked 
|  24|0x0000000723e00000, 0x0000000723e00000, 0x0000000724000000|  0%| F|  |TAMS 0x0000000723e00000| PB 0x0000000723e00000| Untracked 
|  25|0x0000000724000000, 0x000000072408c468, 0x0000000724200000| 27%| E|  |TAMS 0x0000000724000000| PB 0x0000000724000000| Complete 
|  26|0x0000000724200000, 0x0000000724400000, 0x0000000724400000|100%| E|CS|TAMS 0x0000000724200000| PB 0x0000000724200000| Complete 
|  27|0x0000000724400000, 0x0000000724600000, 0x0000000724600000|100%| E|CS|TAMS 0x0000000724400000| PB 0x0000000724400000| Complete 
|  28|0x0000000724600000, 0x0000000724800000, 0x0000000724800000|100%| E|CS|TAMS 0x0000000724600000| PB 0x0000000724600000| Complete 
|  29|0x0000000724800000, 0x0000000724a00000, 0x0000000724a00000|100%| E|CS|TAMS 0x0000000724800000| PB 0x0000000724800000| Complete 
|  56|0x0000000727e00000, 0x0000000728000000, 0x0000000728000000|100%| E|CS|TAMS 0x0000000727e00000| PB 0x0000000727e00000| Complete 
|  57|0x0000000728000000, 0x0000000728200000, 0x0000000728200000|100%| E|CS|TAMS 0x0000000728000000| PB 0x0000000728000000| Complete 
|  58|0x0000000728200000, 0x0000000728400000, 0x0000000728400000|100%| E|CS|TAMS 0x0000000728200000| PB 0x0000000728200000| Complete 
|  59|0x0000000728400000, 0x0000000728600000, 0x0000000728600000|100%| E|CS|TAMS 0x0000000728400000| PB 0x0000000728400000| Complete 
|  60|0x0000000728600000, 0x0000000728800000, 0x0000000728800000|100%| E|CS|TAMS 0x0000000728600000| PB 0x0000000728600000| Complete 
| 111|0x000000072ec00000, 0x000000072ee00000, 0x000000072ee00000|100%| E|CS|TAMS 0x000000072ec00000| PB 0x000000072ec00000| Complete 
|1783|0x00000007ffc00000, 0x00000007ffe00000, 0x00000007ffe00000|100%| O|  |TAMS 0x00000007ffc00000| PB 0x00000007ffc00000| Untracked 
|1784|0x00000007ffe00000, 0x0000000800000000, 0x0000000800000000|100%| O|  |TAMS 0x00000007ffe00000| PB 0x00000007ffe00000| Untracked 

Card table byte_map: [0x0000014c27720000,0x0000014c27e20000] _byte_map_base: 0x0000014c23e19000

Marking Bits: (CMBitMap*) 0x0000014c0f6763e0
 Bits: [0x0000014c27e20000, 0x0000014c2b5e8000)

Polling page: 0x0000014c0ede0000

Metaspace:

Usage:
  Non-class:     29.33 MB used.
      Class:      3.73 MB used.
       Both:     33.06 MB used.

Virtual space:
  Non-class space:       64.00 MB reserved,      29.62 MB ( 46%) committed,  1 nodes.
      Class space:        1.00 GB reserved,       4.00 MB ( <1%) committed,  1 nodes.
             Both:        1.06 GB reserved,      33.62 MB (  3%) committed. 

Chunk freelists:
   Non-Class:  1.95 MB
       Class:  12.03 MB
        Both:  13.98 MB

MaxMetaspaceSize: unlimited
CompressedClassSpaceSize: 1.00 GB
Initial GC threshold: 21.00 MB
Current GC threshold: 35.25 MB
CDS: on
 - commit_granule_bytes: 65536.
 - commit_granule_words: 8192.
 - virtual_space_node_default_size: 8388608.
 - enlarge_chunks_in_place: 1.
 - use_allocation_guard: 0.


Internal statistics:

num_allocs_failed_limit: 3.
num_arena_births: 502.
num_arena_deaths: 0.
num_vsnodes_births: 2.
num_vsnodes_deaths: 0.
num_space_committed: 538.
num_space_uncommitted: 0.
num_chunks_returned_to_freelist: 3.
num_chunks_taken_from_freelist: 1719.
num_chunk_merges: 3.
num_chunk_splits: 1214.
num_chunks_enlarged: 930.
num_inconsistent_stats: 0.

CodeHeap 'non-profiled nmethods': size=120000Kb used=4017Kb max_used=4017Kb free=115982Kb
 bounds [0x0000014c1f7c0000, 0x0000014c1fbb0000, 0x0000014c26cf0000]
CodeHeap 'profiled nmethods': size=120000Kb used=16747Kb max_used=16747Kb free=103252Kb
 bounds [0x0000014c17cf0000, 0x0000014c18d50000, 0x0000014c1f220000]
CodeHeap 'non-nmethods': size=5760Kb used=1512Kb max_used=1526Kb free=4247Kb
 bounds [0x0000014c1f220000, 0x0000014c1f490000, 0x0000014c1f7c0000]
 total_blobs=8112 nmethods=7525 adapters=491
 compilation: enabled
              stopped_count=0, restarted_count=0
 full_count=0

Compilation events (20 events):
Event: 27.707 Thread 0x0000014c2e037a20 nmethod 7524 0x0000014c1fbaaf90 code [0x0000014c1fbab120, 0x0000014c1fbab1e8]
Event: 28.112 Thread 0x0000014c2e037a20 7525       4       jdk.internal.misc.Unsafe::weakCompareAndSetInt (11 bytes)
Event: 28.113 Thread 0x0000014c2e037a20 nmethod 7525 0x0000014c1fbab290 code [0x0000014c1fbab420, 0x0000014c1fbab4b8]
Event: 30.691 Thread 0x0000014c2e03cee0 7526       3       java.lang.StringBuilder::append (8 bytes)
Event: 30.691 Thread 0x0000014c2e03cee0 nmethod 7526 0x0000014c18d49a90 code [0x0000014c18d49c40, 0x0000014c18d49d90]
Event: 30.699 Thread 0x0000014c2e03cee0 7529       3       java.util.Calendar::internalGet (7 bytes)
Event: 30.699 Thread 0x0000014c2e03cee0 nmethod 7529 0x0000014c18d49e10 code [0x0000014c18d49fc0, 0x0000014c18d4a100]
Event: 30.700 Thread 0x0000014c2e037a20 7532       4       java.nio.CharBuffer::position (6 bytes)
Event: 30.700 Thread 0x0000014c2e03cee0 7533       3       java.lang.CharacterDataLatin1::isUpperCase (16 bytes)
Event: 30.701 Thread 0x0000014c2e03cee0 nmethod 7533 0x0000014c18d4a210 code [0x0000014c18d4a3c0, 0x0000014c18d4a5d0]
Event: 30.702 Thread 0x0000014c2e037a20 nmethod 7532 0x0000014c1fbab890 code [0x0000014c1fbaba20, 0x0000014c1fbabb20]
Event: 30.702 Thread 0x0000014c2e037a20 7530       4       java.nio.CharBuffer::<init> (24 bytes)
Event: 30.703 Thread 0x0000014c2e03cee0 7534       1       sun.util.calendar.CalendarDate::getYear (5 bytes)
Event: 30.704 Thread 0x0000014c2e03cee0 nmethod 7534 0x0000014c1fbabc10 code [0x0000014c1fbabda0, 0x0000014c1fbabe68]
Event: 30.704 Thread 0x0000014c2e03cee0 7535       3       java.lang.StringCoding::implEncodeAsciiArray (47 bytes)
Event: 30.704 Thread 0x0000014c2e03cee0 nmethod 7535 0x0000014c18d4a710 code [0x0000014c18d4a8c0, 0x0000014c18d4ab08]
Event: 30.705 Thread 0x0000014c2e03cee0 7537       1       java.util.Calendar::getFirstDayOfWeek (5 bytes)
Event: 30.705 Thread 0x0000014c2e03cee0 nmethod 7537 0x0000014c1fbabf10 code [0x0000014c1fbac0a0, 0x0000014c1fbac168]
Event: 30.705 Thread 0x0000014c2e03cee0 7538       1       java.util.Calendar::getMinimalDaysInFirstWeek (5 bytes)
Event: 30.706 Thread 0x0000014c2e03cee0 nmethod 7538 0x0000014c1fbac210 code [0x0000014c1fbac3a0, 0x0000014c1fbac468]

GC Heap History (14 events):
Event: 1.993 GC heap before
{Heap before GC invocations=0 (full 0):
 garbage-first heap   total 229376K, used 22528K [0x0000000720e00000, 0x0000000800000000)
  region size 2048K, 11 young (22528K), 0 survivors (0K)
 Metaspace       used 5726K, committed 5952K, reserved 1114112K
  class space    used 657K, committed 768K, reserved 1048576K
}
Event: 2.005 GC heap after
{Heap after GC invocations=1 (full 0):
 garbage-first heap   total 229376K, used 4108K [0x0000000720e00000, 0x0000000800000000)
  region size 2048K, 2 young (4096K), 2 survivors (4096K)
 Metaspace       used 5726K, committed 5952K, reserved 1114112K
  class space    used 657K, committed 768K, reserved 1048576K
}
Event: 4.161 GC heap before
{Heap before GC invocations=1 (full 0):
 garbage-first heap   total 229376K, used 34828K [0x0000000720e00000, 0x0000000800000000)
  region size 2048K, 17 young (34816K), 2 survivors (4096K)
 Metaspace       used 10175K, committed 10304K, reserved 1114112K
  class space    used 1204K, committed 1280K, reserved 1048576K
}
Event: 4.168 GC heap after
{Heap after GC invocations=2 (full 0):
 garbage-first heap   total 229376K, used 5599K [0x0000000720e00000, 0x0000000800000000)
  region size 2048K, 1 young (2048K), 1 survivors (2048K)
 Metaspace       used 10175K, committed 10304K, reserved 1114112K
  class space    used 1204K, committed 1280K, reserved 1048576K
}
Event: 12.539 GC heap before
{Heap before GC invocations=2 (full 0):
 garbage-first heap   total 229376K, used 103903K [0x0000000720e00000, 0x0000000800000000)
  region size 2048K, 51 young (104448K), 1 survivors (2048K)
 Metaspace       used 21194K, committed 21504K, reserved 1114112K
  class space    used 2444K, committed 2624K, reserved 1048576K
}
Event: 12.553 GC heap after
{Heap after GC invocations=3 (full 0):
 garbage-first heap   total 229376K, used 13722K [0x0000000720e00000, 0x0000000800000000)
  region size 2048K, 5 young (10240K), 5 survivors (10240K)
 Metaspace       used 21194K, committed 21504K, reserved 1114112K
  class space    used 2444K, committed 2624K, reserved 1048576K
}
Event: 14.928 GC heap before
{Heap before GC invocations=4 (full 0):
 garbage-first heap   total 55296K, used 54682K [0x0000000720e00000, 0x0000000800000000)
  region size 2048K, 25 young (51200K), 5 survivors (10240K)
 Metaspace       used 26256K, committed 26560K, reserved 1114112K
  class space    used 2985K, committed 3136K, reserved 1048576K
}
Event: 14.965 GC heap after
{Heap after GC invocations=5 (full 0):
 garbage-first heap   total 77824K, used 24243K [0x0000000720e00000, 0x0000000800000000)
  region size 2048K, 9 young (18432K), 9 survivors (18432K)
 Metaspace       used 26256K, committed 26560K, reserved 1114112K
  class space    used 2985K, committed 3136K, reserved 1048576K
}
Event: 17.106 GC heap before
{Heap before GC invocations=5 (full 0):
 garbage-first heap   total 77824K, used 50867K [0x0000000720e00000, 0x0000000800000000)
  region size 2048K, 22 young (45056K), 9 survivors (18432K)
 Metaspace       used 27822K, committed 28160K, reserved 1114112K
  class space    used 3166K, committed 3328K, reserved 1048576K
}
Event: 17.137 GC heap after
{Heap after GC invocations=6 (full 0):
 garbage-first heap   total 77824K, used 26624K [0x0000000720e00000, 0x0000000800000000)
  region size 2048K, 1 young (2048K), 1 survivors (2048K)
 Metaspace       used 27822K, committed 28160K, reserved 1114112K
  class space    used 3166K, committed 3328K, reserved 1048576K
}
Event: 19.388 GC heap before
{Heap before GC invocations=6 (full 0):
 garbage-first heap   total 77824K, used 59392K [0x0000000720e00000, 0x0000000800000000)
  region size 2048K, 18 young (36864K), 1 survivors (2048K)
 Metaspace       used 30471K, committed 30976K, reserved 1114112K
  class space    used 3479K, committed 3712K, reserved 1048576K
}
Event: 19.400 GC heap after
{Heap after GC invocations=7 (full 0):
 garbage-first heap   total 77824K, used 28303K [0x0000000720e00000, 0x0000000800000000)
  region size 2048K, 2 young (4096K), 2 survivors (4096K)
 Metaspace       used 30471K, committed 30976K, reserved 1114112K
  class space    used 3479K, committed 3712K, reserved 1048576K
}
Event: 21.735 GC heap before
{Heap before GC invocations=7 (full 0):
 garbage-first heap   total 77824K, used 61071K [0x0000000720e00000, 0x0000000800000000)
  region size 2048K, 19 young (38912K), 2 survivors (4096K)
 Metaspace       used 32144K, committed 32704K, reserved 1114112K
  class space    used 3631K, committed 3904K, reserved 1048576K
}
Event: 21.750 GC heap after
{Heap after GC invocations=8 (full 0):
 garbage-first heap   total 77824K, used 30343K [0x0000000720e00000, 0x0000000800000000)
  region size 2048K, 3 young (6144K), 3 survivors (6144K)
 Metaspace       used 32144K, committed 32704K, reserved 1114112K
  class space    used 3631K, committed 3904K, reserved 1048576K
}

Dll operation events (8 events):
Event: 0.023 Loaded shared library C:\Program Files\Eclipse Adoptium\jdk-21.0.2.13-hotspot\bin\java.dll
Event: 0.101 Loaded shared library C:\Program Files\Eclipse Adoptium\jdk-21.0.2.13-hotspot\bin\jsvml.dll
Event: 0.143 Loaded shared library C:\Program Files\Eclipse Adoptium\jdk-21.0.2.13-hotspot\bin\net.dll
Event: 0.147 Loaded shared library C:\Program Files\Eclipse Adoptium\jdk-21.0.2.13-hotspot\bin\nio.dll
Event: 0.157 Loaded shared library C:\Program Files\Eclipse Adoptium\jdk-21.0.2.13-hotspot\bin\zip.dll
Event: 0.590 Loaded shared library C:\Program Files\Eclipse Adoptium\jdk-21.0.2.13-hotspot\bin\jimage.dll
Event: 0.616 Loaded shared library C:\Users\Cirilo\.m2\wrapper\dists\apache-maven-3.9.6\834f1afe40575b70b4b2527f4b12df8e\lib\jansi-native\Windows\x86_64\jansi.dll
Event: 0.650 Loaded shared library C:\Program Files\Eclipse Adoptium\jdk-21.0.2.13-hotspot\bin\verify.dll

Deoptimization events (20 events):
Event: 23.180 Thread 0x0000014c7525fdc0 Uncommon trap: trap_request=0xffffff45 fr.pc=0x0000014c1f9abc68 relative=0x00000000000000c8
Event: 23.180 Thread 0x0000014c7525fdc0 Uncommon trap: reason=unstable_if action=reinterpret pc=0x0000014c1f9abc68 method=java.lang.String.codePointAt(I)I @ 4 c2
Event: 23.180 Thread 0x0000014c7525fdc0 DEOPT PACKING pc=0x0000014c1f9abc68 sp=0x00000001489ff460
Event: 23.180 Thread 0x0000014c7525fdc0 DEOPT UNPACKING pc=0x0000014c1f2746a2 sp=0x00000001489ff3f8 mode 2
Event: 23.180 Thread 0x0000014c7525fdc0 Uncommon trap: trap_request=0xffffffc6 fr.pc=0x0000014c1f971fc8 relative=0x0000000000000288
Event: 23.180 Thread 0x0000014c7525fdc0 Uncommon trap: reason=bimorphic_or_optimized_type_check action=maybe_recompile pc=0x0000014c1f971fc8 method=java.util.regex.Matcher.getTextLength()I @ 4 c2
Event: 23.180 Thread 0x0000014c7525fdc0 DEOPT PACKING pc=0x0000014c1f971fc8 sp=0x00000001489ff500
Event: 23.180 Thread 0x0000014c7525fdc0 DEOPT UNPACKING pc=0x0000014c1f2746a2 sp=0x00000001489ff430 mode 2
Event: 27.695 Thread 0x0000014c75260ae0 Uncommon trap: trap_request=0xffffff45 fr.pc=0x0000014c1fb6f6e8 relative=0x0000000000000428
Event: 27.695 Thread 0x0000014c75260ae0 Uncommon trap: reason=unstable_if action=reinterpret pc=0x0000014c1fb6f6e8 method=java.lang.Character.isSurrogate(C)Z @ 3 c2
Event: 27.695 Thread 0x0000014c75260ae0 DEOPT PACKING pc=0x0000014c1fb6f6e8 sp=0x00000001488fef10
Event: 27.695 Thread 0x0000014c75260ae0 DEOPT UNPACKING pc=0x0000014c1f2746a2 sp=0x00000001488fee10 mode 2
Event: 27.696 Thread 0x0000014c75260ae0 Uncommon trap: trap_request=0xffffff45 fr.pc=0x0000014c1fa06d54 relative=0x00000000000005f4
Event: 27.696 Thread 0x0000014c75260ae0 Uncommon trap: reason=unstable_if action=reinterpret pc=0x0000014c1fa06d54 method=java.lang.Character.isSurrogate(C)Z @ 3 c2
Event: 27.696 Thread 0x0000014c75260ae0 DEOPT PACKING pc=0x0000014c1fa06d54 sp=0x00000001488feef0
Event: 27.696 Thread 0x0000014c75260ae0 DEOPT UNPACKING pc=0x0000014c1f2746a2 sp=0x00000001488fee10 mode 2
Event: 27.705 Thread 0x0000014c75260450 Uncommon trap: trap_request=0xffffff45 fr.pc=0x0000014c1fa076a8 relative=0x0000000000000268
Event: 27.705 Thread 0x0000014c75260450 Uncommon trap: reason=unstable_if action=reinterpret pc=0x0000014c1fa076a8 method=java.lang.String.getChars(II[CI)V @ 24 c2
Event: 27.705 Thread 0x0000014c75260450 DEOPT PACKING pc=0x0000014c1fa076a8 sp=0x00000001486fede0
Event: 27.705 Thread 0x0000014c75260450 DEOPT UNPACKING pc=0x0000014c1f2746a2 sp=0x00000001486feda0 mode 2

Classes loaded (20 events):
Event: 23.133 Loading class sun/util/logging/internal/LoggingProviderImpl$JULWrapper
Event: 23.133 Loading class sun/util/logging/PlatformLogger$ConfigurableBridge$LoggerConfiguration
Event: 23.133 Loading class sun/util/logging/PlatformLogger$ConfigurableBridge$LoggerConfiguration done
Event: 23.133 Loading class sun/util/logging/internal/LoggingProviderImpl$JULWrapper done
Event: 23.133 Loading class java/lang/System$Logger$Level
Event: 23.134 Loading class java/lang/System$Logger$Level done
Event: 23.136 Loading class java/nio/channels/ClosedChannelException
Event: 23.136 Loading class java/nio/channels/ClosedChannelException done
Event: 23.140 Loading class java/nio/channels/NonReadableChannelException
Event: 23.140 Loading class java/nio/channels/NonReadableChannelException done
Event: 23.142 Loading class java/nio/channels/NonWritableChannelException
Event: 23.143 Loading class java/nio/channels/NonWritableChannelException done
Event: 23.174 Loading class java/util/Scanner
Event: 23.175 Loading class java/util/Scanner done
Event: 23.178 Loading class java/util/Scanner$PatternLRUCache
Event: 23.178 Loading class java/util/Scanner$PatternLRUCache done
Event: 24.431 Loading class java/io/SequenceInputStream
Event: 24.431 Loading class java/io/SequenceInputStream done
Event: 30.696 Loading class java/util/concurrent/atomic/Striped64$1
Event: 30.696 Loading class java/util/concurrent/atomic/Striped64$1 done

Classes unloaded (0 events):
No events

Classes redefined (0 events):
No events

Internal exceptions (20 events):
Event: 19.137 Thread 0x0000014c0d452300 Exception <a 'sun/nio/fs/WindowsException'{0x00000007237c7078}> (0x00000007237c7078) 
thrown [s\src\hotspot\share\prims\jni.cpp, line 520]
Event: 19.137 Thread 0x0000014c0d452300 Exception <a 'sun/nio/fs/WindowsException'{0x00000007237c7798}> (0x00000007237c7798) 
thrown [s\src\hotspot\share\prims\jni.cpp, line 520]
Event: 19.179 Thread 0x0000014c0d452300 Exception <a 'sun/nio/fs/WindowsException'{0x00000007237fb1d8}> (0x00000007237fb1d8) 
thrown [s\src\hotspot\share\prims\jni.cpp, line 520]
Event: 19.180 Thread 0x0000014c0d452300 Exception <a 'sun/nio/fs/WindowsException'{0x00000007237fb888}> (0x00000007237fb888) 
thrown [s\src\hotspot\share\prims\jni.cpp, line 520]
Event: 19.180 Thread 0x0000014c0d452300 Exception <a 'sun/nio/fs/WindowsException'{0x00000007237fc078}> (0x00000007237fc078) 
thrown [s\src\hotspot\share\prims\jni.cpp, line 520]
Event: 20.523 Thread 0x0000014c0d452300 Exception <a 'java/lang/NoClassDefFoundError'{0x00000007246c2150}: org/sonatype/aether/artifact/Artifact> (0x00000007246c2150) 
thrown [s\src\hotspot\share\classfile\systemDictionary.cpp, line 301]
Event: 20.525 Thread 0x0000014c0d452300 Exception <a 'java/lang/NoClassDefFoundError'{0x00000007246d0220}: org/sonatype/aether/artifact/Artifact> (0x00000007246d0220) 
thrown [s\src\hotspot\share\classfile\systemDictionary.cpp, line 301]
Event: 20.554 Thread 0x0000014c0d452300 Exception <a 'java/lang/NoClassDefFoundError'{0x00000007246e6a90}: org/sonatype/aether/artifact/Artifact> (0x00000007246e6a90) 
thrown [s\src\hotspot\share\classfile\systemDictionary.cpp, line 301]
Event: 20.580 Thread 0x0000014c0d452300 Exception <a 'java/lang/NoClassDefFoundError'{0x0000000724703958}: org/sonatype/aether/artifact/ArtifactType> (0x0000000724703958) 
thrown [s\src\hotspot\share\classfile\systemDictionary.cpp, line 301]
Event: 20.585 Thread 0x0000014c0d452300 Exception <a 'java/lang/NoClassDefFoundError'{0x000000072471d1c0}: org/sonatype/aether/installation/InstallationException> (0x000000072471d1c0) 
thrown [s\src\hotspot\share\classfile\systemDictionary.cpp, line 301]
Event: 20.589 Thread 0x0000014c0d452300 Exception <a 'java/lang/NoClassDefFoundError'{0x00000007247283e0}: org/sonatype/aether/resolution/ArtifactDescriptorException> (0x00000007247283e0) 
thrown [s\src\hotspot\share\classfile\systemDictionary.cpp, line 301]
Event: 20.603 Thread 0x0000014c0d452300 Exception <a 'java/lang/NoClassDefFoundError'{0x000000072476b818}: org/sonatype/aether/deployment/DeploymentException> (0x000000072476b818) 
thrown [s\src\hotspot\share\classfile\systemDictionary.cpp, line 301]
Event: 20.692 Thread 0x0000014c2e8d7660 Exception <a 'java/lang/NoSuchMethodError'{0x00000007244df018}: 'java.lang.Object java.lang.invoke.DirectMethodHandle$Holder.invokeStatic(java.lang.Object, long, java.lang.Object)'> (0x00000007244df018) 
thrown [s\src\hotspot\share\interpreter\linkResolver.cpp, line 773]
Event: 20.694 Thread 0x0000014c2e8d7660 Exception <a 'java/lang/NoSuchMethodError'{0x00000007244e23c0}: 'java.lang.Object java.lang.invoke.DirectMethodHandle$Holder.invokeStaticInit(java.lang.Object, long, java.lang.Object)'> (0x00000007244e23c0) 
thrown [s\src\hotspot\share\interpreter\linkResolver.cpp, line 773]
Event: 20.695 Thread 0x0000014c2e8d7660 Exception <a 'java/lang/NoSuchMethodError'{0x00000007244e77b8}: 'java.lang.Object java.lang.invoke.DirectMethodHandle$Holder.newInvokeSpecial(java.lang.Object, long)'> (0x00000007244e77b8) 
thrown [s\src\hotspot\share\interpreter\linkResolver.cpp, line 773]
Event: 20.699 Thread 0x0000014c2e8d7660 Exception <a 'java/lang/NoSuchMethodError'{0x00000007244ebf40}: 'long java.lang.invoke.DirectMethodHandle$Holder.invokeInterface(java.lang.Object, java.lang.Object)'> (0x00000007244ebf40) 
thrown [s\src\hotspot\share\interpreter\linkResolver.cpp, line 773]
Event: 20.700 Thread 0x0000014c2e8d7660 Exception <a 'java/lang/NoSuchMethodError'{0x00000007244ef3f8}: 'long java.lang.invoke.DelegatingMethodHandle$Holder.reinvoke_L(java.lang.Object, java.lang.Object)'> (0x00000007244ef3f8) 
thrown [s\src\hotspot\share\interpreter\linkResolver.cpp, line 773]
Event: 20.860 Thread 0x0000014c0d452300 Exception <a 'java/lang/NoSuchMethodError'{0x000000072409a868}: 'java.lang.Object java.lang.invoke.DirectMethodHandle$Holder.invokeStaticInit(java.lang.Object, java.lang.Object, int, int, int, int)'> (0x000000072409a868) 
thrown [s\src\hotspot\share\interpreter\linkResolver.cpp, line 773]
Event: 21.013 Thread 0x0000014c0d452300 Exception <a 'java/lang/NoSuchMethodError'{0x0000000723f00298}: 'int java.lang.invoke.DirectMethodHandle$Holder.invokeSpecialIFC(java.lang.Object, java.lang.Object, java.lang.Object, java.lang.Object)'> (0x0000000723f00298) 
thrown [s\src\hotspot\share\interpreter\linkResolver.cpp, line 773]
Event: 23.116 Thread 0x0000014c0d452300 Exception <a 'java/lang/NoSuchMethodError'{0x0000000724210110}: 'void java.lang.invoke.DirectMethodHandle$Holder.invokeStatic(java.lang.Object, long)'> (0x0000000724210110) 
thrown [s\src\hotspot\share\interpreter\linkResolver.cpp, line 773]

ZGC Phase Switch (0 events):
No events

VM Operations (20 events):
Event: 21.735 Executing VM operation: G1CollectForAllocation (G1 Evacuation Pause)
Event: 21.750 Executing VM operation: G1CollectForAllocation (G1 Evacuation Pause) done
Event: 22.764 Executing VM operation: Cleanup
Event: 22.764 Executing VM operation: Cleanup done
Event: 22.842 Executing VM operation: HandshakeAllThreads (Deoptimize)
Event: 22.859 Executing VM operation: HandshakeAllThreads (Deoptimize) done
Event: 22.975 Executing VM operation: HandshakeAllThreads (Deoptimize)
Event: 22.975 Executing VM operation: HandshakeAllThreads (Deoptimize) done
Event: 22.981 Executing VM operation: HandshakeAllThreads (Deoptimize)
Event: 22.981 Executing VM operation: HandshakeAllThreads (Deoptimize) done
Event: 22.983 Executing VM operation: HandshakeAllThreads (Deoptimize)
Event: 22.999 Executing VM operation: HandshakeAllThreads (Deoptimize) done
Event: 23.119 Executing VM operation: HandshakeAllThreads (Deoptimize)
Event: 23.119 Executing VM operation: HandshakeAllThreads (Deoptimize) done
Event: 24.121 Executing VM operation: Cleanup
Event: 24.121 Executing VM operation: Cleanup done
Event: 25.132 Executing VM operation: Cleanup
Event: 25.132 Executing VM operation: Cleanup done
Event: 28.168 Executing VM operation: Cleanup
Event: 28.168 Executing VM operation: Cleanup done

Events (20 events):
Event: 13.122 Thread 0x0000014c2e03d5b0 Thread exited: 0x0000014c2e03d5b0
Event: 13.359 Thread 0x0000014c2e03d5b0 Thread added: 0x0000014c2e03d5b0
Event: 16.266 Thread 0x0000014c2e03d5b0 Thread exited: 0x0000014c2e03d5b0
Event: 18.669 Thread 0x0000014c2e03d5b0 Thread added: 0x0000014c2e03d5b0
Event: 20.136 Thread 0x0000014c2e03d5b0 Thread exited: 0x0000014c2e03d5b0
Event: 20.658 Thread 0x0000014c2e8d7660 Thread added: 0x0000014c2e8d7660
Event: 20.697 Thread 0x0000014c2e03c140 Thread added: 0x0000014c2e03c140
Event: 20.705 Thread 0x0000014c2e8d7660 Thread exited: 0x0000014c2e8d7660
Event: 21.203 Thread 0x0000014c2e03c140 Thread exited: 0x0000014c2e03c140
Event: 21.680 Thread 0x0000014c74f72d20 Thread added: 0x0000014c74f72d20
Event: 21.680 Thread 0x0000014c758c90f0 Thread added: 0x0000014c758c90f0
Event: 21.682 Thread 0x0000014c76568050 Thread added: 0x0000014c76568050
Event: 21.682 Thread 0x0000014c765686c0 Thread added: 0x0000014c765686c0
Event: 22.723 Thread 0x0000014c2ea81d20 Thread added: 0x0000014c2ea81d20
Event: 22.825 Thread 0x0000014c7547ba30 Thread added: 0x0000014c7547ba30
Event: 22.839 Thread 0x0000014c7525e380 Thread added: 0x0000014c7525e380
Event: 23.076 Thread 0x0000014c75260450 Thread added: 0x0000014c75260450
Event: 23.145 Thread 0x0000014c7525f730 Thread added: 0x0000014c7525f730
Event: 23.169 Thread 0x0000014c75260ae0 Thread added: 0x0000014c75260ae0
Event: 23.172 Thread 0x0000014c7525fdc0 Thread added: 0x0000014c7525fdc0


Dynamic libraries:
0x00007ff786d30000 - 0x00007ff786d3e000 	C:\Program Files\Eclipse Adoptium\jdk-21.0.2.13-hotspot\bin\java.exe
0x00007ffb90710000 - 0x00007ffb90927000 	C:\Windows\SYSTEM32\ntdll.dll
0x00007ffb8f5e0000 - 0x00007ffb8f6a4000 	C:\Windows\System32\KERNEL32.DLL
0x00007ffb8dc30000 - 0x00007ffb8dfe7000 	C:\Windows\System32\KERNELBASE.dll
0x00007ffb8e090000 - 0x00007ffb8e1a1000 	C:\Windows\System32\ucrtbase.dll
0x00007ffb89200000 - 0x00007ffb8921b000 	C:\Program Files\Eclipse Adoptium\jdk-21.0.2.13-hotspot\bin\VCRUNTIME140.dll
0x00007ffb88920000 - 0x00007ffb88938000 	C:\Program Files\Eclipse Adoptium\jdk-21.0.2.13-hotspot\bin\jli.dll
0x00007ffb8f0b0000 - 0x00007ffb8f25f000 	C:\Windows\System32\USER32.dll
0x00007ffb7b540000 - 0x00007ffb7b7d3000 	C:\Windows\WinSxS\amd64_microsoft.windows.common-controls_6595b64144ccf1df_6.0.22621.3672_none_2713b9d173822955\COMCTL32.dll
0x00007ffb8dc00000 - 0x00007ffb8dc26000 	C:\Windows\System32\win32u.dll
0x00007ffb90140000 - 0x00007ffb901e7000 	C:\Windows\System32\msvcrt.dll
0x00007ffb90590000 - 0x00007ffb905b9000 	C:\Windows\System32\GDI32.dll
0x00007ffb8e320000 - 0x00007ffb8e438000 	C:\Windows\System32\gdi32full.dll
0x00007ffb8dff0000 - 0x00007ffb8e08a000 	C:\Windows\System32\msvcp_win.dll
0x00007ffb8efe0000 - 0x00007ffb8f011000 	C:\Windows\System32\IMM32.DLL
0x00007ffb88910000 - 0x00007ffb8891c000 	C:\Program Files\Eclipse Adoptium\jdk-21.0.2.13-hotspot\bin\vcruntime140_1.dll
0x00007ffb88880000 - 0x00007ffb8890e000 	C:\Program Files\Eclipse Adoptium\jdk-21.0.2.13-hotspot\bin\msvcp140.dll
0x00007ffafd630000 - 0x00007ffafe3b3000 	C:\Program Files\Eclipse Adoptium\jdk-21.0.2.13-hotspot\bin\server\jvm.dll
0x00007ffb8ea50000 - 0x00007ffb8eb02000 	C:\Windows\System32\ADVAPI32.dll
0x00007ffb8e440000 - 0x00007ffb8e4e8000 	C:\Windows\System32\sechost.dll
0x00007ffb8e1b0000 - 0x00007ffb8e1d8000 	C:\Windows\System32\bcrypt.dll
0x00007ffb8f4a0000 - 0x00007ffb8f5b4000 	C:\Windows\System32\RPCRT4.dll
0x00007ffb8ff30000 - 0x00007ffb8ffa1000 	C:\Windows\System32\WS2_32.dll
0x00007ffb88540000 - 0x00007ffb88574000 	C:\Windows\SYSTEM32\WINMM.dll
0x00007ffb8c890000 - 0x00007ffb8c8dd000 	C:\Windows\SYSTEM32\POWRPROF.dll
0x00007ffb842c0000 - 0x00007ffb842ca000 	C:\Windows\SYSTEM32\VERSION.dll
0x00007ffb8c870000 - 0x00007ffb8c883000 	C:\Windows\SYSTEM32\UMPDC.dll
0x00007ffb8cb20000 - 0x00007ffb8cb38000 	C:\Windows\SYSTEM32\kernel.appcore.dll
0x00007ffb88870000 - 0x00007ffb8887a000 	C:\Program Files\Eclipse Adoptium\jdk-21.0.2.13-hotspot\bin\jimage.dll
0x00007ffb83480000 - 0x00007ffb836b2000 	C:\Windows\SYSTEM32\DBGHELP.DLL
0x00007ffb8e4f0000 - 0x00007ffb8e87e000 	C:\Windows\System32\combase.dll
0x00007ffb904b0000 - 0x00007ffb90587000 	C:\Windows\System32\OLEAUT32.dll
0x00007ffb73f30000 - 0x00007ffb73f62000 	C:\Windows\SYSTEM32\dbgcore.DLL
0x00007ffb8e1e0000 - 0x00007ffb8e25b000 	C:\Windows\System32\bcryptPrimitives.dll
0x00007ffb88850000 - 0x00007ffb8886f000 	C:\Program Files\Eclipse Adoptium\jdk-21.0.2.13-hotspot\bin\java.dll
0x00007ffb8f6c0000 - 0x00007ffb8ff29000 	C:\Windows\System32\SHELL32.dll
0x00007ffb8b950000 - 0x00007ffb8c24f000 	C:\Windows\SYSTEM32\windows.storage.dll
0x00007ffb8b810000 - 0x00007ffb8b94f000 	C:\Windows\SYSTEM32\wintypes.dll
0x00007ffb8e8f0000 - 0x00007ffb8e9e9000 	C:\Windows\System32\SHCORE.dll
0x00007ffb8e890000 - 0x00007ffb8e8ee000 	C:\Windows\System32\shlwapi.dll
0x00007ffb8d950000 - 0x00007ffb8d977000 	C:\Windows\SYSTEM32\profapi.dll
0x00007ffb2c5d0000 - 0x00007ffb2c6a7000 	C:\Program Files\Eclipse Adoptium\jdk-21.0.2.13-hotspot\bin\jsvml.dll
0x00007ffb7ba10000 - 0x00007ffb7ba20000 	C:\Program Files\Eclipse Adoptium\jdk-21.0.2.13-hotspot\bin\net.dll
0x00007ffb88ce0000 - 0x00007ffb88e16000 	C:\Windows\SYSTEM32\WINHTTP.dll
0x00007ffb8cf90000 - 0x00007ffb8cff9000 	C:\Windows\system32\mswsock.dll
0x00007ffb76b20000 - 0x00007ffb76b36000 	C:\Program Files\Eclipse Adoptium\jdk-21.0.2.13-hotspot\bin\nio.dll
0x00007ffb72e10000 - 0x00007ffb72e28000 	C:\Program Files\Eclipse Adoptium\jdk-21.0.2.13-hotspot\bin\zip.dll
0x0000000069ac0000 - 0x0000000069ae4000 	C:\Users\Cirilo\.m2\wrapper\dists\apache-maven-3.9.6\834f1afe40575b70b4b2527f4b12df8e\lib\jansi-native\Windows\x86_64\jansi.dll
0x00007ffb88830000 - 0x00007ffb88840000 	C:\Program Files\Eclipse Adoptium\jdk-21.0.2.13-hotspot\bin\verify.dll
0x00007ffb8cc40000 - 0x00007ffb8cc74000 	C:\Windows\SYSTEM32\ntmarta.dll
0x00007ffb8d200000 - 0x00007ffb8d21b000 	C:\Windows\SYSTEM32\CRYPTSP.dll
0x00007ffb8ca80000 - 0x00007ffb8cab5000 	C:\Windows\system32\rsaenh.dll
0x00007ffb8d070000 - 0x00007ffb8d098000 	C:\Windows\SYSTEM32\USERENV.dll
0x00007ffb8d220000 - 0x00007ffb8d22c000 	C:\Windows\SYSTEM32\CRYPTBASE.dll
0x00007ffb8c520000 - 0x00007ffb8c54d000 	C:\Windows\SYSTEM32\IPHLPAPI.DLL
0x00007ffb8f6b0000 - 0x00007ffb8f6b9000 	C:\Windows\System32\NSI.dll

dbghelp: loaded successfully - version: 4.0.5 - missing functions: none
symbol engine: initialized successfully - sym options: 0x614 - pdb path: .;C:\Program Files\Eclipse Adoptium\jdk-21.0.2.13-hotspot\bin;C:\Windows\SYSTEM32;C:\Windows\WinSxS\amd64_microsoft.windows.common-controls_6595b64144ccf1df_6.0.22621.3672_none_2713b9d173822955;C:\Program Files\Eclipse Adoptium\jdk-21.0.2.13-hotspot\bin\server;C:\Users\Cirilo\.m2\wrapper\dists\apache-maven-3.9.6\834f1afe40575b70b4b2527f4b12df8e\lib\jansi-native\Windows\x86_64

VM Arguments:
jvm_args: -Dclassworlds.conf=C:\Users\Cirilo\.m2\wrapper\dists\apache-maven-3.9.6\834f1afe40575b70b4b2527f4b12df8e\bin\m2.conf -Dmaven.home=C:\Users\Cirilo\.m2\wrapper\dists\apache-maven-3.9.6\834f1afe40575b70b4b2527f4b12df8e -Dlibrary.jansi.path=C:\Users\Cirilo\.m2\wrapper\dists\apache-maven-3.9.6\834f1afe40575b70b4b2527f4b12df8e\lib\jansi-native -Dmaven.multiModuleProjectDirectory=C:\Users\Cirilo\Documents\testes-automatizados 
java_command: org.codehaus.plexus.classworlds.launcher.Launcher test
java_class_path (initial): C:\Users\Cirilo\.m2\wrapper\dists\apache-maven-3.9.6\834f1afe40575b70b4b2527f4b12df8e\boot\plexus-classworlds-2.7.0.jar
Launcher Type: SUN_STANDARD

[Global flags]
     intx CICompilerCount                          = 4                                         {product} {ergonomic}
     uint ConcGCThreads                            = 2                                         {product} {ergonomic}
     uint G1ConcRefinementThreads                  = 8                                         {product} {ergonomic}
   size_t G1HeapRegionSize                         = 2097152                                   {product} {ergonomic}
    uintx GCDrainStackTargetSize                   = 64                                        {product} {ergonomic}
   size_t InitialHeapSize                          = 234881024                                 {product} {ergonomic}
   size_t MarkStackSize                            = 4194304                                   {product} {ergonomic}
   size_t MaxHeapSize                              = 3743416320                                {product} {ergonomic}
   size_t MaxNewSize                               = 2246049792                                {product} {ergonomic}
   size_t MinHeapDeltaBytes                        = 2097152                                   {product} {ergonomic}
   size_t MinHeapSize                              = 8388608                                   {product} {ergonomic}
    uintx NonNMethodCodeHeapSize                   = 5839372                                {pd product} {ergonomic}
    uintx NonProfiledCodeHeapSize                  = 122909434                              {pd product} {ergonomic}
    uintx ProfiledCodeHeapSize                     = 122909434                              {pd product} {ergonomic}
    uintx ReservedCodeCacheSize                    = 251658240                              {pd product} {ergonomic}
     bool SegmentedCodeCache                       = true                                      {product} {ergonomic}
   size_t SoftMaxHeapSize                          = 3743416320                             {manageable} {ergonomic}
     bool UseCompressedOops                        = true                           {product lp64_product} {ergonomic}
     bool UseG1GC                                  = true                                      {product} {ergonomic}
     bool UseLargePagesIndividualAllocation        = false                                  {pd product} {ergonomic}

Logging:
Log output configuration:
 #0: stdout all=warning uptime,level,tags foldmultilines=false
 #1: stderr all=off uptime,level,tags foldmultilines=false

Environment Variables:
JAVA_HOME=C:\Program Files\Eclipse Adoptium\jdk-21.0.2.13-hotspot\
PATH=C:\Program Files\Eclipse Adoptium\jdk-21.0.2.13-hotspot\bin;C:\Windows\system32;C:\Windows;C:\Windows\System32\Wbem;C:\Windows\System32\WindowsPowerShell\v1.0\;C:\Windows\System32\OpenSSH\;C:\Program Files\Git\cmd;C:\Program Files\Docker\Docker\resources\bin;C:\Program Files\nodejs\;C:\Program Files\NVIDIA Corporation\NVIDIA NvDLISR;C:\Users\Cirilo\Downloads\apache-maven-3.9.6\bin;C:\Program Files\dotnet\;C:\Program Files\Microsoft SQL Server\150\Tools\Binn\;C:\Program Files\Microsoft SQL Server\Client SDK\ODBC\170\Tools\Binn\;C:\Program Files\GitHub CLI\;C:\Program Files (x86)\NVIDIA Corporation\PhysX\Common;C:\ProgramData\chocolatey\bin;C:\Program Files\PuTTY\;C:\Users\Cirilo\AppData\Local\Microsoft\WindowsApps;C:\Users\Cirilo\AppData\Local\GitHubDesktop\bin;C:\Users\Cirilo\AppData\Local\Programs\Microsoft VS Code\bin;C:\Users\Cirilo\AppData\Roaming\npm;C:\Users\Cirilo\.dotnet\tools
USERNAME=Cirilo
OS=Windows_NT
PROCESSOR_IDENTIFIER=AMD64 Family 23 Model 24 Stepping 1, AuthenticAMD
TMP=C:\Users\Cirilo\AppData\Local\Temp
TEMP=C:\Users\Cirilo\AppData\Local\Temp




Periodic native trim disabled

---------------  S Y S T E M  ---------------

OS:
 Windows 11 , 64 bit Build 22621 (10.0.22621.3958)
OS uptime: 16 days 13:38 hours
Hyper-V role detected

CPU: total 8 (initial active 8) (8 cores per cpu, 2 threads per core) family 23 model 24 stepping 1 microcode 0x0, cx8, cmov, fxsr, ht, mmx, 3dnowpref, sse, sse2, sse3, ssse3, sse4a, sse4.1, sse4.2, popcnt, lzcnt, tsc, tscinvbit, avx, avx2, aes, clmul, bmi1, bmi2, adx, sha, fma, vzeroupper, clflush, clflushopt, hv, rdtscp, f16c
Processor Information for all 8 processors :
  Max Mhz: 2100, Current Mhz: 2100, Mhz Limit: 2100

Memory: 4k page, system-wide physical 14274M (470M free)
TotalPageFile size 57282M (AvailPageFile size 180M)
current process WorkingSet (physical memory assigned to process): 200M, peak: 243M
current process commit charge ("private bytes"): 232M, peak: 362M

vm_info: OpenJDK 64-Bit Server VM (21.0.2+13-LTS) for windows-amd64 JRE (21.0.2+13-LTS), built on 2024-01-16T00:00:00Z by "admin" with unknown MS VC++:1937

END.
